======================================================================================================================
DESCRIPTION:

MB-55441: Validate DCP StreamRequest flags

The flags for DCP StreamRequest were inadvertently not validated -
unsupported flags were simply ignored. This makes it hard for clients
to correctly turn on new functionality - they get no signal from a
downlevel server if they request a feature the server doesn't support.

Use the same validation code as for DCP AddStream, as they share
flags.

Change-Id: Ibd2e610abb7bfffe6e7e2cc189a41f870784459e

======================================================================================================================
COMMENTS
======================================================================================================================
Author: Dave Rigby
Date: 2023-02-20 13:31:52.000000000
Message: 
Uploaded patch set 1.
----------------------------------------------------------------------------------------------------------------------
Author: Restriction Checker
Date: 2023-02-20 13:32:09.000000000
Message: 
Patch Set 1: Well-Formed+1

Permission granted to commit: 

https://server.jenkins.couchbase.com/job/restricted-branch-check/338929/artifact/restricted.html : SUCCESS
----------------------------------------------------------------------------------------------------------------------
Author: Build Bot
Date: 2023-02-20 14:22:12.000000000
Message: 
Patch Set 1: Verified-1

Build Failed 

https://cv.jenkins.couchbase.com/job/kv_engine-windows-neo/1477/ : FAILURE

Failure of an engine_testapp test:

<pre>
Running [106/160]: test async vbucket destroy (multitable)...(50 ms) OK


99% tests passed, 1 tests failed out of 434

Total Test time (real) = 816.06 sec

The following tests FAIL
</pre>
 ( https://cv.jenkins.couchbase.com/job/kv_engine-windows-neo/1477/ )

Timeout of a CTest test 434/434 Test #284: ep_testsuite.value_eviction.comp_active .......................................................................................} ( https://cv.jenkins.couchbase.com/job/kv_engine-windows-neo/1477/ )

https://cv.jenkins.couchbase.com/job/kv_engine.linux/job/neo/1243/ : FAILURE

Timeout of a CTest test [2023-02-20T14:16:04.253Z]   4/454 Test #218: ep-engine_ep_unit_tests.NexusBackends/DurabilityEPBucketTest ................................................} ( https://cv.jenkins.couchbase.com/job/kv_engine.linux/job/neo/1243/ )

https://cv.jenkins.couchbase.com/job/kv_engine-clang_tidy-neo/1225/ : SUCCESS

https://cv.jenkins.couchbase.com/job/kv_engine-clang_analyzer-neo/1185/ : SUCCESS

https://cv.jenkins.couchbase.com/job/kv_engine-clang_format_9/22862/ : SUCCESS

https://cv.jenkins.couchbase.com/job/kv_engine.libFuzzer/job/neo/1216/ : SUCCESS

https://cv.jenkins.couchbase.com/job/kv_engine.aarch64-linux/job/neo/1256/ : SUCCESS

https://cv.jenkins.couchbase.com/job/kv_engine.macos/job/neo/1589/ : SUCCESS

https://cv.jenkins.couchbase.com/job/kv_engine.ASan-UBSan/job/neo/1246/ : SUCCESS

https://cv.jenkins.couchbase.com/job/kv_engine.threadsanitizer/job/neo/1251/ : SUCCESS

https://cv.jenkins.couchbase.com/job/kv_engine.linux-CE/job/neo/1254/ : SUCCESS
----------------------------------------------------------------------------------------------------------------------
Author: Build Bot
Date: 2023-02-20 15:22:56.000000000
Message: 
Patch Set 1:

Build Failed 

https://cv.jenkins.couchbase.com/job/kv_engine-windows-neo/1480/ : FAILURE

Failure of GoogleTest "AllBucketTypes/DurabilityPassiveStreamTest.MB_41024_PrepareAtSnapEndWithMemoryPressure/persistent_magma_full_eviction":

<pre>
[ RUN      ] AllBucketTypes/DurabilityPassiveStreamTest.MB_41024_PrepareAtSnapEndWithMemoryPressure/persistent_magma_full_eviction
2023-02-20T06:46:00.088846-08:00 CRITICAL (SynchronousEPEngine:default) MagmaKVStore Magma open failed. Status:InternalError: Failed to rename \\?\C:\Jenkins\workspace\kv_engine-windows-neo\build\kv_engine\ep_engine_ep_unit_tests.db\test.329002\magma.1\config.json.tmp to \\?\C:\Jenkins\workspace\kv_engine-windows-neo\build\kv_engine\ep_engine_ep_unit_tests.db\test.329002\magma.1\config.json
unknown file: error: C++ exception with description "MagmaKVStore Magma open failed. Status:InternalError: Failed to rename \\?\C:\Jenkins\workspace\kv_engine-windows-neo\build\kv_engine\ep_engine_ep_unit_tests.db\test.329002\magma.1\config.json.tmp to \\?\C:\Jenkins\workspace\kv_engine-windows-neo\build\kv_engine\ep_engine_ep_unit_tests.db\test.329002\magma.1\config.json" thrown in SetUp().
unknown file: error: SEH exception with code 0xc0000005 thrown in TearDown().
[  FAILED  ] AllBucketTypes/DurabilityPassiveStreamTest.MB_41024_PrepareAtSnapEndWithMemoryPressure/persistent_magma_full_eviction, where GetParam() = "bucket_type=persistent:backend=magma:item_eviction_policy=full_eviction" (31 ms)
AllBucketTypes/DurabilityPassiveStreamTest.MB_41024_PrepareAtSnapEndWithMemoryPressure/persistent_magma_full_eviction
</pre>
 ( https://cv.jenkins.couchbase.com/job/kv_engine-windows-neo/1480/ )

https://cv.jenkins.couchbase.com/job/kv_engine-clang_tidy-neo/1225/ : SUCCESS

https://cv.jenkins.couchbase.com/job/kv_engine-clang_analyzer-neo/1185/ : SUCCESS

https://cv.jenkins.couchbase.com/job/kv_engine-clang_format_9/22862/ : SUCCESS

https://cv.jenkins.couchbase.com/job/kv_engine.libFuzzer/job/neo/1216/ : SUCCESS

https://cv.jenkins.couchbase.com/job/kv_engine.linux/job/neo/1244/ : SUCCESS

https://cv.jenkins.couchbase.com/job/kv_engine.aarch64-linux/job/neo/1256/ : SUCCESS

https://cv.jenkins.couchbase.com/job/kv_engine.macos/job/neo/1589/ : SUCCESS

https://cv.jenkins.couchbase.com/job/kv_engine.ASan-UBSan/job/neo/1246/ : SUCCESS

https://cv.jenkins.couchbase.com/job/kv_engine.threadsanitizer/job/neo/1251/ : SUCCESS

https://cv.jenkins.couchbase.com/job/kv_engine.linux-CE/job/neo/1254/ : SUCCESS
----------------------------------------------------------------------------------------------------------------------
Author: Build Bot
Date: 2023-02-20 16:01:36.000000000
Message: 
Patch Set 1:

Build Failed 

https://cv.jenkins.couchbase.com/job/kv_engine-windows-neo/1481/ : FAILURE

Failure of an engine_testapp test:

<pre>
Running [87/160]: vbucket replace (replica)...(64 ms) OK


99% tests passed, 3 tests failed out of 434

Total Test time (real) = 720.92 sec

The following tests FAIL
</pre>
 ( https://cv.jenkins.couchbase.com/job/kv_engine-windows-neo/1481/ )

Timeout of a CTest test 432/434 Test #316: ep_testsuite_xdcr.value_eviction.comp_active ..................................................................................} ( https://cv.jenkins.couchbase.com/job/kv_engine-windows-neo/1481/ )

https://cv.jenkins.couchbase.com/job/kv_engine-clang_tidy-neo/1225/ : SUCCESS

https://cv.jenkins.couchbase.com/job/kv_engine-clang_analyzer-neo/1185/ : SUCCESS

https://cv.jenkins.couchbase.com/job/kv_engine-clang_format_9/22862/ : SUCCESS

https://cv.jenkins.couchbase.com/job/kv_engine.libFuzzer/job/neo/1216/ : SUCCESS

https://cv.jenkins.couchbase.com/job/kv_engine.linux/job/neo/1244/ : SUCCESS

https://cv.jenkins.couchbase.com/job/kv_engine.aarch64-linux/job/neo/1256/ : SUCCESS

https://cv.jenkins.couchbase.com/job/kv_engine.macos/job/neo/1589/ : SUCCESS

https://cv.jenkins.couchbase.com/job/kv_engine.ASan-UBSan/job/neo/1246/ : SUCCESS

https://cv.jenkins.couchbase.com/job/kv_engine.threadsanitizer/job/neo/1251/ : SUCCESS

https://cv.jenkins.couchbase.com/job/kv_engine.linux-CE/job/neo/1254/ : SUCCESS
----------------------------------------------------------------------------------------------------------------------
Author: Build Bot
Date: 2023-02-20 16:42:42.000000000
Message: 
Patch Set 1:

Build Failed 

https://cv.jenkins.couchbase.com/job/kv_engine-windows-neo/1483/ : FAILURE

Failure of an engine_testapp test:

<pre>
Running [19/44]: set_with_meta race with concurrent set...(85 ms) OK


99% tests passed, 2 tests failed out of 434

Total Test time (real) = 318.72 sec

The following tests FAIL
</pre>
 ( https://cv.jenkins.couchbase.com/job/kv_engine-windows-neo/1483/ )

Timeout of a CTest test 433/434 Test  #76: ep-engine_ep_unit_tests.ExecutorPoolTest/class FollyExecutorPool ..............................................................} ( https://cv.jenkins.couchbase.com/job/kv_engine-windows-neo/1483/ )

https://cv.jenkins.couchbase.com/job/kv_engine-clang_tidy-neo/1225/ : SUCCESS

https://cv.jenkins.couchbase.com/job/kv_engine-clang_analyzer-neo/1185/ : SUCCESS

https://cv.jenkins.couchbase.com/job/kv_engine-clang_format_9/22862/ : SUCCESS

https://cv.jenkins.couchbase.com/job/kv_engine.libFuzzer/job/neo/1216/ : SUCCESS

https://cv.jenkins.couchbase.com/job/kv_engine.linux/job/neo/1244/ : SUCCESS

https://cv.jenkins.couchbase.com/job/kv_engine.aarch64-linux/job/neo/1256/ : SUCCESS

https://cv.jenkins.couchbase.com/job/kv_engine.macos/job/neo/1589/ : SUCCESS

https://cv.jenkins.couchbase.com/job/kv_engine.ASan-UBSan/job/neo/1246/ : SUCCESS

https://cv.jenkins.couchbase.com/job/kv_engine.threadsanitizer/job/neo/1251/ : SUCCESS

https://cv.jenkins.couchbase.com/job/kv_engine.linux-CE/job/neo/1254/ : SUCCESS
----------------------------------------------------------------------------------------------------------------------
Author: Build Bot
Date: 2023-02-21 09:44:39.000000000
Message: 
Patch Set 1: Verified+1

Build Successful 

https://cv.jenkins.couchbase.com/job/kv_engine-clang_tidy-neo/1225/ : SUCCESS

https://cv.jenkins.couchbase.com/job/kv_engine-clang_analyzer-neo/1185/ : SUCCESS

https://cv.jenkins.couchbase.com/job/kv_engine-clang_format_9/22862/ : SUCCESS

https://cv.jenkins.couchbase.com/job/kv_engine.libFuzzer/job/neo/1216/ : SUCCESS

https://cv.jenkins.couchbase.com/job/kv_engine.linux/job/neo/1244/ : SUCCESS

https://cv.jenkins.couchbase.com/job/kv_engine.aarch64-linux/job/neo/1256/ : SUCCESS

https://cv.jenkins.couchbase.com/job/kv_engine.macos/job/neo/1589/ : SUCCESS

https://cv.jenkins.couchbase.com/job/kv_engine.ASan-UBSan/job/neo/1246/ : SUCCESS

https://cv.jenkins.couchbase.com/job/kv_engine.threadsanitizer/job/neo/1251/ : SUCCESS

https://cv.jenkins.couchbase.com/job/kv_engine.linux-CE/job/neo/1254/ : SUCCESS

https://cv.jenkins.couchbase.com/job/kv_engine-windows-neo/1488/ : SUCCESS
----------------------------------------------------------------------------------------------------------------------
Author: Trond Norbye
Date: 2023-02-21 09:52:19.000000000
Message: 
Patch Set 1: Code-Review+2
----------------------------------------------------------------------------------------------------------------------
