======================================================================================================================
DESCRIPTION:

MB-50310: Add a DCP stream from latest feature

A client may have the need to just start streaming from the current
server state, no need to obtain all historical data. A client could
discover vbucket high-seqno to do this with a stat or get-vb-seqnos
command, but to save on those extra round-trips provide a direct
way to stream from "now".

This is implemented similarly to the existing stream-to "now" feature
that is enabled by setting the correct flag on stream request.

When a client specifies the stream-from-latest flag (flag 0x40) the
following stream-request parameters are ignored

* start-seqno
* snap-start, snap-end
* vbucket-uuid

These values are then set as follows.

start-seqno = snap-start = snap-end = current high-seqno
vbucket-uuid = current vb-uuid

The client's stream-request will return the failover table (so they
can then resume if required) and the stream will begin at the next
change to the vbucket.

Change-Id: I76ddedd7f7c856d38963cdf8d7bfe985a119984f

======================================================================================================================
COMMENTS
======================================================================================================================
Author: Jim Walker
Date: 2022-01-28 09:16:21.000000000
Message: 
Uploaded patch set 3.
----------------------------------------------------------------------------------------------------------------------
Author: Build Bot
Date: 2022-01-28 09:59:52.000000000
Message: 
Patch Set 3: Verified-1

Build Failed 

http://cv.jenkins.couchbase.com/job/kv_engine-windows-master/43402/ : FAILURE

Failure of an engine_testapp test:

<pre>
Running [0074/0159]: disk>RAM paged-out rm...(1221 ms) OK


99% tests passed, 1 tests failed out of 418

Total Test time (real) = 1254.79 sec

The following tests FAIL
</pre>
 ( http://cv.jenkins.couchbase.com/job/kv_engine-windows-master/43402/ )

Timeout of a CTest test 418/418 Test #270: ep_testsuite.full_eviction.comp_active ........................................................................................} ( http://cv.jenkins.couchbase.com/job/kv_engine-windows-master/43402/ )

http://cv.jenkins.couchbase.com/job/kv_engine-clang_format_9/14040/ : SUCCESS

http://cv.jenkins.couchbase.com/job/kv_engine-clang_tidy-master/15196/ : SUCCESS

http://cv.jenkins.couchbase.com/job/kv_engine-clang_analyzer-master/36647/ : SUCCESS

http://cv.jenkins.couchbase.com/job/kv_engine.aarch64-linux/job/master/4907/ : SUCCESS

http://cv.jenkins.couchbase.com/job/kv_engine.ASan-UBSan/job/master/25315/ : SUCCESS

http://cv.jenkins.couchbase.com/job/kv_engine.linux/job/master/17217/ : SUCCESS

http://cv.jenkins.couchbase.com/job/kv_engine.threadsanitizer/job/master/17969/ : SUCCESS

http://cv.jenkins.couchbase.com/job/kv_engine.libFuzzer/job/master/4845/ : SUCCESS

http://cv.jenkins.couchbase.com/job/kv_engine.linux-CE/job/master/16900/ : SUCCESS

http://cv.jenkins.couchbase.com/job/kv_engine.macos/job/master/16013/ : SUCCESS
----------------------------------------------------------------------------------------------------------------------
Author: Build Bot
Date: 2022-01-28 13:02:20.000000000
Message: 
Patch Set 3:

Build Failed 

http://cv.jenkins.couchbase.com/job/kv_engine-windows-master/43408/ : FAILURE

Failure of an engine_testapp test:

<pre>
Running [0035/0159]: test access scanner...W0128 04:51:46.715824 46624 HazptrDomain.h:670] Using the default inline executor for asynchronous reclamation may be susceptible to deadlock if the current thread happens to hold a resource needed by the deleter of a reclaimable object


99% tests passed, 3 tests failed out of 418

Total Test time (real) = 686.02 sec

The following tests FAIL
</pre>
 ( http://cv.jenkins.couchbase.com/job/kv_engine-windows-master/43408/ )

Timeout of a CTest test 416/418 Test #270: ep_testsuite.full_eviction.comp_active ........................................................................................} ( http://cv.jenkins.couchbase.com/job/kv_engine-windows-master/43408/ )

http://cv.jenkins.couchbase.com/job/kv_engine-clang_format_9/14045/ : SUCCESS

http://cv.jenkins.couchbase.com/job/kv_engine-clang_tidy-master/15201/ : SUCCESS

http://cv.jenkins.couchbase.com/job/kv_engine-clang_analyzer-master/36652/ : SUCCESS

http://cv.jenkins.couchbase.com/job/kv_engine.aarch64-linux/job/master/4912/ : SUCCESS

http://cv.jenkins.couchbase.com/job/kv_engine.ASan-UBSan/job/master/25320/ : SUCCESS

http://cv.jenkins.couchbase.com/job/kv_engine.linux/job/master/17223/ : SUCCESS

http://cv.jenkins.couchbase.com/job/kv_engine.threadsanitizer/job/master/17975/ : SUCCESS

http://cv.jenkins.couchbase.com/job/kv_engine.libFuzzer/job/master/4850/ : SUCCESS

http://cv.jenkins.couchbase.com/job/kv_engine.linux-CE/job/master/16906/ : SUCCESS

http://cv.jenkins.couchbase.com/job/kv_engine.macos/job/master/16018/ : SUCCESS
----------------------------------------------------------------------------------------------------------------------
Author: Build Bot
Date: 2022-01-28 13:41:30.000000000
Message: 
Patch Set 3:

Build Failed 

http://cv.jenkins.couchbase.com/job/kv_engine-windows-master/43410/ : FAILURE

Failure of an engine_testapp test:

<pre>
Running [0040/0159]: io stats...(57 ms) OK


99% tests passed, 1 tests failed out of 418

Total Test time (real) = 668.10 sec

The following tests FAIL
</pre>
 ( http://cv.jenkins.couchbase.com/job/kv_engine-windows-master/43410/ )

Timeout of a CTest test 418/418 Test #268: ep_testsuite.value_eviction.comp_active .......................................................................................} ( http://cv.jenkins.couchbase.com/job/kv_engine-windows-master/43410/ )

http://cv.jenkins.couchbase.com/job/kv_engine-clang_format_9/14045/ : SUCCESS

http://cv.jenkins.couchbase.com/job/kv_engine-clang_tidy-master/15201/ : SUCCESS

http://cv.jenkins.couchbase.com/job/kv_engine-clang_analyzer-master/36652/ : SUCCESS

http://cv.jenkins.couchbase.com/job/kv_engine.aarch64-linux/job/master/4912/ : SUCCESS

http://cv.jenkins.couchbase.com/job/kv_engine.ASan-UBSan/job/master/25320/ : SUCCESS

http://cv.jenkins.couchbase.com/job/kv_engine.linux/job/master/17223/ : SUCCESS

http://cv.jenkins.couchbase.com/job/kv_engine.threadsanitizer/job/master/17975/ : SUCCESS

http://cv.jenkins.couchbase.com/job/kv_engine.libFuzzer/job/master/4850/ : SUCCESS

http://cv.jenkins.couchbase.com/job/kv_engine.linux-CE/job/master/16906/ : SUCCESS

http://cv.jenkins.couchbase.com/job/kv_engine.macos/job/master/16018/ : SUCCESS
----------------------------------------------------------------------------------------------------------------------
Author: Build Bot
Date: 2022-01-31 10:01:22.000000000
Message: 
Patch Set 3:

Build Failed 

http://cv.jenkins.couchbase.com/job/kv_engine-windows-master/43435/ : FAILURE

Failure of an engine_testapp test:

<pre>
Running [0070/0159]: test shutdown with force...(161 ms) OK


99% tests passed, 3 tests failed out of 418

Total Test time (real) = 665.15 sec

The following tests FAIL
</pre>
 ( http://cv.jenkins.couchbase.com/job/kv_engine-windows-master/43435/ )

Failure of GoogleTest "FullAndValueEviction/DatatypeStatTest.datatypeEviction/full_eviction":

<pre>
[ RUN      ] FullAndValueEviction/DatatypeStatTest.datatypeEviction/full_eviction
unknown file: error: C++ exception with description "KVStoreFactory ctor: Specified dbname "ep_engine_ep_unit_tests.db/test.948001" is not a directory" thrown in SetUp().
unknown file: error: SEH exception with code 0xc0000005 thrown in TearDown().
[  FAILED  ] FullAndValueEviction/DatatypeStatTest.datatypeEviction/full_eviction, where GetParam() = "full_eviction" (2 ms)
FullAndValueEviction/DatatypeStatTest.datatypeEviction/full_eviction
</pre>
 ( http://cv.jenkins.couchbase.com/job/kv_engine-windows-master/43435/ )

Timeout of a CTest test 417/418 Test #304: ep_testsuite_xdcr.ephemeral.comp_active .......................................................................................} ( http://cv.jenkins.couchbase.com/job/kv_engine-windows-master/43435/ )

http://cv.jenkins.couchbase.com/job/kv_engine-clang_format_9/14045/ : SUCCESS

http://cv.jenkins.couchbase.com/job/kv_engine-clang_tidy-master/15201/ : SUCCESS

http://cv.jenkins.couchbase.com/job/kv_engine-clang_analyzer-master/36652/ : SUCCESS

http://cv.jenkins.couchbase.com/job/kv_engine.aarch64-linux/job/master/4912/ : SUCCESS

http://cv.jenkins.couchbase.com/job/kv_engine.ASan-UBSan/job/master/25320/ : SUCCESS

http://cv.jenkins.couchbase.com/job/kv_engine.linux/job/master/17223/ : SUCCESS

http://cv.jenkins.couchbase.com/job/kv_engine.threadsanitizer/job/master/17975/ : SUCCESS

http://cv.jenkins.couchbase.com/job/kv_engine.libFuzzer/job/master/4850/ : SUCCESS

http://cv.jenkins.couchbase.com/job/kv_engine.linux-CE/job/master/16906/ : SUCCESS

http://cv.jenkins.couchbase.com/job/kv_engine.macos/job/master/16018/ : SUCCESS
----------------------------------------------------------------------------------------------------------------------
