======================================================================================================================
DESCRIPTION:

MB-46604: Refactor: Split SaslAuthCommandContext in Start and Step

This is a preparation for moving over to Folly executors

Change-Id: I8f089713fdc96d9d27b1690f14695b46c2b0a2f4

======================================================================================================================
COMMENTS
======================================================================================================================
Author: Trond Norbye
Date: 2021-05-27 20:50:37.000000000
Message: 
Uploaded patch set 3: Patch Set 2 was rebased.
----------------------------------------------------------------------------------------------------------------------
Author: Build Bot
Date: 2021-05-27 21:37:47.000000000
Message: 
Patch Set 3: Verified-1

Build Failed 

http://cv.jenkins.couchbase.com/job/kv_engine-windows-master/36167/ : FAILURE

Failure of an engine_testapp test:

<pre>
Running [0021/0045]: test set_with_meta exp persisted...(3441 ms) OK

406/407 Test #392: memcached_testapp.ep.SDPerf/SubdocPerfTest ....................................................................................   Passed   28.74 sec
407/407 Test #404: cluster_test ..................................................................................................................   Passed   18.34 sec

99% tests passed, 1 tests failed out of 407

Total Test time (real) = 578.91 sec

The following tests FAIL
</pre>
 ( http://cv.jenkins.couchbase.com/job/kv_engine-windows-master/36167/ )

Timeout of a CTest test 405/407 Test #282: ep_testsuite_xdcr.full_eviction.comp_passive ..................................................................................} ( http://cv.jenkins.couchbase.com/job/kv_engine-windows-master/36167/ )

http://cv.jenkins.couchbase.com/job/kv_engine-clang_analyzer-master/30887/ : SUCCESS

http://cv.jenkins.couchbase.com/job/kv_engine-clang_format_9/7826/ : SUCCESS

http://cv.jenkins.couchbase.com/job/kv_engine-clang_tidy-master/9249/ : SUCCESS

http://cv.jenkins.couchbase.com/job/kv_engine.linux-CE/job/master/10806/ : SUCCESS

http://cv.jenkins.couchbase.com/job/kv_engine.linux/job/master/10950/ : SUCCESS

http://cv.jenkins.couchbase.com/job/kv_engine.threadsanitizer/job/master/11212/ : SUCCESS

http://cv.jenkins.couchbase.com/job/kv_engine.ASan-UBSan/job/master/18778/ : SUCCESS

http://cv.jenkins.couchbase.com/job/kv_engine.macos/job/master/9875/ : SUCCESS
----------------------------------------------------------------------------------------------------------------------
Author: Build Bot
Date: 2021-05-28 04:25:30.000000000
Message: 
Patch Set 3:

Build Failed 

http://cv.jenkins.couchbase.com/job/kv_engine-windows-master/36169/ : ABORTED

Build which was aborted due to a newer patch set being uploaded for the given review. ( http://cv.jenkins.couchbase.com/job/kv_engine-windows-master/36169/ )

http://cv.jenkins.couchbase.com/job/kv_engine-clang_analyzer-master/30887/ : SUCCESS

http://cv.jenkins.couchbase.com/job/kv_engine-clang_format_9/7826/ : SUCCESS

http://cv.jenkins.couchbase.com/job/kv_engine-clang_tidy-master/9249/ : SUCCESS

http://cv.jenkins.couchbase.com/job/kv_engine.linux-CE/job/master/10806/ : SUCCESS

http://cv.jenkins.couchbase.com/job/kv_engine.linux/job/master/10950/ : SUCCESS

http://cv.jenkins.couchbase.com/job/kv_engine.threadsanitizer/job/master/11212/ : SUCCESS

http://cv.jenkins.couchbase.com/job/kv_engine.ASan-UBSan/job/master/18778/ : SUCCESS

http://cv.jenkins.couchbase.com/job/kv_engine.macos/job/master/9875/ : SUCCESS
----------------------------------------------------------------------------------------------------------------------
