======================================================================================================================
DESCRIPTION:

MB-48759: Merge branch 'cheshire-cat' into 7.1.4

No-op - forward merge of patch already in 7.1.4.

* commit '6f767f7e5':
  [BP] MB-48759: End legacy DCP stream if there are no items in range [2/2]

Change-Id: If8d0266d91733f579f8223ea97652aad385016a5

======================================================================================================================
COMMENTS
======================================================================================================================
Author: Dave Rigby
Date: 2023-01-25 12:39:09.000000000
Message: 
Uploaded patch set 3: New patch set was added with same tree, parents, and commit message as Patch Set 2.
----------------------------------------------------------------------------------------------------------------------
Author: Build Bot
Date: 2023-01-25 13:25:26.000000000
Message: 
Patch Set 3: Verified-1

Build Failed 

https://cv.jenkins.couchbase.com/job/kv_engine-windows-714/12/ : FAILURE

Failure of an engine_testapp test:

<pre>
Running [74/93]: test dcp early termination...W0125 04:57:22.964386 167032 HazptrDomain.h:670] Using the default inline executor for asynchronous reclamation may be susceptible to deadlock if the current thread happens to hold a resource needed by the deleter of a reclaimable object


99% tests passed, 1 tests failed out of 424

Total Test time (real) = 359.81 sec

The following tests FAIL
</pre>
 ( https://cv.jenkins.couchbase.com/job/kv_engine-windows-714/12/ )

Timeout of a CTest test 424/424 Test #290: ep_testsuite_dcp.value_eviction.comp_active ...................................................................................} ( https://cv.jenkins.couchbase.com/job/kv_engine-windows-714/12/ )

https://cv.jenkins.couchbase.com/job/kv_engine.linux/job/7.1.4/12/ : FAILURE

Timeout of a CTest test [2023-01-25T13:19:50.184Z]   9/444 Test #252: ep-engine_ep_unit_tests.EphemeralOrPersistent/STItemPagerTest ...............................................} ( https://cv.jenkins.couchbase.com/job/kv_engine.linux/job/7.1.4/12/ )

https://cv.jenkins.couchbase.com/job/kv_engine.macos/job/7.1.4/15/ : FAILURE

Failure of GoogleTest "EphemeralOrPersistent/STItemPagerTest.ReplicaEvictedBeforeActive/persistent_couchstore_value_only":

<pre>
[ RUN      ] EphemeralOrPersistent/STItemPagerTest.ReplicaEvictedBeforeActive/persistent_couchstore_value_only
[2023-01-25T12:50:39.407Z] ../kv_engine/engines/ep/tests/module_tests/item_pager_test.cc:1180: Failure
[2023-01-25T12:50:39.407Z] Expected equality of these values:
[2023-01-25T12:50:39.407Z]   100
[2023-01-25T12:50:39.407Z]   getRRPercent(*store->getVBucket(vbid))
[2023-01-25T12:50:39.407Z]     Which is: 94
[2023-01-25T12:50:39.407Z] vb:0 not fully resident after eviction
[2023-01-25T12:50:39.407Z] ../kv_engine/engines/ep/tests/module_tests/item_pager_test.cc:1180: Failure
[2023-01-25T12:50:39.407Z] Expected equality of these values:
[2023-01-25T12:50:39.407Z]   100
[2023-01-25T12:50:39.407Z]   getRRPercent(*store->getVBucket(vbid))
[2023-01-25T12:50:39.407Z]     Which is: 98
[2023-01-25T12:50:39.407Z] vb:1 not fully resident after eviction
[2023-01-25T12:50:39.407Z] [  FAILED  ] EphemeralOrPersistent/STItemPagerTest.ReplicaEvictedBeforeActive/persistent_couchstore_value_only, where GetParam() = "bucket_type=persistent:backend=couchstore:item_eviction_policy=value_only" (361 ms)
EphemeralOrPersistent/STItemPagerTest.ReplicaEvictedBeforeActive/persistent_couchstore_value_only
</pre>
 ( https://cv.jenkins.couchbase.com/job/kv_engine.macos/job/7.1.4/15/ )

Timeout of a CTest test [2023-01-25T13:15:39.235Z] 444/444 Test #442: cluster_test ................................................................................................} ( https://cv.jenkins.couchbase.com/job/kv_engine.macos/job/7.1.4/15/ )

https://cv.jenkins.couchbase.com/job/kv_engine.threadsanitizer/job/7.1.4/13/ : FAILURE

ThreadSanitizer issue: data race /opt/gcc-10.2.0/lib/gcc/x86_64-pc-linux-gnu/10.2.0/../../../../include/c++/10.2.0/bits/stl_vector.h:1794 in std::vector<std::shared_ptr<cb::test::Bucket>, std::allocator<std::shared_ptr<cb::test::Bucket> > >::_M_erase_at_end(std::shared_ptr<cb::test::Bucket>*)  ( https://cv.jenkins.couchbase.com/job/kv_engine.threadsanitizer/job/7.1.4/13/ )

https://cv.jenkins.couchbase.com/job/kv_engine-clang_analyzer-714/12/ : SUCCESS

https://cv.jenkins.couchbase.com/job/kv_engine-clang_tidy-714/11/ : SUCCESS

https://cv.jenkins.couchbase.com/job/kv_engine-clang_format_9/22360/ : SUCCESS

https://cv.jenkins.couchbase.com/job/kv_engine.aarch64-linux/job/7.1.4/6/ : SUCCESS

https://cv.jenkins.couchbase.com/job/kv_engine.libFuzzer/job/7.1.4/12/ : SUCCESS

https://cv.jenkins.couchbase.com/job/kv_engine.ASan-UBSan/job/7.1.4/12/ : SUCCESS

https://cv.jenkins.couchbase.com/job/kv_engine.linux-CE/job/7.1.4/12/ : SUCCESS
----------------------------------------------------------------------------------------------------------------------
Author: Build Bot
Date: 2023-01-26 22:37:25.000000000
Message: 
Patch Set 3:

Build Failed 

https://cv.jenkins.couchbase.com/job/kv_engine.macos/job/7.1.4/25/ : FAILURE

No problems were identified. If you know why this problem occurred, please add a suitable Cause for it. ( https://cv.jenkins.couchbase.com/job/kv_engine.macos/job/7.1.4/25/ )

https://cv.jenkins.couchbase.com/job/kv_engine.threadsanitizer/job/7.1.4/21/ : FAILURE

ThreadSanitizer issue: data race /opt/gcc-10.2.0/lib/gcc/x86_64-pc-linux-gnu/10.2.0/../../../../include/c++/10.2.0/bits/stl_vector.h:1189 in std::vector<std::shared_ptr<cb::test::Bucket>, std::allocator<std::shared_ptr<cb::test::Bucket> > >::push_back(std::shared_ptr<cb::test::Bucket> const&)  ( https://cv.jenkins.couchbase.com/job/kv_engine.threadsanitizer/job/7.1.4/21/ )

Timeout of a CTest test [2023-01-26T22:37:18.430Z] 418/418 Test #416: cluster_test ................................................................................................} ( https://cv.jenkins.couchbase.com/job/kv_engine.threadsanitizer/job/7.1.4/21/ )

https://cv.jenkins.couchbase.com/job/kv_engine-clang_analyzer-714/12/ : SUCCESS

https://cv.jenkins.couchbase.com/job/kv_engine-clang_tidy-714/11/ : SUCCESS

https://cv.jenkins.couchbase.com/job/kv_engine-clang_format_9/22360/ : SUCCESS

https://cv.jenkins.couchbase.com/job/kv_engine.linux/job/7.1.4/17/ : SUCCESS

https://cv.jenkins.couchbase.com/job/kv_engine.aarch64-linux/job/7.1.4/6/ : SUCCESS

https://cv.jenkins.couchbase.com/job/kv_engine.libFuzzer/job/7.1.4/12/ : SUCCESS

https://cv.jenkins.couchbase.com/job/kv_engine.ASan-UBSan/job/7.1.4/12/ : SUCCESS

https://cv.jenkins.couchbase.com/job/kv_engine.linux-CE/job/7.1.4/12/ : SUCCESS

https://cv.jenkins.couchbase.com/job/kv_engine-windows-714/22/ : SUCCESS
----------------------------------------------------------------------------------------------------------------------
Author: Build Bot
Date: 2023-01-27 11:20:06.000000000
Message: 
Patch Set 3:

Build Failed 

https://cv.jenkins.couchbase.com/job/kv_engine.macos/job/7.1.4/43/ : FAILURE

Failure of GoogleTest "EphemeralOrPersistent/STItemPagerTest.ReplicaEvictedBeforeActive/persistent_couchstore_value_only":

<pre>
[ RUN      ] EphemeralOrPersistent/STItemPagerTest.ReplicaEvictedBeforeActive/persistent_couchstore_value_only
[2023-01-27T10:54:44.370Z] ../kv_engine/engines/ep/tests/module_tests/item_pager_test.cc:1180: Failure
[2023-01-27T10:54:44.370Z] Expected equality of these values:
[2023-01-27T10:54:44.370Z]   100
[2023-01-27T10:54:44.370Z]   getRRPercent(*store->getVBucket(vbid))
[2023-01-27T10:54:44.370Z]     Which is: 96
[2023-01-27T10:54:44.370Z] vb:0 not fully resident after eviction
[2023-01-27T10:54:44.370Z] ../kv_engine/engines/ep/tests/module_tests/item_pager_test.cc:1180: Failure
[2023-01-27T10:54:44.370Z] Expected equality of these values:
[2023-01-27T10:54:44.370Z]   100
[2023-01-27T10:54:44.370Z]   getRRPercent(*store->getVBucket(vbid))
[2023-01-27T10:54:44.370Z]     Which is: 96
[2023-01-27T10:54:44.370Z] vb:1 not fully resident after eviction
[2023-01-27T10:54:44.370Z] [  FAILED  ] EphemeralOrPersistent/STItemPagerTest.ReplicaEvictedBeforeActive/persistent_couchstore_value_only, where GetParam() = "bucket_type=persistent:backend=couchstore:item_eviction_policy=value_only" (507 ms)
EphemeralOrPersistent/STItemPagerTest.ReplicaEvictedBeforeActive/persistent_couchstore_value_only
</pre>
 ( https://cv.jenkins.couchbase.com/job/kv_engine.macos/job/7.1.4/43/ )

Timeout of a CTest test [2023-01-27T11:19:58.920Z] 444/444 Test #442: cluster_test ................................................................................................} ( https://cv.jenkins.couchbase.com/job/kv_engine.macos/job/7.1.4/43/ )

https://cv.jenkins.couchbase.com/job/kv_engine-clang_analyzer-714/12/ : SUCCESS

https://cv.jenkins.couchbase.com/job/kv_engine-clang_tidy-714/11/ : SUCCESS

https://cv.jenkins.couchbase.com/job/kv_engine-clang_format_9/22360/ : SUCCESS

https://cv.jenkins.couchbase.com/job/kv_engine.linux/job/7.1.4/17/ : SUCCESS

https://cv.jenkins.couchbase.com/job/kv_engine.aarch64-linux/job/7.1.4/6/ : SUCCESS

https://cv.jenkins.couchbase.com/job/kv_engine.threadsanitizer/job/7.1.4/26/ : SUCCESS

https://cv.jenkins.couchbase.com/job/kv_engine.libFuzzer/job/7.1.4/12/ : SUCCESS

https://cv.jenkins.couchbase.com/job/kv_engine.ASan-UBSan/job/7.1.4/12/ : SUCCESS

https://cv.jenkins.couchbase.com/job/kv_engine.linux-CE/job/7.1.4/12/ : SUCCESS

https://cv.jenkins.couchbase.com/job/kv_engine-windows-714/22/ : SUCCESS
----------------------------------------------------------------------------------------------------------------------
Author: Dave Rigby
Date: 2023-02-01 15:50:15.000000000
Message: 
Abandoned
----------------------------------------------------------------------------------------------------------------------
