======================================================================================================================
DESCRIPTION:

Merge branch 'neo' into 'master'

* commit '50d0d65a8':
  MB-50988: Introduce LimitedConcurrencyTask
  MB-50988: Allow excess ThreadGate::threadUp() calls

Change-Id: Ibb97ac20f2e6312210b00862cc4d1cbac376fa53

======================================================================================================================
COMMENTS
======================================================================================================================
Author: Dave Rigby
Date: 2022-03-10 16:23:57.000000000
Message: 
Uploaded patch set 1.
----------------------------------------------------------------------------------------------------------------------
Author: Build Bot
Date: 2022-03-10 16:47:34.000000000
Message: 
Patch Set 1: Verified-1

Build Failed 

http://cv.jenkins.couchbase.com/job/kv_engine-windows-master/44411/ : FAILURE

Failure of an engine_testapp test:

<pre>
Running [6/47]: concurrent set...WARNING: Logging before InitGoogleLogging() is written to STDERR
W0310 08:37:27.561398 113760 HazptrDomain.h:670] Using the default inline executor for asynchronous reclamation may be susceptible to deadlock if the current thread happens to hold a resource needed by the deleter of a reclaimable object
(1719 ms) OK


99% tests passed, 2 tests failed out of 425

Total Test time (real) = 347.06 sec

The following tests FAIL
</pre>
 ( http://cv.jenkins.couchbase.com/job/kv_engine-windows-master/44411/ )

Timeout of a CTest test 424/425 Test #286: ep_testsuite_basic.ephemeral.comp_passive .....................................................................................} ( http://cv.jenkins.couchbase.com/job/kv_engine-windows-master/44411/ )

http://cv.jenkins.couchbase.com/job/kv_engine.linux/job/master/18068/ : FAILURE

Failure of an engine_testapp test:

<pre>
Running [147/159]: test vbucket compact no purge...../kv_engine/engines/ep/tests/ep_testsuite.cc:8084 Test failed: `" (Expected `3", got `0" - purge_seqno didn"t match expected value)
[2022-03-10T16:32:14.571Z] (50 ms) FAIL
</pre>
 ( http://cv.jenkins.couchbase.com/job/kv_engine.linux/job/master/18068/ )

http://cv.jenkins.couchbase.com/job/kv_engine-clang_tidy-master/15975/ : SUCCESS

http://cv.jenkins.couchbase.com/job/kv_engine-clang_analyzer-master/37390/ : SUCCESS

http://cv.jenkins.couchbase.com/job/kv_engine-clang_format_9/14884/ : SUCCESS

http://cv.jenkins.couchbase.com/job/kv_engine.macos/job/master/16812/ : SUCCESS

http://cv.jenkins.couchbase.com/job/kv_engine.libFuzzer/job/master/5630/ : SUCCESS

http://cv.jenkins.couchbase.com/job/kv_engine.linux-CE/job/master/17742/ : SUCCESS

http://cv.jenkins.couchbase.com/job/kv_engine.threadsanitizer/job/master/18774/ : SUCCESS

http://cv.jenkins.couchbase.com/job/kv_engine.aarch64-linux/job/master/5689/ : SUCCESS

http://cv.jenkins.couchbase.com/job/kv_engine.ASan-UBSan/job/master/26149/ : SUCCESS
----------------------------------------------------------------------------------------------------------------------
Author: Build Bot
Date: 2022-03-10 17:46:38.000000000
Message: 
Patch Set 1:

Build Failed 

http://cv.jenkins.couchbase.com/job/kv_engine-windows-master/44411/ : FAILURE

Failure of an engine_testapp test:

<pre>
Running [6/47]: concurrent set...WARNING: Logging before InitGoogleLogging() is written to STDERR
W0310 08:37:27.561398 113760 HazptrDomain.h:670] Using the default inline executor for asynchronous reclamation may be susceptible to deadlock if the current thread happens to hold a resource needed by the deleter of a reclaimable object
(1719 ms) OK


99% tests passed, 2 tests failed out of 425

Total Test time (real) = 347.06 sec

The following tests FAIL
</pre>
 ( http://cv.jenkins.couchbase.com/job/kv_engine-windows-master/44411/ )

Timeout of a CTest test 424/425 Test #286: ep_testsuite_basic.ephemeral.comp_passive .....................................................................................} ( http://cv.jenkins.couchbase.com/job/kv_engine-windows-master/44411/ )

http://cv.jenkins.couchbase.com/job/kv_engine-clang_tidy-master/15975/ : SUCCESS

http://cv.jenkins.couchbase.com/job/kv_engine-clang_analyzer-master/37390/ : SUCCESS

http://cv.jenkins.couchbase.com/job/kv_engine-clang_format_9/14884/ : SUCCESS

http://cv.jenkins.couchbase.com/job/kv_engine.macos/job/master/16812/ : SUCCESS

http://cv.jenkins.couchbase.com/job/kv_engine.libFuzzer/job/master/5630/ : SUCCESS

http://cv.jenkins.couchbase.com/job/kv_engine.linux-CE/job/master/17742/ : SUCCESS

http://cv.jenkins.couchbase.com/job/kv_engine.threadsanitizer/job/master/18774/ : SUCCESS

http://cv.jenkins.couchbase.com/job/kv_engine.aarch64-linux/job/master/5689/ : SUCCESS

http://cv.jenkins.couchbase.com/job/kv_engine.ASan-UBSan/job/master/26149/ : SUCCESS

http://cv.jenkins.couchbase.com/job/kv_engine.linux/job/master/18071/ : SUCCESS
----------------------------------------------------------------------------------------------------------------------
Author: Build Bot
Date: 2022-03-10 18:05:02.000000000
Message: 
Patch Set 1:

Build Failed 

http://cv.jenkins.couchbase.com/job/kv_engine-windows-master/44414/ : FAILURE

Failure of an engine_testapp test:

<pre>
Running [36/47]: vbucket deletion doesn"t affect new data...W0310 10:03:34.072345 125412 HazptrDomain.h:670] Using the default inline executor for asynchronous reclamation may be susceptible to deadlock if the current thread happens to hold a resource needed by the deleter of a reclaimable object


99% tests passed, 1 tests failed out of 425

Total Test time (real) = 338.04 sec

The following tests FAIL
</pre>
 ( http://cv.jenkins.couchbase.com/job/kv_engine-windows-master/44414/ )

Timeout of a CTest test 425/425 Test #286: ep_testsuite_basic.ephemeral.comp_passive .....................................................................................} ( http://cv.jenkins.couchbase.com/job/kv_engine-windows-master/44414/ )

http://cv.jenkins.couchbase.com/job/kv_engine-clang_tidy-master/15975/ : SUCCESS

http://cv.jenkins.couchbase.com/job/kv_engine-clang_analyzer-master/37390/ : SUCCESS

http://cv.jenkins.couchbase.com/job/kv_engine-clang_format_9/14884/ : SUCCESS

http://cv.jenkins.couchbase.com/job/kv_engine.macos/job/master/16812/ : SUCCESS

http://cv.jenkins.couchbase.com/job/kv_engine.libFuzzer/job/master/5630/ : SUCCESS

http://cv.jenkins.couchbase.com/job/kv_engine.linux-CE/job/master/17742/ : SUCCESS

http://cv.jenkins.couchbase.com/job/kv_engine.linux/job/master/18071/ : SUCCESS

http://cv.jenkins.couchbase.com/job/kv_engine.threadsanitizer/job/master/18774/ : SUCCESS

http://cv.jenkins.couchbase.com/job/kv_engine.aarch64-linux/job/master/5689/ : SUCCESS

http://cv.jenkins.couchbase.com/job/kv_engine.ASan-UBSan/job/master/26149/ : SUCCESS
----------------------------------------------------------------------------------------------------------------------
Author: Build Bot
Date: 2022-03-11 11:09:22.000000000
Message: 
Patch Set 1: Verified+1

Build Successful 

http://cv.jenkins.couchbase.com/job/kv_engine-clang_tidy-master/15975/ : SUCCESS

http://cv.jenkins.couchbase.com/job/kv_engine-clang_analyzer-master/37390/ : SUCCESS

http://cv.jenkins.couchbase.com/job/kv_engine-clang_format_9/14884/ : SUCCESS

http://cv.jenkins.couchbase.com/job/kv_engine.macos/job/master/16812/ : SUCCESS

http://cv.jenkins.couchbase.com/job/kv_engine.libFuzzer/job/master/5630/ : SUCCESS

http://cv.jenkins.couchbase.com/job/kv_engine.linux-CE/job/master/17742/ : SUCCESS

http://cv.jenkins.couchbase.com/job/kv_engine.linux/job/master/18071/ : SUCCESS

http://cv.jenkins.couchbase.com/job/kv_engine.threadsanitizer/job/master/18774/ : SUCCESS

http://cv.jenkins.couchbase.com/job/kv_engine.aarch64-linux/job/master/5689/ : SUCCESS

http://cv.jenkins.couchbase.com/job/kv_engine.ASan-UBSan/job/master/26149/ : SUCCESS

http://cv.jenkins.couchbase.com/job/kv_engine-windows-master/44421/ : SUCCESS
----------------------------------------------------------------------------------------------------------------------
Author: Dave Rigby
Date: 2022-03-14 11:19:29.000000000
Message: 
Patch Set 1:

(1 comment)
File Comment: /PATCHSET_LEVEL -> ping for review.
----------------------------------------------------------------------------------------------------------------------
Author: Ben Huddleston
Date: 2022-03-14 11:21:24.000000000
Message: 
Patch Set 1: Code-Review+2
----------------------------------------------------------------------------------------------------------------------
Author: Dave Rigby
Date: 2022-03-14 11:59:46.000000000
Message: 
Change has been successfully merged
----------------------------------------------------------------------------------------------------------------------
Author: Build Bot
Date: 2022-03-14 11:59:52.000000000
Message: 
Patch Set 1:

Build Started http://cv.jenkins.couchbase.com/job/kv_engine-post-commit-TSan-master/6941/ (1/2)
----------------------------------------------------------------------------------------------------------------------
Author: Build Bot
Date: 2022-03-14 11:59:57.000000000
Message: 
Patch Set 1:

Build Started http://cv.jenkins.couchbase.com/job/kv_engine-post-commit-master/10611/ (2/2)
----------------------------------------------------------------------------------------------------------------------
Author: Build Bot
Date: 2022-03-14 12:34:26.000000000
Message: 
Patch Set 1:

Build Successful 

http://cv.jenkins.couchbase.com/job/kv_engine-post-commit-TSan-master/6941/ : SUCCESS

http://cv.jenkins.couchbase.com/job/kv_engine-post-commit-master/10611/ : SUCCESS'
----------------------------------------------------------------------------------------------------------------------
