======================================================================================================================
DESCRIPTION:

MB-50492: Expand error logs message with callback data

Change-Id: I9a3db31756f42e33d32e8bf5da2dc53ce1c90008

======================================================================================================================
COMMENTS
======================================================================================================================
Author: Richard de Mellow
Date: 2022-01-26 17:40:05.000000000
Message: 
Uploaded patch set 4: Patch Set 3 was rebased.
----------------------------------------------------------------------------------------------------------------------
Author: Build Bot
Date: 2022-01-26 18:11:35.000000000
Message: 
Patch Set 4: Verified-1

Build Failed 

http://cv.jenkins.couchbase.com/job/kv_engine-windows-master/43338/ : FAILURE

Failure of an engine_testapp test:

<pre>
Running [0140/0159]: test get random key...(74 ms) OK


99% tests passed, 1 tests failed out of 418

Total Test time (real) = 669.13 sec

The following tests FAIL
</pre>
 ( http://cv.jenkins.couchbase.com/job/kv_engine-windows-master/43338/ )

Timeout of a CTest test 418/418 Test #271: ep_testsuite.ephemeral.comp_passive ...........................................................................................} ( http://cv.jenkins.couchbase.com/job/kv_engine-windows-master/43338/ )

http://cv.jenkins.couchbase.com/job/kv_engine.linux-CE/job/master/16861/ : FAILURE

http://cv.jenkins.couchbase.com/job/kv_engine-clang_format_9/14005/ : SUCCESS

http://cv.jenkins.couchbase.com/job/kv_engine-clang_tidy-master/15161/ : SUCCESS

http://cv.jenkins.couchbase.com/job/kv_engine-clang_analyzer-master/36612/ : SUCCESS

http://cv.jenkins.couchbase.com/job/kv_engine.threadsanitizer/job/master/17933/ : SUCCESS

http://cv.jenkins.couchbase.com/job/kv_engine.macos/job/master/15974/ : SUCCESS

http://cv.jenkins.couchbase.com/job/kv_engine.libFuzzer/job/master/4810/ : SUCCESS

http://cv.jenkins.couchbase.com/job/kv_engine.linux/job/master/17175/ : SUCCESS

http://cv.jenkins.couchbase.com/job/kv_engine.ASan-UBSan/job/master/25275/ : SUCCESS

http://cv.jenkins.couchbase.com/job/kv_engine.aarch64-linux/job/master/4871/ : SUCCESS
----------------------------------------------------------------------------------------------------------------------
Author: Build Bot
Date: 2022-01-27 09:09:36.000000000
Message: 
Patch Set 4:

Build Failed 

http://cv.jenkins.couchbase.com/job/kv_engine-windows-master/43351/ : FAILURE

Failure of an engine_testapp test:

<pre>
Running [0100/0159]: test vbucket compact...(12 ms) SKIPPED


99% tests passed, 1 tests failed out of 418

Total Test time (real) = 677.48 sec

The following tests FAIL
</pre>
 ( http://cv.jenkins.couchbase.com/job/kv_engine-windows-master/43351/ )

Timeout of a CTest test 418/418 Test #272: ep_testsuite.ephemeral.comp_active ............................................................................................} ( http://cv.jenkins.couchbase.com/job/kv_engine-windows-master/43351/ )

http://cv.jenkins.couchbase.com/job/kv_engine-clang_format_9/14005/ : SUCCESS

http://cv.jenkins.couchbase.com/job/kv_engine-clang_tidy-master/15161/ : SUCCESS

http://cv.jenkins.couchbase.com/job/kv_engine-clang_analyzer-master/36612/ : SUCCESS

http://cv.jenkins.couchbase.com/job/kv_engine.threadsanitizer/job/master/17933/ : SUCCESS

http://cv.jenkins.couchbase.com/job/kv_engine.macos/job/master/15974/ : SUCCESS

http://cv.jenkins.couchbase.com/job/kv_engine.libFuzzer/job/master/4810/ : SUCCESS

http://cv.jenkins.couchbase.com/job/kv_engine.linux/job/master/17175/ : SUCCESS

http://cv.jenkins.couchbase.com/job/kv_engine.linux-CE/job/master/16870/ : SUCCESS

http://cv.jenkins.couchbase.com/job/kv_engine.ASan-UBSan/job/master/25275/ : SUCCESS

http://cv.jenkins.couchbase.com/job/kv_engine.aarch64-linux/job/master/4871/ : SUCCESS
----------------------------------------------------------------------------------------------------------------------
Author: Build Bot
Date: 2022-01-27 09:55:16.000000000
Message: 
Patch Set 4:

Build Failed 

http://cv.jenkins.couchbase.com/job/kv_engine-windows-master/43356/ : FAILURE

Failure of an engine_testapp test:

<pre>
Running [0042/0044]: MB29119...(11 ms) SKIPPED


99% tests passed, 2 tests failed out of 418

Total Test time (real) = 251.28 sec

The following tests FAIL
</pre>
 ( http://cv.jenkins.couchbase.com/job/kv_engine-windows-master/43356/ )

Failure of GoogleTest "AllBucketTypes/PassiveDurabilityMonitorPersistentTest.DiskSnapshotsAckSnapEndSeqnoNoPrepares/persistent_magma_full_eviction":

<pre>
[ RUN      ] AllBucketTypes/PassiveDurabilityMonitorPersistentTest.DiskSnapshotsAckSnapEndSeqnoNoPrepares/persistent_magma_full_eviction
2022-01-27T01:51:41.933136-08:00 CRITICAL (SynchronousEPEngine:default) MagmaKVStore Magma open failed. Status:IOError: Unable to open file ep_engine_ep_unit_tests.db/test.619101/magma.0/config.json.tmp: The system cannot find the path specified.
unknown file: error: C++ exception with description "MagmaKVStore Magma open failed. Status:IOError: Unable to open file ep_engine_ep_unit_tests.db/test.619101/magma.0/config.json.tmp: The system cannot find the path specified." thrown in SetUp().
unknown file: error: SEH exception with code 0xc0000005 thrown in TearDown().
[  FAILED  ] AllBucketTypes/PassiveDurabilityMonitorPersistentTest.DiskSnapshotsAckSnapEndSeqnoNoPrepares/persistent_magma_full_eviction, where GetParam() = ("persistent_magma", "full_eviction") (9 ms)
AllBucketTypes/PassiveDurabilityMonitorPersistentTest.DiskSnapshotsAckSnapEndSeqnoNoPrepares/persistent_magma_full_eviction
</pre>
 ( http://cv.jenkins.couchbase.com/job/kv_engine-windows-master/43356/ )

Timeout of a CTest test 418/418 Test #305: ep_testsuite_xdcr.value_eviction.magma ........................................................................................} ( http://cv.jenkins.couchbase.com/job/kv_engine-windows-master/43356/ )

http://cv.jenkins.couchbase.com/job/kv_engine-clang_format_9/14005/ : SUCCESS

http://cv.jenkins.couchbase.com/job/kv_engine-clang_tidy-master/15161/ : SUCCESS

http://cv.jenkins.couchbase.com/job/kv_engine-clang_analyzer-master/36612/ : SUCCESS

http://cv.jenkins.couchbase.com/job/kv_engine.threadsanitizer/job/master/17933/ : SUCCESS

http://cv.jenkins.couchbase.com/job/kv_engine.macos/job/master/15974/ : SUCCESS

http://cv.jenkins.couchbase.com/job/kv_engine.libFuzzer/job/master/4810/ : SUCCESS

http://cv.jenkins.couchbase.com/job/kv_engine.linux/job/master/17175/ : SUCCESS

http://cv.jenkins.couchbase.com/job/kv_engine.linux-CE/job/master/16870/ : SUCCESS

http://cv.jenkins.couchbase.com/job/kv_engine.ASan-UBSan/job/master/25275/ : SUCCESS

http://cv.jenkins.couchbase.com/job/kv_engine.aarch64-linux/job/master/4871/ : SUCCESS
----------------------------------------------------------------------------------------------------------------------
Author: Build Bot
Date: 2022-01-27 10:24:14.000000000
Message: 
Patch Set 4: Verified+1

Build Successful 

http://cv.jenkins.couchbase.com/job/kv_engine-clang_format_9/14005/ : SUCCESS

http://cv.jenkins.couchbase.com/job/kv_engine-clang_tidy-master/15161/ : SUCCESS

http://cv.jenkins.couchbase.com/job/kv_engine-clang_analyzer-master/36612/ : SUCCESS

http://cv.jenkins.couchbase.com/job/kv_engine.threadsanitizer/job/master/17933/ : SUCCESS

http://cv.jenkins.couchbase.com/job/kv_engine.macos/job/master/15974/ : SUCCESS

http://cv.jenkins.couchbase.com/job/kv_engine.libFuzzer/job/master/4810/ : SUCCESS

http://cv.jenkins.couchbase.com/job/kv_engine.linux/job/master/17175/ : SUCCESS

http://cv.jenkins.couchbase.com/job/kv_engine.linux-CE/job/master/16870/ : SUCCESS

http://cv.jenkins.couchbase.com/job/kv_engine.ASan-UBSan/job/master/25275/ : SUCCESS

http://cv.jenkins.couchbase.com/job/kv_engine.aarch64-linux/job/master/4871/ : SUCCESS

http://cv.jenkins.couchbase.com/job/kv_engine-windows-master/43359/ : SUCCESS
----------------------------------------------------------------------------------------------------------------------
Author: Ben Huddleston
Date: 2022-01-27 12:18:57.000000000
Message: 
Patch Set 4: Code-Review+2
----------------------------------------------------------------------------------------------------------------------
