======================================================================================================================
DESCRIPTION:

MB-54516: Add "history" key to Collection's Manifest

Adds a new boolean member to the Scope/Collection objects of
the manifest.

With this commit the value is now accepted in the manifest and becomes
readable via Manifest and VB::Manifest but it does not yet affect any
actual deduplication/history retention.

Change-Id: I0279d18ef8efdbabe4bfa49a66f3d206350e2802

======================================================================================================================
COMMENTS
======================================================================================================================
Author: Paolo Cocchi
Date: 2022-11-14 17:28:10.000000000
Message: 
Uploaded patch set 5: Patch Set 4 was rebased.
----------------------------------------------------------------------------------------------------------------------
Author: Restriction Checker
Date: 2022-11-14 17:28:30.000000000
Message: 
Patch Set 5: Well-Formed-1

Branch restricted. PLEASE READ this URL: 

https://server.jenkins.couchbase.com/job/restricted-branch-check/324640/artifact/restricted.html : FAILURE
----------------------------------------------------------------------------------------------------------------------
Author: Build Bot
Date: 2022-11-14 18:26:49.000000000
Message: 
Patch Set 5: Verified-1

Build Failed 

https://cv.jenkins.couchbase.com/job/kv_engine-windows-neo/588/ : FAILURE

Failure of an engine_testapp test:

<pre>
Running [100/160]: test vbucket compact...(10 ms) SKIPPED


99% tests passed, 1 tests failed out of 424

Total Test time (real) = 711.20 sec

The following tests FAIL
</pre>
 ( https://cv.jenkins.couchbase.com/job/kv_engine-windows-neo/588/ )

Timeout of a CTest test 424/424 Test #278: ep_testsuite.ephemeral.comp_active ............................................................................................} ( https://cv.jenkins.couchbase.com/job/kv_engine-windows-neo/588/ )

https://cv.jenkins.couchbase.com/job/kv_engine.linux/job/neo/455/ : FAILURE

Timeout of a CTest test [2022-11-14T18:07:59.962Z]   9/444 Test #252: ep-engine_ep_unit_tests.EphemeralOrPersistent/STItemPagerTest ...............................................} ( https://cv.jenkins.couchbase.com/job/kv_engine.linux/job/neo/455/ )

https://cv.jenkins.couchbase.com/job/kv_engine.macos/job/neo/688/ : FAILURE

Timeout of a CTest test [2022-11-14T18:18:28.662Z] 444/444 Test #442: cluster_test ................................................................................................} ( https://cv.jenkins.couchbase.com/job/kv_engine.macos/job/neo/688/ )

https://cv.jenkins.couchbase.com/job/kv_engine-clang_tidy-neo/446/ : SUCCESS

https://cv.jenkins.couchbase.com/job/kv_engine-clang_format_9/21159/ : SUCCESS

https://cv.jenkins.couchbase.com/job/kv_engine-clang_analyzer-neo/432/ : SUCCESS

https://cv.jenkins.couchbase.com/job/kv_engine.libFuzzer/job/neo/442/ : SUCCESS

https://cv.jenkins.couchbase.com/job/kv_engine.linux-CE/job/neo/465/ : SUCCESS

https://cv.jenkins.couchbase.com/job/kv_engine.threadsanitizer/job/neo/465/ : SUCCESS

https://cv.jenkins.couchbase.com/job/kv_engine.ASan-UBSan/job/neo/456/ : SUCCESS

https://cv.jenkins.couchbase.com/job/kv_engine.aarch64-linux/job/neo/444/ : SUCCESS
----------------------------------------------------------------------------------------------------------------------
Author: Paolo Cocchi
Date: 2022-11-15 09:14:28.000000000
Message: 
Patch Set 5:

(1 comment)
File Comment: /PATCHSET_LEVEL -> check approval
----------------------------------------------------------------------------------------------------------------------
Author: Restriction Checker
Date: 2022-11-15 09:14:38.000000000
Message: 
Patch Set 5: Well-Formed+1

Permission granted to commit: 

https://server.jenkins.couchbase.com/job/restricted-branch-check/324750/artifact/restricted.html : SUCCESS
----------------------------------------------------------------------------------------------------------------------
