======================================================================================================================
DESCRIPTION:

MB-54516: Add "history" key to Collection's Manifest

Adds a new boolean member to the Scope/Collection objects of
the manifest.

With this commit the value is now accepted in the manifest and becomes
readable via Manifest and VB::Manifest but it does not yet affect any
actual deduplication/history retention.

Change-Id: I0279d18ef8efdbabe4bfa49a66f3d206350e2802

======================================================================================================================
COMMENTS
======================================================================================================================
Author: Jim Walker
Date: 2022-11-21 16:40:31.000000000
Message: 
Uploaded patch set 7.
----------------------------------------------------------------------------------------------------------------------
Author: Restriction Checker
Date: 2022-11-21 16:40:45.000000000
Message: 
Patch Set 7: Well-Formed+1

Permission granted to commit: 

https://server.jenkins.couchbase.com/job/restricted-branch-check/325776/artifact/restricted.html : SUCCESS
----------------------------------------------------------------------------------------------------------------------
Author: Ben Huddleston
Date: 2022-11-21 16:43:49.000000000
Message: 
Patch Set 7:

(1 comment)
File Comment: /PATCHSET_LEVEL -> Bucket/Manifest level setting coming in a different change?
----------------------------------------------------------------------------------------------------------------------
Author: Build Bot
Date: 2022-11-21 17:21:46.000000000
Message: 
Patch Set 7: Verified-1

Build Failed 

https://cv.jenkins.couchbase.com/job/kv_engine-windows-neo/632/ : FAILURE

Failure of an engine_testapp test:

<pre>
Running [61/160]: test ALL_KEYS api during bucket creation...(151 ms) OK


99% tests passed, 2 tests failed out of 424

Total Test time (real) = 688.03 sec

The following tests FAIL
</pre>
 ( https://cv.jenkins.couchbase.com/job/kv_engine-windows-neo/632/ )

Timeout of a CTest test 423/424 Test #281: ep_testsuite_basic.value_eviction.comp_passive ................................................................................} ( https://cv.jenkins.couchbase.com/job/kv_engine-windows-neo/632/ )

https://cv.jenkins.couchbase.com/job/kv_engine.linux-CE/job/neo/507/ : FAILURE

Failure of GoogleTest "TransportProtocols/InterfacesTest.Mcbp/Mcbp":

<pre>
[ RUN      ] TransportProtocols/InterfacesTest.Mcbp/Mcbp
[2022-11-21T16:52:14.032Z] unknown file: Failure
[2022-11-21T16:52:14.032Z] C++ exception with description "MemcachedConnection::recvFrame(): Timed out after waiting 2000ms for a response for IFCONFIG" thrown in the test body.
[2022-11-21T16:52:14.032Z] [  FAILED  ] TransportProtocols/InterfacesTest.Mcbp/Mcbp, where GetParam() = Mcbp (2008 ms)
TransportProtocols/InterfacesTest.Mcbp/Mcbp
</pre>
 ( https://cv.jenkins.couchbase.com/job/kv_engine.linux-CE/job/neo/507/ )

https://cv.jenkins.couchbase.com/job/kv_engine.macos/job/neo/734/ : FAILURE

No problems were identified. If you know why this problem occurred, please add a suitable Cause for it. ( https://cv.jenkins.couchbase.com/job/kv_engine.macos/job/neo/734/ )

https://cv.jenkins.couchbase.com/job/kv_engine-clang_tidy-neo/491/ : SUCCESS

https://cv.jenkins.couchbase.com/job/kv_engine-clang_format_9/21285/ : SUCCESS

https://cv.jenkins.couchbase.com/job/kv_engine-clang_analyzer-neo/475/ : SUCCESS

https://cv.jenkins.couchbase.com/job/kv_engine.threadsanitizer/job/neo/507/ : SUCCESS

https://cv.jenkins.couchbase.com/job/kv_engine.ASan-UBSan/job/neo/498/ : SUCCESS

https://cv.jenkins.couchbase.com/job/kv_engine.libFuzzer/job/neo/483/ : SUCCESS

https://cv.jenkins.couchbase.com/job/kv_engine.linux/job/neo/497/ : SUCCESS

https://cv.jenkins.couchbase.com/job/kv_engine.aarch64-linux/job/neo/488/ : SUCCESS
----------------------------------------------------------------------------------------------------------------------
Author: Build Bot
Date: 2022-11-22 11:18:03.000000000
Message: 
Patch Set 7:

Build Failed 

https://cv.jenkins.couchbase.com/job/kv_engine-windows-neo/643/ : FAILURE

Failure of an engine_testapp test:

<pre>
Running [59/93]: test close stream...(72 ms) OK


99% tests passed, 1 tests failed out of 424

Total Test time (real) = 357.11 sec

The following tests FAIL
</pre>
 ( https://cv.jenkins.couchbase.com/job/kv_engine-windows-neo/643/ )

Timeout of a CTest test 424/424 Test #295: ep_testsuite_dcp.value_eviction.magma .........................................................................................} ( https://cv.jenkins.couchbase.com/job/kv_engine-windows-neo/643/ )

https://cv.jenkins.couchbase.com/job/kv_engine.ASan-UBSan/job/neo/509/ : FAILURE

Timeout of a CTest test [2022-11-22T11:10:09.672Z]   6/426 Test #212: ep-engine_ep_unit_tests.NexusBackends/DurabilityEPBucketTest ................................................} ( https://cv.jenkins.couchbase.com/job/kv_engine.ASan-UBSan/job/neo/509/ )

https://cv.jenkins.couchbase.com/job/kv_engine-clang_tidy-neo/501/ : SUCCESS

https://cv.jenkins.couchbase.com/job/kv_engine-clang_format_9/21295/ : SUCCESS

https://cv.jenkins.couchbase.com/job/kv_engine-clang_analyzer-neo/485/ : SUCCESS

https://cv.jenkins.couchbase.com/job/kv_engine.linux-CE/job/neo/517/ : SUCCESS

https://cv.jenkins.couchbase.com/job/kv_engine.threadsanitizer/job/neo/517/ : SUCCESS

https://cv.jenkins.couchbase.com/job/kv_engine.libFuzzer/job/neo/493/ : SUCCESS

https://cv.jenkins.couchbase.com/job/kv_engine.linux/job/neo/507/ : SUCCESS

https://cv.jenkins.couchbase.com/job/kv_engine.macos/job/neo/746/ : SUCCESS

https://cv.jenkins.couchbase.com/job/kv_engine.aarch64-linux/job/neo/498/ : SUCCESS
----------------------------------------------------------------------------------------------------------------------
Author: Jim Walker
Date: 2022-11-22 12:19:47.000000000
Message: 
Patch Set 7:

(1 comment)
File Comment: /PATCHSET_LEVEL -> yeah i'll add that separately
----------------------------------------------------------------------------------------------------------------------
Author: Jim Walker
Date: 2022-11-22 12:20:53.000000000
Message: 
Patch Set 7: Verified+1
----------------------------------------------------------------------------------------------------------------------
Author: Jim Walker
Date: 2022-11-22 12:20:55.000000000
Message: 
Removed Verified-1 by <GERRIT_ACCOUNT_1000011>

----------------------------------------------------------------------------------------------------------------------
Author: Dave Rigby
Date: 2022-11-22 14:24:18.000000000
Message: 
Patch Set 7: Code-Review+2
----------------------------------------------------------------------------------------------------------------------
