======================================================================================================================
DESCRIPTION:

MB-50188 magma-kvstore: Adapt to new magma status codes

Added additional switch cases for newly added error codes
Status::Code::Cancelled and Status::Code::RetryCompaction

Change-Id: Ie606fa5b2141644909b11c9abae3cd3039a6508c

======================================================================================================================
COMMENTS
======================================================================================================================
Author: Sarath Lakshman
Date: 2022-01-22 08:31:06.000000000
Message: 
Uploaded patch set 1.
----------------------------------------------------------------------------------------------------------------------
Author: Build Bot
Date: 2022-01-22 09:01:31.000000000
Message: 
Patch Set 1: Verified-1

Build Failed 

http://cv.jenkins.couchbase.com/job/kv_engine-windows-master/43152/ : FAILURE

Failure of GoogleTest "StatTest.WarmupStats":

<pre>
[ RUN      ] StatTest.WarmupStats
..\kv_engine\engines\ep\tests\module_tests\stats_test.cc(694): error: Actual function call count doesn"t match EXPECT_CALL(cb, Call("ep_warmup_estimate_time"sv, _, _))...
         Expected: to be called once
           Actual: never called - unsatisfied and active
[  FAILED  ] StatTest.WarmupStats (14 ms)
StatTest.WarmupStats
</pre>
 ( http://cv.jenkins.couchbase.com/job/kv_engine-windows-master/43152/ )

http://cv.jenkins.couchbase.com/job/kv_engine.ASan-UBSan/job/master/25144/ : FAILURE

One of more core files found at the end of the build. Data for post-mortem saved to archived_core_dumps.tar.bz2 under "Build Artifacts". ( http://cv.jenkins.couchbase.com/job/kv_engine.ASan-UBSan/job/master/25144/ )

http://cv.jenkins.couchbase.com/job/kv_engine-clang_format_9/13894/ : SUCCESS

http://cv.jenkins.couchbase.com/job/kv_engine-clang_tidy-master/15050/ : SUCCESS

http://cv.jenkins.couchbase.com/job/kv_engine-clang_analyzer-master/36505/ : SUCCESS

http://cv.jenkins.couchbase.com/job/kv_engine.macos/job/master/15861/ : SUCCESS

http://cv.jenkins.couchbase.com/job/kv_engine.libFuzzer/job/master/4695/ : SUCCESS

http://cv.jenkins.couchbase.com/job/kv_engine.linux/job/master/17038/ : SUCCESS

http://cv.jenkins.couchbase.com/job/kv_engine.linux-CE/job/master/16734/ : SUCCESS

http://cv.jenkins.couchbase.com/job/kv_engine.aarch64-linux/job/master/4757/ : SUCCESS

http://cv.jenkins.couchbase.com/job/kv_engine.threadsanitizer/job/master/17810/ : SUCCESS
----------------------------------------------------------------------------------------------------------------------
Author: Sarath Lakshman
Date: 2022-01-22 09:38:48.000000000
Message: 
Patch Set 1:

Corresponding magma change: https://review.couchbase.org/c/magma/+/169285
----------------------------------------------------------------------------------------------------------------------
Author: Build Bot
Date: 2022-01-22 10:02:14.000000000
Message: 
Patch Set 1:

Build Failed 

http://cv.jenkins.couchbase.com/job/kv_engine.ASan-UBSan/job/master/25145/ : FAILURE

http://cv.jenkins.couchbase.com/job/kv_engine-windows-master/43153/ : FAILURE

Failure of GoogleTest "PersistentAndEphemeral/ConnectionTest.test_maybesendnoop_noop_already_pending/7":

<pre>
[ RUN      ] PersistentAndEphemeral/ConnectionTest.test_maybesendnoop_noop_already_pending/7
2022-01-22T01:48:19.022390-08:00 CRITICAL (default) MagmaKVStore Magma open failed. Status:IOError: Unable to open file ep_engine_ep_unit_tests.db/test.507202/magma.0/config.json.tmp: The system cannot find the path specified.
unknown file: error: C++ exception with description "MagmaKVStore Magma open failed. Status:IOError: Unable to open file ep_engine_ep_unit_tests.db/test.507202/magma.0/config.json.tmp: The system cannot find the path specified." thrown in SetUp().
[  FAILED  ] PersistentAndEphemeral/ConnectionTest.test_maybesendnoop_noop_already_pending/7, where GetParam() = ("persistent_magma", "full_eviction") (23 ms)
PersistentAndEphemeral/ConnectionTest.test_maybesendnoop_noop_already_pending/7
</pre>
 ( http://cv.jenkins.couchbase.com/job/kv_engine-windows-master/43153/ )

http://cv.jenkins.couchbase.com/job/kv_engine-clang_format_9/13894/ : SUCCESS

http://cv.jenkins.couchbase.com/job/kv_engine-clang_tidy-master/15050/ : SUCCESS

http://cv.jenkins.couchbase.com/job/kv_engine-clang_analyzer-master/36505/ : SUCCESS

http://cv.jenkins.couchbase.com/job/kv_engine.macos/job/master/15861/ : SUCCESS

http://cv.jenkins.couchbase.com/job/kv_engine.libFuzzer/job/master/4695/ : SUCCESS

http://cv.jenkins.couchbase.com/job/kv_engine.linux/job/master/17038/ : SUCCESS

http://cv.jenkins.couchbase.com/job/kv_engine.linux-CE/job/master/16734/ : SUCCESS

http://cv.jenkins.couchbase.com/job/kv_engine.aarch64-linux/job/master/4757/ : SUCCESS

http://cv.jenkins.couchbase.com/job/kv_engine.threadsanitizer/job/master/17810/ : SUCCESS
----------------------------------------------------------------------------------------------------------------------
Author: Build Bot
Date: 2022-01-22 11:50:04.000000000
Message: 
Patch Set 1:

Build Failed 

http://cv.jenkins.couchbase.com/job/kv_engine.ASan-UBSan/job/master/25146/ : FAILURE

http://cv.jenkins.couchbase.com/job/kv_engine-clang_format_9/13895/ : SUCCESS

http://cv.jenkins.couchbase.com/job/kv_engine-clang_tidy-master/15051/ : SUCCESS

http://cv.jenkins.couchbase.com/job/kv_engine-clang_analyzer-master/36506/ : SUCCESS

http://cv.jenkins.couchbase.com/job/kv_engine.macos/job/master/15862/ : SUCCESS

http://cv.jenkins.couchbase.com/job/kv_engine.libFuzzer/job/master/4696/ : SUCCESS

http://cv.jenkins.couchbase.com/job/kv_engine.linux/job/master/17039/ : SUCCESS

http://cv.jenkins.couchbase.com/job/kv_engine.linux-CE/job/master/16735/ : SUCCESS

http://cv.jenkins.couchbase.com/job/kv_engine.aarch64-linux/job/master/4758/ : SUCCESS

http://cv.jenkins.couchbase.com/job/kv_engine.threadsanitizer/job/master/17811/ : SUCCESS

http://cv.jenkins.couchbase.com/job/kv_engine-windows-master/43154/ : SUCCESS
----------------------------------------------------------------------------------------------------------------------
Author: Build Bot
Date: 2022-01-22 13:07:18.000000000
Message: 
Patch Set 1:

Build Failed 

http://cv.jenkins.couchbase.com/job/kv_engine.ASan-UBSan/job/master/25147/ : FAILURE

http://cv.jenkins.couchbase.com/job/kv_engine-clang_format_9/13895/ : SUCCESS

http://cv.jenkins.couchbase.com/job/kv_engine-clang_tidy-master/15051/ : SUCCESS

http://cv.jenkins.couchbase.com/job/kv_engine-clang_analyzer-master/36506/ : SUCCESS

http://cv.jenkins.couchbase.com/job/kv_engine.macos/job/master/15862/ : SUCCESS

http://cv.jenkins.couchbase.com/job/kv_engine.libFuzzer/job/master/4696/ : SUCCESS

http://cv.jenkins.couchbase.com/job/kv_engine.linux/job/master/17039/ : SUCCESS

http://cv.jenkins.couchbase.com/job/kv_engine.linux-CE/job/master/16735/ : SUCCESS

http://cv.jenkins.couchbase.com/job/kv_engine.aarch64-linux/job/master/4758/ : SUCCESS

http://cv.jenkins.couchbase.com/job/kv_engine.threadsanitizer/job/master/17811/ : SUCCESS

http://cv.jenkins.couchbase.com/job/kv_engine-windows-master/43154/ : SUCCESS
----------------------------------------------------------------------------------------------------------------------
Author: Build Bot
Date: 2022-01-22 13:50:06.000000000
Message: 
Patch Set 1:

Build Failed 

http://cv.jenkins.couchbase.com/job/kv_engine.ASan-UBSan/job/master/25148/ : FAILURE

http://cv.jenkins.couchbase.com/job/kv_engine.linux-CE/job/master/16736/ : FAILURE

One of more core files found at the end of the build. Data for post-mortem saved to archived_core_dumps.tar.bz2 under "Build Artifacts". ( http://cv.jenkins.couchbase.com/job/kv_engine.linux-CE/job/master/16736/ )

http://cv.jenkins.couchbase.com/job/kv_engine-windows-master/43155/ : FAILURE

Failure of an engine_testapp test:

<pre>
Running [0010/0093]: test dcp replica stream backfill...(123 ms) OK


99% tests passed, 1 tests failed out of 419

Total Test time (real) = 330.60 sec

The following tests FAIL
</pre>
 ( http://cv.jenkins.couchbase.com/job/kv_engine-windows-master/43155/ )

Timeout of a CTest test 419/419 Test #285: ep_testsuite_dcp.value_eviction.comp_active ...................................................................................} ( http://cv.jenkins.couchbase.com/job/kv_engine-windows-master/43155/ )

http://cv.jenkins.couchbase.com/job/kv_engine-clang_format_9/13896/ : SUCCESS

http://cv.jenkins.couchbase.com/job/kv_engine-clang_tidy-master/15052/ : SUCCESS

http://cv.jenkins.couchbase.com/job/kv_engine-clang_analyzer-master/36507/ : SUCCESS

http://cv.jenkins.couchbase.com/job/kv_engine.macos/job/master/15863/ : SUCCESS

http://cv.jenkins.couchbase.com/job/kv_engine.libFuzzer/job/master/4697/ : SUCCESS

http://cv.jenkins.couchbase.com/job/kv_engine.linux/job/master/17040/ : SUCCESS

http://cv.jenkins.couchbase.com/job/kv_engine.aarch64-linux/job/master/4759/ : SUCCESS

http://cv.jenkins.couchbase.com/job/kv_engine.threadsanitizer/job/master/17812/ : SUCCESS
----------------------------------------------------------------------------------------------------------------------
Author: Build Bot
Date: 2022-01-22 14:58:19.000000000
Message: 
Patch Set 1:

Build Failed 

http://cv.jenkins.couchbase.com/job/kv_engine.linux-CE/job/master/16736/ : FAILURE

One of more core files found at the end of the build. Data for post-mortem saved to archived_core_dumps.tar.bz2 under "Build Artifacts". ( http://cv.jenkins.couchbase.com/job/kv_engine.linux-CE/job/master/16736/ )

http://cv.jenkins.couchbase.com/job/kv_engine-windows-master/43155/ : FAILURE

Failure of an engine_testapp test:

<pre>
Running [0010/0093]: test dcp replica stream backfill...(123 ms) OK


99% tests passed, 1 tests failed out of 419

Total Test time (real) = 330.60 sec

The following tests FAIL
</pre>
 ( http://cv.jenkins.couchbase.com/job/kv_engine-windows-master/43155/ )

Timeout of a CTest test 419/419 Test #285: ep_testsuite_dcp.value_eviction.comp_active ...................................................................................} ( http://cv.jenkins.couchbase.com/job/kv_engine-windows-master/43155/ )

http://cv.jenkins.couchbase.com/job/kv_engine.ASan-UBSan/job/master/25149/ : FAILURE

http://cv.jenkins.couchbase.com/job/kv_engine-clang_format_9/13896/ : SUCCESS

http://cv.jenkins.couchbase.com/job/kv_engine-clang_tidy-master/15052/ : SUCCESS

http://cv.jenkins.couchbase.com/job/kv_engine-clang_analyzer-master/36507/ : SUCCESS

http://cv.jenkins.couchbase.com/job/kv_engine.macos/job/master/15863/ : SUCCESS

http://cv.jenkins.couchbase.com/job/kv_engine.libFuzzer/job/master/4697/ : SUCCESS

http://cv.jenkins.couchbase.com/job/kv_engine.linux/job/master/17040/ : SUCCESS

http://cv.jenkins.couchbase.com/job/kv_engine.aarch64-linux/job/master/4759/ : SUCCESS

http://cv.jenkins.couchbase.com/job/kv_engine.threadsanitizer/job/master/17812/ : SUCCESS
----------------------------------------------------------------------------------------------------------------------
Author: Build Bot
Date: 2022-01-24 04:52:28.000000000
Message: 
Patch Set 1:

Build Failed 

http://cv.jenkins.couchbase.com/job/kv_engine.ASan-UBSan/job/master/25149/ : FAILURE

Failure of GoogleTest "TransportProtocols/XattrTest.mb25928_SystemCanExceedDocumentLimit/Mcbp_XattrYes_JsonYes_SnappyYes":

<pre>
[ RUN      ] TransportProtocols/XattrTest.mb25928_SystemCanExceedDocumentLimit/Mcbp_XattrYes_JsonYes_SnappyYes
[2022-01-22T14:47:37.683Z] /home/couchbase/jenkins/workspace/kv_engine.ASan-UBSan_master/kv_engine/tests/testapp/testapp_xattr.cc:1935: Failure
[2022-01-22T14:47:37.683Z] Value of: resp.isSuccess()
[2022-01-22T14:47:37.683Z]   Actual: false
[2022-01-22T14:47:37.683Z] Expected: true
[2022-01-22T14:47:37.683Z] Expected to be able to store system xattrs
[2022-01-22T14:47:37.683Z] [  FAILED  ] TransportProtocols/XattrTest.mb25928_SystemCanExceedDocumentLimit/Mcbp_XattrYes_JsonYes_SnappyYes, where GetParam() = (Mcbp, XattrYes, 4-byte object <00-00 00-00>, 4-byte object <00-00 00-00>) (185 ms)
TransportProtocols/XattrTest.mb25928_SystemCanExceedDocumentLimit/Mcbp_XattrYes_JsonYes_SnappyYes
</pre>
 ( http://cv.jenkins.couchbase.com/job/kv_engine.ASan-UBSan/job/master/25149/ )

Timeout of a CTest test [2022-01-22T14:52:32.986Z]   9/421 Test #210: ep-engine_ep_unit_tests.AllBackends/DurabilityEPBucketTest ..................................................} ( http://cv.jenkins.couchbase.com/job/kv_engine.ASan-UBSan/job/master/25149/ )

http://cv.jenkins.couchbase.com/job/kv_engine-windows-master/43156/ : FAILURE

Failure of an engine_testapp test:

<pre>
Running [0140/0159]: test get random key...(137 ms) OK


99% tests passed, 2 tests failed out of 419

Total Test time (real) = 676.23 sec

The following tests FAIL
</pre>
 ( http://cv.jenkins.couchbase.com/job/kv_engine-windows-master/43156/ )

Timeout of a CTest test 418/419 Test #290: ep_testsuite_dcp.value_eviction.magma .........................................................................................} ( http://cv.jenkins.couchbase.com/job/kv_engine-windows-master/43156/ )

http://cv.jenkins.couchbase.com/job/kv_engine.linux-CE/job/master/16737/ : FAILURE

Failure of GoogleTest "TransportProtocols/XattrTest.mb25928_SystemCantExceedSystemLimit/Mcbp_XattrYes_JsonYes_SnappyYes":

<pre>
[ RUN      ] TransportProtocols/XattrTest.mb25928_SystemCantExceedSystemLimit/Mcbp_XattrYes_JsonYes_SnappyYes
[2022-01-24T04:51:38.236Z] unknown file: Failure
[2022-01-24T04:51:38.236Z] C++ exception with description "Failed to store TransportProtocols_XattrTest_mb25928_SystemCantExceedSystemLimit_Mcbp_XattrYes_JsonYes_SnappyYes: Temporary failure (134)" thrown in SetUp().
[2022-01-24T04:51:38.236Z] [  FAILED  ] TransportProtocols/XattrTest.mb25928_SystemCantExceedSystemLimit/Mcbp_XattrYes_JsonYes_SnappyYes, where GetParam() = (Mcbp, XattrYes, 4-byte object <00-00 00-00>, 4-byte object <00-00 00-00>) (1 ms)
TransportProtocols/XattrTest.mb25928_SystemCantExceedSystemLimit/Mcbp_XattrYes_JsonYes_SnappyYes
</pre>
 ( http://cv.jenkins.couchbase.com/job/kv_engine.linux-CE/job/master/16737/ )

http://cv.jenkins.couchbase.com/job/kv_engine-clang_format_9/13896/ : SUCCESS

http://cv.jenkins.couchbase.com/job/kv_engine-clang_tidy-master/15052/ : SUCCESS

http://cv.jenkins.couchbase.com/job/kv_engine-clang_analyzer-master/36507/ : SUCCESS

http://cv.jenkins.couchbase.com/job/kv_engine.macos/job/master/15863/ : SUCCESS

http://cv.jenkins.couchbase.com/job/kv_engine.libFuzzer/job/master/4697/ : SUCCESS

http://cv.jenkins.couchbase.com/job/kv_engine.linux/job/master/17040/ : SUCCESS

http://cv.jenkins.couchbase.com/job/kv_engine.aarch64-linux/job/master/4759/ : SUCCESS

http://cv.jenkins.couchbase.com/job/kv_engine.threadsanitizer/job/master/17812/ : SUCCESS
----------------------------------------------------------------------------------------------------------------------
Author: Build Bot
Date: 2022-01-24 07:27:41.000000000
Message: 
Patch Set 1:

Build Failed 

http://cv.jenkins.couchbase.com/job/kv_engine.linux-CE/job/master/16737/ : FAILURE

Failure of GoogleTest "TransportProtocols/XattrTest.mb25928_SystemCantExceedSystemLimit/Mcbp_XattrYes_JsonYes_SnappyYes":

<pre>
[ RUN      ] TransportProtocols/XattrTest.mb25928_SystemCantExceedSystemLimit/Mcbp_XattrYes_JsonYes_SnappyYes
[2022-01-24T04:51:38.236Z] unknown file: Failure
[2022-01-24T04:51:38.236Z] C++ exception with description "Failed to store TransportProtocols_XattrTest_mb25928_SystemCantExceedSystemLimit_Mcbp_XattrYes_JsonYes_SnappyYes: Temporary failure (134)" thrown in SetUp().
[2022-01-24T04:51:38.236Z] [  FAILED  ] TransportProtocols/XattrTest.mb25928_SystemCantExceedSystemLimit/Mcbp_XattrYes_JsonYes_SnappyYes, where GetParam() = (Mcbp, XattrYes, 4-byte object <00-00 00-00>, 4-byte object <00-00 00-00>) (1 ms)
TransportProtocols/XattrTest.mb25928_SystemCantExceedSystemLimit/Mcbp_XattrYes_JsonYes_SnappyYes
</pre>
 ( http://cv.jenkins.couchbase.com/job/kv_engine.linux-CE/job/master/16737/ )

http://cv.jenkins.couchbase.com/job/kv_engine-windows-master/43156/ : FAILURE

Failure of an engine_testapp test:

<pre>
Running [0140/0159]: test get random key...(137 ms) OK


99% tests passed, 2 tests failed out of 419

Total Test time (real) = 676.23 sec

The following tests FAIL
</pre>
 ( http://cv.jenkins.couchbase.com/job/kv_engine-windows-master/43156/ )

Timeout of a CTest test 418/419 Test #290: ep_testsuite_dcp.value_eviction.magma .........................................................................................} ( http://cv.jenkins.couchbase.com/job/kv_engine-windows-master/43156/ )

http://cv.jenkins.couchbase.com/job/kv_engine-clang_format_9/13896/ : SUCCESS

http://cv.jenkins.couchbase.com/job/kv_engine-clang_tidy-master/15052/ : SUCCESS

http://cv.jenkins.couchbase.com/job/kv_engine-clang_analyzer-master/36507/ : SUCCESS

http://cv.jenkins.couchbase.com/job/kv_engine.macos/job/master/15863/ : SUCCESS

http://cv.jenkins.couchbase.com/job/kv_engine.libFuzzer/job/master/4697/ : SUCCESS

http://cv.jenkins.couchbase.com/job/kv_engine.linux/job/master/17040/ : SUCCESS

http://cv.jenkins.couchbase.com/job/kv_engine.aarch64-linux/job/master/4759/ : SUCCESS

http://cv.jenkins.couchbase.com/job/kv_engine.threadsanitizer/job/master/17812/ : SUCCESS

http://cv.jenkins.couchbase.com/job/kv_engine.ASan-UBSan/job/master/25154/ : SUCCESS
----------------------------------------------------------------------------------------------------------------------
Author: Build Bot
Date: 2022-01-24 09:31:09.000000000
Message: 
Patch Set 1:

Build Failed 

http://cv.jenkins.couchbase.com/job/kv_engine-windows-master/43175/ : FAILURE

Failure of an engine_testapp test:

<pre>
Running [0054/0159]: stats curr_items ADD SET...(134 ms) OK


99% tests passed, 2 tests failed out of 419

Total Test time (real) = 695.36 sec

The following tests FAIL
</pre>
 ( http://cv.jenkins.couchbase.com/job/kv_engine-windows-master/43175/ )

Failure of GoogleTest "EphemeralOrPersistent/STParameterizedBucketTest.slow_stream_backfill_expiry/persistent_nexus_couchstore_magma_value_only":

<pre>
[ RUN      ] EphemeralOrPersistent/STParameterizedBucketTest.slow_stream_backfill_expiry/persistent_nexus_couchstore_magma_value_only
2022-01-24T01:20:21.003878-08:00 CRITICAL (SynchronousEPEngine:default) MagmaKVStore Magma open failed. Status:IOError: Unable to open file ep_engine_ep_unit_tests.db/test.009601\nexus-secondary/magma.0/config.json.tmp: The system cannot find the path specified.
unknown file: error: C++ exception with description "MagmaKVStore Magma open failed. Status:IOError: Unable to open file ep_engine_ep_unit_tests.db/test.009601\nexus-secondary/magma.0/config.json.tmp: The system cannot find the path specified." thrown in SetUp().
unknown file: error: SEH exception with code 0xc0000005 thrown in TearDown().
[  FAILED  ] EphemeralOrPersistent/STParameterizedBucketTest.slow_stream_backfill_expiry/persistent_nexus_couchstore_magma_value_only, where GetParam() = ("persistent_nexus_couchstore_magma", "value_only") (11 ms)
EphemeralOrPersistent/STParameterizedBucketTest.slow_stream_backfill_expiry/persistent_nexus_couchstore_magma_value_only
</pre>
 ( http://cv.jenkins.couchbase.com/job/kv_engine-windows-master/43175/ )

Timeout of a CTest test 419/419 Test #275: ep_testsuite.full_eviction.magma ..............................................................................................} ( http://cv.jenkins.couchbase.com/job/kv_engine-windows-master/43175/ )

http://cv.jenkins.couchbase.com/job/kv_engine.linux-CE/job/master/16746/ : FAILURE

Failure of GoogleTest "TransportProtocols/WithMetaTest.MB36304_DocumentMaxSizeWithXattr/McbpSsl_XattrYes_JsonNo_SnappyNo":

<pre>
[ RUN      ] TransportProtocols/WithMetaTest.MB36304_DocumentMaxSizeWithXattr/McbpSsl_XattrYes_JsonNo_SnappyNo
[2022-01-24T09:15:43.784Z] unknown file: Failure
[2022-01-24T09:15:43.784Z] C++ exception with description "Failed to mutateWithMeta TransportProtocols_WithMetaTest_MB36304_DocumentMaxSizeWithXattr_McbpSsl_XattrYes_JsonNo_SnappyNo : Temporary failure (134)" thrown in the test body.
[2022-01-24T09:15:43.784Z] [  FAILED  ] TransportProtocols/WithMetaTest.MB36304_DocumentMaxSizeWithXattr/McbpSsl_XattrYes_JsonNo_SnappyNo, where GetParam() = (McbpSsl, XattrYes, 4-byte object <01-00 00-00>, 4-byte object <01-00 00-00>) (177 ms)
TransportProtocols/WithMetaTest.MB36304_DocumentMaxSizeWithXattr/McbpSsl_XattrYes_JsonNo_SnappyNo
</pre>
 ( http://cv.jenkins.couchbase.com/job/kv_engine.linux-CE/job/master/16746/ )

http://cv.jenkins.couchbase.com/job/kv_engine.ASan-UBSan/job/master/25154/ : SUCCESS

http://cv.jenkins.couchbase.com/job/kv_engine-clang_format_9/13896/ : SUCCESS

http://cv.jenkins.couchbase.com/job/kv_engine-clang_tidy-master/15052/ : SUCCESS

http://cv.jenkins.couchbase.com/job/kv_engine-clang_analyzer-master/36507/ : SUCCESS

http://cv.jenkins.couchbase.com/job/kv_engine.macos/job/master/15863/ : SUCCESS

http://cv.jenkins.couchbase.com/job/kv_engine.libFuzzer/job/master/4697/ : SUCCESS

http://cv.jenkins.couchbase.com/job/kv_engine.linux/job/master/17040/ : SUCCESS

http://cv.jenkins.couchbase.com/job/kv_engine.aarch64-linux/job/master/4759/ : SUCCESS

http://cv.jenkins.couchbase.com/job/kv_engine.threadsanitizer/job/master/17812/ : SUCCESS
----------------------------------------------------------------------------------------------------------------------
Author: Build Bot
Date: 2022-01-24 10:30:01.000000000
Message: 
Patch Set 1:

Build Failed 

http://cv.jenkins.couchbase.com/job/kv_engine-windows-master/43175/ : FAILURE

Failure of an engine_testapp test:

<pre>
Running [0054/0159]: stats curr_items ADD SET...(134 ms) OK


99% tests passed, 2 tests failed out of 419

Total Test time (real) = 695.36 sec

The following tests FAIL
</pre>
 ( http://cv.jenkins.couchbase.com/job/kv_engine-windows-master/43175/ )

Failure of GoogleTest "EphemeralOrPersistent/STParameterizedBucketTest.slow_stream_backfill_expiry/persistent_nexus_couchstore_magma_value_only":

<pre>
[ RUN      ] EphemeralOrPersistent/STParameterizedBucketTest.slow_stream_backfill_expiry/persistent_nexus_couchstore_magma_value_only
2022-01-24T01:20:21.003878-08:00 CRITICAL (SynchronousEPEngine:default) MagmaKVStore Magma open failed. Status:IOError: Unable to open file ep_engine_ep_unit_tests.db/test.009601\nexus-secondary/magma.0/config.json.tmp: The system cannot find the path specified.
unknown file: error: C++ exception with description "MagmaKVStore Magma open failed. Status:IOError: Unable to open file ep_engine_ep_unit_tests.db/test.009601\nexus-secondary/magma.0/config.json.tmp: The system cannot find the path specified." thrown in SetUp().
unknown file: error: SEH exception with code 0xc0000005 thrown in TearDown().
[  FAILED  ] EphemeralOrPersistent/STParameterizedBucketTest.slow_stream_backfill_expiry/persistent_nexus_couchstore_magma_value_only, where GetParam() = ("persistent_nexus_couchstore_magma", "value_only") (11 ms)
EphemeralOrPersistent/STParameterizedBucketTest.slow_stream_backfill_expiry/persistent_nexus_couchstore_magma_value_only
</pre>
 ( http://cv.jenkins.couchbase.com/job/kv_engine-windows-master/43175/ )

Timeout of a CTest test 419/419 Test #275: ep_testsuite.full_eviction.magma ..............................................................................................} ( http://cv.jenkins.couchbase.com/job/kv_engine-windows-master/43175/ )

http://cv.jenkins.couchbase.com/job/kv_engine.linux-CE/job/master/16748/ : FAILURE

http://cv.jenkins.couchbase.com/job/kv_engine.ASan-UBSan/job/master/25154/ : SUCCESS

http://cv.jenkins.couchbase.com/job/kv_engine-clang_format_9/13896/ : SUCCESS

http://cv.jenkins.couchbase.com/job/kv_engine-clang_tidy-master/15052/ : SUCCESS

http://cv.jenkins.couchbase.com/job/kv_engine-clang_analyzer-master/36507/ : SUCCESS

http://cv.jenkins.couchbase.com/job/kv_engine.macos/job/master/15863/ : SUCCESS

http://cv.jenkins.couchbase.com/job/kv_engine.libFuzzer/job/master/4697/ : SUCCESS

http://cv.jenkins.couchbase.com/job/kv_engine.linux/job/master/17040/ : SUCCESS

http://cv.jenkins.couchbase.com/job/kv_engine.aarch64-linux/job/master/4759/ : SUCCESS

http://cv.jenkins.couchbase.com/job/kv_engine.threadsanitizer/job/master/17812/ : SUCCESS
----------------------------------------------------------------------------------------------------------------------
