======================================================================================================================
DESCRIPTION:

MB-51513: Merge branch 'couchbase/cheshire-cat' into 'couchbase/neo'

* couchbase/cheshire-cat:
  MB-51513: Revert "MB-34280: Set max DCP name to 200 characters"

Change-Id: Id1b62383dc04168046510aa7a5f2dace4e98011d

======================================================================================================================
COMMENTS
======================================================================================================================
Author: Jim Walker
Date: 2022-03-18 15:31:07.000000000
Message: 
Uploaded patch set 1.
----------------------------------------------------------------------------------------------------------------------
Author: Restriction Checker
Date: 2022-03-18 15:31:17.000000000
Message: 
Patch Set 1: Well-Formed+1

Permission granted to commit: 

http://server.jenkins.couchbase.com/job/restricted-branch-check/291671/artifact/restricted.html : SUCCESS
----------------------------------------------------------------------------------------------------------------------
Author: James H
Date: 2022-03-18 15:36:39.000000000
Message: 
Patch Set 1: Code-Review+2
----------------------------------------------------------------------------------------------------------------------
Author: Build Bot
Date: 2022-03-18 15:58:19.000000000
Message: 
Patch Set 1: Verified-1

Build Failed 

http://cv.jenkins.couchbase.com/job/kv_engine-windows-neo/99/ : FAILURE

Failure of GoogleTest "PersistentAndEphemeral/DcpStreamSyncReplTest.NoPendingWriteWithoutSyncReplica/ephemeral":

<pre>
[ RUN      ] PersistentAndEphemeral/DcpStreamSyncReplTest.NoPendingWriteWithoutSyncReplica/ephemeral
unknown file: error: C++ exception with description "cb::io::rmrf: remove of file \\?\C:\Jenkins\workspace\kv_engine-windows-neo\build\kv_engine\ep_engine_ep_unit_tests.db\test.578201\magma.0\wal\wal.1 under ep_engine_ep_unit_tests.db/test.578201 failed: The data is invalid." thrown in TearDown().
[  FAILED  ] PersistentAndEphemeral/DcpStreamSyncReplTest.NoPendingWriteWithoutSyncReplica/ephemeral, where GetParam() = "ephemeral" (18 ms)
PersistentAndEphemeral/DcpStreamSyncReplTest.NoPendingWriteWithoutSyncReplica/ephemeral
</pre>
 ( http://cv.jenkins.couchbase.com/job/kv_engine-windows-neo/99/ )

Timeout of a CTest test 422/422 Test  #78: ep-engine_ep_unit_tests.ExecutorPoolTest/class FollyExecutorPool ..............................................................} ( http://cv.jenkins.couchbase.com/job/kv_engine-windows-neo/99/ )

http://cv.jenkins.couchbase.com/job/kv_engine-clang_format_9/15001/ : SUCCESS

http://cv.jenkins.couchbase.com/job/kv_engine-clang_analyzer-neo/75/ : SUCCESS

http://cv.jenkins.couchbase.com/job/kv_engine-clang_tidy-neo/76/ : SUCCESS

http://cv.jenkins.couchbase.com/job/kv_engine.libFuzzer/job/neo/76/ : SUCCESS

http://cv.jenkins.couchbase.com/job/kv_engine.linux-CE/job/neo/79/ : SUCCESS

http://cv.jenkins.couchbase.com/job/kv_engine.threadsanitizer/job/neo/78/ : SUCCESS

http://cv.jenkins.couchbase.com/job/kv_engine.linux/job/neo/78/ : SUCCESS

http://cv.jenkins.couchbase.com/job/kv_engine.ASan-UBSan/job/neo/76/ : SUCCESS

http://cv.jenkins.couchbase.com/job/kv_engine.macos/job/neo/79/ : SUCCESS

http://cv.jenkins.couchbase.com/job/kv_engine.aarch64-linux/job/neo/70/ : SUCCESS
----------------------------------------------------------------------------------------------------------------------
Author: Build Bot
Date: 2022-03-18 16:21:12.000000000
Message: 
Patch Set 1:

Build Failed 

http://cv.jenkins.couchbase.com/job/kv_engine-windows-neo/100/ : FAILURE

Failure of an engine_testapp test:

<pre>
Running [64/93]: dcp failover log...(79 ms) OK


99% tests passed, 1 tests failed out of 422

Total Test time (real) = 338.77 sec

The following tests FAIL
</pre>
 ( http://cv.jenkins.couchbase.com/job/kv_engine-windows-neo/100/ )

Timeout of a CTest test 422/422 Test #289: ep_testsuite_dcp.full_eviction.comp_passive ...................................................................................} ( http://cv.jenkins.couchbase.com/job/kv_engine-windows-neo/100/ )

http://cv.jenkins.couchbase.com/job/kv_engine-clang_format_9/15001/ : SUCCESS

http://cv.jenkins.couchbase.com/job/kv_engine-clang_analyzer-neo/75/ : SUCCESS

http://cv.jenkins.couchbase.com/job/kv_engine-clang_tidy-neo/76/ : SUCCESS

http://cv.jenkins.couchbase.com/job/kv_engine.libFuzzer/job/neo/76/ : SUCCESS

http://cv.jenkins.couchbase.com/job/kv_engine.linux-CE/job/neo/79/ : SUCCESS

http://cv.jenkins.couchbase.com/job/kv_engine.threadsanitizer/job/neo/78/ : SUCCESS

http://cv.jenkins.couchbase.com/job/kv_engine.linux/job/neo/78/ : SUCCESS

http://cv.jenkins.couchbase.com/job/kv_engine.ASan-UBSan/job/neo/76/ : SUCCESS

http://cv.jenkins.couchbase.com/job/kv_engine.macos/job/neo/79/ : SUCCESS

http://cv.jenkins.couchbase.com/job/kv_engine.aarch64-linux/job/neo/70/ : SUCCESS
----------------------------------------------------------------------------------------------------------------------
Author: Build Bot
Date: 2022-03-18 16:36:50.000000000
Message: 
Patch Set 1:

Build Failed 

http://cv.jenkins.couchbase.com/job/kv_engine-windows-neo/101/ : FAILURE

Timeout of a CTest test 422/422 Test  #78: ep-engine_ep_unit_tests.ExecutorPoolTest/class FollyExecutorPool ..............................................................} ( http://cv.jenkins.couchbase.com/job/kv_engine-windows-neo/101/ )

http://cv.jenkins.couchbase.com/job/kv_engine-clang_format_9/15001/ : SUCCESS

http://cv.jenkins.couchbase.com/job/kv_engine-clang_analyzer-neo/75/ : SUCCESS

http://cv.jenkins.couchbase.com/job/kv_engine-clang_tidy-neo/76/ : SUCCESS

http://cv.jenkins.couchbase.com/job/kv_engine.libFuzzer/job/neo/76/ : SUCCESS

http://cv.jenkins.couchbase.com/job/kv_engine.linux-CE/job/neo/79/ : SUCCESS

http://cv.jenkins.couchbase.com/job/kv_engine.threadsanitizer/job/neo/78/ : SUCCESS

http://cv.jenkins.couchbase.com/job/kv_engine.linux/job/neo/78/ : SUCCESS

http://cv.jenkins.couchbase.com/job/kv_engine.ASan-UBSan/job/neo/76/ : SUCCESS

http://cv.jenkins.couchbase.com/job/kv_engine.macos/job/neo/79/ : SUCCESS

http://cv.jenkins.couchbase.com/job/kv_engine.aarch64-linux/job/neo/70/ : SUCCESS
----------------------------------------------------------------------------------------------------------------------
Author: Build Bot
Date: 2022-03-18 16:56:12.000000000
Message: 
Patch Set 1:

Build Failed 

http://cv.jenkins.couchbase.com/job/kv_engine-windows-neo/102/ : FAILURE

Failure of an engine_testapp test:

<pre>
Running [20/47]: cas...(20 ms) OK


99% tests passed, 1 tests failed out of 422

Total Test time (real) = 336.20 sec

The following tests FAIL
</pre>
 ( http://cv.jenkins.couchbase.com/job/kv_engine-windows-neo/102/ )

Timeout of a CTest test 422/422 Test #283: ep_testsuite_basic.ephemeral.comp_passive .....................................................................................} ( http://cv.jenkins.couchbase.com/job/kv_engine-windows-neo/102/ )

http://cv.jenkins.couchbase.com/job/kv_engine-clang_format_9/15001/ : SUCCESS

http://cv.jenkins.couchbase.com/job/kv_engine-clang_analyzer-neo/75/ : SUCCESS

http://cv.jenkins.couchbase.com/job/kv_engine-clang_tidy-neo/76/ : SUCCESS

http://cv.jenkins.couchbase.com/job/kv_engine.libFuzzer/job/neo/76/ : SUCCESS

http://cv.jenkins.couchbase.com/job/kv_engine.linux-CE/job/neo/79/ : SUCCESS

http://cv.jenkins.couchbase.com/job/kv_engine.threadsanitizer/job/neo/78/ : SUCCESS

http://cv.jenkins.couchbase.com/job/kv_engine.linux/job/neo/78/ : SUCCESS

http://cv.jenkins.couchbase.com/job/kv_engine.ASan-UBSan/job/neo/76/ : SUCCESS

http://cv.jenkins.couchbase.com/job/kv_engine.macos/job/neo/79/ : SUCCESS

http://cv.jenkins.couchbase.com/job/kv_engine.aarch64-linux/job/neo/70/ : SUCCESS
----------------------------------------------------------------------------------------------------------------------
Author: Jim Walker
Date: 2022-03-18 16:58:38.000000000
Message: 
Patch Set 1: Verified+1

(1 comment)
File Comment: /PATCHSET_LEVEL -> override unrelated windows failure
----------------------------------------------------------------------------------------------------------------------
Author: Jim Walker
Date: 2022-03-18 16:58:40.000000000
Message: 
Removed Verified-1 by <GERRIT_ACCOUNT_1000011>

----------------------------------------------------------------------------------------------------------------------
Author: Jim Walker
Date: 2022-03-18 16:58:50.000000000
Message: 
Change has been successfully merged
----------------------------------------------------------------------------------------------------------------------
Author: Build Bot
Date: 2022-03-18 16:59:01.000000000
Message: 
Patch Set 1:

Build Started http://cv.jenkins.couchbase.com/job/kv_engine-post-commit-neo/57/ (1/2)
----------------------------------------------------------------------------------------------------------------------
Author: Build Bot
Date: 2022-03-18 16:59:01.000000000
Message: 
Patch Set 1:

Build Started http://cv.jenkins.couchbase.com/job/kv_engine-post-commit-TSan-neo/42/ (2/2)
----------------------------------------------------------------------------------------------------------------------
Author: Build Bot
Date: 2022-03-18 17:30:09.000000000
Message: 
Patch Set 1:

Build Successful 

http://cv.jenkins.couchbase.com/job/kv_engine-post-commit-neo/57/ : SUCCESS

http://cv.jenkins.couchbase.com/job/kv_engine-post-commit-TSan-neo/42/ : SUCCESS'
----------------------------------------------------------------------------------------------------------------------
