======================================================================================================================
DESCRIPTION:

MB-50389: Remove dirtyAge & dirtyAgeHighWat

EPStats::dirtyAge records the 'dirty age' of the last mutation to be
flushed - i.e. the duration from when the item was queued into the
CheckpointManger until it was processed by the flusher. In a live
system the duration of the last mutation is pretty meaningless - it's
basically just a single random sample. We already record a histogtram
of the dirty age for _all_ mutations flushed to disk, which is much
more useful.

Similary, EPStats::dirtyAgeHighWat records the maxmimum value for
dirtyAge - which the histogram also records for us.

Remove these two statistics as they just duplicate information
available elsewhere.

Change-Id: Icaaf6c86c89dec5612921b49ee0846b4b328b260

======================================================================================================================
COMMENTS
======================================================================================================================
Author: Dave Rigby
Date: 2022-01-25 10:40:24.000000000
Message: 
Patch Set 2: Patch Set 1 was rebased
----------------------------------------------------------------------------------------------------------------------
Author: Build Bot
Date: 2022-01-25 12:24:12.000000000
Message: 
Patch Set 2: Verified-1

Build Failed 

http://cv.jenkins.couchbase.com/job/kv_engine-windows-master/43255/ : FAILURE

Failure of an engine_testapp test:

<pre>
Running [0140/0159]: test get random key...(176 ms) OK


99% tests passed, 1 tests failed out of 418

Total Test time (real) = 715.15 sec

The following tests FAIL
</pre>
 ( http://cv.jenkins.couchbase.com/job/kv_engine-windows-master/43255/ )

Timeout of a CTest test 418/418 Test #272: ep_testsuite.ephemeral.comp_active ............................................................................................} ( http://cv.jenkins.couchbase.com/job/kv_engine-windows-master/43255/ )

http://cv.jenkins.couchbase.com/job/kv_engine-clang_format_9/13952/ : SUCCESS

http://cv.jenkins.couchbase.com/job/kv_engine-clang_tidy-master/15107/ : SUCCESS

http://cv.jenkins.couchbase.com/job/kv_engine-clang_analyzer-master/36561/ : SUCCESS

http://cv.jenkins.couchbase.com/job/kv_engine.linux/job/master/17114/ : SUCCESS

http://cv.jenkins.couchbase.com/job/kv_engine.threadsanitizer/job/master/17877/ : SUCCESS

http://cv.jenkins.couchbase.com/job/kv_engine.linux-CE/job/master/16803/ : SUCCESS

http://cv.jenkins.couchbase.com/job/kv_engine.ASan-UBSan/job/master/25220/ : SUCCESS

http://cv.jenkins.couchbase.com/job/kv_engine.aarch64-linux/job/master/4820/ : SUCCESS

http://cv.jenkins.couchbase.com/job/kv_engine.libFuzzer/job/master/4757/ : SUCCESS

http://cv.jenkins.couchbase.com/job/kv_engine.macos/job/master/15922/ : SUCCESS
----------------------------------------------------------------------------------------------------------------------
Author: Build Bot
Date: 2022-01-25 15:12:00.000000000
Message: 
Patch Set 2:

Build Failed 

http://cv.jenkins.couchbase.com/job/kv_engine-windows-master/43274/ : FAILURE

Failure of an engine_testapp test:

<pre>
Running [0024/0093]: test producer stream request (disk only)...(209 ms) OK


99% tests passed, 1 tests failed out of 418

Total Test time (real) = 356.57 sec

The following tests FAIL
</pre>
 ( http://cv.jenkins.couchbase.com/job/kv_engine-windows-master/43274/ )

Timeout of a CTest test 418/418 Test #285: ep_testsuite_dcp.full_eviction.comp_passive ...................................................................................} ( http://cv.jenkins.couchbase.com/job/kv_engine-windows-master/43274/ )

http://cv.jenkins.couchbase.com/job/kv_engine-clang_format_9/13952/ : SUCCESS

http://cv.jenkins.couchbase.com/job/kv_engine-clang_tidy-master/15107/ : SUCCESS

http://cv.jenkins.couchbase.com/job/kv_engine-clang_analyzer-master/36561/ : SUCCESS

http://cv.jenkins.couchbase.com/job/kv_engine.linux/job/master/17114/ : SUCCESS

http://cv.jenkins.couchbase.com/job/kv_engine.threadsanitizer/job/master/17877/ : SUCCESS

http://cv.jenkins.couchbase.com/job/kv_engine.linux-CE/job/master/16803/ : SUCCESS

http://cv.jenkins.couchbase.com/job/kv_engine.ASan-UBSan/job/master/25220/ : SUCCESS

http://cv.jenkins.couchbase.com/job/kv_engine.aarch64-linux/job/master/4820/ : SUCCESS

http://cv.jenkins.couchbase.com/job/kv_engine.libFuzzer/job/master/4757/ : SUCCESS

http://cv.jenkins.couchbase.com/job/kv_engine.macos/job/master/15922/ : SUCCESS
----------------------------------------------------------------------------------------------------------------------
Author: Build Bot
Date: 2022-01-25 15:52:25.000000000
Message: 
Patch Set 2:

Build Failed 

http://cv.jenkins.couchbase.com/job/kv_engine-windows-master/43282/ : FAILURE

Failure of an engine_testapp test:

<pre>
Running [0032/0044]: test set_with_meta and drift stats...(51 ms) OK


99% tests passed, 1 tests failed out of 418

Total Test time (real) = 237.03 sec

The following tests FAIL
</pre>
 ( http://cv.jenkins.couchbase.com/job/kv_engine-windows-master/43282/ )

Timeout of a CTest test 418/418 Test #299: ep_testsuite_xdcr.value_eviction.comp_passive .................................................................................} ( http://cv.jenkins.couchbase.com/job/kv_engine-windows-master/43282/ )

http://cv.jenkins.couchbase.com/job/kv_engine-clang_format_9/13952/ : SUCCESS

http://cv.jenkins.couchbase.com/job/kv_engine-clang_tidy-master/15107/ : SUCCESS

http://cv.jenkins.couchbase.com/job/kv_engine-clang_analyzer-master/36561/ : SUCCESS

http://cv.jenkins.couchbase.com/job/kv_engine.linux/job/master/17114/ : SUCCESS

http://cv.jenkins.couchbase.com/job/kv_engine.threadsanitizer/job/master/17877/ : SUCCESS

http://cv.jenkins.couchbase.com/job/kv_engine.linux-CE/job/master/16803/ : SUCCESS

http://cv.jenkins.couchbase.com/job/kv_engine.ASan-UBSan/job/master/25220/ : SUCCESS

http://cv.jenkins.couchbase.com/job/kv_engine.aarch64-linux/job/master/4820/ : SUCCESS

http://cv.jenkins.couchbase.com/job/kv_engine.libFuzzer/job/master/4757/ : SUCCESS

http://cv.jenkins.couchbase.com/job/kv_engine.macos/job/master/15922/ : SUCCESS
----------------------------------------------------------------------------------------------------------------------
Author: Richard de Mellow
Date: 2022-01-26 09:27:07.000000000
Message: 
Patch Set 2: Code-Review+2
----------------------------------------------------------------------------------------------------------------------
Author: Build Bot
Date: 2022-01-26 09:28:41.000000000
Message: 
Patch Set 2:

Build Failed 

http://cv.jenkins.couchbase.com/job/kv_engine-windows-master/43299/ : FAILURE

Failure of an engine_testapp test:

<pre>
Running [0031/0093]: test producer keep stream open...Exceeded maximum wait time of 60000000us waiting for stat "ep_dcp_producer_count(dcp)" to be 1 (last value:0) - aborting.
</pre>
 ( http://cv.jenkins.couchbase.com/job/kv_engine-windows-master/43299/ )

http://cv.jenkins.couchbase.com/job/kv_engine-clang_format_9/13952/ : SUCCESS

http://cv.jenkins.couchbase.com/job/kv_engine-clang_tidy-master/15107/ : SUCCESS

http://cv.jenkins.couchbase.com/job/kv_engine-clang_analyzer-master/36561/ : SUCCESS

http://cv.jenkins.couchbase.com/job/kv_engine.linux/job/master/17114/ : SUCCESS

http://cv.jenkins.couchbase.com/job/kv_engine.threadsanitizer/job/master/17877/ : SUCCESS

http://cv.jenkins.couchbase.com/job/kv_engine.linux-CE/job/master/16803/ : SUCCESS

http://cv.jenkins.couchbase.com/job/kv_engine.ASan-UBSan/job/master/25220/ : SUCCESS

http://cv.jenkins.couchbase.com/job/kv_engine.aarch64-linux/job/master/4820/ : SUCCESS

http://cv.jenkins.couchbase.com/job/kv_engine.libFuzzer/job/master/4757/ : SUCCESS

http://cv.jenkins.couchbase.com/job/kv_engine.macos/job/master/15922/ : SUCCESS
----------------------------------------------------------------------------------------------------------------------
Author: Build Bot
Date: 2022-01-26 11:30:00.000000000
Message: 
Patch Set 2: Verified+1

Build Successful 

http://cv.jenkins.couchbase.com/job/kv_engine-clang_format_9/13952/ : SUCCESS

http://cv.jenkins.couchbase.com/job/kv_engine-clang_tidy-master/15107/ : SUCCESS

http://cv.jenkins.couchbase.com/job/kv_engine-clang_analyzer-master/36561/ : SUCCESS

http://cv.jenkins.couchbase.com/job/kv_engine.linux/job/master/17114/ : SUCCESS

http://cv.jenkins.couchbase.com/job/kv_engine.threadsanitizer/job/master/17877/ : SUCCESS

http://cv.jenkins.couchbase.com/job/kv_engine.linux-CE/job/master/16803/ : SUCCESS

http://cv.jenkins.couchbase.com/job/kv_engine.ASan-UBSan/job/master/25220/ : SUCCESS

http://cv.jenkins.couchbase.com/job/kv_engine.aarch64-linux/job/master/4820/ : SUCCESS

http://cv.jenkins.couchbase.com/job/kv_engine.libFuzzer/job/master/4757/ : SUCCESS

http://cv.jenkins.couchbase.com/job/kv_engine.macos/job/master/15922/ : SUCCESS

http://cv.jenkins.couchbase.com/job/kv_engine-windows-master/43309/ : SUCCESS
----------------------------------------------------------------------------------------------------------------------
