======================================================================================================================
DESCRIPTION:

MB-53920: wip2

Change-Id: I8540b7781b0929ea6006e1522ee3fe35f19d93ef

======================================================================================================================
COMMENTS
======================================================================================================================
Author: Paolo Cocchi
Date: 2022-10-26 13:27:54.000000000
Message: 
Uploaded patch set 3.
----------------------------------------------------------------------------------------------------------------------
Author: Build Bot
Date: 2022-10-26 15:24:48.000000000
Message: 
Patch Set 3: Verified-1

Build Failed 

https://cv.jenkins.couchbase.com/job/kv_engine.ASan-UBSan/job/master/31957/ : ABORTED

Failure of an engine_testapp test:

<pre>
Running [159/160]: test bucket quota reduction.../usr/bin/timeout: the monitored command dumped core
[2022-10-26T15:21:13.184Z] 
[2022-10-26T15:21:13.184Z] 
[2022-10-26T15:21:13.184Z] 98% tests passed, 8 tests failed out of 445
[2022-10-26T15:21:13.184Z] 
[2022-10-26T15:21:13.184Z] Total Test time (real) = 1572.86 sec
[2022-10-26T15:21:13.184Z] 
[2022-10-26T15:21:13.184Z] The following tests FAIL
</pre>
 ( https://cv.jenkins.couchbase.com/job/kv_engine.ASan-UBSan/job/master/31957/ )

Test exceeded the timeout:
[2022-10-26T15:15:18.152Z] Running [159/160]: test bucket quota reduction.../usr/bin/timeout: the monitored command dumped core ( https://cv.jenkins.couchbase.com/job/kv_engine.ASan-UBSan/job/master/31957/ )

Build which was aborted due to a newer patch set being uploaded for the given review. ( https://cv.jenkins.couchbase.com/job/kv_engine.ASan-UBSan/job/master/31957/ )

https://cv.jenkins.couchbase.com/job/kv_engine.threadsanitizer/job/master/24773/ : ABORTED

Build which was aborted due to a newer patch set being uploaded for the given review. ( https://cv.jenkins.couchbase.com/job/kv_engine.threadsanitizer/job/master/24773/ )

https://cv.jenkins.couchbase.com/job/kv_engine-windows-master/50722/ : FAILURE

Timeout of a CTest test 303/442 Test #288: ep_testsuite.value_eviction.comp_passive ................................................................} ( https://cv.jenkins.couchbase.com/job/kv_engine-windows-master/50722/ )

https://cv.jenkins.couchbase.com/job/kv_engine.linux-debug/job/master/232/ : FAILURE

Failure of an engine_testapp test:

<pre>
Running [159/160]: test bucket quota reduction.../usr/bin/timeout: the monitored command dumped core
[2022-10-26T14:44:22.479Z] 
[2022-10-26T14:44:22.479Z] 
[2022-10-26T14:44:22.479Z] 98% tests passed, 8 tests failed out of 465
[2022-10-26T14:44:22.479Z] 
[2022-10-26T14:44:22.479Z] Total Test time (real) = 650.64 sec
[2022-10-26T14:44:22.479Z] 
[2022-10-26T14:44:22.479Z] The following tests FAIL
</pre>
 ( https://cv.jenkins.couchbase.com/job/kv_engine.linux-debug/job/master/232/ )

One of more core files found at the end of the build. Data for post-mortem saved to archived_core_dumps.tar.bz2 under "Build Artifacts". ( https://cv.jenkins.couchbase.com/job/kv_engine.linux-debug/job/master/232/ )

Test exceeded the timeout:
[2022-10-26T14:38:22.551Z] Running [159/160]: test bucket quota reduction.../usr/bin/timeout: the monitored command dumped core ( https://cv.jenkins.couchbase.com/job/kv_engine.linux-debug/job/master/232/ )

https://cv.jenkins.couchbase.com/job/kv_engine.linux-CE/job/master/23533/ : FAILURE

Failure of an engine_testapp test:

<pre>
Running [159/160]: test bucket quota reduction.../usr/bin/timeout: the monitored command dumped core
[2022-10-26T14:44:57.884Z] 
[2022-10-26T14:44:57.884Z] 
[2022-10-26T14:44:57.884Z] 99% tests passed, 6 tests failed out of 444
[2022-10-26T14:44:57.884Z] 
[2022-10-26T14:44:57.884Z] Total Test time (real) = 382.30 sec
[2022-10-26T14:44:57.884Z] 
[2022-10-26T14:44:57.884Z] The following tests FAIL
</pre>
 ( https://cv.jenkins.couchbase.com/job/kv_engine.linux-CE/job/master/23533/ )

One of more core files found at the end of the build. Data for post-mortem saved to archived_core_dumps.tar.bz2 under "Build Artifacts". ( https://cv.jenkins.couchbase.com/job/kv_engine.linux-CE/job/master/23533/ )

Test exceeded the timeout:
[2022-10-26T14:43:47.523Z] Running [159/160]: test bucket quota reduction.../usr/bin/timeout: the monitored command dumped core ( https://cv.jenkins.couchbase.com/job/kv_engine.linux-CE/job/master/23533/ )

https://cv.jenkins.couchbase.com/job/kv_engine.linux/job/master/23941/ : FAILURE

Failure of an engine_testapp test:

<pre>
Running [159/160]: test bucket quota reduction.../usr/bin/timeout: the monitored command dumped core
[2022-10-26T14:51:10.290Z] 
[2022-10-26T14:51:11.244Z] 460/464 Test #419: memcached_testapp.ep.TransportProtocols/AuditTest .......................................................   Passed   17.08 sec
[2022-10-26T14:51:16.540Z] 461/464 Test #461: cluster_test ............................................................................................   Passed    8.61 sec
[2022-10-26T14:51:31.461Z] 462/464 Test #399: memcached_testapp.folly.default.SDPerf/SubdocPerfTest ...................................................   Passed   40.15 sec
[2022-10-26T14:51:41.583Z] 463/464 Test #462: serverless_test_magma ...................................................................................   Passed   32.69 sec
[2022-10-26T14:51:46.913Z] 464/464 Test #450: memcached_testapp.ep.SDPerf/SubdocPerfTest ..............................................................   Passed   41.36 sec
[2022-10-26T14:51:46.913Z] 
[2022-10-26T14:51:46.913Z] 98% tests passed, 7 tests failed out of 464
[2022-10-26T14:51:46.913Z] 
[2022-10-26T14:51:46.913Z] Total Test time (real) = 494.25 sec
[2022-10-26T14:51:46.913Z] 
[2022-10-26T14:51:46.913Z] The following tests FAIL
</pre>
 ( https://cv.jenkins.couchbase.com/job/kv_engine.linux/job/master/23941/ )

One of more core files found at the end of the build. Data for post-mortem saved to archived_core_dumps.tar.bz2 under "Build Artifacts". ( https://cv.jenkins.couchbase.com/job/kv_engine.linux/job/master/23941/ )

Test exceeded the timeout:
[2022-10-26T14:50:25.490Z] Running [159/160]: test bucket quota reduction.../usr/bin/timeout: the monitored command dumped core ( https://cv.jenkins.couchbase.com/job/kv_engine.linux/job/master/23941/ )

https://cv.jenkins.couchbase.com/job/kv_engine.macos/job/master/22959/ : FAILURE

Failure of an engine_testapp test:

<pre>
Running [159/160]: test bucket quota reduction...
[2022-10-26T14:25:43.296Z] 
[2022-10-26T14:25:43.296Z] 
[2022-10-26T14:25:43.296Z] 98% tests passed, 8 tests failed out of 464
[2022-10-26T14:25:43.296Z] 
[2022-10-26T14:25:43.296Z] Total Test time (real) = 1195.62 sec
[2022-10-26T14:25:43.296Z] 
[2022-10-26T14:25:43.296Z] The following tests FAIL
</pre>
 ( https://cv.jenkins.couchbase.com/job/kv_engine.macos/job/master/22959/ )

https://cv.jenkins.couchbase.com/job/kv_engine.aarch64-linux/job/master/11321/ : FAILURE

Failure of an engine_testapp test:

<pre>
Running [159/160]: test bucket quota reduction.../usr/bin/timeout: the monitored command dumped core
[2022-10-26T13:59:55.583Z] 
[2022-10-26T13:59:56.111Z] 
[2022-10-26T13:59:56.111Z] 98% tests passed, 8 tests failed out of 465
[2022-10-26T13:59:56.111Z] 
[2022-10-26T13:59:56.111Z] Total Test time (real) = 1096.23 sec
[2022-10-26T13:59:56.111Z] 
[2022-10-26T13:59:56.111Z] The following tests FAIL
</pre>
 ( https://cv.jenkins.couchbase.com/job/kv_engine.aarch64-linux/job/master/11321/ )

Test exceeded the timeout:
[2022-10-26T13:47:04.301Z] Running [159/160]: test bucket quota reduction.../usr/bin/timeout: the monitored command dumped core ( https://cv.jenkins.couchbase.com/job/kv_engine.aarch64-linux/job/master/11321/ )

https://cv.jenkins.couchbase.com/job/kv_engine-clang_format_9/20769/ : SUCCESS

https://cv.jenkins.couchbase.com/job/kv_engine-clang_tidy-master/21500/ : SUCCESS

https://cv.jenkins.couchbase.com/job/kv_engine-clang_analyzer-master/42568/ : SUCCESS

https://cv.jenkins.couchbase.com/job/kv_engine.libFuzzer/job/master/11230/ : SUCCESS
----------------------------------------------------------------------------------------------------------------------
