======================================================================================================================
DESCRIPTION:

Refactor: Move to_string(Tracer) to member func

To avoid exposing the inner guts of the system

Change-Id: I579c8b82f8ef92ea7c1c8b8c1aaac6d6b02b35b1

======================================================================================================================
COMMENTS
======================================================================================================================
Author: Trond Norbye
Date: 2020-06-17 20:08:35.000000000
Message: 
Patch Set 2: Patch Set 1 was rebased
----------------------------------------------------------------------------------------------------------------------
Author: Build Bot
Date: 2020-06-17 21:16:05.000000000
Message: 
Patch Set 2: Verified-1

Build Failed 

http://cv.jenkins.couchbase.com/job/kv_engine-windows-master/28624/ : FAILURE

Failure of GoogleTest "MagmaKVStoreTest.setMaxDataSize":

<pre>
[ RUN      ] MagmaKVStoreTest.setMaxDataSize
..\kv_engine\engines\ep\tests\module_tests\kvstore_test.cc(2781): error: Expected: (writeCacheQuotaAfter) < (writeCacheQuota), actual: 0 vs 0
[  FAILED  ] MagmaKVStoreTest.setMaxDataSize (393 ms)
MagmaKVStoreTest.setMaxDataSize
</pre>
 ( http://cv.jenkins.couchbase.com/job/kv_engine-windows-master/28624/ )

Failure of a CTest test 136/393 Test  #90: ep-engine_ep_unit_tests.MagmaKVStoreTest ...................................................................................... ( http://cv.jenkins.couchbase.com/job/kv_engine-windows-master/28624/ )

http://cv.jenkins.couchbase.com/job/kv_engine.linux/job/master/4243/ : FAILURE

Failure of GoogleTest "MagmaKVStoreTest.setMaxDataSize":

<pre>
[ RUN      ] MagmaKVStoreTest.setMaxDataSize
[2020-06-17T20:16:01.037Z] ../kv_engine/engines/ep/tests/module_tests/kvstore_test.cc:2781: Failure
[2020-06-17T20:16:01.037Z] Expected: (writeCacheQuotaAfter) < (writeCacheQuota), actual: 0 vs 0
[2020-06-17T20:16:01.037Z] [  FAILED  ] MagmaKVStoreTest.setMaxDataSize (34 ms)
MagmaKVStoreTest.setMaxDataSize
</pre>
 ( http://cv.jenkins.couchbase.com/job/kv_engine.linux/job/master/4243/ )

Failure of an engine_testapp test:

<pre>
Running [0110/0158]: test async vbucket destroy restart.../usr/bin/timeout: the monitored command dumped core
[2020-06-17T20:21:44.401Z] 
[2020-06-17T20:21:44.401Z] 
[2020-06-17T20:21:44.401Z] 99% tests passed, 2 tests failed out of 410
[2020-06-17T20:21:44.401Z] 
[2020-06-17T20:21:44.401Z] Total Test time (real) = 329.45 sec
[2020-06-17T20:21:44.401Z] 
[2020-06-17T20:21:44.401Z] The following tests FAIL
</pre>
 ( http://cv.jenkins.couchbase.com/job/kv_engine.linux/job/master/4243/ )

Failure of a CTest test [2020-06-17T20:16:01.037Z]   1/410 Test  #94: ep-engine_ep_unit_tests.MagmaKVStoreTest .......................................................................... ( http://cv.jenkins.couchbase.com/job/kv_engine.linux/job/master/4243/ )

http://cv.jenkins.couchbase.com/job/kv_engine.macos/job/master/3297/ : FAILURE

Failure of an engine_testapp test:

<pre>
Running [0081/0099]: test dcp early termination...Exceeded maximum wait time of 60000000us waiting for stat "ep_dcp_num_running_backfills(dcp)" to be 0 (last value:1) - aborting.
</pre>
 ( http://cv.jenkins.couchbase.com/job/kv_engine.macos/job/master/3297/ )

Failure of a CTest test [2020-06-17T20:18:01.014Z]  30/407 Test #254: ep_testsuite_dcp.value_eviction.rocksdb ...........................................................................Child aborted ( http://cv.jenkins.couchbase.com/job/kv_engine.macos/job/master/3297/ )

http://cv.jenkins.couchbase.com/job/kv_engine-clang_format_9/1334/ : SUCCESS

http://cv.jenkins.couchbase.com/job/kv_engine-clang_analyzer-master/24654/ : SUCCESS

http://cv.jenkins.couchbase.com/job/kv_engine-clang_tidy/2830/ : SUCCESS

http://cv.jenkins.couchbase.com/job/kv_engine.linux-CE/job/master/4187/ : SUCCESS

http://cv.jenkins.couchbase.com/job/kv_engine.threadsanitizer/job/master/4326/ : SUCCESS

http://cv.jenkins.couchbase.com/job/kv_engine.ASan-UBSan/job/master/12069/ : SUCCESS
----------------------------------------------------------------------------------------------------------------------
Author: Build Bot
Date: 2020-06-18 04:56:11.000000000
Message: 
Patch Set 2:

Build Failed 

http://cv.jenkins.couchbase.com/job/kv_engine.macos/job/master/3297/ : FAILURE

Failure of an engine_testapp test:

<pre>
Running [0081/0099]: test dcp early termination...Exceeded maximum wait time of 60000000us waiting for stat "ep_dcp_num_running_backfills(dcp)" to be 0 (last value:1) - aborting.
</pre>
 ( http://cv.jenkins.couchbase.com/job/kv_engine.macos/job/master/3297/ )

Failure of a CTest test [2020-06-17T20:18:01.014Z]  30/407 Test #254: ep_testsuite_dcp.value_eviction.rocksdb ...........................................................................Child aborted ( http://cv.jenkins.couchbase.com/job/kv_engine.macos/job/master/3297/ )

http://cv.jenkins.couchbase.com/job/kv_engine-windows-master/28625/ : FAILURE

Failure of GoogleTest "MagmaKVStoreTest.setMaxDataSize":

<pre>
[ RUN      ] MagmaKVStoreTest.setMaxDataSize
..\kv_engine\engines\ep\tests\module_tests\kvstore_test.cc(2781): error: Expected: (writeCacheQuotaAfter) < (writeCacheQuota), actual: 0 vs 0
[  FAILED  ] MagmaKVStoreTest.setMaxDataSize (287 ms)
MagmaKVStoreTest.setMaxDataSize
</pre>
 ( http://cv.jenkins.couchbase.com/job/kv_engine-windows-master/28625/ )

Failure of a CTest test 136/393 Test  #90: ep-engine_ep_unit_tests.MagmaKVStoreTest ...................................................................................... ( http://cv.jenkins.couchbase.com/job/kv_engine-windows-master/28625/ )

http://cv.jenkins.couchbase.com/job/kv_engine-clang_format_9/1334/ : SUCCESS

http://cv.jenkins.couchbase.com/job/kv_engine-clang_analyzer-master/24654/ : SUCCESS

http://cv.jenkins.couchbase.com/job/kv_engine-clang_tidy/2830/ : SUCCESS

http://cv.jenkins.couchbase.com/job/kv_engine.linux-CE/job/master/4187/ : SUCCESS

http://cv.jenkins.couchbase.com/job/kv_engine.threadsanitizer/job/master/4326/ : SUCCESS

http://cv.jenkins.couchbase.com/job/kv_engine.ASan-UBSan/job/master/12069/ : SUCCESS

http://cv.jenkins.couchbase.com/job/kv_engine.linux/job/master/4244/ : SUCCESS
----------------------------------------------------------------------------------------------------------------------
Author: Build Bot
Date: 2020-06-18 05:27:35.000000000
Message: 
Patch Set 2:

Build Failed 

http://cv.jenkins.couchbase.com/job/kv_engine-windows-master/28626/ : FAILURE

Failure of GoogleTest "MagmaKVStoreTest.setMaxDataSize":

<pre>
[ RUN      ] MagmaKVStoreTest.setMaxDataSize
..\kv_engine\engines\ep\tests\module_tests\kvstore_test.cc(2781): error: Expected: (writeCacheQuotaAfter) < (writeCacheQuota), actual: 0 vs 0
[  FAILED  ] MagmaKVStoreTest.setMaxDataSize (323 ms)
MagmaKVStoreTest.setMaxDataSize
</pre>
 ( http://cv.jenkins.couchbase.com/job/kv_engine-windows-master/28626/ )

Failure of a CTest test 136/393 Test  #90: ep-engine_ep_unit_tests.MagmaKVStoreTest ...................................................................................... ( http://cv.jenkins.couchbase.com/job/kv_engine-windows-master/28626/ )

http://cv.jenkins.couchbase.com/job/kv_engine-clang_format_9/1334/ : SUCCESS

http://cv.jenkins.couchbase.com/job/kv_engine-clang_analyzer-master/24654/ : SUCCESS

http://cv.jenkins.couchbase.com/job/kv_engine-clang_tidy/2830/ : SUCCESS

http://cv.jenkins.couchbase.com/job/kv_engine.linux-CE/job/master/4187/ : SUCCESS

http://cv.jenkins.couchbase.com/job/kv_engine.threadsanitizer/job/master/4326/ : SUCCESS

http://cv.jenkins.couchbase.com/job/kv_engine.ASan-UBSan/job/master/12069/ : SUCCESS

http://cv.jenkins.couchbase.com/job/kv_engine.linux/job/master/4244/ : SUCCESS

http://cv.jenkins.couchbase.com/job/kv_engine.macos/job/master/3298/ : SUCCESS
----------------------------------------------------------------------------------------------------------------------
Author: Trond Norbye
Date: 2020-06-18 08:16:57.000000000
Message: 
Abandoned
----------------------------------------------------------------------------------------------------------------------
