======================================================================================================================
DESCRIPTION:

MB-39292: 5/n Order set_collections with warmup

Delay the acceptance of a new manifest from ns_server
whilst warmup has yet to progress far enough.

Change-Id: Ief2235b875001a77d9a184bb0b598e7fefbc1f5f

======================================================================================================================
COMMENTS
======================================================================================================================
Author: Jim Walker
Date: 2020-10-20 12:44:25.000000000
Message: 
Uploaded patch set 3: Patch Set 2 was rebased.
----------------------------------------------------------------------------------------------------------------------
Author: Build Bot
Date: 2020-10-20 15:55:24.000000000
Message: 
Patch Set 3: Verified-1

Build Failed 

http://cv.jenkins.couchbase.com/job/kv_engine-windows-master/31249/ : ABORTED

Failure of GoogleTest "CollectionsOSODcpTest.basic":

<pre>
[ RUN      ] CollectionsOSODcpTest.basic
unknown file: error: C++ exception with description "CheckedExecutor failed fetchNextTask" thrown in the test body.
[  FAILED  ] CollectionsOSODcpTest.basic (20 ms)
CollectionsOSODcpTest.basic
</pre>
 ( http://cv.jenkins.couchbase.com/job/kv_engine-windows-master/31249/ )

Timeout of a CTest test 157/393 Test  #23: ep-engine_ep_unit_tests.BucketLoggerEngineTest ................................................................................} ( http://cv.jenkins.couchbase.com/job/kv_engine-windows-master/31249/ )

Failure of a CTest test  25/393 Test  #29: ep-engine_ep_unit_tests.CollectionsOSODcpTest ................................................................................. ( http://cv.jenkins.couchbase.com/job/kv_engine-windows-master/31249/ )

http://cv.jenkins.couchbase.com/job/kv_engine.linux-CE/job/master/6509/ : ABORTED

http://cv.jenkins.couchbase.com/job/kv_engine.macos/job/master/5582/ : ABORTED

Failure of GoogleTest "AllBackends/DurabilityEPBucketTest.DontRemoveUnCommittedPreparesAtCompaction/persistent_value_only":

<pre>
[ RUN      ] AllBackends/DurabilityEPBucketTest.DontRemoveUnCommittedPreparesAtCompaction/persistent_value_only
[2020-10-20T12:57:38.667Z] 2020-10-20T05:57:37.543002-07:00 CRITICAL (SynchronousEPEngine:default) Warmup::initialize aborting as manifest cannot be loaded
[2020-10-20T12:57:38.667Z] unknown file: Failure
[2020-10-20T12:57:38.667Z] C++ exception with description "CheckedExecutor failed fetchNextTask" thrown in the test body.
[2020-10-20T12:57:38.667Z] [  FAILED  ] AllBackends/DurabilityEPBucketTest.DontRemoveUnCommittedPreparesAtCompaction/persistent_value_only, where GetParam() = ("persistent", "value_only") (7 ms)
AllBackends/DurabilityEPBucketTest.DontRemoveUnCommittedPreparesAtCompaction/persistent_value_only
</pre>
 ( http://cv.jenkins.couchbase.com/job/kv_engine.macos/job/master/5582/ )

Build which was aborted due to a newer patch set being uploaded for the given review. ( http://cv.jenkins.couchbase.com/job/kv_engine.macos/job/master/5582/ )

Timeout of a CTest test [2020-10-20T13:22:37.608Z]   5/407 Test #404: cluster_test ................................................................................................} ( http://cv.jenkins.couchbase.com/job/kv_engine.macos/job/master/5582/ )

Failure of a CTest test [2020-10-20T12:57:38.665Z]   2/407 Test #179: ep-engine_ep_unit_tests.AllBackends/DurabilityEPBucketTest .................................................. ( http://cv.jenkins.couchbase.com/job/kv_engine.macos/job/master/5582/ )

http://cv.jenkins.couchbase.com/job/kv_engine.linux/job/master/6630/ : FAILURE

Failure of GoogleTest "EphemeralOrPersistent/STExpiryPagerTest.ExpiredItemsDeleted/persistentMagma_value_only":

<pre>
[ RUN      ] EphemeralOrPersistent/STExpiryPagerTest.ExpiredItemsDeleted/persistentMagma_value_only
[2020-10-20T13:25:00.801Z] ../kv_engine/engines/ep/tests/module_tests/item_pager_test.cc:1292: Failure
[2020-10-20T13:25:00.801Z] Expected equality of these values:
[2020-10-20T13:25:00.801Z]   ENGINE_SUCCESS
[2020-10-20T13:25:00.801Z]     Which is: 0
[2020-10-20T13:25:00.801Z]   getKeyFn(key_2)
[2020-10-20T13:25:00.801Z]     Which is: 1
[2020-10-20T13:25:00.801Z] Key with TTL:20 should still exist.
[2020-10-20T13:25:00.801Z] ../kv_engine/engines/ep/tests/module_tests/item_pager_test.cc:1299: Failure
[2020-10-20T13:25:00.801Z] Expected equality of these values:
[2020-10-20T13:25:00.801Z]   2
[2020-10-20T13:25:00.801Z]   engine->getVBucket(vbid)->getNumItems()
[2020-10-20T13:25:00.801Z]     Which is: 1
[2020-10-20T13:25:00.801Z] Should still have 2 items after time-travelling
[2020-10-20T13:25:00.801Z] [  FAILED  ] EphemeralOrPersistent/STExpiryPagerTest.ExpiredItemsDeleted/persistentMagma_value_only, where GetParam() = ("persistentMagma", "value_only") (15796 ms)
EphemeralOrPersistent/STExpiryPagerTest.ExpiredItemsDeleted/persistentMagma_value_only
</pre>
 ( http://cv.jenkins.couchbase.com/job/kv_engine.linux/job/master/6630/ )

Failure of an engine_testapp test:

<pre>
Running [0000/0017]: Baseline latency...2020-10-20T06:48:07.482236-07:00 CRITICAL (default) Warmup::initialize aborting as manifest cannot be loaded
[2020-10-20T14:13:19.787Z] 
[2020-10-20T14:13:19.787Z] 
[2020-10-20T14:13:19.787Z] 70% tests passed, 124 tests failed out of 410
[2020-10-20T14:13:19.787Z] 
[2020-10-20T14:13:19.787Z] Total Test time (real) = 2987.68 sec
[2020-10-20T14:13:19.787Z] 
[2020-10-20T14:13:19.787Z] The following tests FAIL
</pre>
 ( http://cv.jenkins.couchbase.com/job/kv_engine.linux/job/master/6630/ )

Timeout of a CTest test [2020-10-20T13:44:03.431Z]  60/410 Test #167: ep-engine_ep_unit_tests.PersistentAndEphemeral/DcpStreamSyncReplTest ........................................} ( http://cv.jenkins.couchbase.com/job/kv_engine.linux/job/master/6630/ )

Failure of a CTest test [2020-10-20T13:23:24.353Z]   1/410 Test #153: ep-engine_ep_unit_tests.Persistent/DurabilityPassiveStreamPersistentTest .................................... ( http://cv.jenkins.couchbase.com/job/kv_engine.linux/job/master/6630/ )

http://cv.jenkins.couchbase.com/job/kv_engine.threadsanitizer/job/master/6788/ : FAILURE

Failure of GoogleTest "CollectionsOSODcpTest.two_collections":

<pre>
[ RUN      ] CollectionsOSODcpTest.two_collections
[2020-10-20T13:27:05.524Z] 2020-10-20T06:27:05.009644-07:00 CRITICAL (SynchronousEPEngine:default) Warmup::initialize aborting as manifest cannot be loaded
[2020-10-20T13:27:05.524Z] unknown file: Failure
[2020-10-20T13:27:05.524Z] C++ exception with description "CheckedExecutor failed fetchNextTask" thrown in the test body.
[2020-10-20T13:27:05.524Z] [  FAILED  ] CollectionsOSODcpTest.two_collections (77 ms)
CollectionsOSODcpTest.two_collections
</pre>
 ( http://cv.jenkins.couchbase.com/job/kv_engine.threadsanitizer/job/master/6788/ )

ThreadSanitizer issue: heap-use-after-free ../kv_engine/programs/engine_testapp/mock_cookie.cc:34 in MockCookie::validate() const  ( http://cv.jenkins.couchbase.com/job/kv_engine.threadsanitizer/job/master/6788/ )

Timeout of a CTest test [2020-10-20T13:32:12.439Z] 215/388 Test  #23: ep-engine_ep_unit_tests.BucketLoggerEngineTest ..............................................................} ( http://cv.jenkins.couchbase.com/job/kv_engine.threadsanitizer/job/master/6788/ )

Failure of a CTest test [2020-10-20T13:27:05.523Z]  28/388 Test  #29: ep-engine_ep_unit_tests.CollectionsOSODcpTest ............................................................... ( http://cv.jenkins.couchbase.com/job/kv_engine.threadsanitizer/job/master/6788/ )

http://cv.jenkins.couchbase.com/job/kv_engine.ASan-UBSan/job/master/14431/ : FAILURE

Failure of GoogleTest "FullOrValue/DurabilityWarmupTest.ActivePendingSyncWrite/persistent_value_only":

<pre>
[ RUN      ] FullOrValue/DurabilityWarmupTest.ActivePendingSyncWrite/persistent_value_only
[2020-10-20T14:12:58.228Z] 2020-10-20T07:12:21.945720-07:00 CRITICAL (SynchronousEPEngine:default) Warmup::initialize aborting as manifest cannot be loaded
[2020-10-20T14:12:58.228Z] unknown file: Failure
[2020-10-20T14:12:58.228Z] C++ exception with description "CheckedExecutor failed fetchNextTask" thrown in the test body.
[2020-10-20T14:12:58.228Z] [  FAILED  ] FullOrValue/DurabilityWarmupTest.ActivePendingSyncWrite/persistent_value_only, where GetParam() = ("persistent", "value_only") (139 ms)
FullOrValue/DurabilityWarmupTest.ActivePendingSyncWrite/persistent_value_only
</pre>
 ( http://cv.jenkins.couchbase.com/job/kv_engine.ASan-UBSan/job/master/14431/ )

Undefined Sanitizer: kv_engine/engines/ep/tests/module_tests/dcp_stream_test.cc:1644:200: runtime error: member call on null pointer of type "DcpConsumer" ( http://cv.jenkins.couchbase.com/job/kv_engine.ASan-UBSan/job/master/14431/ )

Timeout of a CTest test [2020-10-20T14:18:41.666Z] 107/393 Test #169: ep-engine_ep_unit_tests.PersistentAndEphemeral/ConnectionTest ...............................................} ( http://cv.jenkins.couchbase.com/job/kv_engine.ASan-UBSan/job/master/14431/ )

Failure of a CTest test [2020-10-20T14:12:24.987Z]   1/393 Test #233: ep_testsuite.full_eviction.comp_active ......................................................................Child aborted ( http://cv.jenkins.couchbase.com/job/kv_engine.ASan-UBSan/job/master/14431/ )

AddressSanitizer issue: heap-buffer-overflow /usr/bin/../lib/gcc/x86_64-linux-gnu/7.3.0/../../../../include/c++/7.3.0/bits/char_traits.h:231:35 in bool std::__constant_string_p<char>(char const*) ( http://cv.jenkins.couchbase.com/job/kv_engine.ASan-UBSan/job/master/14431/ )

http://cv.jenkins.couchbase.com/job/kv_engine-clang_format_9/3712/ : SUCCESS

http://cv.jenkins.couchbase.com/job/kv_engine-clang_tidy/5183/ : SUCCESS

http://cv.jenkins.couchbase.com/job/kv_engine-clang_analyzer-master/26981/ : SUCCESS
----------------------------------------------------------------------------------------------------------------------
