======================================================================================================================
DESCRIPTION:

MB-49767: Ensure ActiveSteam doesn't send seqno out of order

Make lastSentSeqno an AtomicMonotonic<> to ensure that we don't sent
seqno's out of order unless OSO is enabled on the clients connection. In
which case seqno maybe sent out of order during backfilling so just
track the highest seqno observed.

This should help us observe quickly if we ever send seqnos out of order,
rather than having to wait for a PDM or ADM to hit one of it's expects
conditions.

Change-Id: I2145e80ae34ac2fe80380aef4076a5e854eb3517

======================================================================================================================
COMMENTS
======================================================================================================================
Author: Richard de Mellow
Date: 2022-02-08 18:23:56.000000000
Message: 
Uploaded patch set 3.
----------------------------------------------------------------------------------------------------------------------
Author: Build Bot
Date: 2022-02-08 18:48:16.000000000
Message: 
Patch Set 3: Verified-1

Build Failed 

http://cv.jenkins.couchbase.com/job/kv_engine-windows-master/43680/ : FAILURE

Timeout of a CTest test 421/421 Test  #70: ep-engine_ep_unit_tests.DurabilityRespondAmbiguousTest ........................................................................} ( http://cv.jenkins.couchbase.com/job/kv_engine-windows-master/43680/ )

http://cv.jenkins.couchbase.com/job/kv_engine-clang_format_9/14256/ : SUCCESS

http://cv.jenkins.couchbase.com/job/kv_engine-clang_tidy-master/15413/ : SUCCESS

http://cv.jenkins.couchbase.com/job/kv_engine-clang_analyzer-master/36855/ : SUCCESS

http://cv.jenkins.couchbase.com/job/kv_engine.libFuzzer/job/master/5061/ : SUCCESS

http://cv.jenkins.couchbase.com/job/kv_engine.linux/job/master/17452/ : SUCCESS

http://cv.jenkins.couchbase.com/job/kv_engine.threadsanitizer/job/master/18190/ : SUCCESS

http://cv.jenkins.couchbase.com/job/kv_engine.linux-CE/job/master/17142/ : SUCCESS

http://cv.jenkins.couchbase.com/job/kv_engine.macos/job/master/16230/ : SUCCESS

http://cv.jenkins.couchbase.com/job/kv_engine.ASan-UBSan/job/master/25549/ : SUCCESS

http://cv.jenkins.couchbase.com/job/kv_engine.aarch64-linux/job/master/5121/ : SUCCESS
----------------------------------------------------------------------------------------------------------------------
Author: Build Bot
Date: 2022-02-08 20:36:01.000000000
Message: 
Patch Set 3:

Build Failed 

http://cv.jenkins.couchbase.com/job/kv_engine-windows-master/43685/ : FAILURE

Failure of an engine_testapp test:

<pre>
Running [0034/0159]: test access scanner settings.....\kv_engine\engines\ep\tests\ep_testsuite.cc:3354 Test failed: `" (Expected `0", got `-1" - Initial time incorrect, expect: 02:00, actual: 01:59)
(66 ms) FAIL
</pre>
 ( http://cv.jenkins.couchbase.com/job/kv_engine-windows-master/43685/ )

Timeout of a CTest test 421/421 Test #274: ep_testsuite.ephemeral.comp_passive ...........................................................................................} ( http://cv.jenkins.couchbase.com/job/kv_engine-windows-master/43685/ )

http://cv.jenkins.couchbase.com/job/kv_engine-clang_format_9/14256/ : SUCCESS

http://cv.jenkins.couchbase.com/job/kv_engine-clang_tidy-master/15413/ : SUCCESS

http://cv.jenkins.couchbase.com/job/kv_engine-clang_analyzer-master/36855/ : SUCCESS

http://cv.jenkins.couchbase.com/job/kv_engine.libFuzzer/job/master/5061/ : SUCCESS

http://cv.jenkins.couchbase.com/job/kv_engine.linux/job/master/17452/ : SUCCESS

http://cv.jenkins.couchbase.com/job/kv_engine.threadsanitizer/job/master/18190/ : SUCCESS

http://cv.jenkins.couchbase.com/job/kv_engine.linux-CE/job/master/17142/ : SUCCESS

http://cv.jenkins.couchbase.com/job/kv_engine.macos/job/master/16230/ : SUCCESS

http://cv.jenkins.couchbase.com/job/kv_engine.ASan-UBSan/job/master/25549/ : SUCCESS

http://cv.jenkins.couchbase.com/job/kv_engine.aarch64-linux/job/master/5121/ : SUCCESS
----------------------------------------------------------------------------------------------------------------------
Author: Build Bot
Date: 2022-02-09 09:10:25.000000000
Message: 
Patch Set 3:

Build Failed 

http://cv.jenkins.couchbase.com/job/kv_engine-windows-master/43689/ : FAILURE

Failure of an engine_testapp test:

<pre>
Running [0028/0159]: bloomfilter conf...E0209 01:00:31.599946 217132 NotificationQueue.h:555] [NotificationQueue] Unexpected state while draining signals: signal_=1 bytes_read=0
(59 ms) OK


99% tests passed, 2 tests failed out of 421

Total Test time (real) = 665.94 sec

The following tests FAIL
</pre>
 ( http://cv.jenkins.couchbase.com/job/kv_engine-windows-master/43689/ )

Timeout of a CTest test 420/421 Test #287: ep_testsuite_dcp.value_eviction.comp_active ...................................................................................} ( http://cv.jenkins.couchbase.com/job/kv_engine-windows-master/43689/ )

http://cv.jenkins.couchbase.com/job/kv_engine-clang_format_9/14256/ : SUCCESS

http://cv.jenkins.couchbase.com/job/kv_engine-clang_tidy-master/15413/ : SUCCESS

http://cv.jenkins.couchbase.com/job/kv_engine-clang_analyzer-master/36855/ : SUCCESS

http://cv.jenkins.couchbase.com/job/kv_engine.libFuzzer/job/master/5061/ : SUCCESS

http://cv.jenkins.couchbase.com/job/kv_engine.linux/job/master/17452/ : SUCCESS

http://cv.jenkins.couchbase.com/job/kv_engine.threadsanitizer/job/master/18190/ : SUCCESS

http://cv.jenkins.couchbase.com/job/kv_engine.linux-CE/job/master/17142/ : SUCCESS

http://cv.jenkins.couchbase.com/job/kv_engine.macos/job/master/16230/ : SUCCESS

http://cv.jenkins.couchbase.com/job/kv_engine.ASan-UBSan/job/master/25549/ : SUCCESS

http://cv.jenkins.couchbase.com/job/kv_engine.aarch64-linux/job/master/5121/ : SUCCESS
----------------------------------------------------------------------------------------------------------------------
Author: Build Bot
Date: 2022-02-09 10:02:00.000000000
Message: 
Patch Set 3:

Build Failed 

http://cv.jenkins.couchbase.com/job/kv_engine-windows-master/43693/ : FAILURE

Failure of an engine_testapp test:

<pre>
Running [0025/0093]: test producer disk backfill buffer limits...W0209 02:00:16.160496 185924 HazptrDomain.h:670] Using the default inline executor for asynchronous reclamation may be susceptible to deadlock if the current thread happens to hold a resource needed by the deleter of a reclaimable object


99% tests passed, 2 tests failed out of 421

Total Test time (real) = 347.39 sec

The following tests FAIL
</pre>
 ( http://cv.jenkins.couchbase.com/job/kv_engine-windows-master/43693/ )

Timeout of a CTest test 420/421 Test #306: ep_testsuite_xdcr.ephemeral.comp_passive ......................................................................................} ( http://cv.jenkins.couchbase.com/job/kv_engine-windows-master/43693/ )

http://cv.jenkins.couchbase.com/job/kv_engine-clang_format_9/14256/ : SUCCESS

http://cv.jenkins.couchbase.com/job/kv_engine-clang_tidy-master/15413/ : SUCCESS

http://cv.jenkins.couchbase.com/job/kv_engine-clang_analyzer-master/36855/ : SUCCESS

http://cv.jenkins.couchbase.com/job/kv_engine.libFuzzer/job/master/5061/ : SUCCESS

http://cv.jenkins.couchbase.com/job/kv_engine.linux/job/master/17452/ : SUCCESS

http://cv.jenkins.couchbase.com/job/kv_engine.threadsanitizer/job/master/18190/ : SUCCESS

http://cv.jenkins.couchbase.com/job/kv_engine.linux-CE/job/master/17142/ : SUCCESS

http://cv.jenkins.couchbase.com/job/kv_engine.macos/job/master/16230/ : SUCCESS

http://cv.jenkins.couchbase.com/job/kv_engine.ASan-UBSan/job/master/25549/ : SUCCESS

http://cv.jenkins.couchbase.com/job/kv_engine.aarch64-linux/job/master/5121/ : SUCCESS
----------------------------------------------------------------------------------------------------------------------
Author: Build Bot
Date: 2022-02-09 10:24:57.000000000
Message: 
Patch Set 3:

Build Failed 

http://cv.jenkins.couchbase.com/job/kv_engine-windows-master/43694/ : FAILURE

Failure of an engine_testapp test:

<pre>
Running [0131/0159]: test get_and_touch with item_eviction...(383 ms) OK


99% tests passed, 1 tests failed out of 421

Total Test time (real) = 679.91 sec

The following tests FAIL
</pre>
 ( http://cv.jenkins.couchbase.com/job/kv_engine-windows-master/43694/ )

Timeout of a CTest test 421/421 Test #272: ep_testsuite.full_eviction.comp_passive .......................................................................................} ( http://cv.jenkins.couchbase.com/job/kv_engine-windows-master/43694/ )

http://cv.jenkins.couchbase.com/job/kv_engine-clang_format_9/14256/ : SUCCESS

http://cv.jenkins.couchbase.com/job/kv_engine-clang_tidy-master/15413/ : SUCCESS

http://cv.jenkins.couchbase.com/job/kv_engine-clang_analyzer-master/36855/ : SUCCESS

http://cv.jenkins.couchbase.com/job/kv_engine.libFuzzer/job/master/5061/ : SUCCESS

http://cv.jenkins.couchbase.com/job/kv_engine.linux/job/master/17452/ : SUCCESS

http://cv.jenkins.couchbase.com/job/kv_engine.threadsanitizer/job/master/18190/ : SUCCESS

http://cv.jenkins.couchbase.com/job/kv_engine.linux-CE/job/master/17142/ : SUCCESS

http://cv.jenkins.couchbase.com/job/kv_engine.macos/job/master/16230/ : SUCCESS

http://cv.jenkins.couchbase.com/job/kv_engine.ASan-UBSan/job/master/25549/ : SUCCESS

http://cv.jenkins.couchbase.com/job/kv_engine.aarch64-linux/job/master/5121/ : SUCCESS
----------------------------------------------------------------------------------------------------------------------
Author: Build Bot
Date: 2022-02-09 12:57:58.000000000
Message: 
Patch Set 3:

Build Failed 

http://cv.jenkins.couchbase.com/job/kv_engine-windows-master/43707/ : FAILURE

Failure of an engine_testapp test:

<pre>
Running [0035/0047]: get/delete with missing db file...(8 ms) SKIPPED


99% tests passed, 1 tests failed out of 421

Total Test time (real) = 338.44 sec

The following tests FAIL
</pre>
 ( http://cv.jenkins.couchbase.com/job/kv_engine-windows-master/43707/ )

Timeout of a CTest test 421/421 Test #282: ep_testsuite_basic.ephemeral.comp_passive .....................................................................................} ( http://cv.jenkins.couchbase.com/job/kv_engine-windows-master/43707/ )

http://cv.jenkins.couchbase.com/job/kv_engine-clang_format_9/14256/ : SUCCESS

http://cv.jenkins.couchbase.com/job/kv_engine-clang_tidy-master/15413/ : SUCCESS

http://cv.jenkins.couchbase.com/job/kv_engine-clang_analyzer-master/36855/ : SUCCESS

http://cv.jenkins.couchbase.com/job/kv_engine.libFuzzer/job/master/5061/ : SUCCESS

http://cv.jenkins.couchbase.com/job/kv_engine.linux/job/master/17452/ : SUCCESS

http://cv.jenkins.couchbase.com/job/kv_engine.threadsanitizer/job/master/18190/ : SUCCESS

http://cv.jenkins.couchbase.com/job/kv_engine.linux-CE/job/master/17142/ : SUCCESS

http://cv.jenkins.couchbase.com/job/kv_engine.macos/job/master/16230/ : SUCCESS

http://cv.jenkins.couchbase.com/job/kv_engine.ASan-UBSan/job/master/25549/ : SUCCESS

http://cv.jenkins.couchbase.com/job/kv_engine.aarch64-linux/job/master/5121/ : SUCCESS
----------------------------------------------------------------------------------------------------------------------
Author: Build Bot
Date: 2022-02-09 13:27:20.000000000
Message: 
Patch Set 3: Verified+1

Build Successful 

http://cv.jenkins.couchbase.com/job/kv_engine-clang_format_9/14256/ : SUCCESS

http://cv.jenkins.couchbase.com/job/kv_engine-clang_tidy-master/15413/ : SUCCESS

http://cv.jenkins.couchbase.com/job/kv_engine-clang_analyzer-master/36855/ : SUCCESS

http://cv.jenkins.couchbase.com/job/kv_engine.libFuzzer/job/master/5061/ : SUCCESS

http://cv.jenkins.couchbase.com/job/kv_engine.linux/job/master/17452/ : SUCCESS

http://cv.jenkins.couchbase.com/job/kv_engine.threadsanitizer/job/master/18190/ : SUCCESS

http://cv.jenkins.couchbase.com/job/kv_engine.linux-CE/job/master/17142/ : SUCCESS

http://cv.jenkins.couchbase.com/job/kv_engine.macos/job/master/16230/ : SUCCESS

http://cv.jenkins.couchbase.com/job/kv_engine.ASan-UBSan/job/master/25549/ : SUCCESS

http://cv.jenkins.couchbase.com/job/kv_engine.aarch64-linux/job/master/5121/ : SUCCESS

http://cv.jenkins.couchbase.com/job/kv_engine-windows-master/43716/ : SUCCESS
----------------------------------------------------------------------------------------------------------------------
Author: James H
Date: 2022-02-09 14:04:33.000000000
Message: 
Patch Set 3: Code-Review+1
----------------------------------------------------------------------------------------------------------------------
Author: Dave Rigby
Date: 2022-02-10 11:01:16.000000000
Message: 
Patch Set 3: Code-Review-1

(1 comment)
Line:848, engines/ep/src/dcp/active_stream.cc -> I'm not sure we want to do this given it changes the semantics of lastSentSeqno - it is no longer the "last" one, but the highest.

----------------------------------------------------------------------------------------------------------------------
Author: Richard de Mellow
Date: 2022-02-10 16:20:54.000000000
MISMATCHED INLINE COMMENT
Line:848, engines/ep/src/dcp/active_stream.cc -> Done
----------------------------------------------------------------------------------------------------------------------
