======================================================================================================================
DESCRIPTION:

MB-51328: Reduce shard / vbucket count for KVStoreBackend tests

Running with the full 1024 vbuckets and shards slows down tests which
check the handling of the complete vBucket set. Reduce to 16 vBuckets
and 2 shards by default.

Change-Id: I2214322f82bbef3b63b02f63510e19c217725709

======================================================================================================================
COMMENTS
======================================================================================================================
Author: Dave Rigby
Date: 2022-03-10 13:16:47.000000000
Message: 
Uploaded patch set 1.
----------------------------------------------------------------------------------------------------------------------
Author: Build Bot
Date: 2022-03-10 15:17:44.000000000
Message: 
Patch Set 1: Verified-1

Build Failed 

http://cv.jenkins.couchbase.com/job/kv_engine-windows-neo/65/ : FAILURE

Failure of GoogleTest "MagmaKVStoreRollbackTest.Rollback":

<pre>
[ RUN      ] MagmaKVStoreRollbackTest.Rollback
Unsupported key: <;magma_max_checkpoints>
..\kv_engine\engines\ep\tests\module_tests\magma-kvstore_test.cc(98): error: Value of: rollbackResult.success
  Actual: false
Expected: true
[  FAILED  ] MagmaKVStoreRollbackTest.Rollback (109 ms)
MagmaKVStoreRollbackTest.Rollback
</pre>
 ( http://cv.jenkins.couchbase.com/job/kv_engine-windows-neo/65/ )

Failure of an engine_testapp test:

<pre>
Running [95/159]: vbucket del (pending)...(155 ms) OK


85% tests passed, 63 tests failed out of 422

Total Test time (real) = 624.78 sec

The following tests FAIL
</pre>
 ( http://cv.jenkins.couchbase.com/job/kv_engine-windows-neo/65/ )

Timeout of a CTest test 422/422 Test #277: ep_testsuite.value_eviction.magma .............................................................................................} ( http://cv.jenkins.couchbase.com/job/kv_engine-windows-neo/65/ )

http://cv.jenkins.couchbase.com/job/kv_engine.macos/job/neo/57/ : FAILURE

Failure of GoogleTest "STParamPersistentBucketTest/MB20054_SingleThreadedEPStoreTest.MB20054_onDeleteItem_during_bucket_deletion/persistent_nexus_couchstore_magma_value_only":

<pre>
[ RUN      ] STParamPersistentBucketTest/MB20054_SingleThreadedEPStoreTest.MB20054_onDeleteItem_during_bucket_deletion/persistent_nexus_couchstore_magma_value_only
[2022-03-10T13:31:50.766Z] Unsupported key: <;exp_pager_enabled>
[2022-03-10T13:31:50.766Z] unknown file: Failure
[2022-03-10T13:31:50.766Z] C++ exception with description "Unable to parse config string: bucket_type=persistent;backend=nexus;nexus_primary_backend=couchdb;nexus_secondary_backend=magma;item_eviction_policy=value_only;warmup=false;couchstore_midpoint_rollback_optimisation=false;chk_period=86400;checkpoint_removal_mode=lazy;dbname=ep_engine_ep_unit_tests.db/STParamPersistentBucketTest_MB20054_SingleThreadedEPStoreTest_MB20054_onDeleteItem_during_bucket_deletion_persistent_nexus_couchstore_magma_value_only;max_size=125829120;magma_flusher_thread_percentage=50;num_writer_threads=2;;exp_pager_enabled=false" thrown in SetUp().
[2022-03-10T13:31:50.766Z] unknown file: Failure
[2022-03-10T13:31:50.766Z] C++ exception with description "cb::io::rmrf: stat of ep_engine_ep_unit_tests.db/STParamPersistentBucketTest_MB20054_SingleThreadedEPStoreTest_MB20054_onDeleteItem_during_bucket_deletion_persistent_nexus_couchstore_magma_value_only failed: No such file or directory" thrown in TearDown().
[2022-03-10T13:31:50.766Z] [  FAILED  ] STParamPersistentBucketTest/MB20054_SingleThreadedEPStoreTest.MB20054_onDeleteItem_during_bucket_deletion/persistent_nexus_couchstore_magma_value_only, where GetParam() = "bucket_type=persistent:backend=nexus:nexus_primary_backend=couchstore:nexus_secondary_backend=magma:item_eviction_policy=value_only" (1 ms)
STParamPersistentBucketTest/MB20054_SingleThreadedEPStoreTest.MB20054_onDeleteItem_during_bucket_deletion/persistent_nexus_couchstore_magma_value_only
</pre>
 ( http://cv.jenkins.couchbase.com/job/kv_engine.macos/job/neo/57/ )

http://cv.jenkins.couchbase.com/job/kv_engine.threadsanitizer/job/neo/54/ : FAILURE

Failure of GoogleTest "MagmaKVStoreRollbackTest.Rollback":

<pre>
[ RUN      ] MagmaKVStoreRollbackTest.Rollback
[2022-03-10T13:27:41.769Z] Unsupported key: <;magma_max_checkpoints>
[2022-03-10T13:27:41.769Z] 2022-03-10T13:27:41.100256+00:00 CRITICAL (No Engine) MagmaKVStore Magma open failed. Status:IOError: Unable to create directory: /magma.0 - boost::filesystem::create_directory: Permission denied: "/magma.0"
[2022-03-10T13:27:41.769Z] unknown file: Failure
[2022-03-10T13:27:41.769Z] C++ exception with description "MagmaKVStore Magma open failed. Status:IOError: Unable to create directory: /magma.0 - boost::filesystem::create_directory: Permission denied: "/magma.0"" thrown in SetUp().
[2022-03-10T13:27:41.769Z] [  FAILED  ] MagmaKVStoreRollbackTest.Rollback (37 ms)
MagmaKVStoreRollbackTest.Rollback
</pre>
 ( http://cv.jenkins.couchbase.com/job/kv_engine.threadsanitizer/job/neo/54/ )

ThreadSanitizer issue: SEGV /opt/gcc-10.2.0/lib/gcc/x86_64-pc-linux-gnu/10.2.0/../../../../include/c++/10.2.0/bits/unique_ptr.h:173 in std::__uniq_ptr_impl<DcpConnMap, std::default_delete<DcpConnMap> >::_M_ptr() const  ( http://cv.jenkins.couchbase.com/job/kv_engine.threadsanitizer/job/neo/54/ )

http://cv.jenkins.couchbase.com/job/kv_engine.ASan-UBSan/job/neo/55/ : FAILURE

http://cv.jenkins.couchbase.com/job/kv_engine.aarch64-linux/job/neo/49/ : FAILURE

Failure of GoogleTest "MagmaKVStoreRollbackTest.Rollback":

<pre>
[ RUN      ] MagmaKVStoreRollbackTest.Rollback
[2022-03-10T13:27:36.016Z] Unsupported key: <;magma_max_checkpoints>
[2022-03-10T13:27:36.016Z] 2022-03-10T05:27:35.772471-08:00 CRITICAL (No Engine) MagmaKVStore Magma open failed. Status:IOError: Unable to create directory: /magma.0 - boost::filesystem::create_directory: Permission denied: "/magma.0"
[2022-03-10T13:27:36.016Z] unknown file: Failure
[2022-03-10T13:27:36.016Z] C++ exception with description "MagmaKVStore Magma open failed. Status:IOError: Unable to create directory: /magma.0 - boost::filesystem::create_directory: Permission denied: "/magma.0"" thrown in SetUp().
[2022-03-10T13:27:36.016Z] [  FAILED  ] MagmaKVStoreRollbackTest.Rollback (2 ms)
MagmaKVStoreRollbackTest.Rollback
</pre>
 ( http://cv.jenkins.couchbase.com/job/kv_engine.aarch64-linux/job/neo/49/ )

Timeout of a CTest test [2022-03-10T13:32:59.956Z] 443/443 Test #260: ep-engine_ep_unit_tests.KVStoreParam/KVStoreParamTest .......................................................} ( http://cv.jenkins.couchbase.com/job/kv_engine.aarch64-linux/job/neo/49/ )

http://cv.jenkins.couchbase.com/job/kv_engine.linux/job/neo/55/ : FAILURE

Failure of GoogleTest "AllBucketTypes/ActiveDurabilityMonitorTest.AddSyncWrite/persistent_nexus_couchstore_magma_value_only":

<pre>
[ RUN      ] AllBucketTypes/ActiveDurabilityMonitorTest.AddSyncWrite/persistent_nexus_couchstore_magma_value_only
[2022-03-10T13:26:23.664Z] Unsupported key: <;exp_pager_enabled>
[2022-03-10T13:26:23.664Z] unknown file: Failure
[2022-03-10T13:26:23.664Z] C++ exception with description "Unable to parse config string: sync_writes_max_allowed_replicas=3;bucket_type=persistent;backend=nexus;nexus_primary_backend=couchdb;nexus_secondary_backend=magma;item_eviction_policy=value_only;warmup=false;couchstore_midpoint_rollback_optimisation=false;chk_period=86400;checkpoint_removal_mode=lazy;dbname=ep_engine_ep_unit_tests.db/AllBucketTypes_ActiveDurabilityMonitorTest_AddSyncWrite_persistent_nexus_couchstore_magma_value_only;max_size=125829120;magma_flusher_thread_percentage=50;num_writer_threads=2;;exp_pager_enabled=false" thrown in SetUp().
[2022-03-10T13:26:23.664Z] unknown file: Failure
[2022-03-10T13:26:23.664Z] C++ exception with description "std::bad_cast" thrown in TearDown().
[2022-03-10T13:26:23.664Z] [  FAILED  ] AllBucketTypes/ActiveDurabilityMonitorTest.AddSyncWrite/persistent_nexus_couchstore_magma_value_only, where GetParam() = "bucket_type=persistent:backend=nexus:nexus_primary_backend=couchstore:nexus_secondary_backend=magma:item_eviction_policy=value_only" (0 ms)
AllBucketTypes/ActiveDurabilityMonitorTest.AddSyncWrite/persistent_nexus_couchstore_magma_value_only
</pre>
 ( http://cv.jenkins.couchbase.com/job/kv_engine.linux/job/neo/55/ )

One of more core files found at the end of the build. Data for post-mortem saved to archived_core_dumps.tar.bz2 under "Build Artifacts". ( http://cv.jenkins.couchbase.com/job/kv_engine.linux/job/neo/55/ )

Timeout of a CTest test [2022-03-10T13:31:46.901Z] 442/442 Test #260: ep-engine_ep_unit_tests.KVStoreParam/KVStoreParamTest .......................................................} ( http://cv.jenkins.couchbase.com/job/kv_engine.linux/job/neo/55/ )

http://cv.jenkins.couchbase.com/job/kv_engine.linux-CE/job/neo/56/ : FAILURE

Failure of GoogleTest "TransportProtocols/XattrTest.mb25928_SystemCanExceedDocumentLimit/Mcbp_XattrYes_JsonYes_SnappyYes":

<pre>
[ RUN      ] TransportProtocols/XattrTest.mb25928_SystemCanExceedDocumentLimit/Mcbp_XattrYes_JsonYes_SnappyYes
[2022-03-10T13:29:12.642Z] /home/couchbase/jenkins/workspace/kv_engine.linux-CE_neo/kv_engine/tests/testapp/testapp_xattr.cc:1916: Failure
[2022-03-10T13:29:12.642Z] Value of: resp.isSuccess()
[2022-03-10T13:29:12.642Z]   Actual: false
[2022-03-10T13:29:12.642Z] Expected: true
[2022-03-10T13:29:12.642Z] Expected to be able to store system xattrs
[2022-03-10T13:29:12.642Z] [  FAILED  ] TransportProtocols/XattrTest.mb25928_SystemCanExceedDocumentLimit/Mcbp_XattrYes_JsonYes_SnappyYes, where GetParam() = (Mcbp, XattrYes, 4-byte object <00-00 00-00>, 4-byte object <00-00 00-00>) (140 ms)
TransportProtocols/XattrTest.mb25928_SystemCanExceedDocumentLimit/Mcbp_XattrYes_JsonYes_SnappyYes
</pre>
 ( http://cv.jenkins.couchbase.com/job/kv_engine.linux-CE/job/neo/56/ )

One of more core files found at the end of the build. Data for post-mortem saved to archived_core_dumps.tar.bz2 under "Build Artifacts". ( http://cv.jenkins.couchbase.com/job/kv_engine.linux-CE/job/neo/56/ )

http://cv.jenkins.couchbase.com/job/kv_engine-clang_format_9/14876/ : SUCCESS

http://cv.jenkins.couchbase.com/job/kv_engine-clang_analyzer-neo/54/ : SUCCESS

http://cv.jenkins.couchbase.com/job/kv_engine-clang_tidy-neo/55/ : SUCCESS

http://cv.jenkins.couchbase.com/job/kv_engine.libFuzzer/job/neo/55/ : SUCCESS
----------------------------------------------------------------------------------------------------------------------
