======================================================================================================================
DESCRIPTION:

MB-50256: 3/n Update GetAllVbSeqs privilege checking for ReadSeqno

GetAllVBSeqs can operate with MetaRead or ReadSeqno depending on the
input.

Primarily the updated functionality is as follows.

When the command targets the bucket (no collection encoded) the command
requires ReadSeqno or MetaRead as bucket privilege.

When the command explictly targets a collection the command requires
MetaRead.

Note this commit also tidies up the input validation, if the client
has not enabled collections and they request a collection, fail the
command. This removes the previous ability to ask for a collection but
be given the wrong answer.

Change-Id: Ia3cf954ef4a36108070a4a4dc519708c0f52ecf6

======================================================================================================================
COMMENTS
======================================================================================================================
Author: Jim Walker
Date: 2022-01-18 14:04:51.000000000
Message: 
Uploaded patch set 7: Patch Set 6 was rebased.
----------------------------------------------------------------------------------------------------------------------
Author: Build Bot
Date: 2022-01-18 15:24:20.000000000
Message: 
Patch Set 7: Verified-1

Build Failed 

http://cv.jenkins.couchbase.com/job/kv_engine-windows-master/42904/ : FAILURE

Timeout of a CTest test 418/418 Test #338: memcached_testapp.default.TransportProtocols/StatsTest ........................................................................} ( http://cv.jenkins.couchbase.com/job/kv_engine-windows-master/42904/ )

http://cv.jenkins.couchbase.com/job/kv_engine.linux-CE/job/master/16565/ : FAILURE

Failure of an engine_testapp test:

<pre>
Running [0100/0159]: test vbucket compact...../kv_engine/engines/ep/tests/ep_testsuite.cc:1522 Test failed: `" (Expected `4", got `0" - purge_seqno didn"t match expected value)
[2022-01-18T15:05:55.149Z] (32 ms) FAIL
</pre>
 ( http://cv.jenkins.couchbase.com/job/kv_engine.linux-CE/job/master/16565/ )

http://cv.jenkins.couchbase.com/job/kv_engine-clang_format_9/13741/ : SUCCESS

http://cv.jenkins.couchbase.com/job/kv_engine-clang_tidy-master/14896/ : SUCCESS

http://cv.jenkins.couchbase.com/job/kv_engine-clang_analyzer-master/36350/ : SUCCESS

http://cv.jenkins.couchbase.com/job/kv_engine.linux/job/master/16859/ : SUCCESS

http://cv.jenkins.couchbase.com/job/kv_engine.libFuzzer/job/master/4541/ : SUCCESS

http://cv.jenkins.couchbase.com/job/kv_engine.threadsanitizer/job/master/17650/ : SUCCESS

http://cv.jenkins.couchbase.com/job/kv_engine.ASan-UBSan/job/master/24984/ : SUCCESS

http://cv.jenkins.couchbase.com/job/kv_engine.aarch64-linux/job/master/4600/ : SUCCESS

http://cv.jenkins.couchbase.com/job/kv_engine.macos/job/master/15706/ : SUCCESS
----------------------------------------------------------------------------------------------------------------------
Author: Build Bot
Date: 2022-01-18 17:37:10.000000000
Message: 
Patch Set 7:

Build Failed 

http://cv.jenkins.couchbase.com/job/kv_engine-windows-master/42923/ : FAILURE

Failure of an engine_testapp test:

<pre>
Running [0101/0159]: test compaction config...(86 ms) OK


99% tests passed, 2 tests failed out of 418

Total Test time (real) = 707.90 sec

The following tests FAIL
</pre>
 ( http://cv.jenkins.couchbase.com/job/kv_engine-windows-master/42923/ )

Timeout of a CTest test 417/418 Test  #69: ep-engine_ep_unit_tests.DurabilityRespondAmbiguousTest ........................................................................} ( http://cv.jenkins.couchbase.com/job/kv_engine-windows-master/42923/ )

http://cv.jenkins.couchbase.com/job/kv_engine-clang_format_9/13741/ : SUCCESS

http://cv.jenkins.couchbase.com/job/kv_engine-clang_tidy-master/14896/ : SUCCESS

http://cv.jenkins.couchbase.com/job/kv_engine-clang_analyzer-master/36350/ : SUCCESS

http://cv.jenkins.couchbase.com/job/kv_engine.linux/job/master/16859/ : SUCCESS

http://cv.jenkins.couchbase.com/job/kv_engine.libFuzzer/job/master/4541/ : SUCCESS

http://cv.jenkins.couchbase.com/job/kv_engine.threadsanitizer/job/master/17650/ : SUCCESS

http://cv.jenkins.couchbase.com/job/kv_engine.ASan-UBSan/job/master/24984/ : SUCCESS

http://cv.jenkins.couchbase.com/job/kv_engine.aarch64-linux/job/master/4600/ : SUCCESS

http://cv.jenkins.couchbase.com/job/kv_engine.macos/job/master/15706/ : SUCCESS

http://cv.jenkins.couchbase.com/job/kv_engine.linux-CE/job/master/16581/ : SUCCESS
----------------------------------------------------------------------------------------------------------------------
Author: Build Bot
Date: 2022-01-19 12:22:24.000000000
Message: 
Patch Set 7:

Build Failed 

http://cv.jenkins.couchbase.com/job/kv_engine-windows-master/42965/ : FAILURE

Failure of GoogleTest "StatTest.WarmupStats":

<pre>
[ RUN      ] StatTest.WarmupStats
..\kv_engine\engines\ep\tests\module_tests\stats_test.cc(694): error: Actual function call count doesn"t match EXPECT_CALL(cb, Call("ep_warmup_estimate_time"sv, _, _))...
         Expected: to be called once
           Actual: never called - unsatisfied and active
[  FAILED  ] StatTest.WarmupStats (15 ms)
StatTest.WarmupStats
</pre>
 ( http://cv.jenkins.couchbase.com/job/kv_engine-windows-master/42965/ )

Failure of an engine_testapp test:

<pre>
Running [0031/0159]: test bloomfilters"s in a delete+set scenario...E0119 04:12:34.386083 125292 NotificationQueue.h:555] [NotificationQueue] Unexpected state while draining signals: signal_=1 bytes_read=0
(33 ms) SKIPPED_UNDER_MAGMA


99% tests passed, 2 tests failed out of 418

Total Test time (real) = 690.26 sec

The following tests FAIL
</pre>
 ( http://cv.jenkins.couchbase.com/job/kv_engine-windows-master/42965/ )

Timeout of a CTest test 418/418 Test #274: ep_testsuite.full_eviction.magma ..............................................................................................} ( http://cv.jenkins.couchbase.com/job/kv_engine-windows-master/42965/ )

http://cv.jenkins.couchbase.com/job/kv_engine-clang_format_9/13741/ : SUCCESS

http://cv.jenkins.couchbase.com/job/kv_engine-clang_tidy-master/14896/ : SUCCESS

http://cv.jenkins.couchbase.com/job/kv_engine-clang_analyzer-master/36350/ : SUCCESS

http://cv.jenkins.couchbase.com/job/kv_engine.linux/job/master/16859/ : SUCCESS

http://cv.jenkins.couchbase.com/job/kv_engine.libFuzzer/job/master/4541/ : SUCCESS

http://cv.jenkins.couchbase.com/job/kv_engine.threadsanitizer/job/master/17650/ : SUCCESS

http://cv.jenkins.couchbase.com/job/kv_engine.ASan-UBSan/job/master/24984/ : SUCCESS

http://cv.jenkins.couchbase.com/job/kv_engine.aarch64-linux/job/master/4600/ : SUCCESS

http://cv.jenkins.couchbase.com/job/kv_engine.macos/job/master/15706/ : SUCCESS

http://cv.jenkins.couchbase.com/job/kv_engine.linux-CE/job/master/16581/ : SUCCESS
----------------------------------------------------------------------------------------------------------------------
