======================================================================================================================
DESCRIPTION:

MB-38377: Make commonly used MockKVStore a NiceMock

The output is very noisy otherwise.

Change-Id: I7fa4a4fbf6a109046d5de488e789d335725b160f

======================================================================================================================
COMMENTS
======================================================================================================================
Author: Ben Huddleston
Date: 2022-01-21 10:08:04.000000000
Message: 
Uploaded patch set 1.
----------------------------------------------------------------------------------------------------------------------
Author: Build Bot
Date: 2022-01-21 10:44:55.000000000
Message: 
Patch Set 1: Verified-1

Build Failed 

http://cv.jenkins.couchbase.com/job/kv_engine-windows-master/43065/ : FAILURE

Failure of GoogleTest "EphemeralOrPersistent/STItemPagerTest.MB43055_MemUsedDropDoesNotBreakEviction/persistent_magma_value_only":

<pre>
[ RUN      ] EphemeralOrPersistent/STItemPagerTest.MB43055_MemUsedDropDoesNotBreakEviction/persistent_magma_value_only
..\kv_engine\engines\ep\tests\module_tests\item_pager_test.cc(1943): error: Expected: (stats.getEstimatedTotalMemoryUsed()) < (stats.mem_low_wat.load()), actual: 2128968 vs 1670636
[  FAILED  ] EphemeralOrPersistent/STItemPagerTest.MB43055_MemUsedDropDoesNotBreakEviction/persistent_magma_value_only, where GetParam() = ("persistent_magma", "value_only") (16503 ms)
EphemeralOrPersistent/STItemPagerTest.MB43055_MemUsedDropDoesNotBreakEviction/persistent_magma_value_only
</pre>
 ( http://cv.jenkins.couchbase.com/job/kv_engine-windows-master/43065/ )

http://cv.jenkins.couchbase.com/job/kv_engine.linux-CE/job/master/16673/ : FAILURE

http://cv.jenkins.couchbase.com/job/kv_engine.threadsanitizer/job/master/17754/ : FAILURE

Failure of GoogleTest "TransportProtocols/TenantTest.TenantStats/Mcbp":

<pre>
[ RUN      ] TransportProtocols/TenantTest.TenantStats/Mcbp
[2022-01-21T10:42:26.719Z] /home/couchbase/jenkins/workspace/kv_engine.threadsanitizer_master/kv_engine/tests/testapp/testapp_tenant.cc:158: Failure
[2022-01-21T10:42:26.719Z] Expected equality of these values:
[2022-01-21T10:42:26.719Z]   10
[2022-01-21T10:42:26.719Z]   json["connections"]["current"].get<int>()
[2022-01-21T10:42:26.719Z]     Which is: 11
[2022-01-21T10:42:26.719Z] [  FAILED  ] TransportProtocols/TenantTest.TenantStats/Mcbp, where GetParam() = Mcbp (987 ms)
TransportProtocols/TenantTest.TenantStats/Mcbp
</pre>
 ( http://cv.jenkins.couchbase.com/job/kv_engine.threadsanitizer/job/master/17754/ )

http://cv.jenkins.couchbase.com/job/kv_engine.aarch64-linux/job/master/4699/ : FAILURE

Failure of GoogleTest "EphemeralOrPersistent/STItemPagerTest.MB43055_MemUsedDropDoesNotBreakEviction/persistent_magma_full_eviction":

<pre>
[ RUN      ] EphemeralOrPersistent/STItemPagerTest.MB43055_MemUsedDropDoesNotBreakEviction/persistent_magma_full_eviction
[2022-01-21T10:32:52.774Z] ../kv_engine/engines/ep/tests/module_tests/item_pager_test.cc:1943: Failure
[2022-01-21T10:32:52.774Z] Expected: (stats.getEstimatedTotalMemoryUsed()) < (stats.mem_low_wat.load()), actual: 2242600 vs 1677636
[2022-01-21T10:32:52.774Z] [  FAILED  ] EphemeralOrPersistent/STItemPagerTest.MB43055_MemUsedDropDoesNotBreakEviction/persistent_magma_full_eviction, where GetParam() = ("persistent_magma", "full_eviction") (3590 ms)
EphemeralOrPersistent/STItemPagerTest.MB43055_MemUsedDropDoesNotBreakEviction/persistent_magma_full_eviction
</pre>
 ( http://cv.jenkins.couchbase.com/job/kv_engine.aarch64-linux/job/master/4699/ )

http://cv.jenkins.couchbase.com/job/kv_engine-clang_format_9/13841/ : SUCCESS

http://cv.jenkins.couchbase.com/job/kv_engine-clang_tidy-master/14997/ : SUCCESS

http://cv.jenkins.couchbase.com/job/kv_engine-clang_analyzer-master/36453/ : SUCCESS

http://cv.jenkins.couchbase.com/job/kv_engine.macos/job/master/15808/ : SUCCESS

http://cv.jenkins.couchbase.com/job/kv_engine.libFuzzer/job/master/4642/ : SUCCESS

http://cv.jenkins.couchbase.com/job/kv_engine.linux/job/master/16980/ : SUCCESS

http://cv.jenkins.couchbase.com/job/kv_engine.ASan-UBSan/job/master/25088/ : SUCCESS
----------------------------------------------------------------------------------------------------------------------
Author: Build Bot
Date: 2022-01-21 11:39:44.000000000
Message: 
Patch Set 1:

Build Failed 

http://cv.jenkins.couchbase.com/job/kv_engine-windows-master/43073/ : FAILURE

Failure of an engine_testapp test:

<pre>
Running [0026/0093]: test producer stream request (memory only)...(171 ms) OK


99% tests passed, 1 tests failed out of 419

Total Test time (real) = 821.66 sec

The following tests FAIL
</pre>
 ( http://cv.jenkins.couchbase.com/job/kv_engine-windows-master/43073/ )

Timeout of a CTest test 419/419 Test #286: ep_testsuite_dcp.full_eviction.comp_passive ...................................................................................} ( http://cv.jenkins.couchbase.com/job/kv_engine-windows-master/43073/ )

http://cv.jenkins.couchbase.com/job/kv_engine-clang_format_9/13841/ : SUCCESS

http://cv.jenkins.couchbase.com/job/kv_engine-clang_tidy-master/14997/ : SUCCESS

http://cv.jenkins.couchbase.com/job/kv_engine-clang_analyzer-master/36453/ : SUCCESS

http://cv.jenkins.couchbase.com/job/kv_engine.macos/job/master/15808/ : SUCCESS

http://cv.jenkins.couchbase.com/job/kv_engine.linux-CE/job/master/16676/ : SUCCESS

http://cv.jenkins.couchbase.com/job/kv_engine.libFuzzer/job/master/4642/ : SUCCESS

http://cv.jenkins.couchbase.com/job/kv_engine.linux/job/master/16980/ : SUCCESS

http://cv.jenkins.couchbase.com/job/kv_engine.threadsanitizer/job/master/17759/ : SUCCESS

http://cv.jenkins.couchbase.com/job/kv_engine.ASan-UBSan/job/master/25088/ : SUCCESS

http://cv.jenkins.couchbase.com/job/kv_engine.aarch64-linux/job/master/4703/ : SUCCESS
----------------------------------------------------------------------------------------------------------------------
Author: Build Bot
Date: 2022-01-21 12:01:02.000000000
Message: 
Patch Set 1:

Build Failed 

http://cv.jenkins.couchbase.com/job/kv_engine-windows-master/43082/ : FAILURE

Failure of an engine_testapp test:

<pre>
Running [0020/0093]: test producer stream request (partial)...(155 ms) OK


99% tests passed, 3 tests failed out of 419

Total Test time (real) = 360.28 sec

The following tests FAIL
</pre>
 ( http://cv.jenkins.couchbase.com/job/kv_engine-windows-master/43082/ )

Failure of GoogleTest "EphemeralOrPersistent/STItemPagerTest.MB43055_MemUsedDropDoesNotBreakEviction/persistent_magma_value_only":

<pre>
[ RUN      ] EphemeralOrPersistent/STItemPagerTest.MB43055_MemUsedDropDoesNotBreakEviction/persistent_magma_value_only
..\kv_engine\engines\ep\tests\module_tests\item_pager_test.cc(1943): error: Expected: (stats.getEstimatedTotalMemoryUsed()) < (stats.mem_low_wat.load()), actual: 2124912 vs 1670648
[  FAILED  ] EphemeralOrPersistent/STItemPagerTest.MB43055_MemUsedDropDoesNotBreakEviction/persistent_magma_value_only, where GetParam() = ("persistent_magma", "value_only") (19943 ms)
EphemeralOrPersistent/STItemPagerTest.MB43055_MemUsedDropDoesNotBreakEviction/persistent_magma_value_only
</pre>
 ( http://cv.jenkins.couchbase.com/job/kv_engine-windows-master/43082/ )

Timeout of a CTest test 418/419 Test #304: ep_testsuite_xdcr.ephemeral.comp_passive ......................................................................................} ( http://cv.jenkins.couchbase.com/job/kv_engine-windows-master/43082/ )

http://cv.jenkins.couchbase.com/job/kv_engine-clang_format_9/13841/ : SUCCESS

http://cv.jenkins.couchbase.com/job/kv_engine-clang_tidy-master/14997/ : SUCCESS

http://cv.jenkins.couchbase.com/job/kv_engine-clang_analyzer-master/36453/ : SUCCESS

http://cv.jenkins.couchbase.com/job/kv_engine.macos/job/master/15808/ : SUCCESS

http://cv.jenkins.couchbase.com/job/kv_engine.linux-CE/job/master/16676/ : SUCCESS

http://cv.jenkins.couchbase.com/job/kv_engine.libFuzzer/job/master/4642/ : SUCCESS

http://cv.jenkins.couchbase.com/job/kv_engine.linux/job/master/16980/ : SUCCESS

http://cv.jenkins.couchbase.com/job/kv_engine.threadsanitizer/job/master/17759/ : SUCCESS

http://cv.jenkins.couchbase.com/job/kv_engine.ASan-UBSan/job/master/25088/ : SUCCESS

http://cv.jenkins.couchbase.com/job/kv_engine.aarch64-linux/job/master/4703/ : SUCCESS
----------------------------------------------------------------------------------------------------------------------
Author: Build Bot
Date: 2022-01-21 12:48:11.000000000
Message: 
Patch Set 1:

Build Failed 

http://cv.jenkins.couchbase.com/job/kv_engine-windows-master/43091/ : FAILURE

Failure of an engine_testapp test:

<pre>
Running [0021/0093]: test producer stream request (full merged snapshots)...(393 ms) OK


99% tests passed, 2 tests failed out of 419

Total Test time (real) = 349.17 sec

The following tests FAIL
</pre>
 ( http://cv.jenkins.couchbase.com/job/kv_engine-windows-master/43091/ )

Timeout of a CTest test 418/419 Test #300: ep_testsuite_xdcr.value_eviction.comp_passive .................................................................................} ( http://cv.jenkins.couchbase.com/job/kv_engine-windows-master/43091/ )

http://cv.jenkins.couchbase.com/job/kv_engine-clang_format_9/13841/ : SUCCESS

http://cv.jenkins.couchbase.com/job/kv_engine-clang_tidy-master/14997/ : SUCCESS

http://cv.jenkins.couchbase.com/job/kv_engine-clang_analyzer-master/36453/ : SUCCESS

http://cv.jenkins.couchbase.com/job/kv_engine.macos/job/master/15808/ : SUCCESS

http://cv.jenkins.couchbase.com/job/kv_engine.linux-CE/job/master/16676/ : SUCCESS

http://cv.jenkins.couchbase.com/job/kv_engine.libFuzzer/job/master/4642/ : SUCCESS

http://cv.jenkins.couchbase.com/job/kv_engine.linux/job/master/16980/ : SUCCESS

http://cv.jenkins.couchbase.com/job/kv_engine.threadsanitizer/job/master/17759/ : SUCCESS

http://cv.jenkins.couchbase.com/job/kv_engine.ASan-UBSan/job/master/25088/ : SUCCESS

http://cv.jenkins.couchbase.com/job/kv_engine.aarch64-linux/job/master/4703/ : SUCCESS
----------------------------------------------------------------------------------------------------------------------
Author: Build Bot
Date: 2022-01-21 13:59:18.000000000
Message: 
Patch Set 1:

Build Failed 

http://cv.jenkins.couchbase.com/job/kv_engine-windows-master/43103/ : FAILURE

Failure of GoogleTest "EphemeralOrPersistent/STItemPagerTest.MB43055_MemUsedDropDoesNotBreakEviction/persistent_magma_value_only":

<pre>
[ RUN      ] EphemeralOrPersistent/STItemPagerTest.MB43055_MemUsedDropDoesNotBreakEviction/persistent_magma_value_only
..\kv_engine\engines\ep\tests\module_tests\item_pager_test.cc(1943): error: Expected: (stats.getEstimatedTotalMemoryUsed()) < (stats.mem_low_wat.load()), actual: 2126272 vs 1670648
[  FAILED  ] EphemeralOrPersistent/STItemPagerTest.MB43055_MemUsedDropDoesNotBreakEviction/persistent_magma_value_only, where GetParam() = ("persistent_magma", "value_only") (16183 ms)
EphemeralOrPersistent/STItemPagerTest.MB43055_MemUsedDropDoesNotBreakEviction/persistent_magma_value_only
</pre>
 ( http://cv.jenkins.couchbase.com/job/kv_engine-windows-master/43103/ )

http://cv.jenkins.couchbase.com/job/kv_engine-clang_format_9/13841/ : SUCCESS

http://cv.jenkins.couchbase.com/job/kv_engine-clang_tidy-master/14997/ : SUCCESS

http://cv.jenkins.couchbase.com/job/kv_engine-clang_analyzer-master/36453/ : SUCCESS

http://cv.jenkins.couchbase.com/job/kv_engine.macos/job/master/15808/ : SUCCESS

http://cv.jenkins.couchbase.com/job/kv_engine.linux-CE/job/master/16676/ : SUCCESS

http://cv.jenkins.couchbase.com/job/kv_engine.libFuzzer/job/master/4642/ : SUCCESS

http://cv.jenkins.couchbase.com/job/kv_engine.linux/job/master/16980/ : SUCCESS

http://cv.jenkins.couchbase.com/job/kv_engine.threadsanitizer/job/master/17759/ : SUCCESS

http://cv.jenkins.couchbase.com/job/kv_engine.ASan-UBSan/job/master/25088/ : SUCCESS

http://cv.jenkins.couchbase.com/job/kv_engine.aarch64-linux/job/master/4703/ : SUCCESS
----------------------------------------------------------------------------------------------------------------------
Author: Build Bot
Date: 2022-01-21 14:40:18.000000000
Message: 
Patch Set 1:

Build Failed 

http://cv.jenkins.couchbase.com/job/kv_engine-windows-master/43108/ : FAILURE

Failure of an engine_testapp test:

<pre>
Running [0032/0044]: test set_with_meta and drift stats...(212 ms) OK


99% tests passed, 2 tests failed out of 419

Total Test time (real) = 269.17 sec

The following tests FAIL
</pre>
 ( http://cv.jenkins.couchbase.com/job/kv_engine-windows-master/43108/ )

Failure of GoogleTest "StatTest.WarmupStats":

<pre>
[ RUN      ] StatTest.WarmupStats
..\kv_engine\engines\ep\tests\module_tests\stats_test.cc(694): error: Actual function call count doesn"t match EXPECT_CALL(cb, Call("ep_warmup_estimate_time"sv, _, _))...
         Expected: to be called once
           Actual: never called - unsatisfied and active
[  FAILED  ] StatTest.WarmupStats (17 ms)
StatTest.WarmupStats
</pre>
 ( http://cv.jenkins.couchbase.com/job/kv_engine-windows-master/43108/ )

Timeout of a CTest test 419/419 Test #306: ep_testsuite_xdcr.value_eviction.magma ........................................................................................} ( http://cv.jenkins.couchbase.com/job/kv_engine-windows-master/43108/ )

http://cv.jenkins.couchbase.com/job/kv_engine-clang_format_9/13841/ : SUCCESS

http://cv.jenkins.couchbase.com/job/kv_engine-clang_tidy-master/14997/ : SUCCESS

http://cv.jenkins.couchbase.com/job/kv_engine-clang_analyzer-master/36453/ : SUCCESS

http://cv.jenkins.couchbase.com/job/kv_engine.macos/job/master/15808/ : SUCCESS

http://cv.jenkins.couchbase.com/job/kv_engine.linux-CE/job/master/16676/ : SUCCESS

http://cv.jenkins.couchbase.com/job/kv_engine.libFuzzer/job/master/4642/ : SUCCESS

http://cv.jenkins.couchbase.com/job/kv_engine.linux/job/master/16980/ : SUCCESS

http://cv.jenkins.couchbase.com/job/kv_engine.threadsanitizer/job/master/17759/ : SUCCESS

http://cv.jenkins.couchbase.com/job/kv_engine.ASan-UBSan/job/master/25088/ : SUCCESS

http://cv.jenkins.couchbase.com/job/kv_engine.aarch64-linux/job/master/4703/ : SUCCESS
----------------------------------------------------------------------------------------------------------------------
Author: Build Bot
Date: 2022-01-21 15:38:38.000000000
Message: 
Patch Set 1:

Build Failed 

http://cv.jenkins.couchbase.com/job/kv_engine-windows-master/43116/ : FAILURE

Timeout of a CTest test 266/419 Test  #70: ep-engine_ep_unit_tests.DurabilityRespondAmbiguousTest ........................................................................} ( http://cv.jenkins.couchbase.com/job/kv_engine-windows-master/43116/ )

http://cv.jenkins.couchbase.com/job/kv_engine-clang_format_9/13841/ : SUCCESS

http://cv.jenkins.couchbase.com/job/kv_engine-clang_tidy-master/14997/ : SUCCESS

http://cv.jenkins.couchbase.com/job/kv_engine-clang_analyzer-master/36453/ : SUCCESS

http://cv.jenkins.couchbase.com/job/kv_engine.macos/job/master/15808/ : SUCCESS

http://cv.jenkins.couchbase.com/job/kv_engine.linux-CE/job/master/16676/ : SUCCESS

http://cv.jenkins.couchbase.com/job/kv_engine.libFuzzer/job/master/4642/ : SUCCESS

http://cv.jenkins.couchbase.com/job/kv_engine.linux/job/master/16980/ : SUCCESS

http://cv.jenkins.couchbase.com/job/kv_engine.threadsanitizer/job/master/17759/ : SUCCESS

http://cv.jenkins.couchbase.com/job/kv_engine.ASan-UBSan/job/master/25088/ : SUCCESS

http://cv.jenkins.couchbase.com/job/kv_engine.aarch64-linux/job/master/4703/ : SUCCESS
----------------------------------------------------------------------------------------------------------------------
