======================================================================================================================
DESCRIPTION:

MB-47143: Add Rate Limited error codes

The following error codes was added to the system:

    RateLimitedNetworkIngress = 0x30,
    RateLimitedNetworkEgress = 0x31,
    RateLimitedMaxConnections = 0x32,
    RateLimitedMaxCommands = 0x33,

And add a new attribute to the error map named "rate-limit" so
that clients may "automatically" recognize new rate limits when
we add them.

Change-Id: Ibd6ae0b22947a3b214e92821db7633893898dc06

======================================================================================================================
COMMENTS
======================================================================================================================
Author: Trond Norbye
Date: 2021-07-02 07:32:12.000000000
Message: 
Uploaded patch set 5: Patch Set 4 was rebased.
----------------------------------------------------------------------------------------------------------------------
Author: Build Bot
Date: 2021-07-02 08:11:17.000000000
Message: 
Patch Set 5: Verified-1

Build Failed 

http://cv.jenkins.couchbase.com/job/kv_engine-windows-master/37467/ : FAILURE

Failure of an engine_testapp test:

<pre>
Running [0139/0157]: test eviction with xattr...(27 ms) SKIPPED


99% tests passed, 1 tests failed out of 405

Total Test time (real) = 701.72 sec

The following tests FAIL
</pre>
 ( http://cv.jenkins.couchbase.com/job/kv_engine-windows-master/37467/ )

Timeout of a CTest test 405/405 Test #254: ep_testsuite.ephemeral.comp_active ............................................................................................} ( http://cv.jenkins.couchbase.com/job/kv_engine-windows-master/37467/ )

http://cv.jenkins.couchbase.com/job/kv_engine.linux/job/master/12082/ : FAILURE

Timeout of a CTest test [2021-07-02T07:44:09.960Z] 424/424 Test #240: ep-engine_ep_unit_tests.KVStoreParam/KVStoreParamTest .......................................................} ( http://cv.jenkins.couchbase.com/job/kv_engine.linux/job/master/12082/ )

http://cv.jenkins.couchbase.com/job/kv_engine-clang_tidy-master/10359/ : SUCCESS

http://cv.jenkins.couchbase.com/job/kv_engine-clang_analyzer-master/31959/ : SUCCESS

http://cv.jenkins.couchbase.com/job/kv_engine-clang_format_9/8977/ : SUCCESS

http://cv.jenkins.couchbase.com/job/kv_engine.macos/job/master/11011/ : SUCCESS

http://cv.jenkins.couchbase.com/job/kv_engine.linux-CE/job/master/11929/ : SUCCESS

http://cv.jenkins.couchbase.com/job/kv_engine.ASan-UBSan/job/master/19976/ : SUCCESS

http://cv.jenkins.couchbase.com/job/kv_engine.threadsanitizer/job/master/12423/ : SUCCESS
----------------------------------------------------------------------------------------------------------------------
Author: Build Bot
Date: 2021-07-02 09:27:50.000000000
Message: 
Patch Set 5:

Build Failed 

http://cv.jenkins.couchbase.com/job/kv_engine.linux/job/master/12082/ : FAILURE

Timeout of a CTest test [2021-07-02T07:44:09.960Z] 424/424 Test #240: ep-engine_ep_unit_tests.KVStoreParam/KVStoreParamTest .......................................................} ( http://cv.jenkins.couchbase.com/job/kv_engine.linux/job/master/12082/ )

http://cv.jenkins.couchbase.com/job/kv_engine-clang_tidy-master/10359/ : SUCCESS

http://cv.jenkins.couchbase.com/job/kv_engine-clang_analyzer-master/31959/ : SUCCESS

http://cv.jenkins.couchbase.com/job/kv_engine-clang_format_9/8977/ : SUCCESS

http://cv.jenkins.couchbase.com/job/kv_engine.macos/job/master/11011/ : SUCCESS

http://cv.jenkins.couchbase.com/job/kv_engine.linux-CE/job/master/11929/ : SUCCESS

http://cv.jenkins.couchbase.com/job/kv_engine.ASan-UBSan/job/master/19976/ : SUCCESS

http://cv.jenkins.couchbase.com/job/kv_engine.threadsanitizer/job/master/12423/ : SUCCESS

http://cv.jenkins.couchbase.com/job/kv_engine-windows-master/37469/ : SUCCESS
----------------------------------------------------------------------------------------------------------------------
Author: Build Bot
Date: 2021-07-02 09:40:01.000000000
Message: 
Patch Set 5: Verified+1

Build Successful 

http://cv.jenkins.couchbase.com/job/kv_engine-clang_tidy-master/10359/ : SUCCESS

http://cv.jenkins.couchbase.com/job/kv_engine-windows-master/37469/ : SUCCESS

http://cv.jenkins.couchbase.com/job/kv_engine-clang_analyzer-master/31959/ : SUCCESS

http://cv.jenkins.couchbase.com/job/kv_engine-clang_format_9/8977/ : SUCCESS

http://cv.jenkins.couchbase.com/job/kv_engine.macos/job/master/11011/ : SUCCESS

http://cv.jenkins.couchbase.com/job/kv_engine.linux-CE/job/master/11929/ : SUCCESS

http://cv.jenkins.couchbase.com/job/kv_engine.ASan-UBSan/job/master/19976/ : SUCCESS

http://cv.jenkins.couchbase.com/job/kv_engine.threadsanitizer/job/master/12423/ : SUCCESS

http://cv.jenkins.couchbase.com/job/kv_engine.linux/job/master/12085/ : SUCCESS
----------------------------------------------------------------------------------------------------------------------
