======================================================================================================================
DESCRIPTION:

MB-52067: Handle not found cas op status during counter store

Counter operations have a feature that that can create a counter
document with the provided initial value if the document does not
already exist. The arithmetic state machine currently deals with
this by first looking up if a document exists or not, and then
issuing either a cas (for update atomicity) set if it already
exists or an add if the document does not exist. There exists a
race condition in this logic though as follows:

1) GetItem runs for client A and finds the document
2) Document is deleted by client B
3) AllocateNewItem runs for client A (this copies the cas of the
   existing item to perform an atomic operation)
4) StoreItem runs for client A and finds that the document has
   been deleted

At step 4 when we find that the document is in a deleted state in
the HashTable we return up the stack a not found/no such key status
as this is a cas operation. The arithmetic state machine does not
attempt to retry the counter increment though, it instead passes
the not found status up the stack and back to the caller. This goes
against the create if non-existent feature.

Handle a not found status in the same way that we handle a cas
mismatch in the arithmetic counter state machine.

Change-Id: I525f133573da83f371cab33cc8f29efc0158ce04

======================================================================================================================
COMMENTS
======================================================================================================================
Author: Ben Huddleston
Date: 2022-05-11 17:38:49.000000000
Message: 
Uploaded patch set 3.
----------------------------------------------------------------------------------------------------------------------
Author: Restriction Checker
Date: 2022-05-11 17:39:01.000000000
Message: 
Patch Set 3: Well-Formed-1

Branch restricted. PLEASE READ this URL: 

http://server.jenkins.couchbase.com/job/restricted-branch-check/298362/artifact/restricted.html : FAILURE
----------------------------------------------------------------------------------------------------------------------
Author: Build Bot
Date: 2022-05-11 18:14:01.000000000
Message: 
Patch Set 3: Verified-1

Build Failed 

http://cv.jenkins.couchbase.com/job/kv_engine-windows-neo/254/ : FAILURE

Failure of an engine_testapp test:

<pre>
Running [65/159]: test special char keys...(119 ms) OK


99% tests passed, 1 tests failed out of 423

Total Test time (real) = 698.60 sec

The following tests FAIL
</pre>
 ( http://cv.jenkins.couchbase.com/job/kv_engine-windows-neo/254/ )

Timeout of a CTest test 423/423 Test #278: ep_testsuite.value_eviction.magma .............................................................................................} ( http://cv.jenkins.couchbase.com/job/kv_engine-windows-neo/254/ )

http://cv.jenkins.couchbase.com/job/kv_engine.macos/job/neo/246/ : FAILURE

Timeout of a CTest test [2022-05-11T18:13:53.982Z] 443/443 Test #441: cluster_test ................................................................................................} ( http://cv.jenkins.couchbase.com/job/kv_engine.macos/job/neo/246/ )

http://cv.jenkins.couchbase.com/job/kv_engine-clang_tidy-neo/185/ : SUCCESS

http://cv.jenkins.couchbase.com/job/kv_engine-clang_format_9/16455/ : SUCCESS

http://cv.jenkins.couchbase.com/job/kv_engine-clang_analyzer-neo/182/ : SUCCESS

http://cv.jenkins.couchbase.com/job/kv_engine.libFuzzer/job/neo/184/ : SUCCESS

http://cv.jenkins.couchbase.com/job/kv_engine.ASan-UBSan/job/neo/189/ : SUCCESS

http://cv.jenkins.couchbase.com/job/kv_engine.linux-CE/job/neo/196/ : SUCCESS

http://cv.jenkins.couchbase.com/job/kv_engine.threadsanitizer/job/neo/188/ : SUCCESS

http://cv.jenkins.couchbase.com/job/kv_engine.linux/job/neo/192/ : SUCCESS

http://cv.jenkins.couchbase.com/job/kv_engine.aarch64-linux/job/neo/178/ : SUCCESS
----------------------------------------------------------------------------------------------------------------------
Author: Dave Rigby
Date: 2022-05-12 08:03:10.000000000
Message: 
Patch Set 3: Code-Review-1

(2 comments)
Line:299, tests/testapp/testapp_arithmetic.cc -> No such key?

Line:312, tests/testapp/testapp_arithmetic.cc -> Can we also check the return value of the increment call?

----------------------------------------------------------------------------------------------------------------------
Author: Build Bot
Date: 2022-05-12 08:08:13.000000000
Message: 
Patch Set 3:

Build Failed 

http://cv.jenkins.couchbase.com/job/kv_engine-windows-neo/255/ : FAILURE

Failure of an engine_testapp test:

<pre>
Running [24/93]: test producer stream request (disk only)...(205 ms) OK


99% tests passed, 1 tests failed out of 423

Total Test time (real) = 353.00 sec

The following tests FAIL
</pre>
 ( http://cv.jenkins.couchbase.com/job/kv_engine-windows-neo/255/ )

Timeout of a CTest test 423/423 Test #294: ep_testsuite_dcp.value_eviction.magma .........................................................................................} ( http://cv.jenkins.couchbase.com/job/kv_engine-windows-neo/255/ )

http://cv.jenkins.couchbase.com/job/kv_engine.macos/job/neo/247/ : FAILURE

Failure of an engine_testapp test:

<pre>
Running [42/159]: file stats post warmup...../kv_engine/engines/ep/tests/ep_testsuite.cc:2327 Test failed: `" (Expected `287539" to be less than or equal to `278528" - Unexpected fileSize for vbucket)
[2022-05-12T07:58:54.520Z] (256 ms) FAIL
</pre>
 ( http://cv.jenkins.couchbase.com/job/kv_engine.macos/job/neo/247/ )

http://cv.jenkins.couchbase.com/job/kv_engine-clang_tidy-neo/185/ : SUCCESS

http://cv.jenkins.couchbase.com/job/kv_engine-clang_format_9/16455/ : SUCCESS

http://cv.jenkins.couchbase.com/job/kv_engine-clang_analyzer-neo/182/ : SUCCESS

http://cv.jenkins.couchbase.com/job/kv_engine.libFuzzer/job/neo/184/ : SUCCESS

http://cv.jenkins.couchbase.com/job/kv_engine.ASan-UBSan/job/neo/189/ : SUCCESS

http://cv.jenkins.couchbase.com/job/kv_engine.linux-CE/job/neo/196/ : SUCCESS

http://cv.jenkins.couchbase.com/job/kv_engine.threadsanitizer/job/neo/188/ : SUCCESS

http://cv.jenkins.couchbase.com/job/kv_engine.linux/job/neo/192/ : SUCCESS

http://cv.jenkins.couchbase.com/job/kv_engine.aarch64-linux/job/neo/178/ : SUCCESS
----------------------------------------------------------------------------------------------------------------------
Author: Ben Huddleston
Date: 2022-05-12 09:20:39.000000000
MISMATCHED INLINE COMMENT
Line:299, tests/testapp/testapp_arithmetic.cc -> Done
----------------------------------------------------------------------------------------------------------------------
Author: Ben Huddleston
Date: 2022-05-12 09:20:46.000000000
MISMATCHED INLINE COMMENT
Line:312, tests/testapp/testapp_arithmetic.cc -> Done
----------------------------------------------------------------------------------------------------------------------
Author: Ben Huddleston
Date: 2022-05-12 09:20:39.000000000
MISMATCHED INLINE COMMENT
Line:312, tests/testapp/testapp_arithmetic.cc -> Done
----------------------------------------------------------------------------------------------------------------------
