======================================================================================================================
DESCRIPTION:

MB-47932: Acquire the CM lock in CM::isOpenCheckpointDisk()

Any access to the CM::checkpointList must be guarded by CM::queueLock.
Just adding the correct locking in this patch, race condition already
covered by unit tests (eg,
http://cv.jenkins.couchbase.com/job/kv_engine.threadsanitizer/job/master/13455/console
).

Change-Id: I6c5fb6bc70d62d4c2c699b60997f0e00d5892c6e

======================================================================================================================
COMMENTS
======================================================================================================================
Author: Paolo Cocchi
Date: 2021-08-13 09:53:11.000000000
Message: 
Uploaded patch set 1.
----------------------------------------------------------------------------------------------------------------------
Author: Build Bot
Date: 2021-08-13 10:18:24.000000000
Message: 
Patch Set 1: Verified-1

Build Failed 

http://cv.jenkins.couchbase.com/job/kv_engine-windows-master/38587/ : FAILURE

Failure of an engine_testapp test:

<pre>
Running [0142/0157]: test hlc cas...(65 ms) OK


99% tests passed, 1 tests failed out of 402

Total Test time (real) = 648.14 sec

The following tests FAIL
</pre>
 ( http://cv.jenkins.couchbase.com/job/kv_engine-windows-master/38587/ )

Timeout of a CTest test 402/402 Test #257: ep_testsuite.full_eviction.magma ..............................................................................................} ( http://cv.jenkins.couchbase.com/job/kv_engine-windows-master/38587/ )

http://cv.jenkins.couchbase.com/job/kv_engine.threadsanitizer/job/master/13470/ : FAILURE

Failure of GoogleTest "TransportProtocols/SaslTest.SingleSCRAM_SHA256/Mcbp":

<pre>
[ RUN      ] TransportProtocols/SaslTest.SingleSCRAM_SHA256/Mcbp
[2021-08-13T10:04:57.654Z] [       OK ] TransportProtocols/SaslTest.SingleSCRAM_SHA256/Mcbp (204 ms)
[2021-08-13T10:04:57.654Z] [ RUN      ] TransportProtocols/SaslTest.SingleSCRAM_SHA256/McbpSsl
[2021-08-13T10:04:57.654Z] WARNING: Logging before InitGoogleLogging() is written to STDERR
[2021-08-13T10:04:57.654Z] W0813 10:04:38.100050 68379 HazptrDomain.h:670] Using the default inline executor for asynchronous reclamation may be susceptible to deadlock if the current thread happens to hold a resource needed by the deleter of a reclaimable object
[2021-08-13T10:04:57.654Z] /home/couchbase/jenkins/workspace/kv_engine.threadsanitizer_master/kv_engine/tests/testapp/testapp_sasl.cc:58: Failure
[2021-08-13T10:04:57.654Z] Expected: connection.deleteBucket(bucket3) doesn"t throw an exception.
[2021-08-13T10:04:57.654Z]   Actual: it throws.
[2021-08-13T10:04:57.654Z] [  FAILED  ] TransportProtocols/SaslTest.SingleSCRAM_SHA256/McbpSsl, where GetParam() = McbpSsl (20102 ms)
TransportProtocols/SaslTest.SingleSCRAM_SHA256/Mcbp
</pre>
 ( http://cv.jenkins.couchbase.com/job/kv_engine.threadsanitizer/job/master/13470/ )

http://cv.jenkins.couchbase.com/job/kv_engine-clang_format_9/10003/ : SUCCESS

http://cv.jenkins.couchbase.com/job/kv_engine-clang_tidy-master/11307/ : SUCCESS

http://cv.jenkins.couchbase.com/job/kv_engine-clang_analyzer-master/32901/ : SUCCESS

http://cv.jenkins.couchbase.com/job/kv_engine.macos/job/master/12023/ : SUCCESS

http://cv.jenkins.couchbase.com/job/kv_engine.aarch64-linux/job/master/947/ : SUCCESS

http://cv.jenkins.couchbase.com/job/kv_engine.libFuzzer/job/master/938/ : SUCCESS

http://cv.jenkins.couchbase.com/job/kv_engine.linux-CE/job/master/12906/ : SUCCESS

http://cv.jenkins.couchbase.com/job/kv_engine.linux/job/master/13102/ : SUCCESS

http://cv.jenkins.couchbase.com/job/kv_engine.ASan-UBSan/job/master/21018/ : SUCCESS
----------------------------------------------------------------------------------------------------------------------
Author: Build Bot
Date: 2021-08-13 14:18:59.000000000
Message: 
Patch Set 1:

Build Failed 

http://cv.jenkins.couchbase.com/job/kv_engine-windows-master/38602/ : FAILURE

Timeout of a CTest test 402/402 Test #321: memcached_testapp.default.TransportProtocols/StatsTest ........................................................................} ( http://cv.jenkins.couchbase.com/job/kv_engine-windows-master/38602/ )

http://cv.jenkins.couchbase.com/job/kv_engine-clang_format_9/10003/ : SUCCESS

http://cv.jenkins.couchbase.com/job/kv_engine-clang_tidy-master/11307/ : SUCCESS

http://cv.jenkins.couchbase.com/job/kv_engine-clang_analyzer-master/32901/ : SUCCESS

http://cv.jenkins.couchbase.com/job/kv_engine.macos/job/master/12023/ : SUCCESS

http://cv.jenkins.couchbase.com/job/kv_engine.aarch64-linux/job/master/947/ : SUCCESS

http://cv.jenkins.couchbase.com/job/kv_engine.libFuzzer/job/master/938/ : SUCCESS

http://cv.jenkins.couchbase.com/job/kv_engine.linux-CE/job/master/12906/ : SUCCESS

http://cv.jenkins.couchbase.com/job/kv_engine.linux/job/master/13102/ : SUCCESS

http://cv.jenkins.couchbase.com/job/kv_engine.threadsanitizer/job/master/13485/ : SUCCESS

http://cv.jenkins.couchbase.com/job/kv_engine.ASan-UBSan/job/master/21018/ : SUCCESS
----------------------------------------------------------------------------------------------------------------------
Author: Jim Walker
Date: 2021-08-13 16:12:08.000000000
Message: 
Patch Set 1: Code-Review+2
----------------------------------------------------------------------------------------------------------------------
Author: Build Bot
Date: 2021-08-13 16:14:30.000000000
Message: 
Patch Set 1:

Build Failed 

http://cv.jenkins.couchbase.com/job/kv_engine-windows-master/38605/ : FAILURE

Failure of an engine_testapp test:

<pre>
Running [0137/0157]: test get & delete on non existent items...(447 ms) SKIPPED


99% tests passed, 1 tests failed out of 402

Total Test time (real) = 676.57 sec

The following tests FAIL
</pre>
 ( http://cv.jenkins.couchbase.com/job/kv_engine-windows-master/38605/ )

Timeout of a CTest test 402/402 Test #255: ep_testsuite.ephemeral.comp_active ............................................................................................} ( http://cv.jenkins.couchbase.com/job/kv_engine-windows-master/38605/ )

http://cv.jenkins.couchbase.com/job/kv_engine-clang_format_9/10003/ : SUCCESS

http://cv.jenkins.couchbase.com/job/kv_engine-clang_tidy-master/11307/ : SUCCESS

http://cv.jenkins.couchbase.com/job/kv_engine-clang_analyzer-master/32901/ : SUCCESS

http://cv.jenkins.couchbase.com/job/kv_engine.macos/job/master/12023/ : SUCCESS

http://cv.jenkins.couchbase.com/job/kv_engine.aarch64-linux/job/master/947/ : SUCCESS

http://cv.jenkins.couchbase.com/job/kv_engine.libFuzzer/job/master/938/ : SUCCESS

http://cv.jenkins.couchbase.com/job/kv_engine.linux-CE/job/master/12906/ : SUCCESS

http://cv.jenkins.couchbase.com/job/kv_engine.linux/job/master/13102/ : SUCCESS

http://cv.jenkins.couchbase.com/job/kv_engine.threadsanitizer/job/master/13485/ : SUCCESS

http://cv.jenkins.couchbase.com/job/kv_engine.ASan-UBSan/job/master/21018/ : SUCCESS
----------------------------------------------------------------------------------------------------------------------
Author: Paolo Cocchi
Date: 2021-08-13 19:09:35.000000000
Message: 
Patch Set 1: Verified+1

Unrelated/intermittent test failure at http://cv.jenkins.couchbase.com/job/kv_engine-windows-master/38605
----------------------------------------------------------------------------------------------------------------------
Author: Paolo Cocchi
Date: 2021-08-13 19:09:37.000000000
Message: 
Removed Verified-1 by Build Bot <build@couchbase.com>

----------------------------------------------------------------------------------------------------------------------
