======================================================================================================================
DESCRIPTION:

MB-41514: Use VBReadyQueue in BgFetcher

@TODO we probably want some perf benchmarks here

Change-Id: I40520f2c315daaabb7fd9230e81ae7867e7494e6

======================================================================================================================
COMMENTS
======================================================================================================================
Author: Ben Huddleston
Date: 2020-10-21 10:47:14.000000000
Message: 
Uploaded patch set 3.
----------------------------------------------------------------------------------------------------------------------
Author: Build Bot
Date: 2020-10-21 10:47:27.000000000
Message: 
Patch Set 3: Well-Formed+1

Permission granted to commit: 

http://server.jenkins.couchbase.com/job/restricted-branch-check/206215/artifact/restricted.html : SUCCESS
----------------------------------------------------------------------------------------------------------------------
Author: Build Bot
Date: 2020-10-21 11:14:47.000000000
Message: 
Patch Set 3: Verified-1

Build Failed 

http://cv.jenkins.couchbase.com/job/kv_engine.linux-CE/job/mad-hatter/1641/ : FAILURE

Failure of an engine_testapp test:

<pre>
Running [0042/0045]: getMetaData mb23905 (couchstore).../usr/bin/timeout: the monitored command dumped core
[2020-10-21T11:00:40.801Z] 
[2020-10-21T11:00:44.073Z] 177/187 Test #172: memcached_testapp.ep.Transport/McdTestappTest ................................   Passed   41.10 sec
[2020-10-21T11:00:48.252Z] 178/187 Test  #55: ep_testsuite_xdcr.full_eviction.comp_active ..................................   Passed  117.60 sec
[2020-10-21T11:00:53.504Z] 179/187 Test  #29: ep_testsuite.value_eviction.comp_active ......................................   Passed  206.33 sec
[2020-10-21T11:00:53.504Z] 180/187 Test  #28: ep_testsuite.value_eviction.comp_passive .....................................   Passed  206.36 sec
[2020-10-21T11:00:53.504Z] 181/187 Test  #31: ep_testsuite.full_eviction.comp_active .......................................   Passed  207.03 sec
[2020-10-21T11:00:53.760Z] 182/187 Test  #30: ep_testsuite.full_eviction.comp_passive ......................................   Passed  207.39 sec
[2020-10-21T11:00:57.933Z] 183/187 Test  #42: ep_testsuite_dcp.full_eviction.comp_passive ..................................   Passed  206.67 sec
[2020-10-21T11:00:57.933Z] 184/187 Test  #43: ep_testsuite_dcp.full_eviction.comp_active ...................................   Passed  206.67 sec
[2020-10-21T11:00:57.933Z] 185/187 Test  #40: ep_testsuite_dcp.value_eviction.comp_passive .................................   Passed  207.67 sec
[2020-10-21T11:00:57.933Z] 186/187 Test  #41: ep_testsuite_dcp.value_eviction.comp_active ..................................   Passed  207.66 sec
[2020-10-21T11:01:06.025Z] 187/187 Test  #26: ep-engine_ep_unit_tests ......................................................   Passed  219.04 sec
[2020-10-21T11:01:06.025Z] 
[2020-10-21T11:01:06.025Z] 99% tests passed, 1 tests failed out of 187
[2020-10-21T11:01:06.025Z] 
[2020-10-21T11:01:06.025Z] Total Test time (real) = 219.12 sec
[2020-10-21T11:01:06.025Z] 
[2020-10-21T11:01:06.025Z] The following tests FAIL
</pre>
 ( http://cv.jenkins.couchbase.com/job/kv_engine.linux-CE/job/mad-hatter/1641/ )

Failure of a CTest test [2020-10-21T11:00:40.801Z] 176/187 Test  #54: ep_testsuite_xdcr.full_eviction.comp_passive ................................. ( http://cv.jenkins.couchbase.com/job/kv_engine.linux-CE/job/mad-hatter/1641/ )

http://cv.jenkins.couchbase.com/job/kv_engine-windows-madhatter/1702/ : SUCCESS

http://cv.jenkins.couchbase.com/job/kv_engine-clang_format/26103/ : SUCCESS

http://cv.jenkins.couchbase.com/job/kv_engine-clang_analyzer-mad-hatter/1514/ : SUCCESS

http://cv.jenkins.couchbase.com/job/kv_engine.threadsanitizer/job/mad-hatter/1420/ : SUCCESS

http://cv.jenkins.couchbase.com/job/kv_engine.ASan-UBSan/job/mad-hatter/1616/ : SUCCESS

http://cv.jenkins.couchbase.com/job/kv_engine.linux/job/mad-hatter/1633/ : SUCCESS

http://cv.jenkins.couchbase.com/job/kv_engine.macos/job/mad-hatter/982/ : SUCCESS
----------------------------------------------------------------------------------------------------------------------
