======================================================================================================================
DESCRIPTION:

MB-50333: Stream snapStart from Disk Checkpoint

Currently when we stream a Disk Checkpoint we take the seqno of the
first item in the Disk checkpoint and use that as the snapshot start
seqno. There exists a sanity check in the processing of aborts on the
replica that validates that the prepare seqno of an abort is within
the current snapshot if a prepare for it exists with a different seqno.
This sanity check can fail in the case where we receive the following
sequence of items.

1) Receive DCP disk snapshot with start seqno 1 end seqno 1
2) Receive DCP mutation at seqno 1
3) Receive DCP disk snapshot with start seqno 3 end seqno 3
4) Receive DCP abort at seqno 3 (seqno 2 was a de-duped prepare)

Fix this issue by sending the snapStart of the Disk checkpoint rather
than the seqno of the first item in the Disk checkpoint as the snapshot
start seqno (a snapshot marker with start seqno 2 end seqno 3)

In a future change we will make a similar change for memory snapshots,
but this is done separately as it affects non-replication DCP
consumers.

Change-Id: I6b5942ca506a2b320501031cc4b60df0e0dfb0cc

======================================================================================================================
COMMENTS
======================================================================================================================
Author: Ben Huddleston
Date: 2022-01-19 09:58:09.000000000
Message: 
Uploaded patch set 9.
----------------------------------------------------------------------------------------------------------------------
Author: Dave Rigby
Date: 2022-01-19 09:59:22.000000000
Message: 
Patch Set 9: Code-Review+2
----------------------------------------------------------------------------------------------------------------------
Author: Build Bot
Date: 2022-01-19 10:31:58.000000000
Message: 
Patch Set 9: Verified-1

Build Failed 

http://cv.jenkins.couchbase.com/job/kv_engine-windows-master/42955/ : FAILURE

Failure of an engine_testapp test:

<pre>
Running [0034/0159]: test access scanner settings.....\kv_engine\engines\ep\tests\ep_testsuite.cc:3391 Test failed: `" (Expected `2022-01-19 10:29:10" to be less than or equal to `2022-01-19 10:29:09" - Unexpected task time range, expect: 2022-01-19 10:29:10 <= 2022-01-19 10:29:09 <= 2022-01-19 10:29:10)
(150 ms) FAIL
</pre>
 ( http://cv.jenkins.couchbase.com/job/kv_engine-windows-master/42955/ )

Timeout of a CTest test 417/418 Test  #69: ep-engine_ep_unit_tests.DurabilityRespondAmbiguousTest ........................................................................} ( http://cv.jenkins.couchbase.com/job/kv_engine-windows-master/42955/ )

http://cv.jenkins.couchbase.com/job/kv_engine.linux/job/master/16892/ : FAILURE

Failure of GoogleTest "EphemeralOrPersistent/STItemPagerTest.MB43055_MemUsedDropDoesNotBreakEviction/persistent_magma_value_only":

<pre>
[ RUN      ] EphemeralOrPersistent/STItemPagerTest.MB43055_MemUsedDropDoesNotBreakEviction/persistent_magma_value_only
[2022-01-19T10:18:49.450Z] ../kv_engine/engines/ep/tests/module_tests/item_pager_test.cc:1943: Failure
[2022-01-19T10:18:49.450Z] Expected: (stats.getEstimatedTotalMemoryUsed()) < (stats.mem_low_wat.load()), actual: 2227184 vs 1676595
[2022-01-19T10:18:49.450Z] [  FAILED  ] EphemeralOrPersistent/STItemPagerTest.MB43055_MemUsedDropDoesNotBreakEviction/persistent_magma_value_only, where GetParam() = ("persistent_magma", "value_only") (8402 ms)
EphemeralOrPersistent/STItemPagerTest.MB43055_MemUsedDropDoesNotBreakEviction/persistent_magma_value_only
</pre>
 ( http://cv.jenkins.couchbase.com/job/kv_engine.linux/job/master/16892/ )

http://cv.jenkins.couchbase.com/job/kv_engine-clang_format_9/13770/ : SUCCESS

http://cv.jenkins.couchbase.com/job/kv_engine-clang_tidy-master/14927/ : SUCCESS

http://cv.jenkins.couchbase.com/job/kv_engine-clang_analyzer-master/36383/ : SUCCESS

http://cv.jenkins.couchbase.com/job/kv_engine.macos/job/master/15736/ : SUCCESS

http://cv.jenkins.couchbase.com/job/kv_engine.linux-CE/job/master/16599/ : SUCCESS

http://cv.jenkins.couchbase.com/job/kv_engine.libFuzzer/job/master/4572/ : SUCCESS

http://cv.jenkins.couchbase.com/job/kv_engine.threadsanitizer/job/master/17683/ : SUCCESS

http://cv.jenkins.couchbase.com/job/kv_engine.aarch64-linux/job/master/4630/ : SUCCESS

http://cv.jenkins.couchbase.com/job/kv_engine.ASan-UBSan/job/master/25015/ : SUCCESS
----------------------------------------------------------------------------------------------------------------------
Author: Build Bot
Date: 2022-01-19 11:06:45.000000000
Message: 
Patch Set 9:

Build Failed 

http://cv.jenkins.couchbase.com/job/kv_engine.linux/job/master/16895/ : FAILURE

Failure of GoogleTest "EphemeralOrPersistent/STItemPagerTest.MB43055_MemUsedDropDoesNotBreakEviction/persistent_magma_value_only":

<pre>
[ RUN      ] EphemeralOrPersistent/STItemPagerTest.MB43055_MemUsedDropDoesNotBreakEviction/persistent_magma_value_only
[2022-01-19T10:54:31.374Z] unknown file: Failure
[2022-01-19T10:54:31.374Z] C++ exception with description "CheckedExecutor failed fetchNextTask" thrown in the test body.
[2022-01-19T10:54:31.374Z] [  FAILED  ] EphemeralOrPersistent/STItemPagerTest.MB43055_MemUsedDropDoesNotBreakEviction/persistent_magma_value_only, where GetParam() = ("persistent_magma", "value_only") (9922 ms)
EphemeralOrPersistent/STItemPagerTest.MB43055_MemUsedDropDoesNotBreakEviction/persistent_magma_value_only
</pre>
 ( http://cv.jenkins.couchbase.com/job/kv_engine.linux/job/master/16895/ )

http://cv.jenkins.couchbase.com/job/kv_engine-windows-master/42959/ : FAILURE

Failure of an engine_testapp test:

<pre>
Running [0035/0047]: get/delete with missing db file...(21 ms) SKIPPED


99% tests passed, 1 tests failed out of 418

Total Test time (real) = 336.36 sec

The following tests FAIL
</pre>
 ( http://cv.jenkins.couchbase.com/job/kv_engine-windows-master/42959/ )

Timeout of a CTest test 418/418 Test #279: ep_testsuite_basic.ephemeral.comp_passive .....................................................................................} ( http://cv.jenkins.couchbase.com/job/kv_engine-windows-master/42959/ )

http://cv.jenkins.couchbase.com/job/kv_engine-clang_format_9/13770/ : SUCCESS

http://cv.jenkins.couchbase.com/job/kv_engine-clang_tidy-master/14927/ : SUCCESS

http://cv.jenkins.couchbase.com/job/kv_engine-clang_analyzer-master/36383/ : SUCCESS

http://cv.jenkins.couchbase.com/job/kv_engine.macos/job/master/15736/ : SUCCESS

http://cv.jenkins.couchbase.com/job/kv_engine.linux-CE/job/master/16599/ : SUCCESS

http://cv.jenkins.couchbase.com/job/kv_engine.libFuzzer/job/master/4572/ : SUCCESS

http://cv.jenkins.couchbase.com/job/kv_engine.threadsanitizer/job/master/17683/ : SUCCESS

http://cv.jenkins.couchbase.com/job/kv_engine.aarch64-linux/job/master/4630/ : SUCCESS

http://cv.jenkins.couchbase.com/job/kv_engine.ASan-UBSan/job/master/25015/ : SUCCESS
----------------------------------------------------------------------------------------------------------------------
Author: Build Bot
Date: 2022-01-19 11:52:06.000000000
Message: 
Patch Set 9:

Build Failed 

http://cv.jenkins.couchbase.com/job/kv_engine-windows-master/42963/ : FAILURE

Failure of an engine_testapp test:

<pre>
Running [0066/0159]: test binary keys...(287 ms) OK


99% tests passed, 2 tests failed out of 418

Total Test time (real) = 681.61 sec

The following tests FAIL
</pre>
 ( http://cv.jenkins.couchbase.com/job/kv_engine-windows-master/42963/ )

Timeout of a CTest test 417/418 Test #267: ep_testsuite.value_eviction.comp_passive ......................................................................................} ( http://cv.jenkins.couchbase.com/job/kv_engine-windows-master/42963/ )

http://cv.jenkins.couchbase.com/job/kv_engine-clang_format_9/13770/ : SUCCESS

http://cv.jenkins.couchbase.com/job/kv_engine-clang_tidy-master/14927/ : SUCCESS

http://cv.jenkins.couchbase.com/job/kv_engine-clang_analyzer-master/36383/ : SUCCESS

http://cv.jenkins.couchbase.com/job/kv_engine.macos/job/master/15736/ : SUCCESS

http://cv.jenkins.couchbase.com/job/kv_engine.linux-CE/job/master/16599/ : SUCCESS

http://cv.jenkins.couchbase.com/job/kv_engine.libFuzzer/job/master/4572/ : SUCCESS

http://cv.jenkins.couchbase.com/job/kv_engine.threadsanitizer/job/master/17683/ : SUCCESS

http://cv.jenkins.couchbase.com/job/kv_engine.aarch64-linux/job/master/4630/ : SUCCESS

http://cv.jenkins.couchbase.com/job/kv_engine.ASan-UBSan/job/master/25015/ : SUCCESS

http://cv.jenkins.couchbase.com/job/kv_engine.linux/job/master/16898/ : SUCCESS
----------------------------------------------------------------------------------------------------------------------
Author: Build Bot
Date: 2022-01-19 12:18:22.000000000
Message: 
Patch Set 9:

Build Failed 

http://cv.jenkins.couchbase.com/job/kv_engine-windows-master/42966/ : FAILURE

Failure of GoogleTest "EphemeralOrPersistent/STItemPagerTest.MB43055_MemUsedDropDoesNotBreakEviction/persistent_magma_value_only":

<pre>
[ RUN      ] EphemeralOrPersistent/STItemPagerTest.MB43055_MemUsedDropDoesNotBreakEviction/persistent_magma_value_only
..\kv_engine\engines\ep\tests\module_tests\item_pager_test.cc(1943): error: Expected: (stats.getEstimatedTotalMemoryUsed()) < (stats.mem_low_wat.load()), actual: 2127520 vs 1666078
[  FAILED  ] EphemeralOrPersistent/STItemPagerTest.MB43055_MemUsedDropDoesNotBreakEviction/persistent_magma_value_only, where GetParam() = ("persistent_magma", "value_only") (15123 ms)
EphemeralOrPersistent/STItemPagerTest.MB43055_MemUsedDropDoesNotBreakEviction/persistent_magma_value_only
</pre>
 ( http://cv.jenkins.couchbase.com/job/kv_engine-windows-master/42966/ )

http://cv.jenkins.couchbase.com/job/kv_engine-clang_format_9/13770/ : SUCCESS

http://cv.jenkins.couchbase.com/job/kv_engine-clang_tidy-master/14927/ : SUCCESS

http://cv.jenkins.couchbase.com/job/kv_engine-clang_analyzer-master/36383/ : SUCCESS

http://cv.jenkins.couchbase.com/job/kv_engine.macos/job/master/15736/ : SUCCESS

http://cv.jenkins.couchbase.com/job/kv_engine.linux-CE/job/master/16599/ : SUCCESS

http://cv.jenkins.couchbase.com/job/kv_engine.libFuzzer/job/master/4572/ : SUCCESS

http://cv.jenkins.couchbase.com/job/kv_engine.threadsanitizer/job/master/17683/ : SUCCESS

http://cv.jenkins.couchbase.com/job/kv_engine.aarch64-linux/job/master/4630/ : SUCCESS

http://cv.jenkins.couchbase.com/job/kv_engine.ASan-UBSan/job/master/25015/ : SUCCESS

http://cv.jenkins.couchbase.com/job/kv_engine.linux/job/master/16898/ : SUCCESS
----------------------------------------------------------------------------------------------------------------------
Author: Build Bot
Date: 2022-01-19 12:55:10.000000000
Message: 
Patch Set 9:

Build Failed 

http://cv.jenkins.couchbase.com/job/kv_engine-windows-master/42969/ : FAILURE

Failure of GoogleTest "DurabilityRespondAmbiguousTest.RespondAmbiguousNotificationDeadLock":

<pre>
[ RUN      ] DurabilityRespondAmbiguousTest.RespondAmbiguousNotificationDeadLock
unknown file: error: C++ exception with description "KVStoreFactory ctor: Specified dbname "ep_engine_ep_unit_tests.db/test.440001" is not a directory" thrown in the test body.
[  FAILED  ] DurabilityRespondAmbiguousTest.RespondAmbiguousNotificationDeadLock (4472 ms)
DurabilityRespondAmbiguousTest.RespondAmbiguousNotificationDeadLock
</pre>
 ( http://cv.jenkins.couchbase.com/job/kv_engine-windows-master/42969/ )

Failure of an engine_testapp test:

<pre>
Running [0034/0159]: test access scanner settings...(286 ms) OK


99% tests passed, 4 tests failed out of 418

Total Test time (real) = 718.28 sec

The following tests FAIL
</pre>
 ( http://cv.jenkins.couchbase.com/job/kv_engine-windows-master/42969/ )

Timeout of a CTest test 417/418 Test #269: ep_testsuite.full_eviction.comp_passive .......................................................................................} ( http://cv.jenkins.couchbase.com/job/kv_engine-windows-master/42969/ )

http://cv.jenkins.couchbase.com/job/kv_engine-clang_format_9/13770/ : SUCCESS

http://cv.jenkins.couchbase.com/job/kv_engine-clang_tidy-master/14927/ : SUCCESS

http://cv.jenkins.couchbase.com/job/kv_engine-clang_analyzer-master/36383/ : SUCCESS

http://cv.jenkins.couchbase.com/job/kv_engine.macos/job/master/15736/ : SUCCESS

http://cv.jenkins.couchbase.com/job/kv_engine.linux-CE/job/master/16599/ : SUCCESS

http://cv.jenkins.couchbase.com/job/kv_engine.libFuzzer/job/master/4572/ : SUCCESS

http://cv.jenkins.couchbase.com/job/kv_engine.threadsanitizer/job/master/17683/ : SUCCESS

http://cv.jenkins.couchbase.com/job/kv_engine.aarch64-linux/job/master/4630/ : SUCCESS

http://cv.jenkins.couchbase.com/job/kv_engine.ASan-UBSan/job/master/25015/ : SUCCESS

http://cv.jenkins.couchbase.com/job/kv_engine.linux/job/master/16898/ : SUCCESS
----------------------------------------------------------------------------------------------------------------------
Author: Build Bot
Date: 2022-01-19 13:26:13.000000000
Message: 
Patch Set 9:

Build Failed 

http://cv.jenkins.couchbase.com/job/kv_engine-windows-master/42975/ : FAILURE

Failure of GoogleTest "StatTest.WarmupStats":

<pre>
[ RUN      ] StatTest.WarmupStats
..\kv_engine\engines\ep\tests\module_tests\stats_test.cc(694): error: Actual function call count doesn"t match EXPECT_CALL(cb, Call("ep_warmup_estimate_time"sv, _, _))...
         Expected: to be called once
           Actual: never called - unsatisfied and active
[  FAILED  ] StatTest.WarmupStats (12 ms)
StatTest.WarmupStats
</pre>
 ( http://cv.jenkins.couchbase.com/job/kv_engine-windows-master/42975/ )

Failure of an engine_testapp test:

<pre>
Running [0029/0159]: test bloomfilters...(113 ms) OK


99% tests passed, 4 tests failed out of 418

Total Test time (real) = 675.47 sec

The following tests FAIL
</pre>
 ( http://cv.jenkins.couchbase.com/job/kv_engine-windows-master/42975/ )

Timeout of a CTest test 418/418 Test #269: ep_testsuite.full_eviction.comp_passive .......................................................................................} ( http://cv.jenkins.couchbase.com/job/kv_engine-windows-master/42975/ )

http://cv.jenkins.couchbase.com/job/kv_engine-clang_format_9/13770/ : SUCCESS

http://cv.jenkins.couchbase.com/job/kv_engine-clang_tidy-master/14927/ : SUCCESS

http://cv.jenkins.couchbase.com/job/kv_engine-clang_analyzer-master/36383/ : SUCCESS

http://cv.jenkins.couchbase.com/job/kv_engine.macos/job/master/15736/ : SUCCESS

http://cv.jenkins.couchbase.com/job/kv_engine.linux-CE/job/master/16599/ : SUCCESS

http://cv.jenkins.couchbase.com/job/kv_engine.libFuzzer/job/master/4572/ : SUCCESS

http://cv.jenkins.couchbase.com/job/kv_engine.threadsanitizer/job/master/17683/ : SUCCESS

http://cv.jenkins.couchbase.com/job/kv_engine.aarch64-linux/job/master/4630/ : SUCCESS

http://cv.jenkins.couchbase.com/job/kv_engine.ASan-UBSan/job/master/25015/ : SUCCESS

http://cv.jenkins.couchbase.com/job/kv_engine.linux/job/master/16898/ : SUCCESS
----------------------------------------------------------------------------------------------------------------------
Author: Build Bot
Date: 2022-01-19 15:11:25.000000000
Message: 
Patch Set 9: Verified+1

Build Successful 

http://cv.jenkins.couchbase.com/job/kv_engine-clang_format_9/13770/ : SUCCESS

http://cv.jenkins.couchbase.com/job/kv_engine-clang_tidy-master/14927/ : SUCCESS

http://cv.jenkins.couchbase.com/job/kv_engine-clang_analyzer-master/36383/ : SUCCESS

http://cv.jenkins.couchbase.com/job/kv_engine.macos/job/master/15736/ : SUCCESS

http://cv.jenkins.couchbase.com/job/kv_engine.linux-CE/job/master/16599/ : SUCCESS

http://cv.jenkins.couchbase.com/job/kv_engine.libFuzzer/job/master/4572/ : SUCCESS

http://cv.jenkins.couchbase.com/job/kv_engine.threadsanitizer/job/master/17683/ : SUCCESS

http://cv.jenkins.couchbase.com/job/kv_engine.aarch64-linux/job/master/4630/ : SUCCESS

http://cv.jenkins.couchbase.com/job/kv_engine.ASan-UBSan/job/master/25015/ : SUCCESS

http://cv.jenkins.couchbase.com/job/kv_engine.linux/job/master/16898/ : SUCCESS

http://cv.jenkins.couchbase.com/job/kv_engine-windows-master/42987/ : SUCCESS
----------------------------------------------------------------------------------------------------------------------
