======================================================================================================================
DESCRIPTION:

MB-54295: Merge commit 'couchbase/cheshire-cat' into neo

* commit 'a6922c068':
  MB-53922: Remove ~StoredValueProxy

Change-Id: Iabda6e49d001e342da06621dda846043f1a0c35e

======================================================================================================================
COMMENTS
======================================================================================================================
Author: Jim Walker
Date: 2022-11-08 13:11:18.000000000
Message: 
Uploaded patch set 1.
----------------------------------------------------------------------------------------------------------------------
Author: Restriction Checker
Date: 2022-11-08 13:11:37.000000000
Message: 
Patch Set 1: Well-Formed+1

Permission granted to commit: 

https://server.jenkins.couchbase.com/job/restricted-branch-check/323712/artifact/restricted.html : SUCCESS
----------------------------------------------------------------------------------------------------------------------
Author: Dave Rigby
Date: 2022-11-08 13:16:11.000000000
Message: 
Patch Set 1: Code-Review+2
----------------------------------------------------------------------------------------------------------------------
Author: Build Bot
Date: 2022-11-08 13:57:30.000000000
Message: 
Patch Set 1: Verified-1

Build Failed 

https://cv.jenkins.couchbase.com/job/kv_engine.aarch64-linux/job/neo/395/ : FAILURE

Failure of GoogleTest "EphemeralOrPersistent/STExpiryPagerTest.ExpiredItemsDeleted/persistent_magma_full_eviction":

<pre>
[ RUN      ] EphemeralOrPersistent/STExpiryPagerTest.ExpiredItemsDeleted/persistent_magma_full_eviction
[2022-11-08T13:32:47.986Z] ../kv_engine/engines/ep/tests/module_tests/item_pager_test.cc:1704: Failure
[2022-11-08T13:32:47.986Z] Expected equality of these values:
[2022-11-08T13:32:47.986Z]   cb::engine_errc::would_block
[2022-11-08T13:32:47.986Z]     Which is: would block
[2022-11-08T13:32:47.986Z]   getKeyFn(key_2)
[2022-11-08T13:32:47.986Z]     Which is: no memory
[2022-11-08T13:32:47.986Z] ../kv_engine/engines/ep/tests/module_tests/item_pager_test.cc:1707: Failure
[2022-11-08T13:32:47.986Z] Expected equality of these values:
[2022-11-08T13:32:47.986Z]   cb::engine_errc::no_such_key
[2022-11-08T13:32:47.986Z]     Which is: no such key
[2022-11-08T13:32:47.986Z]   getKeyFn(key_2)
[2022-11-08T13:32:47.986Z]     Which is: no memory
[2022-11-08T13:32:47.986Z] Key with TTL:20 should be removed.
[2022-11-08T13:32:47.986Z] [  FAILED  ] EphemeralOrPersistent/STExpiryPagerTest.ExpiredItemsDeleted/persistent_magma_full_eviction, where GetParam() = "bucket_type=persistent:backend=magma:item_eviction_policy=full_eviction" (67 ms)
EphemeralOrPersistent/STExpiryPagerTest.ExpiredItemsDeleted/persistent_magma_full_eviction
</pre>
 ( https://cv.jenkins.couchbase.com/job/kv_engine.aarch64-linux/job/neo/395/ )

https://cv.jenkins.couchbase.com/job/kv_engine.threadsanitizer/job/neo/417/ : FAILURE

ThreadSanitizer issue: data race /opt/gcc-10.2.0/lib/gcc/x86_64-pc-linux-gnu/10.2.0/../../../../include/c++/10.2.0/bits/unique_ptr.h:360 in std::unique_ptr<cb::test::Cluster, std::default_delete<cb::test::Cluster> >::~unique_ptr()  ( https://cv.jenkins.couchbase.com/job/kv_engine.threadsanitizer/job/neo/417/ )

https://cv.jenkins.couchbase.com/job/kv_engine-windows-neo/532/ : SUCCESS

https://cv.jenkins.couchbase.com/job/kv_engine-clang_format_9/21024/ : SUCCESS

https://cv.jenkins.couchbase.com/job/kv_engine-clang_analyzer-neo/383/ : SUCCESS

https://cv.jenkins.couchbase.com/job/kv_engine-clang_tidy-neo/393/ : SUCCESS

https://cv.jenkins.couchbase.com/job/kv_engine.linux-CE/job/neo/418/ : SUCCESS

https://cv.jenkins.couchbase.com/job/kv_engine.libFuzzer/job/neo/395/ : SUCCESS

https://cv.jenkins.couchbase.com/job/kv_engine.linux/job/neo/408/ : SUCCESS

https://cv.jenkins.couchbase.com/job/kv_engine.ASan-UBSan/job/neo/408/ : SUCCESS

https://cv.jenkins.couchbase.com/job/kv_engine.macos/job/neo/638/ : SUCCESS
----------------------------------------------------------------------------------------------------------------------
Author: Build Bot
Date: 2022-11-08 18:55:53.000000000
Message: 
Patch Set 1:

Build Failed 

https://cv.jenkins.couchbase.com/job/kv_engine-windows-neo/539/ : FAILURE

Failure of GoogleTest "AllBucketTypes/SingleThreadedActiveStreamTest.BackfillSequential/ephemeral_fail_new_data":

<pre>
[ RUN      ] AllBucketTypes/SingleThreadedActiveStreamTest.BackfillSequential/ephemeral_fail_new_data
unknown file: error: C++ exception with description "KVStoreFactory ctor: Specified dbname "ep_engine_ep_unit_tests.db/test.182901" is not a directory" thrown in SetUp().
unknown file: error: SEH exception with code 0xc0000005 thrown in TearDown().
[  FAILED  ] AllBucketTypes/SingleThreadedActiveStreamTest.BackfillSequential/ephemeral_fail_new_data, where GetParam() = "bucket_type=ephemeral:ephemeral_full_policy=fail_new_data" (2 ms)
AllBucketTypes/SingleThreadedActiveStreamTest.BackfillSequential/ephemeral_fail_new_data
</pre>
 ( https://cv.jenkins.couchbase.com/job/kv_engine-windows-neo/539/ )

Failure of an engine_testapp test:

<pre>
Running [132/160]: test key_stats with item_eviction...(83 ms) OK


99% tests passed, 4 tests failed out of 424

Total Test time (real) = 694.55 sec

The following tests FAIL
</pre>
 ( https://cv.jenkins.couchbase.com/job/kv_engine-windows-neo/539/ )

Timeout of a CTest test 422/424 Test #291: ep_testsuite_dcp.full_eviction.comp_passive ...................................................................................} ( https://cv.jenkins.couchbase.com/job/kv_engine-windows-neo/539/ )

https://cv.jenkins.couchbase.com/job/kv_engine.macos/job/neo/644/ : FAILURE

No problems were identified. If you know why this problem occurred, please add a suitable Cause for it. ( https://cv.jenkins.couchbase.com/job/kv_engine.macos/job/neo/644/ )

https://cv.jenkins.couchbase.com/job/kv_engine.aarch64-linux/job/neo/402/ : SUCCESS

https://cv.jenkins.couchbase.com/job/kv_engine-clang_format_9/21053/ : SUCCESS

https://cv.jenkins.couchbase.com/job/kv_engine-clang_analyzer-neo/388/ : SUCCESS

https://cv.jenkins.couchbase.com/job/kv_engine-clang_tidy-neo/398/ : SUCCESS

https://cv.jenkins.couchbase.com/job/kv_engine.linux-CE/job/neo/423/ : SUCCESS

https://cv.jenkins.couchbase.com/job/kv_engine.libFuzzer/job/neo/400/ : SUCCESS

https://cv.jenkins.couchbase.com/job/kv_engine.linux/job/neo/413/ : SUCCESS

https://cv.jenkins.couchbase.com/job/kv_engine.ASan-UBSan/job/neo/414/ : SUCCESS

https://cv.jenkins.couchbase.com/job/kv_engine.threadsanitizer/job/neo/422/ : SUCCESS
----------------------------------------------------------------------------------------------------------------------
Author: Build Bot
Date: 2022-11-08 19:38:33.000000000
Message: 
Patch Set 1:

Build Failed 

https://cv.jenkins.couchbase.com/job/kv_engine-windows-neo/540/ : FAILURE

Failure of an engine_testapp test:

<pre>
Running [44/47]: test max_ttl range...(70 ms) OK


99% tests passed, 1 tests failed out of 424

Total Test time (real) = 338.29 sec

The following tests FAIL
</pre>
 ( https://cv.jenkins.couchbase.com/job/kv_engine-windows-neo/540/ )

Timeout of a CTest test 424/424 Test #285: ep_testsuite_basic.ephemeral.comp_passive .....................................................................................} ( https://cv.jenkins.couchbase.com/job/kv_engine-windows-neo/540/ )

https://cv.jenkins.couchbase.com/job/kv_engine.macos/job/neo/645/ : FAILURE

Timeout of a CTest test [2022-11-08T19:37:37.110Z] 444/444 Test #442: cluster_test ................................................................................................} ( https://cv.jenkins.couchbase.com/job/kv_engine.macos/job/neo/645/ )

https://cv.jenkins.couchbase.com/job/kv_engine.aarch64-linux/job/neo/402/ : SUCCESS

https://cv.jenkins.couchbase.com/job/kv_engine-clang_format_9/21053/ : SUCCESS

https://cv.jenkins.couchbase.com/job/kv_engine-clang_analyzer-neo/388/ : SUCCESS

https://cv.jenkins.couchbase.com/job/kv_engine-clang_tidy-neo/398/ : SUCCESS

https://cv.jenkins.couchbase.com/job/kv_engine.linux-CE/job/neo/423/ : SUCCESS

https://cv.jenkins.couchbase.com/job/kv_engine.libFuzzer/job/neo/400/ : SUCCESS

https://cv.jenkins.couchbase.com/job/kv_engine.linux/job/neo/413/ : SUCCESS

https://cv.jenkins.couchbase.com/job/kv_engine.ASan-UBSan/job/neo/414/ : SUCCESS

https://cv.jenkins.couchbase.com/job/kv_engine.threadsanitizer/job/neo/422/ : SUCCESS
----------------------------------------------------------------------------------------------------------------------
Author: Daniel Owen
Date: 2022-11-08 19:49:50.000000000
Message: 
Patch Set 1: Verified+1

(1 comment)
File Comment: /PATCHSET_LEVEL -> manually overriding verify - given unstable tests that are not related to the changes in the patch
----------------------------------------------------------------------------------------------------------------------
Author: Daniel Owen
Date: 2022-11-08 19:53:25.000000000
Message: 
Patch Set 1: Code-Review+2
----------------------------------------------------------------------------------------------------------------------
Author: Daniel Owen
Date: 2022-11-08 19:53:44.000000000
Message: 
Removed reviewer <GERRIT_ACCOUNT_1000011> with the following votes:

* Verified-1 by <GERRIT_ACCOUNT_1000011>

----------------------------------------------------------------------------------------------------------------------
Author: Daniel Owen
Date: 2022-11-08 19:54:15.000000000
Message: 
Change has been successfully merged
----------------------------------------------------------------------------------------------------------------------
Author: Build Bot
Date: 2022-11-08 19:54:23.000000000
Message: 
Patch Set 1:

Build Started https://cv.jenkins.couchbase.com/job/kv_engine-post-commit-TSan-neo/396/ (1/2)
----------------------------------------------------------------------------------------------------------------------
Author: Build Bot
Date: 2022-11-08 19:54:23.000000000
Message: 
Patch Set 1:

Build Started https://cv.jenkins.couchbase.com/job/kv_engine-post-commit-neo/714/ (2/2)
----------------------------------------------------------------------------------------------------------------------
Author: Build Bot
Date: 2022-11-08 19:56:30.000000000
Message: 
Patch Set 1:

Build Failed 

https://cv.jenkins.couchbase.com/job/kv_engine-post-commit-TSan-neo/396/ : FAILURE

No problems were identified. If you know why this problem occurred, please add a suitable Cause for it. ( https://cv.jenkins.couchbase.com/job/kv_engine-post-commit-TSan-neo/396/ )

https://cv.jenkins.couchbase.com/job/kv_engine-post-commit-neo/714/ : FAILURE

No problems were identified. If you know why this problem occurred, please add a suitable Cause for it. ( https://cv.jenkins.couchbase.com/job/kv_engine-post-commit-neo/714/ )
----------------------------------------------------------------------------------------------------------------------
Author: Build Bot
Date: 2022-11-08 20:16:53.000000000
Message: 
Patch Set 1:

Build Failed 

https://cv.jenkins.couchbase.com/job/kv_engine.macos/job/neo/646/ : FAILURE

Timeout of a CTest test [2022-11-08T20:16:46.455Z] 444/444 Test #442: cluster_test ................................................................................................} ( https://cv.jenkins.couchbase.com/job/kv_engine.macos/job/neo/646/ )

https://cv.jenkins.couchbase.com/job/kv_engine.aarch64-linux/job/neo/402/ : SUCCESS

https://cv.jenkins.couchbase.com/job/kv_engine-clang_format_9/21053/ : SUCCESS

https://cv.jenkins.couchbase.com/job/kv_engine-clang_analyzer-neo/388/ : SUCCESS

https://cv.jenkins.couchbase.com/job/kv_engine-clang_tidy-neo/398/ : SUCCESS

https://cv.jenkins.couchbase.com/job/kv_engine.linux-CE/job/neo/423/ : SUCCESS

https://cv.jenkins.couchbase.com/job/kv_engine.libFuzzer/job/neo/400/ : SUCCESS

https://cv.jenkins.couchbase.com/job/kv_engine.linux/job/neo/413/ : SUCCESS

https://cv.jenkins.couchbase.com/job/kv_engine.ASan-UBSan/job/neo/414/ : SUCCESS

https://cv.jenkins.couchbase.com/job/kv_engine.threadsanitizer/job/neo/422/ : SUCCESS

https://cv.jenkins.couchbase.com/job/kv_engine-windows-neo/541/ : SUCCESS
----------------------------------------------------------------------------------------------------------------------
