======================================================================================================================
DESCRIPTION:

MB-33549: Ensure reset() resets all of EPStats' stats

Previously, not all stats were reset by calls to
EPStats::reset. Add the missing stats to the
call.

Additionally, enable initialization and reset tests
for the missing stats.

Change-Id: I7687456e697031f3a071252c05edcdc92770f056

======================================================================================================================
COMMENTS
======================================================================================================================
Author: Douglas
Date: 2022-04-12 08:56:43.000000000
Message: 
Uploaded patch set 28.
----------------------------------------------------------------------------------------------------------------------
Author: Build Bot
Date: 2022-04-12 09:34:30.000000000
Message: 
Patch Set 28: Verified-1

Build Failed 

http://cv.jenkins.couchbase.com/job/kv_engine-windows-master/45236/ : FAILURE

Failure of an engine_testapp test:

<pre>
Running [63/93]: dcp consumer expire...(18 ms) OK


99% tests passed, 1 tests failed out of 424

Total Test time (real) = 349.35 sec

The following tests FAIL
</pre>
 ( http://cv.jenkins.couchbase.com/job/kv_engine-windows-master/45236/ )

Timeout of a CTest test 424/424 Test #293: ep_testsuite_dcp.ephemeral.comp_passive .................................................................} ( http://cv.jenkins.couchbase.com/job/kv_engine-windows-master/45236/ )

http://cv.jenkins.couchbase.com/job/kv_engine-clang_analyzer-master/37997/ : SUCCESS

http://cv.jenkins.couchbase.com/job/kv_engine-clang_tidy-master/16636/ : SUCCESS

http://cv.jenkins.couchbase.com/job/kv_engine-clang_format_9/15565/ : SUCCESS

http://cv.jenkins.couchbase.com/job/kv_engine.libFuzzer/job/master/6288/ : SUCCESS

http://cv.jenkins.couchbase.com/job/kv_engine.linux/job/master/18747/ : SUCCESS

http://cv.jenkins.couchbase.com/job/kv_engine.threadsanitizer/job/master/19442/ : SUCCESS

http://cv.jenkins.couchbase.com/job/kv_engine.macos/job/master/17507/ : SUCCESS

http://cv.jenkins.couchbase.com/job/kv_engine.ASan-UBSan/job/master/26817/ : SUCCESS

http://cv.jenkins.couchbase.com/job/kv_engine.linux-CE/job/master/18411/ : SUCCESS

http://cv.jenkins.couchbase.com/job/kv_engine.aarch64-linux/job/master/6350/ : SUCCESS
----------------------------------------------------------------------------------------------------------------------
Author: Build Bot
Date: 2022-04-12 09:53:51.000000000
Message: 
Patch Set 28:

Build Failed 

http://cv.jenkins.couchbase.com/job/kv_engine-windows-master/45237/ : FAILURE

Failure of an engine_testapp test:

<pre>
Running [42/44]: MB29119...(7 ms) SKIPPED


99% tests passed, 1 tests failed out of 424

Total Test time (real) = 255.43 sec

The following tests FAIL
</pre>
 ( http://cv.jenkins.couchbase.com/job/kv_engine-windows-master/45237/ )

Timeout of a CTest test 424/424 Test #310: ep_testsuite_xdcr.ephemeral.comp_active .................................................................} ( http://cv.jenkins.couchbase.com/job/kv_engine-windows-master/45237/ )

http://cv.jenkins.couchbase.com/job/kv_engine-clang_analyzer-master/37997/ : SUCCESS

http://cv.jenkins.couchbase.com/job/kv_engine-clang_tidy-master/16636/ : SUCCESS

http://cv.jenkins.couchbase.com/job/kv_engine-clang_format_9/15565/ : SUCCESS

http://cv.jenkins.couchbase.com/job/kv_engine.libFuzzer/job/master/6288/ : SUCCESS

http://cv.jenkins.couchbase.com/job/kv_engine.linux/job/master/18747/ : SUCCESS

http://cv.jenkins.couchbase.com/job/kv_engine.threadsanitizer/job/master/19442/ : SUCCESS

http://cv.jenkins.couchbase.com/job/kv_engine.macos/job/master/17507/ : SUCCESS

http://cv.jenkins.couchbase.com/job/kv_engine.ASan-UBSan/job/master/26817/ : SUCCESS

http://cv.jenkins.couchbase.com/job/kv_engine.linux-CE/job/master/18411/ : SUCCESS

http://cv.jenkins.couchbase.com/job/kv_engine.aarch64-linux/job/master/6350/ : SUCCESS
----------------------------------------------------------------------------------------------------------------------
Author: Build Bot
Date: 2022-04-12 10:11:27.000000000
Message: 
Patch Set 28:

Build Failed 

http://cv.jenkins.couchbase.com/job/kv_engine-windows-master/45238/ : FAILURE

Failure of an engine_testapp test:

<pre>
Running [71/93]: dcp invalid mutation(s)/deletion(s)...(17 ms) OK


99% tests passed, 2 tests failed out of 424

Total Test time (real) = 348.91 sec

The following tests FAIL
</pre>
 ( http://cv.jenkins.couchbase.com/job/kv_engine-windows-master/45238/ )

Timeout of a CTest test 424/424 Test #293: ep_testsuite_dcp.ephemeral.comp_passive .................................................................} ( http://cv.jenkins.couchbase.com/job/kv_engine-windows-master/45238/ )

http://cv.jenkins.couchbase.com/job/kv_engine-clang_analyzer-master/37997/ : SUCCESS

http://cv.jenkins.couchbase.com/job/kv_engine-clang_tidy-master/16636/ : SUCCESS

http://cv.jenkins.couchbase.com/job/kv_engine-clang_format_9/15565/ : SUCCESS

http://cv.jenkins.couchbase.com/job/kv_engine.libFuzzer/job/master/6288/ : SUCCESS

http://cv.jenkins.couchbase.com/job/kv_engine.linux/job/master/18747/ : SUCCESS

http://cv.jenkins.couchbase.com/job/kv_engine.threadsanitizer/job/master/19442/ : SUCCESS

http://cv.jenkins.couchbase.com/job/kv_engine.macos/job/master/17507/ : SUCCESS

http://cv.jenkins.couchbase.com/job/kv_engine.ASan-UBSan/job/master/26817/ : SUCCESS

http://cv.jenkins.couchbase.com/job/kv_engine.linux-CE/job/master/18411/ : SUCCESS

http://cv.jenkins.couchbase.com/job/kv_engine.aarch64-linux/job/master/6350/ : SUCCESS
----------------------------------------------------------------------------------------------------------------------
