======================================================================================================================
DESCRIPTION:

MB-33549: Ensure reset() resets all of EPStats' stats

Previously, not all stats were reset by calls to
EPStats::reset. Add the missing stats to the
call.

Additionally, enable initialization and reset tests
for the missing stats.

Fix test underflow errors caused by a logical race
between EPStats::reset() and
VBucket::doAggregatedFlushStats by ensuring the
backgrounded flusher has finished before executing
reset().

Change-Id: I7687456e697031f3a071252c05edcdc92770f056

======================================================================================================================
COMMENTS
======================================================================================================================
Author: Douglas
Date: 2022-04-12 16:57:32.000000000
Message: 
Uploaded patch set 30.
----------------------------------------------------------------------------------------------------------------------
Author: Douglas
Date: 2022-04-12 16:57:32.000000000
Message: 
Patch Set 30:

(2 comments)
----------------------------------------------------------------------------------------------------------------------
Author: Build Bot
Date: 2022-04-12 17:17:30.000000000
Message: 
Patch Set 30: Verified-1

Build Failed 

http://cv.jenkins.couchbase.com/job/kv_engine-windows-master/45259/ : FAILURE

Failure of an engine_testapp test:

<pre>
Running [48/93]: test chk manager rollback...(85 ms) OK


99% tests passed, 1 tests failed out of 424

Total Test time (real) = 361.45 sec

The following tests FAIL
</pre>
 ( http://cv.jenkins.couchbase.com/job/kv_engine-windows-master/45259/ )

Timeout of a CTest test 424/424 Test #289: ep_testsuite_dcp.value_eviction.comp_passive ............................................................} ( http://cv.jenkins.couchbase.com/job/kv_engine-windows-master/45259/ )

http://cv.jenkins.couchbase.com/job/kv_engine.threadsanitizer/job/master/19462/ : FAILURE

No problems were identified. If you know why this problem occurred, please add a suitable Cause for it. ( http://cv.jenkins.couchbase.com/job/kv_engine.threadsanitizer/job/master/19462/ )

http://cv.jenkins.couchbase.com/job/kv_engine-clang_analyzer-master/38013/ : SUCCESS

http://cv.jenkins.couchbase.com/job/kv_engine-clang_tidy-master/16653/ : SUCCESS

http://cv.jenkins.couchbase.com/job/kv_engine-clang_format_9/15581/ : SUCCESS

http://cv.jenkins.couchbase.com/job/kv_engine.libFuzzer/job/master/6304/ : SUCCESS

http://cv.jenkins.couchbase.com/job/kv_engine.linux-CE/job/master/18427/ : SUCCESS

http://cv.jenkins.couchbase.com/job/kv_engine.linux/job/master/18764/ : SUCCESS

http://cv.jenkins.couchbase.com/job/kv_engine.macos/job/master/17524/ : SUCCESS

http://cv.jenkins.couchbase.com/job/kv_engine.ASan-UBSan/job/master/26833/ : SUCCESS

http://cv.jenkins.couchbase.com/job/kv_engine.aarch64-linux/job/master/6366/ : SUCCESS
----------------------------------------------------------------------------------------------------------------------
Author: Ben Huddleston
Date: 2022-04-12 18:42:15.000000000
Message: 
Patch Set 30: Code-Review-1

(1 comment)
----------------------------------------------------------------------------------------------------------------------
Author: Build Bot
Date: 2022-04-12 18:52:06.000000000
Message: 
Patch Set 30:

Build Failed 

http://cv.jenkins.couchbase.com/job/kv_engine-windows-master/45261/ : FAILURE

Timeout of a CTest test 424/424 Test #186: ep-engine_ep_unit_tests.PersistentAndEphemeral/DcpStreamSyncReplTest ....................................} ( http://cv.jenkins.couchbase.com/job/kv_engine-windows-master/45261/ )

http://cv.jenkins.couchbase.com/job/kv_engine-clang_analyzer-master/38013/ : SUCCESS

http://cv.jenkins.couchbase.com/job/kv_engine-clang_tidy-master/16653/ : SUCCESS

http://cv.jenkins.couchbase.com/job/kv_engine-clang_format_9/15581/ : SUCCESS

http://cv.jenkins.couchbase.com/job/kv_engine.libFuzzer/job/master/6304/ : SUCCESS

http://cv.jenkins.couchbase.com/job/kv_engine.linux-CE/job/master/18427/ : SUCCESS

http://cv.jenkins.couchbase.com/job/kv_engine.threadsanitizer/job/master/19464/ : SUCCESS

http://cv.jenkins.couchbase.com/job/kv_engine.linux/job/master/18764/ : SUCCESS

http://cv.jenkins.couchbase.com/job/kv_engine.macos/job/master/17524/ : SUCCESS

http://cv.jenkins.couchbase.com/job/kv_engine.ASan-UBSan/job/master/26833/ : SUCCESS

http://cv.jenkins.couchbase.com/job/kv_engine.aarch64-linux/job/master/6366/ : SUCCESS
----------------------------------------------------------------------------------------------------------------------
Author: Build Bot
Date: 2022-04-12 21:19:17.000000000
Message: 
Patch Set 30:

Build Failed 

http://cv.jenkins.couchbase.com/job/kv_engine-windows-master/45265/ : FAILURE

No problems were identified. If you know why this problem occurred, please add a suitable Cause for it. ( http://cv.jenkins.couchbase.com/job/kv_engine-windows-master/45265/ )

http://cv.jenkins.couchbase.com/job/kv_engine-clang_analyzer-master/38013/ : SUCCESS

http://cv.jenkins.couchbase.com/job/kv_engine-clang_tidy-master/16653/ : SUCCESS

http://cv.jenkins.couchbase.com/job/kv_engine-clang_format_9/15581/ : SUCCESS

http://cv.jenkins.couchbase.com/job/kv_engine.libFuzzer/job/master/6304/ : SUCCESS

http://cv.jenkins.couchbase.com/job/kv_engine.linux-CE/job/master/18427/ : SUCCESS

http://cv.jenkins.couchbase.com/job/kv_engine.threadsanitizer/job/master/19464/ : SUCCESS

http://cv.jenkins.couchbase.com/job/kv_engine.linux/job/master/18764/ : SUCCESS

http://cv.jenkins.couchbase.com/job/kv_engine.macos/job/master/17524/ : SUCCESS

http://cv.jenkins.couchbase.com/job/kv_engine.ASan-UBSan/job/master/26833/ : SUCCESS

http://cv.jenkins.couchbase.com/job/kv_engine.aarch64-linux/job/master/6366/ : SUCCESS
----------------------------------------------------------------------------------------------------------------------
Author: Build Bot
Date: 2022-04-13 09:17:04.000000000
Message: 
Patch Set 30:

Build Failed 

http://cv.jenkins.couchbase.com/job/kv_engine-windows-master/45275/ : FAILURE

Timeout of a CTest test 424/424 Test  #80: ep-engine_ep_unit_tests.ExecutorPoolTest/class FollyExecutorPool ........................................} ( http://cv.jenkins.couchbase.com/job/kv_engine-windows-master/45275/ )

http://cv.jenkins.couchbase.com/job/kv_engine-clang_analyzer-master/38013/ : SUCCESS

http://cv.jenkins.couchbase.com/job/kv_engine-clang_tidy-master/16653/ : SUCCESS

http://cv.jenkins.couchbase.com/job/kv_engine-clang_format_9/15581/ : SUCCESS

http://cv.jenkins.couchbase.com/job/kv_engine.libFuzzer/job/master/6304/ : SUCCESS

http://cv.jenkins.couchbase.com/job/kv_engine.linux-CE/job/master/18427/ : SUCCESS

http://cv.jenkins.couchbase.com/job/kv_engine.threadsanitizer/job/master/19464/ : SUCCESS

http://cv.jenkins.couchbase.com/job/kv_engine.linux/job/master/18764/ : SUCCESS

http://cv.jenkins.couchbase.com/job/kv_engine.macos/job/master/17524/ : SUCCESS

http://cv.jenkins.couchbase.com/job/kv_engine.ASan-UBSan/job/master/26833/ : SUCCESS

http://cv.jenkins.couchbase.com/job/kv_engine.aarch64-linux/job/master/6366/ : SUCCESS
----------------------------------------------------------------------------------------------------------------------
