======================================================================================================================
DESCRIPTION:

MB-33549: Ensure reset() resets all of EPStats' stats

Previously, not all stats were reset by calls to
EPStats::reset. Add the missing stats to the
call.

Additionally, enable initialization and reset tests
for the missing stats.

Change-Id: I7687456e697031f3a071252c05edcdc92770f056

======================================================================================================================
COMMENTS
======================================================================================================================
Author: Douglas
Date: 2022-04-08 10:57:33.000000000
Message: 
Patch Set 25: Patch Set 24 was rebased
----------------------------------------------------------------------------------------------------------------------
Author: Build Bot
Date: 2022-04-08 12:26:28.000000000
Message: 
Patch Set 25: Verified-1

Build Failed 

http://cv.jenkins.couchbase.com/job/kv_engine-windows-master/45148/ : FAILURE

Failure of GoogleTest "DurabilityRespondAmbiguousTest.RespondAmbiguousNotificationDeadLock":

<pre>
[ RUN      ] DurabilityRespondAmbiguousTest.RespondAmbiguousNotificationDeadLock
unknown file: error: C++ exception with description "cb::io::rmrf: remove of directory \\?\C:\Jenkins\workspace\kv_engine-windows-master\build\kv_engine\ep_engine_ep_unit_tests.db\test.976802 failed: unknown error" thrown in the test body.
[  FAILED  ] DurabilityRespondAmbiguousTest.RespondAmbiguousNotificationDeadLock (1132 ms)
DurabilityRespondAmbiguousTest.RespondAmbiguousNotificationDeadLock
</pre>
 ( http://cv.jenkins.couchbase.com/job/kv_engine-windows-master/45148/ )

http://cv.jenkins.couchbase.com/job/kv_engine.threadsanitizer/job/master/19359/ : FAILURE

No problems were identified. If you know why this problem occurred, please add a suitable Cause for it. ( http://cv.jenkins.couchbase.com/job/kv_engine.threadsanitizer/job/master/19359/ )

http://cv.jenkins.couchbase.com/job/kv_engine.linux/job/master/18661/ : FAILURE

One of more core files found at the end of the build. Data for post-mortem saved to archived_core_dumps.tar.bz2 under "Build Artifacts". ( http://cv.jenkins.couchbase.com/job/kv_engine.linux/job/master/18661/ )

Test exceeded the timeout:
[2022-04-08T12:00:54.357Z] /usr/bin/timeout: the monitored command dumped core ( http://cv.jenkins.couchbase.com/job/kv_engine.linux/job/master/18661/ )

http://cv.jenkins.couchbase.com/job/kv_engine.ASan-UBSan/job/master/26736/ : FAILURE

http://cv.jenkins.couchbase.com/job/kv_engine.macos/job/master/17424/ : FAILURE

No problems were identified. If you know why this problem occurred, please add a suitable Cause for it. ( http://cv.jenkins.couchbase.com/job/kv_engine.macos/job/master/17424/ )

http://cv.jenkins.couchbase.com/job/kv_engine.linux-CE/job/master/18328/ : FAILURE

Failure of GoogleTest "TransportProtocols/StatsTest.Test_MB_29259_Append/McbpSsl":

<pre>
[ RUN      ] TransportProtocols/StatsTest.Test_MB_29259_Append/McbpSsl
[2022-04-08T12:03:06.778Z] unknown file: Failure
[2022-04-08T12:03:06.778Z] C++ exception with description "AsyncSocketException: Network error, type = Network error, errno = 104 (Connection reset by peer): Connection reset by peer" thrown in the test body.
[2022-04-08T12:03:06.778Z] [  FAILED  ] TransportProtocols/StatsTest.Test_MB_29259_Append/McbpSsl, where GetParam() = McbpSsl (104 ms)
TransportProtocols/StatsTest.Test_MB_29259_Append/McbpSsl
</pre>
 ( http://cv.jenkins.couchbase.com/job/kv_engine.linux-CE/job/master/18328/ )

One of more core files found at the end of the build. Data for post-mortem saved to archived_core_dumps.tar.bz2 under "Build Artifacts". ( http://cv.jenkins.couchbase.com/job/kv_engine.linux-CE/job/master/18328/ )

Test exceeded the timeout:
[2022-04-08T12:01:33.100Z] /usr/bin/timeout: the monitored command dumped core ( http://cv.jenkins.couchbase.com/job/kv_engine.linux-CE/job/master/18328/ )

http://cv.jenkins.couchbase.com/job/kv_engine.aarch64-linux/job/master/6268/ : FAILURE

Test exceeded the timeout:
[2022-04-08T11:23:16.747Z] /usr/bin/timeout: the monitored command dumped core ( http://cv.jenkins.couchbase.com/job/kv_engine.aarch64-linux/job/master/6268/ )

http://cv.jenkins.couchbase.com/job/kv_engine-clang_analyzer-master/37924/ : SUCCESS

http://cv.jenkins.couchbase.com/job/kv_engine-clang_tidy-master/16557/ : SUCCESS

http://cv.jenkins.couchbase.com/job/kv_engine-clang_format_9/15488/ : SUCCESS

http://cv.jenkins.couchbase.com/job/kv_engine.libFuzzer/job/master/6209/ : SUCCESS
----------------------------------------------------------------------------------------------------------------------
Author: Build Bot
Date: 2022-04-08 14:50:28.000000000
Message: 
Patch Set 25:

Build Failed 

http://cv.jenkins.couchbase.com/job/kv_engine.threadsanitizer/job/master/19381/ : FAILURE

No problems were identified. If you know why this problem occurred, please add a suitable Cause for it. ( http://cv.jenkins.couchbase.com/job/kv_engine.threadsanitizer/job/master/19381/ )

http://cv.jenkins.couchbase.com/job/kv_engine.linux/job/master/18686/ : FAILURE

One of more core files found at the end of the build. Data for post-mortem saved to archived_core_dumps.tar.bz2 under "Build Artifacts". ( http://cv.jenkins.couchbase.com/job/kv_engine.linux/job/master/18686/ )

Test exceeded the timeout:
[2022-04-08T14:36:48.703Z] /usr/bin/timeout: the monitored command dumped core ( http://cv.jenkins.couchbase.com/job/kv_engine.linux/job/master/18686/ )

http://cv.jenkins.couchbase.com/job/kv_engine.ASan-UBSan/job/master/26756/ : FAILURE

http://cv.jenkins.couchbase.com/job/kv_engine.macos/job/master/17446/ : FAILURE

No problems were identified. If you know why this problem occurred, please add a suitable Cause for it. ( http://cv.jenkins.couchbase.com/job/kv_engine.macos/job/master/17446/ )

http://cv.jenkins.couchbase.com/job/kv_engine.linux-CE/job/master/18349/ : FAILURE

One of more core files found at the end of the build. Data for post-mortem saved to archived_core_dumps.tar.bz2 under "Build Artifacts". ( http://cv.jenkins.couchbase.com/job/kv_engine.linux-CE/job/master/18349/ )

Test exceeded the timeout:
[2022-04-08T14:36:24.746Z] /usr/bin/timeout: the monitored command dumped core ( http://cv.jenkins.couchbase.com/job/kv_engine.linux-CE/job/master/18349/ )

http://cv.jenkins.couchbase.com/job/kv_engine.aarch64-linux/job/master/6289/ : FAILURE

Test exceeded the timeout:
[2022-04-08T14:42:30.977Z] /usr/bin/timeout: the monitored command dumped core ( http://cv.jenkins.couchbase.com/job/kv_engine.aarch64-linux/job/master/6289/ )

http://cv.jenkins.couchbase.com/job/kv_engine-windows-master/45172/ : FAILURE

No problems were identified. If you know why this problem occurred, please add a suitable Cause for it. ( http://cv.jenkins.couchbase.com/job/kv_engine-windows-master/45172/ )

http://cv.jenkins.couchbase.com/job/kv_engine-clang_analyzer-master/37924/ : SUCCESS

http://cv.jenkins.couchbase.com/job/kv_engine-clang_tidy-master/16557/ : SUCCESS

http://cv.jenkins.couchbase.com/job/kv_engine-clang_format_9/15488/ : SUCCESS

http://cv.jenkins.couchbase.com/job/kv_engine.libFuzzer/job/master/6209/ : SUCCESS
----------------------------------------------------------------------------------------------------------------------
Author: Build Bot
Date: 2022-04-08 16:05:44.000000000
Message: 
Patch Set 25:

Build Failed 

http://cv.jenkins.couchbase.com/job/kv_engine-windows-master/45176/ : FAILURE

Failure of GoogleTest "CollectionsEraserTests/CollectionsEraserTest.MB_39113/persistent_magma_full_eviction":

<pre>
[ RUN      ] CollectionsEraserTests/CollectionsEraserTest.MB_39113/persistent_magma_full_eviction
2022-04-08T08:49:33.521259-07:00 CRITICAL (SynchronousEPEngine:default) MagmaKVStore Magma open failed. Status:InternalError: Failed to rename \\?\C:\Jenkins\workspace\kv_engine-windows-master\build\kv_engine\ep_engine_ep_unit_tests.db\test.639001\magma.0\config.json.tmp to \\?\C:\Jenkins\workspace\kv_engine-windows-master\build\kv_engine\ep_engine_ep_unit_tests.db\test.639001\magma.0\config.json
unknown file: error: C++ exception with description "MagmaKVStore Magma open failed. Status:InternalError: Failed to rename \\?\C:\Jenkins\workspace\kv_engine-windows-master\build\kv_engine\ep_engine_ep_unit_tests.db\test.639001\magma.0\config.json.tmp to \\?\C:\Jenkins\workspace\kv_engine-windows-master\build\kv_engine\ep_engine_ep_unit_tests.db\test.639001\magma.0\config.json" thrown in SetUp().
unknown file: error: SEH exception with code 0xc0000005 thrown in TearDown().
[  FAILED  ] CollectionsEraserTests/CollectionsEraserTest.MB_39113/persistent_magma_full_eviction, where GetParam() = "bucket_type=persistent:backend=magma:item_eviction_policy=full_eviction" (119 ms)
CollectionsEraserTests/CollectionsEraserTest.MB_39113/persistent_magma_full_eviction
</pre>
 ( http://cv.jenkins.couchbase.com/job/kv_engine-windows-master/45176/ )

http://cv.jenkins.couchbase.com/job/kv_engine.threadsanitizer/job/master/19384/ : FAILURE

No problems were identified. If you know why this problem occurred, please add a suitable Cause for it. ( http://cv.jenkins.couchbase.com/job/kv_engine.threadsanitizer/job/master/19384/ )

http://cv.jenkins.couchbase.com/job/kv_engine.linux/job/master/18689/ : FAILURE

http://cv.jenkins.couchbase.com/job/kv_engine.ASan-UBSan/job/master/26759/ : FAILURE

One of more core files found at the end of the build. Data for post-mortem saved to archived_core_dumps.tar.bz2 under "Build Artifacts". ( http://cv.jenkins.couchbase.com/job/kv_engine.ASan-UBSan/job/master/26759/ )

Test exceeded the timeout:
[2022-04-08T15:32:11.028Z] /usr/bin/timeout: the monitored command dumped core ( http://cv.jenkins.couchbase.com/job/kv_engine.ASan-UBSan/job/master/26759/ )

http://cv.jenkins.couchbase.com/job/kv_engine.macos/job/master/17449/ : FAILURE

No problems were identified. If you know why this problem occurred, please add a suitable Cause for it. ( http://cv.jenkins.couchbase.com/job/kv_engine.macos/job/master/17449/ )

http://cv.jenkins.couchbase.com/job/kv_engine.libFuzzer/job/master/6229/ : FAILURE

No problems were identified. If you know why this problem occurred, please add a suitable Cause for it. ( http://cv.jenkins.couchbase.com/job/kv_engine.libFuzzer/job/master/6229/ )

http://cv.jenkins.couchbase.com/job/kv_engine.linux-CE/job/master/18352/ : FAILURE

One of more core files found at the end of the build. Data for post-mortem saved to archived_core_dumps.tar.bz2 under "Build Artifacts". ( http://cv.jenkins.couchbase.com/job/kv_engine.linux-CE/job/master/18352/ )

Test exceeded the timeout:
[2022-04-08T15:40:09.528Z] /usr/bin/timeout: the monitored command dumped core ( http://cv.jenkins.couchbase.com/job/kv_engine.linux-CE/job/master/18352/ )

http://cv.jenkins.couchbase.com/job/kv_engine.aarch64-linux/job/master/6292/ : FAILURE

Test exceeded the timeout:
[2022-04-08T15:46:39.570Z] /usr/bin/timeout: the monitored command dumped core ( http://cv.jenkins.couchbase.com/job/kv_engine.aarch64-linux/job/master/6292/ )

http://cv.jenkins.couchbase.com/job/kv_engine-clang_analyzer-master/37943/ : SUCCESS

http://cv.jenkins.couchbase.com/job/kv_engine-clang_tidy-master/16577/ : SUCCESS

http://cv.jenkins.couchbase.com/job/kv_engine-clang_format_9/15508/ : SUCCESS
----------------------------------------------------------------------------------------------------------------------
Author: Build Bot
Date: 2022-04-08 16:44:13.000000000
Message: 
Patch Set 25:

Build Failed 

http://cv.jenkins.couchbase.com/job/kv_engine-windows-master/45178/ : FAILURE

No problems were identified. If you know why this problem occurred, please add a suitable Cause for it. ( http://cv.jenkins.couchbase.com/job/kv_engine-windows-master/45178/ )

http://cv.jenkins.couchbase.com/job/kv_engine.threadsanitizer/job/master/19386/ : FAILURE

No problems were identified. If you know why this problem occurred, please add a suitable Cause for it. ( http://cv.jenkins.couchbase.com/job/kv_engine.threadsanitizer/job/master/19386/ )

http://cv.jenkins.couchbase.com/job/kv_engine.linux/job/master/18691/ : FAILURE

http://cv.jenkins.couchbase.com/job/kv_engine.ASan-UBSan/job/master/26761/ : FAILURE

One of more core files found at the end of the build. Data for post-mortem saved to archived_core_dumps.tar.bz2 under "Build Artifacts". ( http://cv.jenkins.couchbase.com/job/kv_engine.ASan-UBSan/job/master/26761/ )

Test exceeded the timeout:
[2022-04-08T16:13:14.668Z] /usr/bin/timeout: the monitored command dumped core ( http://cv.jenkins.couchbase.com/job/kv_engine.ASan-UBSan/job/master/26761/ )

http://cv.jenkins.couchbase.com/job/kv_engine.macos/job/master/17451/ : FAILURE

No problems were identified. If you know why this problem occurred, please add a suitable Cause for it. ( http://cv.jenkins.couchbase.com/job/kv_engine.macos/job/master/17451/ )

http://cv.jenkins.couchbase.com/job/kv_engine.linux-CE/job/master/18354/ : FAILURE

Failure of GoogleTest "TransportProtocols/StatsTest.TestClocksStats/McbpSsl":

<pre>
[ RUN      ] TransportProtocols/StatsTest.TestClocksStats/McbpSsl
[2022-04-08T16:14:52.507Z] unknown file: Failure
[2022-04-08T16:14:52.507Z] C++ exception with description "EOF: Connection reset by peer" thrown in SetUp().
[2022-04-08T16:14:52.507Z] [  FAILED  ] TransportProtocols/StatsTest.TestClocksStats/McbpSsl, where GetParam() = McbpSsl (92 ms)
TransportProtocols/StatsTest.TestClocksStats/McbpSsl
</pre>
 ( http://cv.jenkins.couchbase.com/job/kv_engine.linux-CE/job/master/18354/ )

One of more core files found at the end of the build. Data for post-mortem saved to archived_core_dumps.tar.bz2 under "Build Artifacts". ( http://cv.jenkins.couchbase.com/job/kv_engine.linux-CE/job/master/18354/ )

Test exceeded the timeout:
[2022-04-08T16:15:04.736Z] /usr/bin/timeout: the monitored command dumped core ( http://cv.jenkins.couchbase.com/job/kv_engine.linux-CE/job/master/18354/ )

http://cv.jenkins.couchbase.com/job/kv_engine.aarch64-linux/job/master/6294/ : FAILURE

Test exceeded the timeout:
[2022-04-08T16:22:51.280Z] /usr/bin/timeout: the monitored command dumped core ( http://cv.jenkins.couchbase.com/job/kv_engine.aarch64-linux/job/master/6294/ )

http://cv.jenkins.couchbase.com/job/kv_engine-clang_analyzer-master/37945/ : SUCCESS

http://cv.jenkins.couchbase.com/job/kv_engine-clang_tidy-master/16583/ : SUCCESS

http://cv.jenkins.couchbase.com/job/kv_engine-clang_format_9/15512/ : SUCCESS

http://cv.jenkins.couchbase.com/job/kv_engine.libFuzzer/job/master/6232/ : SUCCESS
----------------------------------------------------------------------------------------------------------------------
Author: Build Bot
Date: 2022-04-08 17:45:04.000000000
Message: 
Patch Set 25:

Build Failed 

http://cv.jenkins.couchbase.com/job/kv_engine-windows-master/45179/ : FAILURE

Failure of an engine_testapp test:

<pre>
Running [7/93]: test dcp noop...(60 ms) OK


98% tests passed, 8 tests failed out of 424

Total Test time (real) = 348.12 sec

The following tests FAIL
</pre>
 ( http://cv.jenkins.couchbase.com/job/kv_engine-windows-master/45179/ )

Timeout of a CTest test 423/424 Test #289: ep_testsuite_dcp.value_eviction.comp_passive ............................................................} ( http://cv.jenkins.couchbase.com/job/kv_engine-windows-master/45179/ )

http://cv.jenkins.couchbase.com/job/kv_engine.threadsanitizer/job/master/19387/ : FAILURE

No problems were identified. If you know why this problem occurred, please add a suitable Cause for it. ( http://cv.jenkins.couchbase.com/job/kv_engine.threadsanitizer/job/master/19387/ )

http://cv.jenkins.couchbase.com/job/kv_engine.linux/job/master/18692/ : FAILURE

Failure of GoogleTest "TransportProtocols/StatsTest.TestBucketDetailsNoAccess/McbpSsl":

<pre>
[ RUN      ] TransportProtocols/StatsTest.TestBucketDetailsNoAccess/McbpSsl
[2022-04-08T17:01:36.894Z] unknown file: Failure
[2022-04-08T17:01:36.894Z] C++ exception with description "SSL handshake failed: AsyncSocketException: Network error, type = Network error, errno = 104 (Connection reset by peer)" thrown in the test body.
[2022-04-08T17:01:36.894Z] [  FAILED  ] TransportProtocols/StatsTest.TestBucketDetailsNoAccess/McbpSsl, where GetParam() = McbpSsl (51 ms)
TransportProtocols/StatsTest.TestBucketDetailsNoAccess/McbpSsl
</pre>
 ( http://cv.jenkins.couchbase.com/job/kv_engine.linux/job/master/18692/ )

One of more core files found at the end of the build. Data for post-mortem saved to archived_core_dumps.tar.bz2 under "Build Artifacts". ( http://cv.jenkins.couchbase.com/job/kv_engine.linux/job/master/18692/ )

Test exceeded the timeout:
[2022-04-08T16:59:34.993Z] /usr/bin/timeout: the monitored command dumped core ( http://cv.jenkins.couchbase.com/job/kv_engine.linux/job/master/18692/ )

http://cv.jenkins.couchbase.com/job/kv_engine.ASan-UBSan/job/master/26762/ : FAILURE

http://cv.jenkins.couchbase.com/job/kv_engine.macos/job/master/17452/ : FAILURE

No problems were identified. If you know why this problem occurred, please add a suitable Cause for it. ( http://cv.jenkins.couchbase.com/job/kv_engine.macos/job/master/17452/ )

http://cv.jenkins.couchbase.com/job/kv_engine.libFuzzer/job/master/6233/ : FAILURE

Compile error at [2022-04-08T16:56:07.472Z] ../kv_engine/engines/ep/src/configuration.h:185:10:
fatal error: "generated_configuration.h" file not found
 ( http://cv.jenkins.couchbase.com/job/kv_engine.libFuzzer/job/master/6233/ )

http://cv.jenkins.couchbase.com/job/kv_engine.linux-CE/job/master/18355/ : FAILURE

Failure of GoogleTest "TransportProtocols/StatsTest.TestAuditNoAccess/McbpSsl":

<pre>
[ RUN      ] TransportProtocols/StatsTest.TestAuditNoAccess/McbpSsl
[2022-04-08T17:00:12.110Z] CRITICAL Breakpad caught a crash (Couchbase version 0.0.0-0000). Writing crash dump to /home/couchbase/jenkins/workspace/kv_engine.linux-CE_master/build/kv_engine/memcached_testapp.559623/crash/f5634192-410c-4aa8-6faf5c8f-effc2a2d.dmp before terminating.
[2022-04-08T17:00:12.110Z] Stack backtrace of crashed thread:
[2022-04-08T17:00:12.110Z]    #0  /home/couchbase/jenkins/workspace/kv_engine.linux-CE_master/build/kv_engine/memcached() [0x400000+0x48c969]
[2022-04-08T17:00:12.110Z]    #1  /home/couchbase/jenkins/workspace/kv_engine.linux-CE_master/build/kv_engine/memcached() [0x400000+0x48ca32]
[2022-04-08T17:00:12.110Z]    #2  /home/couchbase/jenkins/workspace/kv_engine.linux-CE_master/build/kv_engine/memcached(_ZN15google_breakpad16ExceptionHandler12GenerateDumpEPNS0_12CrashContextE+0x3ea) [0x400000+0x4ce6aa]
[2022-04-08T17:00:12.110Z]    #3  /home/couchbase/jenkins/workspace/kv_engine.linux-CE_master/build/kv_engine/memcached(_ZN15google_breakpad16ExceptionHandler13SignalHandlerEiP9siginfo_tPv+0xb8) [0x400000+0x4ce9e8]
[2022-04-08T17:00:12.110Z]    #4  /lib/x86_64-linux-gnu/libpthread.so.0() [0x7f03a9eb2000+0x12980]
[2022-04-08T17:00:12.110Z]    #5  /lib/x86_64-linux-gnu/libc.so.6(gsignal+0xc7) [0x7f03a7631000+0x3efb7]
[2022-04-08T17:00:12.110Z]    #6  /lib/x86_64-linux-gnu/libc.so.6(abort+0x141) [0x7f03a7631000+0x40921]
[2022-04-08T17:00:12.110Z]    #7  /opt/gcc-10.2.0/lib64/libstdc++.so.6() [0x7f03a7fd8000+0xa1efc]
[2022-04-08T17:00:12.110Z]    #8  /home/couchbase/jenkins/workspace/kv_engine.linux-CE_master/build/kv_engine/memcached() [0x400000+0x486d2a]
[2022-04-08T17:00:12.110Z]    #9  /opt/gcc-10.2.0/lib64/libstdc++.so.6() [0x7f03a7fd8000+0xacf96]
[2022-04-08T17:00:12.110Z]    #10 /opt/gcc-10.2.0/lib64/libstdc++.so.6() [0x7f03a7fd8000+0xad001]
[2022-04-08T17:00:12.110Z]    #11 /opt/gcc-10.2.0/lib64/libstdc++.so.6() [0x7f03a7fd8000+0xad294]
[2022-04-08T17:00:12.110Z]    #12 /home/couchbase/jenkins/workspace/kv_engine.linux-CE_master/build/kv_engine/memcached() [0x400000+0x4f9867]
[2022-04-08T17:00:12.110Z]    #13 /home/couchbase/jenkins/workspace/kv_engine.linux-CE_master/build/kv_engine/memcached() [0x400000+0x106802]
[2022-04-08T17:00:12.110Z]    #14 /home/couchbase/jenkins/workspace/kv_engine.linux-CE_master/build/kv_engine/memcached() [0x400000+0x335810]
[2022-04-08T17:00:12.110Z]    #15 /home/couchbase/jenkins/workspace/kv_engine.linux-CE_master/build/kv_engine/memcached() [0x400000+0x1a209f]
[2022-04-08T17:00:12.110Z]    #16 /home/couchbase/jenkins/workspace/kv_engine.linux-CE_master/build/kv_engine/memcached() [0x400000+0x1d8beb]
[2022-04-08T17:00:12.110Z]    #17 /home/couchbase/jenkins/workspace/kv_engine.linux-CE_master/build/kv_engine/memcached() [0x400000+0x1d8f8e]
[2022-04-08T17:00:12.110Z]    #18 /home/couchbase/jenkins/workspace/kv_engine.linux-CE_master/build/kv_engine/memcached() [0x400000+0x3a8dc1]
[2022-04-08T17:00:12.110Z]    #19 /home/couchbase/jenkins/workspace/kv_engine.linux-CE_master/build/kv_engine/memcached() [0x400000+0x3acafc]
[2022-04-08T17:00:12.110Z]    #20 /home/couchbase/jenkins/workspace/kv_engine.linux-CE_master/build/kv_engine/memcached() [0x400000+0x33ae34]
[2022-04-08T17:00:12.110Z]    #21 /home/couchbase/jenkins/workspace/kv_engine.linux-CE_master/build/kv_engine/memcached() [0x400000+0x3d8ad5]
[2022-04-08T17:00:12.110Z]    #22 /home/couchbase/jenkins/workspace/kv_engine.linux-CE_master/build/kv_engine/memcached() [0x400000+0x3f580c]
[2022-04-08T17:00:12.110Z]    #23 /home/couchbase/jenkins/workspace/kv_engine.linux-CE_master/build/kv_engine/memcached() [0x400000+0x3f5ab2]
[2022-04-08T17:00:12.110Z]    #24 /home/couchbase/jenkins/workspace/kv_engine.linux-CE_master/build/kv_engine/memcached() [0x400000+0x3ed281]
[2022-04-08T17:00:12.110Z]    #25 /home/couchbase/jenkins/workspace/kv_engine.linux-CE_master/build/kv_engine/memcached() [0x400000+0x3ed625]
[2022-04-08T17:00:12.110Z]    #26 /home/couchbase/jenkins/workspace/kv_engine.linux-CE_master/build/kv_engine/memcached() [0x400000+0x55bf80]
[2022-04-08T17:00:12.110Z]    #27 /home/couchbase/jenkins/workspace/kv_engine.linux-CE_master/build/kv_engine/memcached() [0x400000+0x5470ea]
[2022-04-08T17:00:12.110Z]    #28 /home/couchbase/jenkins/workspace/kv_engine.linux-CE_master/build/kv_engine/memcached() [0x400000+0x55ef39]
[2022-04-08T17:00:12.110Z]    #29 /home/couchbase/jenkins/workspace/kv_engine.linux-CE_master/build/kv_engine/memcached() [0x400000+0x3f3a34]
[2022-04-08T17:00:12.110Z]    #30 /home/couchbase/jenkins/workspace/kv_engine.linux-CE_master/build/kv_engine/memcached() [0x400000+0x3f17fc]
[2022-04-08T17:00:12.110Z]    #31 /home/couchbase/jenkins/workspace/kv_engine.linux-CE_master/build/kv_engine/memcached(_ZNSt6thread11_State_implINS_8_InvokerISt5tupleIJZN5folly18NamedThreadFactory9newThreadEONS3_8FunctionIFvvEEEEUlvE_EEEEE6_M_runEv+0x1b) [0x400000+0x3f1127]
[2022-04-08T17:00:12.110Z]    #32 /opt/gcc-10.2.0/lib64/libstdc++.so.6() [0x7f03a7fd8000+0xd62f0]
[2022-04-08T17:00:12.110Z]    #33 /lib/x86_64-linux-gnu/libpthread.so.0() [0x7f03a9eb2000+0x76db]
[2022-04-08T17:00:12.110Z]    #34 /lib/x86_64-linux-gnu/libc.so.6(clone+0x3f) [0x7f03a7631000+0x12171f]
[2022-04-08T17:00:12.110Z] unknown file: Failure
[2022-04-08T17:00:12.110Z] C++ exception with description "AsyncSocketException: Network error, type = Network error, errno = 104 (Connection reset by peer): Connection reset by peer" thrown in the test body.
[2022-04-08T17:00:12.110Z] [  FAILED  ] TransportProtocols/StatsTest.TestAuditNoAccess/McbpSsl, where GetParam() = McbpSsl (345 ms)
TransportProtocols/StatsTest.TestAuditNoAccess/McbpSsl
</pre>
 ( http://cv.jenkins.couchbase.com/job/kv_engine.linux-CE/job/master/18355/ )

One of more core files found at the end of the build. Data for post-mortem saved to archived_core_dumps.tar.bz2 under "Build Artifacts". ( http://cv.jenkins.couchbase.com/job/kv_engine.linux-CE/job/master/18355/ )

Test exceeded the timeout:
[2022-04-08T17:00:25.677Z] /usr/bin/timeout: the monitored command dumped core ( http://cv.jenkins.couchbase.com/job/kv_engine.linux-CE/job/master/18355/ )

http://cv.jenkins.couchbase.com/job/kv_engine.aarch64-linux/job/master/6295/ : FAILURE

Test exceeded the timeout:
[2022-04-08T17:08:36.076Z] /usr/bin/timeout: the monitored command dumped core ( http://cv.jenkins.couchbase.com/job/kv_engine.aarch64-linux/job/master/6295/ )

http://cv.jenkins.couchbase.com/job/kv_engine-clang_analyzer-master/37946/ : SUCCESS

http://cv.jenkins.couchbase.com/job/kv_engine-clang_tidy-master/16585/ : SUCCESS

http://cv.jenkins.couchbase.com/job/kv_engine-clang_format_9/15514/ : SUCCESS
----------------------------------------------------------------------------------------------------------------------
Author: Build Bot
Date: 2022-04-08 21:19:48.000000000
Message: 
Patch Set 25:

Build Failed 

http://cv.jenkins.couchbase.com/job/kv_engine-windows-master/45192/ : FAILURE

No problems were identified. If you know why this problem occurred, please add a suitable Cause for it. ( http://cv.jenkins.couchbase.com/job/kv_engine-windows-master/45192/ )

http://cv.jenkins.couchbase.com/job/kv_engine.threadsanitizer/job/master/19400/ : FAILURE

No problems were identified. If you know why this problem occurred, please add a suitable Cause for it. ( http://cv.jenkins.couchbase.com/job/kv_engine.threadsanitizer/job/master/19400/ )

http://cv.jenkins.couchbase.com/job/kv_engine.linux/job/master/18706/ : FAILURE

http://cv.jenkins.couchbase.com/job/kv_engine.ASan-UBSan/job/master/26775/ : FAILURE

No problems were identified. If you know why this problem occurred, please add a suitable Cause for it. ( http://cv.jenkins.couchbase.com/job/kv_engine.ASan-UBSan/job/master/26775/ )

http://cv.jenkins.couchbase.com/job/kv_engine.macos/job/master/17466/ : FAILURE

No problems were identified. If you know why this problem occurred, please add a suitable Cause for it. ( http://cv.jenkins.couchbase.com/job/kv_engine.macos/job/master/17466/ )

http://cv.jenkins.couchbase.com/job/kv_engine.linux-CE/job/master/18369/ : FAILURE

Failure of GoogleTest "TransportProtocols/StatsTest.TestAppend/McbpSsl":

<pre>
[ RUN      ] TransportProtocols/StatsTest.TestAppend/McbpSsl
[2022-04-08T21:07:39.340Z] unknown file: Failure
[2022-04-08T21:07:39.340Z] C++ exception with description "EOF: Connection reset by peer" thrown in SetUp().
[2022-04-08T21:07:39.340Z] [  FAILED  ] TransportProtocols/StatsTest.TestAppend/McbpSsl, where GetParam() = McbpSsl (86 ms)
TransportProtocols/StatsTest.TestAppend/McbpSsl
</pre>
 ( http://cv.jenkins.couchbase.com/job/kv_engine.linux-CE/job/master/18369/ )

One of more core files found at the end of the build. Data for post-mortem saved to archived_core_dumps.tar.bz2 under "Build Artifacts". ( http://cv.jenkins.couchbase.com/job/kv_engine.linux-CE/job/master/18369/ )

Test exceeded the timeout:
[2022-04-08T21:06:12.113Z] /usr/bin/timeout: the monitored command dumped core ( http://cv.jenkins.couchbase.com/job/kv_engine.linux-CE/job/master/18369/ )

http://cv.jenkins.couchbase.com/job/kv_engine.aarch64-linux/job/master/6309/ : FAILURE

Test exceeded the timeout:
[2022-04-08T20:40:07.899Z] /usr/bin/timeout: the monitored command dumped core ( http://cv.jenkins.couchbase.com/job/kv_engine.aarch64-linux/job/master/6309/ )

http://cv.jenkins.couchbase.com/job/kv_engine-clang_analyzer-master/37958/ : SUCCESS

http://cv.jenkins.couchbase.com/job/kv_engine-clang_tidy-master/16597/ : SUCCESS

http://cv.jenkins.couchbase.com/job/kv_engine-clang_format_9/15526/ : SUCCESS

http://cv.jenkins.couchbase.com/job/kv_engine.libFuzzer/job/master/6247/ : SUCCESS
----------------------------------------------------------------------------------------------------------------------
Author: Build Bot
Date: 2022-04-08 22:16:55.000000000
Message: 
Patch Set 25:

Build Failed 

http://cv.jenkins.couchbase.com/job/kv_engine-windows-master/45193/ : FAILURE

Failure of an engine_testapp test:

<pre>
Running [157/159]: test reader thread starvation during warmup due to low reader threads...(84 ms) SKIPPED


98% tests passed, 7 tests failed out of 424

Total Test time (real) = 683.55 sec

The following tests FAIL
</pre>
 ( http://cv.jenkins.couchbase.com/job/kv_engine-windows-master/45193/ )

Timeout of a CTest test 424/424 Test #277: ep_testsuite.ephemeral.comp_passive .....................................................................} ( http://cv.jenkins.couchbase.com/job/kv_engine-windows-master/45193/ )

http://cv.jenkins.couchbase.com/job/kv_engine.threadsanitizer/job/master/19402/ : FAILURE

http://cv.jenkins.couchbase.com/job/kv_engine.linux/job/master/18707/ : FAILURE

One of more core files found at the end of the build. Data for post-mortem saved to archived_core_dumps.tar.bz2 under "Build Artifacts". ( http://cv.jenkins.couchbase.com/job/kv_engine.linux/job/master/18707/ )

Test exceeded the timeout:
[2022-04-08T21:58:08.668Z] /usr/bin/timeout: the monitored command dumped core ( http://cv.jenkins.couchbase.com/job/kv_engine.linux/job/master/18707/ )

http://cv.jenkins.couchbase.com/job/kv_engine.ASan-UBSan/job/master/26777/ : FAILURE

One of more core files found at the end of the build. Data for post-mortem saved to archived_core_dumps.tar.bz2 under "Build Artifacts". ( http://cv.jenkins.couchbase.com/job/kv_engine.ASan-UBSan/job/master/26777/ )

Test exceeded the timeout:
[2022-04-08T21:57:42.111Z] /usr/bin/timeout: the monitored command dumped core ( http://cv.jenkins.couchbase.com/job/kv_engine.ASan-UBSan/job/master/26777/ )

http://cv.jenkins.couchbase.com/job/kv_engine.macos/job/master/17467/ : FAILURE

No problems were identified. If you know why this problem occurred, please add a suitable Cause for it. ( http://cv.jenkins.couchbase.com/job/kv_engine.macos/job/master/17467/ )

http://cv.jenkins.couchbase.com/job/kv_engine.linux-CE/job/master/18370/ : FAILURE

Failure of GoogleTest "TransportProtocols/StatsTest.TestAppend/McbpSsl":

<pre>
[ RUN      ] TransportProtocols/StatsTest.TestAppend/McbpSsl
[2022-04-08T21:57:31.666Z] unknown file: Failure
[2022-04-08T21:57:31.667Z] C++ exception with description "AsyncSocketException: Network error, type = Network error, errno = 104 (Connection reset by peer): Connection reset by peer" thrown in SetUp().
[2022-04-08T21:57:31.667Z] [  FAILED  ] TransportProtocols/StatsTest.TestAppend/McbpSsl, where GetParam() = McbpSsl (52 ms)
TransportProtocols/StatsTest.TestAppend/McbpSsl
</pre>
 ( http://cv.jenkins.couchbase.com/job/kv_engine.linux-CE/job/master/18370/ )

One of more core files found at the end of the build. Data for post-mortem saved to archived_core_dumps.tar.bz2 under "Build Artifacts". ( http://cv.jenkins.couchbase.com/job/kv_engine.linux-CE/job/master/18370/ )

Test exceeded the timeout:
[2022-04-08T21:56:31.124Z] /usr/bin/timeout: the monitored command dumped core ( http://cv.jenkins.couchbase.com/job/kv_engine.linux-CE/job/master/18370/ )

http://cv.jenkins.couchbase.com/job/kv_engine.aarch64-linux/job/master/6310/ : FAILURE

Test exceeded the timeout:
[2022-04-08T22:04:44.294Z] /usr/bin/timeout: the monitored command dumped core ( http://cv.jenkins.couchbase.com/job/kv_engine.aarch64-linux/job/master/6310/ )

http://cv.jenkins.couchbase.com/job/kv_engine-clang_analyzer-master/37959/ : SUCCESS

http://cv.jenkins.couchbase.com/job/kv_engine-clang_tidy-master/16598/ : SUCCESS

http://cv.jenkins.couchbase.com/job/kv_engine-clang_format_9/15527/ : SUCCESS

http://cv.jenkins.couchbase.com/job/kv_engine.libFuzzer/job/master/6248/ : SUCCESS
----------------------------------------------------------------------------------------------------------------------
Author: Build Bot
Date: 2022-04-11 09:00:32.000000000
Message: 
Patch Set 25:

Build Failed 

http://cv.jenkins.couchbase.com/job/kv_engine-windows-master/45199/ : FAILURE

No problems were identified. If you know why this problem occurred, please add a suitable Cause for it. ( http://cv.jenkins.couchbase.com/job/kv_engine-windows-master/45199/ )

http://cv.jenkins.couchbase.com/job/kv_engine.threadsanitizer/job/master/19407/ : FAILURE

No problems were identified. If you know why this problem occurred, please add a suitable Cause for it. ( http://cv.jenkins.couchbase.com/job/kv_engine.threadsanitizer/job/master/19407/ )

http://cv.jenkins.couchbase.com/job/kv_engine.linux/job/master/18712/ : FAILURE

Failure of GoogleTest "TransportProtocols/StatsTest.TestBucketDetails/McbpSsl":

<pre>
[ RUN      ] TransportProtocols/StatsTest.TestBucketDetails/McbpSsl
[2022-04-11T08:40:58.095Z] unknown file: Failure
[2022-04-11T08:40:58.095Z] C++ exception with description "EOF: Connection reset by peer" thrown in SetUp().
[2022-04-11T08:40:58.095Z] [  FAILED  ] TransportProtocols/StatsTest.TestBucketDetails/McbpSsl, where GetParam() = McbpSsl (0 ms)
TransportProtocols/StatsTest.TestBucketDetails/McbpSsl
</pre>
 ( http://cv.jenkins.couchbase.com/job/kv_engine.linux/job/master/18712/ )

One of more core files found at the end of the build. Data for post-mortem saved to archived_core_dumps.tar.bz2 under "Build Artifacts". ( http://cv.jenkins.couchbase.com/job/kv_engine.linux/job/master/18712/ )

Test exceeded the timeout:
[2022-04-11T08:38:59.903Z] /usr/bin/timeout: the monitored command dumped core ( http://cv.jenkins.couchbase.com/job/kv_engine.linux/job/master/18712/ )

http://cv.jenkins.couchbase.com/job/kv_engine.ASan-UBSan/job/master/26782/ : FAILURE

http://cv.jenkins.couchbase.com/job/kv_engine.macos/job/master/17472/ : FAILURE

No problems were identified. If you know why this problem occurred, please add a suitable Cause for it. ( http://cv.jenkins.couchbase.com/job/kv_engine.macos/job/master/17472/ )

http://cv.jenkins.couchbase.com/job/kv_engine.linux-CE/job/master/18375/ : FAILURE

One of more core files found at the end of the build. Data for post-mortem saved to archived_core_dumps.tar.bz2 under "Build Artifacts". ( http://cv.jenkins.couchbase.com/job/kv_engine.linux-CE/job/master/18375/ )

Test exceeded the timeout:
[2022-04-11T08:40:30.142Z] /usr/bin/timeout: the monitored command dumped core ( http://cv.jenkins.couchbase.com/job/kv_engine.linux-CE/job/master/18375/ )

http://cv.jenkins.couchbase.com/job/kv_engine.aarch64-linux/job/master/6315/ : FAILURE

Test exceeded the timeout:
[2022-04-11T08:42:26.369Z] /usr/bin/timeout: the monitored command dumped core ( http://cv.jenkins.couchbase.com/job/kv_engine.aarch64-linux/job/master/6315/ )

http://cv.jenkins.couchbase.com/job/kv_engine-clang_analyzer-master/37964/ : SUCCESS

http://cv.jenkins.couchbase.com/job/kv_engine-clang_tidy-master/16603/ : SUCCESS

http://cv.jenkins.couchbase.com/job/kv_engine-clang_format_9/15532/ : SUCCESS

http://cv.jenkins.couchbase.com/job/kv_engine.libFuzzer/job/master/6253/ : SUCCESS
----------------------------------------------------------------------------------------------------------------------
Author: Build Bot
Date: 2022-04-11 09:59:54.000000000
Message: 
Patch Set 25:

Build Failed 

http://cv.jenkins.couchbase.com/job/kv_engine-windows-master/45201/ : FAILURE

No problems were identified. If you know why this problem occurred, please add a suitable Cause for it. ( http://cv.jenkins.couchbase.com/job/kv_engine-windows-master/45201/ )

http://cv.jenkins.couchbase.com/job/kv_engine.threadsanitizer/job/master/19409/ : FAILURE

ThreadSanitizer issue: signal-unsafe call inside of a signal (/opt/gcc-10.2.0/lib64/libtsan.so.0+0x33081) in __interceptor_malloc  ( http://cv.jenkins.couchbase.com/job/kv_engine.threadsanitizer/job/master/19409/ )

http://cv.jenkins.couchbase.com/job/kv_engine.linux/job/master/18714/ : FAILURE

One of more core files found at the end of the build. Data for post-mortem saved to archived_core_dumps.tar.bz2 under "Build Artifacts". ( http://cv.jenkins.couchbase.com/job/kv_engine.linux/job/master/18714/ )

Test exceeded the timeout:
[2022-04-11T09:34:32.299Z] /usr/bin/timeout: the monitored command dumped core ( http://cv.jenkins.couchbase.com/job/kv_engine.linux/job/master/18714/ )

http://cv.jenkins.couchbase.com/job/kv_engine.ASan-UBSan/job/master/26784/ : FAILURE

http://cv.jenkins.couchbase.com/job/kv_engine.macos/job/master/17474/ : FAILURE

No problems were identified. If you know why this problem occurred, please add a suitable Cause for it. ( http://cv.jenkins.couchbase.com/job/kv_engine.macos/job/master/17474/ )

http://cv.jenkins.couchbase.com/job/kv_engine.linux-CE/job/master/18377/ : FAILURE

Failure of GoogleTest "TransportProtocols/StatsTest.TestAudit/McbpSsl":

<pre>
[ RUN      ] TransportProtocols/StatsTest.TestAudit/McbpSsl
[2022-04-11T09:37:19.773Z] unknown file: Failure
[2022-04-11T09:37:19.773Z] C++ exception with description "EOF: Connection reset by peer" thrown in SetUp().
[2022-04-11T09:37:19.773Z] [  FAILED  ] TransportProtocols/StatsTest.TestAudit/McbpSsl, where GetParam() = McbpSsl (84 ms)
TransportProtocols/StatsTest.TestAudit/McbpSsl
</pre>
 ( http://cv.jenkins.couchbase.com/job/kv_engine.linux-CE/job/master/18377/ )

One of more core files found at the end of the build. Data for post-mortem saved to archived_core_dumps.tar.bz2 under "Build Artifacts". ( http://cv.jenkins.couchbase.com/job/kv_engine.linux-CE/job/master/18377/ )

Test exceeded the timeout:
[2022-04-11T09:35:58.693Z] /usr/bin/timeout: the monitored command dumped core ( http://cv.jenkins.couchbase.com/job/kv_engine.linux-CE/job/master/18377/ )

http://cv.jenkins.couchbase.com/job/kv_engine.aarch64-linux/job/master/6317/ : FAILURE

Test exceeded the timeout:
[2022-04-11T09:43:24.189Z] /usr/bin/timeout: the monitored command dumped core ( http://cv.jenkins.couchbase.com/job/kv_engine.aarch64-linux/job/master/6317/ )

http://cv.jenkins.couchbase.com/job/kv_engine-clang_analyzer-master/37965/ : SUCCESS

http://cv.jenkins.couchbase.com/job/kv_engine-clang_tidy-master/16604/ : SUCCESS

http://cv.jenkins.couchbase.com/job/kv_engine-clang_format_9/15533/ : SUCCESS

http://cv.jenkins.couchbase.com/job/kv_engine.libFuzzer/job/master/6255/ : SUCCESS
----------------------------------------------------------------------------------------------------------------------
Author: Build Bot
Date: 2022-04-11 10:27:07.000000000
Message: 
Patch Set 25:

Build Failed 

http://cv.jenkins.couchbase.com/job/kv_engine-windows-master/45205/ : FAILURE

No problems were identified. If you know why this problem occurred, please add a suitable Cause for it. ( http://cv.jenkins.couchbase.com/job/kv_engine-windows-master/45205/ )

http://cv.jenkins.couchbase.com/job/kv_engine.threadsanitizer/job/master/19413/ : FAILURE

No problems were identified. If you know why this problem occurred, please add a suitable Cause for it. ( http://cv.jenkins.couchbase.com/job/kv_engine.threadsanitizer/job/master/19413/ )

http://cv.jenkins.couchbase.com/job/kv_engine.linux/job/master/18718/ : FAILURE

Failure of GoogleTest "TransportProtocols/StatsTest.Test_MB_29259_Append/McbpSsl":

<pre>
[ RUN      ] TransportProtocols/StatsTest.Test_MB_29259_Append/McbpSsl
[2022-04-11T10:13:18.102Z] terminate called after throwing an instance of "boost::exception_detail::error_info_injector<std::underflow_error>"
[2022-04-11T10:13:18.102Z]   what():  ThrowExceptionUnderflowPolicy current:0 arg:1
[2022-04-11T10:13:18.102Z] CRITICAL Breakpad caught a crash (Couchbase version 0.0.0-0000). Writing crash dump to /home/couchbase/jenkins/workspace/kv_engine.linux_master/build/kv_engine/memcached_testapp.259478/crash/4e6b9f89-255f-4699-c0f9238d-4a6049e3.dmp before terminating.
[2022-04-11T10:13:18.102Z] Stack backtrace of crashed thread:
[2022-04-11T10:13:18.102Z]    #0  /home/couchbase/jenkins/workspace/kv_engine.linux_master/build/kv_engine/memcached() [0x400000+0x5b3a79]
[2022-04-11T10:13:18.102Z]    #1  /home/couchbase/jenkins/workspace/kv_engine.linux_master/build/kv_engine/memcached() [0x400000+0x5b3b42]
[2022-04-11T10:13:18.102Z]    #2  /home/couchbase/jenkins/workspace/kv_engine.linux_master/build/kv_engine/memcached(_ZN15google_breakpad16ExceptionHandler12GenerateDumpEPNS0_12CrashContextE+0x3ea) [0x400000+0x5f4a0a]
[2022-04-11T10:13:18.102Z]    #3  /home/couchbase/jenkins/workspace/kv_engine.linux_master/build/kv_engine/memcached(_ZN15google_breakpad16ExceptionHandler13SignalHandlerEiP9siginfo_tPv+0xb8) [0x400000+0x5f4d48]
[2022-04-11T10:13:18.102Z]    #4  /lib/x86_64-linux-gnu/libpthread.so.0() [0x7fa4b4e74000+0x12980]
[2022-04-11T10:13:18.102Z]    #5  /lib/x86_64-linux-gnu/libc.so.6(gsignal+0xc7) [0x7fa4b25f3000+0x3efb7]
[2022-04-11T10:13:18.102Z]    #6  /lib/x86_64-linux-gnu/libc.so.6(abort+0x141) [0x7fa4b25f3000+0x40921]
[2022-04-11T10:13:18.102Z]    #7  /opt/gcc-10.2.0/lib64/libstdc++.so.6() [0x7fa4b2f9a000+0xa1efc]
[2022-04-11T10:13:18.102Z]    #8  /home/couchbase/jenkins/workspace/kv_engine.linux_master/build/kv_engine/memcached() [0x400000+0x5ade3a]
[2022-04-11T10:13:18.102Z]    #9  /opt/gcc-10.2.0/lib64/libstdc++.so.6() [0x7fa4b2f9a000+0xacf96]
[2022-04-11T10:13:18.102Z]    #10 /opt/gcc-10.2.0/lib64/libstdc++.so.6() [0x7fa4b2f9a000+0xad001]
[2022-04-11T10:13:18.102Z]    #11 /opt/gcc-10.2.0/lib64/libstdc++.so.6() [0x7fa4b2f9a000+0xad294]
[2022-04-11T10:13:18.102Z]    #12 /home/couchbase/jenkins/workspace/kv_engine.linux_master/build/kv_engine/memcached() [0x400000+0x61f65f]
[2022-04-11T10:13:18.102Z]    #13 /home/couchbase/jenkins/workspace/kv_engine.linux_master/build/kv_engine/memcached() [0x400000+0x115778]
[2022-04-11T10:13:18.102Z]    #14 /home/couchbase/jenkins/workspace/kv_engine.linux_master/build/kv_engine/memcached() [0x400000+0x369e92]
[2022-04-11T10:13:18.102Z]    #15 /home/couchbase/jenkins/workspace/kv_engine.linux_master/build/kv_engine/memcached() [0x400000+0x1b1015]
[2022-04-11T10:13:18.102Z]    #16 /home/couchbase/jenkins/workspace/kv_engine.linux_master/build/kv_engine/memcached() [0x400000+0x1e7b61]
[2022-04-11T10:13:18.102Z]    #17 /home/couchbase/jenkins/workspace/kv_engine.linux_master/build/kv_engine/memcached() [0x400000+0x1e7f04]
[2022-04-11T10:13:18.102Z]    #18 /home/couchbase/jenkins/workspace/kv_engine.linux_master/build/kv_engine/memcached() [0x400000+0x3dd027]
[2022-04-11T10:13:18.102Z]    #19 /home/couchbase/jenkins/workspace/kv_engine.linux_master/build/kv_engine/memcached() [0x400000+0x3e0d62]
[2022-04-11T10:13:18.102Z]    #20 /home/couchbase/jenkins/workspace/kv_engine.linux_master/build/kv_engine/memcached() [0x400000+0x36f4b6]
[2022-04-11T10:13:18.102Z]    #21 /home/couchbase/jenkins/workspace/kv_engine.linux_master/build/kv_engine/memcached() [0x400000+0x4fffd1]
[2022-04-11T10:13:18.102Z]    #22 /home/couchbase/jenkins/workspace/kv_engine.linux_master/build/kv_engine/memcached() [0x400000+0x51cd08]
[2022-04-11T10:13:18.102Z]    #23 /home/couchbase/jenkins/workspace/kv_engine.linux_master/build/kv_engine/memcached() [0x400000+0x51cfae]
[2022-04-11T10:13:18.102Z]    #24 /home/couchbase/jenkins/workspace/kv_engine.linux_master/build/kv_engine/memcached() [0x400000+0x51477d]
[2022-04-11T10:13:18.102Z]    #25 /home/couchbase/jenkins/workspace/kv_engine.linux_master/build/kv_engine/memcached() [0x400000+0x514b21]
[2022-04-11T10:13:18.102Z]    #26 /home/couchbase/jenkins/workspace/kv_engine.linux_master/build/kv_engine/memcached() [0x400000+0x681b10]
[2022-04-11T10:13:18.102Z]    #27 /home/couchbase/jenkins/workspace/kv_engine.linux_master/build/kv_engine/memcached() [0x400000+0x66cc7a]
[2022-04-11T10:13:18.102Z]    #28 /home/couchbase/jenkins/workspace/kv_engine.linux_master/build/kv_engine/memcached() [0x400000+0x684ac9]
[2022-04-11T10:13:18.102Z]    #29 /home/couchbase/jenkins/workspace/kv_engine.linux_master/build/kv_engine/memcached() [0x400000+0x51af30]
[2022-04-11T10:13:18.102Z]    #30 /home/couchbase/jenkins/workspace/kv_engine.linux_master/build/kv_engine/memcached() [0x400000+0x518cf8]
[2022-04-11T10:13:18.102Z]    #31 /home/couchbase/jenkins/workspace/kv_engine.linux_master/build/kv_engine/memcached(_ZNSt6thread11_State_implINS_8_InvokerISt5tupleIJZN5folly18NamedThreadFactory9newThreadEONS3_8FunctionIFvvEEEEUlvE_EEEEE6_M_runEv+0x1b) [0x400000+0x518623]
[2022-04-11T10:13:18.102Z]    #32 /opt/gcc-10.2.0/lib64/libstdc++.so.6() [0x7fa4b2f9a000+0xd62f0]
[2022-04-11T10:13:18.102Z]    #33 /lib/x86_64-linux-gnu/libpthread.so.0() [0x7fa4b4e74000+0x76db]
[2022-04-11T10:13:18.102Z]    #34 /lib/x86_64-linux-gnu/libc.so.6(clone+0x3f) [0x7fa4b25f3000+0x12171f]
[2022-04-11T10:13:18.102Z] unknown file: Failure
[2022-04-11T10:13:18.102Z] C++ exception with description "AsyncSocketException: Network error, type = Network error, errno = 104 (Connection reset by peer): Connection reset by peer" thrown in the test body.
[2022-04-11T10:13:18.102Z] [  FAILED  ] TransportProtocols/StatsTest.Test_MB_29259_Append/McbpSsl, where GetParam() = McbpSsl (328 ms)
TransportProtocols/StatsTest.Test_MB_29259_Append/McbpSsl
</pre>
 ( http://cv.jenkins.couchbase.com/job/kv_engine.linux/job/master/18718/ )

One of more core files found at the end of the build. Data for post-mortem saved to archived_core_dumps.tar.bz2 under "Build Artifacts". ( http://cv.jenkins.couchbase.com/job/kv_engine.linux/job/master/18718/ )

Test exceeded the timeout:
[2022-04-11T10:10:18.618Z] /usr/bin/timeout: the monitored command dumped core ( http://cv.jenkins.couchbase.com/job/kv_engine.linux/job/master/18718/ )

http://cv.jenkins.couchbase.com/job/kv_engine.ASan-UBSan/job/master/26788/ : FAILURE

http://cv.jenkins.couchbase.com/job/kv_engine.macos/job/master/17478/ : FAILURE

No problems were identified. If you know why this problem occurred, please add a suitable Cause for it. ( http://cv.jenkins.couchbase.com/job/kv_engine.macos/job/master/17478/ )

http://cv.jenkins.couchbase.com/job/kv_engine.linux-CE/job/master/18381/ : FAILURE

One of more core files found at the end of the build. Data for post-mortem saved to archived_core_dumps.tar.bz2 under "Build Artifacts". ( http://cv.jenkins.couchbase.com/job/kv_engine.linux-CE/job/master/18381/ )

Test exceeded the timeout:
[2022-04-11T10:09:22.202Z] /usr/bin/timeout: the monitored command dumped core ( http://cv.jenkins.couchbase.com/job/kv_engine.linux-CE/job/master/18381/ )

http://cv.jenkins.couchbase.com/job/kv_engine.aarch64-linux/job/master/6321/ : FAILURE

Test exceeded the timeout:
[2022-04-11T10:17:46.014Z] /usr/bin/timeout: the monitored command dumped core ( http://cv.jenkins.couchbase.com/job/kv_engine.aarch64-linux/job/master/6321/ )

http://cv.jenkins.couchbase.com/job/kv_engine-clang_analyzer-master/37969/ : SUCCESS

http://cv.jenkins.couchbase.com/job/kv_engine-clang_tidy-master/16608/ : SUCCESS

http://cv.jenkins.couchbase.com/job/kv_engine-clang_format_9/15537/ : SUCCESS

http://cv.jenkins.couchbase.com/job/kv_engine.libFuzzer/job/master/6259/ : SUCCESS
----------------------------------------------------------------------------------------------------------------------
Author: Build Bot
Date: 2022-04-11 10:49:26.000000000
Message: 
Patch Set 25:

Build Failed 

http://cv.jenkins.couchbase.com/job/kv_engine-windows-master/45206/ : FAILURE

No problems were identified. If you know why this problem occurred, please add a suitable Cause for it. ( http://cv.jenkins.couchbase.com/job/kv_engine-windows-master/45206/ )

http://cv.jenkins.couchbase.com/job/kv_engine.threadsanitizer/job/master/19414/ : FAILURE

No problems were identified. If you know why this problem occurred, please add a suitable Cause for it. ( http://cv.jenkins.couchbase.com/job/kv_engine.threadsanitizer/job/master/19414/ )

http://cv.jenkins.couchbase.com/job/kv_engine.linux/job/master/18719/ : FAILURE

Test exceeded the timeout:
[2022-04-11T10:34:33.530Z] /usr/bin/timeout: the monitored command dumped core ( http://cv.jenkins.couchbase.com/job/kv_engine.linux/job/master/18719/ )

http://cv.jenkins.couchbase.com/job/kv_engine.ASan-UBSan/job/master/26789/ : FAILURE

http://cv.jenkins.couchbase.com/job/kv_engine.macos/job/master/17479/ : FAILURE

No problems were identified. If you know why this problem occurred, please add a suitable Cause for it. ( http://cv.jenkins.couchbase.com/job/kv_engine.macos/job/master/17479/ )

http://cv.jenkins.couchbase.com/job/kv_engine.libFuzzer/job/master/6260/ : FAILURE

Compile error at [2022-04-11T10:29:19.835Z] ../kv_engine/engines/ep/src/configuration.h:185:10:
fatal error: "generated_configuration.h" file not found
 ( http://cv.jenkins.couchbase.com/job/kv_engine.libFuzzer/job/master/6260/ )

http://cv.jenkins.couchbase.com/job/kv_engine.linux-CE/job/master/18382/ : FAILURE

One of more core files found at the end of the build. Data for post-mortem saved to archived_core_dumps.tar.bz2 under "Build Artifacts". ( http://cv.jenkins.couchbase.com/job/kv_engine.linux-CE/job/master/18382/ )

Test exceeded the timeout:
[2022-04-11T10:34:18.875Z] /usr/bin/timeout: the monitored command dumped core ( http://cv.jenkins.couchbase.com/job/kv_engine.linux-CE/job/master/18382/ )

http://cv.jenkins.couchbase.com/job/kv_engine.aarch64-linux/job/master/6322/ : FAILURE

Test exceeded the timeout:
[2022-04-11T10:41:03.506Z] /usr/bin/timeout: the monitored command dumped core ( http://cv.jenkins.couchbase.com/job/kv_engine.aarch64-linux/job/master/6322/ )

http://cv.jenkins.couchbase.com/job/kv_engine-clang_analyzer-master/37970/ : SUCCESS

http://cv.jenkins.couchbase.com/job/kv_engine-clang_tidy-master/16609/ : SUCCESS

http://cv.jenkins.couchbase.com/job/kv_engine-clang_format_9/15538/ : SUCCESS
----------------------------------------------------------------------------------------------------------------------
Author: Build Bot
Date: 2022-04-11 11:21:50.000000000
Message: 
Patch Set 25:

Build Failed 

http://cv.jenkins.couchbase.com/job/kv_engine-windows-master/45207/ : FAILURE

No problems were identified. If you know why this problem occurred, please add a suitable Cause for it. ( http://cv.jenkins.couchbase.com/job/kv_engine-windows-master/45207/ )

http://cv.jenkins.couchbase.com/job/kv_engine.threadsanitizer/job/master/19415/ : FAILURE

No problems were identified. If you know why this problem occurred, please add a suitable Cause for it. ( http://cv.jenkins.couchbase.com/job/kv_engine.threadsanitizer/job/master/19415/ )

http://cv.jenkins.couchbase.com/job/kv_engine.linux/job/master/18720/ : FAILURE

One of more core files found at the end of the build. Data for post-mortem saved to archived_core_dumps.tar.bz2 under "Build Artifacts". ( http://cv.jenkins.couchbase.com/job/kv_engine.linux/job/master/18720/ )

Test exceeded the timeout:
[2022-04-11T11:06:33.651Z] /usr/bin/timeout: the monitored command dumped core ( http://cv.jenkins.couchbase.com/job/kv_engine.linux/job/master/18720/ )

http://cv.jenkins.couchbase.com/job/kv_engine.ASan-UBSan/job/master/26790/ : FAILURE

http://cv.jenkins.couchbase.com/job/kv_engine.macos/job/master/17480/ : FAILURE

No problems were identified. If you know why this problem occurred, please add a suitable Cause for it. ( http://cv.jenkins.couchbase.com/job/kv_engine.macos/job/master/17480/ )

http://cv.jenkins.couchbase.com/job/kv_engine.linux-CE/job/master/18383/ : FAILURE

Failure of GoogleTest "TransportProtocols/StatsTest.TestBucketDetailsNoAccess/McbpSsl":

<pre>
[ RUN      ] TransportProtocols/StatsTest.TestBucketDetailsNoAccess/McbpSsl
[2022-04-11T11:07:53.284Z]    #32 /opt/gcc-10.2.0/lib64/libstdc++.so.6() [0x7fb40fd58000+0xd62f0]
[2022-04-11T11:07:53.284Z]    #33 /lib/x86_64-linux-gnu/libpthread.so.0() [0x7fb411c32000+0x76db]
[2022-04-11T11:07:53.284Z]    #34 /lib/x86_64-linux-gnu/libc.so.6(clone+0x3f) [0x7fb40f3b1000+0x12171f]
[2022-04-11T11:07:53.284Z] unknown file: Failure
[2022-04-11T11:07:53.284Z] C++ exception with description "AsyncSocketException: Network error, type = Network error, errno = 104 (Connection reset by peer): Connection reset by peer" thrown in the test body.
[2022-04-11T11:07:53.284Z] [  FAILED  ] TransportProtocols/StatsTest.TestBucketDetailsNoAccess/McbpSsl, where GetParam() = McbpSsl (85 ms)
TransportProtocols/StatsTest.TestBucketDetailsNoAccess/McbpSsl
</pre>
 ( http://cv.jenkins.couchbase.com/job/kv_engine.linux-CE/job/master/18383/ )

One of more core files found at the end of the build. Data for post-mortem saved to archived_core_dumps.tar.bz2 under "Build Artifacts". ( http://cv.jenkins.couchbase.com/job/kv_engine.linux-CE/job/master/18383/ )

Test exceeded the timeout:
[2022-04-11T11:06:22.656Z] /usr/bin/timeout: the monitored command dumped core ( http://cv.jenkins.couchbase.com/job/kv_engine.linux-CE/job/master/18383/ )

http://cv.jenkins.couchbase.com/job/kv_engine.aarch64-linux/job/master/6323/ : FAILURE

Test exceeded the timeout:
[2022-04-11T11:14:23.831Z] /usr/bin/timeout: the monitored command dumped core ( http://cv.jenkins.couchbase.com/job/kv_engine.aarch64-linux/job/master/6323/ )

http://cv.jenkins.couchbase.com/job/kv_engine-clang_analyzer-master/37971/ : SUCCESS

http://cv.jenkins.couchbase.com/job/kv_engine-clang_tidy-master/16610/ : SUCCESS

http://cv.jenkins.couchbase.com/job/kv_engine-clang_format_9/15539/ : SUCCESS

http://cv.jenkins.couchbase.com/job/kv_engine.libFuzzer/job/master/6261/ : SUCCESS
----------------------------------------------------------------------------------------------------------------------
Author: Build Bot
Date: 2022-04-11 12:24:23.000000000
Message: 
Patch Set 25:

Build Failed 

http://cv.jenkins.couchbase.com/job/kv_engine-windows-master/45210/ : FAILURE

No problems were identified. If you know why this problem occurred, please add a suitable Cause for it. ( http://cv.jenkins.couchbase.com/job/kv_engine-windows-master/45210/ )

http://cv.jenkins.couchbase.com/job/kv_engine.threadsanitizer/job/master/19418/ : FAILURE

http://cv.jenkins.couchbase.com/job/kv_engine.linux/job/master/18723/ : FAILURE

Failure of GoogleTest "TransportProtocols/StatsTest.TestAppend/McbpSsl":

<pre>
[ RUN      ] TransportProtocols/StatsTest.TestAppend/McbpSsl
[2022-04-11T12:06:26.158Z]    #12 /home/couchbase/jenkins/workspace/kv_engine.linux_master/build/kv_engine/memcached() [0x400000+0x61fdcf]
[2022-04-11T12:06:26.158Z]    #13 /home/couchbase/jenkins/workspace/kv_engine.linux_master/build/kv_engine/memcached() [0x400000+0x115ee2]
[2022-04-11T12:06:26.158Z]    #14 /home/couchbase/jenkins/workspace/kv_engine.linux_master/build/kv_engine/memcached() [0x400000+0x36a5fc]
[2022-04-11T12:06:26.158Z]    #15 /home/couchbase/jenkins/workspace/kv_engine.linux_master/build/kv_engine/memcached() [0x400000+0x1b177f]
[2022-04-11T12:06:26.158Z]    #16 /home/couchbase/jenkins/workspace/kv_engine.linux_master/build/kv_engine/memcached() [0x400000+0x1e82cb]
[2022-04-11T12:06:26.158Z]    #17 /home/couchbase/jenkins/workspace/kv_engine.linux_master/build/kv_engine/memcached() [0x400000+0x1e866e]
[2022-04-11T12:06:26.158Z]    #18 /home/couchbase/jenkins/workspace/kv_engine.linux_master/build/kv_engine/memcached() [0x400000+0x3dd791]
[2022-04-11T12:06:26.158Z]    #19 /home/couchbase/jenkins/workspace/kv_engine.linux_master/build/kv_engine/memcached() [0x400000+0x3e14cc]
[2022-04-11T12:06:26.158Z]    #20 /home/couchbase/jenkins/workspace/kv_engine.linux_master/build/kv_engine/memcached() [0x400000+0x36fc20]
[2022-04-11T12:06:26.158Z]    #21 /home/couchbase/jenkins/workspace/kv_engine.linux_master/build/kv_engine/memcached() [0x400000+0x500741]
[2022-04-11T12:06:26.158Z]    #22 /home/couchbase/jenkins/workspace/kv_engine.linux_master/build/kv_engine/memcached() [0x400000+0x51d478]
[2022-04-11T12:06:26.158Z]    #23 /home/couchbase/jenkins/workspace/kv_engine.linux_master/build/kv_engine/memcached() [0x400000+0x51d71e]
[2022-04-11T12:06:26.158Z]    #24 /home/couchbase/jenkins/workspace/kv_engine.linux_master/build/kv_engine/memcached() [0x400000+0x514eed]
[2022-04-11T12:06:26.158Z]    #25 /home/couchbase/jenkins/workspace/kv_engine.linux_master/build/kv_engine/memcached() [0x400000+0x515291]
[2022-04-11T12:06:26.158Z]    #26 /home/couchbase/jenkins/workspace/kv_engine.linux_master/build/kv_engine/memcached() [0x400000+0x682280]
[2022-04-11T12:06:26.158Z]    #27 /home/couchbase/jenkins/workspace/kv_engine.linux_master/build/kv_engine/memcached() [0x400000+0x66d3ea]
[2022-04-11T12:06:26.158Z]    #28 /home/couchbase/jenkins/workspace/kv_engine.linux_master/build/kv_engine/memcached() [0x400000+0x685239]
[2022-04-11T12:06:26.158Z]    #29 /home/couchbase/jenkins/workspace/kv_engine.linux_master/build/kv_engine/memcached() [0x400000+0x51b6a0]
[2022-04-11T12:06:26.158Z]    #30 /home/couchbase/jenkins/workspace/kv_engine.linux_master/build/kv_engine/memcached() [0x400000+0x519468]
[2022-04-11T12:06:26.158Z]    #31 /home/couchbase/jenkins/workspace/kv_engine.linux_master/build/kv_engine/memcached(_ZNSt6thread11_State_implINS_8_InvokerISt5tupleIJZN5folly18NamedThreadFactory9newThreadEONS3_8FunctionIFvvEEEEUlvE_EEEEE6_M_runEv+0x1b) [0x400000+0x518d93]
[2022-04-11T12:06:26.158Z]    #32 /opt/gcc-10.2.0/lib64/libstdc++.so.6() [0x7fb192659000+0xd62f0]
[2022-04-11T12:06:26.158Z]    #33 /lib/x86_64-linux-gnu/libpthread.so.0() [0x7fb194533000+0x76db]
[2022-04-11T12:06:26.158Z]    #34 /lib/x86_64-linux-gnu/libc.so.6(clone+0x3f) [0x7fb191cb2000+0x12171f]
[2022-04-11T12:06:26.158Z] unknown file: Failure
[2022-04-11T12:06:26.158Z] C++ exception with description "SSL handshake failed: AsyncSocketException: Network error, type = Network error" thrown in the test body.
[2022-04-11T12:06:26.158Z] [  FAILED  ] TransportProtocols/StatsTest.TestAppend/McbpSsl, where GetParam() = McbpSsl (54 ms)
TransportProtocols/StatsTest.TestAppend/McbpSsl
</pre>
 ( http://cv.jenkins.couchbase.com/job/kv_engine.linux/job/master/18723/ )

One of more core files found at the end of the build. Data for post-mortem saved to archived_core_dumps.tar.bz2 under "Build Artifacts". ( http://cv.jenkins.couchbase.com/job/kv_engine.linux/job/master/18723/ )

Test exceeded the timeout:
[2022-04-11T12:04:28.037Z] /usr/bin/timeout: the monitored command dumped core ( http://cv.jenkins.couchbase.com/job/kv_engine.linux/job/master/18723/ )

http://cv.jenkins.couchbase.com/job/kv_engine.ASan-UBSan/job/master/26793/ : FAILURE

One of more core files found at the end of the build. Data for post-mortem saved to archived_core_dumps.tar.bz2 under "Build Artifacts". ( http://cv.jenkins.couchbase.com/job/kv_engine.ASan-UBSan/job/master/26793/ )

Test exceeded the timeout:
[2022-04-11T12:04:20.861Z] /usr/bin/timeout: the monitored command dumped core ( http://cv.jenkins.couchbase.com/job/kv_engine.ASan-UBSan/job/master/26793/ )

http://cv.jenkins.couchbase.com/job/kv_engine.macos/job/master/17483/ : FAILURE

No problems were identified. If you know why this problem occurred, please add a suitable Cause for it. ( http://cv.jenkins.couchbase.com/job/kv_engine.macos/job/master/17483/ )

http://cv.jenkins.couchbase.com/job/kv_engine.linux-CE/job/master/18386/ : FAILURE

Failure of GoogleTest "TransportProtocols/StatsTest.TestAppend/McbpSsl":

<pre>
[ RUN      ] TransportProtocols/StatsTest.TestAppend/McbpSsl
[2022-04-11T12:04:45.299Z]    #31 /home/couchbase/jenkins/workspace/kv_engine.linux-CE_master/build/kv_engine/memcached(_ZNSt6thread11_State_implINS_8_InvokerISt5tupleIJZN5folly18NamedThreadFactory9newThreadEONS3_8FunctionIFvvEEEEUlvE_EEEEE6_M_runEv+0x1b) [0x400000+0x3f1127]
[2022-04-11T12:04:45.299Z]    #32 /opt/gcc-10.2.0/lib64/libstdc++.so.6() [0x7fbbd738c000+0xd62f0]
[2022-04-11T12:04:45.299Z]    #33 /lib/x86_64-linux-gnu/libpthread.so.0() [0x7fbbd9266000+0x76db]
[2022-04-11T12:04:45.299Z]    #34 /lib/x86_64-linux-gnu/libc.so.6(clone+0x3f) [0x7fbbd69e5000+0x12171f]
[2022-04-11T12:04:45.299Z] unknown file: Failure
[2022-04-11T12:04:45.299Z] C++ exception with description "SSL handshake failed: AsyncSocketException: Network error, type = Network error, errno = 104 (Connection reset by peer)" thrown in the test body.
[2022-04-11T12:04:45.299Z] [  FAILED  ] TransportProtocols/StatsTest.TestAppend/McbpSsl, where GetParam() = McbpSsl (75 ms)
TransportProtocols/StatsTest.TestAppend/McbpSsl
</pre>
 ( http://cv.jenkins.couchbase.com/job/kv_engine.linux-CE/job/master/18386/ )

One of more core files found at the end of the build. Data for post-mortem saved to archived_core_dumps.tar.bz2 under "Build Artifacts". ( http://cv.jenkins.couchbase.com/job/kv_engine.linux-CE/job/master/18386/ )

Test exceeded the timeout:
[2022-04-11T12:04:57.512Z] /usr/bin/timeout: the monitored command dumped core ( http://cv.jenkins.couchbase.com/job/kv_engine.linux-CE/job/master/18386/ )

http://cv.jenkins.couchbase.com/job/kv_engine.aarch64-linux/job/master/6326/ : FAILURE

Test exceeded the timeout:
[2022-04-11T12:15:02.917Z] /usr/bin/timeout: the monitored command dumped core ( http://cv.jenkins.couchbase.com/job/kv_engine.aarch64-linux/job/master/6326/ )

http://cv.jenkins.couchbase.com/job/kv_engine-clang_analyzer-master/37974/ : SUCCESS

http://cv.jenkins.couchbase.com/job/kv_engine-clang_tidy-master/16613/ : SUCCESS

http://cv.jenkins.couchbase.com/job/kv_engine-clang_format_9/15542/ : SUCCESS

http://cv.jenkins.couchbase.com/job/kv_engine.libFuzzer/job/master/6264/ : SUCCESS
----------------------------------------------------------------------------------------------------------------------
Author: Build Bot
Date: 2022-04-11 14:53:51.000000000
Message: 
Patch Set 25: Code-Review-1

Build Failed 

http://cv.jenkins.couchbase.com/job/kv_engine-windows-master/45220/ : FAILURE

Failure of an engine_testapp test:

<pre>
Running [0/159]: expiry pager settings.....\kv_engine\engines\ep\tests\ep_testsuite.cc:689 Test failed: `" (Expected `0", got `-1" - Updated time incorrect, expect: 03:00, actual: 02:59)
(7374 ms) FAIL
</pre>
 ( http://cv.jenkins.couchbase.com/job/kv_engine-windows-master/45220/ )

Timeout of a CTest test 424/424 Test #279: ep_testsuite.value_eviction.magma .......................................................................} ( http://cv.jenkins.couchbase.com/job/kv_engine-windows-master/45220/ )

http://cv.jenkins.couchbase.com/job/kv_engine-clang_tidy-master/16623/ : FAILURE

No problems were identified. If you know why this problem occurred, please add a suitable Cause for it. ( http://cv.jenkins.couchbase.com/job/kv_engine-clang_tidy-master/16623/ )

http://cv.jenkins.couchbase.com/job/kv_engine.threadsanitizer/job/master/19428/ : FAILURE

No problems were identified. If you know why this problem occurred, please add a suitable Cause for it. ( http://cv.jenkins.couchbase.com/job/kv_engine.threadsanitizer/job/master/19428/ )

http://cv.jenkins.couchbase.com/job/kv_engine.linux/job/master/18733/ : FAILURE

Failure of GoogleTest "TransportProtocols/StatsTest.Test_MB_29259_Append/McbpSsl":

<pre>
[ RUN      ] TransportProtocols/StatsTest.Test_MB_29259_Append/McbpSsl
[2022-04-11T14:42:11.111Z] terminate called after throwing an instance of "boost::exception_detail::error_info_injector<std::underflow_error>"
[2022-04-11T14:42:11.111Z]   what():  ThrowExceptionUnderflowPolicy current:0 arg:1
[2022-04-11T14:42:11.111Z] CRITICAL Breakpad caught a crash (Couchbase version 0.0.0-0000). Writing crash dump to /home/couchbase/jenkins/workspace/kv_engine.linux_master/build/kv_engine/memcached_testapp.532842/crash/abcd8af9-c014-479c-ac9ca697-4b34d451.dmp before terminating.
[2022-04-11T14:42:11.111Z] Stack backtrace of crashed thread:
[2022-04-11T14:42:11.111Z]    #0  /home/couchbase/jenkins/workspace/kv_engine.linux_master/build/kv_engine/memcached() [0x400000+0x5b41e9]
[2022-04-11T14:42:11.111Z]    #1  /home/couchbase/jenkins/workspace/kv_engine.linux_master/build/kv_engine/memcached() [0x400000+0x5b42b2]
[2022-04-11T14:42:11.111Z]    #2  /home/couchbase/jenkins/workspace/kv_engine.linux_master/build/kv_engine/memcached(_ZN15google_breakpad16ExceptionHandler12GenerateDumpEPNS0_12CrashContextE+0x3ea) [0x400000+0x5f517a]
[2022-04-11T14:42:11.111Z]    #3  /home/couchbase/jenkins/workspace/kv_engine.linux_master/build/kv_engine/memcached(_ZN15google_breakpad16ExceptionHandler13SignalHandlerEiP9siginfo_tPv+0xb8) [0x400000+0x5f54b8]
[2022-04-11T14:42:11.111Z]    #4  /lib/x86_64-linux-gnu/libpthread.so.0() [0x7fe448546000+0x12980]
[2022-04-11T14:42:11.111Z]    #5  /lib/x86_64-linux-gnu/libc.so.6(gsignal+0xc7) [0x7fe445cc5000+0x3efb7]
[2022-04-11T14:42:11.111Z]    #6  /lib/x86_64-linux-gnu/libc.so.6(abort+0x141) [0x7fe445cc5000+0x40921]
[2022-04-11T14:42:11.111Z]    #7  /opt/gcc-10.2.0/lib64/libstdc++.so.6() [0x7fe44666c000+0xa1efc]
[2022-04-11T14:42:11.111Z]    #8  /home/couchbase/jenkins/workspace/kv_engine.linux_master/build/kv_engine/memcached() [0x400000+0x5ae5aa]
[2022-04-11T14:42:11.111Z]    #9  /opt/gcc-10.2.0/lib64/libstdc++.so.6() [0x7fe44666c000+0xacf96]
[2022-04-11T14:42:11.111Z]    #10 /opt/gcc-10.2.0/lib64/libstdc++.so.6() [0x7fe44666c000+0xad001]
[2022-04-11T14:42:11.111Z]    #11 /opt/gcc-10.2.0/lib64/libstdc++.so.6() [0x7fe44666c000+0xad294]
[2022-04-11T14:42:11.111Z]    #12 /home/couchbase/jenkins/workspace/kv_engine.linux_master/build/kv_engine/memcached() [0x400000+0x61fdcf]
[2022-04-11T14:42:11.111Z]    #13 /home/couchbase/jenkins/workspace/kv_engine.linux_master/build/kv_engine/memcached() [0x400000+0x115ee2]
[2022-04-11T14:42:11.111Z]    #14 /home/couchbase/jenkins/workspace/kv_engine.linux_master/build/kv_engine/memcached() [0x400000+0x36a5fc]
[2022-04-11T14:42:11.111Z]    #15 /home/couchbase/jenkins/workspace/kv_engine.linux_master/build/kv_engine/memcached() [0x400000+0x1b177f]
[2022-04-11T14:42:11.111Z]    #16 /home/couchbase/jenkins/workspace/kv_engine.linux_master/build/kv_engine/memcached() [0x400000+0x1e82cb]
[2022-04-11T14:42:11.111Z]    #17 /home/couchbase/jenkins/workspace/kv_engine.linux_master/build/kv_engine/memcached() [0x400000+0x1e866e]
[2022-04-11T14:42:11.111Z]    #18 /home/couchbase/jenkins/workspace/kv_engine.linux_master/build/kv_engine/memcached() [0x400000+0x3dd791]
[2022-04-11T14:42:11.111Z]    #19 /home/couchbase/jenkins/workspace/kv_engine.linux_master/build/kv_engine/memcached() [0x400000+0x3e14cc]
[2022-04-11T14:42:11.111Z]    #20 /home/couchbase/jenkins/workspace/kv_engine.linux_master/build/kv_engine/memcached() [0x400000+0x36fc20]
[2022-04-11T14:42:11.111Z]    #21 /home/couchbase/jenkins/workspace/kv_engine.linux_master/build/kv_engine/memcached() [0x400000+0x500741]
[2022-04-11T14:42:11.111Z]    #22 /home/couchbase/jenkins/workspace/kv_engine.linux_master/build/kv_engine/memcached() [0x400000+0x51d478]
[2022-04-11T14:42:11.111Z]    #23 /home/couchbase/jenkins/workspace/kv_engine.linux_master/build/kv_engine/memcached() [0x400000+0x51d71e]
[2022-04-11T14:42:11.111Z]    #24 /home/couchbase/jenkins/workspace/kv_engine.linux_master/build/kv_engine/memcached() [0x400000+0x514eed]
[2022-04-11T14:42:11.112Z]    #25 /home/couchbase/jenkins/workspace/kv_engine.linux_master/build/kv_engine/memcached() [0x400000+0x515291]
[2022-04-11T14:42:11.112Z]    #26 /home/couchbase/jenkins/workspace/kv_engine.linux_master/build/kv_engine/memcached() [0x400000+0x682280]
[2022-04-11T14:42:11.112Z]    #27 /home/couchbase/jenkins/workspace/kv_engine.linux_master/build/kv_engine/memcached() [0x400000+0x66d3ea]
[2022-04-11T14:42:11.112Z]    #28 /home/couchbase/jenkins/workspace/kv_engine.linux_master/build/kv_engine/memcached() [0x400000+0x685239]
[2022-04-11T14:42:11.112Z]    #29 /home/couchbase/jenkins/workspace/kv_engine.linux_master/build/kv_engine/memcached() [0x400000+0x51b6a0]
[2022-04-11T14:42:11.112Z]    #30 /home/couchbase/jenkins/workspace/kv_engine.linux_master/build/kv_engine/memcached() [0x400000+0x519468]
[2022-04-11T14:42:11.112Z]    #31 /home/couchbase/jenkins/workspace/kv_engine.linux_master/build/kv_engine/memcached(_ZNSt6thread11_State_implINS_8_InvokerISt5tupleIJZN5folly18NamedThreadFactory9newThreadEONS3_8FunctionIFvvEEEEUlvE_EEEEE6_M_runEv+0x1b) [0x400000+0x518d93]
[2022-04-11T14:42:11.112Z]    #32 /opt/gcc-10.2.0/lib64/libstdc++.so.6() [0x7fe44666c000+0xd62f0]
[2022-04-11T14:42:11.112Z]    #33 /lib/x86_64-linux-gnu/libpthread.so.0() [0x7fe448546000+0x76db]
[2022-04-11T14:42:11.112Z]    #34 /lib/x86_64-linux-gnu/libc.so.6(clone+0x3f) [0x7fe445cc5000+0x12171f]
[2022-04-11T14:42:11.112Z] unknown file: Failure
[2022-04-11T14:42:11.112Z] C++ exception with description "AsyncSocketException: Network error, type = Network error, errno = 104 (Connection reset by peer): Connection reset by peer" thrown in the test body.
[2022-04-11T14:42:11.112Z] [  FAILED  ] TransportProtocols/StatsTest.Test_MB_29259_Append/McbpSsl, where GetParam() = McbpSsl (348 ms)
TransportProtocols/StatsTest.Test_MB_29259_Append/McbpSsl
</pre>
 ( http://cv.jenkins.couchbase.com/job/kv_engine.linux/job/master/18733/ )

One of more core files found at the end of the build. Data for post-mortem saved to archived_core_dumps.tar.bz2 under "Build Artifacts". ( http://cv.jenkins.couchbase.com/job/kv_engine.linux/job/master/18733/ )

Test exceeded the timeout:
[2022-04-11T14:39:23.130Z] /usr/bin/timeout: the monitored command dumped core ( http://cv.jenkins.couchbase.com/job/kv_engine.linux/job/master/18733/ )

http://cv.jenkins.couchbase.com/job/kv_engine.ASan-UBSan/job/master/26803/ : FAILURE

http://cv.jenkins.couchbase.com/job/kv_engine.macos/job/master/17493/ : FAILURE

No problems were identified. If you know why this problem occurred, please add a suitable Cause for it. ( http://cv.jenkins.couchbase.com/job/kv_engine.macos/job/master/17493/ )

http://cv.jenkins.couchbase.com/job/kv_engine.linux-CE/job/master/18396/ : FAILURE

Failure of GoogleTest "TransportProtocols/StatsTest.TestConnectionsInvalidNumber/McbpSsl":

<pre>
[ RUN      ] TransportProtocols/StatsTest.TestConnectionsInvalidNumber/McbpSsl
[2022-04-11T14:39:26.970Z] unknown file: Failure
[2022-04-11T14:39:26.970Z] C++ exception with description "EOF: Connection reset by peer" thrown in SetUp().
[2022-04-11T14:39:26.970Z] [  FAILED  ] TransportProtocols/StatsTest.TestConnectionsInvalidNumber/McbpSsl, where GetParam() = McbpSsl (0 ms)
TransportProtocols/StatsTest.TestConnectionsInvalidNumber/McbpSsl
</pre>
 ( http://cv.jenkins.couchbase.com/job/kv_engine.linux-CE/job/master/18396/ )

One of more core files found at the end of the build. Data for post-mortem saved to archived_core_dumps.tar.bz2 under "Build Artifacts". ( http://cv.jenkins.couchbase.com/job/kv_engine.linux-CE/job/master/18396/ )

Test exceeded the timeout:
[2022-04-11T14:37:52.140Z] /usr/bin/timeout: the monitored command dumped core ( http://cv.jenkins.couchbase.com/job/kv_engine.linux-CE/job/master/18396/ )

http://cv.jenkins.couchbase.com/job/kv_engine.aarch64-linux/job/master/6336/ : FAILURE

Test exceeded the timeout:
[2022-04-11T14:33:55.555Z] /usr/bin/timeout: the monitored command dumped core ( http://cv.jenkins.couchbase.com/job/kv_engine.aarch64-linux/job/master/6336/ )

http://cv.jenkins.couchbase.com/job/kv_engine-clang_analyzer-master/37984/ : SUCCESS

http://cv.jenkins.couchbase.com/job/kv_engine-clang_format_9/15552/ : SUCCESS

http://cv.jenkins.couchbase.com/job/kv_engine.libFuzzer/job/master/6274/ : SUCCESS
----------------------------------------------------------------------------------------------------------------------
