======================================================================================================================
DESCRIPTION:

MB-33549: Ensure reset() resets all of EPStats' stats

Previously, not all stats were reset by calls to
EPStats::reset. Add the missing stats to the
call.

Additionally, enable initialization and reset tests
for the missing stats.

ep_testsuite's test_value_eviction will cause
diskQueueSize, a non-negative integer, to
underflow through the now removed call to
reset_stats. The AggregatedFlushStats' line
  `stats.diskQueueSize -= numItems;`
causes the underflow, likely because reset_stats
was called just before, resetting diskQueueSize
to zero.

Change-Id: I7687456e697031f3a071252c05edcdc92770f056

======================================================================================================================
COMMENTS
======================================================================================================================
Author: Douglas
Date: 2022-04-12 10:19:10.000000000
Message: 
Uploaded patch set 29.
----------------------------------------------------------------------------------------------------------------------
Author: Build Bot
Date: 2022-04-12 11:10:05.000000000
Message: 
Patch Set 29: Verified-1

Build Failed 

http://cv.jenkins.couchbase.com/job/kv_engine-windows-master/45241/ : FAILURE

Failure of an engine_testapp test:

<pre>
Running [6/47]: concurrent set...WARNING: Logging before InitGoogleLogging() is written to STDERR
W0412 03:52:55.857852 18476 HazptrDomain.h:670] Using the default inline executor for asynchronous reclamation may be susceptible to deadlock if the current thread happens to hold a resource needed by the deleter of a reclaimable object
Exceeded maximum wait time of 60000000us waiting for stat "ep_queue_size" to be 0 (last value:1) - aborting.
</pre>
 ( http://cv.jenkins.couchbase.com/job/kv_engine-windows-master/45241/ )

http://cv.jenkins.couchbase.com/job/kv_engine.linux/job/master/18750/ : FAILURE

Failure of GoogleTest "TransportProtocols/XattrTest.mb25928_SystemCantExceedSystemLimit/Mcbp_XattrYes_JsonYes_SnappyYes":

<pre>
[ RUN      ] TransportProtocols/XattrTest.mb25928_SystemCantExceedSystemLimit/Mcbp_XattrYes_JsonYes_SnappyYes
[2022-04-12T10:46:10.223Z] unknown file: Failure
[2022-04-12T10:46:10.223Z] C++ exception with description "Failed to store TransportProtocols_XattrTest_mb25928_SystemCantExceedSystemLimit_Mcbp_XattrYes_JsonYes_SnappyYes: Temporary failure (134)" thrown in SetUp().
[2022-04-12T10:46:10.223Z] [  FAILED  ] TransportProtocols/XattrTest.mb25928_SystemCantExceedSystemLimit/Mcbp_XattrYes_JsonYes_SnappyYes, where GetParam() = (Mcbp, XattrYes, 4-byte object <00-00 00-00>, 4-byte object <00-00 00-00>) (1 ms)
TransportProtocols/XattrTest.mb25928_SystemCantExceedSystemLimit/Mcbp_XattrYes_JsonYes_SnappyYes
</pre>
 ( http://cv.jenkins.couchbase.com/job/kv_engine.linux/job/master/18750/ )

One of more core files found at the end of the build. Data for post-mortem saved to archived_core_dumps.tar.bz2 under "Build Artifacts". ( http://cv.jenkins.couchbase.com/job/kv_engine.linux/job/master/18750/ )

Timeout of a CTest test [2022-04-12T10:41:49.635Z]   6/444 Test #210: ep-engine_ep_unit_tests.NexusBackends/DurabilityEPBucketTest ............................................} ( http://cv.jenkins.couchbase.com/job/kv_engine.linux/job/master/18750/ )

http://cv.jenkins.couchbase.com/job/kv_engine-clang_analyzer-master/38000/ : SUCCESS

http://cv.jenkins.couchbase.com/job/kv_engine-clang_tidy-master/16640/ : SUCCESS

http://cv.jenkins.couchbase.com/job/kv_engine-clang_format_9/15568/ : SUCCESS

http://cv.jenkins.couchbase.com/job/kv_engine.libFuzzer/job/master/6291/ : SUCCESS

http://cv.jenkins.couchbase.com/job/kv_engine.macos/job/master/17510/ : SUCCESS

http://cv.jenkins.couchbase.com/job/kv_engine.linux-CE/job/master/18414/ : SUCCESS

http://cv.jenkins.couchbase.com/job/kv_engine.ASan-UBSan/job/master/26820/ : SUCCESS

http://cv.jenkins.couchbase.com/job/kv_engine.threadsanitizer/job/master/19447/ : SUCCESS

http://cv.jenkins.couchbase.com/job/kv_engine.aarch64-linux/job/master/6353/ : SUCCESS
----------------------------------------------------------------------------------------------------------------------
Author: Build Bot
Date: 2022-04-12 12:18:25.000000000
Message: 
Patch Set 29:

Build Failed 

http://cv.jenkins.couchbase.com/job/kv_engine-windows-master/45246/ : FAILURE

Failure of an engine_testapp test:

<pre>
Running [156/159]: test_replace_at_pending_insert...(20 ms) SKIPPED


99% tests passed, 3 tests failed out of 424

Total Test time (real) = 680.63 sec

The following tests FAIL
</pre>
 ( http://cv.jenkins.couchbase.com/job/kv_engine-windows-master/45246/ )

Timeout of a CTest test 423/424 Test #276: ep_testsuite.full_eviction.comp_active ..................................................................} ( http://cv.jenkins.couchbase.com/job/kv_engine-windows-master/45246/ )

http://cv.jenkins.couchbase.com/job/kv_engine-clang_analyzer-master/38000/ : SUCCESS

http://cv.jenkins.couchbase.com/job/kv_engine-clang_tidy-master/16640/ : SUCCESS

http://cv.jenkins.couchbase.com/job/kv_engine-clang_format_9/15568/ : SUCCESS

http://cv.jenkins.couchbase.com/job/kv_engine.libFuzzer/job/master/6291/ : SUCCESS

http://cv.jenkins.couchbase.com/job/kv_engine.macos/job/master/17510/ : SUCCESS

http://cv.jenkins.couchbase.com/job/kv_engine.linux-CE/job/master/18414/ : SUCCESS

http://cv.jenkins.couchbase.com/job/kv_engine.ASan-UBSan/job/master/26820/ : SUCCESS

http://cv.jenkins.couchbase.com/job/kv_engine.threadsanitizer/job/master/19447/ : SUCCESS

http://cv.jenkins.couchbase.com/job/kv_engine.aarch64-linux/job/master/6353/ : SUCCESS

http://cv.jenkins.couchbase.com/job/kv_engine.linux/job/master/18755/ : SUCCESS
----------------------------------------------------------------------------------------------------------------------
Author: Build Bot
Date: 2022-04-12 13:33:24.000000000
Message: 
Patch Set 29:

Build Failed 

http://cv.jenkins.couchbase.com/job/kv_engine-windows-master/45250/ : FAILURE

Failure of an engine_testapp test:

<pre>
Running [63/93]: dcp consumer expire...(40 ms) OK


99% tests passed, 1 tests failed out of 424

Total Test time (real) = 356.57 sec

The following tests FAIL
</pre>
 ( http://cv.jenkins.couchbase.com/job/kv_engine-windows-master/45250/ )

Timeout of a CTest test 424/424 Test #292: ep_testsuite_dcp.full_eviction.comp_active ..............................................................} ( http://cv.jenkins.couchbase.com/job/kv_engine-windows-master/45250/ )

http://cv.jenkins.couchbase.com/job/kv_engine-clang_analyzer-master/38000/ : SUCCESS

http://cv.jenkins.couchbase.com/job/kv_engine-clang_tidy-master/16640/ : SUCCESS

http://cv.jenkins.couchbase.com/job/kv_engine-clang_format_9/15568/ : SUCCESS

http://cv.jenkins.couchbase.com/job/kv_engine.libFuzzer/job/master/6291/ : SUCCESS

http://cv.jenkins.couchbase.com/job/kv_engine.macos/job/master/17510/ : SUCCESS

http://cv.jenkins.couchbase.com/job/kv_engine.linux-CE/job/master/18414/ : SUCCESS

http://cv.jenkins.couchbase.com/job/kv_engine.ASan-UBSan/job/master/26820/ : SUCCESS

http://cv.jenkins.couchbase.com/job/kv_engine.threadsanitizer/job/master/19447/ : SUCCESS

http://cv.jenkins.couchbase.com/job/kv_engine.aarch64-linux/job/master/6353/ : SUCCESS

http://cv.jenkins.couchbase.com/job/kv_engine.linux/job/master/18755/ : SUCCESS
----------------------------------------------------------------------------------------------------------------------
Author: Build Bot
Date: 2022-04-12 14:50:32.000000000
Message: 
Patch Set 29: Verified+1

Build Successful 

http://cv.jenkins.couchbase.com/job/kv_engine-clang_analyzer-master/38000/ : SUCCESS

http://cv.jenkins.couchbase.com/job/kv_engine-clang_tidy-master/16640/ : SUCCESS

http://cv.jenkins.couchbase.com/job/kv_engine-clang_format_9/15568/ : SUCCESS

http://cv.jenkins.couchbase.com/job/kv_engine.libFuzzer/job/master/6291/ : SUCCESS

http://cv.jenkins.couchbase.com/job/kv_engine.macos/job/master/17510/ : SUCCESS

http://cv.jenkins.couchbase.com/job/kv_engine.linux-CE/job/master/18414/ : SUCCESS

http://cv.jenkins.couchbase.com/job/kv_engine.ASan-UBSan/job/master/26820/ : SUCCESS

http://cv.jenkins.couchbase.com/job/kv_engine.threadsanitizer/job/master/19447/ : SUCCESS

http://cv.jenkins.couchbase.com/job/kv_engine.aarch64-linux/job/master/6353/ : SUCCESS

http://cv.jenkins.couchbase.com/job/kv_engine.linux/job/master/18755/ : SUCCESS

http://cv.jenkins.couchbase.com/job/kv_engine-windows-master/45255/ : SUCCESS
----------------------------------------------------------------------------------------------------------------------
Author: Paolo Cocchi
Date: 2022-04-12 14:50:52.000000000
Message: 
Patch Set 29: Code-Review-1

(2 comments)
Line:7, /COMMIT_MSG -> Why lines aren't taking advantage of the full allowed size?

Line:4086, engines/ep/tests/ep_testsuite.cc -> I think that removing this call might "fix" indeed the diskQueueSize underflow test failure that you see with this patch, but the real issue is still there.

The problem with underflows is that we spot them only when things like NonNegativeCounter goes negative (which is what I think is happening before you remove this call).
But, some stats might be underflowing silently without going negative, which is what it might still be happening on diskQueueSize after removing this call.

I think that first we should fully understand what's the problem on diskQueueSize in this patch. Then we'll be able to fix without removing the reset_stats() call here.

----------------------------------------------------------------------------------------------------------------------
Author: Douglas
Date: 2022-04-12 16:57:32.000000000
MISMATCHED INLINE COMMENT
Line:7, /COMMIT_MSG -> I'm limited to ~50 ðŸ˜„
----------------------------------------------------------------------------------------------------------------------
Author: Douglas
Date: 2022-04-13 15:58:31.000000000
MISMATCHED INLINE COMMENT
Line:4086, engines/ep/tests/ep_testsuite.cc -> There's a similar issue with totalPersistVBState, and wait_for_stat_to_be_gte(1, ep_persist_vbstate_total) timing out because it's been reset to zero after being incremented, and before the waiting function has woken up and checked the value.

In this case it's not so clear that it shouldn't be reset - it does seem more like a stat that is expected to always increase - but it is used in one of the tests, and causes timeouts currently (without a wait_for_flusher or other change).
----------------------------------------------------------------------------------------------------------------------
Author: Paolo Cocchi
Date: 2022-04-14 07:39:57.000000000
MISMATCHED INLINE COMMENT
Line:4086, engines/ep/tests/ep_testsuite.cc -> I think that you're going to hit the same issue on other quantities too, eg things like flusher_todo etc.., all quantities that fall in category (2) as per Ben's comment.

Let's step back 1 second. The scope of the related MB is well defined:

 > cbstats reset does not reset stats for "ep_item_commit_failed" and "ep_item_flush_failed" and currently, the only way to reset these stats is to restart couchbase-server. Restarting nodes is too heavy-handed for the sole purpose of clearing stats.
As some monitoring systems may report false alarms due to these values staying non-zero after resolving the underlying issue, it would be useful to be able to clear these stats with cbstats reset.

Is all this refactor necessary?
It feels a bit out-of-scope to me.. ep_item_commit_failed / ep_item_flush_failed are special quantities that I think some compenent (eg ns_server) uses for detecting unhealthy nodes, so I see the reason behaind the MB.
So we could just touch those for now rather then moving a bunch of stuff around
----------------------------------------------------------------------------------------------------------------------
Author: Ben Huddleston
Date: 2022-04-14 07:30:44.000000000
MISMATCHED INLINE COMMENT
Line:4086, engines/ep/tests/ep_testsuite.cc -> Resetting that stat seems fine to me, we can probably just fix the issue with the tests. How exactly did that manifest? I can see the wait on the stat to be 1 in the test_setup function, but where are the stats being reset?
----------------------------------------------------------------------------------------------------------------------
Author: Douglas
Date: 2022-04-13 10:08:53.000000000
MISMATCHED INLINE COMMENT
Line:4086, engines/ep/tests/ep_testsuite.cc -> That's a really good point. Now you've pointed it out it seems obvious that it shouldn't be reset. Will revert the test and reset changes, and check if any of the other stats fall into the same category.
----------------------------------------------------------------------------------------------------------------------
Author: Douglas
Date: 2022-04-12 16:57:32.000000000
MISMATCHED INLINE COMMENT
Line:4086, engines/ep/tests/ep_testsuite.cc -> Good point. I checked it out further, and as you suggested it seems to be a (logical) race between EPStats::reset() and VBucket::doAggregatedFlushStats.

Since the flusher is executing in a background thread, and some tests follow this with a call to reset the stats, the variable diskQueueSize may be reset to zero and *then* have the numItems subtracted from it - leading to an underflow error.

This is only an issue in the tests, since production builds have the underflow policy for non-negative counters set to "clamp".

These errors have been resolved by adding `wait_for_flusher_to_settle` inside reset's test fixture, reset_stats, which should address all usages in the tests.
----------------------------------------------------------------------------------------------------------------------
Author: Ben Huddleston
Date: 2022-04-12 18:42:15.000000000
MISMATCHED INLINE COMMENT
Line:4086, engines/ep/tests/ep_testsuite.cc -> I think that this raises an interesting point, and that working around the issue here might be the wrong thing to do.

Whilst you're right that production (e.g. 7.1.0) builds do have the underflow policy set to clamp, development builds, the ones that QE use to test all but the final release candidates, do not. They use the throwing policy, with the intent that we find bugs in the stat implementations early on.

Personally I think that there are two categories of stat here:

1) Counters that we expect to always increase (e.g. warmedUpKeys)
2) Stats that quiesce to 0 (e.g. diskQueueSize)

I think that resetting stats in the first category is fine, but resetting stats in the second category is not. The stats in the first category typically reflect something that happened in the past, and the stats in the second category typically reflect the current state of the system. I'd argue that we shouldn't be resetting stats in the second category because:

a) They'll eventually become 0
b) We may not be able to rely on these stats for debug information (especially if we aren't logging when stats are reset)
c) If QE reset stats under normal operation and we throw due to underflow then we'll waste time debugging the stat and find it harder to reason about whether or not the stat is correct
----------------------------------------------------------------------------------------------------------------------
