======================================================================================================================
DESCRIPTION:

MB-49802: [Nexus] Add manifestUid/readyForCommit checks before commit

These values should always be the same before a commit given we've just
create the secondaryCommitData from the primaryCommitData. Add sanity
checks as we're seeing differences in the manifestUid post-commit.

Change-Id: Iddbacedd03a0dfd7a4a749c5a50fad6825ccb2c0

======================================================================================================================
COMMENTS
======================================================================================================================
Author: Ben Huddleston
Date: 2021-12-03 09:53:24.000000000
Message: 
Uploaded patch set 1.
----------------------------------------------------------------------------------------------------------------------
Author: Build Bot
Date: 2021-12-03 10:12:15.000000000
Message: 
Patch Set 1: Verified-1

Build Failed 

http://cv.jenkins.couchbase.com/job/kv_engine-windows-master/42192/ : FAILURE

Failure of GoogleTest "Persistent/EPEnginePersistentTest.EngineInitNoDataDir/persistent_magma":

<pre>
[ RUN      ] Persistent/EPEnginePersistentTest.EngineInitNoDataDir/persistent_magma
2021-12-03T02:08:39.512209-08:00 CRITICAL (default) MagmaKVStore Magma open failed. Status:IOError: Unable to open file ep_engine_ep_unit_tests.db/test.871901/magma.0/config.json.tmp: The system cannot find the path specified.
unknown file: error: C++ exception with description "MagmaKVStore Magma open failed. Status:IOError: Unable to open file ep_engine_ep_unit_tests.db/test.871901/magma.0/config.json.tmp: The system cannot find the path specified." thrown in SetUp().
[  FAILED  ] Persistent/EPEnginePersistentTest.EngineInitNoDataDir/persistent_magma, where GetParam() = "persistent_magma" (35 ms)
Persistent/EPEnginePersistentTest.EngineInitNoDataDir/persistent_magma
</pre>
 ( http://cv.jenkins.couchbase.com/job/kv_engine-windows-master/42192/ )

http://cv.jenkins.couchbase.com/job/kv_engine.macos/job/master/15132/ : FAILURE

Failure of GoogleTest "TransportProtocols/XattrTest.mb25928_SystemCantExceedSystemLimit/Mcbp_XattrYes_JsonYes_SnappyYes":

<pre>
[ RUN      ] TransportProtocols/XattrTest.mb25928_SystemCantExceedSystemLimit/Mcbp_XattrYes_JsonYes_SnappyYes
[2021-12-03T10:05:33.470Z] unknown file: Failure
[2021-12-03T10:05:33.470Z] C++ exception with description "Failed to store TransportProtocols_XattrTest_mb25928_SystemCantExceedSystemLimit_Mcbp_XattrYes_JsonYes_SnappyYes: Temporary failure (134)" thrown in SetUp().
[2021-12-03T10:05:33.470Z] [  FAILED  ] TransportProtocols/XattrTest.mb25928_SystemCantExceedSystemLimit/Mcbp_XattrYes_JsonYes_SnappyYes, where GetParam() = (Mcbp, XattrYes, 4-byte object <00-00 00-00>, 4-byte object <00-00 00-00>) (2 ms)
TransportProtocols/XattrTest.mb25928_SystemCantExceedSystemLimit/Mcbp_XattrYes_JsonYes_SnappyYes
</pre>
 ( http://cv.jenkins.couchbase.com/job/kv_engine.macos/job/master/15132/ )

http://cv.jenkins.couchbase.com/job/kv_engine-clang_analyzer-master/35796/ : SUCCESS

http://cv.jenkins.couchbase.com/job/kv_engine-clang_tidy-master/14331/ : SUCCESS

http://cv.jenkins.couchbase.com/job/kv_engine-clang_format_9/13140/ : SUCCESS

http://cv.jenkins.couchbase.com/job/kv_engine.linux-CE/job/master/15956/ : SUCCESS

http://cv.jenkins.couchbase.com/job/kv_engine.libFuzzer/job/master/3963/ : SUCCESS

http://cv.jenkins.couchbase.com/job/kv_engine.threadsanitizer/job/master/17026/ : SUCCESS

http://cv.jenkins.couchbase.com/job/kv_engine.linux/job/master/16249/ : SUCCESS

http://cv.jenkins.couchbase.com/job/kv_engine.ASan-UBSan/job/master/24351/ : SUCCESS

http://cv.jenkins.couchbase.com/job/kv_engine.aarch64-linux/job/master/4038/ : SUCCESS
----------------------------------------------------------------------------------------------------------------------
Author: Build Bot
Date: 2021-12-03 10:49:19.000000000
Message: 
Patch Set 1:

Build Failed 

http://cv.jenkins.couchbase.com/job/kv_engine-windows-master/42197/ : FAILURE

Failure of an engine_testapp test:

<pre>
Running [0058/0159]: ep workload stats...(20 ms) OK


99% tests passed, 1 tests failed out of 419

Total Test time (real) = 688.66 sec

The following tests FAIL
</pre>
 ( http://cv.jenkins.couchbase.com/job/kv_engine-windows-master/42197/ )

Timeout of a CTest test 419/419 Test #273: ep_testsuite.ephemeral.comp_active ............................................................................................} ( http://cv.jenkins.couchbase.com/job/kv_engine-windows-master/42197/ )

http://cv.jenkins.couchbase.com/job/kv_engine-clang_analyzer-master/35796/ : SUCCESS

http://cv.jenkins.couchbase.com/job/kv_engine-clang_tidy-master/14331/ : SUCCESS

http://cv.jenkins.couchbase.com/job/kv_engine-clang_format_9/13140/ : SUCCESS

http://cv.jenkins.couchbase.com/job/kv_engine.linux-CE/job/master/15956/ : SUCCESS

http://cv.jenkins.couchbase.com/job/kv_engine.libFuzzer/job/master/3963/ : SUCCESS

http://cv.jenkins.couchbase.com/job/kv_engine.threadsanitizer/job/master/17026/ : SUCCESS

http://cv.jenkins.couchbase.com/job/kv_engine.linux/job/master/16249/ : SUCCESS

http://cv.jenkins.couchbase.com/job/kv_engine.ASan-UBSan/job/master/24351/ : SUCCESS

http://cv.jenkins.couchbase.com/job/kv_engine.aarch64-linux/job/master/4038/ : SUCCESS

http://cv.jenkins.couchbase.com/job/kv_engine.macos/job/master/15136/ : SUCCESS
----------------------------------------------------------------------------------------------------------------------
Author: Build Bot
Date: 2021-12-03 11:47:59.000000000
Message: 
Patch Set 1:

Build Failed 

http://cv.jenkins.couchbase.com/job/kv_engine-windows-master/42201/ : FAILURE

Failure of an engine_testapp test:

<pre>
Running [0114/0159]: revision sequence numbers...(15 ms) OK


99% tests passed, 1 tests failed out of 419

Total Test time (real) = 671.70 sec

The following tests FAIL
</pre>
 ( http://cv.jenkins.couchbase.com/job/kv_engine-windows-master/42201/ )

Timeout of a CTest test 419/419 Test #273: ep_testsuite.ephemeral.comp_active ............................................................................................} ( http://cv.jenkins.couchbase.com/job/kv_engine-windows-master/42201/ )

http://cv.jenkins.couchbase.com/job/kv_engine-clang_analyzer-master/35796/ : SUCCESS

http://cv.jenkins.couchbase.com/job/kv_engine-clang_tidy-master/14331/ : SUCCESS

http://cv.jenkins.couchbase.com/job/kv_engine-clang_format_9/13140/ : SUCCESS

http://cv.jenkins.couchbase.com/job/kv_engine.linux-CE/job/master/15956/ : SUCCESS

http://cv.jenkins.couchbase.com/job/kv_engine.libFuzzer/job/master/3963/ : SUCCESS

http://cv.jenkins.couchbase.com/job/kv_engine.threadsanitizer/job/master/17026/ : SUCCESS

http://cv.jenkins.couchbase.com/job/kv_engine.linux/job/master/16249/ : SUCCESS

http://cv.jenkins.couchbase.com/job/kv_engine.ASan-UBSan/job/master/24351/ : SUCCESS

http://cv.jenkins.couchbase.com/job/kv_engine.aarch64-linux/job/master/4038/ : SUCCESS

http://cv.jenkins.couchbase.com/job/kv_engine.macos/job/master/15136/ : SUCCESS
----------------------------------------------------------------------------------------------------------------------
Author: Build Bot
Date: 2021-12-03 12:35:05.000000000
Message: 
Patch Set 1:

Build Failed 

http://cv.jenkins.couchbase.com/job/kv_engine-windows-master/42206/ : FAILURE

Failure of an engine_testapp test:

<pre>
Running [0023/0093]: test producer stream request (backfill)...(384 ms) OK


99% tests passed, 1 tests failed out of 419

Total Test time (real) = 359.50 sec

The following tests FAIL
</pre>
 ( http://cv.jenkins.couchbase.com/job/kv_engine-windows-master/42206/ )

Timeout of a CTest test 419/419 Test #288: ep_testsuite_dcp.ephemeral.comp_passive .......................................................................................} ( http://cv.jenkins.couchbase.com/job/kv_engine-windows-master/42206/ )

http://cv.jenkins.couchbase.com/job/kv_engine-clang_analyzer-master/35796/ : SUCCESS

http://cv.jenkins.couchbase.com/job/kv_engine-clang_tidy-master/14331/ : SUCCESS

http://cv.jenkins.couchbase.com/job/kv_engine-clang_format_9/13140/ : SUCCESS

http://cv.jenkins.couchbase.com/job/kv_engine.linux-CE/job/master/15956/ : SUCCESS

http://cv.jenkins.couchbase.com/job/kv_engine.libFuzzer/job/master/3963/ : SUCCESS

http://cv.jenkins.couchbase.com/job/kv_engine.threadsanitizer/job/master/17026/ : SUCCESS

http://cv.jenkins.couchbase.com/job/kv_engine.linux/job/master/16249/ : SUCCESS

http://cv.jenkins.couchbase.com/job/kv_engine.ASan-UBSan/job/master/24351/ : SUCCESS

http://cv.jenkins.couchbase.com/job/kv_engine.aarch64-linux/job/master/4038/ : SUCCESS

http://cv.jenkins.couchbase.com/job/kv_engine.macos/job/master/15136/ : SUCCESS
----------------------------------------------------------------------------------------------------------------------
Author: Build Bot
Date: 2021-12-03 13:22:05.000000000
Message: 
Patch Set 1:

Build Failed 

http://cv.jenkins.couchbase.com/job/kv_engine-windows-master/42207/ : FAILURE

Failure of GoogleTest "AllBackends/DurabilityBucketTest.MB_46272/ephemeral_auto_delete":

<pre>
[ RUN      ] AllBackends/DurabilityBucketTest.MB_46272/ephemeral_auto_delete
unknown file: error: C++ exception with description "KVStoreFactory ctor: Specified dbname "ep_engine_ep_unit_tests.db/test.712703" is not a directory" thrown in SetUp().
unknown file: error: SEH exception with code 0xc0000005 thrown in TearDown().
[  FAILED  ] AllBackends/DurabilityBucketTest.MB_46272/ephemeral_auto_delete, where GetParam() = ("ephemeral", "auto_delete") (4 ms)
AllBackends/DurabilityBucketTest.MB_46272/ephemeral_auto_delete
</pre>
 ( http://cv.jenkins.couchbase.com/job/kv_engine-windows-master/42207/ )

http://cv.jenkins.couchbase.com/job/kv_engine-clang_analyzer-master/35796/ : SUCCESS

http://cv.jenkins.couchbase.com/job/kv_engine-clang_tidy-master/14331/ : SUCCESS

http://cv.jenkins.couchbase.com/job/kv_engine-clang_format_9/13140/ : SUCCESS

http://cv.jenkins.couchbase.com/job/kv_engine.linux-CE/job/master/15956/ : SUCCESS

http://cv.jenkins.couchbase.com/job/kv_engine.libFuzzer/job/master/3963/ : SUCCESS

http://cv.jenkins.couchbase.com/job/kv_engine.threadsanitizer/job/master/17026/ : SUCCESS

http://cv.jenkins.couchbase.com/job/kv_engine.linux/job/master/16249/ : SUCCESS

http://cv.jenkins.couchbase.com/job/kv_engine.ASan-UBSan/job/master/24351/ : SUCCESS

http://cv.jenkins.couchbase.com/job/kv_engine.aarch64-linux/job/master/4038/ : SUCCESS

http://cv.jenkins.couchbase.com/job/kv_engine.macos/job/master/15136/ : SUCCESS
----------------------------------------------------------------------------------------------------------------------
Author: Build Bot
Date: 2021-12-03 14:10:00.000000000
Message: 
Patch Set 1: Verified+1

Build Successful 

http://cv.jenkins.couchbase.com/job/kv_engine-clang_analyzer-master/35796/ : SUCCESS

http://cv.jenkins.couchbase.com/job/kv_engine-clang_tidy-master/14331/ : SUCCESS

http://cv.jenkins.couchbase.com/job/kv_engine-clang_format_9/13140/ : SUCCESS

http://cv.jenkins.couchbase.com/job/kv_engine.linux-CE/job/master/15956/ : SUCCESS

http://cv.jenkins.couchbase.com/job/kv_engine.libFuzzer/job/master/3963/ : SUCCESS

http://cv.jenkins.couchbase.com/job/kv_engine.threadsanitizer/job/master/17026/ : SUCCESS

http://cv.jenkins.couchbase.com/job/kv_engine.linux/job/master/16249/ : SUCCESS

http://cv.jenkins.couchbase.com/job/kv_engine.ASan-UBSan/job/master/24351/ : SUCCESS

http://cv.jenkins.couchbase.com/job/kv_engine.aarch64-linux/job/master/4038/ : SUCCESS

http://cv.jenkins.couchbase.com/job/kv_engine.macos/job/master/15136/ : SUCCESS

http://cv.jenkins.couchbase.com/job/kv_engine-windows-master/42210/ : SUCCESS
----------------------------------------------------------------------------------------------------------------------
Author: Richard de Mellow
Date: 2021-12-06 09:54:34.000000000
Message: 
Patch Set 1: Code-Review+2
----------------------------------------------------------------------------------------------------------------------
