======================================================================================================================
DESCRIPTION:

MB-40578: Fix implicit compaction context generation for magma

Currently we don't call EPBucket::initializeShards during warmup to
set up the implicit compaction context generation as the intended
call site is actually a declaration.

Change-Id: Ia561b6ba33cccd6b0b629d032703e105106e6122

======================================================================================================================
COMMENTS
======================================================================================================================
Author: Ben Huddleston
Date: 2020-09-07 19:18:39.000000000
Message: 
Uploaded patch set 2.
----------------------------------------------------------------------------------------------------------------------
Author: Build Bot
Date: 2020-09-07 19:54:30.000000000
Message: 
Patch Set 2: Verified-1

Build Failed 

http://cv.jenkins.couchbase.com/job/kv_engine-windows-master/30123/ : FAILURE

Failure of an engine_testapp test:

<pre>
Running [0040/0045]: test CAS options and nmeta (lww)...(4260 ms) OK

383/388 Test #380: memcached_testapp.ep.TransportProtocols/XattrTest .............................................................................   Passed    6.17 sec
384/388 Test #373: memcached_testapp.ep.Transport/McdTestappTest .................................................................................   Passed   10.97 sec
385/388 Test #379: memcached_testapp.ep.TransportProtocols/WithMetaTest ..........................................................................   Passed   15.47 sec
386/388 Test #372: memcached_testapp.ep.SDPerf/SubdocPerfTest ....................................................................................   Passed   34.55 sec
387/388 Test #385: cluster_test ..................................................................................................................   Passed   32.79 sec
388/388 Test #268: ep_perfsuite.value_eviction ...................................................................................................   Passed  164.11 sec

99% tests passed, 2 tests failed out of 388

Total Test time (real) = 500.28 sec

The following tests FAIL
</pre>
 ( http://cv.jenkins.couchbase.com/job/kv_engine-windows-master/30123/ )

Timeout of a CTest test 261/388 Test #206: ep-engine_ep_unit_tests.EphemeralOrPersistent/STItemPagerTest .................................................................} ( http://cv.jenkins.couchbase.com/job/kv_engine-windows-master/30123/ )

http://cv.jenkins.couchbase.com/job/kv_engine-clang_format_9/2813/ : SUCCESS

http://cv.jenkins.couchbase.com/job/kv_engine-clang_tidy/4285/ : SUCCESS

http://cv.jenkins.couchbase.com/job/kv_engine-clang_analyzer-master/26087/ : SUCCESS

http://cv.jenkins.couchbase.com/job/kv_engine.macos/job/master/4617/ : SUCCESS

http://cv.jenkins.couchbase.com/job/kv_engine.ASan-UBSan/job/master/13422/ : SUCCESS

http://cv.jenkins.couchbase.com/job/kv_engine.linux/job/master/5600/ : SUCCESS

http://cv.jenkins.couchbase.com/job/kv_engine.linux-CE/job/master/5508/ : SUCCESS

http://cv.jenkins.couchbase.com/job/kv_engine.threadsanitizer/job/master/5724/ : SUCCESS
----------------------------------------------------------------------------------------------------------------------
Author: Build Bot
Date: 2020-09-07 21:27:11.000000000
Message: 
Patch Set 2:

Build Failed 

http://cv.jenkins.couchbase.com/job/kv_engine-windows-master/30127/ : FAILURE

Failure of GoogleTest "ObjectRegistryTest.MemOverhead":

<pre>
[ RUN      ] ObjectRegistryTest.MemOverhead
unknown file: error: C++ exception with description "CouchKVStore::initialize: no vbstate for ./test/2.couch.0" thrown in SetUp().
[  FAILED  ] ObjectRegistryTest.MemOverhead (800 ms)
ObjectRegistryTest.MemOverhead
</pre>
 ( http://cv.jenkins.couchbase.com/job/kv_engine-windows-master/30127/ )

Failure of a CTest test 117/388 Test #104: ep-engine_ep_unit_tests.ObjectRegistryTest .................................................................................... ( http://cv.jenkins.couchbase.com/job/kv_engine-windows-master/30127/ )

http://cv.jenkins.couchbase.com/job/kv_engine-clang_format_9/2813/ : SUCCESS

http://cv.jenkins.couchbase.com/job/kv_engine-clang_tidy/4285/ : SUCCESS

http://cv.jenkins.couchbase.com/job/kv_engine-clang_analyzer-master/26087/ : SUCCESS

http://cv.jenkins.couchbase.com/job/kv_engine.macos/job/master/4617/ : SUCCESS

http://cv.jenkins.couchbase.com/job/kv_engine.ASan-UBSan/job/master/13422/ : SUCCESS

http://cv.jenkins.couchbase.com/job/kv_engine.linux/job/master/5600/ : SUCCESS

http://cv.jenkins.couchbase.com/job/kv_engine.linux-CE/job/master/5508/ : SUCCESS

http://cv.jenkins.couchbase.com/job/kv_engine.threadsanitizer/job/master/5724/ : SUCCESS
----------------------------------------------------------------------------------------------------------------------
Author: Ben Huddleston
Date: 2020-09-08 07:31:06.000000000
Message: 
Patch Set 2: Code-Review-1

(1 comment)
Line:5595, engines/ep/tests/module_tests/evp_store_single_threaded_test.cc -> oops

----------------------------------------------------------------------------------------------------------------------
Author: Build Bot
Date: 2020-09-08 07:32:19.000000000
Message: 
Patch Set 2:

Build Failed 

http://cv.jenkins.couchbase.com/job/kv_engine-windows-master/30138/ : ABORTED

Build which was aborted due to a newer patch set being uploaded for the given review. ( http://cv.jenkins.couchbase.com/job/kv_engine-windows-master/30138/ )

http://cv.jenkins.couchbase.com/job/kv_engine-clang_format_9/2813/ : SUCCESS

http://cv.jenkins.couchbase.com/job/kv_engine-clang_tidy/4285/ : SUCCESS

http://cv.jenkins.couchbase.com/job/kv_engine-clang_analyzer-master/26087/ : SUCCESS

http://cv.jenkins.couchbase.com/job/kv_engine.macos/job/master/4617/ : SUCCESS

http://cv.jenkins.couchbase.com/job/kv_engine.ASan-UBSan/job/master/13422/ : SUCCESS

http://cv.jenkins.couchbase.com/job/kv_engine.linux/job/master/5600/ : SUCCESS

http://cv.jenkins.couchbase.com/job/kv_engine.linux-CE/job/master/5508/ : SUCCESS

http://cv.jenkins.couchbase.com/job/kv_engine.threadsanitizer/job/master/5724/ : SUCCESS
----------------------------------------------------------------------------------------------------------------------
