======================================================================================================================
DESCRIPTION:

MB-55269 Add db_history_file_size stat

db_history_file_size is the on disk size of the history that is retained
by a kvstore. It is reported in the diskinfo stat group.

Also clarify in the docs that db_data_size won't include unfragmented
data that is part of the history.

ns_server will use it to compute couch_docs_fragmentation as:
((db_file_size-db_history_file_size)-db_data_size)/
(db_file_size-db_history_file_size)

Also expose some stats via Prometheus around bloom filter hits, misses
and compactions.

Change-Id: I48736ebf6a2a12367f363061fb63ce8af4823943

======================================================================================================================
COMMENTS
======================================================================================================================
Author: Rohan Suri
Date: 2023-02-14 10:30:27.000000000
Message: 
Uploaded patch set 8: Patch Set 7 was rebased.
----------------------------------------------------------------------------------------------------------------------
Author: Restriction Checker
Date: 2023-02-14 10:30:41.000000000
Message: 
Patch Set 8: Well-Formed+1

Permission granted to commit: 

https://server.jenkins.couchbase.com/job/restricted-branch-check/337843/artifact/restricted.html : SUCCESS
----------------------------------------------------------------------------------------------------------------------
Author: Build Bot
Date: 2023-02-14 11:39:24.000000000
Message: 
Patch Set 8: Verified-1 -Code-Review

Build Failed 

https://cv.jenkins.couchbase.com/job/kv_engine-windows-neo/1355/ : FAILURE

Failure of an engine_testapp test:

<pre>
Running [91/160]: vbucket cas (dead)...(118 ms) OK


99% tests passed, 2 tests failed out of 433

Total Test time (real) = 1297.27 sec

The following tests FAIL
</pre>
 ( https://cv.jenkins.couchbase.com/job/kv_engine-windows-neo/1355/ )

Timeout of a CTest test 396/433 Test #303: ep_testsuite_dcp.ephemeral.comp_active ........................................................................................} ( https://cv.jenkins.couchbase.com/job/kv_engine-windows-neo/1355/ )

https://cv.jenkins.couchbase.com/job/kv_engine-clang_tidy-neo/1129/ : SUCCESS

https://cv.jenkins.couchbase.com/job/kv_engine-clang_analyzer-neo/1092/ : SUCCESS

https://cv.jenkins.couchbase.com/job/kv_engine-clang_format_9/22669/ : SUCCESS

https://cv.jenkins.couchbase.com/job/kv_engine.threadsanitizer/job/neo/1154/ : SUCCESS

https://cv.jenkins.couchbase.com/job/kv_engine.linux-CE/job/neo/1154/ : SUCCESS

https://cv.jenkins.couchbase.com/job/kv_engine.linux/job/neo/1144/ : SUCCESS

https://cv.jenkins.couchbase.com/job/kv_engine.libFuzzer/job/neo/1119/ : SUCCESS

https://cv.jenkins.couchbase.com/job/kv_engine.ASan-UBSan/job/neo/1144/ : SUCCESS

https://cv.jenkins.couchbase.com/job/kv_engine.macos/job/neo/1473/ : SUCCESS

https://cv.jenkins.couchbase.com/job/kv_engine.aarch64-linux/job/neo/1155/ : SUCCESS
----------------------------------------------------------------------------------------------------------------------
Author: Build Bot
Date: 2023-02-14 12:36:17.000000000
Message: 
Patch Set 8:

Build Failed 

https://cv.jenkins.couchbase.com/job/kv_engine-windows-neo/1358/ : FAILURE

Timeout of a CTest test 433/433 Test  #66: ep-engine_ep_unit_tests.DurabilityRespondAmbiguousTest ........................................................................} ( https://cv.jenkins.couchbase.com/job/kv_engine-windows-neo/1358/ )

https://cv.jenkins.couchbase.com/job/kv_engine-clang_tidy-neo/1129/ : SUCCESS

https://cv.jenkins.couchbase.com/job/kv_engine-clang_analyzer-neo/1092/ : SUCCESS

https://cv.jenkins.couchbase.com/job/kv_engine-clang_format_9/22669/ : SUCCESS

https://cv.jenkins.couchbase.com/job/kv_engine.threadsanitizer/job/neo/1154/ : SUCCESS

https://cv.jenkins.couchbase.com/job/kv_engine.linux-CE/job/neo/1154/ : SUCCESS

https://cv.jenkins.couchbase.com/job/kv_engine.linux/job/neo/1144/ : SUCCESS

https://cv.jenkins.couchbase.com/job/kv_engine.libFuzzer/job/neo/1119/ : SUCCESS

https://cv.jenkins.couchbase.com/job/kv_engine.ASan-UBSan/job/neo/1144/ : SUCCESS

https://cv.jenkins.couchbase.com/job/kv_engine.macos/job/neo/1473/ : SUCCESS

https://cv.jenkins.couchbase.com/job/kv_engine.aarch64-linux/job/neo/1155/ : SUCCESS
----------------------------------------------------------------------------------------------------------------------
Author: Rohan Suri
Date: 2023-02-14 12:50:29.000000000
Message: 
Patch Set 8:

(1 comment)
File Comment: /PATCHSET_LEVEL -> This is ready for review.
----------------------------------------------------------------------------------------------------------------------
Author: Build Bot
Date: 2023-02-14 12:54:13.000000000
Message: 
Patch Set 8:

Build Failed 

https://cv.jenkins.couchbase.com/job/kv_engine-windows-neo/1359/ : FAILURE

No problems were identified. If you know why this problem occurred, please add a suitable Cause for it. ( https://cv.jenkins.couchbase.com/job/kv_engine-windows-neo/1359/ )

https://cv.jenkins.couchbase.com/job/kv_engine-clang_tidy-neo/1129/ : SUCCESS

https://cv.jenkins.couchbase.com/job/kv_engine-clang_analyzer-neo/1092/ : SUCCESS

https://cv.jenkins.couchbase.com/job/kv_engine-clang_format_9/22669/ : SUCCESS

https://cv.jenkins.couchbase.com/job/kv_engine.threadsanitizer/job/neo/1154/ : SUCCESS

https://cv.jenkins.couchbase.com/job/kv_engine.linux-CE/job/neo/1154/ : SUCCESS

https://cv.jenkins.couchbase.com/job/kv_engine.linux/job/neo/1144/ : SUCCESS

https://cv.jenkins.couchbase.com/job/kv_engine.libFuzzer/job/neo/1119/ : SUCCESS

https://cv.jenkins.couchbase.com/job/kv_engine.ASan-UBSan/job/neo/1144/ : SUCCESS

https://cv.jenkins.couchbase.com/job/kv_engine.macos/job/neo/1473/ : SUCCESS

https://cv.jenkins.couchbase.com/job/kv_engine.aarch64-linux/job/neo/1155/ : SUCCESS
----------------------------------------------------------------------------------------------------------------------
Author: Vesko Karaganev
Date: 2023-02-14 14:15:22.000000000
Message: 
Patch Set 8: Code-Review-1

(2 comments)
Line:20, /COMMIT_MSG -> These should probably go in a separate patch linked to an MB explaining why we want them exposed?

Line:3567, engines/ep/src/kvstore/magma-kvstore/magma-kvstore.cc -> Is this initialising DBFileInfo::spaceUsed to HistoryDataSize?

----------------------------------------------------------------------------------------------------------------------
Author: Vesko Karaganev
Date: 2023-02-14 14:23:27.000000000
Message: 
Patch Set 8:

(1 comment)
Line:3567, engines/ep/src/kvstore/magma-kvstore/magma-kvstore.cc -> Sorry, my eyes read the `-` as a `->` and ignored the rest because of the lack of whitespace around the `-`. Can you move this calculation into an appropriately named variable please?

----------------------------------------------------------------------------------------------------------------------
Author: Build Bot
Date: 2023-02-14 14:28:32.000000000
Message: 
Patch Set 8:

Build Failed 

https://cv.jenkins.couchbase.com/job/kv_engine-windows-neo/1360/ : FAILURE

Failure of GoogleTest "TransportProtocols/XattrTest.mb25928_SystemCantExceedSystemLimit/Mcbp_XattrYes_JsonNo_SnappyYes":

<pre>
[ RUN      ] TransportProtocols/XattrTest.mb25928_SystemCantExceedSystemLimit/Mcbp_XattrYes_JsonNo_SnappyYes
unknown file: error: C++ exception with description "Failed to store TransportProtocols_XattrTest_mb25928_SystemCantExceedSystemLimit_Mcbp_XattrYes_JsonNo_SnappyYes: Temporary failure (134)" thrown in SetUp().
[  FAILED  ] TransportProtocols/XattrTest.mb25928_SystemCantExceedSystemLimit/Mcbp_XattrYes_JsonNo_SnappyYes, where GetParam() = (Mcbp, XattrYes, 4-byte object <01-00 00-00>, 4-byte object <00-00 00-00>) (2 ms)
TransportProtocols/XattrTest.mb25928_SystemCantExceedSystemLimit/Mcbp_XattrYes_JsonNo_SnappyYes
</pre>
 ( https://cv.jenkins.couchbase.com/job/kv_engine-windows-neo/1360/ )

Timeout of a CTest test 433/433 Test #353: memcached_testapp.default.TransportProtocols/StatsTest ........................................................................} ( https://cv.jenkins.couchbase.com/job/kv_engine-windows-neo/1360/ )

https://cv.jenkins.couchbase.com/job/kv_engine-clang_tidy-neo/1129/ : SUCCESS

https://cv.jenkins.couchbase.com/job/kv_engine-clang_analyzer-neo/1092/ : SUCCESS

https://cv.jenkins.couchbase.com/job/kv_engine-clang_format_9/22669/ : SUCCESS

https://cv.jenkins.couchbase.com/job/kv_engine.threadsanitizer/job/neo/1154/ : SUCCESS

https://cv.jenkins.couchbase.com/job/kv_engine.linux-CE/job/neo/1154/ : SUCCESS

https://cv.jenkins.couchbase.com/job/kv_engine.linux/job/neo/1144/ : SUCCESS

https://cv.jenkins.couchbase.com/job/kv_engine.libFuzzer/job/neo/1119/ : SUCCESS

https://cv.jenkins.couchbase.com/job/kv_engine.ASan-UBSan/job/neo/1144/ : SUCCESS

https://cv.jenkins.couchbase.com/job/kv_engine.macos/job/neo/1473/ : SUCCESS

https://cv.jenkins.couchbase.com/job/kv_engine.aarch64-linux/job/neo/1155/ : SUCCESS
----------------------------------------------------------------------------------------------------------------------
Author: Rohan Suri
Date: 2023-02-14 15:14:41.000000000
Message: 
Patch Set 8:

(2 comments)
Line:20, /COMMIT_MSG -> They should although it'll require another approval and we're short on time. I could create a separate patch for these stats, but let's use the same MB. I've removed those extra stats from this patch.

Line:3567, engines/ep/src/kvstore/magma-kvstore/magma-kvstore.cc -> Done

----------------------------------------------------------------------------------------------------------------------
Author: Vesko Karaganev
Date: 2023-02-14 15:54:23.000000000
MISMATCHED INLINE COMMENT
Line:20, /COMMIT_MSG -> These stats don't appear related to CDC so we probably shouldn't use that MB...
----------------------------------------------------------------------------------------------------------------------
