======================================================================================================================
DESCRIPTION:

MB-30044: Modernize using clang-tidy google-explicit-constructor

Change-Id: I08c088767152793e99c3d8e5a368a0adb1dfcbb3

======================================================================================================================
COMMENTS
======================================================================================================================
Author: Richard de Mellow
Date: 2020-06-17 16:43:04.000000000
Message: 
Uploaded patch set 6.
----------------------------------------------------------------------------------------------------------------------
Author: Build Bot
Date: 2020-06-17 17:16:16.000000000
Message: 
Patch Set 6: Verified-1

Build Failed 

http://cv.jenkins.couchbase.com/job/kv_engine-clang_tidy/2824/ : FAILURE

clang-tidy found the following problems:

<pre>
/home/couchbase/jenkins/workspace/kv_engine-clang_tidy/kv_engine/engines/ep/src/threadlocal_posix.h:20:2: error: "Include threadlocal.h instead" [clang-diagnostic-error]
#error "Include threadlocal.h instead"
 ^
/home/couchbase/jenkins/workspace/kv_engine-clang_tidy/kv_engine/engines/ep/src/threadlocal_posix.h:36:31: error: unknown type name "ThreadLocalDestructor" [clang-diagnostic-error]
    explicit ThreadLocalPosix(ThreadLocalDestructor dtor = nullptr)
                              ^
/home/couchbase/jenkins/workspace/kv_engine-clang_tidy/kv_engine/engines/ep/src/threadlocal_posix.h:36:53: error: cannot initialize a parameter of type "int" with an rvalue of type "nullptr_t" [clang-diagnostic-error]
    explicit ThreadLocalPosix(ThreadLocalDestructor dtor = nullptr)
                                                    ^
/home/couchbase/jenkins/workspace/kv_engine-clang_tidy/kv_engine/engines/ep/src/threadlocal_posix.h:36:53: note: passing argument to parameter "dtor" here
/home/couchbase/jenkins/workspace/kv_engine-clang_tidy/kv_engine/engines/ep/src/threadlocal_posix.h:88:5: error: unknown type name "ThreadLocalDestructor" [clang-diagnostic-error]
    ThreadLocalDestructor dtor;
    ^
/home/couchbase/jenkins/workspace/kv_engine-clang_tidy/kv_engine/engines/ep/src/vb_commit.h:43:21: warning: pass by value and use std::move [modernize-pass-by-value]
                    const vbucket_state& vbs = {})
                    ^~~~~~~~~~~~~~~~~~~~
                    vbucket_state 
/home/couchbase/jenkins/workspace/kv_engine-clang_tidy/kv_engine/engines/ep/tests/mock/mock_conn_store.h:33:18: error: variable has incomplete type "Vbid" [clang-diagnostic-error]
            Vbid vbid, const ConnHandler& conn) {
                 ^
/home/couchbase/jenkins/workspace/kv_engine-clang_tidy/kv_engine/engines/ep/src/conn_store.h:33:7: note: forward declaration of "Vbid"
class Vbid;
      ^
/home/couchbase/jenkins/workspace/kv_engine-clang_tidy/kv_engine/include/xattr/blob.h:47:35: warning: do not declare C-style arrays, use std::array<> instead [modernize-avoid-c-arrays]
    explicit Blob(std::unique_ptr<char[]>& allocator_, size_t size = 0)
                                  ^

</pre> ( http://cv.jenkins.couchbase.com/job/kv_engine-clang_tidy/2824/ )

Compile error at /home/couchbase/jenkins/workspace/kv_engine-clang_tidy/kv_engine/engines/ep/src/threadlocal_posix.h:20:2:
error: "Include threadlocal.h instead" [clang-diagnostic-error]
 ( http://cv.jenkins.couchbase.com/job/kv_engine-clang_tidy/2824/ )

http://cv.jenkins.couchbase.com/job/kv_engine.threadsanitizer/job/master/4319/ : FAILURE

Failure of an engine_testapp test:

<pre>
Running [0042/0099]: test dcp cursor dropping backfill...../kv_engine/engines/ep/tests/ep_testsuite_dcp.cc:1090 Test failed: `" (Expected `44" to be greater than or equal to `51" - Incorrect snap start seqno)
[2020-06-17T16:55:41.383Z] (14630 ms) FAIL
</pre>
 ( http://cv.jenkins.couchbase.com/job/kv_engine.threadsanitizer/job/master/4319/ )

Failure of a CTest test [2020-06-17T16:55:41.383Z]  23/388 Test #239: ep_testsuite_dcp.ephemeral.comp_passive ........................................................................... ( http://cv.jenkins.couchbase.com/job/kv_engine.threadsanitizer/job/master/4319/ )

http://cv.jenkins.couchbase.com/job/kv_engine.linux/job/master/4235/ : FAILURE

Failure of an engine_testapp test:

<pre>
Running [0081/0099]: test dcp early termination...Exceeded maximum wait time of 60000000us waiting for stat "ep_dcp_num_running_backfills(dcp)" to be 0 (last value:1) - aborting.
</pre>
 ( http://cv.jenkins.couchbase.com/job/kv_engine.linux/job/master/4235/ )

Failure of a CTest test [2020-06-17T16:53:05.545Z]  75/410 Test #252: ep_testsuite_dcp.value_eviction.comp_active .......................................................................Child aborted ( http://cv.jenkins.couchbase.com/job/kv_engine.linux/job/master/4235/ )

http://cv.jenkins.couchbase.com/job/kv_engine.ASan-UBSan/job/master/12062/ : FAILURE

Failure of GoogleTest "CollectionsDcpEphemeralOrPersistent/CollectionsDcpParameterizedTest.tombstone_snapshots_disconnect_memory/persistentMagma_value_only":

<pre>
[ RUN      ] CollectionsDcpEphemeralOrPersistent/CollectionsDcpParameterizedTest.tombstone_snapshots_disconnect_memory/persistentMagma_value_only
[2020-06-17T17:10:16.003Z] ../kv_engine/engines/ep/tests/mock/mock_dcp_producer.cc:86: Failure
[2020-06-17T17:10:16.003Z] Expected equality of these values:
[2020-06-17T17:10:16.003Z]   expectedOpcode
[2020-06-17T17:10:16.003Z]     Which is: DCP_MUTATION
[2020-06-17T17:10:16.003Z]   producers->last_op
[2020-06-17T17:10:16.003Z]     Which is: DCP_SNAPSHOT_MARKER
[2020-06-17T17:10:16.003Z] ../kv_engine/engines/ep/tests/module_tests/collections/evp_store_collections_dcp_test.cc:1147: Failure
[2020-06-17T17:10:16.003Z] Expected equality of these values:
[2020-06-17T17:10:16.003Z]   producers->last_key
[2020-06-17T17:10:16.003Z]     Which is: ""
[2020-06-17T17:10:16.003Z]   "k1"
[2020-06-17T17:10:16.003Z] ../kv_engine/engines/ep/tests/module_tests/collections/evp_store_collections_dcp_test.cc:1149: Failure
[2020-06-17T17:10:16.003Z] Expected equality of these values:
[2020-06-17T17:10:16.003Z]   producers->last_collection_id
[2020-06-17T17:10:16.003Z]     Which is: 0
[2020-06-17T17:10:16.003Z]   CollectionEntry::fruit.getId()
[2020-06-17T17:10:16.003Z]     Which is: 9
[2020-06-17T17:10:16.003Z] ../kv_engine/engines/ep/tests/module_tests/collections/evp_store_collections_dcp_test.cc:1152: Failure
[2020-06-17T17:10:16.003Z] Expected equality of these values:
[2020-06-17T17:10:16.003Z]   producers->last_key
[2020-06-17T17:10:16.003Z]     Which is: "k1"
[2020-06-17T17:10:16.003Z]   "dairy"
[2020-06-17T17:10:16.003Z] ../kv_engine/engines/ep/tests/module_tests/collections/evp_store_collections_dcp_test.cc:1154: Failure
[2020-06-17T17:10:16.003Z] Expected equality of these values:
[2020-06-17T17:10:16.003Z]   producers->last_collection_id
[2020-06-17T17:10:16.003Z]     Which is: 9
[2020-06-17T17:10:16.003Z]   CollectionEntry::dairy.getId()
[2020-06-17T17:10:16.003Z]     Which is: 12
[2020-06-17T17:10:16.003Z] ../kv_engine/engines/ep/tests/module_tests/collections/evp_store_collections_dcp_test.cc:1157: Failure
[2020-06-17T17:10:16.003Z] Expected equality of these values:
[2020-06-17T17:10:16.003Z]   producers->last_key
[2020-06-17T17:10:16.003Z]     Which is: "dairy"
[2020-06-17T17:10:16.003Z]   "k2"
[2020-06-17T17:10:16.003Z] ../kv_engine/engines/ep/tests/module_tests/collections/evp_store_collections_dcp_test.cc:1159: Failure
[2020-06-17T17:10:16.003Z] Expected equality of these values:
[2020-06-17T17:10:16.003Z]   producers->last_collection_id
[2020-06-17T17:10:16.003Z]     Which is: 12
[2020-06-17T17:10:16.003Z]   CollectionEntry::fruit.getId()
[2020-06-17T17:10:16.003Z]     Which is: 9
[2020-06-17T17:10:16.003Z] ../kv_engine/engines/ep/tests/mock/mock_dcp_producer.cc:86: Failure
[2020-06-17T17:10:16.003Z] Expected equality of these values:
[2020-06-17T17:10:16.003Z]   expectedOpcode
[2020-06-17T17:10:16.003Z]     Which is: DCP_SNAPSHOT_MARKER
[2020-06-17T17:10:16.003Z]   producers->last_op
[2020-06-17T17:10:16.003Z]     Which is: DCP_MUTATION
[2020-06-17T17:10:16.003Z] ../kv_engine/engines/ep/tests/mock/mock_dcp_producer.cc:86: Failure
[2020-06-17T17:10:16.003Z] Expected equality of these values:
[2020-06-17T17:10:16.003Z]   expectedOpcode
[2020-06-17T17:10:16.003Z]     Which is: DCP_SYSTEM_EVENT
[2020-06-17T17:10:16.003Z]   producers->last_op
[2020-06-17T17:10:16.003Z]     Which is: DCP_SNAPSHOT_MARKER
[2020-06-17T17:10:16.003Z] ../kv_engine/engines/ep/tests/module_tests/collections/evp_store_collections_dcp_test.cc:1165: Failure
[2020-06-17T17:10:16.003Z] Expected equality of these values:
[2020-06-17T17:10:16.003Z]   producers->last_collection_id
[2020-06-17T17:10:16.003Z]     Which is: 0
[2020-06-17T17:10:16.003Z]   CollectionEntry::fruit.getId()
[2020-06-17T17:10:16.003Z]     Which is: 9
[2020-06-17T17:10:16.003Z] ../kv_engine/engines/ep/tests/module_tests/collections/evp_store_collections_dcp_test.cc:1167: Failure
[2020-06-17T17:10:16.003Z] Expected equality of these values:
[2020-06-17T17:10:16.003Z]   producers->last_system_event
[2020-06-17T17:10:16.003Z]     Which is: 4-byte object <00-00 00-00>
[2020-06-17T17:10:16.003Z]   mcbp::systemevent::id::DeleteCollection
[2020-06-17T17:10:16.003Z]     Which is: 4-byte object <01-00 00-00>
[2020-06-17T17:10:16.003Z] ../kv_engine/engines/ep/tests/module_tests/collections/evp_store_collections_dcp_test.cc:1168: Failure
[2020-06-17T17:10:16.003Z] Expected equality of these values:
[2020-06-17T17:10:16.003Z]   ENGINE_EWOULDBLOCK
[2020-06-17T17:10:16.003Z]     Which is: 7
[2020-06-17T17:10:16.003Z]   producer->step(producers.get())
[2020-06-17T17:10:16.003Z]     Which is: 0
[2020-06-17T17:10:16.003Z] [  FAILED  ] CollectionsDcpEphemeralOrPersistent/CollectionsDcpParameterizedTest.tombstone_snapshots_disconnect_memory/persistentMagma_value_only, where GetParam() = ("persistentMagma", "value_only") (14185 ms)
CollectionsDcpEphemeralOrPersistent/CollectionsDcpParameterizedTest.tombstone_snapshots_disconnect_memory/persistentMagma_value_only
</pre>
 ( http://cv.jenkins.couchbase.com/job/kv_engine.ASan-UBSan/job/master/12062/ )

Failure of a CTest test [2020-06-17T17:10:16.002Z]   6/393 Test #136: ep-engine_ep_unit_tests.CollectionsDcpEphemeralOrPersistent/CollectionsDcpParameterizedTest ....................... ( http://cv.jenkins.couchbase.com/job/kv_engine.ASan-UBSan/job/master/12062/ )

Timeout of a CTest test [2020-06-17T17:11:50.432Z]  33/393 Test #191: ep-engine_ep_unit_tests.FullOrValue/DurabilityWarmupTest ..........................................................} ( http://cv.jenkins.couchbase.com/job/kv_engine.ASan-UBSan/job/master/12062/ )

http://cv.jenkins.couchbase.com/job/kv_engine-clang_format_9/1328/ : SUCCESS

http://cv.jenkins.couchbase.com/job/kv_engine-clang_analyzer-master/24648/ : SUCCESS

http://cv.jenkins.couchbase.com/job/kv_engine-windows-master/28618/ : SUCCESS

http://cv.jenkins.couchbase.com/job/kv_engine.linux-CE/job/master/4181/ : SUCCESS

http://cv.jenkins.couchbase.com/job/kv_engine.macos/job/master/3290/ : SUCCESS
----------------------------------------------------------------------------------------------------------------------
Author: Build Bot
Date: 2020-06-17 19:23:22.000000000
Message: 
Patch Set 6:

Build Failed 

http://cv.jenkins.couchbase.com/job/kv_engine-clang_tidy/2824/ : FAILURE

clang-tidy found the following problems:

<pre>
/home/couchbase/jenkins/workspace/kv_engine-clang_tidy/kv_engine/engines/ep/src/threadlocal_posix.h:20:2: error: "Include threadlocal.h instead" [clang-diagnostic-error]
#error "Include threadlocal.h instead"
 ^
/home/couchbase/jenkins/workspace/kv_engine-clang_tidy/kv_engine/engines/ep/src/threadlocal_posix.h:36:31: error: unknown type name "ThreadLocalDestructor" [clang-diagnostic-error]
    explicit ThreadLocalPosix(ThreadLocalDestructor dtor = nullptr)
                              ^
/home/couchbase/jenkins/workspace/kv_engine-clang_tidy/kv_engine/engines/ep/src/threadlocal_posix.h:36:53: error: cannot initialize a parameter of type "int" with an rvalue of type "nullptr_t" [clang-diagnostic-error]
    explicit ThreadLocalPosix(ThreadLocalDestructor dtor = nullptr)
                                                    ^
/home/couchbase/jenkins/workspace/kv_engine-clang_tidy/kv_engine/engines/ep/src/threadlocal_posix.h:36:53: note: passing argument to parameter "dtor" here
/home/couchbase/jenkins/workspace/kv_engine-clang_tidy/kv_engine/engines/ep/src/threadlocal_posix.h:88:5: error: unknown type name "ThreadLocalDestructor" [clang-diagnostic-error]
    ThreadLocalDestructor dtor;
    ^
/home/couchbase/jenkins/workspace/kv_engine-clang_tidy/kv_engine/engines/ep/src/vb_commit.h:43:21: warning: pass by value and use std::move [modernize-pass-by-value]
                    const vbucket_state& vbs = {})
                    ^~~~~~~~~~~~~~~~~~~~
                    vbucket_state 
/home/couchbase/jenkins/workspace/kv_engine-clang_tidy/kv_engine/engines/ep/tests/mock/mock_conn_store.h:33:18: error: variable has incomplete type "Vbid" [clang-diagnostic-error]
            Vbid vbid, const ConnHandler& conn) {
                 ^
/home/couchbase/jenkins/workspace/kv_engine-clang_tidy/kv_engine/engines/ep/src/conn_store.h:33:7: note: forward declaration of "Vbid"
class Vbid;
      ^
/home/couchbase/jenkins/workspace/kv_engine-clang_tidy/kv_engine/include/xattr/blob.h:47:35: warning: do not declare C-style arrays, use std::array<> instead [modernize-avoid-c-arrays]
    explicit Blob(std::unique_ptr<char[]>& allocator_, size_t size = 0)
                                  ^

</pre> ( http://cv.jenkins.couchbase.com/job/kv_engine-clang_tidy/2824/ )

Compile error at /home/couchbase/jenkins/workspace/kv_engine-clang_tidy/kv_engine/engines/ep/src/threadlocal_posix.h:20:2:
error: "Include threadlocal.h instead" [clang-diagnostic-error]
 ( http://cv.jenkins.couchbase.com/job/kv_engine-clang_tidy/2824/ )

http://cv.jenkins.couchbase.com/job/kv_engine.threadsanitizer/job/master/4325/ : FAILURE

http://cv.jenkins.couchbase.com/job/kv_engine.linux/job/master/4241/ : FAILURE

Failure of GoogleTest "MagmaKVStoreTest.setMaxDataSize":

<pre>
[ RUN      ] MagmaKVStoreTest.setMaxDataSize
[2020-06-17T19:16:29.326Z] ../kv_engine/engines/ep/tests/module_tests/kvstore_test.cc:2784: Failure
[2020-06-17T19:16:29.326Z] Expected: (writeCacheQuotaAfter) < (writeCacheQuota), actual: 0 vs 0
[2020-06-17T19:16:29.326Z] [  FAILED  ] MagmaKVStoreTest.setMaxDataSize (26 ms)
MagmaKVStoreTest.setMaxDataSize
</pre>
 ( http://cv.jenkins.couchbase.com/job/kv_engine.linux/job/master/4241/ )

Failure of a CTest test [2020-06-17T19:16:29.326Z] 223/410 Test  #94: ep-engine_ep_unit_tests.MagmaKVStoreTest .......................................................................... ( http://cv.jenkins.couchbase.com/job/kv_engine.linux/job/master/4241/ )

http://cv.jenkins.couchbase.com/job/kv_engine.ASan-UBSan/job/master/12068/ : FAILURE

Failure of GoogleTest "DcpConnMapTest.AvoidLockInversionInSetVBucketStateAndNewProducerExistingCookie":

<pre>
[ RUN      ] DcpConnMapTest.AvoidLockInversionInSetVBucketStateAndNewProducerExistingCookie
[2020-06-17T19:19:40.360Z] unknown file: Failure
[2020-06-17T19:19:40.360Z] C++ exception with description "CouchKVStore::initialize: no vbstate for vb:2" thrown in SetUp().
[2020-06-17T19:19:40.360Z] [  FAILED  ] DcpConnMapTest.AvoidLockInversionInSetVBucketStateAndNewProducerExistingCookie (10 ms)
DcpConnMapTest.AvoidLockInversionInSetVBucketStateAndNewProducerExistingCookie
</pre>
 ( http://cv.jenkins.couchbase.com/job/kv_engine.ASan-UBSan/job/master/12068/ )

Failure of a CTest test [2020-06-17T19:19:40.360Z]  77/393 Test  #60: ep-engine_ep_unit_tests.DcpConnMapTest ............................................................................ ( http://cv.jenkins.couchbase.com/job/kv_engine.ASan-UBSan/job/master/12068/ )

http://cv.jenkins.couchbase.com/job/kv_engine-clang_format_9/1328/ : SUCCESS

http://cv.jenkins.couchbase.com/job/kv_engine-clang_analyzer-master/24648/ : SUCCESS

http://cv.jenkins.couchbase.com/job/kv_engine-windows-master/28618/ : SUCCESS

http://cv.jenkins.couchbase.com/job/kv_engine.linux-CE/job/master/4181/ : SUCCESS

http://cv.jenkins.couchbase.com/job/kv_engine.macos/job/master/3290/ : SUCCESS
----------------------------------------------------------------------------------------------------------------------
Author: Build Bot
Date: 2020-06-18 09:16:25.000000000
Message: 
Patch Set 6:

Build Failed 

http://cv.jenkins.couchbase.com/job/kv_engine-clang_tidy/2824/ : FAILURE

clang-tidy found the following problems:

<pre>
/home/couchbase/jenkins/workspace/kv_engine-clang_tidy/kv_engine/engines/ep/src/threadlocal_posix.h:20:2: error: "Include threadlocal.h instead" [clang-diagnostic-error]
#error "Include threadlocal.h instead"
 ^
/home/couchbase/jenkins/workspace/kv_engine-clang_tidy/kv_engine/engines/ep/src/threadlocal_posix.h:36:31: error: unknown type name "ThreadLocalDestructor" [clang-diagnostic-error]
    explicit ThreadLocalPosix(ThreadLocalDestructor dtor = nullptr)
                              ^
/home/couchbase/jenkins/workspace/kv_engine-clang_tidy/kv_engine/engines/ep/src/threadlocal_posix.h:36:53: error: cannot initialize a parameter of type "int" with an rvalue of type "nullptr_t" [clang-diagnostic-error]
    explicit ThreadLocalPosix(ThreadLocalDestructor dtor = nullptr)
                                                    ^
/home/couchbase/jenkins/workspace/kv_engine-clang_tidy/kv_engine/engines/ep/src/threadlocal_posix.h:36:53: note: passing argument to parameter "dtor" here
/home/couchbase/jenkins/workspace/kv_engine-clang_tidy/kv_engine/engines/ep/src/threadlocal_posix.h:88:5: error: unknown type name "ThreadLocalDestructor" [clang-diagnostic-error]
    ThreadLocalDestructor dtor;
    ^
/home/couchbase/jenkins/workspace/kv_engine-clang_tidy/kv_engine/engines/ep/src/vb_commit.h:43:21: warning: pass by value and use std::move [modernize-pass-by-value]
                    const vbucket_state& vbs = {})
                    ^~~~~~~~~~~~~~~~~~~~
                    vbucket_state 
/home/couchbase/jenkins/workspace/kv_engine-clang_tidy/kv_engine/engines/ep/tests/mock/mock_conn_store.h:33:18: error: variable has incomplete type "Vbid" [clang-diagnostic-error]
            Vbid vbid, const ConnHandler& conn) {
                 ^
/home/couchbase/jenkins/workspace/kv_engine-clang_tidy/kv_engine/engines/ep/src/conn_store.h:33:7: note: forward declaration of "Vbid"
class Vbid;
      ^
/home/couchbase/jenkins/workspace/kv_engine-clang_tidy/kv_engine/include/xattr/blob.h:47:35: warning: do not declare C-style arrays, use std::array<> instead [modernize-avoid-c-arrays]
    explicit Blob(std::unique_ptr<char[]>& allocator_, size_t size = 0)
                                  ^

</pre> ( http://cv.jenkins.couchbase.com/job/kv_engine-clang_tidy/2824/ )

Compile error at /home/couchbase/jenkins/workspace/kv_engine-clang_tidy/kv_engine/engines/ep/src/threadlocal_posix.h:20:2:
error: "Include threadlocal.h instead" [clang-diagnostic-error]
 ( http://cv.jenkins.couchbase.com/job/kv_engine-clang_tidy/2824/ )

http://cv.jenkins.couchbase.com/job/kv_engine.threadsanitizer/job/master/4332/ : FAILURE

http://cv.jenkins.couchbase.com/job/kv_engine.linux/job/master/4249/ : FAILURE

Failure of GoogleTest "MagmaKVStoreTest.setMaxDataSize":

<pre>
[ RUN      ] MagmaKVStoreTest.setMaxDataSize
[2020-06-18T09:02:05.220Z] ../kv_engine/engines/ep/tests/module_tests/kvstore_test.cc:2784: Failure
[2020-06-18T09:02:05.220Z] Expected: (writeCacheQuotaAfter) < (writeCacheQuota), actual: 0 vs 0
[2020-06-18T09:02:05.220Z] [  FAILED  ] MagmaKVStoreTest.setMaxDataSize (53 ms)
MagmaKVStoreTest.setMaxDataSize
</pre>
 ( http://cv.jenkins.couchbase.com/job/kv_engine.linux/job/master/4249/ )

Failure of an engine_testapp test:

<pre>
Running [0081/0099]: test dcp early termination...Exceeded maximum wait time of 60000000us waiting for stat "ep_dcp_num_running_backfills(dcp)" to be 0 (last value:1) - aborting.
[2020-06-18T09:03:52.820Z] /usr/bin/timeout: the monitored command dumped core
[2020-06-18T09:03:52.820Z] 
[2020-06-18T09:03:52.820Z] 
[2020-06-18T09:03:52.820Z] 99% tests passed, 2 tests failed out of 410
[2020-06-18T09:03:52.820Z] 
[2020-06-18T09:03:52.820Z] Total Test time (real) = 107.83 sec
[2020-06-18T09:03:52.820Z] 
[2020-06-18T09:03:52.820Z] The following tests FAIL
</pre>
 ( http://cv.jenkins.couchbase.com/job/kv_engine.linux/job/master/4249/ )

Failure of a CTest test [2020-06-18T09:02:05.220Z]   1/410 Test  #94: ep-engine_ep_unit_tests.MagmaKVStoreTest .......................................................................... ( http://cv.jenkins.couchbase.com/job/kv_engine.linux/job/master/4249/ )

http://cv.jenkins.couchbase.com/job/kv_engine.ASan-UBSan/job/master/12075/ : FAILURE

Failure of GoogleTest "MagmaKVStoreTest.setMaxDataSize":

<pre>
[ RUN      ] MagmaKVStoreTest.setMaxDataSize
[2020-06-18T09:09:53.669Z] ../kv_engine/engines/ep/tests/module_tests/kvstore_test.cc:2784: Failure
[2020-06-18T09:09:53.669Z] Expected: (writeCacheQuotaAfter) < (writeCacheQuota), actual: 0 vs 0
[2020-06-18T09:09:53.669Z] [  FAILED  ] MagmaKVStoreTest.setMaxDataSize (39 ms)
MagmaKVStoreTest.setMaxDataSize
</pre>
 ( http://cv.jenkins.couchbase.com/job/kv_engine.ASan-UBSan/job/master/12075/ )

Failure of a CTest test [2020-06-18T09:09:53.669Z] 206/393 Test  #93: ep-engine_ep_unit_tests.MagmaKVStoreTest .......................................................................... ( http://cv.jenkins.couchbase.com/job/kv_engine.ASan-UBSan/job/master/12075/ )

http://cv.jenkins.couchbase.com/job/kv_engine-clang_format_9/1328/ : SUCCESS

http://cv.jenkins.couchbase.com/job/kv_engine-clang_analyzer-master/24648/ : SUCCESS

http://cv.jenkins.couchbase.com/job/kv_engine-windows-master/28618/ : SUCCESS

http://cv.jenkins.couchbase.com/job/kv_engine.linux-CE/job/master/4181/ : SUCCESS

http://cv.jenkins.couchbase.com/job/kv_engine.macos/job/master/3290/ : SUCCESS
----------------------------------------------------------------------------------------------------------------------
Author: Build Bot
Date: 2020-06-18 13:01:24.000000000
Message: 
Patch Set 6:

Build Failed 

http://cv.jenkins.couchbase.com/job/kv_engine-clang_tidy/2824/ : FAILURE

clang-tidy found the following problems:

<pre>
/home/couchbase/jenkins/workspace/kv_engine-clang_tidy/kv_engine/engines/ep/src/threadlocal_posix.h:20:2: error: "Include threadlocal.h instead" [clang-diagnostic-error]
#error "Include threadlocal.h instead"
 ^
/home/couchbase/jenkins/workspace/kv_engine-clang_tidy/kv_engine/engines/ep/src/threadlocal_posix.h:36:31: error: unknown type name "ThreadLocalDestructor" [clang-diagnostic-error]
    explicit ThreadLocalPosix(ThreadLocalDestructor dtor = nullptr)
                              ^
/home/couchbase/jenkins/workspace/kv_engine-clang_tidy/kv_engine/engines/ep/src/threadlocal_posix.h:36:53: error: cannot initialize a parameter of type "int" with an rvalue of type "nullptr_t" [clang-diagnostic-error]
    explicit ThreadLocalPosix(ThreadLocalDestructor dtor = nullptr)
                                                    ^
/home/couchbase/jenkins/workspace/kv_engine-clang_tidy/kv_engine/engines/ep/src/threadlocal_posix.h:36:53: note: passing argument to parameter "dtor" here
/home/couchbase/jenkins/workspace/kv_engine-clang_tidy/kv_engine/engines/ep/src/threadlocal_posix.h:88:5: error: unknown type name "ThreadLocalDestructor" [clang-diagnostic-error]
    ThreadLocalDestructor dtor;
    ^
/home/couchbase/jenkins/workspace/kv_engine-clang_tidy/kv_engine/engines/ep/src/vb_commit.h:43:21: warning: pass by value and use std::move [modernize-pass-by-value]
                    const vbucket_state& vbs = {})
                    ^~~~~~~~~~~~~~~~~~~~
                    vbucket_state 
/home/couchbase/jenkins/workspace/kv_engine-clang_tidy/kv_engine/engines/ep/tests/mock/mock_conn_store.h:33:18: error: variable has incomplete type "Vbid" [clang-diagnostic-error]
            Vbid vbid, const ConnHandler& conn) {
                 ^
/home/couchbase/jenkins/workspace/kv_engine-clang_tidy/kv_engine/engines/ep/src/conn_store.h:33:7: note: forward declaration of "Vbid"
class Vbid;
      ^
/home/couchbase/jenkins/workspace/kv_engine-clang_tidy/kv_engine/include/xattr/blob.h:47:35: warning: do not declare C-style arrays, use std::array<> instead [modernize-avoid-c-arrays]
    explicit Blob(std::unique_ptr<char[]>& allocator_, size_t size = 0)
                                  ^

</pre> ( http://cv.jenkins.couchbase.com/job/kv_engine-clang_tidy/2824/ )

Compile error at /home/couchbase/jenkins/workspace/kv_engine-clang_tidy/kv_engine/engines/ep/src/threadlocal_posix.h:20:2:
error: "Include threadlocal.h instead" [clang-diagnostic-error]
 ( http://cv.jenkins.couchbase.com/job/kv_engine-clang_tidy/2824/ )

http://cv.jenkins.couchbase.com/job/kv_engine.threadsanitizer/job/master/4342/ : FAILURE

http://cv.jenkins.couchbase.com/job/kv_engine.linux/job/master/4259/ : FAILURE

Failure of GoogleTest "MagmaKVStoreTest.setMaxDataSize":

<pre>
[ RUN      ] MagmaKVStoreTest.setMaxDataSize
[2020-06-18T12:54:19.448Z] ../kv_engine/engines/ep/tests/module_tests/kvstore_test.cc:2784: Failure
[2020-06-18T12:54:19.448Z] Expected: (writeCacheQuotaAfter) < (writeCacheQuota), actual: 0 vs 0
[2020-06-18T12:54:19.448Z] [  FAILED  ] MagmaKVStoreTest.setMaxDataSize (43 ms)
MagmaKVStoreTest.setMaxDataSize
</pre>
 ( http://cv.jenkins.couchbase.com/job/kv_engine.linux/job/master/4259/ )

Failure of a CTest test [2020-06-18T12:54:19.448Z]   1/410 Test  #94: ep-engine_ep_unit_tests.MagmaKVStoreTest .......................................................................... ( http://cv.jenkins.couchbase.com/job/kv_engine.linux/job/master/4259/ )

http://cv.jenkins.couchbase.com/job/kv_engine-clang_format_9/1328/ : SUCCESS

http://cv.jenkins.couchbase.com/job/kv_engine-clang_analyzer-master/24648/ : SUCCESS

http://cv.jenkins.couchbase.com/job/kv_engine-windows-master/28618/ : SUCCESS

http://cv.jenkins.couchbase.com/job/kv_engine.linux-CE/job/master/4181/ : SUCCESS

http://cv.jenkins.couchbase.com/job/kv_engine.macos/job/master/3290/ : SUCCESS

http://cv.jenkins.couchbase.com/job/kv_engine.ASan-UBSan/job/master/12077/ : SUCCESS
----------------------------------------------------------------------------------------------------------------------
Author: Build Bot
Date: 2020-06-18 16:16:58.000000000
Message: 
Patch Set 6:

Build Failed 

http://cv.jenkins.couchbase.com/job/kv_engine-clang_tidy/2824/ : FAILURE

clang-tidy found the following problems:

<pre>
/home/couchbase/jenkins/workspace/kv_engine-clang_tidy/kv_engine/engines/ep/src/threadlocal_posix.h:20:2: error: "Include threadlocal.h instead" [clang-diagnostic-error]
#error "Include threadlocal.h instead"
 ^
/home/couchbase/jenkins/workspace/kv_engine-clang_tidy/kv_engine/engines/ep/src/threadlocal_posix.h:36:31: error: unknown type name "ThreadLocalDestructor" [clang-diagnostic-error]
    explicit ThreadLocalPosix(ThreadLocalDestructor dtor = nullptr)
                              ^
/home/couchbase/jenkins/workspace/kv_engine-clang_tidy/kv_engine/engines/ep/src/threadlocal_posix.h:36:53: error: cannot initialize a parameter of type "int" with an rvalue of type "nullptr_t" [clang-diagnostic-error]
    explicit ThreadLocalPosix(ThreadLocalDestructor dtor = nullptr)
                                                    ^
/home/couchbase/jenkins/workspace/kv_engine-clang_tidy/kv_engine/engines/ep/src/threadlocal_posix.h:36:53: note: passing argument to parameter "dtor" here
/home/couchbase/jenkins/workspace/kv_engine-clang_tidy/kv_engine/engines/ep/src/threadlocal_posix.h:88:5: error: unknown type name "ThreadLocalDestructor" [clang-diagnostic-error]
    ThreadLocalDestructor dtor;
    ^
/home/couchbase/jenkins/workspace/kv_engine-clang_tidy/kv_engine/engines/ep/src/vb_commit.h:43:21: warning: pass by value and use std::move [modernize-pass-by-value]
                    const vbucket_state& vbs = {})
                    ^~~~~~~~~~~~~~~~~~~~
                    vbucket_state 
/home/couchbase/jenkins/workspace/kv_engine-clang_tidy/kv_engine/engines/ep/tests/mock/mock_conn_store.h:33:18: error: variable has incomplete type "Vbid" [clang-diagnostic-error]
            Vbid vbid, const ConnHandler& conn) {
                 ^
/home/couchbase/jenkins/workspace/kv_engine-clang_tidy/kv_engine/engines/ep/src/conn_store.h:33:7: note: forward declaration of "Vbid"
class Vbid;
      ^
/home/couchbase/jenkins/workspace/kv_engine-clang_tidy/kv_engine/include/xattr/blob.h:47:35: warning: do not declare C-style arrays, use std::array<> instead [modernize-avoid-c-arrays]
    explicit Blob(std::unique_ptr<char[]>& allocator_, size_t size = 0)
                                  ^

</pre> ( http://cv.jenkins.couchbase.com/job/kv_engine-clang_tidy/2824/ )

Compile error at /home/couchbase/jenkins/workspace/kv_engine-clang_tidy/kv_engine/engines/ep/src/threadlocal_posix.h:20:2:
error: "Include threadlocal.h instead" [clang-diagnostic-error]
 ( http://cv.jenkins.couchbase.com/job/kv_engine-clang_tidy/2824/ )

http://cv.jenkins.couchbase.com/job/kv_engine.threadsanitizer/job/master/4358/ : FAILURE

http://cv.jenkins.couchbase.com/job/kv_engine.linux/job/master/4276/ : FAILURE

Failure of GoogleTest "MagmaKVStoreTest.setMaxDataSize":

<pre>
[ RUN      ] MagmaKVStoreTest.setMaxDataSize
[2020-06-18T16:10:19.724Z] ../kv_engine/engines/ep/tests/module_tests/kvstore_test.cc:2784: Failure
[2020-06-18T16:10:19.724Z] Expected: (writeCacheQuotaAfter) < (writeCacheQuota), actual: 0 vs 0
[2020-06-18T16:10:19.724Z] [  FAILED  ] MagmaKVStoreTest.setMaxDataSize (30 ms)
MagmaKVStoreTest.setMaxDataSize
</pre>
 ( http://cv.jenkins.couchbase.com/job/kv_engine.linux/job/master/4276/ )

Failure of a CTest test [2020-06-18T16:10:19.724Z]   1/410 Test  #94: ep-engine_ep_unit_tests.MagmaKVStoreTest .......................................................................... ( http://cv.jenkins.couchbase.com/job/kv_engine.linux/job/master/4276/ )

http://cv.jenkins.couchbase.com/job/kv_engine-clang_format_9/1328/ : SUCCESS

http://cv.jenkins.couchbase.com/job/kv_engine-clang_analyzer-master/24648/ : SUCCESS

http://cv.jenkins.couchbase.com/job/kv_engine-windows-master/28618/ : SUCCESS

http://cv.jenkins.couchbase.com/job/kv_engine.linux-CE/job/master/4181/ : SUCCESS

http://cv.jenkins.couchbase.com/job/kv_engine.macos/job/master/3290/ : SUCCESS

http://cv.jenkins.couchbase.com/job/kv_engine.ASan-UBSan/job/master/12077/ : SUCCESS
----------------------------------------------------------------------------------------------------------------------
