======================================================================================================================
DESCRIPTION:

MB-47216: Don't validate all packets

As demonstrated in MB-47151 an unauthenticated client may exploit
bugs in packet validators and potentially crash the system.

This patch change the logic so that we'll return EACCESS if the
connection isn't authenticated (and default bucket isn't available)
and the command isn't whitelisted.

The following commands will always be validated (and potentially
excecuted):

   * Hello
   * Sasl List Mech
   * Sasl Auth
   * Sasl Step

Change-Id: Ifd40b177dd1312c11e9b2f2f707f67504df6e2b7

======================================================================================================================
COMMENTS
======================================================================================================================
Author: Trond Norbye
Date: 2021-07-02 15:59:04.000000000
Message: 
Uploaded patch set 4.
----------------------------------------------------------------------------------------------------------------------
Author: Dave Rigby
Date: 2021-07-02 15:59:40.000000000
Message: 
Patch Set 4: Code-Review+2
----------------------------------------------------------------------------------------------------------------------
Author: Build Bot
Date: 2021-07-02 16:36:24.000000000
Message: 
Patch Set 4: Verified-1

Build Failed 

http://cv.jenkins.couchbase.com/job/kv_engine-windows-master/37481/ : FAILURE

Failure of an engine_testapp test:

<pre>
Running [0023/0045]: test add meta conflict resolution...(29 ms) SKIPPED

        Start 403: memcached_topkeys_test
400/405 Test #403: memcached_topkeys_test ........................................................................................................   Passed    0.21 sec
        Start 404: memcached_unsigned_leb128_test
401/405 Test #404: memcached_unsigned_leb128_test ................................................................................................   Passed    0.11 sec
        Start 405: memcached-hostutils-test
402/405 Test #405: memcached-hostutils-test ......................................................................................................   Passed    0.26 sec
403/405 Test #374: memcached_testapp.ep.SDPerf/SubdocPerfTest ....................................................................................   Passed   27.71 sec
404/405 Test #400: memcached_testapp.ep.TransportProtocols/BucketTest ............................................................................   Passed    9.05 sec
405/405 Test #402: cluster_test ..................................................................................................................   Passed   15.81 sec

99% tests passed, 1 tests failed out of 405

Total Test time (real) = 605.92 sec

The following tests FAIL
</pre>
 ( http://cv.jenkins.couchbase.com/job/kv_engine-windows-master/37481/ )

Timeout of a CTest test 399/405 Test #285: ep_testsuite_xdcr.ephemeral.comp_passive ......................................................................................} ( http://cv.jenkins.couchbase.com/job/kv_engine-windows-master/37481/ )

http://cv.jenkins.couchbase.com/job/kv_engine-clang_tidy-master/10372/ : SUCCESS

http://cv.jenkins.couchbase.com/job/kv_engine-clang_analyzer-master/31972/ : SUCCESS

http://cv.jenkins.couchbase.com/job/kv_engine-clang_format_9/8998/ : SUCCESS

http://cv.jenkins.couchbase.com/job/kv_engine.macos/job/master/11025/ : SUCCESS

http://cv.jenkins.couchbase.com/job/kv_engine.linux/job/master/12099/ : SUCCESS

http://cv.jenkins.couchbase.com/job/kv_engine.threadsanitizer/job/master/12439/ : SUCCESS

http://cv.jenkins.couchbase.com/job/kv_engine.linux-CE/job/master/11942/ : SUCCESS

http://cv.jenkins.couchbase.com/job/kv_engine.ASan-UBSan/job/master/19990/ : SUCCESS
----------------------------------------------------------------------------------------------------------------------
Author: Build Bot
Date: 2021-07-05 05:00:20.000000000
Message: 
Patch Set 4: Verified+1

Build Successful 

http://cv.jenkins.couchbase.com/job/kv_engine-clang_tidy-master/10372/ : SUCCESS

http://cv.jenkins.couchbase.com/job/kv_engine-clang_analyzer-master/31972/ : SUCCESS

http://cv.jenkins.couchbase.com/job/kv_engine-clang_format_9/8998/ : SUCCESS

http://cv.jenkins.couchbase.com/job/kv_engine.macos/job/master/11025/ : SUCCESS

http://cv.jenkins.couchbase.com/job/kv_engine.linux/job/master/12099/ : SUCCESS

http://cv.jenkins.couchbase.com/job/kv_engine.threadsanitizer/job/master/12439/ : SUCCESS

http://cv.jenkins.couchbase.com/job/kv_engine.linux-CE/job/master/11942/ : SUCCESS

http://cv.jenkins.couchbase.com/job/kv_engine.ASan-UBSan/job/master/19990/ : SUCCESS

http://cv.jenkins.couchbase.com/job/kv_engine-windows-master/37483/ : SUCCESS
----------------------------------------------------------------------------------------------------------------------
