======================================================================================================================
DESCRIPTION:

MB-49469: Expose ep_checkpoint_max_size_bytes

The actual max size (in bytes) of a single checkpoint.

Change-Id: I560d9f589ca830639ba39ebc1a549ce7726ccc16

======================================================================================================================
COMMENTS
======================================================================================================================
Author: Paolo Cocchi
Date: 2022-02-02 14:48:34.000000000
Message: 
Uploaded patch set 5.
----------------------------------------------------------------------------------------------------------------------
Author: Build Bot
Date: 2022-02-02 15:45:36.000000000
Message: 
Patch Set 5: Verified-1

Build Failed 

http://cv.jenkins.couchbase.com/job/kv_engine-windows-master/43527/ : FAILURE

Failure of an engine_testapp test:

<pre>
Running [0027/0159]: PiTR conf...(126 ms) OK


99% tests passed, 2 tests failed out of 419

Total Test time (real) = 670.87 sec

The following tests FAIL
</pre>
 ( http://cv.jenkins.couchbase.com/job/kv_engine-windows-master/43527/ )

Timeout of a CTest test 418/419 Test #273: ep_testsuite.ephemeral.comp_active ............................................................................................} ( http://cv.jenkins.couchbase.com/job/kv_engine-windows-master/43527/ )

http://cv.jenkins.couchbase.com/job/kv_engine-clang_format_9/14128/ : SUCCESS

http://cv.jenkins.couchbase.com/job/kv_engine-clang_tidy-master/15285/ : SUCCESS

http://cv.jenkins.couchbase.com/job/kv_engine-clang_analyzer-master/36735/ : SUCCESS

http://cv.jenkins.couchbase.com/job/kv_engine.macos/job/master/16106/ : SUCCESS

http://cv.jenkins.couchbase.com/job/kv_engine.aarch64-linux/job/master/4998/ : SUCCESS

http://cv.jenkins.couchbase.com/job/kv_engine.linux-CE/job/master/17008/ : SUCCESS

http://cv.jenkins.couchbase.com/job/kv_engine.linux/job/master/17319/ : SUCCESS

http://cv.jenkins.couchbase.com/job/kv_engine.threadsanitizer/job/master/18061/ : SUCCESS

http://cv.jenkins.couchbase.com/job/kv_engine.libFuzzer/job/master/4937/ : SUCCESS

http://cv.jenkins.couchbase.com/job/kv_engine.ASan-UBSan/job/master/25415/ : SUCCESS
----------------------------------------------------------------------------------------------------------------------
Author: Build Bot
Date: 2022-02-03 09:24:06.000000000
Message: 
Patch Set 5:

Build Failed 

http://cv.jenkins.couchbase.com/job/kv_engine-windows-master/43540/ : FAILURE

Failure of an engine_testapp test:

<pre>
Running [0035/0047]: get/delete with missing db file...(81 ms) OK

        Start 394: memcached_testapp.ep.TransportProtocols/RbacTest
391/419 Test #394: memcached_testapp.ep.TransportProtocols/RbacTest ..............................................................................   Passed    0.89 sec
        Start 395: memcached_testapp.ep.TransportProtocols/RbacRoleTest
392/419 Test #395: memcached_testapp.ep.TransportProtocols/RbacRoleTest ..........................................................................   Passed    0.88 sec
        Start 396: memcached_testapp.ep.TransportProtocols/RegressionTest
393/419 Test #387: memcached_testapp.ep.TransportProtocols/SaslTest ..............................................................................   Passed    9.39 sec
        Start 397: memcached_testapp.ep.TransportProtocols/ErrmapTest
394/419 Test #396: memcached_testapp.ep.TransportProtocols/RegressionTest ........................................................................   Passed    1.18 sec
        Start 398: memcached_testapp.ep.TransportProtocols/ExternalAuthTest
395/419 Test #397: memcached_testapp.ep.TransportProtocols/ErrmapTest ............................................................................   Passed    0.93 sec
        Start 399: memcached_testapp.ep.TransportProtocols/FlushTest
396/419 Test #399: memcached_testapp.ep.TransportProtocols/FlushTest .............................................................................   Passed    0.86 sec
        Start 400: memcached_testapp.ep.TransportProtocols/GetSetTest
397/419 Test #393: memcached_testapp.ep.CleanOrUnclean/PersistToTest .............................................................................   Passed    6.92 sec
        Start 401: memcached_testapp.ep.TransportProtocols/InterfacesTest
398/419 Test #400: memcached_testapp.ep.TransportProtocols/GetSetTest ............................................................................   Passed    2.66 sec
        Start 402: memcached_testapp.ep.TransportProtocols/IoctlTest
399/419 Test #402: memcached_testapp.ep.TransportProtocols/IoctlTest .............................................................................   Passed    0.68 sec
        Start 403: memcached_testapp.ep.TransportProtocols/IPv6Test
400/419 Test #379: memcached_testapp.ep.SDPerf/SubdocPerfTest ....................................................................................   Passed   22.09 sec
        Start 404: memcached_testapp.ep.TransportProtocols/ClusterConfigTest
401/419 Test #403: memcached_testapp.ep.TransportProtocols/IPv6Test ..............................................................................   Passed    0.75 sec
        Start 405: memcached_testapp.ep.TransportProtocols/CmdTimerTest
402/419 Test #405: memcached_testapp.ep.TransportProtocols/CmdTimerTest ..........................................................................   Passed    0.92 sec
        Start 406: memcached_testapp.ep.TransportProtocols/CollectionsTest
403/419 Test #401: memcached_testapp.ep.TransportProtocols/InterfacesTest ........................................................................   Passed    3.98 sec
        Start 407: memcached_testapp.ep.TransportProtocols/DcpTest
404/419 Test #398: memcached_testapp.ep.TransportProtocols/ExternalAuthTest ......................................................................   Passed    6.49 sec
        Start 408: memcached_testapp.ep.TransportProtocols/DcpConsumerBufferAckTest
405/419 Test #406: memcached_testapp.ep.TransportProtocols/CollectionsTest .......................................................................   Passed    0.77 sec
        Start 409: memcached_testapp.ep.Transport/DeprecatedCommandsTests
406/419 Test #407: memcached_testapp.ep.TransportProtocols/DcpTest ...............................................................................   Passed    0.85 sec
        Start 410: memcached_testapp.ep.TransportProtocols/DurabilityTest
407/419 Test #410: memcached_testapp.ep.TransportProtocols/DurabilityTest ........................................................................   Passed    0.79 sec
        Start 411: memcached_testapp.ep.TransportProtocols/SubdocDurabilityTest
408/419 Test #408: memcached_testapp.ep.TransportProtocols/DcpConsumerBufferAckTest ..............................................................   Passed    1.77 sec
        Start 412: memcached_testapp.ep.TransportProtocols/ArithmeticTest
409/419 Test #409: memcached_testapp.ep.Transport/DeprecatedCommandsTests ........................................................................   Passed    1.38 sec
        Start 413: memcached_testapp.ep.TransportProtocols/ArithmeticXattrOnTest
410/419 Test #404: memcached_testapp.ep.TransportProtocols/ClusterConfigTest .....................................................................   Passed    3.87 sec
        Start 414: memcached_testapp.ep.TransportProtocols/AuditTest
411/419 Test #411: memcached_testapp.ep.TransportProtocols/SubdocDurabilityTest ..................................................................   Passed    0.78 sec
        Start 415: memcached_testapp.ep.TransportProtocols/BucketTest
412/419 Test #413: memcached_testapp.ep.TransportProtocols/ArithmeticXattrOnTest .................................................................   Passed    0.86 sec
        Start 416: testapp_auth_provider_test
413/419 Test #416: testapp_auth_provider_test ....................................................................................................   Passed    0.07 sec
        Start 417: cluster_test
414/419 Test #412: memcached_testapp.ep.TransportProtocols/ArithmeticTest ........................................................................   Passed    2.46 sec
        Start 418: memcached_unsigned_leb128_test
415/419 Test #418: memcached_unsigned_leb128_test ................................................................................................   Passed    0.11 sec
        Start 419: memcached-hostutils-test
416/419 Test #419: memcached-hostutils-test ......................................................................................................   Passed    0.09 sec
417/419 Test #415: memcached_testapp.ep.TransportProtocols/BucketTest ............................................................................   Passed    6.82 sec
418/419 Test #417: cluster_test ..................................................................................................................   Passed    6.74 sec
419/419 Test #414: memcached_testapp.ep.TransportProtocols/AuditTest .............................................................................   Passed   12.98 sec

99% tests passed, 1 tests failed out of 419

Total Test time (real) = 1023.01 sec

The following tests FAIL
</pre>
 ( http://cv.jenkins.couchbase.com/job/kv_engine-windows-master/43540/ )

Timeout of a CTest test 390/419 Test #277: ep_testsuite_basic.value_eviction.comp_active .................................................................................} ( http://cv.jenkins.couchbase.com/job/kv_engine-windows-master/43540/ )

http://cv.jenkins.couchbase.com/job/kv_engine-clang_format_9/14128/ : SUCCESS

http://cv.jenkins.couchbase.com/job/kv_engine-clang_tidy-master/15285/ : SUCCESS

http://cv.jenkins.couchbase.com/job/kv_engine-clang_analyzer-master/36735/ : SUCCESS

http://cv.jenkins.couchbase.com/job/kv_engine.macos/job/master/16106/ : SUCCESS

http://cv.jenkins.couchbase.com/job/kv_engine.aarch64-linux/job/master/4998/ : SUCCESS

http://cv.jenkins.couchbase.com/job/kv_engine.linux-CE/job/master/17008/ : SUCCESS

http://cv.jenkins.couchbase.com/job/kv_engine.linux/job/master/17319/ : SUCCESS

http://cv.jenkins.couchbase.com/job/kv_engine.threadsanitizer/job/master/18061/ : SUCCESS

http://cv.jenkins.couchbase.com/job/kv_engine.libFuzzer/job/master/4937/ : SUCCESS

http://cv.jenkins.couchbase.com/job/kv_engine.ASan-UBSan/job/master/25415/ : SUCCESS
----------------------------------------------------------------------------------------------------------------------
Author: Build Bot
Date: 2022-02-03 09:59:27.000000000
Message: 
Patch Set 5: Verified+1

Build Successful 

http://cv.jenkins.couchbase.com/job/kv_engine-clang_format_9/14128/ : SUCCESS

http://cv.jenkins.couchbase.com/job/kv_engine-clang_tidy-master/15285/ : SUCCESS

http://cv.jenkins.couchbase.com/job/kv_engine-clang_analyzer-master/36735/ : SUCCESS

http://cv.jenkins.couchbase.com/job/kv_engine.macos/job/master/16106/ : SUCCESS

http://cv.jenkins.couchbase.com/job/kv_engine.aarch64-linux/job/master/4998/ : SUCCESS

http://cv.jenkins.couchbase.com/job/kv_engine.linux-CE/job/master/17008/ : SUCCESS

http://cv.jenkins.couchbase.com/job/kv_engine.linux/job/master/17319/ : SUCCESS

http://cv.jenkins.couchbase.com/job/kv_engine.threadsanitizer/job/master/18061/ : SUCCESS

http://cv.jenkins.couchbase.com/job/kv_engine.libFuzzer/job/master/4937/ : SUCCESS

http://cv.jenkins.couchbase.com/job/kv_engine.ASan-UBSan/job/master/25415/ : SUCCESS

http://cv.jenkins.couchbase.com/job/kv_engine-windows-master/43548/ : SUCCESS
----------------------------------------------------------------------------------------------------------------------
