======================================================================================================================
DESCRIPTION:

Use nlohmann::json to format JSON for logging

Replace manual formatting of JSON in the log message for
reconfigure of file descriptors with use of nlohmann::json

Change-Id: I2a58bc0345b369439d86f585bf9c5c82e14e931e

======================================================================================================================
COMMENTS
======================================================================================================================
Author: Trond Norbye
Date: 2021-06-25 11:49:45.000000000
Message: 
Uploaded patch set 2: Patch Set 1 was rebased.
----------------------------------------------------------------------------------------------------------------------
Author: Build Bot
Date: 2021-06-25 12:21:33.000000000
Message: 
Patch Set 2: Verified-1

Build Failed 

http://cv.jenkins.couchbase.com/job/kv_engine-windows-master/37346/ : FAILURE

Failure of an engine_testapp test:

<pre>
Running [0140/0157]: test get random key...(85 ms) OK


99% tests passed, 1 tests failed out of 402

Total Test time (real) = 635.84 sec

The following tests FAIL
</pre>
 ( http://cv.jenkins.couchbase.com/job/kv_engine-windows-master/37346/ )

Timeout of a CTest test 402/402 Test #252: ep_testsuite.value_eviction.magma .............................................................................................} ( http://cv.jenkins.couchbase.com/job/kv_engine-windows-master/37346/ )

http://cv.jenkins.couchbase.com/job/kv_engine.ASan-UBSan/job/master/19866/ : FAILURE

One of more core files found at the end of the build. Data for post-mortem saved to archived_core_dumps.tar.bz2 under "Build Artifacts". ( http://cv.jenkins.couchbase.com/job/kv_engine.ASan-UBSan/job/master/19866/ )

Timeout of a CTest test [2021-06-25T12:17:01.644Z]  29/405 Test   #2: memcached-breakpad-test-std_exception_with_trace ............................................................} ( http://cv.jenkins.couchbase.com/job/kv_engine.ASan-UBSan/job/master/19866/ )

http://cv.jenkins.couchbase.com/job/kv_engine-clang_tidy-master/10257/ : SUCCESS

http://cv.jenkins.couchbase.com/job/kv_engine-clang_analyzer-master/31858/ : SUCCESS

http://cv.jenkins.couchbase.com/job/kv_engine-clang_format_9/8859/ : SUCCESS

http://cv.jenkins.couchbase.com/job/kv_engine.linux-CE/job/master/11827/ : SUCCESS

http://cv.jenkins.couchbase.com/job/kv_engine.threadsanitizer/job/master/12303/ : SUCCESS

http://cv.jenkins.couchbase.com/job/kv_engine.linux/job/master/11977/ : SUCCESS

http://cv.jenkins.couchbase.com/job/kv_engine.macos/job/master/10909/ : SUCCESS
----------------------------------------------------------------------------------------------------------------------
Author: Build Bot
Date: 2021-06-25 13:07:30.000000000
Message: 
Patch Set 2:

Build Failed 

http://cv.jenkins.couchbase.com/job/kv_engine.ASan-UBSan/job/master/19869/ : FAILURE

One of more core files found at the end of the build. Data for post-mortem saved to archived_core_dumps.tar.bz2 under "Build Artifacts". ( http://cv.jenkins.couchbase.com/job/kv_engine.ASan-UBSan/job/master/19869/ )

Undefined Sanitizer: kv_engine/engines/ep/src/vb_count_visitor.h:55:27: runtime error: 1.84467e+21 is outside the range of representable values of type "unsigned long" ( http://cv.jenkins.couchbase.com/job/kv_engine.ASan-UBSan/job/master/19869/ )

http://cv.jenkins.couchbase.com/job/kv_engine-windows-master/37351/ : FAILURE

Failure of an engine_testapp test:

<pre>
Running [0138/0157]: test MB-16421...(6 ms) SKIPPED


99% tests passed, 2 tests failed out of 402

Total Test time (real) = 873.07 sec

The following tests FAIL
</pre>
 ( http://cv.jenkins.couchbase.com/job/kv_engine-windows-master/37351/ )

Timeout of a CTest test 372/402 Test #282: ep_testsuite_xdcr.ephemeral.comp_passive ......................................................................................} ( http://cv.jenkins.couchbase.com/job/kv_engine-windows-master/37351/ )

http://cv.jenkins.couchbase.com/job/kv_engine-clang_tidy-master/10257/ : SUCCESS

http://cv.jenkins.couchbase.com/job/kv_engine-clang_analyzer-master/31858/ : SUCCESS

http://cv.jenkins.couchbase.com/job/kv_engine-clang_format_9/8859/ : SUCCESS

http://cv.jenkins.couchbase.com/job/kv_engine.linux-CE/job/master/11827/ : SUCCESS

http://cv.jenkins.couchbase.com/job/kv_engine.threadsanitizer/job/master/12303/ : SUCCESS

http://cv.jenkins.couchbase.com/job/kv_engine.linux/job/master/11977/ : SUCCESS

http://cv.jenkins.couchbase.com/job/kv_engine.macos/job/master/10909/ : SUCCESS
----------------------------------------------------------------------------------------------------------------------
Author: Richard de Mellow
Date: 2021-06-25 13:16:00.000000000
Message: 
Patch Set 2: Code-Review+2
----------------------------------------------------------------------------------------------------------------------
Author: Build Bot
Date: 2021-06-25 13:51:36.000000000
Message: 
Patch Set 2: Verified+1

Build Successful 

http://cv.jenkins.couchbase.com/job/kv_engine-clang_tidy-master/10257/ : SUCCESS

http://cv.jenkins.couchbase.com/job/kv_engine-clang_analyzer-master/31858/ : SUCCESS

http://cv.jenkins.couchbase.com/job/kv_engine-clang_format_9/8859/ : SUCCESS

http://cv.jenkins.couchbase.com/job/kv_engine.linux-CE/job/master/11827/ : SUCCESS

http://cv.jenkins.couchbase.com/job/kv_engine.threadsanitizer/job/master/12303/ : SUCCESS

http://cv.jenkins.couchbase.com/job/kv_engine.linux/job/master/11977/ : SUCCESS

http://cv.jenkins.couchbase.com/job/kv_engine.ASan-UBSan/job/master/19870/ : SUCCESS

http://cv.jenkins.couchbase.com/job/kv_engine.macos/job/master/10909/ : SUCCESS

http://cv.jenkins.couchbase.com/job/kv_engine-windows-master/37352/ : SUCCESS
----------------------------------------------------------------------------------------------------------------------
Author: Dave Rigby
Date: 2021-06-25 13:54:57.000000000
Message: 
Patch Set 2:

(1 comment)
Line:390, daemon/memcached.cc -> Note: I'm note sure you even need to explicitly call dump() here; just passing the nlohmann::json object to fmtlib's formatting should be sufficient.

----------------------------------------------------------------------------------------------------------------------
