======================================================================================================================
DESCRIPTION:

MB-38283: Stop PassiveStream repeatedly logging ENOMEM

PassiveStream would previously log each time it tried to
processMessage, quickly filling logs. Make it instead log when first
backing off, and when it resumes processing.

Change-Id: Icc73ca9429a307140882a083b2c435bc489379ed

======================================================================================================================
COMMENTS
======================================================================================================================
Author: Dave Rigby
Date: 2020-12-18 12:15:10.000000000
Message: 
Uploaded patch set 1.
----------------------------------------------------------------------------------------------------------------------
Author: Build Bot
Date: 2020-12-18 12:15:22.000000000
Message: 
Patch Set 1: Well-Formed-1

Branch restricted. PLEASE READ this URL: 

http://server.jenkins.couchbase.com/job/restricted-branch-check/215100/artifact/restricted.html : FAILURE
----------------------------------------------------------------------------------------------------------------------
Author: Build Bot
Date: 2020-12-18 12:55:39.000000000
Message: 
Patch Set 1: Verified-1

Build Failed 

http://cv.jenkins.couchbase.com/job/kv_engine-threadsanitizer-alice/345/ : FAILURE

Failure of an engine_testapp test:

<pre>
Running [0036/0154]: test access scanner (couchstore)...Expected 2600 curr_items after Wrong number of items, got 2599
(1013 ms) DIED
</pre>
 ( http://cv.jenkins.couchbase.com/job/kv_engine-threadsanitizer-alice/345/ )

http://cv.jenkins.couchbase.com/job/kv_engine-addresssanitizer-alice/229/ : FAILURE

The warnings threshold for this job was exceeded - <a href="warningsResult">1 warnings</a> found. ( http://cv.jenkins.couchbase.com/job/kv_engine-addresssanitizer-alice/229/ )

http://cv.jenkins.couchbase.com/job/kv_engine-clang_format/26231/ : SUCCESS

http://cv.jenkins.couchbase.com/job/kv_engine-linux-alice/240/ : SUCCESS

http://cv.jenkins.couchbase.com/job/kv_engine-windows-alice/291/ : SUCCESS

http://cv.jenkins.couchbase.com/job/kv_engine-undefinedsanitizer-alice/230/ : SUCCESS

http://cv.jenkins.couchbase.com/job/kv_engine-clang_analyzer-alice/217/ : SUCCESS
----------------------------------------------------------------------------------------------------------------------
Author: Build Bot
Date: 2020-12-18 13:30:37.000000000
Message: 
Patch Set 1:

Build Failed 

http://cv.jenkins.couchbase.com/job/kv_engine-addresssanitizer-alice/231/ : FAILURE

No problems were identified. If you know why this problem occurred, please add a suitable Cause for it. ( http://cv.jenkins.couchbase.com/job/kv_engine-addresssanitizer-alice/231/ )

http://cv.jenkins.couchbase.com/job/kv_engine-threadsanitizer-alice/346/ : FAILURE

The warnings threshold for this job was exceeded - <a href="warningsResult">1 warnings</a> found. ( http://cv.jenkins.couchbase.com/job/kv_engine-threadsanitizer-alice/346/ )

http://cv.jenkins.couchbase.com/job/kv_engine-clang_format/26231/ : SUCCESS

http://cv.jenkins.couchbase.com/job/kv_engine-linux-alice/240/ : SUCCESS

http://cv.jenkins.couchbase.com/job/kv_engine-windows-alice/291/ : SUCCESS

http://cv.jenkins.couchbase.com/job/kv_engine-undefinedsanitizer-alice/230/ : SUCCESS

http://cv.jenkins.couchbase.com/job/kv_engine-clang_analyzer-alice/217/ : SUCCESS
----------------------------------------------------------------------------------------------------------------------
Author: Wayne Siu
Date: 2020-12-18 19:58:54.000000000
Message: 
Patch Set 1:

check approval
----------------------------------------------------------------------------------------------------------------------
Author: Build Bot
Date: 2020-12-18 19:59:01.000000000
Message: 
Patch Set 1: Well-Formed+1

Permission granted to commit: 

http://server.jenkins.couchbase.com/job/restricted-branch-check/215151/artifact/restricted.html : SUCCESS
----------------------------------------------------------------------------------------------------------------------
Author: Build Bot
Date: 2020-12-18 23:08:57.000000000
Message: 
Patch Set 1:

Build Failed 

http://cv.jenkins.couchbase.com/job/kv_engine-addresssanitizer-alice/232/ : FAILURE

No problems were identified. If you know why this problem occurred, please add a suitable Cause for it. ( http://cv.jenkins.couchbase.com/job/kv_engine-addresssanitizer-alice/232/ )

http://cv.jenkins.couchbase.com/job/kv_engine-clang_format/26231/ : SUCCESS

http://cv.jenkins.couchbase.com/job/kv_engine-linux-alice/240/ : SUCCESS

http://cv.jenkins.couchbase.com/job/kv_engine-windows-alice/291/ : SUCCESS

http://cv.jenkins.couchbase.com/job/kv_engine-undefinedsanitizer-alice/230/ : SUCCESS

http://cv.jenkins.couchbase.com/job/kv_engine-clang_analyzer-alice/217/ : SUCCESS

http://cv.jenkins.couchbase.com/job/kv_engine-threadsanitizer-alice/347/ : SUCCESS
----------------------------------------------------------------------------------------------------------------------
Author: Build Bot
Date: 2020-12-18 23:33:57.000000000
Message: 
Patch Set 1:

Build Failed 

http://cv.jenkins.couchbase.com/job/kv_engine-addresssanitizer-alice/233/ : FAILURE

Failure of an engine_testapp test:

<pre>
Running [0015/0016]: Stat latency with 100 vbuckets. Also sets & DCP traffic on separate thread (couchstore)...Latency [Slow Stats with 100 vbuckets and background sets and DCP] - 10 items (�s)=====

                                Percentile           
                         Median     95th     99th  Std Dev  Histogram of samples

Sets and DCP (bg)        21.287   59.109  125.084   66.616  ????????????????????????????????
diskinfo-detail (x1e3)    4.352    6.257    6.257    0.624  ????????????????????????????????
engine          (x1e3)    1.499    2.524    2.524    0.345  ????????????????????????????????
kvtimings       (x1e3)   33.735   41.488   41.488    3.072  ????????????????????????????????
hash            (x1e3)   53.909   59.019   59.019    1.737  ????????????????????????????????
failovers               953.094 1768.496 1768.496  261.888  ????????????????????????????????
vb-details      (x1e3)   27.728   34.387   34.387    2.587  ????????????????????????????????
vb-seqno        (x1e3)    1.745    2.658    2.658    0.303  ????????????????????????????????
allocator                 8.906   31.540   31.540    9.359  ????????????????????????????????
checkpoint      (x1e3)    3.591    8.698    8.698    1.664  ????????????????????????????????
dispatcher              165.796  303.350  303.350   59.363  ????????????????????????????????
                                                            8              �s          59019

(2383 ms) OK
# Passed 15 of 16 tests

        Start 129: memcached_testapp.default.TransportProtocols/XattrDisabledTest
126/170 Test #128: memcached_testapp.default.TransportProtocols/XattrTest .......................   Passed    1.93 sec
        Start 130: memcached_testapp.default.TransportProtocols/SaslauthdTest
127/170 Test #129: memcached_testapp.default.TransportProtocols/XattrDisabledTest ...............   Passed    1.73 sec
        Start 131: memcached_testapp.ep.SslCertTest
128/170 Test #130: memcached_testapp.default.TransportProtocols/SaslauthdTest ...................   Passed    1.80 sec
        Start 132: memcached_testapp.ep.HelloTest
129/170 Test #131: memcached_testapp.ep.SslCertTest .............................................   Passed    1.83 sec
        Start 133: memcached_testapp.ep.ShutdownTest
130/170 Test #132: memcached_testapp.ep.HelloTest ...............................................   Passed    1.79 sec
        Start 134: memcached_testapp.ep.ssl_decode_protocol
131/170 Test #134: memcached_testapp.ep.ssl_decode_protocol .....................................   Passed    0.19 sec
        Start 135: memcached_testapp.ep.WorkerConcurrencyTest
132/170 Test #133: memcached_testapp.ep.ShutdownTest ............................................   Passed    1.78 sec
        Start 136: memcached_testapp.ep.TracingTest
133/170 Test #135: memcached_testapp.ep.WorkerConcurrencyTest ...................................   Passed    1.71 sec
        Start 137: memcached_testapp.ep.TransportProtocols/ArithmeticTest
134/170 Test #136: memcached_testapp.ep.TracingTest .............................................   Passed    1.77 sec
        Start 138: memcached_testapp.ep.TransportProtocols/ArithmeticXattrOnTest
135/170 Test #138: memcached_testapp.ep.TransportProtocols/ArithmeticXattrOnTest ................   Passed    1.93 sec
        Start 139: memcached_testapp.ep.TransportProtocols/AuditTest
136/170 Test #139: memcached_testapp.ep.TransportProtocols/AuditTest ............................   Passed    1.89 sec
        Start 140: memcached_testapp.ep.TransportProtocols/BucketTest
137/170 Test #124: memcached_testapp.default.Transport/McdTestappTest ...........................   Passed   28.46 sec
        Start 141: memcached_testapp.ep.TransportProtocols/CmdTimerTest
138/170 Test #141: memcached_testapp.ep.TransportProtocols/CmdTimerTest .........................   Passed    1.81 sec
        Start 142: memcached_testapp.ep.TransportProtocols/ClusterConfigTest
139/170 Test #137: memcached_testapp.ep.TransportProtocols/ArithmeticTest .......................   Passed   11.15 sec
        Start 143: memcached_testapp.ep.TransportProtocols/DcpTest
140/170 Test #140: memcached_testapp.ep.TransportProtocols/BucketTest ...........................   Passed    8.05 sec
        Start 144: memcached_testapp.ep.TransportProtocols/ErrmapTest
141/170 Test #143: memcached_testapp.ep.TransportProtocols/DcpTest ..............................   Passed    1.79 sec
        Start 145: memcached_testapp.ep.TransportProtocols/FlushTest
142/170 Test #144: memcached_testapp.ep.TransportProtocols/ErrmapTest ...........................   Passed    1.80 sec
        Start 146: memcached_testapp.ep.TransportProtocols/GetSetTest
143/170 Test #145: memcached_testapp.ep.TransportProtocols/FlushTest ............................   Passed    1.86 sec
        Start 147: memcached_testapp.ep.TransportProtocols/GetSetSnappyOnOffTest
144/170 Test #142: memcached_testapp.ep.TransportProtocols/ClusterConfigTest ....................   Passed    4.17 sec
        Start 148: memcached_testapp.ep.TransportProtocols/LegacyUsersTest
145/170 Test #148: memcached_testapp.ep.TransportProtocols/LegacyUsersTest ......................   Passed    1.77 sec
        Start 149: memcached_testapp.ep.TransportProtocols/LockTest
146/170 Test #147: memcached_testapp.ep.TransportProtocols/GetSetSnappyOnOffTest ................   Passed    3.00 sec
        Start 150: memcached_testapp.ep.TransportProtocols/MiscTest
147/170 Test #149: memcached_testapp.ep.TransportProtocols/LockTest .............................   Passed    1.80 sec
        Start 151: memcached_testapp.ep.TransportProtocols/NoAutoselectDefaultBucketTest
148/170 Test #150: memcached_testapp.ep.TransportProtocols/MiscTest .............................   Passed    1.78 sec
        Start 152: memcached_testapp.ep.CleanOrUnclean/PersistToTest
149/170 Test #151: memcached_testapp.ep.TransportProtocols/NoAutoselectDefaultBucketTest ........   Passed    1.78 sec
        Start 153: memcached_testapp.ep.TransportProtocols/RbacTest
150/170 Test #123: memcached_testapp.default.SDPerf/SubdocPerfTest ..............................   Passed   48.94 sec
        Start 154: memcached_testapp.ep.TransportProtocols/RbacRoleTest
151/170 Test #153: memcached_testapp.ep.TransportProtocols/RbacTest .............................   Passed    1.81 sec
        Start 155: memcached_testapp.ep.TransportProtocols/RegressionTest
152/170 Test #154: memcached_testapp.ep.TransportProtocols/RbacRoleTest .........................   Passed    1.87 sec
        Start 156: memcached_testapp.ep.TransportProtocols/RemoveTest
153/170 Test #155: memcached_testapp.ep.TransportProtocols/RegressionTest .......................   Passed    1.80 sec
        Start 157: memcached_testapp.ep.TransportProtocols/SaslTest
154/170 Test #156: memcached_testapp.ep.TransportProtocols/RemoveTest ...........................   Passed    3.03 sec
        Start 158: memcached_testapp.ep.TransportProtocols/StatsTest
155/170 Test #157: memcached_testapp.ep.TransportProtocols/SaslTest .............................   Passed    2.95 sec
        Start 159: memcached_testapp.ep.TransportProtocols/NoBucketStatsTest
156/170 Test #159: memcached_testapp.ep.TransportProtocols/NoBucketStatsTest ....................   Passed    1.78 sec
        Start 160: memcached_testapp.ep.Subdoc/SubdocTestappTest
157/170 Test #158: memcached_testapp.ep.TransportProtocols/StatsTest ............................   Passed    3.03 sec
        Start 161: memcached_testapp.ep.SDPerf/SubdocPerfTest
158/170 Test #146: memcached_testapp.ep.TransportProtocols/GetSetTest ...........................   Passed   15.14 sec
        Start 162: memcached_testapp.ep.Transport/McdTestappTest
159/170 Test #152: memcached_testapp.ep.CleanOrUnclean/PersistToTest ............................   Passed   10.78 sec
        Start 163: memcached_testapp.ep.TransportProtocols/TouchTest
160/170 Test #163: memcached_testapp.ep.TransportProtocols/TouchTest ............................   Passed    1.82 sec
        Start 164: memcached_testapp.ep.TransportProtocols/TuneMcbpSla
161/170 Test #164: memcached_testapp.ep.TransportProtocols/TuneMcbpSla ..........................   Passed    1.78 sec
        Start 165: memcached_testapp.ep.TransportProtocols/WithMetaTest
162/170 Test #165: memcached_testapp.ep.TransportProtocols/WithMetaTest .........................   Passed    1.92 sec
        Start 166: memcached_testapp.ep.TransportProtocols/XattrTest
163/170 Test #166: memcached_testapp.ep.TransportProtocols/XattrTest ............................   Passed    2.98 sec
        Start 167: memcached_testapp.ep.TransportProtocols/XattrDisabledTest
164/170 Test #160: memcached_testapp.ep.Subdoc/SubdocTestappTest ................................   Passed   10.86 sec
        Start 168: memcached_testapp.ep.TransportProtocols/SaslauthdTest
165/170 Test #167: memcached_testapp.ep.TransportProtocols/XattrDisabledTest ....................   Passed    1.77 sec
        Start 169: memcached_topkeys_test
166/170 Test #169: memcached_topkeys_test .......................................................   Passed    0.72 sec
        Start 170: tracing-test
167/170 Test #170: tracing-test .................................................................   Passed    0.08 sec
168/170 Test #168: memcached_testapp.ep.TransportProtocols/SaslauthdTest ........................   Passed    1.85 sec
169/170 Test #161: memcached_testapp.ep.SDPerf/SubdocPerfTest ...................................   Passed   54.26 sec
170/170 Test #162: memcached_testapp.ep.Transport/McdTestappTest ................................   Passed   61.55 sec

99% tests passed, 1 tests failed out of 170

Total Test time (real) = 455.57 sec

The following tests FAIL
</pre>
 ( http://cv.jenkins.couchbase.com/job/kv_engine-addresssanitizer-alice/233/ )

http://cv.jenkins.couchbase.com/job/kv_engine-clang_format/26231/ : SUCCESS

http://cv.jenkins.couchbase.com/job/kv_engine-linux-alice/240/ : SUCCESS

http://cv.jenkins.couchbase.com/job/kv_engine-windows-alice/291/ : SUCCESS

http://cv.jenkins.couchbase.com/job/kv_engine-undefinedsanitizer-alice/230/ : SUCCESS

http://cv.jenkins.couchbase.com/job/kv_engine-clang_analyzer-alice/217/ : SUCCESS

http://cv.jenkins.couchbase.com/job/kv_engine-threadsanitizer-alice/347/ : SUCCESS
----------------------------------------------------------------------------------------------------------------------
Author: Paolo Cocchi
Date: 2020-12-22 07:59:00.000000000
Message: 
Abandoned

As seen on mad-hatter (http://review.couchbase.org/c/kv_engine/+/124383), this changes introduces another issue (MB-41024).
----------------------------------------------------------------------------------------------------------------------
Author: Paolo Cocchi
Date: 2020-12-22 08:02:00.000000000
Message: 
Restored
----------------------------------------------------------------------------------------------------------------------
Author: Paolo Cocchi
Date: 2020-12-22 08:02:41.000000000
Message: 
Patch Set 1:

Restored as MB-41024 seems to involve only SyncRepl, not present in alice.
----------------------------------------------------------------------------------------------------------------------
Author: Paolo Cocchi
Date: 2020-12-22 08:39:58.000000000
Message: 
Patch Set 1: Code-Review+2

> Patch Set 1:
> 
> Restored as MB-41024 seems to involve only SyncRepl, not present in alice.

This patch is good. Regardless of SyncRepl, with this patch PassiveStream::handleSnapshotEnd() is called only if mutation/deletion has been successfully processed (ie, not buffered).
----------------------------------------------------------------------------------------------------------------------
Author: Paolo Cocchi
Date: 2020-12-22 08:45:48.000000000
Message: 
Patch Set 1:

Seems like some CV results didn't get updated.

Gerrit shows a failure at kv_engine-undefinedsanitizer-alice, but that has actually succeeded at http://cv.jenkins.couchbase.com/job/kv_engine-undefinedsanitizer-alice/230/console.

The only failure is http://cv.jenkins.couchbase.com/job/kv_engine-addresssanitizer-alice/233/, re-launched, currently running.
----------------------------------------------------------------------------------------------------------------------
Author: Paolo Cocchi
Date: 2020-12-22 08:55:41.000000000
Message: 
Patch Set 1: Verified+1

> Patch Set 1:
> 
> Seems like some CV results didn't get updated.
> 
> Gerrit shows a failure at kv_engine-undefinedsanitizer-alice, but that has actually succeeded at http://cv.jenkins.couchbase.com/job/kv_engine-undefinedsanitizer-alice/230/console.
> 
> The only failure is http://cv.jenkins.couchbase.com/job/kv_engine-addresssanitizer-alice/233/, re-launched, currently running.

Both the old http://cv.jenkins.couchbase.com/job/kv_engine-addresssanitizer-alice/233/console and the new http://cv.jenkins.couchbase.com/job/kv_engine-addresssanitizer-alice/240/console fail with random 

00:32:19 Tracer caught signal 11: addr=0x0 pc=0x7f1a6c8ef640 sp=0x7f1a60d13d20
00:32:19 ==3527==LeakSanitizer has encountered a fatal error.
00:32:19 ==3527==HINT: For debugging, try setting environment variable LSAN_OPTIONS=verbosity=1:log_threads=1
00:32:19 ==3527==HINT: LeakSanitizer does not work under ptrace (strace, gdb, etc)
00:32:19 (1988 ms) UNKNOWN

.. each time on different tests.
Already seen at http://review.couchbase.org/c/kv_engine/+/142503 that the failure happens even on an empty patch.

Overriding CV+1.
----------------------------------------------------------------------------------------------------------------------
Author: Paolo Cocchi
Date: 2020-12-22 08:55:44.000000000
Message: 
Removed Verified-1 by Build Bot <build@couchbase.com>

----------------------------------------------------------------------------------------------------------------------
