======================================================================================================================
DESCRIPTION:

MB-40493: Enforce compression when Value::NoWithUnderlyingDatatype

Currently we enforce passive compression based on the datatype of the
final value (after original item has been possibly uncompressed for
making any modification).
But, IncludeValue::NoWithUnderlyingDatatype may restore the Snappy
datatype before we check if passive compression is required, so we may
miss to re-compress the value that is actually streamed over the
network.

Note that the issue affects the Xattr chunk only. Ie, if we have an
item with Body+Xattr, then IncludeValue::NoWithUnderlyingDatatype will
remove the Body and we will end up with an uncompressed Xattr chunk.
Note also that the max size of Xattrs is 1MB (over the Body size).

Change-Id: I3b8d6f851365fd8095f08792a5cfb111afc15abe

======================================================================================================================
COMMENTS
======================================================================================================================
Author: Paolo Cocchi
Date: 2020-09-25 11:26:48.000000000
Message: 
Uploaded patch set 9.
----------------------------------------------------------------------------------------------------------------------
Author: Build Bot
Date: 2020-09-25 11:26:59.000000000
Message: 
Patch Set 9: Well-Formed+1

Permission granted to commit: 

http://server.jenkins.couchbase.com/job/restricted-branch-check/202274/artifact/restricted.html : SUCCESS
----------------------------------------------------------------------------------------------------------------------
Author: Build Bot
Date: 2020-09-25 11:44:39.000000000
Message: 
Patch Set 9: Verified-1

Build Failed 

http://cv.jenkins.couchbase.com/job/kv_engine.linux/job/mad-hatter/1593/ : FAILURE

Failure of an engine_testapp test:

<pre>
Running [0096/0097]: test MB-34664 (couchstore)...(18 ms) OK
[2020-09-25T11:36:58.373Z] # Passed 96 of 97 tests
[2020-09-25T11:36:58.373Z] 
[2020-09-25T11:36:58.629Z] 185/187 Test  #42: ep_testsuite_dcp.full_eviction.comp_passive ..................................   Passed   55.83 sec
[2020-09-25T11:36:58.629Z] 186/187 Test  #40: ep_testsuite_dcp.value_eviction.comp_passive .................................   Passed   55.83 sec
[2020-09-25T11:36:58.629Z] 187/187 Test  #43: ep_testsuite_dcp.full_eviction.comp_active ...................................   Passed   55.93 sec
[2020-09-25T11:36:58.629Z] 
[2020-09-25T11:36:58.629Z] 99% tests passed, 1 tests failed out of 187
[2020-09-25T11:36:58.629Z] 
[2020-09-25T11:36:58.629Z] Total Test time (real) =  55.95 sec
[2020-09-25T11:36:58.629Z] 
[2020-09-25T11:36:58.629Z] The following tests FAIL
</pre>
 ( http://cv.jenkins.couchbase.com/job/kv_engine.linux/job/mad-hatter/1593/ )

Failure of a CTest test [2020-09-25T11:36:58.373Z] 184/187 Test  #41: ep_testsuite_dcp.value_eviction.comp_active .................................. ( http://cv.jenkins.couchbase.com/job/kv_engine.linux/job/mad-hatter/1593/ )

http://cv.jenkins.couchbase.com/job/kv_engine-windows-madhatter/1640/ : SUCCESS

http://cv.jenkins.couchbase.com/job/kv_engine-clang_format/26050/ : SUCCESS

http://cv.jenkins.couchbase.com/job/kv_engine-clang_analyzer-mad-hatter/1461/ : SUCCESS

http://cv.jenkins.couchbase.com/job/kv_engine.macos/job/mad-hatter/943/ : SUCCESS

http://cv.jenkins.couchbase.com/job/kv_engine.threadsanitizer/job/mad-hatter/1382/ : SUCCESS

http://cv.jenkins.couchbase.com/job/kv_engine.ASan-UBSan/job/mad-hatter/1580/ : SUCCESS

http://cv.jenkins.couchbase.com/job/kv_engine.linux-CE/job/mad-hatter/1603/ : SUCCESS
----------------------------------------------------------------------------------------------------------------------
Author: Build Bot
Date: 2020-09-25 11:55:31.000000000
Message: 
Patch Set 9: Verified+1

Build Successful 

http://cv.jenkins.couchbase.com/job/kv_engine-windows-madhatter/1640/ : SUCCESS

http://cv.jenkins.couchbase.com/job/kv_engine-clang_format/26050/ : SUCCESS

http://cv.jenkins.couchbase.com/job/kv_engine-clang_analyzer-mad-hatter/1461/ : SUCCESS

http://cv.jenkins.couchbase.com/job/kv_engine.macos/job/mad-hatter/943/ : SUCCESS

http://cv.jenkins.couchbase.com/job/kv_engine.threadsanitizer/job/mad-hatter/1382/ : SUCCESS

http://cv.jenkins.couchbase.com/job/kv_engine.ASan-UBSan/job/mad-hatter/1580/ : SUCCESS

http://cv.jenkins.couchbase.com/job/kv_engine.linux-CE/job/mad-hatter/1603/ : SUCCESS

http://cv.jenkins.couchbase.com/job/kv_engine.linux/job/mad-hatter/1594/ : SUCCESS
----------------------------------------------------------------------------------------------------------------------
Author: Jim Walker
Date: 2020-09-28 10:57:01.000000000
Message: 
Patch Set 9: Code-Review-1

(2 comments)
Line:261, engines/ep/src/item.cc -> I know  this was my orginal idea ðŸ˜ž but re-reading don't think we should add an Expects to maintenance release - especially when we're unsure if the case could happen.

Ideas as mentioned on slack.

1) Return if the conditions aren't right - if (force && getNBytes == 0 && !xattr) { return}
or
2) Do nothing - allow force regardless of getNBytes and datatype - but we need a test case(s) in item_test.cc

For 1 and 2 we should have tests in item_test.cc and makes sure that the item post compressValue is in a sensible state.

Line:162, engines/ep/src/item.h -> Make clear that force doesn't over-ride when forceIfLarger = false - e.g.

forceIfLarger = false, force = true

May result in no change to the Item if the compressed size is larger

----------------------------------------------------------------------------------------------------------------------
Author: Paolo Cocchi
Date: 2020-09-28 11:05:27.000000000
Message: 
Patch Set 9:

(1 comment)
Line:261, engines/ep/src/item.cc -> (2) seems fine to me:
 - if (getNBytes == 0), then compression::deflate will return false and the func will return false at line 281
 - else, if force==true and datatype is already Snappy we may compress twice - not a problem from the PoV of this function - surely a problem but something that we already avoid from ActiveStream

Reviewing test coverage

----------------------------------------------------------------------------------------------------------------------
Author: Paolo Cocchi
Date: 2020-09-28 13:52:31.000000000
MISMATCHED INLINE COMMENT
Line:162, engines/ep/src/item.h -> Done
----------------------------------------------------------------------------------------------------------------------
