======================================================================================================================
DESCRIPTION:

MB-51805: Set PassiveStream::cur_snapshot_prepare on new stream

We use the cur_snapshot_prepare member to determine if we should
notify the PDM of any Memory snapshots. It is set when we see a
prepare in any snapshot. Consider the following snapshot:

[1:Prepare(A), 2:Mutation(B)] Type = Memory

And the following sequence of events:

1) SnapshotMarker (1-2) Type = Memory
2) Prepare (1)
3) Prepare (1) persisted
4) Node restarts
5) Stream reconnects
6) SnapshotMarker (1-2) Type = Memory
7) Mutation (2)

In normal operation the PDM is notified when we received the item at the
snapshot end (i.e. Mutation (2) at step 7). In this case, as the node
has been restarted, the information that the snapshot contains a prepare
is lost (cur_snapshot_prepare is not set until the stream sees a
prepare.

To solve this, we can fix the cur_snapshot_prepare state on
PassiveStream acceptance. The PDM already avoids acking back the same
seqno, so notifying an extra snapshot shouldn't matter, and even if we
did ack back the same seqno, the ADM should already deal with weakly
monotonic acks as we ack back the HPS on stream connection.

Change-Id: Ibc298db0cfad0c3d61f3fa7aeb72a79f1c092be3

======================================================================================================================
COMMENTS
======================================================================================================================
Author: Ben Huddleston
Date: 2022-05-13 11:06:02.000000000
Message: 
Uploaded patch set 8.
----------------------------------------------------------------------------------------------------------------------
Author: Restriction Checker
Date: 2022-05-13 11:06:11.000000000
Message: 
Patch Set 8: Well-Formed+1

Permission granted to commit: 

http://server.jenkins.couchbase.com/job/restricted-branch-check/298575/artifact/restricted.html : SUCCESS
----------------------------------------------------------------------------------------------------------------------
Author: Build Bot
Date: 2022-05-13 11:47:29.000000000
Message: 
Patch Set 8: Verified-1

Build Failed 

http://cv.jenkins.couchbase.com/job/kv_engine-windows-neo/260/ : FAILURE

Timeout of a CTest test 423/423 Test #190: ep-engine_ep_unit_tests.PersistentAndEphemeral/DcpStreamSyncReplTest ..........................................................} ( http://cv.jenkins.couchbase.com/job/kv_engine-windows-neo/260/ )

http://cv.jenkins.couchbase.com/job/kv_engine.macos/job/neo/253/ : FAILURE

Failure of an engine_testapp test:

<pre>
Running [42/159]: file stats post warmup...../kv_engine/engines/ep/tests/ep_testsuite.cc:2327 Test failed: `" (Expected `287539" to be less than or equal to `278528" - Unexpected fileSize for vbucket)
[2022-05-13T11:18:43.000Z] (320 ms) FAIL
</pre>
 ( http://cv.jenkins.couchbase.com/job/kv_engine.macos/job/neo/253/ )

Failure of GoogleTest "ExecutorPoolTest/0.ScheduleCancelx2":

<pre>
[ RUN      ] ExecutorPoolTest/0.ScheduleCancelx2
[2022-05-13T11:28:48.358Z] ../kv_engine/engines/ep/tests/module_tests/executorpool_test.cc:732: Failure
[2022-05-13T11:28:48.358Z] Value of: this->pool->cancel(taskId, false)
[2022-05-13T11:28:48.359Z]   Actual: false
[2022-05-13T11:28:48.359Z] Expected: true
[2022-05-13T11:28:48.359Z] [  FAILED  ] ExecutorPoolTest/0.ScheduleCancelx2, where TypeParam = TestExecutorPool (1 ms)
ExecutorPoolTest/0.ScheduleCancelx2
</pre>
 ( http://cv.jenkins.couchbase.com/job/kv_engine.macos/job/neo/253/ )

Timeout of a CTest test [2022-05-13T11:47:20.928Z] 443/443 Test #441: cluster_test ................................................................................................} ( http://cv.jenkins.couchbase.com/job/kv_engine.macos/job/neo/253/ )

http://cv.jenkins.couchbase.com/job/kv_engine-clang_tidy-neo/187/ : SUCCESS

http://cv.jenkins.couchbase.com/job/kv_engine-clang_format_9/16496/ : SUCCESS

http://cv.jenkins.couchbase.com/job/kv_engine-clang_analyzer-neo/184/ : SUCCESS

http://cv.jenkins.couchbase.com/job/kv_engine.libFuzzer/job/neo/186/ : SUCCESS

http://cv.jenkins.couchbase.com/job/kv_engine.threadsanitizer/job/neo/190/ : SUCCESS

http://cv.jenkins.couchbase.com/job/kv_engine.linux/job/neo/194/ : SUCCESS

http://cv.jenkins.couchbase.com/job/kv_engine.ASan-UBSan/job/neo/191/ : SUCCESS

http://cv.jenkins.couchbase.com/job/kv_engine.aarch64-linux/job/neo/180/ : SUCCESS

http://cv.jenkins.couchbase.com/job/kv_engine.linux-CE/job/neo/198/ : SUCCESS
----------------------------------------------------------------------------------------------------------------------
Author: Paolo Cocchi
Date: 2022-05-13 13:00:07.000000000
Message: 
Patch Set 8: Code-Review+2
----------------------------------------------------------------------------------------------------------------------
Author: Build Bot
Date: 2022-05-13 13:34:14.000000000
Message: 
Patch Set 8:

Build Failed 

http://cv.jenkins.couchbase.com/job/kv_engine-windows-neo/261/ : FAILURE

Failure of an engine_testapp test:

<pre>
Running [69/159]: test kill -9 bucket...(209 ms) OK


99% tests passed, 1 tests failed out of 423

Total Test time (real) = 699.94 sec

The following tests FAIL
</pre>
 ( http://cv.jenkins.couchbase.com/job/kv_engine-windows-neo/261/ )

Timeout of a CTest test 423/423 Test #273: ep_testsuite.value_eviction.comp_active .......................................................................................} ( http://cv.jenkins.couchbase.com/job/kv_engine-windows-neo/261/ )

http://cv.jenkins.couchbase.com/job/kv_engine.macos/job/neo/255/ : FAILURE

Failure of an engine_testapp test:

<pre>
Running [42/159]: file stats post warmup...../kv_engine/engines/ep/tests/ep_testsuite.cc:2327 Test failed: `" (Expected `250675" to be less than or equal to `245760" - Unexpected fileSize for vbucket)
[2022-05-13T13:08:55.362Z] (219 ms) FAIL
</pre>
 ( http://cv.jenkins.couchbase.com/job/kv_engine.macos/job/neo/255/ )

Timeout of a CTest test [2022-05-13T13:34:06.471Z] 443/443 Test #441: cluster_test ................................................................................................} ( http://cv.jenkins.couchbase.com/job/kv_engine.macos/job/neo/255/ )

http://cv.jenkins.couchbase.com/job/kv_engine-clang_tidy-neo/187/ : SUCCESS

http://cv.jenkins.couchbase.com/job/kv_engine-clang_format_9/16496/ : SUCCESS

http://cv.jenkins.couchbase.com/job/kv_engine-clang_analyzer-neo/184/ : SUCCESS

http://cv.jenkins.couchbase.com/job/kv_engine.libFuzzer/job/neo/186/ : SUCCESS

http://cv.jenkins.couchbase.com/job/kv_engine.threadsanitizer/job/neo/190/ : SUCCESS

http://cv.jenkins.couchbase.com/job/kv_engine.linux/job/neo/194/ : SUCCESS

http://cv.jenkins.couchbase.com/job/kv_engine.ASan-UBSan/job/neo/191/ : SUCCESS

http://cv.jenkins.couchbase.com/job/kv_engine.aarch64-linux/job/neo/180/ : SUCCESS

http://cv.jenkins.couchbase.com/job/kv_engine.linux-CE/job/neo/198/ : SUCCESS
----------------------------------------------------------------------------------------------------------------------
Author: Build Bot
Date: 2022-05-13 14:26:02.000000000
Message: 
Patch Set 8:

Build Failed 

http://cv.jenkins.couchbase.com/job/kv_engine-windows-neo/262/ : FAILURE

Failure of GoogleTest "AllBucketTypes/ActiveDurabilityMonitorPersistentTest.SeqnoAckReceived_PersistToMajority/persistent_couchstore_full_eviction":

<pre>
[ RUN      ] AllBucketTypes/ActiveDurabilityMonitorPersistentTest.SeqnoAckReceived_PersistToMajority/persistent_couchstore_full_eviction
..\kv_engine\engines\ep\tests\module_tests\evp_store_single_threaded_test.cc(174): error: Expected equality of these values:
  MoreAvailable::No
    Which is: 1-byte object <00>
  res.moreAvailable
    Which is: 1-byte object <01>
[  FAILED  ] AllBucketTypes/ActiveDurabilityMonitorPersistentTest.SeqnoAckReceived_PersistToMajority/persistent_couchstore_full_eviction, where GetParam() = "bucket_type=persistent:backend=couchstore:item_eviction_policy=full_eviction" (14 ms)
AllBucketTypes/ActiveDurabilityMonitorPersistentTest.SeqnoAckReceived_PersistToMajority/persistent_couchstore_full_eviction
</pre>
 ( http://cv.jenkins.couchbase.com/job/kv_engine-windows-neo/262/ )

http://cv.jenkins.couchbase.com/job/kv_engine.macos/job/neo/256/ : FAILURE

Failure of an engine_testapp test:

<pre>
Running [42/159]: file stats post warmup...../kv_engine/engines/ep/tests/ep_testsuite.cc:2327 Test failed: `" (Expected `383386" to be less than or equal to `360448" - Unexpected fileSize for vbucket)
[2022-05-13T14:00:46.062Z] (247 ms) FAIL
</pre>
 ( http://cv.jenkins.couchbase.com/job/kv_engine.macos/job/neo/256/ )

Timeout of a CTest test [2022-05-13T14:25:54.992Z] 443/443 Test #441: cluster_test ................................................................................................} ( http://cv.jenkins.couchbase.com/job/kv_engine.macos/job/neo/256/ )

http://cv.jenkins.couchbase.com/job/kv_engine-clang_tidy-neo/187/ : SUCCESS

http://cv.jenkins.couchbase.com/job/kv_engine-clang_format_9/16496/ : SUCCESS

http://cv.jenkins.couchbase.com/job/kv_engine-clang_analyzer-neo/184/ : SUCCESS

http://cv.jenkins.couchbase.com/job/kv_engine.libFuzzer/job/neo/186/ : SUCCESS

http://cv.jenkins.couchbase.com/job/kv_engine.threadsanitizer/job/neo/190/ : SUCCESS

http://cv.jenkins.couchbase.com/job/kv_engine.linux/job/neo/194/ : SUCCESS

http://cv.jenkins.couchbase.com/job/kv_engine.ASan-UBSan/job/neo/191/ : SUCCESS

http://cv.jenkins.couchbase.com/job/kv_engine.aarch64-linux/job/neo/180/ : SUCCESS

http://cv.jenkins.couchbase.com/job/kv_engine.linux-CE/job/neo/198/ : SUCCESS
----------------------------------------------------------------------------------------------------------------------
Author: Build Bot
Date: 2022-05-13 15:03:29.000000000
Message: 
Patch Set 8:

Build Failed 

http://cv.jenkins.couchbase.com/job/kv_engine-windows-neo/263/ : FAILURE

Failure of an engine_testapp test:

<pre>
Running [102/159]: test multiple vb compactions...W0513 07:56:02.900393 144436 HazptrDomain.h:670] Using the default inline executor for asynchronous reclamation may be susceptible to deadlock if the current thread happens to hold a resource needed by the deleter of a reclaimable object


99% tests passed, 3 tests failed out of 423

Total Test time (real) = 683.40 sec

The following tests FAIL
</pre>
 ( http://cv.jenkins.couchbase.com/job/kv_engine-windows-neo/263/ )

Timeout of a CTest test 421/423 Test #290: ep_testsuite_dcp.full_eviction.comp_passive ...................................................................................} ( http://cv.jenkins.couchbase.com/job/kv_engine-windows-neo/263/ )

http://cv.jenkins.couchbase.com/job/kv_engine.macos/job/neo/257/ : FAILURE

Failure of an engine_testapp test:

<pre>
Running [42/159]: file stats post warmup...../kv_engine/engines/ep/tests/ep_testsuite.cc:2327 Test failed: `" (Expected `398131" to be less than or equal to `385024" - Unexpected fileSize for vbucket)
[2022-05-13T14:51:37.237Z] (247 ms) FAIL
</pre>
 ( http://cv.jenkins.couchbase.com/job/kv_engine.macos/job/neo/257/ )

http://cv.jenkins.couchbase.com/job/kv_engine-clang_tidy-neo/187/ : SUCCESS

http://cv.jenkins.couchbase.com/job/kv_engine-clang_format_9/16496/ : SUCCESS

http://cv.jenkins.couchbase.com/job/kv_engine-clang_analyzer-neo/184/ : SUCCESS

http://cv.jenkins.couchbase.com/job/kv_engine.libFuzzer/job/neo/186/ : SUCCESS

http://cv.jenkins.couchbase.com/job/kv_engine.threadsanitizer/job/neo/190/ : SUCCESS

http://cv.jenkins.couchbase.com/job/kv_engine.linux/job/neo/194/ : SUCCESS

http://cv.jenkins.couchbase.com/job/kv_engine.ASan-UBSan/job/neo/191/ : SUCCESS

http://cv.jenkins.couchbase.com/job/kv_engine.aarch64-linux/job/neo/180/ : SUCCESS

http://cv.jenkins.couchbase.com/job/kv_engine.linux-CE/job/neo/198/ : SUCCESS
----------------------------------------------------------------------------------------------------------------------
Author: Build Bot
Date: 2022-05-13 15:28:33.000000000
Message: 
Patch Set 8:

Build Failed 

http://cv.jenkins.couchbase.com/job/kv_engine.macos/job/neo/261/ : FAILURE

No problems were identified. If you know why this problem occurred, please add a suitable Cause for it. ( http://cv.jenkins.couchbase.com/job/kv_engine.macos/job/neo/261/ )

http://cv.jenkins.couchbase.com/job/kv_engine-clang_tidy-neo/187/ : SUCCESS

http://cv.jenkins.couchbase.com/job/kv_engine-clang_format_9/16496/ : SUCCESS

http://cv.jenkins.couchbase.com/job/kv_engine-clang_analyzer-neo/184/ : SUCCESS

http://cv.jenkins.couchbase.com/job/kv_engine.libFuzzer/job/neo/186/ : SUCCESS

http://cv.jenkins.couchbase.com/job/kv_engine.threadsanitizer/job/neo/190/ : SUCCESS

http://cv.jenkins.couchbase.com/job/kv_engine.linux/job/neo/194/ : SUCCESS

http://cv.jenkins.couchbase.com/job/kv_engine.ASan-UBSan/job/neo/191/ : SUCCESS

http://cv.jenkins.couchbase.com/job/kv_engine.aarch64-linux/job/neo/180/ : SUCCESS

http://cv.jenkins.couchbase.com/job/kv_engine.linux-CE/job/neo/198/ : SUCCESS

http://cv.jenkins.couchbase.com/job/kv_engine-windows-neo/267/ : SUCCESS
----------------------------------------------------------------------------------------------------------------------
Author: Ben Huddleston
Date: 2022-05-13 15:42:06.000000000
Message: 
Patch Set 8: Verified+1

(1 comment)
File Comment: /PATCHSET_LEVEL -> Failures are in unrelated tests
----------------------------------------------------------------------------------------------------------------------
Author: Ben Huddleston
Date: 2022-05-13 15:42:08.000000000
Message: 
Removed Verified-1 by <GERRIT_ACCOUNT_1000011>

----------------------------------------------------------------------------------------------------------------------
Author: Ben Huddleston
Date: 2022-05-13 15:42:59.000000000
Message: 
Patch Set 8:

(1 comment)
----------------------------------------------------------------------------------------------------------------------
