======================================================================================================================
DESCRIPTION:

MB-55600: Fix magma getRange issue

Change-Id: Ia7ff5e650f7781fc566210dd31fd25af24a0f8d2

======================================================================================================================
COMMENTS
======================================================================================================================
Author: Jim Walker
Date: 2023-02-16 22:01:25.000000000
Message: 
Uploaded patch set 1.
----------------------------------------------------------------------------------------------------------------------
Author: Restriction Checker
Date: 2023-02-16 22:01:40.000000000
Message: 
Patch Set 1: Well-Formed+1

Permission granted to commit: 

https://server.jenkins.couchbase.com/job/restricted-branch-check/338435/artifact/restricted.html : SUCCESS
----------------------------------------------------------------------------------------------------------------------
Author: Build Bot
Date: 2023-02-16 22:52:01.000000000
Message: 
Patch Set 1: Verified-1

Build Failed 

https://cv.jenkins.couchbase.com/job/kv_engine-windows-neo/1416/ : FAILURE

Failure of an engine_testapp test:

<pre>
Running [107/160]: test sync vbucket destroy (multitable)...(120 ms) OK


99% tests passed, 4 tests failed out of 433

Total Test time (real) = 696.26 sec

The following tests FAIL
</pre>
 ( https://cv.jenkins.couchbase.com/job/kv_engine-windows-neo/1416/ )

Timeout of a CTest test 430/433 Test #290: ep_testsuite_basic.value_eviction.comp_passive ................................................................................} ( https://cv.jenkins.couchbase.com/job/kv_engine-windows-neo/1416/ )

https://cv.jenkins.couchbase.com/job/kv_engine.threadsanitizer/job/neo/1204/ : FAILURE

Timeout of a CTest test [2023-02-16T22:32:40.072Z]  29/427 Test #226: ep-engine_ep_unit_tests.Persistent/STParamPersistentBucketTest ..............................................} ( https://cv.jenkins.couchbase.com/job/kv_engine.threadsanitizer/job/neo/1204/ )

https://cv.jenkins.couchbase.com/job/kv_engine.ASan-UBSan/job/neo/1197/ : FAILURE

Timeout of a CTest test [2023-02-16T22:39:34.032Z] 425/435 Test #231: ep-engine_ep_unit_tests.Persistent/STParamPersistentBucketTest ..............................................} ( https://cv.jenkins.couchbase.com/job/kv_engine.ASan-UBSan/job/neo/1197/ )

https://cv.jenkins.couchbase.com/job/kv_engine.macos/job/neo/1535/ : FAILURE

No problems were identified. If you know why this problem occurred, please add a suitable Cause for it. ( https://cv.jenkins.couchbase.com/job/kv_engine.macos/job/neo/1535/ )

https://cv.jenkins.couchbase.com/job/kv_engine.aarch64-linux/job/neo/1208/ : FAILURE

Timeout of a CTest test [2023-02-16T22:28:45.814Z] 261/454 Test #232: ep-engine_ep_unit_tests.Persistent/STParamPersistentBucketTest ..............................................} ( https://cv.jenkins.couchbase.com/job/kv_engine.aarch64-linux/job/neo/1208/ )

https://cv.jenkins.couchbase.com/job/kv_engine.linux/job/neo/1196/ : FAILURE

One of more core files found at the end of the build. Data for post-mortem saved to archived_core_dumps.tar.bz2 under "Build Artifacts". ( https://cv.jenkins.couchbase.com/job/kv_engine.linux/job/neo/1196/ )

Test exceeded the timeout:
[2023-02-16T22:26:15.051Z] /usr/bin/timeout: the monitored command dumped core ( https://cv.jenkins.couchbase.com/job/kv_engine.linux/job/neo/1196/ )

Timeout of a CTest test [2023-02-16T22:28:39.868Z] 453/453 Test #232: ep-engine_ep_unit_tests.Persistent/STParamPersistentBucketTest ..............................................} ( https://cv.jenkins.couchbase.com/job/kv_engine.linux/job/neo/1196/ )

https://cv.jenkins.couchbase.com/job/kv_engine-clang_tidy-neo/1179/ : SUCCESS

https://cv.jenkins.couchbase.com/job/kv_engine-clang_analyzer-neo/1141/ : SUCCESS

https://cv.jenkins.couchbase.com/job/kv_engine-clang_format_9/22777/ : SUCCESS

https://cv.jenkins.couchbase.com/job/kv_engine.linux-CE/job/neo/1206/ : SUCCESS

https://cv.jenkins.couchbase.com/job/kv_engine.libFuzzer/job/neo/1170/ : SUCCESS
----------------------------------------------------------------------------------------------------------------------
Author: Build Bot
Date: 2023-02-17 11:00:46.000000000
Message: 
Patch Set 1: Verified-1

Build Failed 

https://cv.jenkins.couchbase.com/job/kv_engine.macos/job/neo/1545/ : FAILURE

Timeout of a CTest test [2023-02-17T10:41:48.953Z] 453/453 Test #232: ep-engine_ep_unit_tests.Persistent/STParamPersistentBucketTest ..............................................} ( https://cv.jenkins.couchbase.com/job/kv_engine.macos/job/neo/1545/ )

https://cv.jenkins.couchbase.com/job/kv_engine-windows-neo/1428/ : FAILURE

Timeout of a CTest test 433/433 Test #226: ep-engine_ep_unit_tests.Persistent/STParamPersistentBucketTest ................................................................} ( https://cv.jenkins.couchbase.com/job/kv_engine-windows-neo/1428/ )

https://cv.jenkins.couchbase.com/job/kv_engine.threadsanitizer/job/neo/1213/ : FAILURE

Timeout of a CTest test [2023-02-17T10:48:06.237Z] 272/427 Test #226: ep-engine_ep_unit_tests.Persistent/STParamPersistentBucketTest ..............................................} ( https://cv.jenkins.couchbase.com/job/kv_engine.threadsanitizer/job/neo/1213/ )

https://cv.jenkins.couchbase.com/job/kv_engine.ASan-UBSan/job/neo/1207/ : FAILURE

Timeout of a CTest test [2023-02-17T10:42:48.907Z]  10/435 Test #231: ep-engine_ep_unit_tests.Persistent/STParamPersistentBucketTest ..............................................} ( https://cv.jenkins.couchbase.com/job/kv_engine.ASan-UBSan/job/neo/1207/ )

https://cv.jenkins.couchbase.com/job/kv_engine.aarch64-linux/job/neo/1217/ : FAILURE

Timeout of a CTest test [2023-02-17T10:39:23.893Z] 406/454 Test #232: ep-engine_ep_unit_tests.Persistent/STParamPersistentBucketTest ..............................................} ( https://cv.jenkins.couchbase.com/job/kv_engine.aarch64-linux/job/neo/1217/ )

https://cv.jenkins.couchbase.com/job/kv_engine.linux/job/neo/1205/ : FAILURE

Timeout of a CTest test [2023-02-17T10:38:05.049Z] 453/453 Test #232: ep-engine_ep_unit_tests.Persistent/STParamPersistentBucketTest ..............................................} ( https://cv.jenkins.couchbase.com/job/kv_engine.linux/job/neo/1205/ )

https://cv.jenkins.couchbase.com/job/kv_engine-clang_tidy-neo/1188/ : SUCCESS

https://cv.jenkins.couchbase.com/job/kv_engine-clang_analyzer-neo/1150/ : SUCCESS

https://cv.jenkins.couchbase.com/job/kv_engine-clang_format_9/22798/ : SUCCESS

https://cv.jenkins.couchbase.com/job/kv_engine.linux-CE/job/neo/1215/ : SUCCESS

https://cv.jenkins.couchbase.com/job/kv_engine.libFuzzer/job/neo/1179/ : SUCCESS
----------------------------------------------------------------------------------------------------------------------
