======================================================================================================================
DESCRIPTION:

Hmm testsuite test

Change-Id: I8893472bf97131318e646456467f5ea0a8e9fee6

======================================================================================================================
COMMENTS
======================================================================================================================
Author: Jim Walker
Date: 2023-02-01 15:27:41.000000000
Message: 
Patch Set 2: Patch Set 1 was rebased
----------------------------------------------------------------------------------------------------------------------
Author: Restriction Checker
Date: 2023-02-01 15:27:50.000000000
Message: 
Patch Set 2: Well-Formed-1

Branch restricted. PLEASE READ this URL: 

https://server.jenkins.couchbase.com/job/restricted-branch-check/335646/artifact/restricted.html : FAILURE
----------------------------------------------------------------------------------------------------------------------
Author: Build Bot
Date: 2023-02-01 16:16:12.000000000
Message: 
Patch Set 2: Verified-1

Build Failed 

https://cv.jenkins.couchbase.com/job/kv_engine-windows-neo/1206/ : FAILURE

Failure of an engine_testapp test:

<pre>
Running [47/48]: test store_with_history...W0201 07:43:21.913585 72084 HazptrDomain.h:670] Using the default inline executor for asynchronous reclamation may be susceptible to deadlock if the current thread happens to hold a resource needed by the deleter of a reclaimable object

428/430 Test #390: memcached_testapp.ep.SDPerf/SubdocPerfTest ....................................................................................   Passed   24.96 sec
429/430 Test #425: memcached_testapp.ep.TransportProtocols/AuditTest .............................................................................   Passed   16.08 sec
430/430 Test #294: ep_testsuite_basic.full_eviction.magma ........................................................................................   Passed  231.58 sec

99% tests passed, 1 tests failed out of 430

Total Test time (real) = 419.80 sec

The following tests FAIL
</pre>
 ( https://cv.jenkins.couchbase.com/job/kv_engine-windows-neo/1206/ )

Timeout of a CTest test 427/430 Test #293: ep_testsuite_basic.value_eviction.magma .......................................................................................} ( https://cv.jenkins.couchbase.com/job/kv_engine-windows-neo/1206/ )

https://cv.jenkins.couchbase.com/job/kv_engine.macos/job/neo/1324/ : FAILURE

No problems were identified. If you know why this problem occurred, please add a suitable Cause for it. ( https://cv.jenkins.couchbase.com/job/kv_engine.macos/job/neo/1324/ )

https://cv.jenkins.couchbase.com/job/kv_engine.ASan-UBSan/job/neo/1020/ : FAILURE

One of more core files found at the end of the build. Data for post-mortem saved to archived_core_dumps.tar.bz2 under "Build Artifacts". ( https://cv.jenkins.couchbase.com/job/kv_engine.ASan-UBSan/job/neo/1020/ )

Test exceeded the timeout:
[2023-02-01T15:57:36.865Z] Running [47/48]: test store_with_history.../usr/bin/timeout: the monitored command dumped core ( https://cv.jenkins.couchbase.com/job/kv_engine.ASan-UBSan/job/neo/1020/ )

https://cv.jenkins.couchbase.com/job/kv_engine.linux-CE/job/neo/1030/ : FAILURE

Failure of an engine_testapp test:

<pre>
Running [47/48]: test store_with_history...WARNING: Logging before InitGoogleLogging() is written to STDERR
[2023-02-01T15:48:38.153Z] W0201 15:44:41.341388 15992 HazptrDomain.h:670] Using the default inline executor for asynchronous reclamation may be susceptible to deadlock if the current thread happens to hold a resource needed by the deleter of a reclaimable object
[2023-02-01T15:48:38.153Z] /usr/bin/timeout: the monitored command dumped core
[2023-02-01T15:48:38.153Z] 
[2023-02-01T15:48:38.153Z] 
[2023-02-01T15:48:38.153Z] 98% tests passed, 8 tests failed out of 425
[2023-02-01T15:48:38.153Z] 
[2023-02-01T15:48:38.153Z] Total Test time (real) = 400.51 sec
[2023-02-01T15:48:38.153Z] 
[2023-02-01T15:48:38.153Z] The following tests FAIL
</pre>
 ( https://cv.jenkins.couchbase.com/job/kv_engine.linux-CE/job/neo/1030/ )

One of more core files found at the end of the build. Data for post-mortem saved to archived_core_dumps.tar.bz2 under "Build Artifacts". ( https://cv.jenkins.couchbase.com/job/kv_engine.linux-CE/job/neo/1030/ )

Test exceeded the timeout:
[2023-02-01T15:47:12.047Z] Running [47/48]: test store_with_history.../usr/bin/timeout: the monitored command dumped core ( https://cv.jenkins.couchbase.com/job/kv_engine.linux-CE/job/neo/1030/ )

https://cv.jenkins.couchbase.com/job/kv_engine.threadsanitizer/job/neo/1029/ : FAILURE

No problems were identified. If you know why this problem occurred, please add a suitable Cause for it. ( https://cv.jenkins.couchbase.com/job/kv_engine.threadsanitizer/job/neo/1029/ )

https://cv.jenkins.couchbase.com/job/kv_engine.linux/job/neo/1023/ : FAILURE

Failure of an engine_testapp test:

<pre>
Running [47/48]: test store_with_history...WARNING: Logging before InitGoogleLogging() is written to STDERR
[2023-02-01T15:45:47.405Z] W0201 15:41:53.163089 11051 HazptrDomain.h:670] Using the default inline executor for asynchronous reclamation may be susceptible to deadlock if the current thread happens to hold a resource needed by the deleter of a reclaimable object
[2023-02-01T15:45:47.405Z] /usr/bin/timeout: the monitored command dumped core
[2023-02-01T15:45:47.405Z] 
[2023-02-01T15:45:47.405Z] 
[2023-02-01T15:45:47.405Z] 98% tests passed, 10 tests failed out of 450
[2023-02-01T15:45:47.405Z] 
[2023-02-01T15:45:47.405Z] Total Test time (real) = 637.53 sec
[2023-02-01T15:45:47.405Z] 
[2023-02-01T15:45:47.405Z] The following tests FAIL
</pre>
 ( https://cv.jenkins.couchbase.com/job/kv_engine.linux/job/neo/1023/ )

One of more core files found at the end of the build. Data for post-mortem saved to archived_core_dumps.tar.bz2 under "Build Artifacts". ( https://cv.jenkins.couchbase.com/job/kv_engine.linux/job/neo/1023/ )

Test exceeded the timeout:
[2023-02-01T15:41:17.055Z] /usr/bin/timeout: the monitored command dumped core ( https://cv.jenkins.couchbase.com/job/kv_engine.linux/job/neo/1023/ )

https://cv.jenkins.couchbase.com/job/kv_engine.aarch64-linux/job/neo/1021/ : FAILURE

Failure of GoogleTest "EphemeralOrPersistent/STExpiryPagerTest.ExpiredItemsDeleted/persistent_nexus_couchstore_magma_full_eviction":

<pre>
[ RUN      ] EphemeralOrPersistent/STExpiryPagerTest.ExpiredItemsDeleted/persistent_nexus_couchstore_magma_full_eviction
[2023-02-01T15:57:19.187Z] ../kv_engine/engines/ep/tests/module_tests/item_pager_test.cc:1704: Failure
[2023-02-01T15:57:19.187Z] Expected equality of these values:
[2023-02-01T15:57:19.187Z]   cb::engine_errc::would_block
[2023-02-01T15:57:19.187Z]     Which is: would block
[2023-02-01T15:57:19.187Z]   getKeyFn(key_2)
[2023-02-01T15:57:19.187Z]     Which is: no memory
[2023-02-01T15:57:19.187Z] ../kv_engine/engines/ep/tests/module_tests/item_pager_test.cc:1707: Failure
[2023-02-01T15:57:19.187Z] Expected equality of these values:
[2023-02-01T15:57:19.187Z]   cb::engine_errc::no_such_key
[2023-02-01T15:57:19.187Z]     Which is: no such key
[2023-02-01T15:57:19.187Z]   getKeyFn(key_2)
[2023-02-01T15:57:19.187Z]     Which is: no memory
[2023-02-01T15:57:19.187Z] Key with TTL:20 should be removed.
[2023-02-01T15:57:19.187Z] [  FAILED  ] EphemeralOrPersistent/STExpiryPagerTest.ExpiredItemsDeleted/persistent_nexus_couchstore_magma_full_eviction, where GetParam() = "bucket_type=persistent:backend=nexus:nexus_primary_backend=couchstore:nexus_secondary_backend=magma:item_eviction_policy=full_eviction" (57 ms)
EphemeralOrPersistent/STExpiryPagerTest.ExpiredItemsDeleted/persistent_nexus_couchstore_magma_full_eviction
</pre>
 ( https://cv.jenkins.couchbase.com/job/kv_engine.aarch64-linux/job/neo/1021/ )

https://cv.jenkins.couchbase.com/job/kv_engine-clang_tidy-neo/1007/ : SUCCESS

https://cv.jenkins.couchbase.com/job/kv_engine-clang_analyzer-neo/977/ : SUCCESS

https://cv.jenkins.couchbase.com/job/kv_engine-clang_format_9/22499/ : SUCCESS

https://cv.jenkins.couchbase.com/job/kv_engine.libFuzzer/job/neo/1000/ : SUCCESS
----------------------------------------------------------------------------------------------------------------------
Author: Jim Walker
Date: 2023-02-10 14:55:07.000000000
Message: 
Abandoned
----------------------------------------------------------------------------------------------------------------------
