======================================================================================================================
DESCRIPTION:

MB-51681: Decouple Checkpoint::MemoryCounter from its Destroyer

Remove setMemoryTracker() to remove an unnecessary coupling between
Checkpoint's MemoryCounter and the CheckpointDestroyerTask.

Before, when a Checkpoint was queued for destruction, all of its
MemoryCounters would have their parents changed to point to the
destroyer - which did not scale well. The new implementation (renamed to
 removeParent) simply removes the parent, subtracting each
 MemoryCounter's value from it.

Change-Id: I6480f6f53f017a972328d10e20a513c63a10570f

======================================================================================================================
COMMENTS
======================================================================================================================
Author: Douglas
Date: 2022-05-03 10:36:35.000000000
Message: 
Patch Set 20: Patch Set 19 was rebased
----------------------------------------------------------------------------------------------------------------------
Author: Build Bot
Date: 2022-05-03 11:21:57.000000000
Message: 
Patch Set 20: Verified-1

Build Failed 

http://cv.jenkins.couchbase.com/job/kv_engine-windows-master/45862/ : FAILURE

Failure of an engine_testapp test:

<pre>
Running [32/93]: test producer keep stream open replica...(32 ms) OK


99% tests passed, 3 tests failed out of 427

Total Test time (real) = 357.40 sec

The following tests FAIL
</pre>
 ( http://cv.jenkins.couchbase.com/job/kv_engine-windows-master/45862/ )

Failure of GoogleTest "NexusFullOrValue/DurabilityWarmupTest.ActiveCommittedSyncDelete/persistent_nexus_couchstore_magma_full_eviction":

<pre>
[ RUN      ] NexusFullOrValue/DurabilityWarmupTest.ActiveCommittedSyncDelete/persistent_nexus_couchstore_magma_full_eviction
2022-05-03T03:53:03.916534-07:00 CRITICAL NexusKVStore::listPersistedVbuckets: vb:0 vbucket state found primary:true secondary:false
unknown file: error: C++ exception with description "NexusKVStore::listPersistedVbuckets: vb:0 vbucket state found primary:true secondary:false" thrown in the test body.
[  FAILED  ] NexusFullOrValue/DurabilityWarmupTest.ActiveCommittedSyncDelete/persistent_nexus_couchstore_magma_full_eviction, where GetParam() = "bucket_type=persistent:backend=nexus:nexus_primary_backend=couchstore:nexus_secondary_backend=magma:item_eviction_policy=full_eviction" (128 ms)
NexusFullOrValue/DurabilityWarmupTest.ActiveCommittedSyncDelete/persistent_nexus_couchstore_magma_full_eviction
</pre>
 ( http://cv.jenkins.couchbase.com/job/kv_engine-windows-master/45862/ )

Timeout of a CTest test 426/427 Test #309: ep_testsuite_xdcr.full_eviction.comp_active .............................................................} ( http://cv.jenkins.couchbase.com/job/kv_engine-windows-master/45862/ )

http://cv.jenkins.couchbase.com/job/kv_engine.linux-CE/job/master/18993/ : FAILURE

Failure of GoogleTest "EphemeralOrPersistent/STItemPagerTest.ReplicaEvictedBeforeActive/persistent_couchstore_full_eviction":

<pre>
[ RUN      ] EphemeralOrPersistent/STItemPagerTest.ReplicaEvictedBeforeActive/persistent_couchstore_full_eviction
[2022-05-03T11:04:32.821Z] ../kv_engine/engines/ep/tests/module_tests/item_pager_test.cc:1225: Failure
[2022-05-03T11:04:32.821Z] Expected equality of these values:
[2022-05-03T11:04:32.821Z]   100
[2022-05-03T11:04:32.821Z]   getRRPercent(*store->getVBucket(vbid))
[2022-05-03T11:04:32.821Z]     Which is: 96
[2022-05-03T11:04:32.821Z] vb:0 not fully resident after eviction
[2022-05-03T11:04:32.821Z] ../kv_engine/engines/ep/tests/module_tests/item_pager_test.cc:1225: Failure
[2022-05-03T11:04:32.821Z] Expected equality of these values:
[2022-05-03T11:04:32.821Z]   100
[2022-05-03T11:04:32.821Z]   getRRPercent(*store->getVBucket(vbid))
[2022-05-03T11:04:32.821Z]     Which is: 97
[2022-05-03T11:04:32.821Z] vb:1 not fully resident after eviction
[2022-05-03T11:04:32.821Z] [  FAILED  ] EphemeralOrPersistent/STItemPagerTest.ReplicaEvictedBeforeActive/persistent_couchstore_full_eviction, where GetParam() = "bucket_type=persistent:backend=couchstore:item_eviction_policy=full_eviction" (652 ms)
EphemeralOrPersistent/STItemPagerTest.ReplicaEvictedBeforeActive/persistent_couchstore_full_eviction
</pre>
 ( http://cv.jenkins.couchbase.com/job/kv_engine.linux-CE/job/master/18993/ )

One of more core files found at the end of the build. Data for post-mortem saved to archived_core_dumps.tar.bz2 under "Build Artifacts". ( http://cv.jenkins.couchbase.com/job/kv_engine.linux-CE/job/master/18993/ )

http://cv.jenkins.couchbase.com/job/kv_engine.linux/job/master/19331/ : FAILURE

Failure of GoogleTest "EphemeralOrPersistent/STItemPagerTest.ReplicaEvictedBeforeActive/persistent_couchstore_full_eviction":

<pre>
[ RUN      ] EphemeralOrPersistent/STItemPagerTest.ReplicaEvictedBeforeActive/persistent_couchstore_full_eviction
[2022-05-03T11:01:09.117Z] ../kv_engine/engines/ep/tests/module_tests/item_pager_test.cc:1225: Failure
[2022-05-03T11:01:09.117Z] Expected equality of these values:
[2022-05-03T11:01:09.117Z]   100
[2022-05-03T11:01:09.117Z]   getRRPercent(*store->getVBucket(vbid))
[2022-05-03T11:01:09.117Z]     Which is: 94
[2022-05-03T11:01:09.117Z] vb:0 not fully resident after eviction
[2022-05-03T11:01:09.117Z] ../kv_engine/engines/ep/tests/module_tests/item_pager_test.cc:1225: Failure
[2022-05-03T11:01:09.117Z] Expected equality of these values:
[2022-05-03T11:01:09.117Z]   100
[2022-05-03T11:01:09.117Z]   getRRPercent(*store->getVBucket(vbid))
[2022-05-03T11:01:09.117Z]     Which is: 98
[2022-05-03T11:01:09.117Z] vb:1 not fully resident after eviction
[2022-05-03T11:01:09.117Z] [  FAILED  ] EphemeralOrPersistent/STItemPagerTest.ReplicaEvictedBeforeActive/persistent_couchstore_full_eviction, where GetParam() = "bucket_type=persistent:backend=couchstore:item_eviction_policy=full_eviction" (775 ms)
EphemeralOrPersistent/STItemPagerTest.ReplicaEvictedBeforeActive/persistent_couchstore_full_eviction
</pre>
 ( http://cv.jenkins.couchbase.com/job/kv_engine.linux/job/master/19331/ )

http://cv.jenkins.couchbase.com/job/kv_engine.macos/job/master/18159/ : FAILURE

No problems were identified. If you know why this problem occurred, please add a suitable Cause for it. ( http://cv.jenkins.couchbase.com/job/kv_engine.macos/job/master/18159/ )

http://cv.jenkins.couchbase.com/job/kv_engine-clang_analyzer-master/38520/ : SUCCESS

http://cv.jenkins.couchbase.com/job/kv_engine-clang_tidy-master/17240/ : SUCCESS

http://cv.jenkins.couchbase.com/job/kv_engine-clang_format_9/16202/ : SUCCESS

http://cv.jenkins.couchbase.com/job/kv_engine.aarch64-linux/job/master/6943/ : SUCCESS

http://cv.jenkins.couchbase.com/job/kv_engine.ASan-UBSan/job/master/27398/ : SUCCESS

http://cv.jenkins.couchbase.com/job/kv_engine.libFuzzer/job/master/6851/ : SUCCESS

http://cv.jenkins.couchbase.com/job/kv_engine.threadsanitizer/job/master/20022/ : SUCCESS
----------------------------------------------------------------------------------------------------------------------
Author: Paolo Cocchi
Date: 2022-05-03 13:37:35.000000000
Message: 
Patch Set 20: Code-Review+2
----------------------------------------------------------------------------------------------------------------------
Author: Build Bot
Date: 2022-05-03 15:59:04.000000000
Message: 
Patch Set 20:

Build Failed 

http://cv.jenkins.couchbase.com/job/kv_engine.linux-CE/job/master/18997/ : FAILURE

Failure of GoogleTest "EphemeralOrPersistent/STItemPagerTest.ReplicaEvictedBeforeActive/persistent_couchstore_full_eviction":

<pre>
[ RUN      ] EphemeralOrPersistent/STItemPagerTest.ReplicaEvictedBeforeActive/persistent_couchstore_full_eviction
[2022-05-03T15:39:26.785Z] ../kv_engine/engines/ep/tests/module_tests/item_pager_test.cc:1225: Failure
[2022-05-03T15:39:26.785Z] Expected equality of these values:
[2022-05-03T15:39:26.785Z]   100
[2022-05-03T15:39:26.785Z]   getRRPercent(*store->getVBucket(vbid))
[2022-05-03T15:39:26.785Z]     Which is: 95
[2022-05-03T15:39:26.785Z] vb:0 not fully resident after eviction
[2022-05-03T15:39:26.785Z] ../kv_engine/engines/ep/tests/module_tests/item_pager_test.cc:1225: Failure
[2022-05-03T15:39:26.785Z] Expected equality of these values:
[2022-05-03T15:39:26.785Z]   100
[2022-05-03T15:39:26.785Z]   getRRPercent(*store->getVBucket(vbid))
[2022-05-03T15:39:26.785Z]     Which is: 98
[2022-05-03T15:39:26.785Z] vb:1 not fully resident after eviction
[2022-05-03T15:39:26.785Z] [  FAILED  ] EphemeralOrPersistent/STItemPagerTest.ReplicaEvictedBeforeActive/persistent_couchstore_full_eviction, where GetParam() = "bucket_type=persistent:backend=couchstore:item_eviction_policy=full_eviction" (342 ms)
EphemeralOrPersistent/STItemPagerTest.ReplicaEvictedBeforeActive/persistent_couchstore_full_eviction
</pre>
 ( http://cv.jenkins.couchbase.com/job/kv_engine.linux-CE/job/master/18997/ )

http://cv.jenkins.couchbase.com/job/kv_engine.linux/job/master/19336/ : FAILURE

Failure of GoogleTest "EphemeralOrPersistent/STItemPagerTest.ReplicaEvictedBeforeActive/persistent_couchstore_full_eviction":

<pre>
[ RUN      ] EphemeralOrPersistent/STItemPagerTest.ReplicaEvictedBeforeActive/persistent_couchstore_full_eviction
[2022-05-03T15:40:55.383Z] ../kv_engine/engines/ep/tests/module_tests/item_pager_test.cc:1225: Failure
[2022-05-03T15:40:55.383Z] Expected equality of these values:
[2022-05-03T15:40:55.383Z]   100
[2022-05-03T15:40:55.383Z]   getRRPercent(*store->getVBucket(vbid))
[2022-05-03T15:40:55.383Z]     Which is: 94
[2022-05-03T15:40:55.383Z] vb:0 not fully resident after eviction
[2022-05-03T15:40:55.383Z] ../kv_engine/engines/ep/tests/module_tests/item_pager_test.cc:1225: Failure
[2022-05-03T15:40:55.383Z] Expected equality of these values:
[2022-05-03T15:40:55.383Z]   100
[2022-05-03T15:40:55.383Z]   getRRPercent(*store->getVBucket(vbid))
[2022-05-03T15:40:55.383Z]     Which is: 98
[2022-05-03T15:40:55.383Z] vb:1 not fully resident after eviction
[2022-05-03T15:40:55.383Z] [  FAILED  ] EphemeralOrPersistent/STItemPagerTest.ReplicaEvictedBeforeActive/persistent_couchstore_full_eviction, where GetParam() = "bucket_type=persistent:backend=couchstore:item_eviction_policy=full_eviction" (509 ms)
EphemeralOrPersistent/STItemPagerTest.ReplicaEvictedBeforeActive/persistent_couchstore_full_eviction
</pre>
 ( http://cv.jenkins.couchbase.com/job/kv_engine.linux/job/master/19336/ )

http://cv.jenkins.couchbase.com/job/kv_engine.macos/job/master/18166/ : FAILURE

No problems were identified. If you know why this problem occurred, please add a suitable Cause for it. ( http://cv.jenkins.couchbase.com/job/kv_engine.macos/job/master/18166/ )

http://cv.jenkins.couchbase.com/job/kv_engine-windows-master/45866/ : FAILURE

Failure of an engine_testapp test:

<pre>
Running [157/160]: test reader thread starvation during warmup due to low reader threads...WARNING: Found duplicate entry for "dbname"
WARNING: Found duplicate entry for "dbname"


99% tests passed, 2 tests failed out of 427

Total Test time (real) = 716.85 sec

The following tests FAIL
</pre>
 ( http://cv.jenkins.couchbase.com/job/kv_engine-windows-master/45866/ )

Timeout of a CTest test 426/427 Test #297: ep_testsuite_dcp.full_eviction.magma ....................................................................} ( http://cv.jenkins.couchbase.com/job/kv_engine-windows-master/45866/ )

http://cv.jenkins.couchbase.com/job/kv_engine-clang_analyzer-master/38520/ : SUCCESS

http://cv.jenkins.couchbase.com/job/kv_engine-clang_tidy-master/17240/ : SUCCESS

http://cv.jenkins.couchbase.com/job/kv_engine-clang_format_9/16202/ : SUCCESS

http://cv.jenkins.couchbase.com/job/kv_engine.aarch64-linux/job/master/6943/ : SUCCESS

http://cv.jenkins.couchbase.com/job/kv_engine.ASan-UBSan/job/master/27398/ : SUCCESS

http://cv.jenkins.couchbase.com/job/kv_engine.libFuzzer/job/master/6851/ : SUCCESS

http://cv.jenkins.couchbase.com/job/kv_engine.threadsanitizer/job/master/20022/ : SUCCESS
----------------------------------------------------------------------------------------------------------------------
Author: Build Bot
Date: 2022-05-03 18:18:53.000000000
Message: 
Patch Set 20:

Build Failed 

http://cv.jenkins.couchbase.com/job/kv_engine.linux-CE/job/master/18997/ : FAILURE

Failure of GoogleTest "EphemeralOrPersistent/STItemPagerTest.ReplicaEvictedBeforeActive/persistent_couchstore_full_eviction":

<pre>
[ RUN      ] EphemeralOrPersistent/STItemPagerTest.ReplicaEvictedBeforeActive/persistent_couchstore_full_eviction
[2022-05-03T15:39:26.785Z] ../kv_engine/engines/ep/tests/module_tests/item_pager_test.cc:1225: Failure
[2022-05-03T15:39:26.785Z] Expected equality of these values:
[2022-05-03T15:39:26.785Z]   100
[2022-05-03T15:39:26.785Z]   getRRPercent(*store->getVBucket(vbid))
[2022-05-03T15:39:26.785Z]     Which is: 95
[2022-05-03T15:39:26.785Z] vb:0 not fully resident after eviction
[2022-05-03T15:39:26.785Z] ../kv_engine/engines/ep/tests/module_tests/item_pager_test.cc:1225: Failure
[2022-05-03T15:39:26.785Z] Expected equality of these values:
[2022-05-03T15:39:26.785Z]   100
[2022-05-03T15:39:26.785Z]   getRRPercent(*store->getVBucket(vbid))
[2022-05-03T15:39:26.785Z]     Which is: 98
[2022-05-03T15:39:26.785Z] vb:1 not fully resident after eviction
[2022-05-03T15:39:26.785Z] [  FAILED  ] EphemeralOrPersistent/STItemPagerTest.ReplicaEvictedBeforeActive/persistent_couchstore_full_eviction, where GetParam() = "bucket_type=persistent:backend=couchstore:item_eviction_policy=full_eviction" (342 ms)
EphemeralOrPersistent/STItemPagerTest.ReplicaEvictedBeforeActive/persistent_couchstore_full_eviction
</pre>
 ( http://cv.jenkins.couchbase.com/job/kv_engine.linux-CE/job/master/18997/ )

http://cv.jenkins.couchbase.com/job/kv_engine.linux/job/master/19340/ : FAILURE

No problems were identified. If you know why this problem occurred, please add a suitable Cause for it. ( http://cv.jenkins.couchbase.com/job/kv_engine.linux/job/master/19340/ )

http://cv.jenkins.couchbase.com/job/kv_engine.macos/job/master/18170/ : FAILURE

No problems were identified. If you know why this problem occurred, please add a suitable Cause for it. ( http://cv.jenkins.couchbase.com/job/kv_engine.macos/job/master/18170/ )

http://cv.jenkins.couchbase.com/job/kv_engine-windows-master/45869/ : FAILURE

Failure of an engine_testapp test:

<pre>
Running [146/160]: test_MB-19687_variable...(86 ms) OK


99% tests passed, 1 tests failed out of 427

Total Test time (real) = 685.34 sec

The following tests FAIL
</pre>
 ( http://cv.jenkins.couchbase.com/job/kv_engine-windows-master/45869/ )

Timeout of a CTest test 427/427 Test #280: ep_testsuite.value_eviction.magma .......................................................................} ( http://cv.jenkins.couchbase.com/job/kv_engine-windows-master/45869/ )

http://cv.jenkins.couchbase.com/job/kv_engine-clang_analyzer-master/38520/ : SUCCESS

http://cv.jenkins.couchbase.com/job/kv_engine-clang_tidy-master/17240/ : SUCCESS

http://cv.jenkins.couchbase.com/job/kv_engine-clang_format_9/16202/ : SUCCESS

http://cv.jenkins.couchbase.com/job/kv_engine.aarch64-linux/job/master/6943/ : SUCCESS

http://cv.jenkins.couchbase.com/job/kv_engine.ASan-UBSan/job/master/27398/ : SUCCESS

http://cv.jenkins.couchbase.com/job/kv_engine.libFuzzer/job/master/6851/ : SUCCESS

http://cv.jenkins.couchbase.com/job/kv_engine.threadsanitizer/job/master/20022/ : SUCCESS
----------------------------------------------------------------------------------------------------------------------
Author: Build Bot
Date: 2022-05-04 08:20:07.000000000
Message: 
Patch Set 20:

Build Failed 

http://cv.jenkins.couchbase.com/job/kv_engine.linux-CE/job/master/18997/ : FAILURE

Failure of GoogleTest "EphemeralOrPersistent/STItemPagerTest.ReplicaEvictedBeforeActive/persistent_couchstore_full_eviction":

<pre>
[ RUN      ] EphemeralOrPersistent/STItemPagerTest.ReplicaEvictedBeforeActive/persistent_couchstore_full_eviction
[2022-05-03T15:39:26.785Z] ../kv_engine/engines/ep/tests/module_tests/item_pager_test.cc:1225: Failure
[2022-05-03T15:39:26.785Z] Expected equality of these values:
[2022-05-03T15:39:26.785Z]   100
[2022-05-03T15:39:26.785Z]   getRRPercent(*store->getVBucket(vbid))
[2022-05-03T15:39:26.785Z]     Which is: 95
[2022-05-03T15:39:26.785Z] vb:0 not fully resident after eviction
[2022-05-03T15:39:26.785Z] ../kv_engine/engines/ep/tests/module_tests/item_pager_test.cc:1225: Failure
[2022-05-03T15:39:26.785Z] Expected equality of these values:
[2022-05-03T15:39:26.785Z]   100
[2022-05-03T15:39:26.785Z]   getRRPercent(*store->getVBucket(vbid))
[2022-05-03T15:39:26.785Z]     Which is: 98
[2022-05-03T15:39:26.785Z] vb:1 not fully resident after eviction
[2022-05-03T15:39:26.785Z] [  FAILED  ] EphemeralOrPersistent/STItemPagerTest.ReplicaEvictedBeforeActive/persistent_couchstore_full_eviction, where GetParam() = "bucket_type=persistent:backend=couchstore:item_eviction_policy=full_eviction" (342 ms)
EphemeralOrPersistent/STItemPagerTest.ReplicaEvictedBeforeActive/persistent_couchstore_full_eviction
</pre>
 ( http://cv.jenkins.couchbase.com/job/kv_engine.linux-CE/job/master/18997/ )

http://cv.jenkins.couchbase.com/job/kv_engine.linux/job/master/19341/ : FAILURE

Failure of GoogleTest "CollectionsDcpEphemeralOrPersistent/CollectionsDcpParameterizedTest.test_dcp_create_delete/persistent_nexus_couchstore_magma_value_only":

<pre>
[ RUN      ] CollectionsDcpEphemeralOrPersistent/CollectionsDcpParameterizedTest.test_dcp_create_delete/persistent_nexus_couchstore_magma_value_only
[2022-05-04T08:14:10.270Z] ../kv_engine/engines/ep/tests/module_tests/evp_store_single_threaded_test.cc:367: Failure
[2022-05-04T08:14:10.270Z] Expected equality of these values:
[2022-05-04T08:14:10.270Z]   expectedOp
[2022-05-04T08:14:10.270Z]     Which is: DCP_SNAPSHOT_MARKER
[2022-05-04T08:14:10.270Z]   producers.last_op
[2022-05-04T08:14:10.270Z]     Which is: DCP_NOOP
[2022-05-04T08:14:10.270Z] Google Test trace:
[2022-05-04T08:14:10.271Z] ../kv_engine/engines/ep/tests/module_tests/collections/evp_store_collections_dcp_test.cc:732: DCP 2
[2022-05-04T08:14:10.271Z] ../kv_engine/engines/ep/tests/module_tests/evp_store_single_threaded_test.cc:373: Failure
[2022-05-04T08:14:10.271Z] Expected equality of these values:
[2022-05-04T08:14:10.271Z]   MARKER_FLAG_DISK
[2022-05-04T08:14:10.271Z]     Which is: 2
[2022-05-04T08:14:10.271Z]   producers.last_flags & MARKER_FLAG_DISK
[2022-05-04T08:14:10.271Z]     Which is: 0
[2022-05-04T08:14:10.271Z] Google Test trace:
[2022-05-04T08:14:10.271Z] ../kv_engine/engines/ep/tests/module_tests/collections/evp_store_collections_dcp_test.cc:732: DCP 2
[2022-05-04T08:14:10.271Z] [  FAILED  ] CollectionsDcpEphemeralOrPersistent/CollectionsDcpParameterizedTest.test_dcp_create_delete/persistent_nexus_couchstore_magma_value_only, where GetParam() = "bucket_type=persistent:backend=nexus:nexus_primary_backend=couchstore:nexus_secondary_backend=magma:item_eviction_policy=value_only" (55021 ms)
CollectionsDcpEphemeralOrPersistent/CollectionsDcpParameterizedTest.test_dcp_create_delete/persistent_nexus_couchstore_magma_value_only
</pre>
 ( http://cv.jenkins.couchbase.com/job/kv_engine.linux/job/master/19341/ )

http://cv.jenkins.couchbase.com/job/kv_engine.macos/job/master/18171/ : FAILURE

No problems were identified. If you know why this problem occurred, please add a suitable Cause for it. ( http://cv.jenkins.couchbase.com/job/kv_engine.macos/job/master/18171/ )

http://cv.jenkins.couchbase.com/job/kv_engine-clang_analyzer-master/38520/ : SUCCESS

http://cv.jenkins.couchbase.com/job/kv_engine-clang_tidy-master/17240/ : SUCCESS

http://cv.jenkins.couchbase.com/job/kv_engine-clang_format_9/16202/ : SUCCESS

http://cv.jenkins.couchbase.com/job/kv_engine.aarch64-linux/job/master/6943/ : SUCCESS

http://cv.jenkins.couchbase.com/job/kv_engine.ASan-UBSan/job/master/27398/ : SUCCESS

http://cv.jenkins.couchbase.com/job/kv_engine.libFuzzer/job/master/6851/ : SUCCESS

http://cv.jenkins.couchbase.com/job/kv_engine.threadsanitizer/job/master/20022/ : SUCCESS

http://cv.jenkins.couchbase.com/job/kv_engine-windows-master/45870/ : SUCCESS
----------------------------------------------------------------------------------------------------------------------
Author: Build Bot
Date: 2022-05-04 09:36:14.000000000
Message: 
Patch Set 20:

Build Failed 

http://cv.jenkins.couchbase.com/job/kv_engine.linux-CE/job/master/18997/ : FAILURE

Failure of GoogleTest "EphemeralOrPersistent/STItemPagerTest.ReplicaEvictedBeforeActive/persistent_couchstore_full_eviction":

<pre>
[ RUN      ] EphemeralOrPersistent/STItemPagerTest.ReplicaEvictedBeforeActive/persistent_couchstore_full_eviction
[2022-05-03T15:39:26.785Z] ../kv_engine/engines/ep/tests/module_tests/item_pager_test.cc:1225: Failure
[2022-05-03T15:39:26.785Z] Expected equality of these values:
[2022-05-03T15:39:26.785Z]   100
[2022-05-03T15:39:26.785Z]   getRRPercent(*store->getVBucket(vbid))
[2022-05-03T15:39:26.785Z]     Which is: 95
[2022-05-03T15:39:26.785Z] vb:0 not fully resident after eviction
[2022-05-03T15:39:26.785Z] ../kv_engine/engines/ep/tests/module_tests/item_pager_test.cc:1225: Failure
[2022-05-03T15:39:26.785Z] Expected equality of these values:
[2022-05-03T15:39:26.785Z]   100
[2022-05-03T15:39:26.785Z]   getRRPercent(*store->getVBucket(vbid))
[2022-05-03T15:39:26.785Z]     Which is: 98
[2022-05-03T15:39:26.785Z] vb:1 not fully resident after eviction
[2022-05-03T15:39:26.785Z] [  FAILED  ] EphemeralOrPersistent/STItemPagerTest.ReplicaEvictedBeforeActive/persistent_couchstore_full_eviction, where GetParam() = "bucket_type=persistent:backend=couchstore:item_eviction_policy=full_eviction" (342 ms)
EphemeralOrPersistent/STItemPagerTest.ReplicaEvictedBeforeActive/persistent_couchstore_full_eviction
</pre>
 ( http://cv.jenkins.couchbase.com/job/kv_engine.linux-CE/job/master/18997/ )

http://cv.jenkins.couchbase.com/job/kv_engine.linux/job/master/19344/ : FAILURE

Failure of GoogleTest "EphemeralOrPersistent/STItemPagerTest.ReplicaEvictedBeforeActive/persistent_couchstore_full_eviction":

<pre>
[ RUN      ] EphemeralOrPersistent/STItemPagerTest.ReplicaEvictedBeforeActive/persistent_couchstore_full_eviction
[2022-05-04T09:10:24.465Z] ../kv_engine/engines/ep/tests/module_tests/item_pager_test.cc:1225: Failure
[2022-05-04T09:10:24.465Z] Expected equality of these values:
[2022-05-04T09:10:24.465Z]   100
[2022-05-04T09:10:24.465Z]   getRRPercent(*store->getVBucket(vbid))
[2022-05-04T09:10:24.465Z]     Which is: 94
[2022-05-04T09:10:24.465Z] vb:0 not fully resident after eviction
[2022-05-04T09:10:24.465Z] ../kv_engine/engines/ep/tests/module_tests/item_pager_test.cc:1225: Failure
[2022-05-04T09:10:24.465Z] Expected equality of these values:
[2022-05-04T09:10:24.465Z]   100
[2022-05-04T09:10:24.465Z]   getRRPercent(*store->getVBucket(vbid))
[2022-05-04T09:10:24.465Z]     Which is: 97
[2022-05-04T09:10:24.465Z] vb:1 not fully resident after eviction
[2022-05-04T09:10:24.465Z] [  FAILED  ] EphemeralOrPersistent/STItemPagerTest.ReplicaEvictedBeforeActive/persistent_couchstore_full_eviction, where GetParam() = "bucket_type=persistent:backend=couchstore:item_eviction_policy=full_eviction" (430 ms)
EphemeralOrPersistent/STItemPagerTest.ReplicaEvictedBeforeActive/persistent_couchstore_full_eviction
</pre>
 ( http://cv.jenkins.couchbase.com/job/kv_engine.linux/job/master/19344/ )

http://cv.jenkins.couchbase.com/job/kv_engine.macos/job/master/18177/ : FAILURE

No problems were identified. If you know why this problem occurred, please add a suitable Cause for it. ( http://cv.jenkins.couchbase.com/job/kv_engine.macos/job/master/18177/ )

http://cv.jenkins.couchbase.com/job/kv_engine-clang_analyzer-master/38520/ : SUCCESS

http://cv.jenkins.couchbase.com/job/kv_engine-clang_tidy-master/17240/ : SUCCESS

http://cv.jenkins.couchbase.com/job/kv_engine-clang_format_9/16202/ : SUCCESS

http://cv.jenkins.couchbase.com/job/kv_engine.aarch64-linux/job/master/6943/ : SUCCESS

http://cv.jenkins.couchbase.com/job/kv_engine.ASan-UBSan/job/master/27398/ : SUCCESS

http://cv.jenkins.couchbase.com/job/kv_engine.libFuzzer/job/master/6851/ : SUCCESS

http://cv.jenkins.couchbase.com/job/kv_engine.threadsanitizer/job/master/20022/ : SUCCESS

http://cv.jenkins.couchbase.com/job/kv_engine-windows-master/45870/ : SUCCESS
----------------------------------------------------------------------------------------------------------------------
Author: Build Bot
Date: 2022-05-05 09:28:24.000000000
Message: 
Patch Set 20:

Build Failed 

http://cv.jenkins.couchbase.com/job/kv_engine.linux-CE/job/master/18997/ : FAILURE

Failure of GoogleTest "EphemeralOrPersistent/STItemPagerTest.ReplicaEvictedBeforeActive/persistent_couchstore_full_eviction":

<pre>
[ RUN      ] EphemeralOrPersistent/STItemPagerTest.ReplicaEvictedBeforeActive/persistent_couchstore_full_eviction
[2022-05-03T15:39:26.785Z] ../kv_engine/engines/ep/tests/module_tests/item_pager_test.cc:1225: Failure
[2022-05-03T15:39:26.785Z] Expected equality of these values:
[2022-05-03T15:39:26.785Z]   100
[2022-05-03T15:39:26.785Z]   getRRPercent(*store->getVBucket(vbid))
[2022-05-03T15:39:26.785Z]     Which is: 95
[2022-05-03T15:39:26.785Z] vb:0 not fully resident after eviction
[2022-05-03T15:39:26.785Z] ../kv_engine/engines/ep/tests/module_tests/item_pager_test.cc:1225: Failure
[2022-05-03T15:39:26.785Z] Expected equality of these values:
[2022-05-03T15:39:26.785Z]   100
[2022-05-03T15:39:26.785Z]   getRRPercent(*store->getVBucket(vbid))
[2022-05-03T15:39:26.785Z]     Which is: 98
[2022-05-03T15:39:26.785Z] vb:1 not fully resident after eviction
[2022-05-03T15:39:26.785Z] [  FAILED  ] EphemeralOrPersistent/STItemPagerTest.ReplicaEvictedBeforeActive/persistent_couchstore_full_eviction, where GetParam() = "bucket_type=persistent:backend=couchstore:item_eviction_policy=full_eviction" (342 ms)
EphemeralOrPersistent/STItemPagerTest.ReplicaEvictedBeforeActive/persistent_couchstore_full_eviction
</pre>
 ( http://cv.jenkins.couchbase.com/job/kv_engine.linux-CE/job/master/18997/ )

http://cv.jenkins.couchbase.com/job/kv_engine.linux/job/master/19344/ : FAILURE

Failure of GoogleTest "EphemeralOrPersistent/STItemPagerTest.ReplicaEvictedBeforeActive/persistent_couchstore_full_eviction":

<pre>
[ RUN      ] EphemeralOrPersistent/STItemPagerTest.ReplicaEvictedBeforeActive/persistent_couchstore_full_eviction
[2022-05-04T09:10:24.465Z] ../kv_engine/engines/ep/tests/module_tests/item_pager_test.cc:1225: Failure
[2022-05-04T09:10:24.465Z] Expected equality of these values:
[2022-05-04T09:10:24.465Z]   100
[2022-05-04T09:10:24.465Z]   getRRPercent(*store->getVBucket(vbid))
[2022-05-04T09:10:24.465Z]     Which is: 94
[2022-05-04T09:10:24.465Z] vb:0 not fully resident after eviction
[2022-05-04T09:10:24.465Z] ../kv_engine/engines/ep/tests/module_tests/item_pager_test.cc:1225: Failure
[2022-05-04T09:10:24.465Z] Expected equality of these values:
[2022-05-04T09:10:24.465Z]   100
[2022-05-04T09:10:24.465Z]   getRRPercent(*store->getVBucket(vbid))
[2022-05-04T09:10:24.465Z]     Which is: 97
[2022-05-04T09:10:24.465Z] vb:1 not fully resident after eviction
[2022-05-04T09:10:24.465Z] [  FAILED  ] EphemeralOrPersistent/STItemPagerTest.ReplicaEvictedBeforeActive/persistent_couchstore_full_eviction, where GetParam() = "bucket_type=persistent:backend=couchstore:item_eviction_policy=full_eviction" (430 ms)
EphemeralOrPersistent/STItemPagerTest.ReplicaEvictedBeforeActive/persistent_couchstore_full_eviction
</pre>
 ( http://cv.jenkins.couchbase.com/job/kv_engine.linux/job/master/19344/ )

http://cv.jenkins.couchbase.com/job/kv_engine-clang_analyzer-master/38520/ : SUCCESS

http://cv.jenkins.couchbase.com/job/kv_engine-clang_tidy-master/17240/ : SUCCESS

http://cv.jenkins.couchbase.com/job/kv_engine-clang_format_9/16202/ : SUCCESS

http://cv.jenkins.couchbase.com/job/kv_engine.aarch64-linux/job/master/6943/ : SUCCESS

http://cv.jenkins.couchbase.com/job/kv_engine.ASan-UBSan/job/master/27398/ : SUCCESS

http://cv.jenkins.couchbase.com/job/kv_engine.libFuzzer/job/master/6851/ : SUCCESS

http://cv.jenkins.couchbase.com/job/kv_engine.threadsanitizer/job/master/20022/ : SUCCESS

http://cv.jenkins.couchbase.com/job/kv_engine-windows-master/45870/ : SUCCESS

http://cv.jenkins.couchbase.com/job/kv_engine.macos/job/master/18201/ : SUCCESS
----------------------------------------------------------------------------------------------------------------------
Author: Paolo Cocchi
Date: 2022-05-05 10:50:09.000000000
Message: 
Patch Set 20: Verified+1

(1 comment)
File Comment: /PATCHSET_LEVEL -> linux/linix-CE failing by unrelated MB-51958
----------------------------------------------------------------------------------------------------------------------
Author: Paolo Cocchi
Date: 2022-05-05 10:50:10.000000000
Message: 
Removed Verified-1 by <GERRIT_ACCOUNT_1000011>

----------------------------------------------------------------------------------------------------------------------
Author: Paolo Cocchi
Date: 2022-05-09 09:19:31.000000000
Message: 
Patch Set 20:

(1 comment)
File Comment: /PATCHSET_LEVEL -> Note: CheckpointDestroyerTask::getMemoryUsage() already covered by unit test
----------------------------------------------------------------------------------------------------------------------
