======================================================================================================================
DESCRIPTION:

MB-54452: Use boost::intrusive_list for Connection LRU

This avoids adding a custom doubly-linked list impl and just uses
boosts' instead. It is also cheaper to update, as we don't remove and
re-add the element in the list; we just use splice to rearrange the
list as appropriate.

Change-Id: I368d7934306f1a82d78b00ad557265383e15d68b

======================================================================================================================
COMMENTS
======================================================================================================================
Author: Trond Norbye
Date: 2022-11-25 08:02:28.000000000
Message: 
Uploaded patch set 7.
----------------------------------------------------------------------------------------------------------------------
Author: Restriction Checker
Date: 2022-11-25 08:02:39.000000000
Message: 
Patch Set 7: Well-Formed+1

Permission granted to commit: 

https://server.jenkins.couchbase.com/job/restricted-branch-check/326370/artifact/restricted.html : SUCCESS
----------------------------------------------------------------------------------------------------------------------
Author: Build Bot
Date: 2022-11-25 08:48:40.000000000
Message: 
Patch Set 7: Verified-1

Build Failed 

https://cv.jenkins.couchbase.com/job/kv_engine-windows-neo/712/ : FAILURE

Failure of an engine_testapp test:

<pre>
Running [34/160]: test access scanner settings.....\kv_engine\engines\ep\tests\ep_testsuite.cc:3357 Test failed: `" (Expected `0", got `-1" - Initial time incorrect, expect: 02:00, actual: 01:59)
(67 ms) FAIL
</pre>
 ( https://cv.jenkins.couchbase.com/job/kv_engine-windows-neo/712/ )

Timeout of a CTest test 424/424 Test #295: ep_testsuite_dcp.value_eviction.magma .........................................................................................} ( https://cv.jenkins.couchbase.com/job/kv_engine-windows-neo/712/ )

https://cv.jenkins.couchbase.com/job/kv_engine.macos/job/neo/812/ : FAILURE

Failure of an engine_testapp test:

<pre>
Running [42/160]: file stats post warmup...../kv_engine/engines/ep/tests/ep_testsuite.cc:2328 Test failed: `" (Expected `191693" to be less than or equal to `188416" - Unexpected fileSize for vbucket)
[2022-11-25T08:36:06.606Z] (233 ms) FAIL
</pre>
 ( https://cv.jenkins.couchbase.com/job/kv_engine.macos/job/neo/812/ )

Failure of GoogleTest "ExecutorPoolTest/0.Wake":

<pre>
[ RUN      ] ExecutorPoolTest/0.Wake
[2022-11-25T08:31:33.351Z] [       OK ] ExecutorPoolTest/0.Wake (2 ms)
[2022-11-25T08:31:33.351Z] [ RUN      ] ExecutorPoolTest/0.WakeMultiple
[2022-11-25T08:31:33.351Z] [       OK ] ExecutorPoolTest/0.WakeMultiple (2 ms)
[2022-11-25T08:31:33.351Z] [ RUN      ] ExecutorPoolTest/0.WakeWithoutSchedule
[2022-11-25T08:31:33.351Z] [       OK ] ExecutorPoolTest/0.WakeWithoutSchedule (1 ms)
[2022-11-25T08:31:33.351Z] [ RUN      ] ExecutorPoolTest/0.WakeUpdatesWaketime
[2022-11-25T08:31:33.351Z] [       OK ] ExecutorPoolTest/0.WakeUpdatesWaketime (2 ms)
[2022-11-25T08:31:33.351Z] [ RUN      ] ExecutorPoolTest/0.Snooze
[2022-11-25T08:31:33.351Z] [       OK ] ExecutorPoolTest/0.Snooze (2 ms)
[2022-11-25T08:31:33.351Z] [ RUN      ] ExecutorPoolTest/0.SnoozeThenWake
[2022-11-25T08:31:33.351Z] [       OK ] ExecutorPoolTest/0.SnoozeThenWake (24 ms)
[2022-11-25T08:31:33.351Z] [ RUN      ] ExecutorPoolTest/0.WakeSetsTaskRunning
[2022-11-25T08:31:33.351Z] ../kv_engine/engines/ep/tests/module_tests/executorpool_test.cc:551: Failure
[2022-11-25T08:31:33.351Z] Expected equality of these values:
[2022-11-25T08:31:33.351Z]   task_state_t::TASK_RUNNING
[2022-11-25T08:31:33.351Z]     Which is: RUNNING
[2022-11-25T08:31:33.351Z]   task->getState()
[2022-11-25T08:31:33.351Z]     Which is: DEAD
[2022-11-25T08:31:33.351Z] [  FAILED  ] ExecutorPoolTest/0.WakeSetsTaskRunning, where TypeParam = TestExecutorPool (5 ms)
ExecutorPoolTest/0.Wake
</pre>
 ( https://cv.jenkins.couchbase.com/job/kv_engine.macos/job/neo/812/ )

https://cv.jenkins.couchbase.com/job/kv_engine-clang_tidy-neo/559/ : SUCCESS

https://cv.jenkins.couchbase.com/job/kv_engine-clang_format_9/21392/ : SUCCESS

https://cv.jenkins.couchbase.com/job/kv_engine-clang_analyzer-neo/539/ : SUCCESS

https://cv.jenkins.couchbase.com/job/kv_engine.libFuzzer/job/neo/551/ : SUCCESS

https://cv.jenkins.couchbase.com/job/kv_engine.aarch64-linux/job/neo/556/ : SUCCESS

https://cv.jenkins.couchbase.com/job/kv_engine.threadsanitizer/job/neo/578/ : SUCCESS

https://cv.jenkins.couchbase.com/job/kv_engine.linux/job/neo/567/ : SUCCESS

https://cv.jenkins.couchbase.com/job/kv_engine.linux-CE/job/neo/576/ : SUCCESS

https://cv.jenkins.couchbase.com/job/kv_engine.ASan-UBSan/job/neo/568/ : SUCCESS
----------------------------------------------------------------------------------------------------------------------
Author: Build Bot
Date: 2022-11-25 11:21:11.000000000
Message: 
Patch Set 7:

Build Failed 

https://cv.jenkins.couchbase.com/job/kv_engine-windows-neo/725/ : FAILURE

Failure of an engine_testapp test:

<pre>
Running [49/160]: stats vkey callback tests...(5 ms) SKIPPED


99% tests passed, 3 tests failed out of 424

Total Test time (real) = 1108.32 sec

The following tests FAIL
</pre>
 ( https://cv.jenkins.couchbase.com/job/kv_engine-windows-neo/725/ )

Timeout of a CTest test 275/424 Test #179: ep-engine_ep_unit_tests.PersistentAndEphemeral/StreamTest .....................................................................} ( https://cv.jenkins.couchbase.com/job/kv_engine-windows-neo/725/ )

https://cv.jenkins.couchbase.com/job/kv_engine-clang_tidy-neo/559/ : SUCCESS

https://cv.jenkins.couchbase.com/job/kv_engine-clang_format_9/21392/ : SUCCESS

https://cv.jenkins.couchbase.com/job/kv_engine-clang_analyzer-neo/539/ : SUCCESS

https://cv.jenkins.couchbase.com/job/kv_engine.libFuzzer/job/neo/551/ : SUCCESS

https://cv.jenkins.couchbase.com/job/kv_engine.aarch64-linux/job/neo/556/ : SUCCESS

https://cv.jenkins.couchbase.com/job/kv_engine.threadsanitizer/job/neo/578/ : SUCCESS

https://cv.jenkins.couchbase.com/job/kv_engine.linux/job/neo/567/ : SUCCESS

https://cv.jenkins.couchbase.com/job/kv_engine.linux-CE/job/neo/576/ : SUCCESS

https://cv.jenkins.couchbase.com/job/kv_engine.ASan-UBSan/job/neo/568/ : SUCCESS

https://cv.jenkins.couchbase.com/job/kv_engine.macos/job/neo/826/ : SUCCESS
----------------------------------------------------------------------------------------------------------------------
Author: Build Bot
Date: 2022-11-25 11:49:32.000000000
Message: 
Patch Set 7:

Build Failed 

https://cv.jenkins.couchbase.com/job/kv_engine-windows-neo/728/ : FAILURE

Failure of GoogleTest "FullAndValueEvictionOnReplicaAndPending/RollbackTest.RollbackToMiddleOfAPersistedSnapshot/persistent_couchdb_full_eviction_pending":

<pre>
[ RUN      ] FullAndValueEvictionOnReplicaAndPending/RollbackTest.RollbackToMiddleOfAPersistedSnapshot/persistent_couchdb_full_eviction_pending
unknown file: error: C++ exception with description "KVStoreFactory ctor: Specified dbname "ep_engine_ep_unit_tests.db/test.344901" is not a directory" thrown in SetUp().
unknown file: error: SEH exception with code 0xc0000005 thrown in TearDown().
[  FAILED  ] FullAndValueEvictionOnReplicaAndPending/RollbackTest.RollbackToMiddleOfAPersistedSnapshot/persistent_couchdb_full_eviction_pending, where GetParam() = ("persistent_couchdb", "full_eviction", "pending") (3 ms)
FullAndValueEvictionOnReplicaAndPending/RollbackTest.RollbackToMiddleOfAPersistedSnapshot/persistent_couchdb_full_eviction_pending
</pre>
 ( https://cv.jenkins.couchbase.com/job/kv_engine-windows-neo/728/ )

https://cv.jenkins.couchbase.com/job/kv_engine-clang_tidy-neo/559/ : SUCCESS

https://cv.jenkins.couchbase.com/job/kv_engine-clang_format_9/21392/ : SUCCESS

https://cv.jenkins.couchbase.com/job/kv_engine-clang_analyzer-neo/539/ : SUCCESS

https://cv.jenkins.couchbase.com/job/kv_engine.libFuzzer/job/neo/551/ : SUCCESS

https://cv.jenkins.couchbase.com/job/kv_engine.aarch64-linux/job/neo/556/ : SUCCESS

https://cv.jenkins.couchbase.com/job/kv_engine.threadsanitizer/job/neo/578/ : SUCCESS

https://cv.jenkins.couchbase.com/job/kv_engine.linux/job/neo/567/ : SUCCESS

https://cv.jenkins.couchbase.com/job/kv_engine.linux-CE/job/neo/576/ : SUCCESS

https://cv.jenkins.couchbase.com/job/kv_engine.ASan-UBSan/job/neo/568/ : SUCCESS

https://cv.jenkins.couchbase.com/job/kv_engine.macos/job/neo/826/ : SUCCESS
----------------------------------------------------------------------------------------------------------------------
Author: Build Bot
Date: 2022-11-28 06:33:38.000000000
Message: 
Patch Set 7:

Build Failed 

https://cv.jenkins.couchbase.com/job/kv_engine-windows-neo/744/ : FAILURE

Failure of an engine_testapp test:

<pre>
Running [31/160]: test bloomfilters"s in a delete+set scenario...(22 ms) SKIPPED_UNDER_MAGMA


99% tests passed, 1 tests failed out of 424

Total Test time (real) = 688.35 sec

The following tests FAIL
</pre>
 ( https://cv.jenkins.couchbase.com/job/kv_engine-windows-neo/744/ )

Timeout of a CTest test 424/424 Test #280: ep_testsuite.full_eviction.magma ..............................................................................................} ( https://cv.jenkins.couchbase.com/job/kv_engine-windows-neo/744/ )

https://cv.jenkins.couchbase.com/job/kv_engine-clang_tidy-neo/559/ : SUCCESS

https://cv.jenkins.couchbase.com/job/kv_engine-clang_format_9/21392/ : SUCCESS

https://cv.jenkins.couchbase.com/job/kv_engine-clang_analyzer-neo/539/ : SUCCESS

https://cv.jenkins.couchbase.com/job/kv_engine.libFuzzer/job/neo/551/ : SUCCESS

https://cv.jenkins.couchbase.com/job/kv_engine.aarch64-linux/job/neo/556/ : SUCCESS

https://cv.jenkins.couchbase.com/job/kv_engine.threadsanitizer/job/neo/578/ : SUCCESS

https://cv.jenkins.couchbase.com/job/kv_engine.linux/job/neo/567/ : SUCCESS

https://cv.jenkins.couchbase.com/job/kv_engine.linux-CE/job/neo/576/ : SUCCESS

https://cv.jenkins.couchbase.com/job/kv_engine.ASan-UBSan/job/neo/568/ : SUCCESS

https://cv.jenkins.couchbase.com/job/kv_engine.macos/job/neo/826/ : SUCCESS
----------------------------------------------------------------------------------------------------------------------
Author: Build Bot
Date: 2022-11-28 10:52:47.000000000
Message: 
Patch Set 7: Verified+1

Build Successful 

https://cv.jenkins.couchbase.com/job/kv_engine-clang_tidy-neo/559/ : SUCCESS

https://cv.jenkins.couchbase.com/job/kv_engine-clang_format_9/21392/ : SUCCESS

https://cv.jenkins.couchbase.com/job/kv_engine-clang_analyzer-neo/539/ : SUCCESS

https://cv.jenkins.couchbase.com/job/kv_engine.libFuzzer/job/neo/551/ : SUCCESS

https://cv.jenkins.couchbase.com/job/kv_engine.aarch64-linux/job/neo/556/ : SUCCESS

https://cv.jenkins.couchbase.com/job/kv_engine.threadsanitizer/job/neo/578/ : SUCCESS

https://cv.jenkins.couchbase.com/job/kv_engine.linux/job/neo/567/ : SUCCESS

https://cv.jenkins.couchbase.com/job/kv_engine.linux-CE/job/neo/576/ : SUCCESS

https://cv.jenkins.couchbase.com/job/kv_engine.ASan-UBSan/job/neo/568/ : SUCCESS

https://cv.jenkins.couchbase.com/job/kv_engine.macos/job/neo/826/ : SUCCESS

https://cv.jenkins.couchbase.com/job/kv_engine-windows-neo/745/ : SUCCESS
----------------------------------------------------------------------------------------------------------------------
Author: Dave Rigby
Date: 2022-11-28 10:58:12.000000000
Message: 
Patch Set 7: Code-Review+1

(1 comment)
File Comment: /PATCHSET_LEVEL -> Trond's changes on mine look good. 
----------------------------------------------------------------------------------------------------------------------
Author: Trond Norbye
Date: 2022-11-28 11:07:42.000000000
Message: 
Patch Set 7: Code-Review+2

(2 comments)
----------------------------------------------------------------------------------------------------------------------
