======================================================================================================================
DESCRIPTION:

MB-45408: Add compaction stats failure test for pitr compaction

Change-Id: I7c033434fe31fcb0f7a284ca37a2ef2f1fe4938f

======================================================================================================================
COMMENTS
======================================================================================================================
Author: Ben Huddleston
Date: 2022-02-22 11:12:16.000000000
Message: 
Uploaded patch set 4.
----------------------------------------------------------------------------------------------------------------------
Author: Build Bot
Date: 2022-02-22 11:33:52.000000000
Message: 
Patch Set 4: Verified-1

Build Failed 

http://cv.jenkins.couchbase.com/job/kv_engine-windows-master/44085/ : FAILURE

Failure of an engine_testapp test:

<pre>
Running [27/159]: PiTR conf...(127 ms) OK


99% tests passed, 2 tests failed out of 422

Total Test time (real) = 671.49 sec

The following tests FAIL
</pre>
 ( http://cv.jenkins.couchbase.com/job/kv_engine-windows-master/44085/ )

Failure of GoogleTest "CollectionsPersistent/CollectionsPersistentParameterizedTest.SystemEventsDoNotCount/persistent_couchstore_value_only":

<pre>
[ RUN      ] CollectionsPersistent/CollectionsPersistentParameterizedTest.SystemEventsDoNotCount/persistent_couchstore_value_only
..\kv_engine\engines\ep\tests\module_tests\evp_store_single_threaded_test.cc(598): error: Expected equality of these values:
  cb::engine_errc::success
    Which is: success
  mock_waitfor_cookie(c)
    Which is: cannot_apply_collections_manifest
..\kv_engine\engines\ep\tests\module_tests\evp_store_single_threaded_test.cc(601): error: Expected equality of these values:
  cb::engine_errc::success
    Which is: success
  status
    Which is: would block
..\kv_engine\engines\ep\tests\module_tests\kv_bucket_test.cc(258): error: Value of: flush_successful
  Actual: false
Expected: true
Hit timeout (10 seconds) waiting for warmup to complete while flushing VBucket.
..\kv_engine\engines\ep\tests\module_tests\kv_bucket_test.cc(231): error: Expected equality of these values:
  expected
    Which is: 3
  actualFlushed
    Which is: 0
Unexpected items (0) in flush_vbucket_to_disk(vb:0, 3)
unknown file: error: SEH exception with code 0xc0000005 thrown in the test body.
[  FAILED  ] CollectionsPersistent/CollectionsPersistentParameterizedTest.SystemEventsDoNotCount/persistent_couchstore_value_only, where GetParam() = ("persistent_couchstore", "value_only") (10016 ms)
CollectionsPersistent/CollectionsPersistentParameterizedTest.SystemEventsDoNotCount/persistent_couchstore_value_only
</pre>
 ( http://cv.jenkins.couchbase.com/job/kv_engine-windows-master/44085/ )

Timeout of a CTest test 422/422 Test #271: ep_testsuite.value_eviction.comp_passive ......................................................................................} ( http://cv.jenkins.couchbase.com/job/kv_engine-windows-master/44085/ )

http://cv.jenkins.couchbase.com/job/kv_engine-clang_format_9/14570/ : SUCCESS

http://cv.jenkins.couchbase.com/job/kv_engine-clang_tidy-master/15723/ : SUCCESS

http://cv.jenkins.couchbase.com/job/kv_engine-clang_analyzer-master/37145/ : SUCCESS

http://cv.jenkins.couchbase.com/job/kv_engine.libFuzzer/job/master/5373/ : SUCCESS

http://cv.jenkins.couchbase.com/job/kv_engine.linux-CE/job/master/17477/ : SUCCESS

http://cv.jenkins.couchbase.com/job/kv_engine.threadsanitizer/job/master/18514/ : SUCCESS

http://cv.jenkins.couchbase.com/job/kv_engine.linux/job/master/17804/ : SUCCESS

http://cv.jenkins.couchbase.com/job/kv_engine.ASan-UBSan/job/master/25880/ : SUCCESS

http://cv.jenkins.couchbase.com/job/kv_engine.aarch64-linux/job/master/5432/ : SUCCESS

http://cv.jenkins.couchbase.com/job/kv_engine.macos/job/master/16540/ : SUCCESS
----------------------------------------------------------------------------------------------------------------------
Author: Build Bot
Date: 2022-02-22 12:34:32.000000000
Message: 
Patch Set 4:

Build Failed 

http://cv.jenkins.couchbase.com/job/kv_engine-windows-master/44088/ : FAILURE

Failure of GoogleTest "AllBucketTypes/ActiveDurabilityMonitorTest.MovingSyncWriteToResolvedQueueShouldInvalidateChains/persistent_magma_full_eviction":

<pre>
[ RUN      ] AllBucketTypes/ActiveDurabilityMonitorTest.MovingSyncWriteToResolvedQueueShouldInvalidateChains/persistent_magma_full_eviction
2022-02-22T04:31:58.128759-08:00 CRITICAL (SynchronousEPEngine:default) MagmaKVStore Magma open failed. Status:InternalError: Failed to rename \\?\C:\Jenkins\workspace\kv_engine-windows-master\build\kv_engine\ep_engine_ep_unit_tests.db\test.667502\magma.0\config.json.tmp to \\?\C:\Jenkins\workspace\kv_engine-windows-master\build\kv_engine\ep_engine_ep_unit_tests.db\test.667502\magma.0\config.json
unknown file: error: C++ exception with description "MagmaKVStore Magma open failed. Status:InternalError: Failed to rename \\?\C:\Jenkins\workspace\kv_engine-windows-master\build\kv_engine\ep_engine_ep_unit_tests.db\test.667502\magma.0\config.json.tmp to \\?\C:\Jenkins\workspace\kv_engine-windows-master\build\kv_engine\ep_engine_ep_unit_tests.db\test.667502\magma.0\config.json" thrown in SetUp().
unknown file: error: SEH exception with code 0xc0000005 thrown in TearDown().
[  FAILED  ] AllBucketTypes/ActiveDurabilityMonitorTest.MovingSyncWriteToResolvedQueueShouldInvalidateChains/persistent_magma_full_eviction, where GetParam() = ("persistent_magma", "full_eviction") (13 ms)
AllBucketTypes/ActiveDurabilityMonitorTest.MovingSyncWriteToResolvedQueueShouldInvalidateChains/persistent_magma_full_eviction
</pre>
 ( http://cv.jenkins.couchbase.com/job/kv_engine-windows-master/44088/ )

http://cv.jenkins.couchbase.com/job/kv_engine-clang_format_9/14570/ : SUCCESS

http://cv.jenkins.couchbase.com/job/kv_engine-clang_tidy-master/15723/ : SUCCESS

http://cv.jenkins.couchbase.com/job/kv_engine-clang_analyzer-master/37145/ : SUCCESS

http://cv.jenkins.couchbase.com/job/kv_engine.libFuzzer/job/master/5373/ : SUCCESS

http://cv.jenkins.couchbase.com/job/kv_engine.linux-CE/job/master/17477/ : SUCCESS

http://cv.jenkins.couchbase.com/job/kv_engine.threadsanitizer/job/master/18514/ : SUCCESS

http://cv.jenkins.couchbase.com/job/kv_engine.linux/job/master/17804/ : SUCCESS

http://cv.jenkins.couchbase.com/job/kv_engine.ASan-UBSan/job/master/25880/ : SUCCESS

http://cv.jenkins.couchbase.com/job/kv_engine.aarch64-linux/job/master/5432/ : SUCCESS

http://cv.jenkins.couchbase.com/job/kv_engine.macos/job/master/16540/ : SUCCESS
----------------------------------------------------------------------------------------------------------------------
Author: Build Bot
Date: 2022-02-22 15:21:07.000000000
Message: 
Patch Set 4:

Build Failed 

http://cv.jenkins.couchbase.com/job/kv_engine-windows-master/44098/ : FAILURE

Failure of an engine_testapp test:

<pre>
Running [31/159]: test bloomfilters"s in a delete+set scenario...(70 ms) SKIPPED_UNDER_MAGMA


99% tests passed, 1 tests failed out of 422

Total Test time (real) = 678.82 sec

The following tests FAIL
</pre>
 ( http://cv.jenkins.couchbase.com/job/kv_engine-windows-master/44098/ )

Timeout of a CTest test 422/422 Test #278: ep_testsuite.full_eviction.magma ..............................................................................................} ( http://cv.jenkins.couchbase.com/job/kv_engine-windows-master/44098/ )

http://cv.jenkins.couchbase.com/job/kv_engine-clang_format_9/14570/ : SUCCESS

http://cv.jenkins.couchbase.com/job/kv_engine-clang_tidy-master/15723/ : SUCCESS

http://cv.jenkins.couchbase.com/job/kv_engine-clang_analyzer-master/37145/ : SUCCESS

http://cv.jenkins.couchbase.com/job/kv_engine.libFuzzer/job/master/5373/ : SUCCESS

http://cv.jenkins.couchbase.com/job/kv_engine.linux-CE/job/master/17477/ : SUCCESS

http://cv.jenkins.couchbase.com/job/kv_engine.threadsanitizer/job/master/18514/ : SUCCESS

http://cv.jenkins.couchbase.com/job/kv_engine.linux/job/master/17804/ : SUCCESS

http://cv.jenkins.couchbase.com/job/kv_engine.ASan-UBSan/job/master/25880/ : SUCCESS

http://cv.jenkins.couchbase.com/job/kv_engine.aarch64-linux/job/master/5432/ : SUCCESS

http://cv.jenkins.couchbase.com/job/kv_engine.macos/job/master/16540/ : SUCCESS
----------------------------------------------------------------------------------------------------------------------
Author: Build Bot
Date: 2022-02-22 16:23:00.000000000
Message: 
Patch Set 4:

Build Failed 

http://cv.jenkins.couchbase.com/job/kv_engine-windows-master/44103/ : FAILURE

Failure of an engine_testapp test:

<pre>
Running [91/159]: vbucket cas (dead)...(25 ms) OK


99% tests passed, 1 tests failed out of 422

Total Test time (real) = 716.88 sec

The following tests FAIL
</pre>
 ( http://cv.jenkins.couchbase.com/job/kv_engine-windows-master/44103/ )

Timeout of a CTest test 422/422 Test #275: ep_testsuite.ephemeral.comp_passive ...........................................................................................} ( http://cv.jenkins.couchbase.com/job/kv_engine-windows-master/44103/ )

http://cv.jenkins.couchbase.com/job/kv_engine-clang_format_9/14570/ : SUCCESS

http://cv.jenkins.couchbase.com/job/kv_engine-clang_tidy-master/15723/ : SUCCESS

http://cv.jenkins.couchbase.com/job/kv_engine-clang_analyzer-master/37145/ : SUCCESS

http://cv.jenkins.couchbase.com/job/kv_engine.libFuzzer/job/master/5373/ : SUCCESS

http://cv.jenkins.couchbase.com/job/kv_engine.linux-CE/job/master/17477/ : SUCCESS

http://cv.jenkins.couchbase.com/job/kv_engine.threadsanitizer/job/master/18514/ : SUCCESS

http://cv.jenkins.couchbase.com/job/kv_engine.linux/job/master/17804/ : SUCCESS

http://cv.jenkins.couchbase.com/job/kv_engine.ASan-UBSan/job/master/25880/ : SUCCESS

http://cv.jenkins.couchbase.com/job/kv_engine.aarch64-linux/job/master/5432/ : SUCCESS

http://cv.jenkins.couchbase.com/job/kv_engine.macos/job/master/16540/ : SUCCESS
----------------------------------------------------------------------------------------------------------------------
Author: Build Bot
Date: 2022-02-22 16:51:48.000000000
Message: 
Patch Set 4:

Build Failed 

http://cv.jenkins.couchbase.com/job/kv_engine-windows-master/44107/ : FAILURE

Failure of an engine_testapp test:

<pre>
Running [139/159]: test eviction with xattr...(17 ms) SKIPPED


99% tests passed, 1 tests failed out of 422

Total Test time (real) = 700.60 sec

The following tests FAIL
</pre>
 ( http://cv.jenkins.couchbase.com/job/kv_engine-windows-master/44107/ )

Timeout of a CTest test 422/422 Test #275: ep_testsuite.ephemeral.comp_passive ...........................................................................................} ( http://cv.jenkins.couchbase.com/job/kv_engine-windows-master/44107/ )

http://cv.jenkins.couchbase.com/job/kv_engine-clang_format_9/14570/ : SUCCESS

http://cv.jenkins.couchbase.com/job/kv_engine-clang_tidy-master/15723/ : SUCCESS

http://cv.jenkins.couchbase.com/job/kv_engine-clang_analyzer-master/37145/ : SUCCESS

http://cv.jenkins.couchbase.com/job/kv_engine.libFuzzer/job/master/5373/ : SUCCESS

http://cv.jenkins.couchbase.com/job/kv_engine.linux-CE/job/master/17477/ : SUCCESS

http://cv.jenkins.couchbase.com/job/kv_engine.threadsanitizer/job/master/18514/ : SUCCESS

http://cv.jenkins.couchbase.com/job/kv_engine.linux/job/master/17804/ : SUCCESS

http://cv.jenkins.couchbase.com/job/kv_engine.ASan-UBSan/job/master/25880/ : SUCCESS

http://cv.jenkins.couchbase.com/job/kv_engine.aarch64-linux/job/master/5432/ : SUCCESS

http://cv.jenkins.couchbase.com/job/kv_engine.macos/job/master/16540/ : SUCCESS
----------------------------------------------------------------------------------------------------------------------
Author: Build Bot
Date: 2022-02-22 17:17:34.000000000
Message: 
Patch Set 4: Verified+1

Build Successful 

http://cv.jenkins.couchbase.com/job/kv_engine-clang_format_9/14570/ : SUCCESS

http://cv.jenkins.couchbase.com/job/kv_engine-clang_tidy-master/15723/ : SUCCESS

http://cv.jenkins.couchbase.com/job/kv_engine-clang_analyzer-master/37145/ : SUCCESS

http://cv.jenkins.couchbase.com/job/kv_engine.libFuzzer/job/master/5373/ : SUCCESS

http://cv.jenkins.couchbase.com/job/kv_engine.linux-CE/job/master/17477/ : SUCCESS

http://cv.jenkins.couchbase.com/job/kv_engine.threadsanitizer/job/master/18514/ : SUCCESS

http://cv.jenkins.couchbase.com/job/kv_engine.linux/job/master/17804/ : SUCCESS

http://cv.jenkins.couchbase.com/job/kv_engine.ASan-UBSan/job/master/25880/ : SUCCESS

http://cv.jenkins.couchbase.com/job/kv_engine.aarch64-linux/job/master/5432/ : SUCCESS

http://cv.jenkins.couchbase.com/job/kv_engine.macos/job/master/16540/ : SUCCESS

http://cv.jenkins.couchbase.com/job/kv_engine-windows-master/44109/ : SUCCESS
----------------------------------------------------------------------------------------------------------------------
Author: Dave Rigby
Date: 2022-02-24 13:23:03.000000000
Message: 
Patch Set 4: Code-Review+2
----------------------------------------------------------------------------------------------------------------------
