======================================================================================================================
DESCRIPTION:

MB-51413: Return ReadVBStateResult from snapshot magma readVBState

We should return consistent types from these functions

Change-Id: I9b4a7fd5ae9b9bb3dc3f5f0b45efb0fc6208e4ad

======================================================================================================================
COMMENTS
======================================================================================================================
Author: Ben Huddleston
Date: 2022-03-21 13:53:41.000000000
Message: 
Uploaded patch set 6: Patch Set 5 was rebased.
----------------------------------------------------------------------------------------------------------------------
Author: Build Bot
Date: 2022-03-21 14:47:00.000000000
Message: 
Patch Set 6: Verified-1 -Code-Review

Build Failed 

http://cv.jenkins.couchbase.com/job/kv_engine-windows-master/44584/ : FAILURE

Failure of an engine_testapp test:

<pre>
Running [10/93]: test dcp replica stream backfill...WARNING: Logging before InitGoogleLogging() is written to STDERR
W0321 07:29:48.919075 177040 HazptrDomain.h:670] Using the default inline executor for asynchronous reclamation may be susceptible to deadlock if the current thread happens to hold a resource needed by the deleter of a reclaimable object


99% tests passed, 1 tests failed out of 432

Total Test time (real) = 350.06 sec

The following tests FAIL
</pre>
 ( http://cv.jenkins.couchbase.com/job/kv_engine-windows-master/44584/ )

Timeout of a CTest test 432/432 Test #300: ep_testsuite_dcp.full_eviction.comp_active ....................................................................................} ( http://cv.jenkins.couchbase.com/job/kv_engine-windows-master/44584/ )

http://cv.jenkins.couchbase.com/job/kv_engine-clang_tidy-master/16116/ : SUCCESS

http://cv.jenkins.couchbase.com/job/kv_engine-clang_analyzer-master/37530/ : SUCCESS

http://cv.jenkins.couchbase.com/job/kv_engine-clang_format_9/15043/ : SUCCESS

http://cv.jenkins.couchbase.com/job/kv_engine.macos/job/master/16959/ : SUCCESS

http://cv.jenkins.couchbase.com/job/kv_engine.aarch64-linux/job/master/5830/ : SUCCESS

http://cv.jenkins.couchbase.com/job/kv_engine.libFuzzer/job/master/5772/ : SUCCESS

http://cv.jenkins.couchbase.com/job/kv_engine.linux-CE/job/master/17884/ : SUCCESS

http://cv.jenkins.couchbase.com/job/kv_engine.threadsanitizer/job/master/18917/ : SUCCESS

http://cv.jenkins.couchbase.com/job/kv_engine.linux/job/master/18205/ : SUCCESS

http://cv.jenkins.couchbase.com/job/kv_engine.ASan-UBSan/job/master/26290/ : SUCCESS
----------------------------------------------------------------------------------------------------------------------
Author: Build Bot
Date: 2022-03-21 15:50:27.000000000
Message: 
Patch Set 6:

Build Failed 

http://cv.jenkins.couchbase.com/job/kv_engine-windows-master/44590/ : FAILURE

Failure of an engine_testapp test:

<pre>
Running [128/159]: test add with item_eviction...(5 ms) SKIPPED


99% tests passed, 1 tests failed out of 432

Total Test time (real) = 1062.24 sec

The following tests FAIL
</pre>
 ( http://cv.jenkins.couchbase.com/job/kv_engine-windows-master/44590/ )

Timeout of a CTest test 432/432 Test #281: ep_testsuite.value_eviction.comp_passive ......................................................................................} ( http://cv.jenkins.couchbase.com/job/kv_engine-windows-master/44590/ )

http://cv.jenkins.couchbase.com/job/kv_engine-clang_tidy-master/16116/ : SUCCESS

http://cv.jenkins.couchbase.com/job/kv_engine-clang_analyzer-master/37530/ : SUCCESS

http://cv.jenkins.couchbase.com/job/kv_engine-clang_format_9/15043/ : SUCCESS

http://cv.jenkins.couchbase.com/job/kv_engine.macos/job/master/16959/ : SUCCESS

http://cv.jenkins.couchbase.com/job/kv_engine.aarch64-linux/job/master/5830/ : SUCCESS

http://cv.jenkins.couchbase.com/job/kv_engine.libFuzzer/job/master/5772/ : SUCCESS

http://cv.jenkins.couchbase.com/job/kv_engine.linux-CE/job/master/17884/ : SUCCESS

http://cv.jenkins.couchbase.com/job/kv_engine.threadsanitizer/job/master/18917/ : SUCCESS

http://cv.jenkins.couchbase.com/job/kv_engine.linux/job/master/18205/ : SUCCESS

http://cv.jenkins.couchbase.com/job/kv_engine.ASan-UBSan/job/master/26290/ : SUCCESS
----------------------------------------------------------------------------------------------------------------------
Author: Build Bot
Date: 2022-03-21 16:54:38.000000000
Message: 
Patch Set 6:

Build Failed 

http://cv.jenkins.couchbase.com/job/kv_engine-windows-master/44593/ : FAILURE

Failure of an engine_testapp test:

<pre>
Running [24/93]: test producer stream request (disk only)...W0321 09:53:01.965741 177628 HazptrDomain.h:670] Using the default inline executor for asynchronous reclamation may be susceptible to deadlock if the current thread happens to hold a resource needed by the deleter of a reclaimable object


99% tests passed, 1 tests failed out of 432

Total Test time (real) = 421.30 sec

The following tests FAIL
</pre>
 ( http://cv.jenkins.couchbase.com/job/kv_engine-windows-master/44593/ )

Timeout of a CTest test 432/432 Test #304: ep_testsuite_dcp.full_eviction.magma ..........................................................................................} ( http://cv.jenkins.couchbase.com/job/kv_engine-windows-master/44593/ )

http://cv.jenkins.couchbase.com/job/kv_engine-clang_tidy-master/16116/ : SUCCESS

http://cv.jenkins.couchbase.com/job/kv_engine-clang_analyzer-master/37530/ : SUCCESS

http://cv.jenkins.couchbase.com/job/kv_engine-clang_format_9/15043/ : SUCCESS

http://cv.jenkins.couchbase.com/job/kv_engine.macos/job/master/16959/ : SUCCESS

http://cv.jenkins.couchbase.com/job/kv_engine.aarch64-linux/job/master/5830/ : SUCCESS

http://cv.jenkins.couchbase.com/job/kv_engine.libFuzzer/job/master/5772/ : SUCCESS

http://cv.jenkins.couchbase.com/job/kv_engine.linux-CE/job/master/17884/ : SUCCESS

http://cv.jenkins.couchbase.com/job/kv_engine.threadsanitizer/job/master/18917/ : SUCCESS

http://cv.jenkins.couchbase.com/job/kv_engine.linux/job/master/18205/ : SUCCESS

http://cv.jenkins.couchbase.com/job/kv_engine.ASan-UBSan/job/master/26290/ : SUCCESS
----------------------------------------------------------------------------------------------------------------------
Author: Build Bot
Date: 2022-03-22 08:22:39.000000000
Message: 
Patch Set 6:

Build Failed 

http://cv.jenkins.couchbase.com/job/kv_engine-windows-master/44598/ : FAILURE

Failure of GoogleTest "FullAndValueEvictionOnReplicaAndPending/RollbackDcpTest.RollbackCommitOnTopOfAbortedSyncWrite/persistent_couchdb_value_only_replica":

<pre>
[ RUN      ] FullAndValueEvictionOnReplicaAndPending/RollbackDcpTest.RollbackCommitOnTopOfAbortedSyncWrite/persistent_couchdb_value_only_replica
unknown file: error: C++ exception with description "KVStoreFactory ctor: Specified dbname "ep_engine_ep_unit_tests.db/test.132501" is not a directory" thrown in SetUp().
unknown file: error: SEH exception with code 0xc0000005 thrown in TearDown().
[  FAILED  ] FullAndValueEvictionOnReplicaAndPending/RollbackDcpTest.RollbackCommitOnTopOfAbortedSyncWrite/persistent_couchdb_value_only_replica, where GetParam() = ("persistent_couchdb", "value_only", "replica") (2 ms)
FullAndValueEvictionOnReplicaAndPending/RollbackDcpTest.RollbackCommitOnTopOfAbortedSyncWrite/persistent_couchdb_value_only_replica
</pre>
 ( http://cv.jenkins.couchbase.com/job/kv_engine-windows-master/44598/ )

http://cv.jenkins.couchbase.com/job/kv_engine-clang_tidy-master/16116/ : SUCCESS

http://cv.jenkins.couchbase.com/job/kv_engine-clang_analyzer-master/37530/ : SUCCESS

http://cv.jenkins.couchbase.com/job/kv_engine-clang_format_9/15043/ : SUCCESS

http://cv.jenkins.couchbase.com/job/kv_engine.macos/job/master/16959/ : SUCCESS

http://cv.jenkins.couchbase.com/job/kv_engine.aarch64-linux/job/master/5830/ : SUCCESS

http://cv.jenkins.couchbase.com/job/kv_engine.libFuzzer/job/master/5772/ : SUCCESS

http://cv.jenkins.couchbase.com/job/kv_engine.linux-CE/job/master/17884/ : SUCCESS

http://cv.jenkins.couchbase.com/job/kv_engine.threadsanitizer/job/master/18917/ : SUCCESS

http://cv.jenkins.couchbase.com/job/kv_engine.linux/job/master/18205/ : SUCCESS

http://cv.jenkins.couchbase.com/job/kv_engine.ASan-UBSan/job/master/26290/ : SUCCESS
----------------------------------------------------------------------------------------------------------------------
Author: Build Bot
Date: 2022-03-22 09:38:53.000000000
Message: 
Patch Set 6:

Build Failed 

http://cv.jenkins.couchbase.com/job/kv_engine-windows-master/44604/ : FAILURE

Failure of an engine_testapp test:

<pre>
Running [89/159]: vbucket add (pending)...(66 ms) OK


99% tests passed, 1 tests failed out of 432

Total Test time (real) = 696.97 sec

The following tests FAIL
</pre>
 ( http://cv.jenkins.couchbase.com/job/kv_engine-windows-master/44604/ )

Timeout of a CTest test 432/432 Test #286: ep_testsuite.ephemeral.comp_active ............................................................................................} ( http://cv.jenkins.couchbase.com/job/kv_engine-windows-master/44604/ )

http://cv.jenkins.couchbase.com/job/kv_engine-clang_tidy-master/16116/ : SUCCESS

http://cv.jenkins.couchbase.com/job/kv_engine-clang_analyzer-master/37530/ : SUCCESS

http://cv.jenkins.couchbase.com/job/kv_engine-clang_format_9/15043/ : SUCCESS

http://cv.jenkins.couchbase.com/job/kv_engine.macos/job/master/16959/ : SUCCESS

http://cv.jenkins.couchbase.com/job/kv_engine.aarch64-linux/job/master/5830/ : SUCCESS

http://cv.jenkins.couchbase.com/job/kv_engine.libFuzzer/job/master/5772/ : SUCCESS

http://cv.jenkins.couchbase.com/job/kv_engine.linux-CE/job/master/17884/ : SUCCESS

http://cv.jenkins.couchbase.com/job/kv_engine.threadsanitizer/job/master/18917/ : SUCCESS

http://cv.jenkins.couchbase.com/job/kv_engine.linux/job/master/18205/ : SUCCESS

http://cv.jenkins.couchbase.com/job/kv_engine.ASan-UBSan/job/master/26290/ : SUCCESS
----------------------------------------------------------------------------------------------------------------------
Author: Build Bot
Date: 2022-03-22 10:38:41.000000000
Message: 
Patch Set 6:

Build Failed 

http://cv.jenkins.couchbase.com/job/kv_engine-windows-master/44609/ : FAILURE

Failure of an engine_testapp test:

<pre>
Running [34/159]: test access scanner settings...E0322 03:28:48.130681 128684 NotificationQueue.h:555] [NotificationQueue] Unexpected state while draining signals: signal_=1 bytes_read=0
(84 ms) OK


99% tests passed, 1 tests failed out of 432

Total Test time (real) = 682.37 sec

The following tests FAIL
</pre>
 ( http://cv.jenkins.couchbase.com/job/kv_engine-windows-master/44609/ )

Timeout of a CTest test 432/432 Test #282: ep_testsuite.value_eviction.comp_active .......................................................................................} ( http://cv.jenkins.couchbase.com/job/kv_engine-windows-master/44609/ )

http://cv.jenkins.couchbase.com/job/kv_engine-clang_tidy-master/16116/ : SUCCESS

http://cv.jenkins.couchbase.com/job/kv_engine-clang_analyzer-master/37530/ : SUCCESS

http://cv.jenkins.couchbase.com/job/kv_engine-clang_format_9/15043/ : SUCCESS

http://cv.jenkins.couchbase.com/job/kv_engine.macos/job/master/16959/ : SUCCESS

http://cv.jenkins.couchbase.com/job/kv_engine.aarch64-linux/job/master/5830/ : SUCCESS

http://cv.jenkins.couchbase.com/job/kv_engine.libFuzzer/job/master/5772/ : SUCCESS

http://cv.jenkins.couchbase.com/job/kv_engine.linux-CE/job/master/17884/ : SUCCESS

http://cv.jenkins.couchbase.com/job/kv_engine.threadsanitizer/job/master/18917/ : SUCCESS

http://cv.jenkins.couchbase.com/job/kv_engine.linux/job/master/18205/ : SUCCESS

http://cv.jenkins.couchbase.com/job/kv_engine.ASan-UBSan/job/master/26290/ : SUCCESS
----------------------------------------------------------------------------------------------------------------------
Author: James H
Date: 2022-03-23 15:08:14.000000000
Message: 
Patch Set 6: Code-Review+2
----------------------------------------------------------------------------------------------------------------------
Author: Build Bot
Date: 2022-03-24 10:31:33.000000000
Message: 
Patch Set 6:

Build Failed 

http://cv.jenkins.couchbase.com/job/kv_engine-windows-master/44646/ : FAILURE

Compile error at C:/Jenkins/workspace/kv_engine-windows-master/kv_engine/engines/ep/src/kvstore/magma-kvstore/magma-kvstore.cc(602): error C2039: "SetMaxOpenFiles": is not a member of "magma" ( http://cv.jenkins.couchbase.com/job/kv_engine-windows-master/44646/ )

http://cv.jenkins.couchbase.com/job/kv_engine-clang_tidy-master/16116/ : SUCCESS

http://cv.jenkins.couchbase.com/job/kv_engine-clang_analyzer-master/37530/ : SUCCESS

http://cv.jenkins.couchbase.com/job/kv_engine-clang_format_9/15043/ : SUCCESS

http://cv.jenkins.couchbase.com/job/kv_engine.macos/job/master/16959/ : SUCCESS

http://cv.jenkins.couchbase.com/job/kv_engine.aarch64-linux/job/master/5830/ : SUCCESS

http://cv.jenkins.couchbase.com/job/kv_engine.libFuzzer/job/master/5772/ : SUCCESS

http://cv.jenkins.couchbase.com/job/kv_engine.linux-CE/job/master/17884/ : SUCCESS

http://cv.jenkins.couchbase.com/job/kv_engine.threadsanitizer/job/master/18917/ : SUCCESS

http://cv.jenkins.couchbase.com/job/kv_engine.linux/job/master/18205/ : SUCCESS

http://cv.jenkins.couchbase.com/job/kv_engine.ASan-UBSan/job/master/26290/ : SUCCESS
----------------------------------------------------------------------------------------------------------------------
