======================================================================================================================
DESCRIPTION:

MB-55086: Increase default number of NonIO threads to 0.5 * nCPUs

Increase from 30% of CPU core count to 50%. From the code comment:

This used to be a smaller coefficient, but since the introduction of
SyncWrites we require NonIO tasks to run to complete them (both DCP
ActiveStreamCheckpointProcessorTask and DurabilityCompletionTask) and
hence we have increased the coefficient, based on empirical testing.

We could likely increase further, however if there was a problem with
other NonIO tasks consuming excessive CPU that could start to impact
front-end threads, so let's increase this gradually...

Change-Id: Idecc12352591b910b3749c6051894fdd884a6f12

======================================================================================================================
COMMENTS
======================================================================================================================
Author: Dave Rigby
Date: 2023-02-06 14:21:11.000000000
Message: 
Uploaded patch set 1.
----------------------------------------------------------------------------------------------------------------------
Author: Restriction Checker
Date: 2023-02-06 14:21:27.000000000
Message: 
Patch Set 1: Well-Formed+1

Permission granted to commit: 

https://server.jenkins.couchbase.com/job/restricted-branch-check/336439/artifact/restricted.html : SUCCESS
----------------------------------------------------------------------------------------------------------------------
Author: Build Bot
Date: 2023-02-06 14:55:32.000000000
Message: 
Patch Set 1: Verified-1

Build Failed 

https://cv.jenkins.couchbase.com/job/kv_engine-windows-neo/1237/ : FAILURE

Failure of an engine_testapp test:

<pre>
Running [35/44]: test CAS regeneration lww...(41 ms) OK


99% tests passed, 1 tests failed out of 429

Total Test time (real) = 248.94 sec

The following tests FAIL
</pre>
 ( https://cv.jenkins.couchbase.com/job/kv_engine-windows-neo/1237/ )

Timeout of a CTest test 429/429 Test #310: ep_testsuite_xdcr.value_eviction.comp_passive .................................................................................} ( https://cv.jenkins.couchbase.com/job/kv_engine-windows-neo/1237/ )

https://cv.jenkins.couchbase.com/job/kv_engine.ASan-UBSan/job/neo/1044/ : FAILURE

Failure of GoogleTest "TransportProtocols/XattrTest.mb25928_SystemCantExceedSystemLimit/Mcbp_XattrYes_JsonYes_SnappyYes":

<pre>
[ RUN      ] TransportProtocols/XattrTest.mb25928_SystemCantExceedSystemLimit/Mcbp_XattrYes_JsonYes_SnappyYes
[2023-02-06T14:33:18.574Z] unknown file: Failure
[2023-02-06T14:33:18.574Z] C++ exception with description "Failed to store TransportProtocols_XattrTest_mb25928_SystemCantExceedSystemLimit_Mcbp_XattrYes_JsonYes_SnappyYes: Temporary failure (134)" thrown in SetUp().
[2023-02-06T14:33:18.574Z] [  FAILED  ] TransportProtocols/XattrTest.mb25928_SystemCantExceedSystemLimit/Mcbp_XattrYes_JsonYes_SnappyYes, where GetParam() = (Mcbp, XattrYes, 4-byte object <00-00 00-00>, 4-byte object <00-00 00-00>) (3 ms)
TransportProtocols/XattrTest.mb25928_SystemCantExceedSystemLimit/Mcbp_XattrYes_JsonYes_SnappyYes
</pre>
 ( https://cv.jenkins.couchbase.com/job/kv_engine.ASan-UBSan/job/neo/1044/ )

https://cv.jenkins.couchbase.com/job/kv_engine.macos/job/neo/1356/ : FAILURE

No problems were identified. If you know why this problem occurred, please add a suitable Cause for it. ( https://cv.jenkins.couchbase.com/job/kv_engine.macos/job/neo/1356/ )

https://cv.jenkins.couchbase.com/job/kv_engine-clang_tidy-neo/1030/ : SUCCESS

https://cv.jenkins.couchbase.com/job/kv_engine-clang_analyzer-neo/1000/ : SUCCESS

https://cv.jenkins.couchbase.com/job/kv_engine-clang_format_9/22539/ : SUCCESS

https://cv.jenkins.couchbase.com/job/kv_engine.libFuzzer/job/neo/1023/ : SUCCESS

https://cv.jenkins.couchbase.com/job/kv_engine.linux-CE/job/neo/1054/ : SUCCESS

https://cv.jenkins.couchbase.com/job/kv_engine.threadsanitizer/job/neo/1053/ : SUCCESS

https://cv.jenkins.couchbase.com/job/kv_engine.linux/job/neo/1047/ : SUCCESS

https://cv.jenkins.couchbase.com/job/kv_engine.aarch64-linux/job/neo/1050/ : SUCCESS
----------------------------------------------------------------------------------------------------------------------
Author: Build Bot
Date: 2023-02-06 16:03:50.000000000
Message: 
Patch Set 1:

Build Failed 

https://cv.jenkins.couchbase.com/job/kv_engine.macos/job/neo/1360/ : FAILURE

No problems were identified. If you know why this problem occurred, please add a suitable Cause for it. ( https://cv.jenkins.couchbase.com/job/kv_engine.macos/job/neo/1360/ )

https://cv.jenkins.couchbase.com/job/kv_engine-windows-neo/1241/ : FAILURE

Failure of an engine_testapp test:

<pre>
Running [8/93]: test dcp noop failure...(72 ms) OK


99% tests passed, 1 tests failed out of 429

Total Test time (real) = 364.61 sec

The following tests FAIL
</pre>
 ( https://cv.jenkins.couchbase.com/job/kv_engine-windows-neo/1241/ )

Timeout of a CTest test 429/429 Test #300: ep_testsuite_dcp.value_eviction.magma .........................................................................................} ( https://cv.jenkins.couchbase.com/job/kv_engine-windows-neo/1241/ )

https://cv.jenkins.couchbase.com/job/kv_engine-clang_tidy-neo/1030/ : SUCCESS

https://cv.jenkins.couchbase.com/job/kv_engine-clang_analyzer-neo/1000/ : SUCCESS

https://cv.jenkins.couchbase.com/job/kv_engine-clang_format_9/22539/ : SUCCESS

https://cv.jenkins.couchbase.com/job/kv_engine.libFuzzer/job/neo/1023/ : SUCCESS

https://cv.jenkins.couchbase.com/job/kv_engine.linux-CE/job/neo/1054/ : SUCCESS

https://cv.jenkins.couchbase.com/job/kv_engine.ASan-UBSan/job/neo/1048/ : SUCCESS

https://cv.jenkins.couchbase.com/job/kv_engine.threadsanitizer/job/neo/1053/ : SUCCESS

https://cv.jenkins.couchbase.com/job/kv_engine.linux/job/neo/1047/ : SUCCESS

https://cv.jenkins.couchbase.com/job/kv_engine.aarch64-linux/job/neo/1050/ : SUCCESS
----------------------------------------------------------------------------------------------------------------------
Author: Build Bot
Date: 2023-02-07 11:58:32.000000000
Message: 
Patch Set 1:

Build Failed 

https://cv.jenkins.couchbase.com/job/kv_engine-windows-neo/1245/ : FAILURE

Failure of an engine_testapp test:

<pre>
Running [112/160]: test num persisted deletes (takeover stats)...(2893 ms) SKIPPED_UNDER_MAGMA


99% tests passed, 1 tests failed out of 429

Total Test time (real) = 711.53 sec

The following tests FAIL
</pre>
 ( https://cv.jenkins.couchbase.com/job/kv_engine-windows-neo/1245/ )

Timeout of a CTest test 429/429 Test #285: ep_testsuite.full_eviction.magma ..............................................................................................} ( https://cv.jenkins.couchbase.com/job/kv_engine-windows-neo/1245/ )

https://cv.jenkins.couchbase.com/job/kv_engine.macos/job/neo/1363/ : FAILURE

No problems were identified. If you know why this problem occurred, please add a suitable Cause for it. ( https://cv.jenkins.couchbase.com/job/kv_engine.macos/job/neo/1363/ )

https://cv.jenkins.couchbase.com/job/kv_engine-clang_tidy-neo/1030/ : SUCCESS

https://cv.jenkins.couchbase.com/job/kv_engine-clang_analyzer-neo/1000/ : SUCCESS

https://cv.jenkins.couchbase.com/job/kv_engine-clang_format_9/22539/ : SUCCESS

https://cv.jenkins.couchbase.com/job/kv_engine.libFuzzer/job/neo/1023/ : SUCCESS

https://cv.jenkins.couchbase.com/job/kv_engine.linux-CE/job/neo/1054/ : SUCCESS

https://cv.jenkins.couchbase.com/job/kv_engine.ASan-UBSan/job/neo/1048/ : SUCCESS

https://cv.jenkins.couchbase.com/job/kv_engine.threadsanitizer/job/neo/1053/ : SUCCESS

https://cv.jenkins.couchbase.com/job/kv_engine.linux/job/neo/1047/ : SUCCESS

https://cv.jenkins.couchbase.com/job/kv_engine.aarch64-linux/job/neo/1050/ : SUCCESS
----------------------------------------------------------------------------------------------------------------------
Author: Build Bot
Date: 2023-02-09 21:33:01.000000000
Message: 
Patch Set 1:

Build Failed 

https://cv.jenkins.couchbase.com/job/kv_engine.macos/job/neo/1407/ : FAILURE

No problems were identified. If you know why this problem occurred, please add a suitable Cause for it. ( https://cv.jenkins.couchbase.com/job/kv_engine.macos/job/neo/1407/ )

https://cv.jenkins.couchbase.com/job/kv_engine-windows-neo/1290/ : FAILURE

Failure of an engine_testapp test:

<pre>
Running [31/160]: test bloomfilters"s in a delete+set scenario...(14 ms) SKIPPED


99% tests passed, 2 tests failed out of 429

Total Test time (real) = 691.19 sec

The following tests FAIL
</pre>
 ( https://cv.jenkins.couchbase.com/job/kv_engine-windows-neo/1290/ )

Timeout of a CTest test 428/429 Test #180: ep-engine_ep_unit_tests.PersistentAndEphemeral/StreamTest .....................................................................} ( https://cv.jenkins.couchbase.com/job/kv_engine-windows-neo/1290/ )

https://cv.jenkins.couchbase.com/job/kv_engine-clang_tidy-neo/1030/ : SUCCESS

https://cv.jenkins.couchbase.com/job/kv_engine-clang_analyzer-neo/1000/ : SUCCESS

https://cv.jenkins.couchbase.com/job/kv_engine-clang_format_9/22539/ : SUCCESS

https://cv.jenkins.couchbase.com/job/kv_engine.libFuzzer/job/neo/1023/ : SUCCESS

https://cv.jenkins.couchbase.com/job/kv_engine.linux-CE/job/neo/1054/ : SUCCESS

https://cv.jenkins.couchbase.com/job/kv_engine.ASan-UBSan/job/neo/1048/ : SUCCESS

https://cv.jenkins.couchbase.com/job/kv_engine.threadsanitizer/job/neo/1053/ : SUCCESS

https://cv.jenkins.couchbase.com/job/kv_engine.linux/job/neo/1047/ : SUCCESS

https://cv.jenkins.couchbase.com/job/kv_engine.aarch64-linux/job/neo/1050/ : SUCCESS
----------------------------------------------------------------------------------------------------------------------
