======================================================================================================================
DESCRIPTION:

Remove ConnMap::releaseLock

The releaseLock was originally designed to synchronise cookie release
and notification. Once released, it was no longer correct to notify the
associated connection.

Since https://review.couchbase.org/c/kv_engine/+/167564/ the cookie has
been managed in an RAII manner - if the ConnHandler still exists, the
cookie is still reserved.

As such, if a shared_ptr is held, there is no danger of the cookie
being concurrently released, so the lock is unnecessary.

Change-Id: I3e6e99c4b360bf4ad6175dd5688e7077f13f1a80

======================================================================================================================
COMMENTS
======================================================================================================================
Author: James H
Date: 2022-02-10 10:33:36.000000000
Message: 
Uploaded patch set 1.
----------------------------------------------------------------------------------------------------------------------
Author: Build Bot
Date: 2022-02-10 11:50:26.000000000
Message: 
Patch Set 1: Verified-1

Build Failed 

http://cv.jenkins.couchbase.com/job/kv_engine-windows-master/43776/ : FAILURE

Failure of an engine_testapp test:

<pre>
Running [0000/0159]: expiry pager settings.....\kv_engine\engines\ep\tests\ep_testsuite.cc:689 Test failed: `" (Expected `0", got `-1" - Updated time incorrect, expect: 03:00, actual: 02:59)
(8101 ms) FAIL
</pre>
 ( http://cv.jenkins.couchbase.com/job/kv_engine-windows-master/43776/ )

Timeout of a CTest test 420/421 Test #270: ep_testsuite.value_eviction.comp_passive ......................................................................................} ( http://cv.jenkins.couchbase.com/job/kv_engine-windows-master/43776/ )

http://cv.jenkins.couchbase.com/job/kv_engine.linux-CE/job/master/17217/ : FAILURE

Failure of an engine_testapp test:

<pre>
Running [0103/0159]: test multiple vb compactions with workload...Exceeded maximum wait time of 60000000us waiting for stat "ep_workload_pattern" to be read_heavy (last value:write_heavy) - aborting.
</pre>
 ( http://cv.jenkins.couchbase.com/job/kv_engine.linux-CE/job/master/17217/ )

Failure of GoogleTest "TransportProtocols/XattrTest.mb25928_SystemCanExceedDocumentLimit/Mcbp_XattrYes_JsonNo_SnappyYes":

<pre>
[ RUN      ] TransportProtocols/XattrTest.mb25928_SystemCanExceedDocumentLimit/Mcbp_XattrYes_JsonNo_SnappyYes
[2022-02-10T11:17:42.020Z] unknown file: Failure
[2022-02-10T11:17:42.020Z] C++ exception with description "Failed to store TransportProtocols_XattrTest_mb25928_SystemCanExceedDocumentLimit_Mcbp_XattrYes_JsonNo_SnappyYes: Temporary failure (134)" thrown in SetUp().
[2022-02-10T11:17:42.020Z] [  FAILED  ] TransportProtocols/XattrTest.mb25928_SystemCanExceedDocumentLimit/Mcbp_XattrYes_JsonNo_SnappyYes, where GetParam() = (Mcbp, XattrYes, 4-byte object <01-00 00-00>, 4-byte object <00-00 00-00>) (1 ms)
TransportProtocols/XattrTest.mb25928_SystemCanExceedDocumentLimit/Mcbp_XattrYes_JsonNo_SnappyYes
</pre>
 ( http://cv.jenkins.couchbase.com/job/kv_engine.linux-CE/job/master/17217/ )

One of more core files found at the end of the build. Data for post-mortem saved to archived_core_dumps.tar.bz2 under "Build Artifacts". ( http://cv.jenkins.couchbase.com/job/kv_engine.linux-CE/job/master/17217/ )

Test exceeded the timeout:
[2022-02-10T11:20:48.938Z] /usr/bin/timeout: the monitored command dumped core ( http://cv.jenkins.couchbase.com/job/kv_engine.linux-CE/job/master/17217/ )

http://cv.jenkins.couchbase.com/job/kv_engine.ASan-UBSan/job/master/25624/ : FAILURE

http://cv.jenkins.couchbase.com/job/kv_engine-clang_format_9/14328/ : SUCCESS

http://cv.jenkins.couchbase.com/job/kv_engine-clang_tidy-master/15484/ : SUCCESS

http://cv.jenkins.couchbase.com/job/kv_engine-clang_analyzer-master/36923/ : SUCCESS

http://cv.jenkins.couchbase.com/job/kv_engine.macos/job/master/16303/ : SUCCESS

http://cv.jenkins.couchbase.com/job/kv_engine.aarch64-linux/job/master/5193/ : SUCCESS

http://cv.jenkins.couchbase.com/job/kv_engine.linux/job/master/17526/ : SUCCESS

http://cv.jenkins.couchbase.com/job/kv_engine.threadsanitizer/job/master/18262/ : SUCCESS

http://cv.jenkins.couchbase.com/job/kv_engine.libFuzzer/job/master/5134/ : SUCCESS
----------------------------------------------------------------------------------------------------------------------
Author: Build Bot
Date: 2022-02-10 15:22:10.000000000
Message: 
Patch Set 1:

Build Failed 

http://cv.jenkins.couchbase.com/job/kv_engine-windows-master/43790/ : FAILURE

Failure of an engine_testapp test:

<pre>
Running [0020/0093]: test producer stream request (partial)...(168 ms) OK


99% tests passed, 2 tests failed out of 421

Total Test time (real) = 349.37 sec

The following tests FAIL
</pre>
 ( http://cv.jenkins.couchbase.com/job/kv_engine-windows-master/43790/ )

Failure of GoogleTest "PersistentAndEphemeral/ConnectionTest.test_mb17042_duplicate_name_consumer_connections/0":

<pre>
[ RUN      ] PersistentAndEphemeral/ConnectionTest.test_mb17042_duplicate_name_consumer_connections/0
unknown file: error: C++ exception with description "KVStoreFactory ctor: Specified dbname "ep_engine_ep_unit_tests.db/test.676703" is not a directory" thrown in SetUp().
unknown file: error: C++ exception with description "cb::io::rmrf: remove of file \\?\C:\Jenkins\workspace\kv_engine-windows-master\build\kv_engine\ep_engine_ep_unit_tests.db\test.676703\nexus-secondary\magma.0\config.json.tmp under ep_engine_ep_unit_tests.db/test.676703 failed: The data is invalid." thrown in TearDown().
[  FAILED  ] PersistentAndEphemeral/ConnectionTest.test_mb17042_duplicate_name_consumer_connections/0, where GetParam() = ("ephemeral", "auto_delete") (21 ms)
PersistentAndEphemeral/ConnectionTest.test_mb17042_duplicate_name_consumer_connections/0
</pre>
 ( http://cv.jenkins.couchbase.com/job/kv_engine-windows-master/43790/ )

Timeout of a CTest test 421/421 Test #288: ep_testsuite_dcp.full_eviction.comp_passive ...................................................................................} ( http://cv.jenkins.couchbase.com/job/kv_engine-windows-master/43790/ )

http://cv.jenkins.couchbase.com/job/kv_engine.linux-CE/job/master/17226/ : FAILURE

http://cv.jenkins.couchbase.com/job/kv_engine-clang_format_9/14328/ : SUCCESS

http://cv.jenkins.couchbase.com/job/kv_engine-clang_tidy-master/15484/ : SUCCESS

http://cv.jenkins.couchbase.com/job/kv_engine-clang_analyzer-master/36923/ : SUCCESS

http://cv.jenkins.couchbase.com/job/kv_engine.macos/job/master/16303/ : SUCCESS

http://cv.jenkins.couchbase.com/job/kv_engine.aarch64-linux/job/master/5193/ : SUCCESS

http://cv.jenkins.couchbase.com/job/kv_engine.linux/job/master/17526/ : SUCCESS

http://cv.jenkins.couchbase.com/job/kv_engine.threadsanitizer/job/master/18262/ : SUCCESS

http://cv.jenkins.couchbase.com/job/kv_engine.ASan-UBSan/job/master/25633/ : SUCCESS

http://cv.jenkins.couchbase.com/job/kv_engine.libFuzzer/job/master/5134/ : SUCCESS
----------------------------------------------------------------------------------------------------------------------
Author: Build Bot
Date: 2022-02-10 16:57:09.000000000
Message: 
Patch Set 1:

Build Failed 

http://cv.jenkins.couchbase.com/job/kv_engine-windows-master/43802/ : FAILURE

Failure of an engine_testapp test:

<pre>
Running [0077/0159]: disk>RAM set bgfetch race (skipped)...(8 ms) SKIPPED


99% tests passed, 1 tests failed out of 421

Total Test time (real) = 723.67 sec

The following tests FAIL
</pre>
 ( http://cv.jenkins.couchbase.com/job/kv_engine-windows-master/43802/ )

Timeout of a CTest test 421/421 Test #275: ep_testsuite.ephemeral.comp_active ............................................................................................} ( http://cv.jenkins.couchbase.com/job/kv_engine-windows-master/43802/ )

http://cv.jenkins.couchbase.com/job/kv_engine-clang_format_9/14328/ : SUCCESS

http://cv.jenkins.couchbase.com/job/kv_engine-clang_tidy-master/15484/ : SUCCESS

http://cv.jenkins.couchbase.com/job/kv_engine-clang_analyzer-master/36923/ : SUCCESS

http://cv.jenkins.couchbase.com/job/kv_engine.macos/job/master/16303/ : SUCCESS

http://cv.jenkins.couchbase.com/job/kv_engine.aarch64-linux/job/master/5193/ : SUCCESS

http://cv.jenkins.couchbase.com/job/kv_engine.linux/job/master/17526/ : SUCCESS

http://cv.jenkins.couchbase.com/job/kv_engine.threadsanitizer/job/master/18262/ : SUCCESS

http://cv.jenkins.couchbase.com/job/kv_engine.ASan-UBSan/job/master/25633/ : SUCCESS

http://cv.jenkins.couchbase.com/job/kv_engine.libFuzzer/job/master/5134/ : SUCCESS

http://cv.jenkins.couchbase.com/job/kv_engine.linux-CE/job/master/17232/ : SUCCESS
----------------------------------------------------------------------------------------------------------------------
Author: Build Bot
Date: 2022-02-11 09:35:49.000000000
Message: 
Patch Set 1: Verified+1

Build Successful 

http://cv.jenkins.couchbase.com/job/kv_engine-clang_format_9/14328/ : SUCCESS

http://cv.jenkins.couchbase.com/job/kv_engine-clang_tidy-master/15484/ : SUCCESS

http://cv.jenkins.couchbase.com/job/kv_engine-clang_analyzer-master/36923/ : SUCCESS

http://cv.jenkins.couchbase.com/job/kv_engine.macos/job/master/16303/ : SUCCESS

http://cv.jenkins.couchbase.com/job/kv_engine.aarch64-linux/job/master/5193/ : SUCCESS

http://cv.jenkins.couchbase.com/job/kv_engine.linux/job/master/17526/ : SUCCESS

http://cv.jenkins.couchbase.com/job/kv_engine.threadsanitizer/job/master/18262/ : SUCCESS

http://cv.jenkins.couchbase.com/job/kv_engine.ASan-UBSan/job/master/25633/ : SUCCESS

http://cv.jenkins.couchbase.com/job/kv_engine.libFuzzer/job/master/5134/ : SUCCESS

http://cv.jenkins.couchbase.com/job/kv_engine.linux-CE/job/master/17232/ : SUCCESS

http://cv.jenkins.couchbase.com/job/kv_engine-windows-master/43824/ : SUCCESS
----------------------------------------------------------------------------------------------------------------------
