======================================================================================================================
DESCRIPTION:

Merge commit '018e92001' into couchbase/master

* commit '018e92001':
  MB-47009: Disable filtered streams and sync-replication

Change-Id: Idc9d1b3135aeb7ada58d6494e58c98f422fb7b5b

======================================================================================================================
COMMENTS
======================================================================================================================
Author: Richard de Mellow
Date: 2021-08-31 13:50:36.000000000
Message: 
Uploaded patch set 2: New merge patch set was added with a new first parent relative to Patch Set 1.
----------------------------------------------------------------------------------------------------------------------
Author: Build Bot
Date: 2021-08-31 15:16:28.000000000
Message: 
Patch Set 2: Verified-1

Build Failed 

http://cv.jenkins.couchbase.com/job/kv_engine-windows-master/39255/ : FAILURE

Failure of an engine_testapp test:

<pre>
Running [0074/0093]: test dcp early termination...W0831 08:12:49.596951 135492 HazptrDomain.h:670] Using the default inline executor for asynchronous reclamation may be susceptible to deadlock if the current thread happens to hold a resource needed by the deleter of a reclaimable object


99% tests passed, 1 tests failed out of 403

Total Test time (real) = 341.66 sec

The following tests FAIL
</pre>
 ( http://cv.jenkins.couchbase.com/job/kv_engine-windows-master/39255/ )

Timeout of a CTest test 403/403 Test #271: ep_testsuite_dcp.ephemeral.comp_passive .......................................................................................} ( http://cv.jenkins.couchbase.com/job/kv_engine-windows-master/39255/ )

http://cv.jenkins.couchbase.com/job/kv_engine.ASan-UBSan/job/master/21612/ : FAILURE

One of more core files found at the end of the build. Data for post-mortem saved to archived_core_dumps.tar.bz2 under "Build Artifacts". ( http://cv.jenkins.couchbase.com/job/kv_engine.ASan-UBSan/job/master/21612/ )

Timeout of a CTest test [2021-08-31T15:00:21.720Z]  16/404 Test #213: ep-engine_ep_unit_tests.FullOrValue/DurabilityWarmupTest ....................................................} ( http://cv.jenkins.couchbase.com/job/kv_engine.ASan-UBSan/job/master/21612/ )

http://cv.jenkins.couchbase.com/job/kv_engine-clang_tidy-master/11839/ : SUCCESS

http://cv.jenkins.couchbase.com/job/kv_engine-clang_analyzer-master/33428/ : SUCCESS

http://cv.jenkins.couchbase.com/job/kv_engine-clang_format_9/10622/ : SUCCESS

http://cv.jenkins.couchbase.com/job/kv_engine.macos/job/master/12595/ : SUCCESS

http://cv.jenkins.couchbase.com/job/kv_engine.libFuzzer/job/master/1481/ : SUCCESS

http://cv.jenkins.couchbase.com/job/kv_engine.linux-CE/job/master/13449/ : SUCCESS

http://cv.jenkins.couchbase.com/job/kv_engine.linux/job/master/13682/ : SUCCESS

http://cv.jenkins.couchbase.com/job/kv_engine.threadsanitizer/job/master/14101/ : SUCCESS

http://cv.jenkins.couchbase.com/job/kv_engine.aarch64-linux/job/master/1497/ : SUCCESS
----------------------------------------------------------------------------------------------------------------------
Author: Build Bot
Date: 2021-08-31 16:24:49.000000000
Message: 
Patch Set 2:

Build Failed 

http://cv.jenkins.couchbase.com/job/kv_engine-windows-master/39260/ : FAILURE

Failure of an engine_testapp test:

<pre>
Running [0039/0157]: stats...(18 ms) OK


99% tests passed, 1 tests failed out of 403

Total Test time (real) = 702.31 sec

The following tests FAIL
</pre>
 ( http://cv.jenkins.couchbase.com/job/kv_engine-windows-master/39260/ )

Timeout of a CTest test 403/403 Test #256: ep_testsuite.ephemeral.comp_active ............................................................................................} ( http://cv.jenkins.couchbase.com/job/kv_engine-windows-master/39260/ )

http://cv.jenkins.couchbase.com/job/kv_engine-clang_tidy-master/11839/ : SUCCESS

http://cv.jenkins.couchbase.com/job/kv_engine-clang_analyzer-master/33428/ : SUCCESS

http://cv.jenkins.couchbase.com/job/kv_engine-clang_format_9/10622/ : SUCCESS

http://cv.jenkins.couchbase.com/job/kv_engine.macos/job/master/12595/ : SUCCESS

http://cv.jenkins.couchbase.com/job/kv_engine.libFuzzer/job/master/1481/ : SUCCESS

http://cv.jenkins.couchbase.com/job/kv_engine.linux-CE/job/master/13449/ : SUCCESS

http://cv.jenkins.couchbase.com/job/kv_engine.linux/job/master/13682/ : SUCCESS

http://cv.jenkins.couchbase.com/job/kv_engine.threadsanitizer/job/master/14101/ : SUCCESS

http://cv.jenkins.couchbase.com/job/kv_engine.ASan-UBSan/job/master/21622/ : SUCCESS

http://cv.jenkins.couchbase.com/job/kv_engine.aarch64-linux/job/master/1497/ : SUCCESS
----------------------------------------------------------------------------------------------------------------------
Author: Build Bot
Date: 2021-09-01 08:46:05.000000000
Message: 
Patch Set 2: Verified+1

Build Successful 

http://cv.jenkins.couchbase.com/job/kv_engine-clang_tidy-master/11839/ : SUCCESS

http://cv.jenkins.couchbase.com/job/kv_engine-clang_analyzer-master/33428/ : SUCCESS

http://cv.jenkins.couchbase.com/job/kv_engine-clang_format_9/10622/ : SUCCESS

http://cv.jenkins.couchbase.com/job/kv_engine.macos/job/master/12595/ : SUCCESS

http://cv.jenkins.couchbase.com/job/kv_engine.libFuzzer/job/master/1481/ : SUCCESS

http://cv.jenkins.couchbase.com/job/kv_engine.linux-CE/job/master/13449/ : SUCCESS

http://cv.jenkins.couchbase.com/job/kv_engine.linux/job/master/13682/ : SUCCESS

http://cv.jenkins.couchbase.com/job/kv_engine.threadsanitizer/job/master/14101/ : SUCCESS

http://cv.jenkins.couchbase.com/job/kv_engine.ASan-UBSan/job/master/21622/ : SUCCESS

http://cv.jenkins.couchbase.com/job/kv_engine.aarch64-linux/job/master/1497/ : SUCCESS

http://cv.jenkins.couchbase.com/job/kv_engine-windows-master/39270/ : SUCCESS
----------------------------------------------------------------------------------------------------------------------
Author: Jim Walker
Date: 2021-09-01 09:18:29.000000000
Message: 
Patch Set 2: Code-Review+2
----------------------------------------------------------------------------------------------------------------------
Author: Richard de Mellow
Date: 2021-09-01 09:22:20.000000000
Message: 
Change has been successfully merged by Richard de Mellow
----------------------------------------------------------------------------------------------------------------------
Author: Build Bot
Date: 2021-09-01 09:23:03.000000000
Message: 
Patch Set 2:

Build Started http://cv.jenkins.couchbase.com/job/kv_engine-post-commit-master/8725/ (1/2)
----------------------------------------------------------------------------------------------------------------------
Author: Build Bot
Date: 2021-09-01 09:23:03.000000000
Message: 
Patch Set 2:

Build Started http://cv.jenkins.couchbase.com/job/kv_engine-post-commit-TSan-master/5732/ (2/2)
----------------------------------------------------------------------------------------------------------------------
Author: Build Bot
Date: 2021-09-01 10:15:06.000000000
Message: 
Patch Set 2:

Build Unstable 

http://cv.jenkins.couchbase.com/job/kv_engine-post-commit-TSan-master/5732/ : UNSTABLE

ERROR: do_warmup_100k (memcapable.WarmUpMemcachedTest)
 ( http://cv.jenkins.couchbase.com/job/kv_engine-post-commit-TSan-master/5732/ )

Failure of a testrunner test ( http://cv.jenkins.couchbase.com/job/kv_engine-post-commit-TSan-master/5732/ )

http://cv.jenkins.couchbase.com/job/kv_engine-post-commit-master/8725/ : SUCCESS'
----------------------------------------------------------------------------------------------------------------------
