======================================================================================================================
DESCRIPTION:

Simplify select_bucket_validator

There is no need for returning a special error message if the
name is longer than the max bucket name.

Change-Id: I401db1e48e551a6a7a5dbd91103a47d1c388acdb

======================================================================================================================
COMMENTS
======================================================================================================================
Author: Trond Norbye
Date: 2021-09-27 15:20:09.000000000
Message: 
Uploaded patch set 4: Patch Set 3 was rebased.
----------------------------------------------------------------------------------------------------------------------
Author: Build Bot
Date: 2021-09-27 16:31:48.000000000
Message: 
Patch Set 4: Verified-1

Build Failed 

http://cv.jenkins.couchbase.com/job/kv_engine-windows-master/40465/ : FAILURE

Failure of an engine_testapp test:

<pre>
Running [0020/0044]: set_with_meta race with concurrent delete...(19 ms) OK

        Start 393: memcached_testapp.ep.TransportProtocols/IPv6Test
390/410 Test #392: memcached_testapp.ep.TransportProtocols/IoctlTest .............................................................................   Passed    0.70 sec
        Start 394: memcached_testapp.ep.TransportProtocols/LockTest
391/410 Test #393: memcached_testapp.ep.TransportProtocols/IPv6Test ..............................................................................   Passed    0.71 sec
        Start 395: memcached_testapp.ep.TransportProtocols/ClusterConfigTest
392/410 Test #394: memcached_testapp.ep.TransportProtocols/LockTest ..............................................................................   Passed    0.80 sec
        Start 396: memcached_testapp.ep.TransportProtocols/CmdTimerTest
393/410 Test #396: memcached_testapp.ep.TransportProtocols/CmdTimerTest ..........................................................................   Passed    0.71 sec
        Start 397: memcached_testapp.ep.TransportProtocols/CollectionsTest
394/410 Test #388: memcached_testapp.ep.TransportProtocols/ExternalAuthTest ......................................................................   Passed    7.12 sec
        Start 398: memcached_testapp.ep.TransportProtocols/DcpTest
395/410 Test #397: memcached_testapp.ep.TransportProtocols/CollectionsTest .......................................................................   Passed    0.70 sec
        Start 399: memcached_testapp.ep.Transport/DeprecatedCommandsTests
396/410 Test #398: memcached_testapp.ep.TransportProtocols/DcpTest ...............................................................................   Passed    0.72 sec
        Start 400: memcached_testapp.ep.TransportProtocols/DurabilityTest
397/410 Test #391: memcached_testapp.ep.TransportProtocols/InterfacesTest ........................................................................   Passed    4.27 sec
        Start 401: memcached_testapp.ep.TransportProtocols/SubdocDurabilityTest
398/410 Test #400: memcached_testapp.ep.TransportProtocols/DurabilityTest ........................................................................   Passed    0.86 sec
        Start 402: memcached_testapp.ep.TransportProtocols/ErrmapTest
399/410 Test #399: memcached_testapp.ep.Transport/DeprecatedCommandsTests ........................................................................   Passed    1.43 sec
        Start 403: memcached_testapp.ep.TransportProtocols/ArithmeticTest
400/410 Test #395: memcached_testapp.ep.TransportProtocols/ClusterConfigTest .....................................................................   Passed    3.63 sec
        Start 404: memcached_testapp.ep.TransportProtocols/ArithmeticXattrOnTest
401/410 Test #401: memcached_testapp.ep.TransportProtocols/SubdocDurabilityTest ..................................................................   Passed    0.83 sec
        Start 405: memcached_testapp.ep.TransportProtocols/AuditTest
402/410 Test #402: memcached_testapp.ep.TransportProtocols/ErrmapTest ............................................................................   Passed    0.78 sec
        Start 406: memcached_testapp.ep.TransportProtocols/BucketTest
403/410 Test #404: memcached_testapp.ep.TransportProtocols/ArithmeticXattrOnTest .................................................................   Passed    0.91 sec
        Start 407: testapp_auth_provider_test
404/410 Test #407: testapp_auth_provider_test ....................................................................................................   Passed    0.11 sec
        Start 408: cluster_test
405/410 Test #403: memcached_testapp.ep.TransportProtocols/ArithmeticTest ........................................................................   Passed    3.48 sec
        Start 409: memcached_unsigned_leb128_test
406/410 Test #409: memcached_unsigned_leb128_test ................................................................................................   Passed    0.08 sec
        Start 410: memcached-hostutils-test
407/410 Test #410: memcached-hostutils-test ......................................................................................................   Passed    0.12 sec
408/410 Test #406: memcached_testapp.ep.TransportProtocols/BucketTest ............................................................................   Passed    8.63 sec
409/410 Test #405: memcached_testapp.ep.TransportProtocols/AuditTest .............................................................................   Passed   12.97 sec
410/410 Test #408: cluster_test ..................................................................................................................   Passed   13.97 sec

99% tests passed, 1 tests failed out of 410

Total Test time (real) = 828.39 sec

The following tests FAIL
</pre>
 ( http://cv.jenkins.couchbase.com/job/kv_engine-windows-master/40465/ )

Timeout of a CTest test 389/410 Test #295: ep_testsuite_xdcr.ephemeral.comp_passive ......................................................................................} ( http://cv.jenkins.couchbase.com/job/kv_engine-windows-master/40465/ )

http://cv.jenkins.couchbase.com/job/kv_engine-clang_analyzer-master/34436/ : SUCCESS

http://cv.jenkins.couchbase.com/job/kv_engine-clang_tidy-master/12887/ : SUCCESS

http://cv.jenkins.couchbase.com/job/kv_engine-clang_format_9/11677/ : SUCCESS

http://cv.jenkins.couchbase.com/job/kv_engine.libFuzzer/job/master/2518/ : SUCCESS

http://cv.jenkins.couchbase.com/job/kv_engine.linux/job/master/14755/ : SUCCESS

http://cv.jenkins.couchbase.com/job/kv_engine.linux-CE/job/master/14495/ : SUCCESS

http://cv.jenkins.couchbase.com/job/kv_engine.threadsanitizer/job/master/15297/ : SUCCESS

http://cv.jenkins.couchbase.com/job/kv_engine.aarch64-linux/job/master/2552/ : SUCCESS

http://cv.jenkins.couchbase.com/job/kv_engine.macos/job/master/13642/ : SUCCESS

http://cv.jenkins.couchbase.com/job/kv_engine.ASan-UBSan/job/master/22770/ : SUCCESS
----------------------------------------------------------------------------------------------------------------------
Author: Build Bot
Date: 2021-09-27 17:01:03.000000000
Message: 
Patch Set 4:

Build Failed 

http://cv.jenkins.couchbase.com/job/kv_engine-windows-master/40476/ : FAILURE

Failure of an engine_testapp test:

<pre>
Running [0038/0158]: item stats...(86 ms) OK


99% tests passed, 1 tests failed out of 410

Total Test time (real) = 664.00 sec

The following tests FAIL
</pre>
 ( http://cv.jenkins.couchbase.com/job/kv_engine-windows-master/40476/ )

Timeout of a CTest test 410/410 Test #262: ep_testsuite.full_eviction.comp_active ........................................................................................} ( http://cv.jenkins.couchbase.com/job/kv_engine-windows-master/40476/ )

http://cv.jenkins.couchbase.com/job/kv_engine-clang_analyzer-master/34436/ : SUCCESS

http://cv.jenkins.couchbase.com/job/kv_engine-clang_tidy-master/12887/ : SUCCESS

http://cv.jenkins.couchbase.com/job/kv_engine-clang_format_9/11677/ : SUCCESS

http://cv.jenkins.couchbase.com/job/kv_engine.libFuzzer/job/master/2518/ : SUCCESS

http://cv.jenkins.couchbase.com/job/kv_engine.linux/job/master/14755/ : SUCCESS

http://cv.jenkins.couchbase.com/job/kv_engine.linux-CE/job/master/14495/ : SUCCESS

http://cv.jenkins.couchbase.com/job/kv_engine.threadsanitizer/job/master/15297/ : SUCCESS

http://cv.jenkins.couchbase.com/job/kv_engine.aarch64-linux/job/master/2552/ : SUCCESS

http://cv.jenkins.couchbase.com/job/kv_engine.macos/job/master/13642/ : SUCCESS

http://cv.jenkins.couchbase.com/job/kv_engine.ASan-UBSan/job/master/22770/ : SUCCESS
----------------------------------------------------------------------------------------------------------------------
Author: Build Bot
Date: 2021-09-28 04:30:54.000000000
Message: 
Patch Set 4: Verified+1

Build Successful 

http://cv.jenkins.couchbase.com/job/kv_engine-clang_analyzer-master/34436/ : SUCCESS

http://cv.jenkins.couchbase.com/job/kv_engine-clang_tidy-master/12887/ : SUCCESS

http://cv.jenkins.couchbase.com/job/kv_engine-clang_format_9/11677/ : SUCCESS

http://cv.jenkins.couchbase.com/job/kv_engine.libFuzzer/job/master/2518/ : SUCCESS

http://cv.jenkins.couchbase.com/job/kv_engine.linux/job/master/14755/ : SUCCESS

http://cv.jenkins.couchbase.com/job/kv_engine.linux-CE/job/master/14495/ : SUCCESS

http://cv.jenkins.couchbase.com/job/kv_engine.threadsanitizer/job/master/15297/ : SUCCESS

http://cv.jenkins.couchbase.com/job/kv_engine.aarch64-linux/job/master/2552/ : SUCCESS

http://cv.jenkins.couchbase.com/job/kv_engine.macos/job/master/13642/ : SUCCESS

http://cv.jenkins.couchbase.com/job/kv_engine.ASan-UBSan/job/master/22770/ : SUCCESS

http://cv.jenkins.couchbase.com/job/kv_engine-windows-master/40483/ : SUCCESS
----------------------------------------------------------------------------------------------------------------------
Author: Dave Rigby
Date: 2021-09-28 14:17:06.000000000
Message: 
Patch Set 4: Code-Review+2
----------------------------------------------------------------------------------------------------------------------
