======================================================================================================================
DESCRIPTION:

Make xattr utils throw

Change-Id: I91629a4d81dac24ad1ec71831a96bc5e1230bb75

======================================================================================================================
COMMENTS
======================================================================================================================
Author: Jim Walker
Date: 2022-03-09 14:25:38.000000000
Message: 
Uploaded patch set 2.
----------------------------------------------------------------------------------------------------------------------
Author: Restriction Checker
Date: 2022-03-09 14:25:50.000000000
Message: 
Patch Set 2: Well-Formed-1

Branch restricted. PLEASE READ this URL: 

http://server.jenkins.couchbase.com/job/restricted-branch-check/290386/artifact/restricted.html : FAILURE
----------------------------------------------------------------------------------------------------------------------
Author: Build Bot
Date: 2022-03-09 15:30:47.000000000
Message: 
Patch Set 2: Verified-1

Build Failed 

http://cv.jenkins.couchbase.com/job/kv_engine-windows-cheshire-cat/462/ : FAILURE

Failure of an engine_testapp test:

<pre>
Running [0011/0018]: Baseline Stat latency...

        Start 381: memcached_testapp.ep.TransportProtocols/InterfacesTest
374/413 Test #377: memcached_testapp.ep.TransportProtocols/ErrmapTest ............................................................................   Passed    0.92 sec
        Start 382: memcached_testapp.ep.TransportProtocols/IoctlTest
375/413 Test #374: memcached_testapp.ep.Transport/DeprecatedCommandsTests ........................................................................   Passed    1.79 sec
        Start 383: memcached_testapp.ep.TransportProtocols/IPv6Test
376/413 Test #379: memcached_testapp.ep.TransportProtocols/FlushTest .............................................................................   Passed    0.89 sec
        Start 384: memcached_testapp.ep.TransportProtocols/LegacyUsersTest
377/413 Test #378: memcached_testapp.ep.TransportProtocols/ExternalAuthTest ......................................................................   Passed    1.54 sec
        Start 385: memcached_testapp.ep.TransportProtocols/LockTest
378/413 Test #381: memcached_testapp.ep.TransportProtocols/InterfacesTest ........................................................................   Passed    1.03 sec
        Start 386: memcached_testapp.ep.LoggingTests/LoggingTest
379/413 Test #382: memcached_testapp.ep.TransportProtocols/IoctlTest .............................................................................   Passed    0.90 sec
        Start 387: memcached_testapp.ep.TransportProtocols/MiscTest
380/413 Test #383: memcached_testapp.ep.TransportProtocols/IPv6Test ..............................................................................   Passed    0.88 sec
        Start 388: memcached_testapp.ep.TransportProtocols/NoAutoselectDefaultBucketTest
381/413 Test #384: memcached_testapp.ep.TransportProtocols/LegacyUsersTest .......................................................................   Passed    0.96 sec
        Start 389: memcached_testapp.ep.CleanOrUnclean/PersistToTest
382/413 Test #385: memcached_testapp.ep.TransportProtocols/LockTest ..............................................................................   Passed    1.00 sec
        Start 390: memcached_testapp.ep.TransportProtocols/RbacTest
383/413 Test #386: memcached_testapp.ep.LoggingTests/LoggingTest .................................................................................   Passed    0.92 sec
        Start 391: memcached_testapp.ep.TransportProtocols/RbacRoleTest
384/413 Test #387: memcached_testapp.ep.TransportProtocols/MiscTest ..............................................................................   Passed    1.11 sec
        Start 392: memcached_testapp.ep.TransportProtocols/RegressionTest
385/413 Test #388: memcached_testapp.ep.TransportProtocols/NoAutoselectDefaultBucketTest .........................................................   Passed    0.96 sec
        Start 393: memcached_testapp.ep.TransportProtocols/RemoveTest
386/413 Test #390: memcached_testapp.ep.TransportProtocols/RbacTest ..............................................................................   Passed    0.90 sec
        Start 394: memcached_testapp.ep.TransportProtocols/SaslTest
387/413 Test #391: memcached_testapp.ep.TransportProtocols/RbacRoleTest ..........................................................................   Passed    1.12 sec
        Start 395: memcached_testapp.ep.TransportProtocols/StatsTest
388/413 Test #392: memcached_testapp.ep.TransportProtocols/RegressionTest ........................................................................   Passed    1.23 sec
        Start 396: memcached_testapp.ep.TransportProtocols/NoBucketStatsTest
389/413 Test #393: memcached_testapp.ep.TransportProtocols/RemoveTest ............................................................................   Passed    1.47 sec
        Start 397: memcached_testapp.ep.Subdoc/SubdocTestappTest
390/413 Test #396: memcached_testapp.ep.TransportProtocols/NoBucketStatsTest .....................................................................   Passed    0.95 sec
        Start 398: memcached_testapp.ep.SDPerf/SubdocPerfTest
391/413 Test #395: memcached_testapp.ep.TransportProtocols/StatsTest .............................................................................   Passed    1.29 sec
        Start 399: memcached_testapp.ep.TransportProtocols/TlsTests
392/413 Test #380: memcached_testapp.ep.TransportProtocols/GetSetTest ............................................................................   Passed    4.54 sec
        Start 400: memcached_testapp.ep.Transport/McdTopkeysTest
393/413 Test #400: memcached_testapp.ep.Transport/McdTopkeysTest .................................................................................   Passed    0.84 sec
        Start 401: memcached_testapp.ep.TransportProtocols/TouchTest
394/413 Test #399: memcached_testapp.ep.TransportProtocols/TlsTests ..............................................................................   Passed    1.04 sec
        Start 402: memcached_testapp.ep.TransportProtocols/TtlTest
395/413 Test #401: memcached_testapp.ep.TransportProtocols/TouchTest .............................................................................   Passed    1.12 sec
        Start 403: memcached_testapp.ep.TransportProtocols/TuneMcbpSla
396/413 Test #389: memcached_testapp.ep.CleanOrUnclean/PersistToTest .............................................................................   Passed    4.90 sec
        Start 404: memcached_testapp.ep.TransportProtocols/WithMetaTest
397/413 Test #394: memcached_testapp.ep.TransportProtocols/SaslTest ..............................................................................   Passed    3.72 sec
        Start 405: memcached_testapp.ep.TransportProtocols/XattrTest
398/413 Test #402: memcached_testapp.ep.TransportProtocols/TtlTest ...............................................................................   Passed    1.18 sec
        Start 406: memcached_testapp.ep.TransportProtocols/XattrNoDocTest
399/413 Test #369: memcached_testapp.ep.TransportProtocols/BucketTest ............................................................................   Passed   10.10 sec
        Start 407: memcached_testapp.ep.TransportProtocols/XattrNoDocDurabilityTest
400/413 Test #397: memcached_testapp.ep.Subdoc/SubdocTestappTest .................................................................................   Passed    3.06 sec
        Start 408: memcached_testapp.ep.TransportProtocols/XattrDisabledTest
401/413 Test #403: memcached_testapp.ep.TransportProtocols/TuneMcbpSla ...........................................................................   Passed    0.98 sec
        Start 409: testapp_auth_provider_test
402/413 Test #409: testapp_auth_provider_test ....................................................................................................   Passed    0.05 sec
        Start 410: cluster_test
403/413 Test #406: memcached_testapp.ep.TransportProtocols/XattrNoDocTest ........................................................................   Passed    1.10 sec
        Start 411: memcached_topkeys_test
404/413 Test #408: memcached_testapp.ep.TransportProtocols/XattrDisabledTest .....................................................................   Passed    0.98 sec
        Start 412: memcached_unsigned_leb128_test
405/413 Test #411: memcached_topkeys_test ........................................................................................................   Passed    0.13 sec
        Start 413: memcached-hostutils-test
406/413 Test #412: memcached_unsigned_leb128_test ................................................................................................   Passed    0.04 sec
407/413 Test #413: memcached-hostutils-test ......................................................................................................   Passed    0.05 sec
408/413 Test #407: memcached_testapp.ep.TransportProtocols/XattrNoDocDurabilityTest ..............................................................   Passed    1.18 sec
409/413 Test #404: memcached_testapp.ep.TransportProtocols/WithMetaTest ..........................................................................   Passed    3.11 sec
410/413 Test #405: memcached_testapp.ep.TransportProtocols/XattrTest .............................................................................   Passed    3.23 sec
411/413 Test #347: memcached_testapp.default.SDPerf/SubdocPerfTest ...............................................................................   Passed   24.64 sec
412/413 Test #410: cluster_test ..................................................................................................................   Passed   14.42 sec
413/413 Test #398: memcached_testapp.ep.SDPerf/SubdocPerfTest ....................................................................................   Passed   24.65 sec

96% tests passed, 16 tests failed out of 413

Total Test time (real) = 111.93 sec

The following tests FAIL
</pre>
 ( http://cv.jenkins.couchbase.com/job/kv_engine-windows-cheshire-cat/462/ )

http://cv.jenkins.couchbase.com/job/kv_engine.macos/job/cheshire-cat/325/ : FAILURE

No problems were identified. If you know why this problem occurred, please add a suitable Cause for it. ( http://cv.jenkins.couchbase.com/job/kv_engine.macos/job/cheshire-cat/325/ )

http://cv.jenkins.couchbase.com/job/kv_engine.linux/job/cheshire-cat/322/ : FAILURE

One of more core files found at the end of the build. Data for post-mortem saved to archived_core_dumps.tar.bz2 under "Build Artifacts". ( http://cv.jenkins.couchbase.com/job/kv_engine.linux/job/cheshire-cat/322/ )

Test exceeded the timeout:
[2022-03-09T14:57:26.319Z] /usr/bin/timeout: the monitored command dumped core ( http://cv.jenkins.couchbase.com/job/kv_engine.linux/job/cheshire-cat/322/ )

http://cv.jenkins.couchbase.com/job/kv_engine.threadsanitizer/job/cheshire-cat/324/ : FAILURE

No problems were identified. If you know why this problem occurred, please add a suitable Cause for it. ( http://cv.jenkins.couchbase.com/job/kv_engine.threadsanitizer/job/cheshire-cat/324/ )

http://cv.jenkins.couchbase.com/job/kv_engine.ASan-UBSan/job/cheshire-cat/334/ : FAILURE

http://cv.jenkins.couchbase.com/job/kv_engine.linux-CE/job/cheshire-cat/317/ : FAILURE

One of more core files found at the end of the build. Data for post-mortem saved to archived_core_dumps.tar.bz2 under "Build Artifacts". ( http://cv.jenkins.couchbase.com/job/kv_engine.linux-CE/job/cheshire-cat/317/ )

Test exceeded the timeout:
[2022-03-09T14:55:59.126Z] /usr/bin/timeout: the monitored command dumped core ( http://cv.jenkins.couchbase.com/job/kv_engine.linux-CE/job/cheshire-cat/317/ )

http://cv.jenkins.couchbase.com/job/kv_engine.libFuzzer/job/cheshire-cat/239/ : FAILURE

One of more core files found at the end of the build. Data for post-mortem saved to archived_core_dumps.tar.bz2 under "Build Artifacts". ( http://cv.jenkins.couchbase.com/job/kv_engine.libFuzzer/job/cheshire-cat/239/ )

Test exceeded the timeout:
[2022-03-09T14:52:46.163Z] /usr/bin/timeout: the monitored command dumped core ( http://cv.jenkins.couchbase.com/job/kv_engine.libFuzzer/job/cheshire-cat/239/ )

http://cv.jenkins.couchbase.com/job/kv_engine-clang_analyzer-cheshire-cat/316/ : SUCCESS

http://cv.jenkins.couchbase.com/job/kv_engine-clang_tidy-cheshire-cat/310/ : SUCCESS

http://cv.jenkins.couchbase.com/job/kv_engine-clang_format_9/14837/ : SUCCESS
----------------------------------------------------------------------------------------------------------------------
Author: Jim Walker
Date: 2022-03-17 19:59:20.000000000
Message: 
Abandoned
----------------------------------------------------------------------------------------------------------------------
