======================================================================================================================
DESCRIPTION:

MB-55520: Don't bypass checkpoint creation in CM::createNewCheckpoint

Legacy code. It doesn't provide anything useful at the moment. Plus,
possible source of troubles if misused as it might lead to queueing
items into the wrong checkpoint type.

Change-Id: I29d0f7a9bfaa0a239ed951b31be3a5efa5bdf26f

======================================================================================================================
COMMENTS
======================================================================================================================
Author: Paolo Cocchi
Date: 2023-03-02 14:04:08.000000000
Message: 
Uploaded patch set 2.
----------------------------------------------------------------------------------------------------------------------
Author: Restriction Checker
Date: 2023-03-02 14:04:23.000000000
Message: 
Patch Set 2: Well-Formed+1

Permission granted to commit: 

https://server.jenkins.couchbase.com/job/restricted-branch-check/341046/artifact/restricted.html : SUCCESS
----------------------------------------------------------------------------------------------------------------------
Author: Build Bot
Date: 2023-03-02 14:42:57.000000000
Message: 
Patch Set 2: Verified-1

Build Failed 

https://cv.jenkins.couchbase.com/job/kv_engine-windows-neo/1590/ : FAILURE

Timeout of a CTest test 378/435 Test #294: ep_testsuite_basic.full_eviction.comp_passive .................................................................................} ( https://cv.jenkins.couchbase.com/job/kv_engine-windows-neo/1590/ )

https://cv.jenkins.couchbase.com/job/kv_engine-clang_tidy-neo/1300/ : SUCCESS

https://cv.jenkins.couchbase.com/job/kv_engine-clang_analyzer-neo/1254/ : SUCCESS

https://cv.jenkins.couchbase.com/job/kv_engine-clang_format_9/23042/ : SUCCESS

https://cv.jenkins.couchbase.com/job/kv_engine.linux/job/neo/1324/ : SUCCESS

https://cv.jenkins.couchbase.com/job/kv_engine.ASan-UBSan/job/neo/1330/ : SUCCESS

https://cv.jenkins.couchbase.com/job/kv_engine.threadsanitizer/job/neo/1327/ : SUCCESS

https://cv.jenkins.couchbase.com/job/kv_engine.macos/job/neo/1687/ : SUCCESS

https://cv.jenkins.couchbase.com/job/kv_engine.linux-CE/job/neo/1333/ : SUCCESS

https://cv.jenkins.couchbase.com/job/kv_engine.libFuzzer/job/neo/1292/ : SUCCESS

https://cv.jenkins.couchbase.com/job/kv_engine.aarch64-linux/job/neo/1337/ : SUCCESS
----------------------------------------------------------------------------------------------------------------------
Author: Build Bot
Date: 2023-03-02 15:20:58.000000000
Message: 
Patch Set 2:

Build Failed 

https://cv.jenkins.couchbase.com/job/kv_engine-windows-neo/1591/ : FAILURE

Failure of an engine_testapp test:

<pre>
Running [9/93]: test dcp consumer noop...(123 ms) OK


99% tests passed, 1 tests failed out of 435

Total Test time (real) = 371.56 sec

The following tests FAIL
</pre>
 ( https://cv.jenkins.couchbase.com/job/kv_engine-windows-neo/1591/ )

Timeout of a CTest test 435/435 Test #306: ep_testsuite_dcp.value_eviction.magma .........................................................................................} ( https://cv.jenkins.couchbase.com/job/kv_engine-windows-neo/1591/ )

https://cv.jenkins.couchbase.com/job/kv_engine-clang_tidy-neo/1300/ : SUCCESS

https://cv.jenkins.couchbase.com/job/kv_engine-clang_analyzer-neo/1254/ : SUCCESS

https://cv.jenkins.couchbase.com/job/kv_engine-clang_format_9/23042/ : SUCCESS

https://cv.jenkins.couchbase.com/job/kv_engine.linux/job/neo/1324/ : SUCCESS

https://cv.jenkins.couchbase.com/job/kv_engine.ASan-UBSan/job/neo/1330/ : SUCCESS

https://cv.jenkins.couchbase.com/job/kv_engine.threadsanitizer/job/neo/1327/ : SUCCESS

https://cv.jenkins.couchbase.com/job/kv_engine.macos/job/neo/1687/ : SUCCESS

https://cv.jenkins.couchbase.com/job/kv_engine.linux-CE/job/neo/1333/ : SUCCESS

https://cv.jenkins.couchbase.com/job/kv_engine.libFuzzer/job/neo/1292/ : SUCCESS

https://cv.jenkins.couchbase.com/job/kv_engine.aarch64-linux/job/neo/1337/ : SUCCESS
----------------------------------------------------------------------------------------------------------------------
Author: Jim Walker
Date: 2023-03-02 15:56:29.000000000
Message: 
Patch Set 2: Code-Review+2
----------------------------------------------------------------------------------------------------------------------
Author: Build Bot
Date: 2023-03-02 16:07:47.000000000
Message: 
Patch Set 2:

Build Failed 

https://cv.jenkins.couchbase.com/job/kv_engine-windows-neo/1592/ : ABORTED

Failure of GoogleTest "FullAndValueEvictionOnReplicaAndPending/RollbackDcpTest.RollbackSyncDeleteCommitOnTopOfAbortedSyncDelete/persistent_nexus_couchstore_magma_value_only_pending":

<pre>
[ RUN      ] FullAndValueEvictionOnReplicaAndPending/RollbackDcpTest.RollbackSyncDeleteCommitOnTopOfAbortedSyncDelete/persistent_nexus_couchstore_magma_value_only_pending
unknown file: error: C++ exception with description "KVStoreFactory ctor: Specified dbname "ep_engine_ep_unit_tests.db/test.013707" is not a directory" thrown in SetUp().
unknown file: error: SEH exception with code 0xc0000005 thrown in TearDown().
[  FAILED  ] FullAndValueEvictionOnReplicaAndPending/RollbackDcpTest.RollbackSyncDeleteCommitOnTopOfAbortedSyncDelete/persistent_nexus_couchstore_magma_value_only_pending, where GetParam() = ("persistent_nexus_couchstore_magma", "value_only", "pending") (9 ms)
FullAndValueEvictionOnReplicaAndPending/RollbackDcpTest.RollbackSyncDeleteCommitOnTopOfAbortedSyncDelete/persistent_nexus_couchstore_magma_value_only_pending
</pre>
 ( https://cv.jenkins.couchbase.com/job/kv_engine-windows-neo/1592/ )

https://cv.jenkins.couchbase.com/job/kv_engine-clang_tidy-neo/1300/ : SUCCESS

https://cv.jenkins.couchbase.com/job/kv_engine-clang_analyzer-neo/1254/ : SUCCESS

https://cv.jenkins.couchbase.com/job/kv_engine-clang_format_9/23042/ : SUCCESS

https://cv.jenkins.couchbase.com/job/kv_engine.linux/job/neo/1324/ : SUCCESS

https://cv.jenkins.couchbase.com/job/kv_engine.ASan-UBSan/job/neo/1330/ : SUCCESS

https://cv.jenkins.couchbase.com/job/kv_engine.threadsanitizer/job/neo/1327/ : SUCCESS

https://cv.jenkins.couchbase.com/job/kv_engine.macos/job/neo/1687/ : SUCCESS

https://cv.jenkins.couchbase.com/job/kv_engine.linux-CE/job/neo/1333/ : SUCCESS

https://cv.jenkins.couchbase.com/job/kv_engine.libFuzzer/job/neo/1292/ : SUCCESS

https://cv.jenkins.couchbase.com/job/kv_engine.aarch64-linux/job/neo/1337/ : SUCCESS
----------------------------------------------------------------------------------------------------------------------
Author: Build Bot
Date: 2023-03-02 16:45:44.000000000
Message: 
Patch Set 2:

Build Failed 

https://cv.jenkins.couchbase.com/job/kv_engine-windows-neo/1593/ : FAILURE

Failure of GoogleTest "EphemeralOrPersistent/STExpiryPagerTest.MB_25671/persistent_nexus_couchstore_magma_full_eviction":

<pre>
[ RUN      ] EphemeralOrPersistent/STExpiryPagerTest.MB_25671/persistent_nexus_couchstore_magma_full_eviction
..\kv_engine\engines\ep\tests\module_tests\item_pager_test.cc(1672): error: Expected equality of these values:
  cb::engine_errc::would_block
    Which is: would block
  getKeyFn(key_1)
    Which is: no memory
..\kv_engine\engines\ep\tests\module_tests\item_pager_test.cc(1675): error: Expected equality of these values:
  cb::engine_errc::no_such_key
    Which is: no such key
  getKeyFn(key_1)
    Which is: no memory
Key with TTL:10 should be removed.
..\kv_engine\engines\ep\tests\module_tests\item_pager_test.cc(1700): error: Expected equality of these values:
  cb::engine_errc::no_such_key
    Which is: no such key
  getKeyFn(key_1)
    Which is: would block
Key with TTL:10 should be removed.
[  FAILED  ] EphemeralOrPersistent/STExpiryPagerTest.MB_25671/persistent_nexus_couchstore_magma_full_eviction, where GetParam() = "bucket_type=persistent:backend=nexus:nexus_primary_backend=couchstore:nexus_secondary_backend=magma:item_eviction_policy=full_eviction" (1030 ms)
EphemeralOrPersistent/STExpiryPagerTest.MB_25671/persistent_nexus_couchstore_magma_full_eviction
</pre>
 ( https://cv.jenkins.couchbase.com/job/kv_engine-windows-neo/1593/ )

Timeout of a CTest test 406/435 Test #319: ep_testsuite_xdcr.full_eviction.comp_active ...................................................................................} ( https://cv.jenkins.couchbase.com/job/kv_engine-windows-neo/1593/ )

https://cv.jenkins.couchbase.com/job/kv_engine-clang_tidy-neo/1300/ : SUCCESS

https://cv.jenkins.couchbase.com/job/kv_engine-clang_analyzer-neo/1254/ : SUCCESS

https://cv.jenkins.couchbase.com/job/kv_engine-clang_format_9/23042/ : SUCCESS

https://cv.jenkins.couchbase.com/job/kv_engine.linux/job/neo/1324/ : SUCCESS

https://cv.jenkins.couchbase.com/job/kv_engine.ASan-UBSan/job/neo/1330/ : SUCCESS

https://cv.jenkins.couchbase.com/job/kv_engine.threadsanitizer/job/neo/1327/ : SUCCESS

https://cv.jenkins.couchbase.com/job/kv_engine.macos/job/neo/1687/ : SUCCESS

https://cv.jenkins.couchbase.com/job/kv_engine.linux-CE/job/neo/1333/ : SUCCESS

https://cv.jenkins.couchbase.com/job/kv_engine.libFuzzer/job/neo/1292/ : SUCCESS

https://cv.jenkins.couchbase.com/job/kv_engine.aarch64-linux/job/neo/1337/ : SUCCESS
----------------------------------------------------------------------------------------------------------------------
Author: Build Bot
Date: 2023-03-02 18:26:06.000000000
Message: 
Patch Set 2: Verified+1

Build Successful 

https://cv.jenkins.couchbase.com/job/kv_engine-clang_tidy-neo/1300/ : SUCCESS

https://cv.jenkins.couchbase.com/job/kv_engine-clang_analyzer-neo/1254/ : SUCCESS

https://cv.jenkins.couchbase.com/job/kv_engine-clang_format_9/23042/ : SUCCESS

https://cv.jenkins.couchbase.com/job/kv_engine.linux/job/neo/1324/ : SUCCESS

https://cv.jenkins.couchbase.com/job/kv_engine.ASan-UBSan/job/neo/1330/ : SUCCESS

https://cv.jenkins.couchbase.com/job/kv_engine.threadsanitizer/job/neo/1327/ : SUCCESS

https://cv.jenkins.couchbase.com/job/kv_engine.macos/job/neo/1687/ : SUCCESS

https://cv.jenkins.couchbase.com/job/kv_engine.linux-CE/job/neo/1333/ : SUCCESS

https://cv.jenkins.couchbase.com/job/kv_engine.libFuzzer/job/neo/1292/ : SUCCESS

https://cv.jenkins.couchbase.com/job/kv_engine.aarch64-linux/job/neo/1337/ : SUCCESS

https://cv.jenkins.couchbase.com/job/kv_engine-windows-neo/1594/ : SUCCESS
----------------------------------------------------------------------------------------------------------------------
