======================================================================================================================
DESCRIPTION:

MB-49727: Remove the compaction_exp_mem_threshold config param

Logically replaced by CM Quota check at expiry.

Change-Id: Id643a7b3b80f82e3b308637c7463625d18eade42

======================================================================================================================
COMMENTS
======================================================================================================================
Author: Paolo Cocchi
Date: 2021-12-17 15:51:49.000000000
Message: 
Uploaded patch set 3: Patch Set 2 was rebased.
----------------------------------------------------------------------------------------------------------------------
Author: Build Bot
Date: 2021-12-17 16:23:19.000000000
Message: 
Patch Set 3: Verified-1

Build Failed 

http://cv.jenkins.couchbase.com/job/kv_engine-windows-master/42508/ : FAILURE

Failure of an engine_testapp test:

<pre>
Running [0075/0093]: test MB-17517 CAS -1 DCP...(112 ms) OK


99% tests passed, 1 tests failed out of 420

Total Test time (real) = 349.19 sec

The following tests FAIL
</pre>
 ( http://cv.jenkins.couchbase.com/job/kv_engine-windows-master/42508/ )

Timeout of a CTest test 420/420 Test #291: ep_testsuite_dcp.value_eviction.magma .........................................................................................} ( http://cv.jenkins.couchbase.com/job/kv_engine-windows-master/42508/ )

http://cv.jenkins.couchbase.com/job/kv_engine-clang_analyzer-master/36042/ : SUCCESS

http://cv.jenkins.couchbase.com/job/kv_engine-clang_tidy-master/14584/ : SUCCESS

http://cv.jenkins.couchbase.com/job/kv_engine-clang_format_9/13414/ : SUCCESS

http://cv.jenkins.couchbase.com/job/kv_engine.macos/job/master/15385/ : SUCCESS

http://cv.jenkins.couchbase.com/job/kv_engine.linux/job/master/16523/ : SUCCESS

http://cv.jenkins.couchbase.com/job/kv_engine.ASan-UBSan/job/master/24635/ : SUCCESS

http://cv.jenkins.couchbase.com/job/kv_engine.threadsanitizer/job/master/17301/ : SUCCESS

http://cv.jenkins.couchbase.com/job/kv_engine.libFuzzer/job/master/4225/ : SUCCESS

http://cv.jenkins.couchbase.com/job/kv_engine.linux-CE/job/master/16227/ : SUCCESS

http://cv.jenkins.couchbase.com/job/kv_engine.aarch64-linux/job/master/4283/ : SUCCESS
----------------------------------------------------------------------------------------------------------------------
Author: Build Bot
Date: 2021-12-17 16:58:33.000000000
Message: 
Patch Set 3:

Build Failed 

http://cv.jenkins.couchbase.com/job/kv_engine-windows-master/42509/ : FAILURE

Failure of an engine_testapp test:

<pre>
Running [0129/0159]: test replace with eviction...W1217 08:51:12.396327 98420 HazptrDomain.h:670] Using the default inline executor for asynchronous reclamation may be susceptible to deadlock if the current thread happens to hold a resource needed by the deleter of a reclaimable object


99% tests passed, 1 tests failed out of 420

Total Test time (real) = 671.92 sec

The following tests FAIL
</pre>
 ( http://cv.jenkins.couchbase.com/job/kv_engine-windows-master/42509/ )

Timeout of a CTest test 420/420 Test #270: ep_testsuite.value_eviction.comp_active .......................................................................................} ( http://cv.jenkins.couchbase.com/job/kv_engine-windows-master/42509/ )

http://cv.jenkins.couchbase.com/job/kv_engine-clang_analyzer-master/36042/ : SUCCESS

http://cv.jenkins.couchbase.com/job/kv_engine-clang_tidy-master/14584/ : SUCCESS

http://cv.jenkins.couchbase.com/job/kv_engine-clang_format_9/13414/ : SUCCESS

http://cv.jenkins.couchbase.com/job/kv_engine.macos/job/master/15385/ : SUCCESS

http://cv.jenkins.couchbase.com/job/kv_engine.linux/job/master/16523/ : SUCCESS

http://cv.jenkins.couchbase.com/job/kv_engine.ASan-UBSan/job/master/24635/ : SUCCESS

http://cv.jenkins.couchbase.com/job/kv_engine.threadsanitizer/job/master/17301/ : SUCCESS

http://cv.jenkins.couchbase.com/job/kv_engine.libFuzzer/job/master/4225/ : SUCCESS

http://cv.jenkins.couchbase.com/job/kv_engine.linux-CE/job/master/16227/ : SUCCESS

http://cv.jenkins.couchbase.com/job/kv_engine.aarch64-linux/job/master/4283/ : SUCCESS
----------------------------------------------------------------------------------------------------------------------
Author: Build Bot
Date: 2021-12-17 18:43:03.000000000
Message: 
Patch Set 3:

Build Failed 

http://cv.jenkins.couchbase.com/job/kv_engine-windows-master/42510/ : FAILURE

Timeout of a CTest test 420/420 Test #192: ep-engine_ep_unit_tests.PersistentAndEphemeral/ConnectionTest .................................................................} ( http://cv.jenkins.couchbase.com/job/kv_engine-windows-master/42510/ )

http://cv.jenkins.couchbase.com/job/kv_engine-clang_analyzer-master/36042/ : SUCCESS

http://cv.jenkins.couchbase.com/job/kv_engine-clang_tidy-master/14584/ : SUCCESS

http://cv.jenkins.couchbase.com/job/kv_engine-clang_format_9/13414/ : SUCCESS

http://cv.jenkins.couchbase.com/job/kv_engine.macos/job/master/15385/ : SUCCESS

http://cv.jenkins.couchbase.com/job/kv_engine.linux/job/master/16523/ : SUCCESS

http://cv.jenkins.couchbase.com/job/kv_engine.ASan-UBSan/job/master/24635/ : SUCCESS

http://cv.jenkins.couchbase.com/job/kv_engine.threadsanitizer/job/master/17301/ : SUCCESS

http://cv.jenkins.couchbase.com/job/kv_engine.libFuzzer/job/master/4225/ : SUCCESS

http://cv.jenkins.couchbase.com/job/kv_engine.linux-CE/job/master/16227/ : SUCCESS

http://cv.jenkins.couchbase.com/job/kv_engine.aarch64-linux/job/master/4283/ : SUCCESS
----------------------------------------------------------------------------------------------------------------------
Author: Build Bot
Date: 2021-12-20 09:27:56.000000000
Message: 
Patch Set 3: Verified+1

Build Successful 

http://cv.jenkins.couchbase.com/job/kv_engine-clang_analyzer-master/36042/ : SUCCESS

http://cv.jenkins.couchbase.com/job/kv_engine-clang_tidy-master/14584/ : SUCCESS

http://cv.jenkins.couchbase.com/job/kv_engine-clang_format_9/13414/ : SUCCESS

http://cv.jenkins.couchbase.com/job/kv_engine.macos/job/master/15385/ : SUCCESS

http://cv.jenkins.couchbase.com/job/kv_engine.linux/job/master/16523/ : SUCCESS

http://cv.jenkins.couchbase.com/job/kv_engine.ASan-UBSan/job/master/24635/ : SUCCESS

http://cv.jenkins.couchbase.com/job/kv_engine.threadsanitizer/job/master/17301/ : SUCCESS

http://cv.jenkins.couchbase.com/job/kv_engine.libFuzzer/job/master/4225/ : SUCCESS

http://cv.jenkins.couchbase.com/job/kv_engine.linux-CE/job/master/16227/ : SUCCESS

http://cv.jenkins.couchbase.com/job/kv_engine.aarch64-linux/job/master/4283/ : SUCCESS

http://cv.jenkins.couchbase.com/job/kv_engine-windows-master/42513/ : SUCCESS
----------------------------------------------------------------------------------------------------------------------
Author: Dave Rigby
Date: 2022-01-05 14:33:34.000000000
Message: 
Patch Set 3: Code-Review+2
----------------------------------------------------------------------------------------------------------------------
