======================================================================================================================
DESCRIPTION:

MB-51805: Pass persistedPrepareSeqno(maxPrepareSeqno) into Checkpoint

We set the value of the first Checkpoint to this value to ensure
that the on disk HPS is correctly updated if we partially persist
a snapshot, restart, and find on streaming the rest of the snapshot
that it does not contain any prepares.

Change-Id: I216effaa2d0f12e0c7d4bb0d67d7e2510526e2fa

======================================================================================================================
COMMENTS
======================================================================================================================
Author: Ben Huddleston
Date: 2022-05-04 13:53:27.000000000
Message: 
Uploaded patch set 3.
----------------------------------------------------------------------------------------------------------------------
Author: Restriction Checker
Date: 2022-05-04 13:53:54.000000000
Message: 
Patch Set 3: Well-Formed+1

Permission granted to commit: 

http://server.jenkins.couchbase.com/job/restricted-branch-check/297537/artifact/restricted.html : SUCCESS
----------------------------------------------------------------------------------------------------------------------
Author: Build Bot
Date: 2022-05-04 15:50:45.000000000
Message: 
Patch Set 3: Verified-1

Build Failed 

http://cv.jenkins.couchbase.com/job/kv_engine-windows-neo/175/ : FAILURE

Failure of an engine_testapp test:

<pre>
Running [55/159]: stats curr_items DELETE...(861 ms) OK


99% tests passed, 1 tests failed out of 422

Total Test time (real) = 691.14 sec

The following tests FAIL
</pre>
 ( http://cv.jenkins.couchbase.com/job/kv_engine-windows-neo/175/ )

Timeout of a CTest test 422/422 Test #272: ep_testsuite.value_eviction.comp_active .......................................................................................} ( http://cv.jenkins.couchbase.com/job/kv_engine-windows-neo/175/ )

http://cv.jenkins.couchbase.com/job/kv_engine.macos/job/neo/146/ : FAILURE

No problems were identified. If you know why this problem occurred, please add a suitable Cause for it. ( http://cv.jenkins.couchbase.com/job/kv_engine.macos/job/neo/146/ )

http://cv.jenkins.couchbase.com/job/kv_engine-clang_tidy-neo/141/ : SUCCESS

http://cv.jenkins.couchbase.com/job/kv_engine-clang_format_9/16236/ : SUCCESS

http://cv.jenkins.couchbase.com/job/kv_engine-clang_analyzer-neo/139/ : SUCCESS

http://cv.jenkins.couchbase.com/job/kv_engine.libFuzzer/job/neo/140/ : SUCCESS

http://cv.jenkins.couchbase.com/job/kv_engine.ASan-UBSan/job/neo/142/ : SUCCESS

http://cv.jenkins.couchbase.com/job/kv_engine.linux-CE/job/neo/145/ : SUCCESS

http://cv.jenkins.couchbase.com/job/kv_engine.threadsanitizer/job/neo/143/ : SUCCESS

http://cv.jenkins.couchbase.com/job/kv_engine.linux/job/neo/143/ : SUCCESS

http://cv.jenkins.couchbase.com/job/kv_engine.aarch64-linux/job/neo/134/ : SUCCESS
----------------------------------------------------------------------------------------------------------------------
Author: Build Bot
Date: 2022-05-06 09:27:22.000000000
Message: 
Patch Set 3:

Build Failed 

http://cv.jenkins.couchbase.com/job/kv_engine-windows-neo/221/ : FAILURE

Failure of an engine_testapp test:

<pre>
Running [84/93]: test MB-23863 backfill deleted value...(207 ms) OK


99% tests passed, 1 tests failed out of 422

Total Test time (real) = 860.82 sec

The following tests FAIL
</pre>
 ( http://cv.jenkins.couchbase.com/job/kv_engine-windows-neo/221/ )

Timeout of a CTest test 422/422 Test #293: ep_testsuite_dcp.value_eviction.magma .........................................................................................} ( http://cv.jenkins.couchbase.com/job/kv_engine-windows-neo/221/ )

http://cv.jenkins.couchbase.com/job/kv_engine-clang_tidy-neo/141/ : SUCCESS

http://cv.jenkins.couchbase.com/job/kv_engine-clang_format_9/16236/ : SUCCESS

http://cv.jenkins.couchbase.com/job/kv_engine-clang_analyzer-neo/139/ : SUCCESS

http://cv.jenkins.couchbase.com/job/kv_engine.libFuzzer/job/neo/140/ : SUCCESS

http://cv.jenkins.couchbase.com/job/kv_engine.ASan-UBSan/job/neo/142/ : SUCCESS

http://cv.jenkins.couchbase.com/job/kv_engine.linux-CE/job/neo/145/ : SUCCESS

http://cv.jenkins.couchbase.com/job/kv_engine.threadsanitizer/job/neo/143/ : SUCCESS

http://cv.jenkins.couchbase.com/job/kv_engine.linux/job/neo/143/ : SUCCESS

http://cv.jenkins.couchbase.com/job/kv_engine.macos/job/neo/200/ : SUCCESS

http://cv.jenkins.couchbase.com/job/kv_engine.aarch64-linux/job/neo/134/ : SUCCESS
----------------------------------------------------------------------------------------------------------------------
Author: Build Bot
Date: 2022-05-06 09:57:22.000000000
Message: 
Patch Set 3:

Build Failed 

http://cv.jenkins.couchbase.com/job/kv_engine-windows-neo/225/ : FAILURE

Failure of an engine_testapp test:

<pre>
Running [60/159]: test ALL_KEYS api...(111 ms) OK


99% tests passed, 2 tests failed out of 422

Total Test time (real) = 686.22 sec

The following tests FAIL
</pre>
 ( http://cv.jenkins.couchbase.com/job/kv_engine-windows-neo/225/ )

Timeout of a CTest test 421/422 Test #304: ep_testsuite_xdcr.value_eviction.comp_active ..................................................................................} ( http://cv.jenkins.couchbase.com/job/kv_engine-windows-neo/225/ )

http://cv.jenkins.couchbase.com/job/kv_engine-clang_tidy-neo/141/ : SUCCESS

http://cv.jenkins.couchbase.com/job/kv_engine-clang_format_9/16236/ : SUCCESS

http://cv.jenkins.couchbase.com/job/kv_engine-clang_analyzer-neo/139/ : SUCCESS

http://cv.jenkins.couchbase.com/job/kv_engine.libFuzzer/job/neo/140/ : SUCCESS

http://cv.jenkins.couchbase.com/job/kv_engine.ASan-UBSan/job/neo/142/ : SUCCESS

http://cv.jenkins.couchbase.com/job/kv_engine.linux-CE/job/neo/145/ : SUCCESS

http://cv.jenkins.couchbase.com/job/kv_engine.threadsanitizer/job/neo/143/ : SUCCESS

http://cv.jenkins.couchbase.com/job/kv_engine.linux/job/neo/143/ : SUCCESS

http://cv.jenkins.couchbase.com/job/kv_engine.macos/job/neo/200/ : SUCCESS

http://cv.jenkins.couchbase.com/job/kv_engine.aarch64-linux/job/neo/134/ : SUCCESS
----------------------------------------------------------------------------------------------------------------------
Author: Build Bot
Date: 2022-05-06 10:16:09.000000000
Message: 
Patch Set 3: Verified+1

Build Successful 

http://cv.jenkins.couchbase.com/job/kv_engine-clang_tidy-neo/141/ : SUCCESS

http://cv.jenkins.couchbase.com/job/kv_engine-clang_format_9/16236/ : SUCCESS

http://cv.jenkins.couchbase.com/job/kv_engine-clang_analyzer-neo/139/ : SUCCESS

http://cv.jenkins.couchbase.com/job/kv_engine.libFuzzer/job/neo/140/ : SUCCESS

http://cv.jenkins.couchbase.com/job/kv_engine.ASan-UBSan/job/neo/142/ : SUCCESS

http://cv.jenkins.couchbase.com/job/kv_engine.linux-CE/job/neo/145/ : SUCCESS

http://cv.jenkins.couchbase.com/job/kv_engine.threadsanitizer/job/neo/143/ : SUCCESS

http://cv.jenkins.couchbase.com/job/kv_engine.linux/job/neo/143/ : SUCCESS

http://cv.jenkins.couchbase.com/job/kv_engine.macos/job/neo/200/ : SUCCESS

http://cv.jenkins.couchbase.com/job/kv_engine.aarch64-linux/job/neo/134/ : SUCCESS

http://cv.jenkins.couchbase.com/job/kv_engine-windows-neo/226/ : SUCCESS
----------------------------------------------------------------------------------------------------------------------
Author: Paolo Cocchi
Date: 2022-05-11 09:04:14.000000000
Message: 
Patch Set 3: Code-Review-1

(1 comment)
File Comment: /PATCHSET_LEVEL -> Do we need to track the same quantity in both CM and Checkpoint? Isn't the CM info sufficient?
----------------------------------------------------------------------------------------------------------------------
Author: Ben Huddleston
Date: 2022-05-11 11:39:29.000000000
MISMATCHED INLINE COMMENT
File Comment: /PATCHSET_LEVEL -> I don't think I made this track in the CM, that was not the intent anyway. I believe the HCS (added in 6.5 does that). Perhaps we could track in the CM instead of the Checkpoint, but it feels like poor encapsulation. That also relies on us always persisting the entire range of the CkptMgr which may not always be the case.
----------------------------------------------------------------------------------------------------------------------
Author: Paolo Cocchi
Date: 2022-05-11 12:41:49.000000000
MISMATCHED INLINE COMMENT
File Comment: /PATCHSET_LEVEL -> Yeah I was just confusing on what we actually do at https://review.couchbase.org/c/kv_engine/+/173916/.
----------------------------------------------------------------------------------------------------------------------
