======================================================================================================================
DESCRIPTION:

MB-46604: Use folly executor for pushing CCCP maps [3/5]

Change-Id: I7c944dc6624df3b3f4f05b8a19c89051de15edd9

======================================================================================================================
COMMENTS
======================================================================================================================
Author: Trond Norbye
Date: 2021-06-01 11:27:01.000000000
Message: 
Uploaded patch set 5: Patch Set 4 was rebased.
----------------------------------------------------------------------------------------------------------------------
Author: Build Bot
Date: 2021-06-01 12:46:10.000000000
Message: 
Patch Set 5: Verified-1

Build Failed 

http://cv.jenkins.couchbase.com/job/kv_engine-windows-master/36239/ : FAILURE

Failure of an engine_testapp test:

<pre>
Running [0066/0096]: dcp consumer expire...(64 ms) OK

        Start 394: memcached_testapp.ep.Transport/McdTopkeysTest
391/407 Test #393: memcached_testapp.ep.TransportProtocols/TlsTests ..............................................................................   Passed    1.18 sec
        Start 395: memcached_testapp.ep.TransportProtocols/TouchTest
392/407 Test #394: memcached_testapp.ep.Transport/McdTopkeysTest .................................................................................   Passed    0.98 sec
        Start 396: memcached_testapp.ep.TransportProtocols/TtlTest
393/407 Test #395: memcached_testapp.ep.TransportProtocols/TouchTest .............................................................................   Passed    1.00 sec
        Start 397: memcached_testapp.ep.TransportProtocols/TuneMcbpSla
394/407 Test #396: memcached_testapp.ep.TransportProtocols/TtlTest ...............................................................................   Passed    1.16 sec
        Start 398: memcached_testapp.ep.TransportProtocols/WithMetaTest
395/407 Test #397: memcached_testapp.ep.TransportProtocols/TuneMcbpSla ...........................................................................   Passed    1.06 sec
        Start 399: memcached_testapp.ep.TransportProtocols/XattrTest
396/407 Test #388: memcached_testapp.ep.TransportProtocols/SaslTest ..............................................................................   Passed    9.51 sec
        Start 400: memcached_testapp.ep.TransportProtocols/XattrNoDocTest
397/407 Test #400: memcached_testapp.ep.TransportProtocols/XattrNoDocTest ........................................................................   Passed    1.81 sec
        Start 401: memcached_testapp.ep.TransportProtocols/XattrNoDocDurabilityTest
398/407 Test #398: memcached_testapp.ep.TransportProtocols/WithMetaTest ..........................................................................   Passed    4.24 sec
        Start 402: memcached_testapp.ep.TransportProtocols/XattrDisabledTest
399/407 Test #399: memcached_testapp.ep.TransportProtocols/XattrTest .............................................................................   Passed    4.23 sec
        Start 403: testapp_auth_provider_test
400/407 Test #403: testapp_auth_provider_test ....................................................................................................   Passed    0.10 sec
        Start 404: cluster_test
401/407 Test #401: memcached_testapp.ep.TransportProtocols/XattrNoDocDurabilityTest ..............................................................   Passed    1.48 sec
        Start 405: memcached_topkeys_test
402/407 Test #402: memcached_testapp.ep.TransportProtocols/XattrDisabledTest .....................................................................   Passed    1.35 sec
        Start 406: memcached_unsigned_leb128_test
403/407 Test #405: memcached_topkeys_test ........................................................................................................   Passed    0.19 sec
        Start 407: memcached-hostutils-test
404/407 Test #406: memcached_unsigned_leb128_test ................................................................................................   Passed    0.18 sec
405/407 Test #407: memcached-hostutils-test ......................................................................................................   Passed    0.10 sec
406/407 Test #392: memcached_testapp.ep.SDPerf/SubdocPerfTest ....................................................................................   Passed   28.35 sec
407/407 Test #404: cluster_test ..................................................................................................................   Passed   19.39 sec

99% tests passed, 1 tests failed out of 407

Total Test time (real) = 609.73 sec

The following tests FAIL
</pre>
 ( http://cv.jenkins.couchbase.com/job/kv_engine-windows-master/36239/ )

Timeout of a CTest test 390/407 Test #265: ep_testsuite_dcp.value_eviction.comp_active ...................................................................................} ( http://cv.jenkins.couchbase.com/job/kv_engine-windows-master/36239/ )

http://cv.jenkins.couchbase.com/job/kv_engine.ASan-UBSan/job/master/18862/ : FAILURE

No problems were identified. If you know why this problem occurred, please add a suitable Cause for it. ( http://cv.jenkins.couchbase.com/job/kv_engine.ASan-UBSan/job/master/18862/ )

http://cv.jenkins.couchbase.com/job/kv_engine-clang_analyzer-master/30949/ : SUCCESS

http://cv.jenkins.couchbase.com/job/kv_engine-clang_format_9/7899/ : SUCCESS

http://cv.jenkins.couchbase.com/job/kv_engine-clang_tidy-master/9317/ : SUCCESS

http://cv.jenkins.couchbase.com/job/kv_engine.macos/job/master/9944/ : SUCCESS

http://cv.jenkins.couchbase.com/job/kv_engine.threadsanitizer/job/master/11283/ : SUCCESS

http://cv.jenkins.couchbase.com/job/kv_engine.linux/job/master/11021/ : SUCCESS

http://cv.jenkins.couchbase.com/job/kv_engine.linux-CE/job/master/10875/ : SUCCESS
----------------------------------------------------------------------------------------------------------------------
Author: Build Bot
Date: 2021-06-01 15:08:29.000000000
Message: 
Patch Set 5: Verified+1

Build Successful 

http://cv.jenkins.couchbase.com/job/kv_engine-clang_analyzer-master/30949/ : SUCCESS

http://cv.jenkins.couchbase.com/job/kv_engine-clang_format_9/7899/ : SUCCESS

http://cv.jenkins.couchbase.com/job/kv_engine-clang_tidy-master/9317/ : SUCCESS

http://cv.jenkins.couchbase.com/job/kv_engine.macos/job/master/9944/ : SUCCESS

http://cv.jenkins.couchbase.com/job/kv_engine.threadsanitizer/job/master/11283/ : SUCCESS

http://cv.jenkins.couchbase.com/job/kv_engine.linux/job/master/11021/ : SUCCESS

http://cv.jenkins.couchbase.com/job/kv_engine.linux-CE/job/master/10875/ : SUCCESS

http://cv.jenkins.couchbase.com/job/kv_engine.ASan-UBSan/job/master/18887/ : SUCCESS

http://cv.jenkins.couchbase.com/job/kv_engine-windows-master/36253/ : SUCCESS
----------------------------------------------------------------------------------------------------------------------
