======================================================================================================================
DESCRIPTION:

MB-49526: Refactor MagmaKVStore MagmaCompactionCB & compactionCallBack

Refactor MagmaCompactionCB so that we create CompactionContext in the
ctor of MagmaCompactionCB. Rather than on the first call to
MagmaKVStore::compactionCallBack(). This makes it easier to read and
helps lay out the foundations for us to allow KVStore to cancel the
compaction.

Change-Id: Ie4f0a176f51bbbdb5d55c3c41711aaac8f47bf15

======================================================================================================================
COMMENTS
======================================================================================================================
Author: Richard de Mellow
Date: 2021-11-18 12:02:44.000000000
Message: 
Uploaded patch set 4: Patch Set 3 was rebased.
----------------------------------------------------------------------------------------------------------------------
Author: Build Bot
Date: 2021-11-18 12:35:51.000000000
Message: 
Patch Set 4: Verified-1

Build Failed 

http://cv.jenkins.couchbase.com/job/kv_engine-windows-master/41855/ : FAILURE

Failure of GoogleTest "EphemeralOrPersistent/STParameterizedBucketTest.DeleteExpiredItem/ephemeral_auto_delete":

<pre>
[ RUN      ] EphemeralOrPersistent/STParameterizedBucketTest.DeleteExpiredItem/ephemeral_auto_delete
unknown file: error: C++ exception with description "KVStoreFactory ctor: Specified dbname "ep_engine_ep_unit_tests.db/test.037101" is not a directory" thrown in SetUp().
unknown file: error: SEH exception with code 0xc0000005 thrown in TearDown().
[  FAILED  ] EphemeralOrPersistent/STParameterizedBucketTest.DeleteExpiredItem/ephemeral_auto_delete, where GetParam() = ("ephemeral", "auto_delete") (4 ms)
EphemeralOrPersistent/STParameterizedBucketTest.DeleteExpiredItem/ephemeral_auto_delete
</pre>
 ( http://cv.jenkins.couchbase.com/job/kv_engine-windows-master/41855/ )

http://cv.jenkins.couchbase.com/job/kv_engine.linux-CE/job/master/15692/ : FAILURE

Failure of GoogleTest "TransportProtocols/XattrTest.mb25928_SystemCanExceedDocumentLimit/Mcbp_XattrYes_JsonNo_SnappyYes":

<pre>
[ RUN      ] TransportProtocols/XattrTest.mb25928_SystemCanExceedDocumentLimit/Mcbp_XattrYes_JsonNo_SnappyYes
[2021-11-18T12:24:06.642Z] unknown file: Failure
[2021-11-18T12:24:06.642Z] C++ exception with description "Failed to store TransportProtocols_XattrTest_mb25928_SystemCanExceedDocumentLimit_Mcbp_XattrYes_JsonNo_SnappyYes: Temporary failure (134)" thrown in SetUp().
[2021-11-18T12:24:06.642Z] [  FAILED  ] TransportProtocols/XattrTest.mb25928_SystemCanExceedDocumentLimit/Mcbp_XattrYes_JsonNo_SnappyYes, where GetParam() = (Mcbp, XattrYes, 4-byte object <01-00 00-00>, 4-byte object <00-00 00-00>) (1 ms)
TransportProtocols/XattrTest.mb25928_SystemCanExceedDocumentLimit/Mcbp_XattrYes_JsonNo_SnappyYes
</pre>
 ( http://cv.jenkins.couchbase.com/job/kv_engine.linux-CE/job/master/15692/ )

http://cv.jenkins.couchbase.com/job/kv_engine-clang_analyzer-master/35544/ : SUCCESS

http://cv.jenkins.couchbase.com/job/kv_engine-clang_tidy-master/14068/ : SUCCESS

http://cv.jenkins.couchbase.com/job/kv_engine-clang_format_9/12877/ : SUCCESS

http://cv.jenkins.couchbase.com/job/kv_engine.threadsanitizer/job/master/16702/ : SUCCESS

http://cv.jenkins.couchbase.com/job/kv_engine.ASan-UBSan/job/master/24059/ : SUCCESS

http://cv.jenkins.couchbase.com/job/kv_engine.macos/job/master/14863/ : SUCCESS

http://cv.jenkins.couchbase.com/job/kv_engine.libFuzzer/job/master/3702/ : SUCCESS

http://cv.jenkins.couchbase.com/job/kv_engine.aarch64-linux/job/master/3778/ : SUCCESS

http://cv.jenkins.couchbase.com/job/kv_engine.linux/job/master/15974/ : SUCCESS
----------------------------------------------------------------------------------------------------------------------
Author: Build Bot
Date: 2021-11-18 13:04:24.000000000
Message: 
Patch Set 4:

Build Failed 

http://cv.jenkins.couchbase.com/job/kv_engine-windows-master/41858/ : FAILURE

Failure of an engine_testapp test:

<pre>
Running [0030/0159]: test bloomfilters with store apis...(45 ms) OK


99% tests passed, 1 tests failed out of 419

Total Test time (real) = 673.38 sec

The following tests FAIL
</pre>
 ( http://cv.jenkins.couchbase.com/job/kv_engine-windows-master/41858/ )

Timeout of a CTest test 419/419 Test #268: ep_testsuite.value_eviction.comp_passive ......................................................................................} ( http://cv.jenkins.couchbase.com/job/kv_engine-windows-master/41858/ )

http://cv.jenkins.couchbase.com/job/kv_engine-clang_analyzer-master/35544/ : SUCCESS

http://cv.jenkins.couchbase.com/job/kv_engine-clang_tidy-master/14068/ : SUCCESS

http://cv.jenkins.couchbase.com/job/kv_engine-clang_format_9/12877/ : SUCCESS

http://cv.jenkins.couchbase.com/job/kv_engine.threadsanitizer/job/master/16702/ : SUCCESS

http://cv.jenkins.couchbase.com/job/kv_engine.ASan-UBSan/job/master/24059/ : SUCCESS

http://cv.jenkins.couchbase.com/job/kv_engine.macos/job/master/14863/ : SUCCESS

http://cv.jenkins.couchbase.com/job/kv_engine.libFuzzer/job/master/3702/ : SUCCESS

http://cv.jenkins.couchbase.com/job/kv_engine.aarch64-linux/job/master/3778/ : SUCCESS

http://cv.jenkins.couchbase.com/job/kv_engine.linux/job/master/15974/ : SUCCESS

http://cv.jenkins.couchbase.com/job/kv_engine.linux-CE/job/master/15694/ : SUCCESS
----------------------------------------------------------------------------------------------------------------------
Author: Build Bot
Date: 2021-11-18 14:27:03.000000000
Message: 
Patch Set 4:

Build Failed 

http://cv.jenkins.couchbase.com/job/kv_engine-windows-master/41869/ : FAILURE

Failure of an engine_testapp test:

<pre>
Running [0025/0159]: warmup conf...W1118 06:19:17.212249 21824 HazptrDomain.h:670] Using the default inline executor for asynchronous reclamation may be susceptible to deadlock if the current thread happens to hold a resource needed by the deleter of a reclaimable object


99% tests passed, 2 tests failed out of 419

Total Test time (real) = 686.57 sec

The following tests FAIL
</pre>
 ( http://cv.jenkins.couchbase.com/job/kv_engine-windows-master/41869/ )

Timeout of a CTest test 418/419 Test #339: memcached_testapp.default.TransportProtocols/StatsTest ........................................................................} ( http://cv.jenkins.couchbase.com/job/kv_engine-windows-master/41869/ )

http://cv.jenkins.couchbase.com/job/kv_engine-clang_analyzer-master/35544/ : SUCCESS

http://cv.jenkins.couchbase.com/job/kv_engine-clang_tidy-master/14068/ : SUCCESS

http://cv.jenkins.couchbase.com/job/kv_engine-clang_format_9/12877/ : SUCCESS

http://cv.jenkins.couchbase.com/job/kv_engine.threadsanitizer/job/master/16702/ : SUCCESS

http://cv.jenkins.couchbase.com/job/kv_engine.ASan-UBSan/job/master/24059/ : SUCCESS

http://cv.jenkins.couchbase.com/job/kv_engine.macos/job/master/14863/ : SUCCESS

http://cv.jenkins.couchbase.com/job/kv_engine.libFuzzer/job/master/3702/ : SUCCESS

http://cv.jenkins.couchbase.com/job/kv_engine.aarch64-linux/job/master/3778/ : SUCCESS

http://cv.jenkins.couchbase.com/job/kv_engine.linux/job/master/15974/ : SUCCESS

http://cv.jenkins.couchbase.com/job/kv_engine.linux-CE/job/master/15694/ : SUCCESS
----------------------------------------------------------------------------------------------------------------------
Author: Build Bot
Date: 2021-11-18 15:05:53.000000000
Message: 
Patch Set 4:

Build Failed 

http://cv.jenkins.couchbase.com/job/kv_engine-windows-master/41870/ : FAILURE

Timeout of a CTest test 419/419 Test #339: memcached_testapp.default.TransportProtocols/StatsTest ........................................................................} ( http://cv.jenkins.couchbase.com/job/kv_engine-windows-master/41870/ )

http://cv.jenkins.couchbase.com/job/kv_engine-clang_analyzer-master/35544/ : SUCCESS

http://cv.jenkins.couchbase.com/job/kv_engine-clang_tidy-master/14068/ : SUCCESS

http://cv.jenkins.couchbase.com/job/kv_engine-clang_format_9/12877/ : SUCCESS

http://cv.jenkins.couchbase.com/job/kv_engine.threadsanitizer/job/master/16702/ : SUCCESS

http://cv.jenkins.couchbase.com/job/kv_engine.ASan-UBSan/job/master/24059/ : SUCCESS

http://cv.jenkins.couchbase.com/job/kv_engine.macos/job/master/14863/ : SUCCESS

http://cv.jenkins.couchbase.com/job/kv_engine.libFuzzer/job/master/3702/ : SUCCESS

http://cv.jenkins.couchbase.com/job/kv_engine.aarch64-linux/job/master/3778/ : SUCCESS

http://cv.jenkins.couchbase.com/job/kv_engine.linux/job/master/15974/ : SUCCESS

http://cv.jenkins.couchbase.com/job/kv_engine.linux-CE/job/master/15694/ : SUCCESS
----------------------------------------------------------------------------------------------------------------------
Author: Build Bot
Date: 2021-11-18 15:38:14.000000000
Message: 
Patch Set 4: Verified+1

Build Successful 

http://cv.jenkins.couchbase.com/job/kv_engine-clang_analyzer-master/35544/ : SUCCESS

http://cv.jenkins.couchbase.com/job/kv_engine-clang_tidy-master/14068/ : SUCCESS

http://cv.jenkins.couchbase.com/job/kv_engine-clang_format_9/12877/ : SUCCESS

http://cv.jenkins.couchbase.com/job/kv_engine.threadsanitizer/job/master/16702/ : SUCCESS

http://cv.jenkins.couchbase.com/job/kv_engine.ASan-UBSan/job/master/24059/ : SUCCESS

http://cv.jenkins.couchbase.com/job/kv_engine.macos/job/master/14863/ : SUCCESS

http://cv.jenkins.couchbase.com/job/kv_engine.libFuzzer/job/master/3702/ : SUCCESS

http://cv.jenkins.couchbase.com/job/kv_engine.aarch64-linux/job/master/3778/ : SUCCESS

http://cv.jenkins.couchbase.com/job/kv_engine.linux/job/master/15974/ : SUCCESS

http://cv.jenkins.couchbase.com/job/kv_engine.linux-CE/job/master/15694/ : SUCCESS

http://cv.jenkins.couchbase.com/job/kv_engine-windows-master/41874/ : SUCCESS
----------------------------------------------------------------------------------------------------------------------
Author: Dave Rigby
Date: 2021-11-19 10:14:15.000000000
Message: 
Patch Set 4: Code-Review-1

(5 comments)
Line:215, engines/ep/src/kvstore/magma-kvstore/magma-kvstore.cc -> Info is too verbose for this - please revert back to trace.

Line:220, engines/ep/src/kvstore/magma-kvstore/magma-kvstore.cc -> This comment is now incorrect - please update.

Line:233, engines/ep/src/kvstore/magma-kvstore/magma-kvstore.cc -> Now you are setting this up in the ctor, I think it would actually be better to communicate the failure to create a MagmaCompactionCB via throw()ing an exception (which is the idiomatic way in C++ to indicate an object could not be created). 

That means you can remove all the ctx checks in operator() - the contract with Magma is that if it cannot create a MagmaCompactionCB then it cancels the compaction and doesn't continue - that should also save a bunch of work as it doesn't have to start the compaction and then find it needs to abort it on the first key.

Line:255, engines/ep/src/kvstore/magma-kvstore/magma-kvstore.cc -> Ditto.

Line:345, engines/ep/src/kvstore/magma-kvstore/magma-kvstore.cc -> This change seems unrelated and just creates noise in the patch

. I see you're trying to simply the code by only dereferencing `cbCtx.ctx` once, but the temporary name you chose is actually longer!

----------------------------------------------------------------------------------------------------------------------
Author: Richard de Mellow
Date: 2021-11-19 11:25:10.000000000
MISMATCHED INLINE COMMENT
Line:215, engines/ep/src/kvstore/magma-kvstore/magma-kvstore.cc -> Thanks for the spot this is left over from testing.
----------------------------------------------------------------------------------------------------------------------
Author: Richard de Mellow
Date: 2021-11-19 11:25:36.000000000
MISMATCHED INLINE COMMENT
Line:220, engines/ep/src/kvstore/magma-kvstore/magma-kvstore.cc -> Done
----------------------------------------------------------------------------------------------------------------------
Author: Richard de Mellow
Date: 2021-11-19 11:25:10.000000000
MISMATCHED INLINE COMMENT
Line:233, engines/ep/src/kvstore/magma-kvstore/magma-kvstore.cc -> I completely agree and had the patch like this at first (think you can see it in patch 1). However, this causes mamgma to crash for an implicit as they used to re-throw any exception they caught. I believe this has now been modified but might still be logged as a critical. Give this and the fact this patch was focused on refactoring the code. I would prefer to defer this to a follow-up patch after the bulk of the clancel code is in, if you're happy with that?
----------------------------------------------------------------------------------------------------------------------
Author: Dave Rigby
Date: 2021-11-19 11:39:01.000000000
MISMATCHED INLINE COMMENT
Line:233, engines/ep/src/kvstore/magma-kvstore/magma-kvstore.cc -> (Strictly speaking this isn't a refactor, given your changing behaviour between Magma and KV-Engine)

This is a conversation we need to have with Magma - conceptually we (KV-Engine) need to abort a compaction occurring under certain situations.

Currently the protocol between Magma and KV-Engine is they:

1. Invoke a callback to construct a Magma::CompactionCallback object (assuming it will always be successfully constructed).
2. Do whatever work is needed to start compacting (open files etc...)
3. Invoke a per-key operator() on the CompactionCallback to decide how to handle that key.

We are saying that we need to be able to abort the compaction if we are not ready for it; currently that happens by (2) essentially ignoring all keys called back to it (keeping them all?), but the is pretty wasteful as Magma is going to run a complete compaction which does nothing.

We _could_ do what you suggest and abort compaction when Magma calls back on the first key, but that is still potentially quite wasteful (and also not very clean as we essentially are carrying around a CompactionCallback object which exists but it's valid.

Hence the suggestion to have the actual CompactionCallback object ctor fail (which in C++ means throwing). Yes that requires a Magma change to catch that and abort the compaction, but I think that is desirable.

CC @Sarath / Magma team - what are your thoughts?
----------------------------------------------------------------------------------------------------------------------
Author: Richard de Mellow
Date: 2021-11-19 11:25:10.000000000
MISMATCHED INLINE COMMENT
Line:255, engines/ep/src/kvstore/magma-kvstore/magma-kvstore.cc -> ditto
----------------------------------------------------------------------------------------------------------------------
Author: Richard de Mellow
Date: 2021-11-19 11:25:10.000000000
MISMATCHED INLINE COMMENT
Line:345, engines/ep/src/kvstore/magma-kvstore/magma-kvstore.cc -> ACK, will revert
----------------------------------------------------------------------------------------------------------------------
