======================================================================================================================
DESCRIPTION:

MB-49919: Add assorted bucket stat benchmarks

Adds benchmarks for a handful of vaguely representative stat groups

uuid            "small"
engine          "big"
vbucket details "big and per vbucket"

These will be used as a rough gauge for how much overhead collecting
stats in a background task may add, relative to the baseline time taken.

Run on (12 X 2600 MHz CPU s) (2019 Macbook Pro)
CPU Caches:
  L1 Data 32 KiB (x6)
  L1 Instruction 32 KiB (x6)
  L2 Unified 256 KiB (x6)
  L3 Unified 12288 KiB (x1)
  -------------------------------------------------------------------------------------------
  Benchmark                                                 Time             CPU   Iterations
  -------------------------------------------------------------------------------------------
  EngineStatsBench/EngineStats                        1625963 ns      1614669 ns          426
  EngineStatsBench/Uuid                                  7968 ns         7919 ns        81504
  MultiVBEngineStatsBench/VBucketDetailsStats/1       2394957 ns      2338009 ns          319
  MultiVBEngineStatsBench/VBucketDetailsStats/8       3014348 ns      2859856 ns          263
  MultiVBEngineStatsBench/VBucketDetailsStats/64      3395063 ns      3221897 ns          224
  MultiVBEngineStatsBench/VBucketDetailsStats/512     7508069 ns      7280094 ns          106
  MultiVBEngineStatsBench/VBucketDetailsStats/1024   11277267 ns     11174765 ns           68

Change-Id: I60aa68d2d2951c045a4e18fcd2824eda7394aa17

======================================================================================================================
COMMENTS
======================================================================================================================
Author: James H
Date: 2022-03-23 15:42:50.000000000
Message: 
Uploaded patch set 3: Patch Set 2 was rebased.
----------------------------------------------------------------------------------------------------------------------
Author: Build Bot
Date: 2022-03-23 16:33:49.000000000
Message: 
Patch Set 3: Verified-1

Build Failed 

http://cv.jenkins.couchbase.com/job/kv_engine-windows-master/44626/ : FAILURE

Failure of an engine_testapp test:

<pre>
Running [107/159]: test sync vbucket destroy (multitable)...(135 ms) OK


99% tests passed, 2 tests failed out of 432

Total Test time (real) = 1043.12 sec

The following tests FAIL
</pre>
 ( http://cv.jenkins.couchbase.com/job/kv_engine-windows-master/44626/ )

Timeout of a CTest test 432/432 Test #288: ep_testsuite.full_eviction.magma ..............................................................................................} ( http://cv.jenkins.couchbase.com/job/kv_engine-windows-master/44626/ )

http://cv.jenkins.couchbase.com/job/kv_engine-clang_tidy-master/16141/ : SUCCESS

http://cv.jenkins.couchbase.com/job/kv_engine-clang_analyzer-master/37554/ : SUCCESS

http://cv.jenkins.couchbase.com/job/kv_engine-clang_format_9/15073/ : SUCCESS

http://cv.jenkins.couchbase.com/job/kv_engine.macos/job/master/16986/ : SUCCESS

http://cv.jenkins.couchbase.com/job/kv_engine.aarch64-linux/job/master/5858/ : SUCCESS

http://cv.jenkins.couchbase.com/job/kv_engine.linux-CE/job/master/17913/ : SUCCESS

http://cv.jenkins.couchbase.com/job/kv_engine.ASan-UBSan/job/master/26320/ : SUCCESS

http://cv.jenkins.couchbase.com/job/kv_engine.libFuzzer/job/master/5799/ : SUCCESS

http://cv.jenkins.couchbase.com/job/kv_engine.threadsanitizer/job/master/18944/ : SUCCESS

http://cv.jenkins.couchbase.com/job/kv_engine.linux/job/master/18237/ : SUCCESS
----------------------------------------------------------------------------------------------------------------------
Author: Build Bot
Date: 2022-03-24 12:35:02.000000000
Message: 
Patch Set 3:

Build Failed 

http://cv.jenkins.couchbase.com/job/kv_engine-windows-master/44651/ : FAILURE

Failure of an engine_testapp test:

<pre>
Running [65/159]: test special char keys...(67 ms) OK


99% tests passed, 1 tests failed out of 432

Total Test time (real) = 680.47 sec

The following tests FAIL
</pre>
 ( http://cv.jenkins.couchbase.com/job/kv_engine-windows-master/44651/ )

Timeout of a CTest test 432/432 Test #282: ep_testsuite.value_eviction.comp_active .......................................................................................} ( http://cv.jenkins.couchbase.com/job/kv_engine-windows-master/44651/ )

http://cv.jenkins.couchbase.com/job/kv_engine-clang_tidy-master/16141/ : SUCCESS

http://cv.jenkins.couchbase.com/job/kv_engine-clang_analyzer-master/37554/ : SUCCESS

http://cv.jenkins.couchbase.com/job/kv_engine-clang_format_9/15073/ : SUCCESS

http://cv.jenkins.couchbase.com/job/kv_engine.macos/job/master/16986/ : SUCCESS

http://cv.jenkins.couchbase.com/job/kv_engine.aarch64-linux/job/master/5858/ : SUCCESS

http://cv.jenkins.couchbase.com/job/kv_engine.linux-CE/job/master/17913/ : SUCCESS

http://cv.jenkins.couchbase.com/job/kv_engine.ASan-UBSan/job/master/26320/ : SUCCESS

http://cv.jenkins.couchbase.com/job/kv_engine.libFuzzer/job/master/5799/ : SUCCESS

http://cv.jenkins.couchbase.com/job/kv_engine.threadsanitizer/job/master/18944/ : SUCCESS

http://cv.jenkins.couchbase.com/job/kv_engine.linux/job/master/18237/ : SUCCESS
----------------------------------------------------------------------------------------------------------------------
Author: Build Bot
Date: 2022-03-24 16:22:10.000000000
Message: 
Patch Set 3:

Build Failed 

http://cv.jenkins.couchbase.com/job/kv_engine-windows-master/44669/ : FAILURE

Failure of an engine_testapp test:

<pre>
Running [67/159]: test restart...W0324 09:14:59.186178 118180 HazptrDomain.h:670] Using the default inline executor for asynchronous reclamation may be susceptible to deadlock if the current thread happens to hold a resource needed by the deleter of a reclaimable object


99% tests passed, 1 tests failed out of 432

Total Test time (real) = 694.86 sec

The following tests FAIL
</pre>
 ( http://cv.jenkins.couchbase.com/job/kv_engine-windows-master/44669/ )

Timeout of a CTest test 432/432 Test #287: ep_testsuite.value_eviction.magma .............................................................................................} ( http://cv.jenkins.couchbase.com/job/kv_engine-windows-master/44669/ )

http://cv.jenkins.couchbase.com/job/kv_engine-clang_tidy-master/16141/ : SUCCESS

http://cv.jenkins.couchbase.com/job/kv_engine-clang_analyzer-master/37554/ : SUCCESS

http://cv.jenkins.couchbase.com/job/kv_engine-clang_format_9/15073/ : SUCCESS

http://cv.jenkins.couchbase.com/job/kv_engine.macos/job/master/16986/ : SUCCESS

http://cv.jenkins.couchbase.com/job/kv_engine.aarch64-linux/job/master/5858/ : SUCCESS

http://cv.jenkins.couchbase.com/job/kv_engine.linux-CE/job/master/17913/ : SUCCESS

http://cv.jenkins.couchbase.com/job/kv_engine.ASan-UBSan/job/master/26320/ : SUCCESS

http://cv.jenkins.couchbase.com/job/kv_engine.libFuzzer/job/master/5799/ : SUCCESS

http://cv.jenkins.couchbase.com/job/kv_engine.threadsanitizer/job/master/18944/ : SUCCESS

http://cv.jenkins.couchbase.com/job/kv_engine.linux/job/master/18237/ : SUCCESS
----------------------------------------------------------------------------------------------------------------------
Author: Build Bot
Date: 2022-03-28 10:17:40.000000000
Message: 
Patch Set 3: Verified+1

Build Failed 

http://cv.jenkins.couchbase.com/job/kv_engine-clang_tidy-master/16141/ : SUCCESS

http://cv.jenkins.couchbase.com/job/kv_engine-clang_analyzer-master/37554/ : SUCCESS

http://cv.jenkins.couchbase.com/job/kv_engine-clang_format_9/15073/ : SUCCESS

http://cv.jenkins.couchbase.com/job/kv_engine.macos/job/master/16986/ : SUCCESS

http://cv.jenkins.couchbase.com/job/kv_engine.aarch64-linux/job/master/5858/ : SUCCESS

http://cv.jenkins.couchbase.com/job/kv_engine.linux-CE/job/master/17913/ : SUCCESS

http://cv.jenkins.couchbase.com/job/kv_engine.ASan-UBSan/job/master/26320/ : SUCCESS

http://cv.jenkins.couchbase.com/job/kv_engine.libFuzzer/job/master/5799/ : SUCCESS

http://cv.jenkins.couchbase.com/job/kv_engine.threadsanitizer/job/master/18944/ : SUCCESS

http://cv.jenkins.couchbase.com/job/kv_engine.linux/job/master/18237/ : SUCCESS
----------------------------------------------------------------------------------------------------------------------
