======================================================================================================================
DESCRIPTION:

MB-51413: Create MockCouchKVStore in replaceCouchKVStore

It's test code so the greater flexibility is useful.

Change-Id: Ib76d1c35b85db9d9e725b2fde6bbd11f42824ae1

======================================================================================================================
COMMENTS
======================================================================================================================
Author: Ben Huddleston
Date: 2022-03-14 22:21:59.000000000
Message: 
Uploaded patch set 2.
----------------------------------------------------------------------------------------------------------------------
Author: Build Bot
Date: 2022-03-14 22:44:39.000000000
Message: 
Patch Set 2: Verified-1 Code-Review-1

Build Failed 

http://cv.jenkins.couchbase.com/job/kv_engine-clang_tidy-master/16005/ : FAILURE

clang-tidy found the following problems:

<pre>
/home/couchbase/jenkins/workspace/kv_engine-clang_tidy-master/platform/include/hdrhistogram/hdrhistogram.h:29:10: error: "hdr_histogram.h" file not found [clang-diagnostic-error]
#include <hdr_histogram.h>
         ^

</pre> ( http://cv.jenkins.couchbase.com/job/kv_engine-clang_tidy-master/16005/ )

Compile error at /home/couchbase/jenkins/workspace/kv_engine-clang_tidy-master/platform/include/hdrhistogram/hdrhistogram.h:29:10:
error: "hdr_histogram.h" file not found [clang-diagnostic-error]
 ( http://cv.jenkins.couchbase.com/job/kv_engine-clang_tidy-master/16005/ )

http://cv.jenkins.couchbase.com/job/kv_engine-windows-master/44450/ : FAILURE

Failure of GoogleTest "PersistentAndEphemeral/StreamTest.MB17653_ItemsRemaining/ephemeral":

<pre>
[ RUN      ] PersistentAndEphemeral/StreamTest.MB17653_ItemsRemaining/ephemeral
unknown file: error: C++ exception with description "cb::io::rmrf: remove of file \\?\C:\Jenkins\workspace\kv_engine-windows-master\build\kv_engine\ep_engine_ep_unit_tests.db\test.974401\magma.0\wal\wal.1 under ep_engine_ep_unit_tests.db/test.974401 failed: The data is invalid." thrown in TearDown().
[  FAILED  ] PersistentAndEphemeral/StreamTest.MB17653_ItemsRemaining/ephemeral, where GetParam() = "ephemeral" (23 ms)
PersistentAndEphemeral/StreamTest.MB17653_ItemsRemaining/ephemeral
</pre>
 ( http://cv.jenkins.couchbase.com/job/kv_engine-windows-master/44450/ )

http://cv.jenkins.couchbase.com/job/kv_engine-clang_analyzer-master/37420/ : SUCCESS

http://cv.jenkins.couchbase.com/job/kv_engine-clang_format_9/14924/ : SUCCESS

http://cv.jenkins.couchbase.com/job/kv_engine.linux-CE/job/master/17773/ : SUCCESS

http://cv.jenkins.couchbase.com/job/kv_engine.linux/job/master/18100/ : SUCCESS

http://cv.jenkins.couchbase.com/job/kv_engine.threadsanitizer/job/master/18805/ : SUCCESS

http://cv.jenkins.couchbase.com/job/kv_engine.macos/job/master/16843/ : SUCCESS

http://cv.jenkins.couchbase.com/job/kv_engine.ASan-UBSan/job/master/26180/ : SUCCESS

http://cv.jenkins.couchbase.com/job/kv_engine.aarch64-linux/job/master/5720/ : SUCCESS

http://cv.jenkins.couchbase.com/job/kv_engine.libFuzzer/job/master/5662/ : SUCCESS
----------------------------------------------------------------------------------------------------------------------
Author: Build Bot
Date: 2022-03-15 08:41:58.000000000
Message: 
Patch Set 2:

Build Failed 

http://cv.jenkins.couchbase.com/job/kv_engine-clang_tidy-master/16005/ : FAILURE

clang-tidy found the following problems:

<pre>
/home/couchbase/jenkins/workspace/kv_engine-clang_tidy-master/platform/include/hdrhistogram/hdrhistogram.h:29:10: error: "hdr_histogram.h" file not found [clang-diagnostic-error]
#include <hdr_histogram.h>
         ^

</pre> ( http://cv.jenkins.couchbase.com/job/kv_engine-clang_tidy-master/16005/ )

Compile error at /home/couchbase/jenkins/workspace/kv_engine-clang_tidy-master/platform/include/hdrhistogram/hdrhistogram.h:29:10:
error: "hdr_histogram.h" file not found [clang-diagnostic-error]
 ( http://cv.jenkins.couchbase.com/job/kv_engine-clang_tidy-master/16005/ )

http://cv.jenkins.couchbase.com/job/kv_engine-windows-master/44455/ : FAILURE

Failure of an engine_testapp test:

<pre>
Running [75/159]: disk>RAM update paged-out...(161 ms) OK


99% tests passed, 1 tests failed out of 425

Total Test time (real) = 1070.07 sec

The following tests FAIL
</pre>
 ( http://cv.jenkins.couchbase.com/job/kv_engine-windows-master/44455/ )

Timeout of a CTest test 425/425 Test #281: ep_testsuite.full_eviction.magma ..............................................................................................} ( http://cv.jenkins.couchbase.com/job/kv_engine-windows-master/44455/ )

http://cv.jenkins.couchbase.com/job/kv_engine-clang_analyzer-master/37420/ : SUCCESS

http://cv.jenkins.couchbase.com/job/kv_engine-clang_format_9/14924/ : SUCCESS

http://cv.jenkins.couchbase.com/job/kv_engine.linux-CE/job/master/17773/ : SUCCESS

http://cv.jenkins.couchbase.com/job/kv_engine.linux/job/master/18100/ : SUCCESS

http://cv.jenkins.couchbase.com/job/kv_engine.threadsanitizer/job/master/18805/ : SUCCESS

http://cv.jenkins.couchbase.com/job/kv_engine.macos/job/master/16843/ : SUCCESS

http://cv.jenkins.couchbase.com/job/kv_engine.ASan-UBSan/job/master/26180/ : SUCCESS

http://cv.jenkins.couchbase.com/job/kv_engine.aarch64-linux/job/master/5720/ : SUCCESS

http://cv.jenkins.couchbase.com/job/kv_engine.libFuzzer/job/master/5662/ : SUCCESS
----------------------------------------------------------------------------------------------------------------------
Author: Build Bot
Date: 2022-03-15 10:01:33.000000000
Message: 
Patch Set 2:

Build Failed 

http://cv.jenkins.couchbase.com/job/kv_engine-clang_tidy-master/16005/ : FAILURE

clang-tidy found the following problems:

<pre>
/home/couchbase/jenkins/workspace/kv_engine-clang_tidy-master/platform/include/hdrhistogram/hdrhistogram.h:29:10: error: "hdr_histogram.h" file not found [clang-diagnostic-error]
#include <hdr_histogram.h>
         ^

</pre> ( http://cv.jenkins.couchbase.com/job/kv_engine-clang_tidy-master/16005/ )

Compile error at /home/couchbase/jenkins/workspace/kv_engine-clang_tidy-master/platform/include/hdrhistogram/hdrhistogram.h:29:10:
error: "hdr_histogram.h" file not found [clang-diagnostic-error]
 ( http://cv.jenkins.couchbase.com/job/kv_engine-clang_tidy-master/16005/ )

http://cv.jenkins.couchbase.com/job/kv_engine-windows-master/44460/ : FAILURE

Failure of GoogleTest "DurabilityRespondAmbiguousTest.RespondAmbiguousNotificationDeadLock":

<pre>
[ RUN      ] DurabilityRespondAmbiguousTest.RespondAmbiguousNotificationDeadLock
unknown file: error: C++ exception with description "cb::io::rmrf: remove of directory \\?\C:\Jenkins\workspace\kv_engine-windows-master\build\kv_engine\ep_engine_ep_unit_tests.db\test.829501 failed: unknown error" thrown in the test body.
[  FAILED  ] DurabilityRespondAmbiguousTest.RespondAmbiguousNotificationDeadLock (1038 ms)
DurabilityRespondAmbiguousTest.RespondAmbiguousNotificationDeadLock
</pre>
 ( http://cv.jenkins.couchbase.com/job/kv_engine-windows-master/44460/ )

Failure of an engine_testapp test:

<pre>
Running [24/47]: test touch (MB-10277)...(64 ms) OK

        Start 387: memcached_testapp.ep.TransportProtocols/TlsTests
384/425 Test #371: memcached_testapp.default.TransportProtocols/AuditTest ........................................................................   Passed   14.95 sec
        Start 388: memcached_testapp.ep.TransportProtocols/TouchTest
385/425 Test #387: memcached_testapp.ep.TransportProtocols/TlsTests ..............................................................................   Passed    1.28 sec
        Start 389: memcached_testapp.ep.TransportProtocols/TtlTest
386/425 Test #388: memcached_testapp.ep.TransportProtocols/TouchTest .............................................................................   Passed    1.43 sec
        Start 390: memcached_testapp.ep.TransportProtocols/TuneMcbpSla
387/425 Test #389: memcached_testapp.ep.TransportProtocols/TtlTest ...............................................................................   Passed    1.10 sec
        Start 391: memcached_testapp.ep.TransportProtocols/WithMetaTest
388/425 Test #386: memcached_testapp.ep.TransportProtocols/TenantTest ............................................................................   Passed    3.65 sec
        Start 392: memcached_testapp.ep.TransportProtocols/RemoveTest
389/425 Test #390: memcached_testapp.ep.TransportProtocols/TuneMcbpSla ...........................................................................   Passed    1.46 sec
        Start 393: memcached_testapp.ep.TransportProtocols/SaslTest
390/425 Test #392: memcached_testapp.ep.TransportProtocols/RemoveTest ............................................................................   Passed    1.24 sec
        Start 394: memcached_testapp.ep.TransportProtocols/StatsTest
391/425 Test #391: memcached_testapp.ep.TransportProtocols/WithMetaTest ..........................................................................   Passed    2.67 sec
        Start 395: memcached_testapp.ep.Subdoc/SubdocTestappTest
392/425 Test #394: memcached_testapp.ep.TransportProtocols/StatsTest .............................................................................   Passed    1.21 sec
        Start 396: memcached_testapp.ep.TransportProtocols/LockTest
393/425 Test #396: memcached_testapp.ep.TransportProtocols/LockTest ..............................................................................   Passed    0.84 sec
        Start 397: memcached_testapp.ep.LoggingTests/LoggingTest
394/425 Test #395: memcached_testapp.ep.Subdoc/SubdocTestappTest .................................................................................   Passed    2.01 sec
        Start 398: memcached_testapp.ep.TransportProtocols/MiscTest
395/425 Test #397: memcached_testapp.ep.LoggingTests/LoggingTest .................................................................................   Passed    0.71 sec
        Start 399: memcached_testapp.ep.CleanOrUnclean/PersistToTest
396/425 Test #398: memcached_testapp.ep.TransportProtocols/MiscTest ..............................................................................   Passed    0.66 sec
        Start 400: memcached_testapp.ep.TransportProtocols/RbacTest
397/425 Test #400: memcached_testapp.ep.TransportProtocols/RbacTest ..............................................................................   Passed    0.70 sec
        Start 401: memcached_testapp.ep.TransportProtocols/RbacRoleTest
398/425 Test #401: memcached_testapp.ep.TransportProtocols/RbacRoleTest ..........................................................................   Passed    0.70 sec
        Start 402: memcached_testapp.ep.TransportProtocols/RegressionTest
399/425 Test #402: memcached_testapp.ep.TransportProtocols/RegressionTest ........................................................................   Passed    0.97 sec
        Start 403: memcached_testapp.ep.TransportProtocols/ErrmapTest
400/425 Test #403: memcached_testapp.ep.TransportProtocols/ErrmapTest ............................................................................   Passed    0.74 sec
        Start 404: memcached_testapp.ep.TransportProtocols/ExternalAuthTest
401/425 Test #399: memcached_testapp.ep.CleanOrUnclean/PersistToTest .............................................................................   Passed    6.27 sec
        Start 405: memcached_testapp.ep.TransportProtocols/FlushTest
402/425 Test #405: memcached_testapp.ep.TransportProtocols/FlushTest .............................................................................   Passed    0.69 sec
        Start 406: memcached_testapp.ep.TransportProtocols/GetSetTest
403/425 Test #404: memcached_testapp.ep.TransportProtocols/ExternalAuthTest ......................................................................   Passed    5.77 sec
        Start 407: memcached_testapp.ep.TransportProtocols/InterfacesTest
404/425 Test #406: memcached_testapp.ep.TransportProtocols/GetSetTest ............................................................................   Passed    2.55 sec
        Start 408: memcached_testapp.ep.TransportProtocols/IoctlTest
405/425 Test #393: memcached_testapp.ep.TransportProtocols/SaslTest ..............................................................................   Passed   13.66 sec
        Start 409: memcached_testapp.ep.TransportProtocols/IPv6Test
406/425 Test #408: memcached_testapp.ep.TransportProtocols/IoctlTest .............................................................................   Passed    0.68 sec
        Start 410: memcached_testapp.ep.TransportProtocols/ClusterConfigTest
407/425 Test #409: memcached_testapp.ep.TransportProtocols/IPv6Test ..............................................................................   Passed    0.73 sec
        Start 411: memcached_testapp.ep.TransportProtocols/CmdTimerTest
408/425 Test #411: memcached_testapp.ep.TransportProtocols/CmdTimerTest ..........................................................................   Passed    0.71 sec
        Start 412: memcached_testapp.ep.TransportProtocols/CollectionsTest
409/425 Test #412: memcached_testapp.ep.TransportProtocols/CollectionsTest .......................................................................   Passed    0.69 sec
        Start 413: memcached_testapp.ep.TransportProtocols/DcpTest
410/425 Test #407: memcached_testapp.ep.TransportProtocols/InterfacesTest ........................................................................   Passed    4.05 sec
        Start 414: memcached_testapp.ep.TransportProtocols/DcpConsumerBufferAckTest
411/425 Test #410: memcached_testapp.ep.TransportProtocols/ClusterConfigTest .....................................................................   Passed    3.27 sec
        Start 415: memcached_testapp.ep.Transport/DeprecatedCommandsTests
412/425 Test #413: memcached_testapp.ep.TransportProtocols/DcpTest ...............................................................................   Passed    1.70 sec
        Start 416: memcached_testapp.ep.TransportProtocols/DurabilityTest
413/425 Test #385: memcached_testapp.ep.SDPerf/SubdocPerfTest ....................................................................................   Passed   22.74 sec
        Start 417: memcached_testapp.ep.TransportProtocols/SubdocDurabilityTest
414/425 Test #416: memcached_testapp.ep.TransportProtocols/DurabilityTest ........................................................................   Passed    0.87 sec
        Start 418: memcached_testapp.ep.TransportProtocols/ArithmeticTest
415/425 Test #415: memcached_testapp.ep.Transport/DeprecatedCommandsTests ........................................................................   Passed    1.48 sec
        Start 419: memcached_testapp.ep.TransportProtocols/ArithmeticXattrOnTest
416/425 Test #414: memcached_testapp.ep.TransportProtocols/DcpConsumerBufferAckTest ..............................................................   Passed    1.67 sec
        Start 420: memcached_testapp.ep.TransportProtocols/AuditTest
417/425 Test #417: memcached_testapp.ep.TransportProtocols/SubdocDurabilityTest ..................................................................   Passed    0.72 sec
        Start 421: memcached_testapp.ep.TransportProtocols/BucketTest
418/425 Test #419: memcached_testapp.ep.TransportProtocols/ArithmeticXattrOnTest .................................................................   Passed    0.75 sec
        Start 422: testapp_auth_provider_test
419/425 Test #422: testapp_auth_provider_test ....................................................................................................   Passed    0.13 sec
        Start 423: cluster_test
420/425 Test #418: memcached_testapp.ep.TransportProtocols/ArithmeticTest ........................................................................   Passed    2.39 sec
        Start 424: memcached_unsigned_leb128_test
421/425 Test #424: memcached_unsigned_leb128_test ................................................................................................   Passed    0.08 sec
        Start 425: memcached-hostutils-test
422/425 Test #425: memcached-hostutils-test ......................................................................................................   Passed    0.22 sec
423/425 Test #421: memcached_testapp.ep.TransportProtocols/BucketTest ............................................................................   Passed    5.78 sec
424/425 Test #420: memcached_testapp.ep.TransportProtocols/AuditTest .............................................................................   Passed   10.96 sec
425/425 Test #423: cluster_test ..................................................................................................................   Passed   17.29 sec

99% tests passed, 2 tests failed out of 425

Total Test time (real) = 739.03 sec

The following tests FAIL
</pre>
 ( http://cv.jenkins.couchbase.com/job/kv_engine-windows-master/44460/ )

Timeout of a CTest test 383/425 Test #283: ep_testsuite_basic.value_eviction.comp_active .................................................................................} ( http://cv.jenkins.couchbase.com/job/kv_engine-windows-master/44460/ )

http://cv.jenkins.couchbase.com/job/kv_engine-clang_analyzer-master/37420/ : SUCCESS

http://cv.jenkins.couchbase.com/job/kv_engine-clang_format_9/14924/ : SUCCESS

http://cv.jenkins.couchbase.com/job/kv_engine.linux-CE/job/master/17773/ : SUCCESS

http://cv.jenkins.couchbase.com/job/kv_engine.linux/job/master/18100/ : SUCCESS

http://cv.jenkins.couchbase.com/job/kv_engine.threadsanitizer/job/master/18805/ : SUCCESS

http://cv.jenkins.couchbase.com/job/kv_engine.macos/job/master/16843/ : SUCCESS

http://cv.jenkins.couchbase.com/job/kv_engine.ASan-UBSan/job/master/26180/ : SUCCESS

http://cv.jenkins.couchbase.com/job/kv_engine.aarch64-linux/job/master/5720/ : SUCCESS

http://cv.jenkins.couchbase.com/job/kv_engine.libFuzzer/job/master/5662/ : SUCCESS
----------------------------------------------------------------------------------------------------------------------
Author: Ben Huddleston
Date: 2022-03-15 10:39:55.000000000
Message: 
Topic set to 7.1.1
----------------------------------------------------------------------------------------------------------------------
Author: Build Bot
Date: 2022-03-18 09:54:01.000000000
Message: 
Patch Set 2:

Build Failed 

http://cv.jenkins.couchbase.com/job/kv_engine-clang_tidy-master/16005/ : FAILURE

clang-tidy found the following problems:

<pre>
/home/couchbase/jenkins/workspace/kv_engine-clang_tidy-master/platform/include/hdrhistogram/hdrhistogram.h:29:10: error: "hdr_histogram.h" file not found [clang-diagnostic-error]
#include <hdr_histogram.h>
         ^

</pre> ( http://cv.jenkins.couchbase.com/job/kv_engine-clang_tidy-master/16005/ )

Compile error at /home/couchbase/jenkins/workspace/kv_engine-clang_tidy-master/platform/include/hdrhistogram/hdrhistogram.h:29:10:
error: "hdr_histogram.h" file not found [clang-diagnostic-error]
 ( http://cv.jenkins.couchbase.com/job/kv_engine-clang_tidy-master/16005/ )

http://cv.jenkins.couchbase.com/job/kv_engine-clang_analyzer-master/37420/ : SUCCESS

http://cv.jenkins.couchbase.com/job/kv_engine-clang_format_9/14924/ : SUCCESS

http://cv.jenkins.couchbase.com/job/kv_engine.linux-CE/job/master/17773/ : SUCCESS

http://cv.jenkins.couchbase.com/job/kv_engine.linux/job/master/18100/ : SUCCESS

http://cv.jenkins.couchbase.com/job/kv_engine.threadsanitizer/job/master/18805/ : SUCCESS

http://cv.jenkins.couchbase.com/job/kv_engine.macos/job/master/16843/ : SUCCESS

http://cv.jenkins.couchbase.com/job/kv_engine.ASan-UBSan/job/master/26180/ : SUCCESS

http://cv.jenkins.couchbase.com/job/kv_engine.aarch64-linux/job/master/5720/ : SUCCESS

http://cv.jenkins.couchbase.com/job/kv_engine.libFuzzer/job/master/5662/ : SUCCESS

http://cv.jenkins.couchbase.com/job/kv_engine-windows-master/44520/ : SUCCESS
----------------------------------------------------------------------------------------------------------------------
Author: Dave Rigby
Date: 2022-03-18 09:55:27.000000000
Message: 
Patch Set 2: Code-Review-1

(3 comments)
Line:13, engines/ep/tests/mock/mock_couch_kvstore.h -> What's the reason for this header? Can we push it to the .cc file?

Line:67, engines/ep/tests/module_tests/kv_bucket_test.cc -> Note this should really be `#include ""` as this isn't a system / 3rd party library header.

Line:498, engines/ep/tests/module_tests/kv_bucket_test.cc -> Could you update the header to mention we replace with MockCouchKVStore?

----------------------------------------------------------------------------------------------------------------------
Author: Ben Huddleston
Date: 2022-03-18 12:19:41.000000000
Message: 
Patch Set 2:

(3 comments)
Line:13, engines/ep/tests/mock/mock_couch_kvstore.h -> Done

Line:67, engines/ep/tests/module_tests/kv_bucket_test.cc -> Done. I know remember why I stopped letting CLion include things for me :)

Line:498, engines/ep/tests/module_tests/kv_bucket_test.cc -> Done

----------------------------------------------------------------------------------------------------------------------
Author: Build Bot
Date: 2022-03-21 09:13:54.000000000
Message: 
Patch Set 2: Verified-1 Code-Review-1

Build Failed 

http://cv.jenkins.couchbase.com/job/kv_engine-clang_tidy-master/16085/ : FAILURE

clang-tidy found the following problems:

<pre>
/home/couchbase/jenkins/workspace/kv_engine-clang_tidy-master/platform/include/hdrhistogram/hdrhistogram.h:29:10: error: "hdr_histogram.h" file not found [clang-diagnostic-error]
#include <hdr_histogram.h>
         ^

</pre> ( http://cv.jenkins.couchbase.com/job/kv_engine-clang_tidy-master/16085/ )

Compile error at /home/couchbase/jenkins/workspace/kv_engine-clang_tidy-master/platform/include/hdrhistogram/hdrhistogram.h:29:10:
error: "hdr_histogram.h" file not found [clang-diagnostic-error]
 ( http://cv.jenkins.couchbase.com/job/kv_engine-clang_tidy-master/16085/ )

http://cv.jenkins.couchbase.com/job/kv_engine-clang_format_9/15009/ : SUCCESS

http://cv.jenkins.couchbase.com/job/kv_engine-windows-master/44546/ : SUCCESS

http://cv.jenkins.couchbase.com/job/kv_engine-clang_analyzer-master/37500/ : SUCCESS

http://cv.jenkins.couchbase.com/job/kv_engine.linux-CE/job/master/17850/ : SUCCESS

http://cv.jenkins.couchbase.com/job/kv_engine.linux/job/master/18172/ : SUCCESS

http://cv.jenkins.couchbase.com/job/kv_engine.threadsanitizer/job/master/18884/ : SUCCESS

http://cv.jenkins.couchbase.com/job/kv_engine.macos/job/master/16925/ : SUCCESS

http://cv.jenkins.couchbase.com/job/kv_engine.ASan-UBSan/job/master/26257/ : SUCCESS

http://cv.jenkins.couchbase.com/job/kv_engine.aarch64-linux/job/master/5797/ : SUCCESS

http://cv.jenkins.couchbase.com/job/kv_engine.libFuzzer/job/master/5739/ : SUCCESS
----------------------------------------------------------------------------------------------------------------------
