======================================================================================================================
DESCRIPTION:

MB-45378: Simplify ep_testsuite / ep_perfsuite targets

Add a helper function add_ep_testsuite() which simplifies defining
ep_testsuite-style tests and all their required dependancies.

The primary motivation for this is to move the
platform_cb_malloc_arena dependancy onto the final executable target;
as a subsequent patch converts platform_cb_malloc_arena to a CMake
object library, which requires the object dependancies are not
transitive - see target_link_libraries() documentation[1] for more
details.

[1]: https://cmake.org/cmake/help/latest/command/target_link_libraries.html#linking-object-libraries

Change-Id: Ibb04968ca00ee08481b08e9e0b037bdb04d55d19

======================================================================================================================
COMMENTS
======================================================================================================================
Author: Dave Rigby
Date: 2021-04-23 14:50:08.000000000
Message: 
Uploaded patch set 3.
----------------------------------------------------------------------------------------------------------------------
Author: Richard de Mellow
Date: 2021-04-23 15:12:43.000000000
Message: 
Patch Set 3: Code-Review+2
----------------------------------------------------------------------------------------------------------------------
Author: Build Bot
Date: 2021-04-23 15:28:49.000000000
Message: 
Patch Set 3: Verified-1

Build Failed 

http://cv.jenkins.couchbase.com/job/kv_engine-windows-master/35200/ : FAILURE

Failure of GoogleTest "PersistentAndEphemeral/ConnectionTest.test_maybesendnoop_not_enabled/5":

<pre>
[ RUN      ] PersistentAndEphemeral/ConnectionTest.test_maybesendnoop_not_enabled/5
unknown file: error: C++ exception with description "cb::io::rmrf: remove of file \\?\C:\Jenkins\workspace\kv_engine-windows-master\build\kv_engine\ep_engine_ep_unit_tests.db\test.602302\magma.0\wal\wal.1 under ep_engine_ep_unit_tests.db/test.602302 failed: The data is invalid." thrown in TearDown().
[  FAILED  ] PersistentAndEphemeral/ConnectionTest.test_maybesendnoop_not_enabled/5, where GetParam() = ("persistentMagma", "full_eviction") (63 ms)
PersistentAndEphemeral/ConnectionTest.test_maybesendnoop_not_enabled/5
</pre>
 ( http://cv.jenkins.couchbase.com/job/kv_engine-windows-master/35200/ )

http://cv.jenkins.couchbase.com/job/kv_engine-clang_analyzer-master/30147/ : SUCCESS

http://cv.jenkins.couchbase.com/job/kv_engine-clang_tidy/8492/ : SUCCESS

http://cv.jenkins.couchbase.com/job/kv_engine-clang_format_9/7042/ : SUCCESS

http://cv.jenkins.couchbase.com/job/kv_engine.macos/job/master/9091/ : SUCCESS

http://cv.jenkins.couchbase.com/job/kv_engine.linux-CE/job/master/10021/ : SUCCESS

http://cv.jenkins.couchbase.com/job/kv_engine.threadsanitizer/job/master/10411/ : SUCCESS

http://cv.jenkins.couchbase.com/job/kv_engine.linux/job/master/10163/ : SUCCESS

http://cv.jenkins.couchbase.com/job/kv_engine.ASan-UBSan/job/master/17960/ : SUCCESS
----------------------------------------------------------------------------------------------------------------------
Author: Build Bot
Date: 2021-04-23 16:15:03.000000000
Message: 
Patch Set 3:

Build Failed 

http://cv.jenkins.couchbase.com/job/kv_engine-windows-master/35204/ : FAILURE

Failure of GoogleTest "ShutdownTest.ShutdownAllowed":

<pre>
[ RUN      ] ShutdownTest.ShutdownAllowed
unknown file: error: C++ exception with description "MemcachedConnection::readPlain: failed to read data: An existing connection was forcibly closed by the remote host." thrown in SetUp().
Failed building socket: connect() failed (127.0.0.1 60313): No connection could be made because the target machine actively refused it.
unknown file: error: C++ exception with description "Failed to connect to: localhost:60313: No connection could be made because the target machine actively refused it." thrown in TearDown().
[  FAILED  ] ShutdownTest.ShutdownAllowed (1416 ms)
ShutdownTest.ShutdownAllowed
</pre>
 ( http://cv.jenkins.couchbase.com/job/kv_engine-windows-master/35204/ )

Timeout of a CTest test 366/409 Test  #69: ep-engine_ep_unit_tests.DurabilityRespondAmbiguousTest ........................................................................} ( http://cv.jenkins.couchbase.com/job/kv_engine-windows-master/35204/ )

http://cv.jenkins.couchbase.com/job/kv_engine-clang_analyzer-master/30147/ : SUCCESS

http://cv.jenkins.couchbase.com/job/kv_engine-clang_tidy/8492/ : SUCCESS

http://cv.jenkins.couchbase.com/job/kv_engine-clang_format_9/7042/ : SUCCESS

http://cv.jenkins.couchbase.com/job/kv_engine.macos/job/master/9091/ : SUCCESS

http://cv.jenkins.couchbase.com/job/kv_engine.linux-CE/job/master/10021/ : SUCCESS

http://cv.jenkins.couchbase.com/job/kv_engine.threadsanitizer/job/master/10411/ : SUCCESS

http://cv.jenkins.couchbase.com/job/kv_engine.linux/job/master/10163/ : SUCCESS

http://cv.jenkins.couchbase.com/job/kv_engine.ASan-UBSan/job/master/17960/ : SUCCESS
----------------------------------------------------------------------------------------------------------------------
Author: Build Bot
Date: 2021-04-23 20:06:56.000000000
Message: 
Patch Set 3:

Build Failed 

http://cv.jenkins.couchbase.com/job/kv_engine-windows-master/35217/ : FAILURE

Failure of GoogleTest "TestappTest.CollectionsSelectBucket":

<pre>
[ RUN      ] TestappTest.CollectionsSelectBucket
unknown file: error: C++ exception with description "MemcachedConnection::readPlain: failed to read data: An existing connection was forcibly closed by the remote host." thrown in the test body.
[  FAILED  ] TestappTest.CollectionsSelectBucket (34 ms)
TestappTest.CollectionsSelectBucket
</pre>
 ( http://cv.jenkins.couchbase.com/job/kv_engine-windows-master/35217/ )

Timeout of a CTest test 409/409 Test  #69: ep-engine_ep_unit_tests.DurabilityRespondAmbiguousTest ........................................................................} ( http://cv.jenkins.couchbase.com/job/kv_engine-windows-master/35217/ )

http://cv.jenkins.couchbase.com/job/kv_engine-clang_analyzer-master/30147/ : SUCCESS

http://cv.jenkins.couchbase.com/job/kv_engine-clang_tidy/8492/ : SUCCESS

http://cv.jenkins.couchbase.com/job/kv_engine-clang_format_9/7042/ : SUCCESS

http://cv.jenkins.couchbase.com/job/kv_engine.macos/job/master/9091/ : SUCCESS

http://cv.jenkins.couchbase.com/job/kv_engine.linux-CE/job/master/10021/ : SUCCESS

http://cv.jenkins.couchbase.com/job/kv_engine.threadsanitizer/job/master/10411/ : SUCCESS

http://cv.jenkins.couchbase.com/job/kv_engine.linux/job/master/10163/ : SUCCESS

http://cv.jenkins.couchbase.com/job/kv_engine.ASan-UBSan/job/master/17960/ : SUCCESS
----------------------------------------------------------------------------------------------------------------------
Author: Build Bot
Date: 2021-04-25 20:10:09.000000000
Message: 
Patch Set 3:

Build Failed 

http://cv.jenkins.couchbase.com/job/kv_engine-windows-master/35220/ : FAILURE

Timeout of a CTest test 409/409 Test #395: memcached_testapp.ep.TransportProtocols/TlsTests ..............................................................................} ( http://cv.jenkins.couchbase.com/job/kv_engine-windows-master/35220/ )

http://cv.jenkins.couchbase.com/job/kv_engine-clang_analyzer-master/30147/ : SUCCESS

http://cv.jenkins.couchbase.com/job/kv_engine-clang_tidy/8492/ : SUCCESS

http://cv.jenkins.couchbase.com/job/kv_engine-clang_format_9/7042/ : SUCCESS

http://cv.jenkins.couchbase.com/job/kv_engine.macos/job/master/9091/ : SUCCESS

http://cv.jenkins.couchbase.com/job/kv_engine.linux-CE/job/master/10021/ : SUCCESS

http://cv.jenkins.couchbase.com/job/kv_engine.threadsanitizer/job/master/10411/ : SUCCESS

http://cv.jenkins.couchbase.com/job/kv_engine.linux/job/master/10163/ : SUCCESS

http://cv.jenkins.couchbase.com/job/kv_engine.ASan-UBSan/job/master/17960/ : SUCCESS
----------------------------------------------------------------------------------------------------------------------
Author: Build Bot
Date: 2021-04-25 21:32:32.000000000
Message: 
Patch Set 3:

Build Failed 

http://cv.jenkins.couchbase.com/job/kv_engine-windows-master/35222/ : FAILURE

Timeout of a CTest test 409/409 Test #406: cluster_test ..................................................................................................................} ( http://cv.jenkins.couchbase.com/job/kv_engine-windows-master/35222/ )

http://cv.jenkins.couchbase.com/job/kv_engine-clang_analyzer-master/30147/ : SUCCESS

http://cv.jenkins.couchbase.com/job/kv_engine-clang_tidy/8492/ : SUCCESS

http://cv.jenkins.couchbase.com/job/kv_engine-clang_format_9/7042/ : SUCCESS

http://cv.jenkins.couchbase.com/job/kv_engine.macos/job/master/9091/ : SUCCESS

http://cv.jenkins.couchbase.com/job/kv_engine.linux-CE/job/master/10021/ : SUCCESS

http://cv.jenkins.couchbase.com/job/kv_engine.threadsanitizer/job/master/10411/ : SUCCESS

http://cv.jenkins.couchbase.com/job/kv_engine.linux/job/master/10163/ : SUCCESS

http://cv.jenkins.couchbase.com/job/kv_engine.ASan-UBSan/job/master/17960/ : SUCCESS
----------------------------------------------------------------------------------------------------------------------
Author: Trond Norbye
Date: 2021-04-26 06:07:05.000000000
Message: 
Patch Set 3: Code-Review+2
----------------------------------------------------------------------------------------------------------------------
Author: Build Bot
Date: 2021-04-26 06:42:37.000000000
Message: 
Patch Set 3:

Build Failed 

http://cv.jenkins.couchbase.com/job/kv_engine-windows-master/35225/ : FAILURE

Failure of GoogleTest "CleanOrUnclean/PersistToTest.ConsistentStateAfterShutdown/Unclean":

<pre>
[ RUN      ] CleanOrUnclean/PersistToTest.ConsistentStateAfterShutdown/Unclean
unknown file: error: C++ exception with description "MemcachedConnection::readPlain: failed to read data: An existing connection was forcibly closed by the remote host." thrown in SetUp().
Failed building socket: connect() failed (127.0.0.1 55416): No connection could be made because the target machine actively refused it.
unknown file: error: C++ exception with description "Failed to connect to: localhost:55416: No connection could be made because the target machine actively refused it." thrown in TearDown().
[  FAILED  ] CleanOrUnclean/PersistToTest.ConsistentStateAfterShutdown/Unclean, where GetParam() = Unclean (1577 ms)
CleanOrUnclean/PersistToTest.ConsistentStateAfterShutdown/Unclean
</pre>
 ( http://cv.jenkins.couchbase.com/job/kv_engine-windows-master/35225/ )

http://cv.jenkins.couchbase.com/job/kv_engine-clang_analyzer-master/30147/ : SUCCESS

http://cv.jenkins.couchbase.com/job/kv_engine-clang_tidy/8492/ : SUCCESS

http://cv.jenkins.couchbase.com/job/kv_engine-clang_format_9/7042/ : SUCCESS

http://cv.jenkins.couchbase.com/job/kv_engine.macos/job/master/9091/ : SUCCESS

http://cv.jenkins.couchbase.com/job/kv_engine.linux-CE/job/master/10021/ : SUCCESS

http://cv.jenkins.couchbase.com/job/kv_engine.threadsanitizer/job/master/10411/ : SUCCESS

http://cv.jenkins.couchbase.com/job/kv_engine.linux/job/master/10163/ : SUCCESS

http://cv.jenkins.couchbase.com/job/kv_engine.ASan-UBSan/job/master/17960/ : SUCCESS
----------------------------------------------------------------------------------------------------------------------
Author: Build Bot
Date: 2021-04-26 07:32:22.000000000
Message: 
Patch Set 3:

Build Failed 

http://cv.jenkins.couchbase.com/job/kv_engine-windows-master/35230/ : FAILURE

Timeout of a CTest test 408/409 Test #363: memcached_testapp.ep.TransportProtocols/ArithmeticXattrOnTest .................................................................} ( http://cv.jenkins.couchbase.com/job/kv_engine-windows-master/35230/ )

http://cv.jenkins.couchbase.com/job/kv_engine-clang_analyzer-master/30147/ : SUCCESS

http://cv.jenkins.couchbase.com/job/kv_engine-clang_tidy/8492/ : SUCCESS

http://cv.jenkins.couchbase.com/job/kv_engine-clang_format_9/7042/ : SUCCESS

http://cv.jenkins.couchbase.com/job/kv_engine.macos/job/master/9091/ : SUCCESS

http://cv.jenkins.couchbase.com/job/kv_engine.linux-CE/job/master/10021/ : SUCCESS

http://cv.jenkins.couchbase.com/job/kv_engine.threadsanitizer/job/master/10411/ : SUCCESS

http://cv.jenkins.couchbase.com/job/kv_engine.linux/job/master/10163/ : SUCCESS

http://cv.jenkins.couchbase.com/job/kv_engine.ASan-UBSan/job/master/17960/ : SUCCESS
----------------------------------------------------------------------------------------------------------------------
Author: Build Bot
Date: 2021-04-26 08:58:31.000000000
Message: 
Patch Set 3:

Build Failed 

http://cv.jenkins.couchbase.com/job/kv_engine-windows-master/35238/ : FAILURE

Timeout of a CTest test 248/409 Test #164: ep-engine_ep_unit_tests.PersistentAndEphemeral/StreamTest .....................................................................} ( http://cv.jenkins.couchbase.com/job/kv_engine-windows-master/35238/ )

http://cv.jenkins.couchbase.com/job/kv_engine-clang_analyzer-master/30147/ : SUCCESS

http://cv.jenkins.couchbase.com/job/kv_engine-clang_tidy/8492/ : SUCCESS

http://cv.jenkins.couchbase.com/job/kv_engine-clang_format_9/7042/ : SUCCESS

http://cv.jenkins.couchbase.com/job/kv_engine.macos/job/master/9091/ : SUCCESS

http://cv.jenkins.couchbase.com/job/kv_engine.linux-CE/job/master/10021/ : SUCCESS

http://cv.jenkins.couchbase.com/job/kv_engine.threadsanitizer/job/master/10411/ : SUCCESS

http://cv.jenkins.couchbase.com/job/kv_engine.linux/job/master/10163/ : SUCCESS

http://cv.jenkins.couchbase.com/job/kv_engine.ASan-UBSan/job/master/17960/ : SUCCESS
----------------------------------------------------------------------------------------------------------------------
Author: Build Bot
Date: 2021-04-26 12:25:47.000000000
Message: 
Patch Set 3:

Build Failed 

http://cv.jenkins.couchbase.com/job/kv_engine-windows-master/35251/ : FAILURE

Timeout of a CTest test 409/409 Test #395: memcached_testapp.ep.TransportProtocols/TlsTests ..............................................................................} ( http://cv.jenkins.couchbase.com/job/kv_engine-windows-master/35251/ )

http://cv.jenkins.couchbase.com/job/kv_engine-clang_analyzer-master/30147/ : SUCCESS

http://cv.jenkins.couchbase.com/job/kv_engine-clang_tidy/8492/ : SUCCESS

http://cv.jenkins.couchbase.com/job/kv_engine-clang_format_9/7042/ : SUCCESS

http://cv.jenkins.couchbase.com/job/kv_engine.macos/job/master/9091/ : SUCCESS

http://cv.jenkins.couchbase.com/job/kv_engine.linux-CE/job/master/10021/ : SUCCESS

http://cv.jenkins.couchbase.com/job/kv_engine.threadsanitizer/job/master/10411/ : SUCCESS

http://cv.jenkins.couchbase.com/job/kv_engine.linux/job/master/10163/ : SUCCESS

http://cv.jenkins.couchbase.com/job/kv_engine.ASan-UBSan/job/master/17960/ : SUCCESS
----------------------------------------------------------------------------------------------------------------------
Author: Build Bot
Date: 2021-04-26 13:31:56.000000000
Message: 
Patch Set 3:

Build Failed 

http://cv.jenkins.couchbase.com/job/kv_engine-windows-master/35252/ : FAILURE

Failure of an engine_testapp test:

<pre>
Running [0041/0045]: test CAS options and nmeta (seqno)...(2836 ms) OK

406/409 Test #295: kv-engine-check-header-define-once-guard ......................................................................................   Passed  123.63 sec
407/409 Test #394: memcached_testapp.ep.SDPerf/SubdocPerfTest ....................................................................................   Passed   36.06 sec
408/409 Test #406: cluster_test ..................................................................................................................   Passed   55.85 sec
409/409 Test #289: ep_perfsuite.value_eviction ...................................................................................................   Passed  178.93 sec

99% tests passed, 1 tests failed out of 409

Total Test time (real) = 420.35 sec

The following tests FAIL
</pre>
 ( http://cv.jenkins.couchbase.com/job/kv_engine-windows-master/35252/ )

Timeout of a CTest test 405/409 Test #288: ep_testsuite_xdcr.full_eviction.magma .........................................................................................} ( http://cv.jenkins.couchbase.com/job/kv_engine-windows-master/35252/ )

http://cv.jenkins.couchbase.com/job/kv_engine-clang_analyzer-master/30147/ : SUCCESS

http://cv.jenkins.couchbase.com/job/kv_engine-clang_tidy/8492/ : SUCCESS

http://cv.jenkins.couchbase.com/job/kv_engine-clang_format_9/7042/ : SUCCESS

http://cv.jenkins.couchbase.com/job/kv_engine.macos/job/master/9091/ : SUCCESS

http://cv.jenkins.couchbase.com/job/kv_engine.linux-CE/job/master/10021/ : SUCCESS

http://cv.jenkins.couchbase.com/job/kv_engine.threadsanitizer/job/master/10411/ : SUCCESS

http://cv.jenkins.couchbase.com/job/kv_engine.linux/job/master/10163/ : SUCCESS

http://cv.jenkins.couchbase.com/job/kv_engine.ASan-UBSan/job/master/17960/ : SUCCESS
----------------------------------------------------------------------------------------------------------------------
Author: Build Bot
Date: 2021-04-26 15:02:32.000000000
Message: 
Patch Set 3:

Build Failed 

http://cv.jenkins.couchbase.com/job/kv_engine-windows-master/35259/ : FAILURE

Timeout of a CTest test 409/409 Test #406: cluster_test ..................................................................................................................} ( http://cv.jenkins.couchbase.com/job/kv_engine-windows-master/35259/ )

http://cv.jenkins.couchbase.com/job/kv_engine-clang_analyzer-master/30147/ : SUCCESS

http://cv.jenkins.couchbase.com/job/kv_engine-clang_tidy/8492/ : SUCCESS

http://cv.jenkins.couchbase.com/job/kv_engine-clang_format_9/7042/ : SUCCESS

http://cv.jenkins.couchbase.com/job/kv_engine.macos/job/master/9091/ : SUCCESS

http://cv.jenkins.couchbase.com/job/kv_engine.linux-CE/job/master/10021/ : SUCCESS

http://cv.jenkins.couchbase.com/job/kv_engine.threadsanitizer/job/master/10411/ : SUCCESS

http://cv.jenkins.couchbase.com/job/kv_engine.linux/job/master/10163/ : SUCCESS

http://cv.jenkins.couchbase.com/job/kv_engine.ASan-UBSan/job/master/17960/ : SUCCESS
----------------------------------------------------------------------------------------------------------------------
Author: Build Bot
Date: 2021-04-26 20:29:56.000000000
Message: 
Patch Set 3:

Build Failed 

http://cv.jenkins.couchbase.com/job/kv_engine-windows-master/35276/ : FAILURE

Timeout of a CTest test 409/409 Test #378: memcached_testapp.ep.TransportProtocols/IoctlTest .............................................................................} ( http://cv.jenkins.couchbase.com/job/kv_engine-windows-master/35276/ )

http://cv.jenkins.couchbase.com/job/kv_engine-clang_analyzer-master/30147/ : SUCCESS

http://cv.jenkins.couchbase.com/job/kv_engine-clang_tidy/8492/ : SUCCESS

http://cv.jenkins.couchbase.com/job/kv_engine-clang_format_9/7042/ : SUCCESS

http://cv.jenkins.couchbase.com/job/kv_engine.macos/job/master/9091/ : SUCCESS

http://cv.jenkins.couchbase.com/job/kv_engine.linux-CE/job/master/10021/ : SUCCESS

http://cv.jenkins.couchbase.com/job/kv_engine.threadsanitizer/job/master/10411/ : SUCCESS

http://cv.jenkins.couchbase.com/job/kv_engine.linux/job/master/10163/ : SUCCESS

http://cv.jenkins.couchbase.com/job/kv_engine.ASan-UBSan/job/master/17960/ : SUCCESS
----------------------------------------------------------------------------------------------------------------------
Author: Build Bot
Date: 2021-04-27 09:35:24.000000000
Message: 
Patch Set 3:

Build Failed 

http://cv.jenkins.couchbase.com/job/kv_engine-windows-master/35286/ : ABORTED

Build which was aborted due to a newer patch set being uploaded for the given review. ( http://cv.jenkins.couchbase.com/job/kv_engine-windows-master/35286/ )

http://cv.jenkins.couchbase.com/job/kv_engine-clang_analyzer-master/30147/ : SUCCESS

http://cv.jenkins.couchbase.com/job/kv_engine-clang_tidy/8492/ : SUCCESS

http://cv.jenkins.couchbase.com/job/kv_engine-clang_format_9/7042/ : SUCCESS

http://cv.jenkins.couchbase.com/job/kv_engine.macos/job/master/9091/ : SUCCESS

http://cv.jenkins.couchbase.com/job/kv_engine.linux-CE/job/master/10021/ : SUCCESS

http://cv.jenkins.couchbase.com/job/kv_engine.threadsanitizer/job/master/10411/ : SUCCESS

http://cv.jenkins.couchbase.com/job/kv_engine.linux/job/master/10163/ : SUCCESS

http://cv.jenkins.couchbase.com/job/kv_engine.ASan-UBSan/job/master/17960/ : SUCCESS
----------------------------------------------------------------------------------------------------------------------
