======================================================================================================================
DESCRIPTION:

Merge branch 'mad-hatter' into cheshire-cat

* mad-hatter:
  MB-46477 [BP 6.6.3]: Subdoc: Only log one DOC_MODIFY event

Change-Id: If307a06e95d34a8461b7cd16e5d855144542077b

======================================================================================================================
COMMENTS
======================================================================================================================
Author: Ben Huddleston
Date: 2021-05-28 08:00:53.000000000
Message: 
Uploaded patch set 1.
----------------------------------------------------------------------------------------------------------------------
Author: Build Bot
Date: 2021-05-28 08:01:10.000000000
Message: 
Patch Set 1: Well-Formed-1

Branch restricted. PLEASE READ this URL: 

http://server.jenkins.couchbase.com/job/restricted-branch-check/242802/artifact/restricted.html : FAILURE
----------------------------------------------------------------------------------------------------------------------
Author: Build Bot
Date: 2021-05-28 09:04:25.000000000
Message: 
Patch Set 1: Verified-1

Build Failed 

http://cv.jenkins.couchbase.com/job/kv_engine-windows-cheshire-cat/56/ : FAILURE

Timeout of a CTest test 407/407 Test #404: cluster_test ..................................................................................................................} ( http://cv.jenkins.couchbase.com/job/kv_engine-windows-cheshire-cat/56/ )

http://cv.jenkins.couchbase.com/job/kv_engine-clang_analyzer-cheshire-cat/42/ : SUCCESS

http://cv.jenkins.couchbase.com/job/kv_engine-clang_format_9/7845/ : SUCCESS

http://cv.jenkins.couchbase.com/job/kv_engine-clang_tidy-cheshire-cat/32/ : SUCCESS

http://cv.jenkins.couchbase.com/job/kv_engine.linux-CE/job/cheshire-cat/45/ : SUCCESS

http://cv.jenkins.couchbase.com/job/kv_engine.linux/job/cheshire-cat/45/ : SUCCESS

http://cv.jenkins.couchbase.com/job/kv_engine.ASan-UBSan/job/cheshire-cat/46/ : SUCCESS

http://cv.jenkins.couchbase.com/job/kv_engine.threadsanitizer/job/cheshire-cat/45/ : SUCCESS

http://cv.jenkins.couchbase.com/job/kv_engine.macos/job/cheshire-cat/45/ : SUCCESS
----------------------------------------------------------------------------------------------------------------------
Author: Build Bot
Date: 2021-05-28 10:11:12.000000000
Message: 
Patch Set 1:

Build Failed 

http://cv.jenkins.couchbase.com/job/kv_engine-windows-cheshire-cat/57/ : FAILURE

Failure of an engine_testapp test:

<pre>
Running [0000/0005]: checkpoint: create a new checkpoint.....\kv_engine\engines\ep\tests\ep_testsuite_checkpoint.cc:35 Test failed: `" (Expected `0", got `1" - Last closed checkpoint Id for VB 0 should still be 0 after storing 5 items)
(16052 ms) FAIL
</pre>
 ( http://cv.jenkins.couchbase.com/job/kv_engine-windows-cheshire-cat/57/ )

http://cv.jenkins.couchbase.com/job/kv_engine-clang_analyzer-cheshire-cat/42/ : SUCCESS

http://cv.jenkins.couchbase.com/job/kv_engine-clang_format_9/7845/ : SUCCESS

http://cv.jenkins.couchbase.com/job/kv_engine-clang_tidy-cheshire-cat/32/ : SUCCESS

http://cv.jenkins.couchbase.com/job/kv_engine.linux-CE/job/cheshire-cat/45/ : SUCCESS

http://cv.jenkins.couchbase.com/job/kv_engine.linux/job/cheshire-cat/45/ : SUCCESS

http://cv.jenkins.couchbase.com/job/kv_engine.ASan-UBSan/job/cheshire-cat/46/ : SUCCESS

http://cv.jenkins.couchbase.com/job/kv_engine.threadsanitizer/job/cheshire-cat/45/ : SUCCESS

http://cv.jenkins.couchbase.com/job/kv_engine.macos/job/cheshire-cat/45/ : SUCCESS
----------------------------------------------------------------------------------------------------------------------
Author: Build Bot
Date: 2021-05-28 11:01:00.000000000
Message: 
Patch Set 1:

Build Failed 

http://cv.jenkins.couchbase.com/job/kv_engine-windows-cheshire-cat/58/ : FAILURE

Failure of an engine_testapp test:

<pre>
Running [0088/0096]: test MB-26907 backfill expired value - ExpiryOutput Disabled...(4041 ms) OK


99% tests passed, 1 tests failed out of 407

Total Test time (real) = 331.02 sec

The following tests FAIL
</pre>
 ( http://cv.jenkins.couchbase.com/job/kv_engine-windows-cheshire-cat/58/ )

Timeout of a CTest test 407/407 Test #266: ep_testsuite_dcp.full_eviction.comp_passive ...................................................................................} ( http://cv.jenkins.couchbase.com/job/kv_engine-windows-cheshire-cat/58/ )

http://cv.jenkins.couchbase.com/job/kv_engine-clang_analyzer-cheshire-cat/42/ : SUCCESS

http://cv.jenkins.couchbase.com/job/kv_engine-clang_format_9/7845/ : SUCCESS

http://cv.jenkins.couchbase.com/job/kv_engine-clang_tidy-cheshire-cat/32/ : SUCCESS

http://cv.jenkins.couchbase.com/job/kv_engine.linux-CE/job/cheshire-cat/45/ : SUCCESS

http://cv.jenkins.couchbase.com/job/kv_engine.linux/job/cheshire-cat/45/ : SUCCESS

http://cv.jenkins.couchbase.com/job/kv_engine.ASan-UBSan/job/cheshire-cat/46/ : SUCCESS

http://cv.jenkins.couchbase.com/job/kv_engine.threadsanitizer/job/cheshire-cat/45/ : SUCCESS

http://cv.jenkins.couchbase.com/job/kv_engine.macos/job/cheshire-cat/45/ : SUCCESS
----------------------------------------------------------------------------------------------------------------------
Author: Build Bot
Date: 2021-05-28 12:05:24.000000000
Message: 
Patch Set 1:

Build Failed 

http://cv.jenkins.couchbase.com/job/kv_engine-windows-cheshire-cat/59/ : FAILURE

Link error: fatal error LNK1201: error writing to program database "C:\Jenkins\workspace\kv_engine-windows-cheshire-cat\build\kv_engine\kvstore_gen.pdb"; check for insufficient disk space, invalid path, or insufficient privilege ( http://cv.jenkins.couchbase.com/job/kv_engine-windows-cheshire-cat/59/ )

http://cv.jenkins.couchbase.com/job/kv_engine-clang_analyzer-cheshire-cat/42/ : SUCCESS

http://cv.jenkins.couchbase.com/job/kv_engine-clang_format_9/7845/ : SUCCESS

http://cv.jenkins.couchbase.com/job/kv_engine-clang_tidy-cheshire-cat/32/ : SUCCESS

http://cv.jenkins.couchbase.com/job/kv_engine.linux-CE/job/cheshire-cat/45/ : SUCCESS

http://cv.jenkins.couchbase.com/job/kv_engine.linux/job/cheshire-cat/45/ : SUCCESS

http://cv.jenkins.couchbase.com/job/kv_engine.ASan-UBSan/job/cheshire-cat/46/ : SUCCESS

http://cv.jenkins.couchbase.com/job/kv_engine.threadsanitizer/job/cheshire-cat/45/ : SUCCESS

http://cv.jenkins.couchbase.com/job/kv_engine.macos/job/cheshire-cat/45/ : SUCCESS
----------------------------------------------------------------------------------------------------------------------
Author: Build Bot
Date: 2021-05-28 16:59:21.000000000
Message: 
Patch Set 1:

Build Failed 

http://cv.jenkins.couchbase.com/job/kv_engine-windows-cheshire-cat/65/ : FAILURE

Timeout of a CTest test 407/407 Test #404: cluster_test ..................................................................................................................} ( http://cv.jenkins.couchbase.com/job/kv_engine-windows-cheshire-cat/65/ )

http://cv.jenkins.couchbase.com/job/kv_engine-clang_analyzer-cheshire-cat/42/ : SUCCESS

http://cv.jenkins.couchbase.com/job/kv_engine-clang_format_9/7845/ : SUCCESS

http://cv.jenkins.couchbase.com/job/kv_engine-clang_tidy-cheshire-cat/32/ : SUCCESS

http://cv.jenkins.couchbase.com/job/kv_engine.linux-CE/job/cheshire-cat/45/ : SUCCESS

http://cv.jenkins.couchbase.com/job/kv_engine.linux/job/cheshire-cat/45/ : SUCCESS

http://cv.jenkins.couchbase.com/job/kv_engine.ASan-UBSan/job/cheshire-cat/46/ : SUCCESS

http://cv.jenkins.couchbase.com/job/kv_engine.threadsanitizer/job/cheshire-cat/45/ : SUCCESS

http://cv.jenkins.couchbase.com/job/kv_engine.macos/job/cheshire-cat/45/ : SUCCESS
----------------------------------------------------------------------------------------------------------------------
Author: Build Bot
Date: 2021-06-01 07:16:07.000000000
Message: 
Patch Set 1:

Build Failed 

http://cv.jenkins.couchbase.com/job/kv_engine-windows-cheshire-cat/69/ : FAILURE

No problems were identified. If you know why this problem occurred, please add a suitable Cause for it. ( http://cv.jenkins.couchbase.com/job/kv_engine-windows-cheshire-cat/69/ )

http://cv.jenkins.couchbase.com/job/kv_engine-clang_analyzer-cheshire-cat/42/ : SUCCESS

http://cv.jenkins.couchbase.com/job/kv_engine-clang_format_9/7845/ : SUCCESS

http://cv.jenkins.couchbase.com/job/kv_engine-clang_tidy-cheshire-cat/32/ : SUCCESS

http://cv.jenkins.couchbase.com/job/kv_engine.linux-CE/job/cheshire-cat/45/ : SUCCESS

http://cv.jenkins.couchbase.com/job/kv_engine.linux/job/cheshire-cat/45/ : SUCCESS

http://cv.jenkins.couchbase.com/job/kv_engine.ASan-UBSan/job/cheshire-cat/46/ : SUCCESS

http://cv.jenkins.couchbase.com/job/kv_engine.threadsanitizer/job/cheshire-cat/45/ : SUCCESS

http://cv.jenkins.couchbase.com/job/kv_engine.macos/job/cheshire-cat/45/ : SUCCESS
----------------------------------------------------------------------------------------------------------------------
Author: Build Bot
Date: 2021-06-01 08:34:23.000000000
Message: 
Patch Set 1:

Build Failed 

http://cv.jenkins.couchbase.com/job/kv_engine-windows-cheshire-cat/70/ : FAILURE

Timeout of a CTest test 407/407 Test #404: cluster_test ..................................................................................................................} ( http://cv.jenkins.couchbase.com/job/kv_engine-windows-cheshire-cat/70/ )

http://cv.jenkins.couchbase.com/job/kv_engine-clang_analyzer-cheshire-cat/42/ : SUCCESS

http://cv.jenkins.couchbase.com/job/kv_engine-clang_format_9/7845/ : SUCCESS

http://cv.jenkins.couchbase.com/job/kv_engine-clang_tidy-cheshire-cat/32/ : SUCCESS

http://cv.jenkins.couchbase.com/job/kv_engine.linux-CE/job/cheshire-cat/45/ : SUCCESS

http://cv.jenkins.couchbase.com/job/kv_engine.linux/job/cheshire-cat/45/ : SUCCESS

http://cv.jenkins.couchbase.com/job/kv_engine.ASan-UBSan/job/cheshire-cat/46/ : SUCCESS

http://cv.jenkins.couchbase.com/job/kv_engine.threadsanitizer/job/cheshire-cat/45/ : SUCCESS

http://cv.jenkins.couchbase.com/job/kv_engine.macos/job/cheshire-cat/45/ : SUCCESS
----------------------------------------------------------------------------------------------------------------------
Author: Build Bot
Date: 2021-06-01 11:27:03.000000000
Message: 
Patch Set 1:

Build Failed 

http://cv.jenkins.couchbase.com/job/kv_engine-windows-cheshire-cat/71/ : FAILURE

Failure of an engine_testapp test:

<pre>
Running [0088/0096]: test MB-26907 backfill expired value - ExpiryOutput Disabled...(142 ms) OK


99% tests passed, 1 tests failed out of 407

Total Test time (real) = 290.64 sec

The following tests FAIL
</pre>
 ( http://cv.jenkins.couchbase.com/job/kv_engine-windows-cheshire-cat/71/ )

Timeout of a CTest test 407/407 Test #266: ep_testsuite_dcp.full_eviction.comp_passive ...................................................................................} ( http://cv.jenkins.couchbase.com/job/kv_engine-windows-cheshire-cat/71/ )

http://cv.jenkins.couchbase.com/job/kv_engine-clang_analyzer-cheshire-cat/42/ : SUCCESS

http://cv.jenkins.couchbase.com/job/kv_engine-clang_format_9/7845/ : SUCCESS

http://cv.jenkins.couchbase.com/job/kv_engine-clang_tidy-cheshire-cat/32/ : SUCCESS

http://cv.jenkins.couchbase.com/job/kv_engine.linux-CE/job/cheshire-cat/45/ : SUCCESS

http://cv.jenkins.couchbase.com/job/kv_engine.linux/job/cheshire-cat/45/ : SUCCESS

http://cv.jenkins.couchbase.com/job/kv_engine.ASan-UBSan/job/cheshire-cat/46/ : SUCCESS

http://cv.jenkins.couchbase.com/job/kv_engine.threadsanitizer/job/cheshire-cat/45/ : SUCCESS

http://cv.jenkins.couchbase.com/job/kv_engine.macos/job/cheshire-cat/45/ : SUCCESS
----------------------------------------------------------------------------------------------------------------------
Author: Ben Huddleston
Date: 2021-06-01 11:53:44.000000000
Message: 
Patch Set 1:

forward merge of backport so no code change to this branch. Removing well-formed -1
----------------------------------------------------------------------------------------------------------------------
Author: Ben Huddleston
Date: 2021-06-01 11:53:47.000000000
Message: 
Removed Well-Formed-1 by Build Bot <build@couchbase.com>

----------------------------------------------------------------------------------------------------------------------
Author: Build Bot
Date: 2021-06-01 14:19:50.000000000
Message: 
Patch Set 1:

Build Failed 

http://cv.jenkins.couchbase.com/job/kv_engine-windows-cheshire-cat/73/ : FAILURE

Failure of an engine_testapp test:

<pre>
Running [0109/0157]: test async vbucket destroy restart...(260 ms) OK


99% tests passed, 1 tests failed out of 407

Total Test time (real) = 649.59 sec

The following tests FAIL
</pre>
 ( http://cv.jenkins.couchbase.com/job/kv_engine-windows-cheshire-cat/73/ )

Timeout of a CTest test 407/407 Test #255: ep_testsuite.full_eviction.magma ..............................................................................................} ( http://cv.jenkins.couchbase.com/job/kv_engine-windows-cheshire-cat/73/ )

http://cv.jenkins.couchbase.com/job/kv_engine-clang_analyzer-cheshire-cat/42/ : SUCCESS

http://cv.jenkins.couchbase.com/job/kv_engine-clang_format_9/7845/ : SUCCESS

http://cv.jenkins.couchbase.com/job/kv_engine-clang_tidy-cheshire-cat/32/ : SUCCESS

http://cv.jenkins.couchbase.com/job/kv_engine.linux-CE/job/cheshire-cat/45/ : SUCCESS

http://cv.jenkins.couchbase.com/job/kv_engine.linux/job/cheshire-cat/45/ : SUCCESS

http://cv.jenkins.couchbase.com/job/kv_engine.ASan-UBSan/job/cheshire-cat/46/ : SUCCESS

http://cv.jenkins.couchbase.com/job/kv_engine.threadsanitizer/job/cheshire-cat/45/ : SUCCESS

http://cv.jenkins.couchbase.com/job/kv_engine.macos/job/cheshire-cat/45/ : SUCCESS
----------------------------------------------------------------------------------------------------------------------
Author: Build Bot
Date: 2021-06-01 15:48:01.000000000
Message: 
Patch Set 1: Verified+1

Build Successful 

http://cv.jenkins.couchbase.com/job/kv_engine-clang_analyzer-cheshire-cat/42/ : SUCCESS

http://cv.jenkins.couchbase.com/job/kv_engine-clang_format_9/7845/ : SUCCESS

http://cv.jenkins.couchbase.com/job/kv_engine-clang_tidy-cheshire-cat/32/ : SUCCESS

http://cv.jenkins.couchbase.com/job/kv_engine.linux-CE/job/cheshire-cat/45/ : SUCCESS

http://cv.jenkins.couchbase.com/job/kv_engine.linux/job/cheshire-cat/45/ : SUCCESS

http://cv.jenkins.couchbase.com/job/kv_engine.ASan-UBSan/job/cheshire-cat/46/ : SUCCESS

http://cv.jenkins.couchbase.com/job/kv_engine.threadsanitizer/job/cheshire-cat/45/ : SUCCESS

http://cv.jenkins.couchbase.com/job/kv_engine.macos/job/cheshire-cat/45/ : SUCCESS

http://cv.jenkins.couchbase.com/job/kv_engine-windows-cheshire-cat/74/ : SUCCESS
----------------------------------------------------------------------------------------------------------------------
Author: Dave Rigby
Date: 2021-06-02 08:27:31.000000000
Message: 
Patch Set 1: Code-Review+2
----------------------------------------------------------------------------------------------------------------------
Author: Dave Rigby
Date: 2021-06-02 08:27:34.000000000
Message: 
Change has been successfully merged by Dave Rigby
----------------------------------------------------------------------------------------------------------------------
Author: Build Bot
Date: 2021-06-02 08:52:28.000000000
Message: 
Patch Set 1:

Build Started http://cv.jenkins.couchbase.com/job/kv_engine-post-commit-cheshire-cat/43/
----------------------------------------------------------------------------------------------------------------------
Author: Build Bot
Date: 2021-06-02 10:56:48.000000000
Message: 
Patch Set 1:

Build Successful 

http://cv.jenkins.couchbase.com/job/kv_engine-post-commit-cheshire-cat/43/ : SUCCESS'
----------------------------------------------------------------------------------------------------------------------
