======================================================================================================================
DESCRIPTION:

MB-45949: Overwrite logically deleted items in delWithMeta

In VBucket::deleteWithMeta we skip deleting any item which is
logically deleted. If a collection is resurrected though then this
will prevent us from replicating a tombstone (belonging to the
new generation of the collection).

Change-Id: I4f7600307929e9b1e5cf143b40db0b14daf9cf84

======================================================================================================================
COMMENTS
======================================================================================================================
Author: Ben Huddleston
Date: 2021-04-27 15:59:20.000000000
Message: 
Uploaded patch set 4: Patch Set 3 was rebased.
----------------------------------------------------------------------------------------------------------------------
Author: Jim Walker
Date: 2021-04-28 08:38:31.000000000
Message: 
Patch Set 4: Code-Review+2

Good find, did this also lead to a DCP error (probably disconnect in a real cluster)?
----------------------------------------------------------------------------------------------------------------------
Author: Ben Huddleston
Date: 2021-04-28 08:46:51.000000000
Message: 
Patch Set 4:

> Patch Set 4: Code-Review+2
> 
> Good find, did this also lead to a DCP error (probably disconnect in a real cluster)?

No, it fails silently
----------------------------------------------------------------------------------------------------------------------
Author: Build Bot
Date: 2021-04-28 10:06:35.000000000
Message: 
Patch Set 4: Verified-1

Build Failed 

http://cv.jenkins.couchbase.com/job/kv_engine-windows-master/35321/ : FAILURE

Timeout of a CTest test 409/409 Test #406: cluster_test ..................................................................................................................} ( http://cv.jenkins.couchbase.com/job/kv_engine-windows-master/35321/ )

http://cv.jenkins.couchbase.com/job/kv_engine-clang_format_9/7110/ : SUCCESS

http://cv.jenkins.couchbase.com/job/kv_engine-clang_tidy/8561/ : SUCCESS

http://cv.jenkins.couchbase.com/job/kv_engine-clang_analyzer-master/30221/ : SUCCESS

http://cv.jenkins.couchbase.com/job/kv_engine.macos/job/master/9159/ : SUCCESS

http://cv.jenkins.couchbase.com/job/kv_engine.linux-CE/job/master/10089/ : SUCCESS

http://cv.jenkins.couchbase.com/job/kv_engine.linux/job/master/10232/ : SUCCESS

http://cv.jenkins.couchbase.com/job/kv_engine.threadsanitizer/job/master/10481/ : SUCCESS

http://cv.jenkins.couchbase.com/job/kv_engine.ASan-UBSan/job/master/18032/ : SUCCESS
----------------------------------------------------------------------------------------------------------------------
Author: Build Bot
Date: 2021-04-28 12:09:23.000000000
Message: 
Patch Set 4:

Build Failed 

http://cv.jenkins.couchbase.com/job/kv_engine-windows-master/35351/ : FAILURE

Timeout of a CTest test 192/409 Test #182: ep-engine_ep_unit_tests.AllBucketTypes/ActiveDurabilityMonitorTest ............................................................} ( http://cv.jenkins.couchbase.com/job/kv_engine-windows-master/35351/ )

http://cv.jenkins.couchbase.com/job/kv_engine-clang_format_9/7110/ : SUCCESS

http://cv.jenkins.couchbase.com/job/kv_engine-clang_tidy/8561/ : SUCCESS

http://cv.jenkins.couchbase.com/job/kv_engine-clang_analyzer-master/30221/ : SUCCESS

http://cv.jenkins.couchbase.com/job/kv_engine.macos/job/master/9159/ : SUCCESS

http://cv.jenkins.couchbase.com/job/kv_engine.linux-CE/job/master/10089/ : SUCCESS

http://cv.jenkins.couchbase.com/job/kv_engine.linux/job/master/10232/ : SUCCESS

http://cv.jenkins.couchbase.com/job/kv_engine.threadsanitizer/job/master/10481/ : SUCCESS

http://cv.jenkins.couchbase.com/job/kv_engine.ASan-UBSan/job/master/18032/ : SUCCESS
----------------------------------------------------------------------------------------------------------------------
Author: Build Bot
Date: 2021-04-28 13:31:49.000000000
Message: 
Patch Set 4:

Build Failed 

http://cv.jenkins.couchbase.com/job/kv_engine-windows-master/35357/ : FAILURE

Failure of an engine_testapp test:

<pre>
Running [0057/0157]: startup token stat...(81 ms) OK


99% tests passed, 3 tests failed out of 409

Total Test time (real) = 1936.33 sec

The following tests FAIL
</pre>
 ( http://cv.jenkins.couchbase.com/job/kv_engine-windows-master/35357/ )

Timeout of a CTest test 193/409 Test #182: ep-engine_ep_unit_tests.AllBucketTypes/ActiveDurabilityMonitorTest ............................................................} ( http://cv.jenkins.couchbase.com/job/kv_engine-windows-master/35357/ )

http://cv.jenkins.couchbase.com/job/kv_engine-clang_format_9/7110/ : SUCCESS

http://cv.jenkins.couchbase.com/job/kv_engine-clang_tidy/8561/ : SUCCESS

http://cv.jenkins.couchbase.com/job/kv_engine-clang_analyzer-master/30221/ : SUCCESS

http://cv.jenkins.couchbase.com/job/kv_engine.macos/job/master/9159/ : SUCCESS

http://cv.jenkins.couchbase.com/job/kv_engine.linux-CE/job/master/10089/ : SUCCESS

http://cv.jenkins.couchbase.com/job/kv_engine.linux/job/master/10232/ : SUCCESS

http://cv.jenkins.couchbase.com/job/kv_engine.threadsanitizer/job/master/10481/ : SUCCESS

http://cv.jenkins.couchbase.com/job/kv_engine.ASan-UBSan/job/master/18032/ : SUCCESS
----------------------------------------------------------------------------------------------------------------------
Author: Build Bot
Date: 2021-04-28 14:24:38.000000000
Message: 
Patch Set 4: Verified+1

Build Successful 

http://cv.jenkins.couchbase.com/job/kv_engine-clang_format_9/7110/ : SUCCESS

http://cv.jenkins.couchbase.com/job/kv_engine-clang_tidy/8561/ : SUCCESS

http://cv.jenkins.couchbase.com/job/kv_engine-clang_analyzer-master/30221/ : SUCCESS

http://cv.jenkins.couchbase.com/job/kv_engine.macos/job/master/9159/ : SUCCESS

http://cv.jenkins.couchbase.com/job/kv_engine.linux-CE/job/master/10089/ : SUCCESS

http://cv.jenkins.couchbase.com/job/kv_engine.linux/job/master/10232/ : SUCCESS

http://cv.jenkins.couchbase.com/job/kv_engine.threadsanitizer/job/master/10481/ : SUCCESS

http://cv.jenkins.couchbase.com/job/kv_engine.ASan-UBSan/job/master/18032/ : SUCCESS

http://cv.jenkins.couchbase.com/job/kv_engine-windows-master/35365/ : SUCCESS
----------------------------------------------------------------------------------------------------------------------
