======================================================================================================================
DESCRIPTION:

MB-55465: Set the CHK flag at AS::sendSnapshotAndSeqnoAdvanced()

Missing to do that might cause the CheckpointList diverging at replica
from the active's one shape.

Change-Id: Ib260ed190e3e47fcd452947f0773e90030a84039

======================================================================================================================
COMMENTS
======================================================================================================================
Author: Paolo Cocchi
Date: 2023-02-10 13:38:38.000000000
Message: 
Uploaded patch set 4.
----------------------------------------------------------------------------------------------------------------------
Author: Restriction Checker
Date: 2023-02-10 13:38:49.000000000
Message: 
Patch Set 4: Well-Formed-1

Branch restricted. PLEASE READ this URL: 

https://server.jenkins.couchbase.com/job/restricted-branch-check/337347/artifact/restricted.html : FAILURE
----------------------------------------------------------------------------------------------------------------------
Author: Jim Walker
Date: 2023-02-10 13:57:26.000000000
Message: 
Patch Set 4: Code-Review+2
----------------------------------------------------------------------------------------------------------------------
Author: Build Bot
Date: 2023-02-10 14:24:47.000000000
Message: 
Patch Set 4: Verified-1

Build Failed 

https://cv.jenkins.couchbase.com/job/kv_engine-windows-neo/1306/ : FAILURE

Failure of an engine_testapp test:

<pre>
Running [105/160]: test sync vbucket destroy...(111 ms) OK


99% tests passed, 1 tests failed out of 430

Total Test time (real) = 821.08 sec

The following tests FAIL
</pre>
 ( https://cv.jenkins.couchbase.com/job/kv_engine-windows-neo/1306/ )

Timeout of a CTest test 430/430 Test #286: ep_testsuite.full_eviction.magma ..............................................................................................} ( https://cv.jenkins.couchbase.com/job/kv_engine-windows-neo/1306/ )

https://cv.jenkins.couchbase.com/job/kv_engine.macos/job/neo/1425/ : FAILURE

Failure of GoogleTest "ExecutorPoolTest/0.WakeSetsTaskRunning":

<pre>
[ RUN      ] ExecutorPoolTest/0.WakeSetsTaskRunning
[2023-02-10T14:07:46.877Z] ../kv_engine/engines/ep/tests/module_tests/executorpool_test.cc:551: Failure
[2023-02-10T14:07:46.877Z] Expected equality of these values:
[2023-02-10T14:07:46.877Z]   task_state_t::TASK_RUNNING
[2023-02-10T14:07:46.877Z]     Which is: RUNNING
[2023-02-10T14:07:46.877Z]   task->getState()
[2023-02-10T14:07:46.877Z]     Which is: DEAD
[2023-02-10T14:07:46.877Z] [  FAILED  ] ExecutorPoolTest/0.WakeSetsTaskRunning, where TypeParam = TestExecutorPool (1 ms)
ExecutorPoolTest/0.WakeSetsTaskRunning
</pre>
 ( https://cv.jenkins.couchbase.com/job/kv_engine.macos/job/neo/1425/ )

https://cv.jenkins.couchbase.com/job/kv_engine-clang_tidy-neo/1084/ : SUCCESS

https://cv.jenkins.couchbase.com/job/kv_engine-clang_analyzer-neo/1051/ : SUCCESS

https://cv.jenkins.couchbase.com/job/kv_engine-clang_format_9/22614/ : SUCCESS

https://cv.jenkins.couchbase.com/job/kv_engine.linux-CE/job/neo/1109/ : SUCCESS

https://cv.jenkins.couchbase.com/job/kv_engine.ASan-UBSan/job/neo/1101/ : SUCCESS

https://cv.jenkins.couchbase.com/job/kv_engine.linux/job/neo/1101/ : SUCCESS

https://cv.jenkins.couchbase.com/job/kv_engine.libFuzzer/job/neo/1077/ : SUCCESS

https://cv.jenkins.couchbase.com/job/kv_engine.threadsanitizer/job/neo/1110/ : SUCCESS

https://cv.jenkins.couchbase.com/job/kv_engine.aarch64-linux/job/neo/1108/ : SUCCESS
----------------------------------------------------------------------------------------------------------------------
Author: Build Bot
Date: 2023-02-10 15:01:47.000000000
Message: 
Patch Set 4:

Build Failed 

https://cv.jenkins.couchbase.com/job/kv_engine-windows-neo/1308/ : FAILURE

Failure of an engine_testapp test:

<pre>
Running [116/160]: mb-3466...(49 ms) OK


99% tests passed, 3 tests failed out of 430

Total Test time (real) = 1093.51 sec

The following tests FAIL
</pre>
 ( https://cv.jenkins.couchbase.com/job/kv_engine-windows-neo/1308/ )

Timeout of a CTest test 278/430 Test #180: ep-engine_ep_unit_tests.PersistentAndEphemeral/StreamTest .....................................................................} ( https://cv.jenkins.couchbase.com/job/kv_engine-windows-neo/1308/ )

https://cv.jenkins.couchbase.com/job/kv_engine-clang_tidy-neo/1084/ : SUCCESS

https://cv.jenkins.couchbase.com/job/kv_engine-clang_analyzer-neo/1051/ : SUCCESS

https://cv.jenkins.couchbase.com/job/kv_engine-clang_format_9/22614/ : SUCCESS

https://cv.jenkins.couchbase.com/job/kv_engine.linux-CE/job/neo/1109/ : SUCCESS

https://cv.jenkins.couchbase.com/job/kv_engine.ASan-UBSan/job/neo/1101/ : SUCCESS

https://cv.jenkins.couchbase.com/job/kv_engine.linux/job/neo/1101/ : SUCCESS

https://cv.jenkins.couchbase.com/job/kv_engine.libFuzzer/job/neo/1077/ : SUCCESS

https://cv.jenkins.couchbase.com/job/kv_engine.threadsanitizer/job/neo/1110/ : SUCCESS

https://cv.jenkins.couchbase.com/job/kv_engine.aarch64-linux/job/neo/1108/ : SUCCESS

https://cv.jenkins.couchbase.com/job/kv_engine.macos/job/neo/1427/ : SUCCESS
----------------------------------------------------------------------------------------------------------------------
Author: Build Bot
Date: 2023-02-10 17:08:18.000000000
Message: 
Patch Set 4:

Build Failed 

https://cv.jenkins.couchbase.com/job/kv_engine-windows-neo/1313/ : FAILURE

Timeout of a CTest test 429/430 Test #312: ep_testsuite_xdcr.value_eviction.comp_active ..................................................................................} ( https://cv.jenkins.couchbase.com/job/kv_engine-windows-neo/1313/ )

https://cv.jenkins.couchbase.com/job/kv_engine-clang_tidy-neo/1084/ : SUCCESS

https://cv.jenkins.couchbase.com/job/kv_engine-clang_analyzer-neo/1051/ : SUCCESS

https://cv.jenkins.couchbase.com/job/kv_engine-clang_format_9/22614/ : SUCCESS

https://cv.jenkins.couchbase.com/job/kv_engine.linux-CE/job/neo/1109/ : SUCCESS

https://cv.jenkins.couchbase.com/job/kv_engine.ASan-UBSan/job/neo/1101/ : SUCCESS

https://cv.jenkins.couchbase.com/job/kv_engine.linux/job/neo/1101/ : SUCCESS

https://cv.jenkins.couchbase.com/job/kv_engine.libFuzzer/job/neo/1077/ : SUCCESS

https://cv.jenkins.couchbase.com/job/kv_engine.threadsanitizer/job/neo/1110/ : SUCCESS

https://cv.jenkins.couchbase.com/job/kv_engine.aarch64-linux/job/neo/1108/ : SUCCESS

https://cv.jenkins.couchbase.com/job/kv_engine.macos/job/neo/1427/ : SUCCESS
----------------------------------------------------------------------------------------------------------------------
Author: Paolo Cocchi
Date: 2023-02-10 17:10:50.000000000
Message: 
Patch Set 4:

(1 comment)
File Comment: /PATCHSET_LEVEL -> check approval
----------------------------------------------------------------------------------------------------------------------
Author: Restriction Checker
Date: 2023-02-10 17:11:03.000000000
Message: 
Patch Set 4: Well-Formed+1

Permission granted to commit: 

https://server.jenkins.couchbase.com/job/restricted-branch-check/337380/artifact/restricted.html : SUCCESS
----------------------------------------------------------------------------------------------------------------------
Author: Paolo Cocchi
Date: 2023-02-10 17:11:31.000000000
Message: 
Patch Set 4:

(1 comment)
File Comment: /PATCHSET_LEVEL -> Unrelated failure at https://cv.jenkins.couchbase.com/job/kv_engine-windows-neo/1313/
----------------------------------------------------------------------------------------------------------------------
Author: Paolo Cocchi
Date: 2023-02-10 17:11:36.000000000
Message: 
Patch Set 4: Verified+1
----------------------------------------------------------------------------------------------------------------------
Author: Paolo Cocchi
Date: 2023-02-10 17:11:37.000000000
Message: 
Removed Verified-1 by <GERRIT_ACCOUNT_1000011>

----------------------------------------------------------------------------------------------------------------------
