======================================================================================================================
DESCRIPTION:

MB-50519: Capture pre/post data in MagmaKVStore::compactDBInternal

Update the pre/post structures so that logging captures count and
size difference that compaction makes.

This leaves "tombstones" as zero as magma does not track a tombstone
count.

Change-Id: I3d43884cc958e3f9e95aedde45d4d8d6d4c3b2c5

======================================================================================================================
COMMENTS
======================================================================================================================
Author: Jim Walker
Date: 2022-01-25 12:42:36.000000000
Message: 
Patch Set 4: Patch Set 3 was rebased
----------------------------------------------------------------------------------------------------------------------
Author: Build Bot
Date: 2022-01-25 13:19:37.000000000
Message: 
Patch Set 4: Verified-1 -Code-Review

Build Failed 

http://cv.jenkins.couchbase.com/job/kv_engine-windows-master/43267/ : FAILURE

Failure of an engine_testapp test:

<pre>
Running [0067/0159]: test restart...Exceeded maximum wait time of 60000000us waiting for stat "ep_persist_vbstate_total" to be greater or equal than 1 (last value:0) - aborting.
</pre>
 ( http://cv.jenkins.couchbase.com/job/kv_engine-windows-master/43267/ )

Timeout of a CTest test 418/418 Test #283: ep_testsuite_dcp.value_eviction.comp_passive ..................................................................................} ( http://cv.jenkins.couchbase.com/job/kv_engine-windows-master/43267/ )

http://cv.jenkins.couchbase.com/job/kv_engine.linux/job/master/17122/ : FAILURE

Failure of GoogleTest "EphemeralOrPersistent/STExpiryPagerTest.MB_25650/persistent_magma_value_only":

<pre>
[ RUN      ] EphemeralOrPersistent/STExpiryPagerTest.MB_25650/persistent_magma_value_only
[2022-01-25T13:12:37.069Z] ../kv_engine/engines/ep/tests/module_tests/item_pager_test.cc:1639: Failure
[2022-01-25T13:12:37.069Z] Expected equality of these values:
[2022-01-25T13:12:37.069Z]   err
[2022-01-25T13:12:37.069Z]     Which is: would block
[2022-01-25T13:12:37.069Z]   store->getMetaData( key_1, vbid, cookie, metadata, deleted, datatype)
[2022-01-25T13:12:37.069Z]     Which is: no memory
[2022-01-25T13:12:37.069Z] ../kv_engine/engines/ep/tests/module_tests/item_pager_test.cc:1644: Failure
[2022-01-25T13:12:37.069Z] Expected equality of these values:
[2022-01-25T13:12:37.069Z]   cb::engine_errc::success
[2022-01-25T13:12:37.069Z]     Which is: success
[2022-01-25T13:12:37.069Z]   store->getMetaData( key_1, vbid, cookie, metadata, deleted, datatype)
[2022-01-25T13:12:37.069Z]     Which is: no memory
[2022-01-25T13:12:37.069Z] ../kv_engine/engines/ep/tests/module_tests/item_pager_test.cc:1654: Failure
[2022-01-25T13:12:37.069Z] Expected equality of these values:
[2022-01-25T13:12:37.069Z]   err
[2022-01-25T13:12:37.069Z]     Which is: would block
[2022-01-25T13:12:37.069Z]   store->get(key_1, vbid, cookie, options).getStatus()
[2022-01-25T13:12:37.069Z]     Which is: no memory
[2022-01-25T13:12:37.069Z] Key with TTL:10 should be removed.
[2022-01-25T13:12:37.069Z] ../kv_engine/engines/ep/tests/module_tests/item_pager_test.cc:1663: Failure
[2022-01-25T13:12:37.069Z] Expected equality of these values:
[2022-01-25T13:12:37.069Z]   cb::engine_errc::success
[2022-01-25T13:12:37.069Z]     Which is: success
[2022-01-25T13:12:37.069Z]   item.getStatus()
[2022-01-25T13:12:37.069Z]     Which is: would block
[2022-01-25T13:12:37.069Z] [  FAILED  ] EphemeralOrPersistent/STExpiryPagerTest.MB_25650/persistent_magma_value_only, where GetParam() = ("persistent_magma", "value_only") (62 ms)
EphemeralOrPersistent/STExpiryPagerTest.MB_25650/persistent_magma_value_only
</pre>
 ( http://cv.jenkins.couchbase.com/job/kv_engine.linux/job/master/17122/ )

http://cv.jenkins.couchbase.com/job/kv_engine.ASan-UBSan/job/master/25226/ : FAILURE

http://cv.jenkins.couchbase.com/job/kv_engine-clang_format_9/13959/ : SUCCESS

http://cv.jenkins.couchbase.com/job/kv_engine-clang_tidy-master/15114/ : SUCCESS

http://cv.jenkins.couchbase.com/job/kv_engine-clang_analyzer-master/36566/ : SUCCESS

http://cv.jenkins.couchbase.com/job/kv_engine.aarch64-linux/job/master/4825/ : SUCCESS

http://cv.jenkins.couchbase.com/job/kv_engine.macos/job/master/15927/ : SUCCESS

http://cv.jenkins.couchbase.com/job/kv_engine.libFuzzer/job/master/4762/ : SUCCESS

http://cv.jenkins.couchbase.com/job/kv_engine.linux-CE/job/master/16810/ : SUCCESS

http://cv.jenkins.couchbase.com/job/kv_engine.threadsanitizer/job/master/17883/ : SUCCESS
----------------------------------------------------------------------------------------------------------------------
Author: Build Bot
Date: 2022-01-25 17:02:46.000000000
Message: 
Patch Set 4:

Build Failed 

http://cv.jenkins.couchbase.com/job/kv_engine.ASan-UBSan/job/master/25235/ : FAILURE

One of more core files found at the end of the build. Data for post-mortem saved to archived_core_dumps.tar.bz2 under "Build Artifacts". ( http://cv.jenkins.couchbase.com/job/kv_engine.ASan-UBSan/job/master/25235/ )

http://cv.jenkins.couchbase.com/job/kv_engine-windows-master/43286/ : FAILURE

Failure of an engine_testapp test:

<pre>
Running [0065/0159]: test special char keys...(185 ms) OK


99% tests passed, 2 tests failed out of 418

Total Test time (real) = 723.13 sec

The following tests FAIL
</pre>
 ( http://cv.jenkins.couchbase.com/job/kv_engine-windows-master/43286/ )

Timeout of a CTest test 417/418 Test #272: ep_testsuite.ephemeral.comp_active ............................................................................................} ( http://cv.jenkins.couchbase.com/job/kv_engine-windows-master/43286/ )

http://cv.jenkins.couchbase.com/job/kv_engine-clang_format_9/13968/ : SUCCESS

http://cv.jenkins.couchbase.com/job/kv_engine-clang_tidy-master/15123/ : SUCCESS

http://cv.jenkins.couchbase.com/job/kv_engine-clang_analyzer-master/36574/ : SUCCESS

http://cv.jenkins.couchbase.com/job/kv_engine.aarch64-linux/job/master/4833/ : SUCCESS

http://cv.jenkins.couchbase.com/job/kv_engine.macos/job/master/15936/ : SUCCESS

http://cv.jenkins.couchbase.com/job/kv_engine.libFuzzer/job/master/4771/ : SUCCESS

http://cv.jenkins.couchbase.com/job/kv_engine.linux-CE/job/master/16821/ : SUCCESS

http://cv.jenkins.couchbase.com/job/kv_engine.linux/job/master/17136/ : SUCCESS

http://cv.jenkins.couchbase.com/job/kv_engine.threadsanitizer/job/master/17894/ : SUCCESS
----------------------------------------------------------------------------------------------------------------------
Author: Richard de Mellow
Date: 2022-01-26 09:23:49.000000000
Message: 
Patch Set 4: Code-Review-1

(1 comment)
Line:2183, engines/ep/src/kvstore/magma-kvstore/magma-kvstore.cc -> getMagmaDbStats returns an std::optional, what if it's not set?

----------------------------------------------------------------------------------------------------------------------
Author: Build Bot
Date: 2022-01-26 09:46:42.000000000
Message: 
Patch Set 4:

Build Failed 

http://cv.jenkins.couchbase.com/job/kv_engine.ASan-UBSan/job/master/25235/ : FAILURE

One of more core files found at the end of the build. Data for post-mortem saved to archived_core_dumps.tar.bz2 under "Build Artifacts". ( http://cv.jenkins.couchbase.com/job/kv_engine.ASan-UBSan/job/master/25235/ )

http://cv.jenkins.couchbase.com/job/kv_engine-windows-master/43300/ : FAILURE

Failure of an engine_testapp test:

<pre>
Running [0117/0159]: control data traffic...(15 ms) OK


99% tests passed, 1 tests failed out of 418

Total Test time (real) = 676.77 sec

The following tests FAIL
</pre>
 ( http://cv.jenkins.couchbase.com/job/kv_engine-windows-master/43300/ )

Timeout of a CTest test 418/418 Test #272: ep_testsuite.ephemeral.comp_active ............................................................................................} ( http://cv.jenkins.couchbase.com/job/kv_engine-windows-master/43300/ )

http://cv.jenkins.couchbase.com/job/kv_engine-clang_format_9/13968/ : SUCCESS

http://cv.jenkins.couchbase.com/job/kv_engine-clang_tidy-master/15123/ : SUCCESS

http://cv.jenkins.couchbase.com/job/kv_engine-clang_analyzer-master/36574/ : SUCCESS

http://cv.jenkins.couchbase.com/job/kv_engine.aarch64-linux/job/master/4833/ : SUCCESS

http://cv.jenkins.couchbase.com/job/kv_engine.macos/job/master/15936/ : SUCCESS

http://cv.jenkins.couchbase.com/job/kv_engine.libFuzzer/job/master/4771/ : SUCCESS

http://cv.jenkins.couchbase.com/job/kv_engine.linux-CE/job/master/16821/ : SUCCESS

http://cv.jenkins.couchbase.com/job/kv_engine.linux/job/master/17136/ : SUCCESS

http://cv.jenkins.couchbase.com/job/kv_engine.threadsanitizer/job/master/17894/ : SUCCESS
----------------------------------------------------------------------------------------------------------------------
Author: Jim Walker
Date: 2022-01-26 10:07:18.000000000
Message: 
Patch Set 4:

(1 comment)
Line:2183, engines/ep/src/kvstore/magma-kvstore/magma-kvstore.cc -> Ack

----------------------------------------------------------------------------------------------------------------------
