======================================================================================================================
DESCRIPTION:

[Refactor] Move start/stop persistence off unknown command

Call the methods from the core and not within the engine itself as
we want to separate out the protocol bits from the engine (ideally
we should not pass any Request or Response objects through the
engine interface to allow for implementation of a different on
the wire protocol)

Change-Id: I689aab95b63395500915a87dd21f3690d430d898

======================================================================================================================
COMMENTS
======================================================================================================================
Author: Trond Norbye
Date: 2023-01-02 12:50:49.000000000
Message: 
Uploaded patch set 3.
----------------------------------------------------------------------------------------------------------------------
Author: Build Bot
Date: 2023-01-02 13:49:22.000000000
Message: 
Patch Set 3: Verified-1

Build Failed 

https://cv.jenkins.couchbase.com/job/kv_engine.ASan-UBSan/job/master/32723/ : ABORTED

Build which was aborted due to a newer patch set being uploaded for the given review. ( https://cv.jenkins.couchbase.com/job/kv_engine.ASan-UBSan/job/master/32723/ )

https://cv.jenkins.couchbase.com/job/kv_engine-windows-master/51582/ : FAILURE

Failure of an engine_testapp test:

<pre>
Running [61/160]: test ALL_KEYS api during bucket creation.....\kv_engine\engines\ep\tests\ep_test_apis.cc:1103 Test failed: `" (Expected `success", got `not supported" - Failed to stop persistence.)

Printing the last 100 log entries
========================
[2023-01-02 05:15:18.009] [spdlog_file_logger] [INFO] Taskable default registered with low priority
[2023-01-02 05:15:18.011] [spdlog_file_logger] [DEBUG] (default) KVStoreScanTracker::setMaxRunningScans scans:102 rangeScans:81
[2023-01-02 05:15:18.011] [spdlog_file_logger] [DEBUG] (default) KVStoreScanTracker::setMaxRunningScans scans:102 rangeScans:81
[2023-01-02 05:15:18.013] [spdlog_file_logger] [DEBUG] (default) Item frequency count decayer task for bucket "default" starting.  Using chunk_duration=20 ms.
[2023-01-02 05:15:18.013] [spdlog_file_logger] [DEBUG] (default) Item frequency count decayer task for bucket "default" finished. Took 5 us. to visit 0 documents.
[2023-01-02 05:15:18.014] [spdlog_file_logger] [INFO] (default) Collections::Manager::warmupLoadManifest: starting at uid:0x0
[2023-01-02 05:15:18.014] [spdlog_file_logger] [DEBUG] (default) Warmup transition from state "initialize" to "creating vbuckets"
[2023-01-02 05:15:18.015] [spdlog_file_logger] [INFO] (default) EventuallyPersistentEngine::enableTraffic: Traffic successfully enabled
[2023-01-02 05:15:18.015] [spdlog_file_logger] [INFO] (default) EP Engine: Initialization of persistent bucket complete
[2023-01-02 05:15:18.015] [spdlog_file_logger] [INFO] (default) Transitioning from "off"->"passive" compression mode
[2023-01-02 05:15:18.015] [spdlog_file_logger] [DEBUG] (default) stats ""
[2023-01-02 05:15:18.016] [spdlog_file_logger] [DEBUG] (default) Warmup transition from state "creating vbuckets" to "loading collection counts"
[2023-01-02 05:15:18.017] [spdlog_file_logger] [DEBUG] (default) stats ""
[2023-01-02 05:15:18.017] [spdlog_file_logger] [DEBUG] (default) Warmup transition from state "loading collection counts" to "estimating database item count"
[2023-01-02 05:15:18.017] [spdlog_file_logger] [DEBUG] (default) Warmup transition from state "estimating database item count" to "loading prepared SyncWrites"
[2023-01-02 05:15:18.018] [spdlog_file_logger] [DEBUG] (default) stats "warmup"
[2023-01-02 05:15:18.018] [spdlog_file_logger] [DEBUG] (default) Warmup transition from state "loading prepared SyncWrites" to "populating vbucket map"
[2023-01-02 05:15:18.019] [spdlog_file_logger] [DEBUG] (default) Flusher::initialize: initializing
[2023-01-02 05:15:18.019] [spdlog_file_logger] [DEBUG] (default) Flusher::transitionState: from initializing to running
[2023-01-02 05:15:18.019] [spdlog_file_logger] [DEBUG] (default) stats "warmup"
[2023-01-02 05:15:18.019] [spdlog_file_logger] [DEBUG] (default) Flusher::initialize: initializing
[2023-01-02 05:15:18.019] [spdlog_file_logger] [DEBUG] (default) Warmup transition from state "populating vbucket map" to "loading keys"
[2023-01-02 05:15:18.019] [spdlog_file_logger] [DEBUG] (default) Flusher::transitionState: from initializing to running
[2023-01-02 05:15:18.019] [spdlog_file_logger] [DEBUG] (default) Flusher::initialize: initializing
[2023-01-02 05:15:18.019] [spdlog_file_logger] [DEBUG] (default) Flusher::transitionState: from initializing to running
[2023-01-02 05:15:18.020] [spdlog_file_logger] [DEBUG] (default) Flusher::initialize: initializing
[2023-01-02 05:15:18.020] [spdlog_file_logger] [DEBUG] (default) Flusher::transitionState: from initializing to running
[2023-01-02 05:15:18.020] [spdlog_file_logger] [DEBUG] (default) Warmup transition from state "loading keys" to "determine access log availability"
[2023-01-02 05:15:18.020] [spdlog_file_logger] [INFO] (default) metadata loaded in 6551 us
[2023-01-02 05:15:18.020] [spdlog_file_logger] [INFO] (default) Enough number of items loaded to enable traffic (value eviction): warmedUpValues(0) >= (warmedUpKeys(0) * warmupNumReadCap(1))
[2023-01-02 05:15:18.020] [spdlog_file_logger] [DEBUG] (default) Warmup transition from state "determine access log availability" to "done"
[2023-01-02 05:15:18.021] [spdlog_file_logger] [INFO] (default) Warmup completed: 0 keys and 0 values loaded in 6891 us (0 keys/s), mem_used now at 1.127104 MB (163.56884444703087 MB/s)
[2023-01-02 05:15:18.021] [spdlog_file_logger] [DEBUG] (default) stats "warmup"
[2023-01-02 05:15:18.021] [spdlog_file_logger] [DEBUG] (default) stats ""
[2023-01-02 05:15:18.022] [spdlog_file_logger] [DEBUG] (default) stats ""
[2023-01-02 05:15:18.023] [spdlog_file_logger] [DEBUG] (default) stats ""
[2023-01-02 05:15:18.026] [spdlog_file_logger] [DEBUG] (default) CheckpointManager::addOpenCheckpoint: Create a new open checkpoint: [vb:0, id:1, snapStart:0, snapEnd:0, visibleSnapEnd:0, hcs:none, hps:0 type:Memory]
[2023-01-02 05:15:18.026] [spdlog_file_logger] [INFO] (default) VBucket: created vb:0 with state:active initialState:dead lastSeqno:0 persistedRange:{0,0} purge_seqno:0 max_cas:0 uuid:163735197484530 topology:null
[2023-01-02 05:15:18.026] [spdlog_file_logger] [DEBUG] (default) Mapped new vb:0 in state active
[2023-01-02 05:15:18.026] [spdlog_file_logger] [INFO] (default) VBucket::setState: transitioning vb:0 with high seqno:0 from:active to:active
[2023-01-02 05:15:18.026] [spdlog_file_logger] [DEBUG] (default) stats ""
[2023-01-02 05:15:18.026] [spdlog_file_logger] [DEBUG] (default) CheckpointManager::getItemsForCursor() cursor:persistence result:{items:2 ranges:size:1 [{0,0} HCS:none HPS:none] moreAvailable:false}
[2023-01-02 05:15:18.027] [spdlog_file_logger] [DEBUG] (default) stats ""
[2023-01-02 05:15:18.031] [spdlog_file_logger] [DEBUG] (default) stats ""
[2023-01-02 05:15:18.034] [spdlog_file_logger] [DEBUG] (default) CouchKVStore::snapshotVBucket: Snapshotted vb:0 state:{"checkpoint_type":"Memory","completed_seqno":"0","failover_table":[{"id":163735197484530,"seq":0}],"high_prepared_seqno":"0","high_seqno":"0","hlc_epoch":"-1","max_cas":"0","max_deleted_seqno":"0","max_visible_seqno":"0","might_contain_xattrs":false,"namespaces_supported":true,"on_disk_prepare_bytes":"0","on_disk_prepares":"0","prepared_seqno":"0","purge_seqno":"0","snap_end":"0","snap_start":"0","state":"active","version":4}
[2023-01-02 05:15:18.034] [spdlog_file_logger] [DEBUG] (default) EPBucket::flushSuccessEpilogue: vb:0 created
[2023-01-02 05:15:18.034] [spdlog_file_logger] [DEBUG] (default) Remove the checkpoint cursor with the name "persistence-backup" from vb:0
[2023-01-02 05:15:18.034] [spdlog_file_logger] [DEBUG] (default) stats ""
[2023-01-02 05:15:18.036] [spdlog_file_logger] [WARNING] (default) EventuallyPersistentEngine::enableTraffic: Failed to enable traffic - traffic was already enabled
[2023-01-02 05:15:18.036] [spdlog_file_logger] [DEBUG] (default) stats ""
[2023-01-02 05:15:18.037] [spdlog_file_logger] [DEBUG] (default) stats ""
[2023-01-02 05:15:18.038] [spdlog_file_logger] [INFO] (default) Shutting down dcp connections!
[2023-01-02 05:15:18.038] [spdlog_file_logger] [INFO] (default) Attempting to stop flusher:0
[2023-01-02 05:15:18.038] [spdlog_file_logger] [DEBUG] (default) Flusher::transitionState: from running to stopped
[2023-01-02 05:15:18.038] [spdlog_file_logger] [INFO] (default) Attempting to stop flusher:1
[2023-01-02 05:15:18.038] [spdlog_file_logger] [DEBUG] (default) Flusher::transitionState: from running to stopped
[2023-01-02 05:15:18.038] [spdlog_file_logger] [INFO] (default) Attempting to stop flusher:2
[2023-01-02 05:15:18.038] [spdlog_file_logger] [DEBUG] (default) Flusher::transitionState: from running to stopped
[2023-01-02 05:15:18.038] [spdlog_file_logger] [INFO] (default) Attempting to stop flusher:3
[2023-01-02 05:15:18.038] [spdlog_file_logger] [DEBUG] (default) Flusher::transitionState: from running to stopped
[2023-01-02 05:15:18.038] [spdlog_file_logger] [INFO] (default) Stopping bg fetchers
[2023-01-02 05:15:18.039] [spdlog_file_logger] [INFO] (default) KVBucket::deinitialize forceShutdown:true
[2023-01-02 05:15:18.039] [spdlog_file_logger] [DEBUG] FollyExecutorPool::cancelTasksOwnedBy(): Stopping Task id:3765 taskable:default description:"Item Compressor"
[2023-01-02 05:15:18.039] [spdlog_file_logger] [DEBUG] FollyExecutorPool::cancelTasksOwnedBy(): Stopping Task id:3757 taskable:default description:"Paging expired items."
[2023-01-02 05:15:18.039] [spdlog_file_logger] [DEBUG] FollyExecutorPool::cancelTasksOwnedBy(): Stopping Task id:3758 taskable:default description:"Adjusting hash table sizes."
[2023-01-02 05:15:18.039] [spdlog_file_logger] [DEBUG] FollyExecutorPool::cancelTasksOwnedBy(): Stopping Task id:3759 taskable:default description:"CheckpointMemRecoveryTask:0"
[2023-01-02 05:15:18.039] [spdlog_file_logger] [DEBUG] FollyExecutorPool::cancelTasksOwnedBy(): Stopping Task id:3760 taskable:default description:"Destroying closed unreferenced checkpoints"
[2023-01-02 05:15:18.039] [spdlog_file_logger] [DEBUG] FollyExecutorPool::cancelTasksOwnedBy(): Stopping Task id:3761 taskable:default description:"Destroying closed unreferenced checkpoints"
[2023-01-02 05:15:18.039] [spdlog_file_logger] [DEBUG] FollyExecutorPool::cancelTasksOwnedBy(): Stopping Task id:3762 taskable:default description:"DurabilityCompletionTask"
[2023-01-02 05:15:18.039] [spdlog_file_logger] [DEBUG] FollyExecutorPool::cancelTasksOwnedBy(): Stopping Task id:3763 taskable:default description:"Monitoring a workload pattern"
[2023-01-02 05:15:18.039] [spdlog_file_logger] [DEBUG] FollyExecutorPool::cancelTasksOwnedBy(): Stopping Task id:3764 taskable:default description:"Memory defragmenter"
[2023-01-02 05:15:18.039] [spdlog_file_logger] [DEBUG] FollyExecutorPool::cancelTasksOwnedBy(): Stopping Task id:3766 taskable:default description:"Item frequency count decayer task"
[2023-01-02 05:15:18.039] [spdlog_file_logger] [DEBUG] FollyExecutorPool::cancelTasksOwnedBy(): Stopping Task id:3767 taskable:default description:"SeqnoPersistenceNotifyTask"
[2023-01-02 05:15:18.039] [spdlog_file_logger] [DEBUG] FollyExecutorPool::cancelTasksOwnedBy(): Stopping Task id:3768 taskable:default description:"Changing bucket quota"
[2023-01-02 05:15:18.039] [spdlog_file_logger] [DEBUG] FollyExecutorPool::cancelTasksOwnedBy(): Stopping Task id:3756 taskable:default description:"Paging out items."
[2023-01-02 05:15:18.039] [spdlog_file_logger] [DEBUG] FollyExecutorPool::cancelTasksOwnedBy(): Stopping Task id:3777 taskable:default description:"Connection Manager"
[2023-01-02 05:15:18.039] [spdlog_file_logger] [DEBUG] FollyExecutorPool::cancelTasksOwnedBy(): Stopping Task id:3805 taskable:default description:"Expired SyncWrite callback for vb:0"
[2023-01-02 05:15:18.040] [spdlog_file_logger] [DEBUG] Removing tasks from read pool for taskable default
[2023-01-02 05:15:18.040] [spdlog_file_logger] [DEBUG] Removing tasks from writer pool for taskable default
[2023-01-02 05:15:18.040] [spdlog_file_logger] [DEBUG] Removing tasks from aux pool for taskable default
[2023-01-02 05:15:18.040] [spdlog_file_logger] [DEBUG] Removing tasks from nonIo pool for taskable default
[2023-01-02 05:15:18.044] [spdlog_file_logger] [INFO] (default) Deleting vb_mutexes
[2023-01-02 05:15:18.044] [spdlog_file_logger] [INFO] (default) Deleting defragmenterTask
[2023-01-02 05:15:18.044] [spdlog_file_logger] [INFO] (default) Deleting itemCompressorTask
[2023-01-02 05:15:18.044] [spdlog_file_logger] [INFO] (default) Deleting itemFreqDecayerTask
[2023-01-02 05:15:18.044] [spdlog_file_logger] [INFO] (default) Deleted KvBucket.
[2023-01-02 05:15:18.044] [spdlog_file_logger] [INFO] (default) ~VBucket(): vb:0
[2023-01-02 05:15:18.044] [spdlog_file_logger] [DEBUG] (default) Checkpoint 1 for vb:0 is purged from memory
[2023-01-02 05:15:18.044] [spdlog_file_logger] [INFO] (default) EventuallyPersistentEngine::destroyInner(): Completed deinitialize.
[2023-01-02 05:15:18.044] [spdlog_file_logger] [INFO] (No Engine) Deleted dcpConnMap_
========================
(56 ms) FAIL
</pre>
 ( https://cv.jenkins.couchbase.com/job/kv_engine-windows-master/51582/ )

https://cv.jenkins.couchbase.com/job/kv_engine.linux-debug/job/master/1020/ : FAILURE

One of more core files found at the end of the build. Data for post-mortem saved to archived_core_dumps.tar.bz2 under "Build Artifacts". ( https://cv.jenkins.couchbase.com/job/kv_engine.linux-debug/job/master/1020/ )

https://cv.jenkins.couchbase.com/job/kv_engine.macos/job/master/23831/ : FAILURE

No problems were identified. If you know why this problem occurred, please add a suitable Cause for it. ( https://cv.jenkins.couchbase.com/job/kv_engine.macos/job/master/23831/ )

https://cv.jenkins.couchbase.com/job/kv_engine.aarch64-linux/job/master/12069/ : FAILURE

No problems were identified. If you know why this problem occurred, please add a suitable Cause for it. ( https://cv.jenkins.couchbase.com/job/kv_engine.aarch64-linux/job/master/12069/ )

https://cv.jenkins.couchbase.com/job/kv_engine.linux/job/master/24726/ : FAILURE

One of more core files found at the end of the build. Data for post-mortem saved to archived_core_dumps.tar.bz2 under "Build Artifacts". ( https://cv.jenkins.couchbase.com/job/kv_engine.linux/job/master/24726/ )

https://cv.jenkins.couchbase.com/job/kv_engine.threadsanitizer/job/master/25586/ : FAILURE

Failure of an engine_testapp test:

<pre>
Running [90/91]: test oso backfill...(1200 ms) OK
[2023-01-02T13:46:36.236Z] # Passed 81 of 91 tests
[2023-01-02T13:46:36.236Z] 
[2023-01-02T13:46:36.803Z] 439/444 Test #327: ep_perfsuite.ephemeral ..................................................................................   Passed  101.74 sec
[2023-01-02T13:46:42.074Z] 440/444 Test #436: memcached_testapp.ep.TransportProtocols/ArithmeticTest ..................................................   Passed   16.69 sec
[2023-01-02T13:46:43.007Z] 441/444 Test #423: memcached_testapp.ep.TransportProtocols/GetSetTest ......................................................   Passed   28.03 sec
[2023-01-02T13:46:51.117Z] 442/444 Test #438: memcached_testapp.ep.TransportProtocols/AuditTest .......................................................   Passed   23.81 sec
[2023-01-02T13:47:06.033Z] 443/444 Test #441: cluster_test ............................................................................................   Passed   36.24 sec
[2023-01-02T13:49:12.493Z] 444/444 Test #442: serverless_test_magma ...................................................................................   Passed  154.68 sec
[2023-01-02T13:49:12.493Z] 
[2023-01-02T13:49:12.493Z] 97% tests passed, 13 tests failed out of 444
[2023-01-02T13:49:12.493Z] 
[2023-01-02T13:49:12.493Z] Total Test time (real) = 1204.94 sec
[2023-01-02T13:49:12.494Z] 
[2023-01-02T13:49:12.494Z] The following tests FAIL
</pre>
 ( https://cv.jenkins.couchbase.com/job/kv_engine.threadsanitizer/job/master/25586/ )

https://cv.jenkins.couchbase.com/job/kv_engine.linux-CE/job/master/24305/ : FAILURE

One of more core files found at the end of the build. Data for post-mortem saved to archived_core_dumps.tar.bz2 under "Build Artifacts". ( https://cv.jenkins.couchbase.com/job/kv_engine.linux-CE/job/master/24305/ )

https://cv.jenkins.couchbase.com/job/kv_engine-clang_format_9/21877/ : SUCCESS

https://cv.jenkins.couchbase.com/job/kv_engine-clang_tidy-master/22262/ : SUCCESS

https://cv.jenkins.couchbase.com/job/kv_engine-clang_analyzer-master/43301/ : SUCCESS

https://cv.jenkins.couchbase.com/job/kv_engine.libFuzzer/job/master/11980/ : SUCCESS
----------------------------------------------------------------------------------------------------------------------
