======================================================================================================================
DESCRIPTION:

[BP] MB-51958: Disable STItemPagerTest.ReplicaEvictedBeforeActive

Well known as a flaky test. Already disabled on master as fails CV with
sporadic failures unrelated to the change under test.
Same problem on the Neo branch now.

Change-Id: Ie190a0d84f79cd07c2285165616cc15f105e3d5b

======================================================================================================================
COMMENTS
======================================================================================================================
Author: Richard de Mellow
Date: 2022-10-06 11:20:14.000000000
Message: 
Patch Set 2: Patch Set 1 was rebased
----------------------------------------------------------------------------------------------------------------------
Author: Restriction Checker
Date: 2022-10-06 11:20:30.000000000
Message: 
Patch Set 2: Well-Formed+1

Permission granted to commit: 

https://server.jenkins.couchbase.com/job/restricted-branch-check/318538/artifact/restricted.html : SUCCESS
----------------------------------------------------------------------------------------------------------------------
Author: Build Bot
Date: 2022-10-06 12:20:07.000000000
Message: 
Patch Set 2: Verified-1

Build Failed 

https://cv.jenkins.couchbase.com/job/kv_engine-windows-neo/498/ : FAILURE

Failure of an engine_testapp test:

<pre>
Running [32/93]: test producer keep stream open replica...(269 ms) OK


99% tests passed, 1 tests failed out of 424

Total Test time (real) = 368.87 sec

The following tests FAIL
</pre>
 ( https://cv.jenkins.couchbase.com/job/kv_engine-windows-neo/498/ )

Timeout of a CTest test 424/424 Test #289: ep_testsuite_dcp.value_eviction.comp_passive ..................................................................................} ( https://cv.jenkins.couchbase.com/job/kv_engine-windows-neo/498/ )

https://cv.jenkins.couchbase.com/job/kv_engine.macos/job/neo/572/ : FAILURE

Timeout of a CTest test [2022-10-06T12:08:05.609Z] 444/444 Test #442: cluster_test ................................................................................................} ( https://cv.jenkins.couchbase.com/job/kv_engine.macos/job/neo/572/ )

https://cv.jenkins.couchbase.com/job/kv_engine-clang_tidy-neo/364/ : SUCCESS

https://cv.jenkins.couchbase.com/job/kv_engine-clang_format_9/20166/ : SUCCESS

https://cv.jenkins.couchbase.com/job/kv_engine-clang_analyzer-neo/356/ : SUCCESS

https://cv.jenkins.couchbase.com/job/kv_engine.libFuzzer/job/neo/367/ : SUCCESS

https://cv.jenkins.couchbase.com/job/kv_engine.ASan-UBSan/job/neo/380/ : SUCCESS

https://cv.jenkins.couchbase.com/job/kv_engine.linux/job/neo/379/ : SUCCESS

https://cv.jenkins.couchbase.com/job/kv_engine.threadsanitizer/job/neo/379/ : SUCCESS

https://cv.jenkins.couchbase.com/job/kv_engine.linux-CE/job/neo/390/ : SUCCESS

https://cv.jenkins.couchbase.com/job/kv_engine.aarch64-linux/job/neo/366/ : SUCCESS
----------------------------------------------------------------------------------------------------------------------
Author: Build Bot
Date: 2022-10-06 13:07:39.000000000
Message: 
Patch Set 2:

Build Failed 

https://cv.jenkins.couchbase.com/job/kv_engine.macos/job/neo/574/ : FAILURE

Failure of an engine_testapp test:

<pre>
Running [42/160]: file stats post warmup...../kv_engine/engines/ep/tests/ep_testsuite.cc:2328 Test failed: `" (Expected `191693" to be less than or equal to `188416" - Unexpected fileSize for vbucket)
[2022-10-06T12:48:08.405Z] (273 ms) FAIL
</pre>
 ( https://cv.jenkins.couchbase.com/job/kv_engine.macos/job/neo/574/ )

Timeout of a CTest test [2022-10-06T13:07:30.546Z] 444/444 Test #442: cluster_test ................................................................................................} ( https://cv.jenkins.couchbase.com/job/kv_engine.macos/job/neo/574/ )

https://cv.jenkins.couchbase.com/job/kv_engine-clang_tidy-neo/364/ : SUCCESS

https://cv.jenkins.couchbase.com/job/kv_engine-clang_format_9/20166/ : SUCCESS

https://cv.jenkins.couchbase.com/job/kv_engine-clang_analyzer-neo/356/ : SUCCESS

https://cv.jenkins.couchbase.com/job/kv_engine.libFuzzer/job/neo/367/ : SUCCESS

https://cv.jenkins.couchbase.com/job/kv_engine.ASan-UBSan/job/neo/380/ : SUCCESS

https://cv.jenkins.couchbase.com/job/kv_engine.linux/job/neo/379/ : SUCCESS

https://cv.jenkins.couchbase.com/job/kv_engine.threadsanitizer/job/neo/379/ : SUCCESS

https://cv.jenkins.couchbase.com/job/kv_engine.linux-CE/job/neo/390/ : SUCCESS

https://cv.jenkins.couchbase.com/job/kv_engine.aarch64-linux/job/neo/366/ : SUCCESS

https://cv.jenkins.couchbase.com/job/kv_engine-windows-neo/499/ : SUCCESS
----------------------------------------------------------------------------------------------------------------------
Author: Build Bot
Date: 2022-10-06 15:26:22.000000000
Message: 
Patch Set 2:

Build Failed 

https://cv.jenkins.couchbase.com/job/kv_engine.macos/job/neo/576/ : FAILURE

Failure of an engine_testapp test:

<pre>
Running [42/160]: file stats post warmup...../kv_engine/engines/ep/tests/ep_testsuite.cc:2328 Test failed: `" (Expected `287539" to be less than or equal to `278528" - Unexpected fileSize for vbucket)
[2022-10-06T15:17:20.598Z] (236 ms) FAIL
</pre>
 ( https://cv.jenkins.couchbase.com/job/kv_engine.macos/job/neo/576/ )

https://cv.jenkins.couchbase.com/job/kv_engine-clang_tidy-neo/364/ : SUCCESS

https://cv.jenkins.couchbase.com/job/kv_engine-clang_format_9/20166/ : SUCCESS

https://cv.jenkins.couchbase.com/job/kv_engine-clang_analyzer-neo/356/ : SUCCESS

https://cv.jenkins.couchbase.com/job/kv_engine.libFuzzer/job/neo/367/ : SUCCESS

https://cv.jenkins.couchbase.com/job/kv_engine.ASan-UBSan/job/neo/380/ : SUCCESS

https://cv.jenkins.couchbase.com/job/kv_engine.linux/job/neo/379/ : SUCCESS

https://cv.jenkins.couchbase.com/job/kv_engine.threadsanitizer/job/neo/379/ : SUCCESS

https://cv.jenkins.couchbase.com/job/kv_engine.linux-CE/job/neo/390/ : SUCCESS

https://cv.jenkins.couchbase.com/job/kv_engine.aarch64-linux/job/neo/366/ : SUCCESS

https://cv.jenkins.couchbase.com/job/kv_engine-windows-neo/499/ : SUCCESS
----------------------------------------------------------------------------------------------------------------------
Author: Build Bot
Date: 2022-10-06 16:28:12.000000000
Message: 
Patch Set 2:

Build Failed 

https://cv.jenkins.couchbase.com/job/kv_engine.macos/job/neo/577/ : ABORTED

Failure of an engine_testapp test:

<pre>
Running [42/160]: file stats post warmup...../kv_engine/engines/ep/tests/ep_testsuite.cc:2328 Test failed: `" (Expected `287539" to be less than or equal to `278528" - Unexpected fileSize for vbucket)
[2022-10-06T16:17:32.600Z] (265 ms) FAIL
</pre>
 ( https://cv.jenkins.couchbase.com/job/kv_engine.macos/job/neo/577/ )

https://cv.jenkins.couchbase.com/job/kv_engine-clang_tidy-neo/364/ : SUCCESS

https://cv.jenkins.couchbase.com/job/kv_engine-clang_format_9/20166/ : SUCCESS

https://cv.jenkins.couchbase.com/job/kv_engine-clang_analyzer-neo/356/ : SUCCESS

https://cv.jenkins.couchbase.com/job/kv_engine.libFuzzer/job/neo/367/ : SUCCESS

https://cv.jenkins.couchbase.com/job/kv_engine.ASan-UBSan/job/neo/380/ : SUCCESS

https://cv.jenkins.couchbase.com/job/kv_engine.linux/job/neo/379/ : SUCCESS

https://cv.jenkins.couchbase.com/job/kv_engine.threadsanitizer/job/neo/379/ : SUCCESS

https://cv.jenkins.couchbase.com/job/kv_engine.linux-CE/job/neo/390/ : SUCCESS

https://cv.jenkins.couchbase.com/job/kv_engine.aarch64-linux/job/neo/366/ : SUCCESS

https://cv.jenkins.couchbase.com/job/kv_engine-windows-neo/499/ : SUCCESS
----------------------------------------------------------------------------------------------------------------------
Author: Build Bot
Date: 2022-10-06 17:09:42.000000000
Message: 
Patch Set 2:

Build Failed 

https://cv.jenkins.couchbase.com/job/kv_engine.macos/job/neo/578/ : FAILURE

Failure of an engine_testapp test:

<pre>
Running [42/160]: file stats post warmup...../kv_engine/engines/ep/tests/ep_testsuite.cc:2328 Test failed: `" (Expected `398131" to be less than or equal to `385024" - Unexpected fileSize for vbucket)
[2022-10-06T16:39:05.340Z] (277 ms) FAIL
</pre>
 ( https://cv.jenkins.couchbase.com/job/kv_engine.macos/job/neo/578/ )

Timeout of a CTest test [2022-10-06T17:09:34.347Z] 444/444 Test #442: cluster_test ................................................................................................} ( https://cv.jenkins.couchbase.com/job/kv_engine.macos/job/neo/578/ )

https://cv.jenkins.couchbase.com/job/kv_engine-clang_tidy-neo/364/ : SUCCESS

https://cv.jenkins.couchbase.com/job/kv_engine-clang_format_9/20166/ : SUCCESS

https://cv.jenkins.couchbase.com/job/kv_engine-clang_analyzer-neo/356/ : SUCCESS

https://cv.jenkins.couchbase.com/job/kv_engine.libFuzzer/job/neo/367/ : SUCCESS

https://cv.jenkins.couchbase.com/job/kv_engine.ASan-UBSan/job/neo/380/ : SUCCESS

https://cv.jenkins.couchbase.com/job/kv_engine.linux/job/neo/379/ : SUCCESS

https://cv.jenkins.couchbase.com/job/kv_engine.threadsanitizer/job/neo/379/ : SUCCESS

https://cv.jenkins.couchbase.com/job/kv_engine.linux-CE/job/neo/390/ : SUCCESS

https://cv.jenkins.couchbase.com/job/kv_engine.aarch64-linux/job/neo/366/ : SUCCESS

https://cv.jenkins.couchbase.com/job/kv_engine-windows-neo/499/ : SUCCESS
----------------------------------------------------------------------------------------------------------------------
Author: Build Bot
Date: 2022-10-07 08:55:17.000000000
Message: 
Patch Set 2:

Build Failed 

https://cv.jenkins.couchbase.com/job/kv_engine.macos/job/neo/586/ : FAILURE

Failure of an engine_testapp test:

<pre>
Running [42/160]: file stats post warmup...../kv_engine/engines/ep/tests/ep_testsuite.cc:2328 Test failed: `" (Expected `317030" to be less than or equal to `286720" - Unexpected fileSize for vbucket)
[2022-10-07T08:46:19.952Z] (233 ms) FAIL
</pre>
 ( https://cv.jenkins.couchbase.com/job/kv_engine.macos/job/neo/586/ )

https://cv.jenkins.couchbase.com/job/kv_engine-clang_tidy-neo/364/ : SUCCESS

https://cv.jenkins.couchbase.com/job/kv_engine-clang_format_9/20166/ : SUCCESS

https://cv.jenkins.couchbase.com/job/kv_engine-clang_analyzer-neo/356/ : SUCCESS

https://cv.jenkins.couchbase.com/job/kv_engine.libFuzzer/job/neo/367/ : SUCCESS

https://cv.jenkins.couchbase.com/job/kv_engine.ASan-UBSan/job/neo/380/ : SUCCESS

https://cv.jenkins.couchbase.com/job/kv_engine.linux/job/neo/379/ : SUCCESS

https://cv.jenkins.couchbase.com/job/kv_engine.threadsanitizer/job/neo/379/ : SUCCESS

https://cv.jenkins.couchbase.com/job/kv_engine.linux-CE/job/neo/390/ : SUCCESS

https://cv.jenkins.couchbase.com/job/kv_engine.aarch64-linux/job/neo/366/ : SUCCESS

https://cv.jenkins.couchbase.com/job/kv_engine-windows-neo/499/ : SUCCESS
----------------------------------------------------------------------------------------------------------------------
Author: Build Bot
Date: 2022-10-07 13:12:06.000000000
Message: 
Patch Set 2: Verified+1

Build Successful 

https://cv.jenkins.couchbase.com/job/kv_engine-clang_tidy-neo/364/ : SUCCESS

https://cv.jenkins.couchbase.com/job/kv_engine-clang_format_9/20166/ : SUCCESS

https://cv.jenkins.couchbase.com/job/kv_engine-clang_analyzer-neo/356/ : SUCCESS

https://cv.jenkins.couchbase.com/job/kv_engine.libFuzzer/job/neo/367/ : SUCCESS

https://cv.jenkins.couchbase.com/job/kv_engine.ASan-UBSan/job/neo/380/ : SUCCESS

https://cv.jenkins.couchbase.com/job/kv_engine.linux/job/neo/379/ : SUCCESS

https://cv.jenkins.couchbase.com/job/kv_engine.threadsanitizer/job/neo/379/ : SUCCESS

https://cv.jenkins.couchbase.com/job/kv_engine.linux-CE/job/neo/390/ : SUCCESS

https://cv.jenkins.couchbase.com/job/kv_engine.aarch64-linux/job/neo/366/ : SUCCESS

https://cv.jenkins.couchbase.com/job/kv_engine-windows-neo/499/ : SUCCESS

https://cv.jenkins.couchbase.com/job/kv_engine.macos/job/neo/587/ : SUCCESS
----------------------------------------------------------------------------------------------------------------------
Author: Dave Rigby
Date: 2022-10-07 14:02:42.000000000
Message: 
Patch Set 2:

(1 comment)
File Comment: /PATCHSET_LEVEL -> check approval
----------------------------------------------------------------------------------------------------------------------
Author: Restriction Checker
Date: 2022-10-07 14:02:53.000000000
Message: 
Patch Set 2:

Permission granted to commit: 

https://server.jenkins.couchbase.com/job/restricted-branch-check/318830/artifact/restricted.html : SUCCESS
----------------------------------------------------------------------------------------------------------------------
