======================================================================================================================
DESCRIPTION:

[BP] MB-51958: Disable STItemPagerTest.ReplicaEvictedBeforeActive

Well known as a flaky test. Already disabled on master as fails CV with
sporadic failures unrelated to the change under test.
Same problem on the Neo branch now.

Change-Id: Ie190a0d84f79cd07c2285165616cc15f105e3d5b

======================================================================================================================
COMMENTS
======================================================================================================================
Author: Paolo Cocchi
Date: 2022-06-28 11:40:56.000000000
Message: 
Uploaded patch set 1.
----------------------------------------------------------------------------------------------------------------------
Author: Restriction Checker
Date: 2022-06-28 11:41:06.000000000
Message: 
Patch Set 1: Well-Formed-1

Branch restricted. PLEASE READ this URL: 

http://server.jenkins.couchbase.com/job/restricted-branch-check/304462/artifact/restricted.html : FAILURE
----------------------------------------------------------------------------------------------------------------------
Author: Paolo Cocchi
Date: 2022-06-28 11:50:37.000000000
Message: 
Patch Set 1:

(1 comment)
File Comment: /PATCHSET_LEVEL -> check-approval
----------------------------------------------------------------------------------------------------------------------
Author: Build Bot
Date: 2022-06-28 12:13:34.000000000
Message: 
Patch Set 1: Verified-1

Build Failed 

http://cv.jenkins.couchbase.com/job/kv_engine-windows-neo/420/ : FAILURE

Failure of GoogleTest "AllBucketTypes/PassiveDurabilityMonitorPersistentTest.AckLatestPersistedSnapshot/persistent_nexus_magma_couchstore_full_eviction":

<pre>
[ RUN      ] AllBucketTypes/PassiveDurabilityMonitorPersistentTest.AckLatestPersistedSnapshot/persistent_nexus_magma_couchstore_full_eviction
unknown file: error: C++ exception with description "KVStoreFactory ctor: Specified dbname "ep_engine_ep_unit_tests.db/test.505901" is not a directory" thrown in SetUp().
unknown file: error: SEH exception with code 0xc0000005 thrown in TearDown().
[  FAILED  ] AllBucketTypes/PassiveDurabilityMonitorPersistentTest.AckLatestPersistedSnapshot/persistent_nexus_magma_couchstore_full_eviction, where GetParam() = "bucket_type=persistent:backend=nexus:nexus_primary_backend=magma:nexus_secondary_backend=couchstore:item_eviction_policy=full_eviction" (2 ms)
AllBucketTypes/PassiveDurabilityMonitorPersistentTest.AckLatestPersistedSnapshot/persistent_nexus_magma_couchstore_full_eviction
</pre>
 ( http://cv.jenkins.couchbase.com/job/kv_engine-windows-neo/420/ )

Failure of an engine_testapp test:

<pre>
Running [3/93]: test dcp consumer flow control static...(67 ms) OK


99% tests passed, 4 tests failed out of 423

Total Test time (real) = 366.65 sec

The following tests FAIL
</pre>
 ( http://cv.jenkins.couchbase.com/job/kv_engine-windows-neo/420/ )

Timeout of a CTest test 423/423 Test #288: ep_testsuite_dcp.value_eviction.comp_passive ..................................................................................} ( http://cv.jenkins.couchbase.com/job/kv_engine-windows-neo/420/ )

http://cv.jenkins.couchbase.com/job/kv_engine-clang_tidy-neo/304/ : SUCCESS

http://cv.jenkins.couchbase.com/job/kv_engine-clang_format_9/17511/ : SUCCESS

http://cv.jenkins.couchbase.com/job/kv_engine-clang_analyzer-neo/298/ : SUCCESS

http://cv.jenkins.couchbase.com/job/kv_engine.linux/job/neo/316/ : SUCCESS

http://cv.jenkins.couchbase.com/job/kv_engine.threadsanitizer/job/neo/313/ : SUCCESS

http://cv.jenkins.couchbase.com/job/kv_engine.ASan-UBSan/job/neo/316/ : SUCCESS

http://cv.jenkins.couchbase.com/job/kv_engine.linux-CE/job/neo/324/ : SUCCESS

http://cv.jenkins.couchbase.com/job/kv_engine.macos/job/neo/451/ : SUCCESS

http://cv.jenkins.couchbase.com/job/kv_engine.libFuzzer/job/neo/306/ : SUCCESS

http://cv.jenkins.couchbase.com/job/kv_engine.aarch64-linux/job/neo/303/ : SUCCESS
----------------------------------------------------------------------------------------------------------------------
Author: Build Bot
Date: 2022-06-28 13:33:53.000000000
Message: 
Patch Set 1:

Build Failed 

http://cv.jenkins.couchbase.com/job/kv_engine-windows-neo/426/ : FAILURE

Failure of an engine_testapp test:

<pre>
Running [27/47]: test locked touch...(148 ms) OK


99% tests passed, 1 tests failed out of 423

Total Test time (real) = 328.90 sec

The following tests FAIL
</pre>
 ( http://cv.jenkins.couchbase.com/job/kv_engine-windows-neo/426/ )

Timeout of a CTest test 423/423 Test #280: ep_testsuite_basic.value_eviction.comp_passive ................................................................................} ( http://cv.jenkins.couchbase.com/job/kv_engine-windows-neo/426/ )

http://cv.jenkins.couchbase.com/job/kv_engine-clang_tidy-neo/304/ : SUCCESS

http://cv.jenkins.couchbase.com/job/kv_engine-clang_format_9/17511/ : SUCCESS

http://cv.jenkins.couchbase.com/job/kv_engine-clang_analyzer-neo/298/ : SUCCESS

http://cv.jenkins.couchbase.com/job/kv_engine.linux/job/neo/316/ : SUCCESS

http://cv.jenkins.couchbase.com/job/kv_engine.threadsanitizer/job/neo/313/ : SUCCESS

http://cv.jenkins.couchbase.com/job/kv_engine.ASan-UBSan/job/neo/316/ : SUCCESS

http://cv.jenkins.couchbase.com/job/kv_engine.linux-CE/job/neo/324/ : SUCCESS

http://cv.jenkins.couchbase.com/job/kv_engine.macos/job/neo/451/ : SUCCESS

http://cv.jenkins.couchbase.com/job/kv_engine.libFuzzer/job/neo/306/ : SUCCESS

http://cv.jenkins.couchbase.com/job/kv_engine.aarch64-linux/job/neo/303/ : SUCCESS
----------------------------------------------------------------------------------------------------------------------
Author: Build Bot
Date: 2022-06-28 14:16:03.000000000
Message: 
Patch Set 1:

Build Failed 

http://cv.jenkins.couchbase.com/job/kv_engine-windows-neo/427/ : FAILURE

Failure of GoogleTest "Nexus/NexusKVStoreTest.MagmaImplicitCompactionPurgesPrepareRollback/persistent_nexus_magma_couchstore_full_eviction":

<pre>
[ RUN      ] Nexus/NexusKVStoreTest.MagmaImplicitCompactionPurgesPrepareRollback/persistent_nexus_magma_couchstore_full_eviction
..\kv_engine\engines\ep\tests\module_tests\nexus_kvstore_test.cc(321): error: Expected: (skippedChecksBefore) != (std::stoull(std::string(value))), actual: 27 vs 27
[  FAILED  ] Nexus/NexusKVStoreTest.MagmaImplicitCompactionPurgesPrepareRollback/persistent_nexus_magma_couchstore_full_eviction, where GetParam() = "bucket_type=persistent:backend=nexus:nexus_primary_backend=magma:nexus_secondary_backend=couchstore:item_eviction_policy=full_eviction" (942 ms)
Nexus/NexusKVStoreTest.MagmaImplicitCompactionPurgesPrepareRollback/persistent_nexus_magma_couchstore_full_eviction
</pre>
 ( http://cv.jenkins.couchbase.com/job/kv_engine-windows-neo/427/ )

http://cv.jenkins.couchbase.com/job/kv_engine-clang_tidy-neo/304/ : SUCCESS

http://cv.jenkins.couchbase.com/job/kv_engine-clang_format_9/17511/ : SUCCESS

http://cv.jenkins.couchbase.com/job/kv_engine-clang_analyzer-neo/298/ : SUCCESS

http://cv.jenkins.couchbase.com/job/kv_engine.linux/job/neo/316/ : SUCCESS

http://cv.jenkins.couchbase.com/job/kv_engine.threadsanitizer/job/neo/313/ : SUCCESS

http://cv.jenkins.couchbase.com/job/kv_engine.ASan-UBSan/job/neo/316/ : SUCCESS

http://cv.jenkins.couchbase.com/job/kv_engine.linux-CE/job/neo/324/ : SUCCESS

http://cv.jenkins.couchbase.com/job/kv_engine.macos/job/neo/451/ : SUCCESS

http://cv.jenkins.couchbase.com/job/kv_engine.libFuzzer/job/neo/306/ : SUCCESS

http://cv.jenkins.couchbase.com/job/kv_engine.aarch64-linux/job/neo/303/ : SUCCESS
----------------------------------------------------------------------------------------------------------------------
Author: Build Bot
Date: 2022-06-29 10:30:19.000000000
Message: 
Patch Set 1:

Build Failed 

http://cv.jenkins.couchbase.com/job/kv_engine-windows-neo/430/ : FAILURE

Failure of an engine_testapp test:

<pre>
Running [125/159]: test set with item_eviction...(8 ms) SKIPPED


99% tests passed, 2 tests failed out of 423

Total Test time (real) = 679.59 sec

The following tests FAIL
</pre>
 ( http://cv.jenkins.couchbase.com/job/kv_engine-windows-neo/430/ )

Failure of GoogleTest "CollectionsEphemeralOrPersistent/CollectionsParameterizedTest.item_counting/persistent_nexus_couchstore_magma_full_eviction":

<pre>
[ RUN      ] CollectionsEphemeralOrPersistent/CollectionsParameterizedTest.item_counting/persistent_nexus_couchstore_magma_full_eviction
unknown file: error: C++ exception with description "KVStoreFactory ctor: Specified dbname "ep_engine_ep_unit_tests.db/test.592902" is not a directory" thrown in SetUp().
unknown file: error: SEH exception with code 0xc0000005 thrown in TearDown().
[  FAILED  ] CollectionsEphemeralOrPersistent/CollectionsParameterizedTest.item_counting/persistent_nexus_couchstore_magma_full_eviction, where GetParam() = "bucket_type=persistent:backend=nexus:nexus_primary_backend=couchstore:nexus_secondary_backend=magma:item_eviction_policy=full_eviction" (2 ms)
CollectionsEphemeralOrPersistent/CollectionsParameterizedTest.item_counting/persistent_nexus_couchstore_magma_full_eviction
</pre>
 ( http://cv.jenkins.couchbase.com/job/kv_engine-windows-neo/430/ )

Timeout of a CTest test 423/423 Test #276: ep_testsuite.ephemeral.comp_passive ...........................................................................................} ( http://cv.jenkins.couchbase.com/job/kv_engine-windows-neo/430/ )

http://cv.jenkins.couchbase.com/job/kv_engine-clang_tidy-neo/304/ : SUCCESS

http://cv.jenkins.couchbase.com/job/kv_engine-clang_format_9/17511/ : SUCCESS

http://cv.jenkins.couchbase.com/job/kv_engine-clang_analyzer-neo/298/ : SUCCESS

http://cv.jenkins.couchbase.com/job/kv_engine.linux/job/neo/316/ : SUCCESS

http://cv.jenkins.couchbase.com/job/kv_engine.threadsanitizer/job/neo/313/ : SUCCESS

http://cv.jenkins.couchbase.com/job/kv_engine.ASan-UBSan/job/neo/316/ : SUCCESS

http://cv.jenkins.couchbase.com/job/kv_engine.linux-CE/job/neo/324/ : SUCCESS

http://cv.jenkins.couchbase.com/job/kv_engine.macos/job/neo/451/ : SUCCESS

http://cv.jenkins.couchbase.com/job/kv_engine.libFuzzer/job/neo/306/ : SUCCESS

http://cv.jenkins.couchbase.com/job/kv_engine.aarch64-linux/job/neo/303/ : SUCCESS
----------------------------------------------------------------------------------------------------------------------
Author: James H
Date: 2022-06-29 12:34:41.000000000
Message: 
Patch Set 1: Code-Review+2
----------------------------------------------------------------------------------------------------------------------
Author: Build Bot
Date: 2022-06-29 12:48:59.000000000
Message: 
Patch Set 1:

Build Failed 

http://cv.jenkins.couchbase.com/job/kv_engine-windows-neo/431/ : FAILURE

Failure of an engine_testapp test:

<pre>
Running [32/44]: test set_with_meta and drift stats...(18 ms) OK


99% tests passed, 1 tests failed out of 423

Total Test time (real) = 248.52 sec

The following tests FAIL
</pre>
 ( http://cv.jenkins.couchbase.com/job/kv_engine-windows-neo/431/ )

Timeout of a CTest test 423/423 Test #309: ep_testsuite_xdcr.ephemeral.comp_active .......................................................................................} ( http://cv.jenkins.couchbase.com/job/kv_engine-windows-neo/431/ )

http://cv.jenkins.couchbase.com/job/kv_engine-clang_tidy-neo/304/ : SUCCESS

http://cv.jenkins.couchbase.com/job/kv_engine-clang_format_9/17511/ : SUCCESS

http://cv.jenkins.couchbase.com/job/kv_engine-clang_analyzer-neo/298/ : SUCCESS

http://cv.jenkins.couchbase.com/job/kv_engine.linux/job/neo/316/ : SUCCESS

http://cv.jenkins.couchbase.com/job/kv_engine.threadsanitizer/job/neo/313/ : SUCCESS

http://cv.jenkins.couchbase.com/job/kv_engine.ASan-UBSan/job/neo/316/ : SUCCESS

http://cv.jenkins.couchbase.com/job/kv_engine.linux-CE/job/neo/324/ : SUCCESS

http://cv.jenkins.couchbase.com/job/kv_engine.macos/job/neo/451/ : SUCCESS

http://cv.jenkins.couchbase.com/job/kv_engine.libFuzzer/job/neo/306/ : SUCCESS

http://cv.jenkins.couchbase.com/job/kv_engine.aarch64-linux/job/neo/303/ : SUCCESS
----------------------------------------------------------------------------------------------------------------------
Author: Richard de Mellow
Date: 2022-10-06 11:19:46.000000000
Message: 
Patch Set 1:

(1 comment)
File Comment: /PATCHSET_LEVEL -> check approval 
----------------------------------------------------------------------------------------------------------------------
Author: Restriction Checker
Date: 2022-10-06 11:20:00.000000000
Message: 
Patch Set 1: Well-Formed+1

Permission granted to commit: 

https://server.jenkins.couchbase.com/job/restricted-branch-check/318537/artifact/restricted.html : SUCCESS
----------------------------------------------------------------------------------------------------------------------
