======================================================================================================================
DESCRIPTION:

MB-54516: Handle a dropped Modify event in backfill

Backfill skips out dropped collection data, the new Modify event must
be included in this.

Change-Id: I1409b6caa42e63983d784ffc020e84ed5bbd259a

======================================================================================================================
COMMENTS
======================================================================================================================
Author: Jim Walker
Date: 2023-01-06 20:21:49.000000000
Message: 
Uploaded patch set 7.
----------------------------------------------------------------------------------------------------------------------
Author: Restriction Checker
Date: 2023-01-06 20:22:02.000000000
Message: 
Patch Set 7: Well-Formed+1

Permission granted to commit: 

https://server.jenkins.couchbase.com/job/restricted-branch-check/331269/artifact/restricted.html : SUCCESS
----------------------------------------------------------------------------------------------------------------------
Author: Build Bot
Date: 2023-01-06 21:06:10.000000000
Message: 
Patch Set 7: Verified-1

Build Failed 

https://cv.jenkins.couchbase.com/job/kv_engine-windows-neo/919/ : FAILURE

Failure of an engine_testapp test:

<pre>
Running [49/93]: test full rollback on consumer...(118 ms) OK


99% tests passed, 2 tests failed out of 427

Total Test time (real) = 354.07 sec

The following tests FAIL
</pre>
 ( https://cv.jenkins.couchbase.com/job/kv_engine-windows-neo/919/ )

Failure of GoogleTest "FullAndvalueEviction/EPBucketTest.FreqCountTest/persistent_nexus_magma_couchstore_value_only":

<pre>
[ RUN      ] FullAndvalueEviction/EPBucketTest.FreqCountTest/persistent_nexus_magma_couchstore_value_only
unknown file: error: C++ exception with description "KVStoreFactory ctor: Specified dbname "ep_engine_ep_unit_tests.db/test.833701\nexus-secondary" is not a directory" thrown in SetUp().
unknown file: error: SEH exception with code 0xc0000005 thrown in TearDown().
[  FAILED  ] FullAndvalueEviction/EPBucketTest.FreqCountTest/persistent_nexus_magma_couchstore_value_only, where GetParam() = "bucket_type=persistent:backend=nexus:nexus_primary_backend=magma:nexus_secondary_backend=couchstore:item_eviction_policy=value_only" (28 ms)
FullAndvalueEviction/EPBucketTest.FreqCountTest/persistent_nexus_magma_couchstore_value_only
</pre>
 ( https://cv.jenkins.couchbase.com/job/kv_engine-windows-neo/919/ )

Timeout of a CTest test 427/427 Test #295: ep_testsuite_dcp.full_eviction.comp_active ....................................................................................} ( https://cv.jenkins.couchbase.com/job/kv_engine-windows-neo/919/ )

https://cv.jenkins.couchbase.com/job/kv_engine.macos/job/neo/1026/ : FAILURE

Failure of an engine_testapp test:

<pre>
Running [42/160]: file stats post warmup...../kv_engine/engines/ep/tests/ep_testsuite.cc:2328 Test failed: `" (Expected `243302" to be less than or equal to `229376" - Unexpected fileSize for vbucket)
[2023-01-06T20:34:33.659Z] (234 ms) FAIL
</pre>
 ( https://cv.jenkins.couchbase.com/job/kv_engine.macos/job/neo/1026/ )

https://cv.jenkins.couchbase.com/job/kv_engine.linux/job/neo/753/ : FAILURE

One of more core files found at the end of the build. Data for post-mortem saved to archived_core_dumps.tar.bz2 under "Build Artifacts". ( https://cv.jenkins.couchbase.com/job/kv_engine.linux/job/neo/753/ )

Test exceeded the timeout:
[2023-01-06T20:42:48.585Z] /usr/bin/timeout: the monitored command dumped core ( https://cv.jenkins.couchbase.com/job/kv_engine.linux/job/neo/753/ )

https://cv.jenkins.couchbase.com/job/kv_engine-clang_format_9/22014/ : SUCCESS

https://cv.jenkins.couchbase.com/job/kv_engine-clang_tidy-neo/743/ : SUCCESS

https://cv.jenkins.couchbase.com/job/kv_engine-clang_analyzer-neo/715/ : SUCCESS

https://cv.jenkins.couchbase.com/job/kv_engine.ASan-UBSan/job/neo/754/ : SUCCESS

https://cv.jenkins.couchbase.com/job/kv_engine.threadsanitizer/job/neo/761/ : SUCCESS

https://cv.jenkins.couchbase.com/job/kv_engine.linux-CE/job/neo/764/ : SUCCESS

https://cv.jenkins.couchbase.com/job/kv_engine.libFuzzer/job/neo/735/ : SUCCESS

https://cv.jenkins.couchbase.com/job/kv_engine.aarch64-linux/job/neo/746/ : SUCCESS
----------------------------------------------------------------------------------------------------------------------
Author: Build Bot
Date: 2023-01-07 16:35:03.000000000
Message: 
Patch Set 7:

Build Failed 

https://cv.jenkins.couchbase.com/job/kv_engine-windows-neo/921/ : FAILURE

Failure of GoogleTest "FullAndValueEvictionOnReplicaAndPending/RollbackTest.RollbackCollectionCreate1/persistent_nexus_couchstore_magma_value_only_pending":

<pre>
[ RUN      ] FullAndValueEvictionOnReplicaAndPending/RollbackTest.RollbackCollectionCreate1/persistent_nexus_couchstore_magma_value_only_pending
unknown file: error: C++ exception with description "KVStoreFactory ctor: Specified dbname "ep_engine_ep_unit_tests.db/test.575001" is not a directory" thrown in SetUp().
unknown file: error: SEH exception with code 0xc0000005 thrown in TearDown().
[  FAILED  ] FullAndValueEvictionOnReplicaAndPending/RollbackTest.RollbackCollectionCreate1/persistent_nexus_couchstore_magma_value_only_pending, where GetParam() = ("persistent_nexus_couchstore_magma", "value_only", "pending") (2 ms)
FullAndValueEvictionOnReplicaAndPending/RollbackTest.RollbackCollectionCreate1/persistent_nexus_couchstore_magma_value_only_pending
</pre>
 ( https://cv.jenkins.couchbase.com/job/kv_engine-windows-neo/921/ )

https://cv.jenkins.couchbase.com/job/kv_engine.macos/job/neo/1028/ : FAILURE

No problems were identified. If you know why this problem occurred, please add a suitable Cause for it. ( https://cv.jenkins.couchbase.com/job/kv_engine.macos/job/neo/1028/ )

https://cv.jenkins.couchbase.com/job/kv_engine-clang_format_9/22017/ : SUCCESS

https://cv.jenkins.couchbase.com/job/kv_engine-clang_tidy-neo/745/ : SUCCESS

https://cv.jenkins.couchbase.com/job/kv_engine-clang_analyzer-neo/717/ : SUCCESS

https://cv.jenkins.couchbase.com/job/kv_engine.ASan-UBSan/job/neo/756/ : SUCCESS

https://cv.jenkins.couchbase.com/job/kv_engine.linux/job/neo/755/ : SUCCESS

https://cv.jenkins.couchbase.com/job/kv_engine.threadsanitizer/job/neo/763/ : SUCCESS

https://cv.jenkins.couchbase.com/job/kv_engine.linux-CE/job/neo/766/ : SUCCESS

https://cv.jenkins.couchbase.com/job/kv_engine.libFuzzer/job/neo/737/ : SUCCESS

https://cv.jenkins.couchbase.com/job/kv_engine.aarch64-linux/job/neo/748/ : SUCCESS
----------------------------------------------------------------------------------------------------------------------
Author: Build Bot
Date: 2023-01-09 10:14:33.000000000
Message: 
Patch Set 7:

Build Failed 

https://cv.jenkins.couchbase.com/job/kv_engine-windows-neo/927/ : FAILURE

Failure of an engine_testapp test:

<pre>
Running [54/160]: stats curr_items ADD SET...(42 ms) OK


99% tests passed, 2 tests failed out of 427

Total Test time (real) = 676.12 sec

The following tests FAIL
</pre>
 ( https://cv.jenkins.couchbase.com/job/kv_engine-windows-neo/927/ )

Timeout of a CTest test 427/427 Test #276: ep_testsuite.value_eviction.comp_passive ......................................................................................} ( https://cv.jenkins.couchbase.com/job/kv_engine-windows-neo/927/ )

https://cv.jenkins.couchbase.com/job/kv_engine.threadsanitizer/job/neo/769/ : FAILURE

Clang linker error: linker command failed with exit code 1 (use -v to see invocation) ( https://cv.jenkins.couchbase.com/job/kv_engine.threadsanitizer/job/neo/769/ )

https://cv.jenkins.couchbase.com/job/kv_engine-clang_format_9/22023/ : SUCCESS

https://cv.jenkins.couchbase.com/job/kv_engine-clang_tidy-neo/751/ : SUCCESS

https://cv.jenkins.couchbase.com/job/kv_engine-clang_analyzer-neo/722/ : SUCCESS

https://cv.jenkins.couchbase.com/job/kv_engine.macos/job/neo/1034/ : SUCCESS

https://cv.jenkins.couchbase.com/job/kv_engine.ASan-UBSan/job/neo/762/ : SUCCESS

https://cv.jenkins.couchbase.com/job/kv_engine.linux/job/neo/761/ : SUCCESS

https://cv.jenkins.couchbase.com/job/kv_engine.linux-CE/job/neo/772/ : SUCCESS

https://cv.jenkins.couchbase.com/job/kv_engine.libFuzzer/job/neo/743/ : SUCCESS

https://cv.jenkins.couchbase.com/job/kv_engine.aarch64-linux/job/neo/754/ : SUCCESS
----------------------------------------------------------------------------------------------------------------------
Author: Build Bot
Date: 2023-01-09 12:20:57.000000000
Message: 
Patch Set 7:

Build Failed 

https://cv.jenkins.couchbase.com/job/kv_engine-windows-neo/927/ : FAILURE

Failure of an engine_testapp test:

<pre>
Running [54/160]: stats curr_items ADD SET...(42 ms) OK


99% tests passed, 2 tests failed out of 427

Total Test time (real) = 676.12 sec

The following tests FAIL
</pre>
 ( https://cv.jenkins.couchbase.com/job/kv_engine-windows-neo/927/ )

Timeout of a CTest test 427/427 Test #276: ep_testsuite.value_eviction.comp_passive ......................................................................................} ( https://cv.jenkins.couchbase.com/job/kv_engine-windows-neo/927/ )

https://cv.jenkins.couchbase.com/job/kv_engine-clang_format_9/22023/ : SUCCESS

https://cv.jenkins.couchbase.com/job/kv_engine-clang_tidy-neo/751/ : SUCCESS

https://cv.jenkins.couchbase.com/job/kv_engine-clang_analyzer-neo/722/ : SUCCESS

https://cv.jenkins.couchbase.com/job/kv_engine.macos/job/neo/1034/ : SUCCESS

https://cv.jenkins.couchbase.com/job/kv_engine.ASan-UBSan/job/neo/762/ : SUCCESS

https://cv.jenkins.couchbase.com/job/kv_engine.linux/job/neo/761/ : SUCCESS

https://cv.jenkins.couchbase.com/job/kv_engine.linux-CE/job/neo/772/ : SUCCESS

https://cv.jenkins.couchbase.com/job/kv_engine.libFuzzer/job/neo/743/ : SUCCESS

https://cv.jenkins.couchbase.com/job/kv_engine.aarch64-linux/job/neo/754/ : SUCCESS

https://cv.jenkins.couchbase.com/job/kv_engine.threadsanitizer/job/neo/770/ : SUCCESS
----------------------------------------------------------------------------------------------------------------------
Author: Jim Walker
Date: 2023-01-09 13:00:12.000000000
Message: 
Removed Verified-1 by <GERRIT_ACCOUNT_1000011>

----------------------------------------------------------------------------------------------------------------------
Author: Jim Walker
Date: 2023-01-09 13:00:18.000000000
Message: 
Patch Set 7: Verified+1
----------------------------------------------------------------------------------------------------------------------
Author: Dave Rigby
Date: 2023-01-10 13:00:28.000000000
Message: 
Patch Set 7: Code-Review+2
----------------------------------------------------------------------------------------------------------------------
