======================================================================================================================
DESCRIPTION:

MB-49512: Wait for flusher in test multiple vb compactions

To ensure that we have persisted something to all vBuckets before
we try to compact them (fails if we have not)

Change-Id: If558576fb20df14b95c7c8b223d30ad499c4fcb0

======================================================================================================================
COMMENTS
======================================================================================================================
Author: Ben Huddleston
Date: 2022-02-14 09:47:44.000000000
Message: 
Uploaded patch set 1.
----------------------------------------------------------------------------------------------------------------------
Author: Build Bot
Date: 2022-02-14 10:26:32.000000000
Message: 
Patch Set 1: Verified-1

Build Failed 

http://cv.jenkins.couchbase.com/job/kv_engine-windows-master/43896/ : FAILURE

Failure of an engine_testapp test:

<pre>
Running [0023/0093]: test producer stream request (backfill)...WARNING: Logging before InitGoogleLogging() is written to STDERR
W0214 02:07:33.959807 204532 HazptrDomain.h:670] Using the default inline executor for asynchronous reclamation may be susceptible to deadlock if the current thread happens to hold a resource needed by the deleter of a reclaimable object


99% tests passed, 2 tests failed out of 421

Total Test time (real) = 359.22 sec

The following tests FAIL
</pre>
 ( http://cv.jenkins.couchbase.com/job/kv_engine-windows-master/43896/ )

Timeout of a CTest test 420/421 Test #292: ep_testsuite_dcp.value_eviction.magma .........................................................................................} ( http://cv.jenkins.couchbase.com/job/kv_engine-windows-master/43896/ )

http://cv.jenkins.couchbase.com/job/kv_engine.linux/job/master/17630/ : FAILURE

Failure of GoogleTest "EphemeralOrPersistent/STExpiryPagerTest.MB_25671/persistent_magma_value_only":

<pre>
[ RUN      ] EphemeralOrPersistent/STExpiryPagerTest.MB_25671/persistent_magma_value_only
[2022-02-14T10:14:01.819Z] ../kv_engine/engines/ep/tests/module_tests/item_pager_test.cc:1793: Failure
[2022-02-14T10:14:01.819Z] Expected equality of these values:
[2022-02-14T10:14:01.819Z]   err
[2022-02-14T10:14:01.819Z]     Which is: would block
[2022-02-14T10:14:01.819Z]   store->getMetaData( key_1, vbid, cookie, metadata, deleted, datatype)
[2022-02-14T10:14:01.819Z]     Which is: no memory
[2022-02-14T10:14:01.819Z] ../kv_engine/engines/ep/tests/module_tests/item_pager_test.cc:1798: Failure
[2022-02-14T10:14:01.819Z] Expected equality of these values:
[2022-02-14T10:14:01.819Z]   cb::engine_errc::success
[2022-02-14T10:14:01.819Z]     Which is: success
[2022-02-14T10:14:01.819Z]   store->getMetaData( key_1, vbid, cookie, metadata, deleted, datatype)
[2022-02-14T10:14:01.819Z]     Which is: no memory
[2022-02-14T10:14:01.819Z] ../kv_engine/engines/ep/tests/module_tests/item_pager_test.cc:1826: Failure
[2022-02-14T10:14:01.819Z] Expected equality of these values:
[2022-02-14T10:14:01.819Z]   err
[2022-02-14T10:14:01.819Z]     Which is: would block
[2022-02-14T10:14:01.819Z]   deleteWithMeta()
[2022-02-14T10:14:01.819Z]     Which is: no memory
[2022-02-14T10:14:01.820Z] ../kv_engine/engines/ep/tests/module_tests/item_pager_test.cc:1832: Failure
[2022-02-14T10:14:01.820Z] Expected equality of these values:
[2022-02-14T10:14:01.820Z]   cb::engine_errc::success
[2022-02-14T10:14:01.820Z]     Which is: success
[2022-02-14T10:14:01.820Z]   deleteWithMeta()
[2022-02-14T10:14:01.820Z]     Which is: no memory
[2022-02-14T10:14:01.820Z] ../kv_engine/engines/ep/tests/module_tests/item_pager_test.cc:1836: Failure
[2022-02-14T10:14:01.820Z] Expected equality of these values:
[2022-02-14T10:14:01.820Z]   cb::engine_errc::success
[2022-02-14T10:14:01.820Z]     Which is: success
[2022-02-14T10:14:01.820Z]   item.getStatus()
[2022-02-14T10:14:01.820Z]     Which is: no memory
[2022-02-14T10:14:01.820Z] [  FAILED  ] EphemeralOrPersistent/STExpiryPagerTest.MB_25671/persistent_magma_value_only, where GetParam() = ("persistent_magma", "value_only") (44 ms)
EphemeralOrPersistent/STExpiryPagerTest.MB_25671/persistent_magma_value_only
</pre>
 ( http://cv.jenkins.couchbase.com/job/kv_engine.linux/job/master/17630/ )

One of more core files found at the end of the build. Data for post-mortem saved to archived_core_dumps.tar.bz2 under "Build Artifacts". ( http://cv.jenkins.couchbase.com/job/kv_engine.linux/job/master/17630/ )

http://cv.jenkins.couchbase.com/job/kv_engine.threadsanitizer/job/master/18362/ : FAILURE

ThreadSanitizer issue: data race (/opt/gcc-10.2.0/lib64/libtsan.so.0+0x87578) in operator delete(void*, unsigned long)  ( http://cv.jenkins.couchbase.com/job/kv_engine.threadsanitizer/job/master/18362/ )

http://cv.jenkins.couchbase.com/job/kv_engine.ASan-UBSan/job/master/25730/ : FAILURE

One of more core files found at the end of the build. Data for post-mortem saved to archived_core_dumps.tar.bz2 under "Build Artifacts". ( http://cv.jenkins.couchbase.com/job/kv_engine.ASan-UBSan/job/master/25730/ )

http://cv.jenkins.couchbase.com/job/kv_engine-clang_format_9/14427/ : SUCCESS

http://cv.jenkins.couchbase.com/job/kv_engine-clang_tidy-master/15585/ : SUCCESS

http://cv.jenkins.couchbase.com/job/kv_engine-clang_analyzer-master/37012/ : SUCCESS

http://cv.jenkins.couchbase.com/job/kv_engine.macos/job/master/16402/ : SUCCESS

http://cv.jenkins.couchbase.com/job/kv_engine.libFuzzer/job/master/5233/ : SUCCESS

http://cv.jenkins.couchbase.com/job/kv_engine.linux-CE/job/master/17324/ : SUCCESS

http://cv.jenkins.couchbase.com/job/kv_engine.aarch64-linux/job/master/5294/ : SUCCESS
----------------------------------------------------------------------------------------------------------------------
Author: Build Bot
Date: 2022-02-14 11:11:16.000000000
Message: 
Patch Set 1:

Build Failed 

http://cv.jenkins.couchbase.com/job/kv_engine.linux/job/master/17632/ : FAILURE

http://cv.jenkins.couchbase.com/job/kv_engine.ASan-UBSan/job/master/25731/ : FAILURE

One of more core files found at the end of the build. Data for post-mortem saved to archived_core_dumps.tar.bz2 under "Build Artifacts". ( http://cv.jenkins.couchbase.com/job/kv_engine.ASan-UBSan/job/master/25731/ )

http://cv.jenkins.couchbase.com/job/kv_engine-windows-master/43897/ : FAILURE

Failure of an engine_testapp test:

<pre>
Running [0011/0093]: test dcp replica stream backfill and warmup (MB-34173)...Exceeded maximum wait time of 60000000us waiting for stat "ep_persist_vbstate_total" to be greater or equal than 1 (last value:0) - aborting.
</pre>
 ( http://cv.jenkins.couchbase.com/job/kv_engine-windows-master/43897/ )

Timeout of a CTest test 421/421 Test #275: ep_testsuite.ephemeral.comp_active ............................................................................................} ( http://cv.jenkins.couchbase.com/job/kv_engine-windows-master/43897/ )

http://cv.jenkins.couchbase.com/job/kv_engine-clang_format_9/14427/ : SUCCESS

http://cv.jenkins.couchbase.com/job/kv_engine-clang_tidy-master/15585/ : SUCCESS

http://cv.jenkins.couchbase.com/job/kv_engine-clang_analyzer-master/37012/ : SUCCESS

http://cv.jenkins.couchbase.com/job/kv_engine.macos/job/master/16402/ : SUCCESS

http://cv.jenkins.couchbase.com/job/kv_engine.libFuzzer/job/master/5233/ : SUCCESS

http://cv.jenkins.couchbase.com/job/kv_engine.linux-CE/job/master/17324/ : SUCCESS

http://cv.jenkins.couchbase.com/job/kv_engine.aarch64-linux/job/master/5294/ : SUCCESS

http://cv.jenkins.couchbase.com/job/kv_engine.threadsanitizer/job/master/18363/ : SUCCESS
----------------------------------------------------------------------------------------------------------------------
Author: Build Bot
Date: 2022-02-14 12:23:11.000000000
Message: 
Patch Set 1:

Build Failed 

http://cv.jenkins.couchbase.com/job/kv_engine-windows-master/43897/ : FAILURE

Failure of an engine_testapp test:

<pre>
Running [0011/0093]: test dcp replica stream backfill and warmup (MB-34173)...Exceeded maximum wait time of 60000000us waiting for stat "ep_persist_vbstate_total" to be greater or equal than 1 (last value:0) - aborting.
</pre>
 ( http://cv.jenkins.couchbase.com/job/kv_engine-windows-master/43897/ )

Timeout of a CTest test 421/421 Test #275: ep_testsuite.ephemeral.comp_active ............................................................................................} ( http://cv.jenkins.couchbase.com/job/kv_engine-windows-master/43897/ )

http://cv.jenkins.couchbase.com/job/kv_engine-clang_format_9/14427/ : SUCCESS

http://cv.jenkins.couchbase.com/job/kv_engine-clang_tidy-master/15585/ : SUCCESS

http://cv.jenkins.couchbase.com/job/kv_engine-clang_analyzer-master/37012/ : SUCCESS

http://cv.jenkins.couchbase.com/job/kv_engine.macos/job/master/16402/ : SUCCESS

http://cv.jenkins.couchbase.com/job/kv_engine.libFuzzer/job/master/5233/ : SUCCESS

http://cv.jenkins.couchbase.com/job/kv_engine.linux-CE/job/master/17324/ : SUCCESS

http://cv.jenkins.couchbase.com/job/kv_engine.aarch64-linux/job/master/5294/ : SUCCESS

http://cv.jenkins.couchbase.com/job/kv_engine.threadsanitizer/job/master/18363/ : SUCCESS

http://cv.jenkins.couchbase.com/job/kv_engine.ASan-UBSan/job/master/25733/ : SUCCESS

http://cv.jenkins.couchbase.com/job/kv_engine.linux/job/master/17634/ : SUCCESS
----------------------------------------------------------------------------------------------------------------------
Author: Dave Rigby
Date: 2022-02-14 12:44:29.000000000
Message: 
Patch Set 1: Code-Review+2
----------------------------------------------------------------------------------------------------------------------
Author: Build Bot
Date: 2022-02-14 12:47:26.000000000
Message: 
Patch Set 1: Verified+1

Build Successful 

http://cv.jenkins.couchbase.com/job/kv_engine-clang_format_9/14427/ : SUCCESS

http://cv.jenkins.couchbase.com/job/kv_engine-clang_tidy-master/15585/ : SUCCESS

http://cv.jenkins.couchbase.com/job/kv_engine-clang_analyzer-master/37012/ : SUCCESS

http://cv.jenkins.couchbase.com/job/kv_engine.macos/job/master/16402/ : SUCCESS

http://cv.jenkins.couchbase.com/job/kv_engine.libFuzzer/job/master/5233/ : SUCCESS

http://cv.jenkins.couchbase.com/job/kv_engine.linux-CE/job/master/17324/ : SUCCESS

http://cv.jenkins.couchbase.com/job/kv_engine.linux/job/master/17634/ : SUCCESS

http://cv.jenkins.couchbase.com/job/kv_engine.aarch64-linux/job/master/5294/ : SUCCESS

http://cv.jenkins.couchbase.com/job/kv_engine.threadsanitizer/job/master/18363/ : SUCCESS

http://cv.jenkins.couchbase.com/job/kv_engine.ASan-UBSan/job/master/25733/ : SUCCESS

http://cv.jenkins.couchbase.com/job/kv_engine-windows-master/43899/ : SUCCESS
----------------------------------------------------------------------------------------------------------------------
