======================================================================================================================
DESCRIPTION:

MB-49036: Allow ReviveDocument to be used with durability

`subdoc_executor` ensures that a subdoc operation with ReviveDocument
set is not operating on a document which is Alive (not deleted).

However, as part of `subdoc_update`, the document state was overwritten
with Alive prior to performing an Add.

With a non-durable operation, this did not lead to issues; with a
durable op it is expected that the operation will ewouldblock, and
later be resumed.

Once the sync write has completed, `subdoc_executor` will be executed
again, and would fail the operation with

 SubdocCanOnlyReviveDeletedDocuments

as the state had been set to Alive.

Change-Id: I4fea5fd561c97be84deb9ce23bc37f6541d627a6

======================================================================================================================
COMMENTS
======================================================================================================================
Author: James H
Date: 2021-11-25 13:24:56.000000000
Message: 
Uploaded patch set 7.
----------------------------------------------------------------------------------------------------------------------
Author: Build Bot
Date: 2021-11-25 13:52:17.000000000
Message: 
Patch Set 7: Verified-1

Build Failed 

http://cv.jenkins.couchbase.com/job/kv_engine-windows-master/42029/ : FAILURE

Failure of GoogleTest "NexusFullOrValue/DurabilityWarmupTest.ReplicationTopologyMissing/persistent_nexus_magma_couchstore_full_eviction":

<pre>
[ RUN      ] NexusFullOrValue/DurabilityWarmupTest.ReplicationTopologyMissing/persistent_nexus_magma_couchstore_full_eviction
unknown file: error: C++ exception with description "KVStoreFactory ctor: Specified dbname "ep_engine_ep_unit_tests.db/test.593001" is not a directory" thrown in SetUp().
unknown file: error: SEH exception with code 0xc0000005 thrown in TearDown().
[  FAILED  ] NexusFullOrValue/DurabilityWarmupTest.ReplicationTopologyMissing/persistent_nexus_magma_couchstore_full_eviction, where GetParam() = ("persistent_nexus_magma_couchstore", "full_eviction") (3 ms)
NexusFullOrValue/DurabilityWarmupTest.ReplicationTopologyMissing/persistent_nexus_magma_couchstore_full_eviction
</pre>
 ( http://cv.jenkins.couchbase.com/job/kv_engine-windows-master/42029/ )

http://cv.jenkins.couchbase.com/job/kv_engine.threadsanitizer/job/master/16852/ : FAILURE

http://cv.jenkins.couchbase.com/job/kv_engine-clang_analyzer-master/35667/ : SUCCESS

http://cv.jenkins.couchbase.com/job/kv_engine-clang_tidy-master/14202/ : SUCCESS

http://cv.jenkins.couchbase.com/job/kv_engine-clang_format_9/13008/ : SUCCESS

http://cv.jenkins.couchbase.com/job/kv_engine.macos/job/master/14997/ : SUCCESS

http://cv.jenkins.couchbase.com/job/kv_engine.aarch64-linux/job/master/3909/ : SUCCESS

http://cv.jenkins.couchbase.com/job/kv_engine.libFuzzer/job/master/3833/ : SUCCESS

http://cv.jenkins.couchbase.com/job/kv_engine.linux-CE/job/master/15825/ : SUCCESS

http://cv.jenkins.couchbase.com/job/kv_engine.ASan-UBSan/job/master/24205/ : SUCCESS

http://cv.jenkins.couchbase.com/job/kv_engine.linux/job/master/16111/ : SUCCESS
----------------------------------------------------------------------------------------------------------------------
Author: Build Bot
Date: 2021-11-25 17:22:44.000000000
Message: 
Patch Set 7:

Build Failed 

http://cv.jenkins.couchbase.com/job/kv_engine-windows-master/42040/ : FAILURE

Failure of GoogleTest "AllBackends/DurabilityEphemeralBucketTest.GetRandomCompletedPrepare/ephemeral_auto_delete":

<pre>
[ RUN      ] AllBackends/DurabilityEphemeralBucketTest.GetRandomCompletedPrepare/ephemeral_auto_delete
unknown file: error: C++ exception with description "cb::io::rmrf: remove of directory \\?\C:\Jenkins\workspace\kv_engine-windows-master\build\kv_engine\ep_engine_ep_unit_tests.db\test.295904 failed: unknown error" thrown in SetUp().
unknown file: error: SEH exception with code 0xc0000005 thrown in TearDown().
[  FAILED  ] AllBackends/DurabilityEphemeralBucketTest.GetRandomCompletedPrepare/ephemeral_auto_delete, where GetParam() = ("ephemeral", "auto_delete") (5 ms)
AllBackends/DurabilityEphemeralBucketTest.GetRandomCompletedPrepare/ephemeral_auto_delete
</pre>
 ( http://cv.jenkins.couchbase.com/job/kv_engine-windows-master/42040/ )

http://cv.jenkins.couchbase.com/job/kv_engine-clang_analyzer-master/35667/ : SUCCESS

http://cv.jenkins.couchbase.com/job/kv_engine-clang_tidy-master/14202/ : SUCCESS

http://cv.jenkins.couchbase.com/job/kv_engine-clang_format_9/13008/ : SUCCESS

http://cv.jenkins.couchbase.com/job/kv_engine.macos/job/master/14997/ : SUCCESS

http://cv.jenkins.couchbase.com/job/kv_engine.aarch64-linux/job/master/3909/ : SUCCESS

http://cv.jenkins.couchbase.com/job/kv_engine.libFuzzer/job/master/3833/ : SUCCESS

http://cv.jenkins.couchbase.com/job/kv_engine.linux-CE/job/master/15825/ : SUCCESS

http://cv.jenkins.couchbase.com/job/kv_engine.ASan-UBSan/job/master/24205/ : SUCCESS

http://cv.jenkins.couchbase.com/job/kv_engine.linux/job/master/16111/ : SUCCESS

http://cv.jenkins.couchbase.com/job/kv_engine.threadsanitizer/job/master/16862/ : SUCCESS
----------------------------------------------------------------------------------------------------------------------
Author: Build Bot
Date: 2021-11-26 14:35:47.000000000
Message: 
Patch Set 7:

Build Failed 

http://cv.jenkins.couchbase.com/job/kv_engine-windows-master/42054/ : FAILURE

Failure of an engine_testapp test:

<pre>
Running [0053/0159]: diskinfo stats...(8 ms) SKIPPED


99% tests passed, 1 tests failed out of 419

Total Test time (real) = 667.15 sec

The following tests FAIL
</pre>
 ( http://cv.jenkins.couchbase.com/job/kv_engine-windows-master/42054/ )

Timeout of a CTest test 419/419 Test #272: ep_testsuite.ephemeral.comp_passive ...........................................................................................} ( http://cv.jenkins.couchbase.com/job/kv_engine-windows-master/42054/ )

http://cv.jenkins.couchbase.com/job/kv_engine-clang_analyzer-master/35667/ : SUCCESS

http://cv.jenkins.couchbase.com/job/kv_engine-clang_tidy-master/14202/ : SUCCESS

http://cv.jenkins.couchbase.com/job/kv_engine-clang_format_9/13008/ : SUCCESS

http://cv.jenkins.couchbase.com/job/kv_engine.macos/job/master/14997/ : SUCCESS

http://cv.jenkins.couchbase.com/job/kv_engine.aarch64-linux/job/master/3909/ : SUCCESS

http://cv.jenkins.couchbase.com/job/kv_engine.libFuzzer/job/master/3833/ : SUCCESS

http://cv.jenkins.couchbase.com/job/kv_engine.linux-CE/job/master/15825/ : SUCCESS

http://cv.jenkins.couchbase.com/job/kv_engine.ASan-UBSan/job/master/24205/ : SUCCESS

http://cv.jenkins.couchbase.com/job/kv_engine.linux/job/master/16111/ : SUCCESS

http://cv.jenkins.couchbase.com/job/kv_engine.threadsanitizer/job/master/16862/ : SUCCESS
----------------------------------------------------------------------------------------------------------------------
Author: Build Bot
Date: 2021-11-26 15:40:37.000000000
Message: 
Patch Set 7:

Build Failed 

http://cv.jenkins.couchbase.com/job/kv_engine-windows-master/42063/ : FAILURE

Timeout of a CTest test 419/419 Test #202: ep-engine_ep_unit_tests.EphemeralOrPersistent/DurabilityTest ..................................................................} ( http://cv.jenkins.couchbase.com/job/kv_engine-windows-master/42063/ )

http://cv.jenkins.couchbase.com/job/kv_engine-clang_analyzer-master/35667/ : SUCCESS

http://cv.jenkins.couchbase.com/job/kv_engine-clang_tidy-master/14202/ : SUCCESS

http://cv.jenkins.couchbase.com/job/kv_engine-clang_format_9/13008/ : SUCCESS

http://cv.jenkins.couchbase.com/job/kv_engine.macos/job/master/14997/ : SUCCESS

http://cv.jenkins.couchbase.com/job/kv_engine.aarch64-linux/job/master/3909/ : SUCCESS

http://cv.jenkins.couchbase.com/job/kv_engine.libFuzzer/job/master/3833/ : SUCCESS

http://cv.jenkins.couchbase.com/job/kv_engine.linux-CE/job/master/15825/ : SUCCESS

http://cv.jenkins.couchbase.com/job/kv_engine.ASan-UBSan/job/master/24205/ : SUCCESS

http://cv.jenkins.couchbase.com/job/kv_engine.linux/job/master/16111/ : SUCCESS

http://cv.jenkins.couchbase.com/job/kv_engine.threadsanitizer/job/master/16862/ : SUCCESS
----------------------------------------------------------------------------------------------------------------------
Author: Build Bot
Date: 2021-11-29 10:03:07.000000000
Message: 
Patch Set 7:

Build Failed 

http://cv.jenkins.couchbase.com/job/kv_engine-windows-master/42073/ : FAILURE

Failure of an engine_testapp test:

<pre>
Running [0022/0093]: test producer stream request (full)...(32 ms) OK


99% tests passed, 1 tests failed out of 419

Total Test time (real) = 348.04 sec

The following tests FAIL
</pre>
 ( http://cv.jenkins.couchbase.com/job/kv_engine-windows-master/42073/ )

Timeout of a CTest test 419/419 Test #289: ep_testsuite_dcp.ephemeral.comp_active ........................................................................................} ( http://cv.jenkins.couchbase.com/job/kv_engine-windows-master/42073/ )

http://cv.jenkins.couchbase.com/job/kv_engine-clang_analyzer-master/35667/ : SUCCESS

http://cv.jenkins.couchbase.com/job/kv_engine-clang_tidy-master/14202/ : SUCCESS

http://cv.jenkins.couchbase.com/job/kv_engine-clang_format_9/13008/ : SUCCESS

http://cv.jenkins.couchbase.com/job/kv_engine.macos/job/master/14997/ : SUCCESS

http://cv.jenkins.couchbase.com/job/kv_engine.aarch64-linux/job/master/3909/ : SUCCESS

http://cv.jenkins.couchbase.com/job/kv_engine.libFuzzer/job/master/3833/ : SUCCESS

http://cv.jenkins.couchbase.com/job/kv_engine.linux-CE/job/master/15825/ : SUCCESS

http://cv.jenkins.couchbase.com/job/kv_engine.ASan-UBSan/job/master/24205/ : SUCCESS

http://cv.jenkins.couchbase.com/job/kv_engine.linux/job/master/16111/ : SUCCESS

http://cv.jenkins.couchbase.com/job/kv_engine.threadsanitizer/job/master/16862/ : SUCCESS
----------------------------------------------------------------------------------------------------------------------
Author: Build Bot
Date: 2021-11-29 14:34:36.000000000
Message: 
Patch Set 7: Verified+1

Build Successful 

http://cv.jenkins.couchbase.com/job/kv_engine-clang_analyzer-master/35667/ : SUCCESS

http://cv.jenkins.couchbase.com/job/kv_engine-clang_tidy-master/14202/ : SUCCESS

http://cv.jenkins.couchbase.com/job/kv_engine-clang_format_9/13008/ : SUCCESS

http://cv.jenkins.couchbase.com/job/kv_engine.macos/job/master/14997/ : SUCCESS

http://cv.jenkins.couchbase.com/job/kv_engine.aarch64-linux/job/master/3909/ : SUCCESS

http://cv.jenkins.couchbase.com/job/kv_engine.libFuzzer/job/master/3833/ : SUCCESS

http://cv.jenkins.couchbase.com/job/kv_engine.linux-CE/job/master/15825/ : SUCCESS

http://cv.jenkins.couchbase.com/job/kv_engine.ASan-UBSan/job/master/24205/ : SUCCESS

http://cv.jenkins.couchbase.com/job/kv_engine.linux/job/master/16111/ : SUCCESS

http://cv.jenkins.couchbase.com/job/kv_engine.threadsanitizer/job/master/16862/ : SUCCESS

http://cv.jenkins.couchbase.com/job/kv_engine-windows-master/42088/ : SUCCESS
----------------------------------------------------------------------------------------------------------------------
Author: Dave Rigby
Date: 2021-12-02 12:54:53.000000000
Message: 
Patch Set 7: Code-Review+2
----------------------------------------------------------------------------------------------------------------------
