======================================================================================================================
DESCRIPTION:

Forward merge neo to master

* couchbase/neo:
  MB-51860: Don't try to create log directory in constructor
  MB-51530: BP[MB47904] Always look up SID/CID when EUID is used
  MB-51612: Ensure GetClusterConfig/NMVB sends config in mixed clusters

Change-Id: Ib40d5ca758b80a7c5f59a965cf5cbd82129b6940

======================================================================================================================
COMMENTS
======================================================================================================================
Author: Trond Norbye
Date: 2022-04-22 09:04:06.000000000
Message: 
Uploaded patch set 1.
----------------------------------------------------------------------------------------------------------------------
Author: Build Bot
Date: 2022-04-22 10:09:10.000000000
Message: 
Patch Set 1: Verified-1

Build Failed 

http://cv.jenkins.couchbase.com/job/kv_engine-windows-master/45503/ : FAILURE

Failure of an engine_testapp test:

<pre>
Running [39/93]: test failover scenario one with dcp...(117 ms) OK


99% tests passed, 1 tests failed out of 427

Total Test time (real) = 376.76 sec

The following tests FAIL
</pre>
 ( http://cv.jenkins.couchbase.com/job/kv_engine-windows-master/45503/ )

Timeout of a CTest test 427/427 Test #296: ep_testsuite_dcp.value_eviction.magma ...................................................................} ( http://cv.jenkins.couchbase.com/job/kv_engine-windows-master/45503/ )

http://cv.jenkins.couchbase.com/job/kv_engine.aarch64-linux/job/master/6616/ : FAILURE

http://cv.jenkins.couchbase.com/job/kv_engine.linux/job/master/18998/ : FAILURE

Timeout of a CTest test [2022-04-22T09:34:10.779Z]  11/447 Test #251: ep-engine_ep_unit_tests.EphemeralOrPersistent/STItemPagerTest ...........................................} ( http://cv.jenkins.couchbase.com/job/kv_engine.linux/job/master/18998/ )

http://cv.jenkins.couchbase.com/job/kv_engine-clang_analyzer-master/38229/ : SUCCESS

http://cv.jenkins.couchbase.com/job/kv_engine-clang_tidy-master/16874/ : SUCCESS

http://cv.jenkins.couchbase.com/job/kv_engine-clang_format_9/15842/ : SUCCESS

http://cv.jenkins.couchbase.com/job/kv_engine.macos/job/master/17756/ : SUCCESS

http://cv.jenkins.couchbase.com/job/kv_engine.libFuzzer/job/master/6532/ : SUCCESS

http://cv.jenkins.couchbase.com/job/kv_engine.linux-CE/job/master/18658/ : SUCCESS

http://cv.jenkins.couchbase.com/job/kv_engine.threadsanitizer/job/master/19697/ : SUCCESS

http://cv.jenkins.couchbase.com/job/kv_engine.ASan-UBSan/job/master/27067/ : SUCCESS
----------------------------------------------------------------------------------------------------------------------
Author: Build Bot
Date: 2022-04-22 10:36:42.000000000
Message: 
Patch Set 1:

Build Failed 

http://cv.jenkins.couchbase.com/job/kv_engine-windows-master/45511/ : FAILURE

Failure of an engine_testapp test:

<pre>
Running [54/159]: stats curr_items ADD SET...(117 ms) OK


99% tests passed, 2 tests failed out of 427

Total Test time (real) = 700.77 sec

The following tests FAIL
</pre>
 ( http://cv.jenkins.couchbase.com/job/kv_engine-windows-master/45511/ )

Timeout of a CTest test 426/427 Test #275: ep_testsuite.value_eviction.comp_active .................................................................} ( http://cv.jenkins.couchbase.com/job/kv_engine-windows-master/45511/ )

http://cv.jenkins.couchbase.com/job/kv_engine.aarch64-linux/job/master/6624/ : FAILURE

No problems were identified. If you know why this problem occurred, please add a suitable Cause for it. ( http://cv.jenkins.couchbase.com/job/kv_engine.aarch64-linux/job/master/6624/ )

http://cv.jenkins.couchbase.com/job/kv_engine-clang_analyzer-master/38229/ : SUCCESS

http://cv.jenkins.couchbase.com/job/kv_engine-clang_tidy-master/16874/ : SUCCESS

http://cv.jenkins.couchbase.com/job/kv_engine-clang_format_9/15842/ : SUCCESS

http://cv.jenkins.couchbase.com/job/kv_engine.macos/job/master/17756/ : SUCCESS

http://cv.jenkins.couchbase.com/job/kv_engine.libFuzzer/job/master/6532/ : SUCCESS

http://cv.jenkins.couchbase.com/job/kv_engine.linux-CE/job/master/18658/ : SUCCESS

http://cv.jenkins.couchbase.com/job/kv_engine.linux/job/master/19006/ : SUCCESS

http://cv.jenkins.couchbase.com/job/kv_engine.threadsanitizer/job/master/19697/ : SUCCESS

http://cv.jenkins.couchbase.com/job/kv_engine.ASan-UBSan/job/master/27067/ : SUCCESS
----------------------------------------------------------------------------------------------------------------------
Author: Trond Norbye
Date: 2022-04-22 10:47:33.000000000
Message: 
Patch Set 1: Verified+1

(1 comment)
File Comment: /PATCHSET_LEVEL -> Override failing CV (aarch64 CV setup is currently broken, and windows fail in magma tests). This is a "clean" forward merge from neo where it passed on all platforms... Not fully "clean" as testapp_audit.cc had another unit test at the end of the file so I had to resolve the conflict by keeping both.
----------------------------------------------------------------------------------------------------------------------
Author: Trond Norbye
Date: 2022-04-22 10:47:36.000000000
Message: 
Removed Verified-1 by <GERRIT_ACCOUNT_1000011>

----------------------------------------------------------------------------------------------------------------------
Author: Dave Rigby
Date: 2022-04-22 10:48:33.000000000
Message: 
Patch Set 1: Code-Review+2
----------------------------------------------------------------------------------------------------------------------
Author: Trond Norbye
Date: 2022-04-22 11:35:16.000000000
Message: 
Change has been successfully merged
----------------------------------------------------------------------------------------------------------------------
Author: Build Bot
Date: 2022-04-22 11:36:15.000000000
Message: 
Patch Set 1:

Build Started http://cv.jenkins.couchbase.com/job/kv_engine-post-commit-TSan-master/7124/ (1/2)
----------------------------------------------------------------------------------------------------------------------
Author: Build Bot
Date: 2022-04-22 11:36:16.000000000
Message: 
Patch Set 1:

Build Started http://cv.jenkins.couchbase.com/job/kv_engine-post-commit-master/10967/ (2/2)
----------------------------------------------------------------------------------------------------------------------
Author: Build Bot
Date: 2022-04-22 12:12:33.000000000
Message: 
Patch Set 1:

Build Successful 

http://cv.jenkins.couchbase.com/job/kv_engine-post-commit-TSan-master/7124/ : SUCCESS

http://cv.jenkins.couchbase.com/job/kv_engine-post-commit-master/10967/ : SUCCESS'
----------------------------------------------------------------------------------------------------------------------
