======================================================================================================================
DESCRIPTION:

MB-36377: Add and use RocksDBKVStoreTransactionContext

Add a RocksDBKVStoreTransactionContext and use it to hold the
pending requests instead of the member in RocksDBKVStore.

Change-Id: I0c881d25ed0b207c623432e14c1f4e0dc6d8f149

======================================================================================================================
COMMENTS
======================================================================================================================
Author: Ben Huddleston
Date: 2021-07-29 11:40:21.000000000
Message: 
Uploaded patch set 4.
----------------------------------------------------------------------------------------------------------------------
Author: Build Bot
Date: 2021-07-29 12:47:04.000000000
Message: 
Patch Set 4: Verified-1

Build Failed 

http://cv.jenkins.couchbase.com/job/kv_engine-windows-master/38155/ : FAILURE

Failure of an engine_testapp test:

<pre>
Running [0145/0157]: test_MB-19687_fixed...W0729 05:04:30.033043 68416 HazptrDomain.h:670] Using the default inline executor for asynchronous reclamation may be susceptible to deadlock if the current thread happens to hold a resource needed by the deleter of a reclaimable object


99% tests passed, 2 tests failed out of 402

Total Test time (real) = 643.35 sec

The following tests FAIL
</pre>
 ( http://cv.jenkins.couchbase.com/job/kv_engine-windows-master/38155/ )

Timeout of a CTest test 401/402 Test #250: ep_testsuite.value_eviction.comp_passive ......................................................................................} ( http://cv.jenkins.couchbase.com/job/kv_engine-windows-master/38155/ )

http://cv.jenkins.couchbase.com/job/kv_engine.threadsanitizer/job/master/13063/ : FAILURE

http://cv.jenkins.couchbase.com/job/kv_engine-clang_format_9/9600/ : SUCCESS

http://cv.jenkins.couchbase.com/job/kv_engine-clang_tidy-master/10936/ : SUCCESS

http://cv.jenkins.couchbase.com/job/kv_engine-clang_analyzer-master/32532/ : SUCCESS

http://cv.jenkins.couchbase.com/job/kv_engine.linux/job/master/12711/ : SUCCESS

http://cv.jenkins.couchbase.com/job/kv_engine.ASan-UBSan/job/master/20612/ : SUCCESS

http://cv.jenkins.couchbase.com/job/kv_engine.aarch64-linux/job/master/545/ : SUCCESS

http://cv.jenkins.couchbase.com/job/kv_engine.libFuzzer/job/master/559/ : SUCCESS

http://cv.jenkins.couchbase.com/job/kv_engine.macos/job/master/11645/ : SUCCESS

http://cv.jenkins.couchbase.com/job/kv_engine.linux-CE/job/master/12530/ : SUCCESS
----------------------------------------------------------------------------------------------------------------------
Author: Build Bot
Date: 2021-07-29 13:39:07.000000000
Message: 
Patch Set 4:

Build Failed 

http://cv.jenkins.couchbase.com/job/kv_engine.threadsanitizer/job/master/13067/ : FAILURE

http://cv.jenkins.couchbase.com/job/kv_engine-windows-master/38161/ : FAILURE

Failure of an engine_testapp test:

<pre>
Running [0062/0157]: ep worker stats...(55 ms) SKIPPED


99% tests passed, 1 tests failed out of 402

Total Test time (real) = 634.52 sec

The following tests FAIL
</pre>
 ( http://cv.jenkins.couchbase.com/job/kv_engine-windows-master/38161/ )

Timeout of a CTest test 402/402 Test #251: ep_testsuite.value_eviction.comp_active .......................................................................................} ( http://cv.jenkins.couchbase.com/job/kv_engine-windows-master/38161/ )

http://cv.jenkins.couchbase.com/job/kv_engine-clang_format_9/9600/ : SUCCESS

http://cv.jenkins.couchbase.com/job/kv_engine-clang_tidy-master/10936/ : SUCCESS

http://cv.jenkins.couchbase.com/job/kv_engine-clang_analyzer-master/32532/ : SUCCESS

http://cv.jenkins.couchbase.com/job/kv_engine.linux/job/master/12711/ : SUCCESS

http://cv.jenkins.couchbase.com/job/kv_engine.ASan-UBSan/job/master/20612/ : SUCCESS

http://cv.jenkins.couchbase.com/job/kv_engine.aarch64-linux/job/master/545/ : SUCCESS

http://cv.jenkins.couchbase.com/job/kv_engine.libFuzzer/job/master/559/ : SUCCESS

http://cv.jenkins.couchbase.com/job/kv_engine.macos/job/master/11645/ : SUCCESS

http://cv.jenkins.couchbase.com/job/kv_engine.linux-CE/job/master/12530/ : SUCCESS
----------------------------------------------------------------------------------------------------------------------
Author: Build Bot
Date: 2021-07-29 14:49:11.000000000
Message: 
Patch Set 4:

Build Failed 

http://cv.jenkins.couchbase.com/job/kv_engine-windows-master/38162/ : FAILURE

Failure of an engine_testapp test:

<pre>
Running [0110/0157]: test sync vbucket destroy restart...(104 ms) OK


99% tests passed, 1 tests failed out of 402

Total Test time (real) = 628.16 sec

The following tests FAIL
</pre>
 ( http://cv.jenkins.couchbase.com/job/kv_engine-windows-master/38162/ )

Timeout of a CTest test 402/402 Test #251: ep_testsuite.value_eviction.comp_active .......................................................................................} ( http://cv.jenkins.couchbase.com/job/kv_engine-windows-master/38162/ )

http://cv.jenkins.couchbase.com/job/kv_engine.threadsanitizer/job/master/13069/ : FAILURE

Failure of an engine_testapp test:

<pre>
Running [0015/0093]: test dcp replica stream one collection with mutations just from disk...../kv_engine/engines/ep/tests/ep_testsuite_dcp.cc:717 Test failed: `" (Expected `414", got `390" - Buffer Size did not get set correctly)
[2021-07-29T14:32:07.175Z] (26595 ms) FAIL
</pre>
 ( http://cv.jenkins.couchbase.com/job/kv_engine.threadsanitizer/job/master/13069/ )

http://cv.jenkins.couchbase.com/job/kv_engine-clang_format_9/9600/ : SUCCESS

http://cv.jenkins.couchbase.com/job/kv_engine-clang_tidy-master/10936/ : SUCCESS

http://cv.jenkins.couchbase.com/job/kv_engine-clang_analyzer-master/32532/ : SUCCESS

http://cv.jenkins.couchbase.com/job/kv_engine.linux/job/master/12711/ : SUCCESS

http://cv.jenkins.couchbase.com/job/kv_engine.ASan-UBSan/job/master/20612/ : SUCCESS

http://cv.jenkins.couchbase.com/job/kv_engine.aarch64-linux/job/master/545/ : SUCCESS

http://cv.jenkins.couchbase.com/job/kv_engine.libFuzzer/job/master/559/ : SUCCESS

http://cv.jenkins.couchbase.com/job/kv_engine.macos/job/master/11645/ : SUCCESS

http://cv.jenkins.couchbase.com/job/kv_engine.linux-CE/job/master/12530/ : SUCCESS
----------------------------------------------------------------------------------------------------------------------
Author: Dave Rigby
Date: 2021-07-29 15:03:21.000000000
Message: 
Patch Set 4: Code-Review-1

(1 comment)
Line:556, engines/ep/src/rocksdb-kvstore/rocksdb-kvstore.h -> Didn't follow this comment.

----------------------------------------------------------------------------------------------------------------------
Author: Ben Huddleston
Date: 2021-07-29 16:49:19.000000000
MISMATCHED INLINE COMMENT
Line:556, engines/ep/src/rocksdb-kvstore/rocksdb-kvstore.h -> Oops, forgot to finish it.
----------------------------------------------------------------------------------------------------------------------
