======================================================================================================================
DESCRIPTION:

MB-55269: replace couchKVStore in CouchstoreBucketTest teardown

To ensure that teardown can correctly call couchstore ops.

Change-Id: Ia724825c43041afe2eb45192e420c64b63dc50ef

======================================================================================================================
COMMENTS
======================================================================================================================
Author: Peter Searby
Date: 2023-02-16 21:52:55.000000000
Message: 
Uploaded patch set 3: Patch Set 2 was rebased.
----------------------------------------------------------------------------------------------------------------------
Author: Restriction Checker
Date: 2023-02-16 21:53:07.000000000
Message: 
Patch Set 3: Well-Formed+1

Permission granted to commit: 

https://server.jenkins.couchbase.com/job/restricted-branch-check/338431/artifact/restricted.html : SUCCESS
----------------------------------------------------------------------------------------------------------------------
Author: Build Bot
Date: 2023-02-16 22:37:19.000000000
Message: 
Patch Set 3: Verified-1

Build Failed 

https://cv.jenkins.couchbase.com/job/kv_engine-windows-neo/1413/ : FAILURE

Failure of an engine_testapp test:

<pre>
Running [30/160]: test bloomfilters with store apis...(53 ms) SKIPPED


99% tests passed, 1 tests failed out of 433

Total Test time (real) = 789.82 sec

The following tests FAIL
</pre>
 ( https://cv.jenkins.couchbase.com/job/kv_engine-windows-neo/1413/ )

Timeout of a CTest test 433/433 Test #287: ep_testsuite.ephemeral.comp_active ............................................................................................} ( https://cv.jenkins.couchbase.com/job/kv_engine-windows-neo/1413/ )

https://cv.jenkins.couchbase.com/job/kv_engine.ASan-UBSan/job/neo/1194/ : FAILURE

Failure of GoogleTest "TransportProtocols/XattrTest.mb25928_SystemCantExceedSystemLimit/Mcbp_XattrYes_JsonYes_SnappyYes":

<pre>
[ RUN      ] TransportProtocols/XattrTest.mb25928_SystemCantExceedSystemLimit/Mcbp_XattrYes_JsonYes_SnappyYes
[2023-02-16T22:04:18.463Z] unknown file: Failure
[2023-02-16T22:04:18.463Z] C++ exception with description "Failed to store TransportProtocols_XattrTest_mb25928_SystemCantExceedSystemLimit_Mcbp_XattrYes_JsonYes_SnappyYes: Temporary failure (134)" thrown in SetUp().
[2023-02-16T22:04:18.463Z] [  FAILED  ] TransportProtocols/XattrTest.mb25928_SystemCantExceedSystemLimit/Mcbp_XattrYes_JsonYes_SnappyYes, where GetParam() = (Mcbp, XattrYes, 4-byte object <00-00 00-00>, 4-byte object <00-00 00-00>) (4 ms)
TransportProtocols/XattrTest.mb25928_SystemCantExceedSystemLimit/Mcbp_XattrYes_JsonYes_SnappyYes
</pre>
 ( https://cv.jenkins.couchbase.com/job/kv_engine.ASan-UBSan/job/neo/1194/ )

https://cv.jenkins.couchbase.com/job/kv_engine-clang_tidy-neo/1176/ : SUCCESS

https://cv.jenkins.couchbase.com/job/kv_engine-clang_analyzer-neo/1138/ : SUCCESS

https://cv.jenkins.couchbase.com/job/kv_engine-clang_format_9/22774/ : SUCCESS

https://cv.jenkins.couchbase.com/job/kv_engine.linux/job/neo/1193/ : SUCCESS

https://cv.jenkins.couchbase.com/job/kv_engine.linux-CE/job/neo/1203/ : SUCCESS

https://cv.jenkins.couchbase.com/job/kv_engine.macos/job/neo/1532/ : SUCCESS

https://cv.jenkins.couchbase.com/job/kv_engine.threadsanitizer/job/neo/1201/ : SUCCESS

https://cv.jenkins.couchbase.com/job/kv_engine.libFuzzer/job/neo/1167/ : SUCCESS

https://cv.jenkins.couchbase.com/job/kv_engine.aarch64-linux/job/neo/1205/ : SUCCESS
----------------------------------------------------------------------------------------------------------------------
Author: Build Bot
Date: 2023-02-17 10:27:33.000000000
Message: 
Patch Set 3:

Build Failed 

https://cv.jenkins.couchbase.com/job/kv_engine-windows-neo/1427/ : FAILURE

Failure of an engine_testapp test:

<pre>
Running [67/93]: dcp last items purged...(5135 ms) OK


99% tests passed, 2 tests failed out of 433

Total Test time (real) = 417.48 sec

The following tests FAIL
</pre>
 ( https://cv.jenkins.couchbase.com/job/kv_engine-windows-neo/1427/ )

Timeout of a CTest test 432/433 Test #295: ep_testsuite_basic.ephemeral.comp_active ......................................................................................} ( https://cv.jenkins.couchbase.com/job/kv_engine-windows-neo/1427/ )

https://cv.jenkins.couchbase.com/job/kv_engine-clang_tidy-neo/1176/ : SUCCESS

https://cv.jenkins.couchbase.com/job/kv_engine-clang_analyzer-neo/1138/ : SUCCESS

https://cv.jenkins.couchbase.com/job/kv_engine-clang_format_9/22774/ : SUCCESS

https://cv.jenkins.couchbase.com/job/kv_engine.linux/job/neo/1193/ : SUCCESS

https://cv.jenkins.couchbase.com/job/kv_engine.linux-CE/job/neo/1203/ : SUCCESS

https://cv.jenkins.couchbase.com/job/kv_engine.macos/job/neo/1532/ : SUCCESS

https://cv.jenkins.couchbase.com/job/kv_engine.threadsanitizer/job/neo/1201/ : SUCCESS

https://cv.jenkins.couchbase.com/job/kv_engine.libFuzzer/job/neo/1167/ : SUCCESS

https://cv.jenkins.couchbase.com/job/kv_engine.aarch64-linux/job/neo/1205/ : SUCCESS

https://cv.jenkins.couchbase.com/job/kv_engine.ASan-UBSan/job/neo/1206/ : SUCCESS
----------------------------------------------------------------------------------------------------------------------
Author: Build Bot
Date: 2023-02-17 11:15:31.000000000
Message: 
Patch Set 3:

Build Failed 

https://cv.jenkins.couchbase.com/job/kv_engine-windows-neo/1429/ : FAILURE

Failure of an engine_testapp test:

<pre>
Running [142/160]: test hlc cas...(73 ms) OK


99% tests passed, 1 tests failed out of 433

Total Test time (real) = 744.35 sec

The following tests FAIL
</pre>
 ( https://cv.jenkins.couchbase.com/job/kv_engine-windows-neo/1429/ )

Timeout of a CTest test 433/433 Test #282: ep_testsuite.value_eviction.comp_passive ......................................................................................} ( https://cv.jenkins.couchbase.com/job/kv_engine-windows-neo/1429/ )

https://cv.jenkins.couchbase.com/job/kv_engine-clang_tidy-neo/1176/ : SUCCESS

https://cv.jenkins.couchbase.com/job/kv_engine-clang_analyzer-neo/1138/ : SUCCESS

https://cv.jenkins.couchbase.com/job/kv_engine-clang_format_9/22774/ : SUCCESS

https://cv.jenkins.couchbase.com/job/kv_engine.linux/job/neo/1193/ : SUCCESS

https://cv.jenkins.couchbase.com/job/kv_engine.linux-CE/job/neo/1203/ : SUCCESS

https://cv.jenkins.couchbase.com/job/kv_engine.macos/job/neo/1532/ : SUCCESS

https://cv.jenkins.couchbase.com/job/kv_engine.threadsanitizer/job/neo/1201/ : SUCCESS

https://cv.jenkins.couchbase.com/job/kv_engine.libFuzzer/job/neo/1167/ : SUCCESS

https://cv.jenkins.couchbase.com/job/kv_engine.aarch64-linux/job/neo/1205/ : SUCCESS

https://cv.jenkins.couchbase.com/job/kv_engine.ASan-UBSan/job/neo/1206/ : SUCCESS
----------------------------------------------------------------------------------------------------------------------
Author: Build Bot
Date: 2023-02-17 11:58:18.000000000
Message: 
Patch Set 3: Verified+1

Build Successful 

https://cv.jenkins.couchbase.com/job/kv_engine-clang_tidy-neo/1176/ : SUCCESS

https://cv.jenkins.couchbase.com/job/kv_engine-clang_analyzer-neo/1138/ : SUCCESS

https://cv.jenkins.couchbase.com/job/kv_engine-clang_format_9/22774/ : SUCCESS

https://cv.jenkins.couchbase.com/job/kv_engine.linux/job/neo/1193/ : SUCCESS

https://cv.jenkins.couchbase.com/job/kv_engine.linux-CE/job/neo/1203/ : SUCCESS

https://cv.jenkins.couchbase.com/job/kv_engine.macos/job/neo/1532/ : SUCCESS

https://cv.jenkins.couchbase.com/job/kv_engine.threadsanitizer/job/neo/1201/ : SUCCESS

https://cv.jenkins.couchbase.com/job/kv_engine.libFuzzer/job/neo/1167/ : SUCCESS

https://cv.jenkins.couchbase.com/job/kv_engine.aarch64-linux/job/neo/1205/ : SUCCESS

https://cv.jenkins.couchbase.com/job/kv_engine.ASan-UBSan/job/neo/1206/ : SUCCESS

https://cv.jenkins.couchbase.com/job/kv_engine-windows-neo/1438/ : SUCCESS
----------------------------------------------------------------------------------------------------------------------
Author: Vesko Karaganev
Date: 2023-02-17 12:12:02.000000000
Message: 
Patch Set 3: Code-Review+2
----------------------------------------------------------------------------------------------------------------------
