======================================================================================================================
DESCRIPTION:

MB-23898: skip get() call if KeyOnly is true

Previously we would retrieve the value of a key even if the stream
was key only. Instead, check if this is the case, and skip the retrieval
 if the key is not a SystemEvent (which still requires the value).

Also add unit-testing for this.

Change-Id: I6bdc567cd2c983ee5ef67f4064ba1198776cf487

======================================================================================================================
COMMENTS
======================================================================================================================
Author: Douglas
Date: 2022-03-09 17:22:05.000000000
Message: 
Uploaded patch set 6.
----------------------------------------------------------------------------------------------------------------------
Author: Build Bot
Date: 2022-03-09 17:23:22.000000000
Message: 
Patch Set 6: Verified+1 Code-Review+1

Build Successful 

http://cv.jenkins.couchbase.com/job/kv_engine-clang_tidy-master/15960/ : SUCCESS

http://cv.jenkins.couchbase.com/job/kv_engine-clang_format_9/14854/ : SUCCESS
----------------------------------------------------------------------------------------------------------------------
Author: Douglas
Date: 2022-03-09 17:23:28.000000000
Message: 
Removed Code-Review-2 by <GERRIT_ACCOUNT_1004851>

----------------------------------------------------------------------------------------------------------------------
Author: Douglas
Date: 2022-03-09 17:23:52.000000000
Message: 
Set Ready For Review
----------------------------------------------------------------------------------------------------------------------
Author: Douglas
Date: 2022-03-09 17:24:24.000000000
Message: 
Patch Set 6:

(3 comments)
----------------------------------------------------------------------------------------------------------------------
Author: Douglas
Date: 2022-03-09 17:28:32.000000000
Message: 
Patch Set 6:

(1 comment)
----------------------------------------------------------------------------------------------------------------------
Author: Build Bot
Date: 2022-03-09 17:55:14.000000000
Message: 
Patch Set 6: Verified-1 -Code-Review

Build Failed 

http://cv.jenkins.couchbase.com/job/kv_engine-windows-master/44392/ : FAILURE

Failure of an engine_testapp test:

<pre>
Running [23/93]: test producer stream request (backfill)...(233 ms) OK


99% tests passed, 3 tests failed out of 423

Total Test time (real) = 381.62 sec

The following tests FAIL
</pre>
 ( http://cv.jenkins.couchbase.com/job/kv_engine-windows-master/44392/ )

Failure of GoogleTest "TransportProtocols/XattrTest.MB_28524_TestReplaceWithXattrUncompressed/Mcbp_XattrYes_JsonYes_SnappyYes":

<pre>
[ RUN      ] TransportProtocols/XattrTest.MB_28524_TestReplaceWithXattrUncompressed/Mcbp_XattrYes_JsonYes_SnappyYes
unknown file: error: C++ exception with description "Failed to store TransportProtocols_XattrTest_MB_28524_TestReplaceWithXattrUncompressed_Mcbp_XattrYes_JsonYes_SnappyYes: Temporary failure (134)" thrown in SetUp().
[  FAILED  ] TransportProtocols/XattrTest.MB_28524_TestReplaceWithXattrUncompressed/Mcbp_XattrYes_JsonYes_SnappyYes, where GetParam() = (Mcbp, XattrYes, 4-byte object <00-00 00-00>, 4-byte object <00-00 00-00>) (3 ms)
TransportProtocols/XattrTest.MB_28524_TestReplaceWithXattrUncompressed/Mcbp_XattrYes_JsonYes_SnappyYes
</pre>
 ( http://cv.jenkins.couchbase.com/job/kv_engine-windows-master/44392/ )

Timeout of a CTest test 423/423 Test #291: ep_testsuite_dcp.full_eviction.comp_active ....................................................................................} ( http://cv.jenkins.couchbase.com/job/kv_engine-windows-master/44392/ )

http://cv.jenkins.couchbase.com/job/kv_engine.threadsanitizer/job/master/18760/ : SUCCESS

http://cv.jenkins.couchbase.com/job/kv_engine.aarch64-linux/job/master/5675/ : SUCCESS

http://cv.jenkins.couchbase.com/job/kv_engine.ASan-UBSan/job/master/26134/ : SUCCESS

http://cv.jenkins.couchbase.com/job/kv_engine.linux/job/master/18054/ : SUCCESS

http://cv.jenkins.couchbase.com/job/kv_engine.linux-CE/job/master/17728/ : SUCCESS

http://cv.jenkins.couchbase.com/job/kv_engine.macos/job/master/16797/ : SUCCESS

http://cv.jenkins.couchbase.com/job/kv_engine.libFuzzer/job/master/5616/ : SUCCESS
----------------------------------------------------------------------------------------------------------------------
Author: Build Bot
Date: 2022-03-09 18:25:29.000000000
Message: 
Patch Set 6:

Build Failed 

http://cv.jenkins.couchbase.com/job/kv_engine-windows-master/44393/ : FAILURE

Failure of an engine_testapp test:

<pre>
Running [142/159]: test hlc cas...(15 ms) OK


99% tests passed, 2 tests failed out of 423

Total Test time (real) = 681.14 sec

The following tests FAIL
</pre>
 ( http://cv.jenkins.couchbase.com/job/kv_engine-windows-master/44393/ )

Timeout of a CTest test 422/423 Test #288: ep_testsuite_dcp.value_eviction.comp_passive ..................................................................................} ( http://cv.jenkins.couchbase.com/job/kv_engine-windows-master/44393/ )

http://cv.jenkins.couchbase.com/job/kv_engine.threadsanitizer/job/master/18760/ : SUCCESS

http://cv.jenkins.couchbase.com/job/kv_engine.aarch64-linux/job/master/5675/ : SUCCESS

http://cv.jenkins.couchbase.com/job/kv_engine.ASan-UBSan/job/master/26134/ : SUCCESS

http://cv.jenkins.couchbase.com/job/kv_engine.linux/job/master/18054/ : SUCCESS

http://cv.jenkins.couchbase.com/job/kv_engine.linux-CE/job/master/17728/ : SUCCESS

http://cv.jenkins.couchbase.com/job/kv_engine.macos/job/master/16797/ : SUCCESS

http://cv.jenkins.couchbase.com/job/kv_engine.libFuzzer/job/master/5616/ : SUCCESS
----------------------------------------------------------------------------------------------------------------------
Author: Build Bot
Date: 2022-03-09 19:05:20.000000000
Message: 
Patch Set 6:

Build Failed 

http://cv.jenkins.couchbase.com/job/kv_engine-windows-master/44394/ : FAILURE

Failure of GoogleTest "PiTR_Test.MB51007":

<pre>
[ RUN      ] PiTR_Test.MB51007
2022-03-09T11:04:52.138857-08:00 ERROR (MB51007) CouchKVStore::compactDB: exception while performing compaction for vb:0 - Details: cb::couchstore::replay() - precommit hook Failed: document not found
2022-03-09T11:04:52.139220-08:00 ERROR (MB51007) EPBucket::compactInternal: compaction failed for vb:0
C:/Jenkins/workspace/kv_engine-windows-master/kv_engine/tests/testapp_cluster/pitr_tests.cc(55): error: Value of: rsp.isSuccess()
  Actual: false
Expected: true
Compaction failed for some reason: Internal error

WARNING: Logging before InitGoogleLogging() is written to STDERR
W0309 11:04:53.204485 111212 HazptrDomain.h:670] Using the default inline executor for asynchronous reclamation may be susceptible to deadlock if the current thread happens to hold a resource needed by the deleter of a reclaimable object
WARNING: Logging before InitGoogleLogging() is written to STDERR
W0309 11:04:54.713511 19020 HazptrDomain.h:670] Using the default inline executor for asynchronous reclamation may be susceptible to deadlock if the current thread happens to hold a resource needed by the deleter of a reclaimable object
WARNING: Logging before InitGoogleLogging() is written to STDERR
W0309 11:04:54.760529 79568 HazptrDomain.h:670] Using the default inline executor for asynchronous reclamation may be susceptible to deadlock if the current thread happens to hold a resource needed by the deleter of a reclaimable object
C:/Jenkins/workspace/kv_engine-windows-master/kv_engine/tests/testapp_cluster/pitr_tests.cc(80): error: Expected: (10) <= (num_compaction), actual: 10 vs 0
Expected at least 10 compactions
[  FAILED  ] PiTR_Test.MB51007 (10357 ms)
PiTR_Test.MB51007
</pre>
 ( http://cv.jenkins.couchbase.com/job/kv_engine-windows-master/44394/ )

http://cv.jenkins.couchbase.com/job/kv_engine.threadsanitizer/job/master/18760/ : SUCCESS

http://cv.jenkins.couchbase.com/job/kv_engine.aarch64-linux/job/master/5675/ : SUCCESS

http://cv.jenkins.couchbase.com/job/kv_engine.ASan-UBSan/job/master/26134/ : SUCCESS

http://cv.jenkins.couchbase.com/job/kv_engine.linux/job/master/18054/ : SUCCESS

http://cv.jenkins.couchbase.com/job/kv_engine.linux-CE/job/master/17728/ : SUCCESS

http://cv.jenkins.couchbase.com/job/kv_engine.macos/job/master/16797/ : SUCCESS

http://cv.jenkins.couchbase.com/job/kv_engine.libFuzzer/job/master/5616/ : SUCCESS
----------------------------------------------------------------------------------------------------------------------
Author: Build Bot
Date: 2022-03-09 21:03:10.000000000
Message: 
Patch Set 6:

Build Failed 

http://cv.jenkins.couchbase.com/job/kv_engine-windows-master/44401/ : FAILURE

Failure of an engine_testapp test:

<pre>
Running [67/159]: test restart...W0309 12:55:58.964522 119572 HazptrDomain.h:670] Using the default inline executor for asynchronous reclamation may be susceptible to deadlock if the current thread happens to hold a resource needed by the deleter of a reclaimable object


99% tests passed, 1 tests failed out of 423

Total Test time (real) = 683.81 sec

The following tests FAIL
</pre>
 ( http://cv.jenkins.couchbase.com/job/kv_engine-windows-master/44401/ )

Timeout of a CTest test 423/423 Test #278: ep_testsuite.value_eviction.magma .............................................................................................} ( http://cv.jenkins.couchbase.com/job/kv_engine-windows-master/44401/ )

http://cv.jenkins.couchbase.com/job/kv_engine.threadsanitizer/job/master/18760/ : SUCCESS

http://cv.jenkins.couchbase.com/job/kv_engine.aarch64-linux/job/master/5675/ : SUCCESS

http://cv.jenkins.couchbase.com/job/kv_engine.ASan-UBSan/job/master/26134/ : SUCCESS

http://cv.jenkins.couchbase.com/job/kv_engine.linux/job/master/18054/ : SUCCESS

http://cv.jenkins.couchbase.com/job/kv_engine.linux-CE/job/master/17728/ : SUCCESS

http://cv.jenkins.couchbase.com/job/kv_engine.macos/job/master/16797/ : SUCCESS

http://cv.jenkins.couchbase.com/job/kv_engine.libFuzzer/job/master/5616/ : SUCCESS
----------------------------------------------------------------------------------------------------------------------
Author: Build Bot
Date: 2022-03-10 09:49:58.000000000
Message: 
Patch Set 6:

Build Failed 

http://cv.jenkins.couchbase.com/job/kv_engine-windows-master/44402/ : FAILURE

Failure of an engine_testapp test:

<pre>
Running [85/159]: vbucket replace (dead)...(20 ms) OK


99% tests passed, 1 tests failed out of 423

Total Test time (real) = 681.12 sec

The following tests FAIL
</pre>
 ( http://cv.jenkins.couchbase.com/job/kv_engine-windows-master/44402/ )

Timeout of a CTest test 423/423 Test #277: ep_testsuite.ephemeral.comp_active ............................................................................................} ( http://cv.jenkins.couchbase.com/job/kv_engine-windows-master/44402/ )

http://cv.jenkins.couchbase.com/job/kv_engine.threadsanitizer/job/master/18760/ : SUCCESS

http://cv.jenkins.couchbase.com/job/kv_engine.aarch64-linux/job/master/5675/ : SUCCESS

http://cv.jenkins.couchbase.com/job/kv_engine.ASan-UBSan/job/master/26134/ : SUCCESS

http://cv.jenkins.couchbase.com/job/kv_engine.linux/job/master/18054/ : SUCCESS

http://cv.jenkins.couchbase.com/job/kv_engine.linux-CE/job/master/17728/ : SUCCESS

http://cv.jenkins.couchbase.com/job/kv_engine.macos/job/master/16797/ : SUCCESS

http://cv.jenkins.couchbase.com/job/kv_engine.libFuzzer/job/master/5616/ : SUCCESS
----------------------------------------------------------------------------------------------------------------------
Author: Build Bot
Date: 2022-03-10 10:09:40.000000000
Message: 
Patch Set 6: Verified+1

Build Successful 

http://cv.jenkins.couchbase.com/job/kv_engine.threadsanitizer/job/master/18760/ : SUCCESS

http://cv.jenkins.couchbase.com/job/kv_engine.aarch64-linux/job/master/5675/ : SUCCESS

http://cv.jenkins.couchbase.com/job/kv_engine.ASan-UBSan/job/master/26134/ : SUCCESS

http://cv.jenkins.couchbase.com/job/kv_engine.linux/job/master/18054/ : SUCCESS

http://cv.jenkins.couchbase.com/job/kv_engine.linux-CE/job/master/17728/ : SUCCESS

http://cv.jenkins.couchbase.com/job/kv_engine.macos/job/master/16797/ : SUCCESS

http://cv.jenkins.couchbase.com/job/kv_engine.libFuzzer/job/master/5616/ : SUCCESS

http://cv.jenkins.couchbase.com/job/kv_engine-windows-master/44403/ : SUCCESS
----------------------------------------------------------------------------------------------------------------------
Author: Jim Walker
Date: 2022-03-10 11:27:19.000000000
Message: 
Patch Set 6: Code-Review-1

(1 comment)
Line:86, engines/ep/src/dcp/backfill_disk.cc -> This parameter is the datatype, you should set it to PROTOCOL_BINARY_RAW_BYTES

----------------------------------------------------------------------------------------------------------------------
Author: Douglas
Date: 2022-03-10 12:02:12.000000000
MISMATCHED INLINE COMMENT
Line:86, engines/ep/src/dcp/backfill_disk.cc -> Done
----------------------------------------------------------------------------------------------------------------------
