======================================================================================================================
DESCRIPTION:

MB-52169: Revert initial fix for MB-51606

Since recent changes to notify persistence to ADM when vBucket is dead
(MB-51606), we attempt to update the ADM to account for the new
persisted seqno. This can cause a crash if there are ActiveSyncWrite
objects in trackedWrites which do not have any chain information.

* Revert "MB-51606: Fixup ADM state on transition to PDM"
  This reverts commit 3a16c9c3800ef883db73727716f909f513412821.

* Revert "MB-51606: Don't throw if PDM of dead vBucket tries to ack"
  This reverts commit 793e61741e893a87d7adaebb95857cdb4cbd2efc.

* Revert "MB-51606: Update seqno ack to send outside state lock"
  This reverts commit 6912b02bb8aad06eb439a071668a076a1a205ba4.

* Revert "MB-51606: Pass VB State lock to VBucket::sendSeqnoAck()"
  This reverts commit 8926882d82a402ee77aac869ebda4676b93ba280.

* Revert "MB-51606: Pass VB State lock to PDM::notifySnapshotEndReceived()"
  This reverts commit 0f32a5d174a4aecfacd8c057d33d0a6818b03715.

* Revert "MB-51606: Pass VB State lock to DM::notifyLocalPersistence()"
  This reverts commit 90245a1f6ddfb434aaefb6a6f871f3bfe4fca78b.

* Revert "MB-51606: Notify DM for persistence of dead vBuckets"
  This reverts commit 1135ed3fa589ab1024bf09e7a7bca7ac6f6106f8.

* Revert "MB-51606: Split setupConsumerAndPassiveStream fn into components"
  This reverts commit 4552aab557d0d18d9bce26d220b73723bf432c0f.

Change-Id: Ie0336e64edcfa2e1d2f9976e6f9187190d73b1d8

======================================================================================================================
COMMENTS
======================================================================================================================
Author: Dave Rigby
Date: 2022-05-24 13:50:38.000000000
Message: 
Uploaded patch set 1.
----------------------------------------------------------------------------------------------------------------------
Author: Restriction Checker
Date: 2022-05-24 13:50:49.000000000
Message: 
Patch Set 1: Well-Formed-1

Branch restricted. PLEASE READ this URL: 

http://server.jenkins.couchbase.com/job/restricted-branch-check/299917/artifact/restricted.html : FAILURE
----------------------------------------------------------------------------------------------------------------------
Author: Build Bot
Date: 2022-05-24 14:48:48.000000000
Message: 
Patch Set 1: Verified-1

Build Failed 

http://cv.jenkins.couchbase.com/job/kv_engine-windows-neo/280/ : FAILURE

Failure of an engine_testapp test:

<pre>
Running [49/93]: test full rollback on consumer...(181 ms) OK


99% tests passed, 1 tests failed out of 422

Total Test time (real) = 347.28 sec

The following tests FAIL
</pre>
 ( http://cv.jenkins.couchbase.com/job/kv_engine-windows-neo/280/ )

Timeout of a CTest test 422/422 Test #288: ep_testsuite_dcp.value_eviction.comp_active ...................................................................................} ( http://cv.jenkins.couchbase.com/job/kv_engine-windows-neo/280/ )

http://cv.jenkins.couchbase.com/job/kv_engine.macos/job/neo/281/ : FAILURE

Failure of an engine_testapp test:

<pre>
Running [42/159]: file stats post warmup...../kv_engine/engines/ep/tests/ep_testsuite.cc:2327 Test failed: `" (Expected `317030" to be less than or equal to `286720" - Unexpected fileSize for vbucket)
[2022-05-24T14:02:54.913Z] (232 ms) FAIL
</pre>
 ( http://cv.jenkins.couchbase.com/job/kv_engine.macos/job/neo/281/ )

http://cv.jenkins.couchbase.com/job/kv_engine-clang_tidy-neo/198/ : SUCCESS

http://cv.jenkins.couchbase.com/job/kv_engine-clang_format_9/16755/ : SUCCESS

http://cv.jenkins.couchbase.com/job/kv_engine-clang_analyzer-neo/196/ : SUCCESS

http://cv.jenkins.couchbase.com/job/kv_engine.aarch64-linux/job/neo/193/ : SUCCESS

http://cv.jenkins.couchbase.com/job/kv_engine.ASan-UBSan/job/neo/202/ : SUCCESS

http://cv.jenkins.couchbase.com/job/kv_engine.linux-CE/job/neo/210/ : SUCCESS

http://cv.jenkins.couchbase.com/job/kv_engine.threadsanitizer/job/neo/201/ : SUCCESS

http://cv.jenkins.couchbase.com/job/kv_engine.linux/job/neo/205/ : SUCCESS

http://cv.jenkins.couchbase.com/job/kv_engine.libFuzzer/job/neo/197/ : SUCCESS
----------------------------------------------------------------------------------------------------------------------
Author: Build Bot
Date: 2022-05-24 16:20:37.000000000
Message: 
Patch Set 1: Verified-1

Build Failed 

http://cv.jenkins.couchbase.com/job/kv_engine.macos/job/neo/285/ : FAILURE

Failure of an engine_testapp test:

<pre>
Running [42/159]: file stats post warmup...../kv_engine/engines/ep/tests/ep_testsuite.cc:2327 Test failed: `" (Expected `398131" to be less than or equal to `385024" - Unexpected fileSize for vbucket)
[2022-05-24T16:11:23.452Z] (322 ms) FAIL
</pre>
 ( http://cv.jenkins.couchbase.com/job/kv_engine.macos/job/neo/285/ )

http://cv.jenkins.couchbase.com/job/kv_engine-windows-neo/284/ : FAILURE

No problems were identified. If you know why this problem occurred, please add a suitable Cause for it. ( http://cv.jenkins.couchbase.com/job/kv_engine-windows-neo/284/ )

http://cv.jenkins.couchbase.com/job/kv_engine-clang_tidy-neo/198/ : SUCCESS

http://cv.jenkins.couchbase.com/job/kv_engine-clang_format_9/16755/ : SUCCESS

http://cv.jenkins.couchbase.com/job/kv_engine-clang_analyzer-neo/196/ : SUCCESS

http://cv.jenkins.couchbase.com/job/kv_engine.aarch64-linux/job/neo/193/ : SUCCESS

http://cv.jenkins.couchbase.com/job/kv_engine.ASan-UBSan/job/neo/202/ : SUCCESS

http://cv.jenkins.couchbase.com/job/kv_engine.linux-CE/job/neo/210/ : SUCCESS

http://cv.jenkins.couchbase.com/job/kv_engine.threadsanitizer/job/neo/201/ : SUCCESS

http://cv.jenkins.couchbase.com/job/kv_engine.linux/job/neo/205/ : SUCCESS

http://cv.jenkins.couchbase.com/job/kv_engine.libFuzzer/job/neo/197/ : SUCCESS
----------------------------------------------------------------------------------------------------------------------
Author: Build Bot
Date: 2022-05-25 08:51:37.000000000
Message: 
Patch Set 1: Verified-1

Build Failed 

http://cv.jenkins.couchbase.com/job/kv_engine.macos/job/neo/286/ : FAILURE

Timeout of a CTest test [2022-05-25T08:51:28.471Z] 442/442 Test #440: cluster_test ................................................................................................} ( http://cv.jenkins.couchbase.com/job/kv_engine.macos/job/neo/286/ )

http://cv.jenkins.couchbase.com/job/kv_engine-clang_tidy-neo/198/ : SUCCESS

http://cv.jenkins.couchbase.com/job/kv_engine-clang_format_9/16755/ : SUCCESS

http://cv.jenkins.couchbase.com/job/kv_engine-clang_analyzer-neo/196/ : SUCCESS

http://cv.jenkins.couchbase.com/job/kv_engine.aarch64-linux/job/neo/193/ : SUCCESS

http://cv.jenkins.couchbase.com/job/kv_engine.ASan-UBSan/job/neo/202/ : SUCCESS

http://cv.jenkins.couchbase.com/job/kv_engine.linux-CE/job/neo/210/ : SUCCESS

http://cv.jenkins.couchbase.com/job/kv_engine.threadsanitizer/job/neo/201/ : SUCCESS

http://cv.jenkins.couchbase.com/job/kv_engine.linux/job/neo/205/ : SUCCESS

http://cv.jenkins.couchbase.com/job/kv_engine.libFuzzer/job/neo/197/ : SUCCESS

http://cv.jenkins.couchbase.com/job/kv_engine-windows-neo/285/ : SUCCESS
----------------------------------------------------------------------------------------------------------------------
Author: Build Bot
Date: 2022-05-25 10:04:30.000000000
Message: 
Patch Set 1: Verified-1

Build Failed 

http://cv.jenkins.couchbase.com/job/kv_engine.macos/job/neo/287/ : FAILURE

Failure of an engine_testapp test:

<pre>
Running [42/159]: file stats post warmup...../kv_engine/engines/ep/tests/ep_testsuite.cc:2327 Test failed: `" (Expected `383386" to be less than or equal to `360448" - Unexpected fileSize for vbucket)
[2022-05-25T09:55:17.248Z] (243 ms) FAIL
</pre>
 ( http://cv.jenkins.couchbase.com/job/kv_engine.macos/job/neo/287/ )

http://cv.jenkins.couchbase.com/job/kv_engine-clang_tidy-neo/198/ : SUCCESS

http://cv.jenkins.couchbase.com/job/kv_engine-clang_format_9/16755/ : SUCCESS

http://cv.jenkins.couchbase.com/job/kv_engine-clang_analyzer-neo/196/ : SUCCESS

http://cv.jenkins.couchbase.com/job/kv_engine.aarch64-linux/job/neo/193/ : SUCCESS

http://cv.jenkins.couchbase.com/job/kv_engine.ASan-UBSan/job/neo/202/ : SUCCESS

http://cv.jenkins.couchbase.com/job/kv_engine.linux-CE/job/neo/210/ : SUCCESS

http://cv.jenkins.couchbase.com/job/kv_engine.threadsanitizer/job/neo/201/ : SUCCESS

http://cv.jenkins.couchbase.com/job/kv_engine.linux/job/neo/205/ : SUCCESS

http://cv.jenkins.couchbase.com/job/kv_engine.libFuzzer/job/neo/197/ : SUCCESS

http://cv.jenkins.couchbase.com/job/kv_engine-windows-neo/285/ : SUCCESS
----------------------------------------------------------------------------------------------------------------------
Author: Build Bot
Date: 2022-05-25 10:48:31.000000000
Message: 
Patch Set 1: Verified-1

Build Failed 

http://cv.jenkins.couchbase.com/job/kv_engine.macos/job/neo/291/ : FAILURE

No problems were identified. If you know why this problem occurred, please add a suitable Cause for it. ( http://cv.jenkins.couchbase.com/job/kv_engine.macos/job/neo/291/ )

http://cv.jenkins.couchbase.com/job/kv_engine-clang_tidy-neo/198/ : SUCCESS

http://cv.jenkins.couchbase.com/job/kv_engine-clang_format_9/16755/ : SUCCESS

http://cv.jenkins.couchbase.com/job/kv_engine-clang_analyzer-neo/196/ : SUCCESS

http://cv.jenkins.couchbase.com/job/kv_engine.aarch64-linux/job/neo/193/ : SUCCESS

http://cv.jenkins.couchbase.com/job/kv_engine.ASan-UBSan/job/neo/202/ : SUCCESS

http://cv.jenkins.couchbase.com/job/kv_engine.linux-CE/job/neo/210/ : SUCCESS

http://cv.jenkins.couchbase.com/job/kv_engine.threadsanitizer/job/neo/201/ : SUCCESS

http://cv.jenkins.couchbase.com/job/kv_engine.linux/job/neo/205/ : SUCCESS

http://cv.jenkins.couchbase.com/job/kv_engine.libFuzzer/job/neo/197/ : SUCCESS

http://cv.jenkins.couchbase.com/job/kv_engine-windows-neo/285/ : SUCCESS
----------------------------------------------------------------------------------------------------------------------
Author: Build Bot
Date: 2022-05-25 11:57:39.000000000
Message: 
Patch Set 1: Verified-1

Build Failed 

http://cv.jenkins.couchbase.com/job/kv_engine.macos/job/neo/292/ : FAILURE

Timeout of a CTest test [2022-05-25T11:57:29.013Z] 442/442 Test #440: cluster_test ................................................................................................} ( http://cv.jenkins.couchbase.com/job/kv_engine.macos/job/neo/292/ )

http://cv.jenkins.couchbase.com/job/kv_engine-clang_tidy-neo/198/ : SUCCESS

http://cv.jenkins.couchbase.com/job/kv_engine-clang_format_9/16755/ : SUCCESS

http://cv.jenkins.couchbase.com/job/kv_engine-clang_analyzer-neo/196/ : SUCCESS

http://cv.jenkins.couchbase.com/job/kv_engine.aarch64-linux/job/neo/193/ : SUCCESS

http://cv.jenkins.couchbase.com/job/kv_engine.ASan-UBSan/job/neo/202/ : SUCCESS

http://cv.jenkins.couchbase.com/job/kv_engine.linux-CE/job/neo/210/ : SUCCESS

http://cv.jenkins.couchbase.com/job/kv_engine.threadsanitizer/job/neo/201/ : SUCCESS

http://cv.jenkins.couchbase.com/job/kv_engine.linux/job/neo/205/ : SUCCESS

http://cv.jenkins.couchbase.com/job/kv_engine.libFuzzer/job/neo/197/ : SUCCESS

http://cv.jenkins.couchbase.com/job/kv_engine-windows-neo/285/ : SUCCESS
----------------------------------------------------------------------------------------------------------------------
Author: Build Bot
Date: 2022-05-25 13:11:02.000000000
Message: 
Patch Set 1: Verified+1

Build Successful 

http://cv.jenkins.couchbase.com/job/kv_engine-clang_tidy-neo/198/ : SUCCESS

http://cv.jenkins.couchbase.com/job/kv_engine-clang_format_9/16755/ : SUCCESS

http://cv.jenkins.couchbase.com/job/kv_engine-clang_analyzer-neo/196/ : SUCCESS

http://cv.jenkins.couchbase.com/job/kv_engine.aarch64-linux/job/neo/193/ : SUCCESS

http://cv.jenkins.couchbase.com/job/kv_engine.ASan-UBSan/job/neo/202/ : SUCCESS

http://cv.jenkins.couchbase.com/job/kv_engine.linux-CE/job/neo/210/ : SUCCESS

http://cv.jenkins.couchbase.com/job/kv_engine.threadsanitizer/job/neo/201/ : SUCCESS

http://cv.jenkins.couchbase.com/job/kv_engine.linux/job/neo/205/ : SUCCESS

http://cv.jenkins.couchbase.com/job/kv_engine.libFuzzer/job/neo/197/ : SUCCESS

http://cv.jenkins.couchbase.com/job/kv_engine-windows-neo/285/ : SUCCESS

http://cv.jenkins.couchbase.com/job/kv_engine.macos/job/neo/294/ : SUCCESS
----------------------------------------------------------------------------------------------------------------------
