======================================================================================================================
DESCRIPTION:

MB-49512: Don't treat aborted compactions as failures

Track aborted compactions under a different stat which will not
contributed towards failovers.

Change-Id: I2edee3cfc1e5bf558198a398797d691ccac129b6

======================================================================================================================
COMMENTS
======================================================================================================================
Author: Ben Huddleston
Date: 2022-02-24 17:16:32.000000000
Message: 
Uploaded patch set 8.
----------------------------------------------------------------------------------------------------------------------
Author: Build Bot
Date: 2022-02-24 17:46:01.000000000
Message: 
Patch Set 8: Verified-1

Build Failed 

http://cv.jenkins.couchbase.com/job/kv_engine-windows-master/44163/ : FAILURE

Failure of an engine_testapp test:

<pre>
Running [59/93]: test close stream...(100 ms) OK


99% tests passed, 1 tests failed out of 421

Total Test time (real) = 366.80 sec

The following tests FAIL
</pre>
 ( http://cv.jenkins.couchbase.com/job/kv_engine-windows-master/44163/ )

Timeout of a CTest test 421/421 Test #292: ep_testsuite_dcp.value_eviction.magma .........................................................................................} ( http://cv.jenkins.couchbase.com/job/kv_engine-windows-master/44163/ )

http://cv.jenkins.couchbase.com/job/kv_engine.threadsanitizer/job/master/18579/ : FAILURE

Failure of GoogleTest "ExecutorPoolTest/0.ScheduleCancelx2":

<pre>
[ RUN      ] ExecutorPoolTest/0.ScheduleCancelx2
[2022-02-24T17:43:46.145Z] ../kv_engine/engines/ep/tests/module_tests/executorpool_test.cc:731: Failure
[2022-02-24T17:43:46.145Z] Value of: this->pool->cancel(taskId, false)
[2022-02-24T17:43:46.145Z]   Actual: false
[2022-02-24T17:43:46.145Z] Expected: true
[2022-02-24T17:43:46.145Z] [  FAILED  ] ExecutorPoolTest/0.ScheduleCancelx2, where TypeParam = TestExecutorPool (10 ms)
ExecutorPoolTest/0.ScheduleCancelx2
</pre>
 ( http://cv.jenkins.couchbase.com/job/kv_engine.threadsanitizer/job/master/18579/ )

http://cv.jenkins.couchbase.com/job/kv_engine-clang_format_9/14633/ : SUCCESS

http://cv.jenkins.couchbase.com/job/kv_engine-clang_tidy-master/15785/ : SUCCESS

http://cv.jenkins.couchbase.com/job/kv_engine-clang_analyzer-master/37204/ : SUCCESS

http://cv.jenkins.couchbase.com/job/kv_engine.libFuzzer/job/master/5438/ : SUCCESS

http://cv.jenkins.couchbase.com/job/kv_engine.linux/job/master/17872/ : SUCCESS

http://cv.jenkins.couchbase.com/job/kv_engine.aarch64-linux/job/master/5497/ : SUCCESS

http://cv.jenkins.couchbase.com/job/kv_engine.macos/job/master/16607/ : SUCCESS

http://cv.jenkins.couchbase.com/job/kv_engine.linux-CE/job/master/17543/ : SUCCESS

http://cv.jenkins.couchbase.com/job/kv_engine.ASan-UBSan/job/master/25946/ : SUCCESS
----------------------------------------------------------------------------------------------------------------------
Author: Dave Rigby
Date: 2022-02-24 21:18:32.000000000
Message: 
Patch Set 8: Code-Review+2
----------------------------------------------------------------------------------------------------------------------
Author: Build Bot
Date: 2022-02-24 21:40:25.000000000
Message: 
Patch Set 8:

Build Failed 

http://cv.jenkins.couchbase.com/job/kv_engine-windows-master/44167/ : FAILURE

Failure of an engine_testapp test:

<pre>
Running [60/93]: test dcp consumer end stream...(194 ms) OK


99% tests passed, 1 tests failed out of 421

Total Test time (real) = 350.14 sec

The following tests FAIL
</pre>
 ( http://cv.jenkins.couchbase.com/job/kv_engine-windows-master/44167/ )

Timeout of a CTest test 421/421 Test #293: ep_testsuite_dcp.full_eviction.magma ..........................................................................................} ( http://cv.jenkins.couchbase.com/job/kv_engine-windows-master/44167/ )

http://cv.jenkins.couchbase.com/job/kv_engine-clang_format_9/14633/ : SUCCESS

http://cv.jenkins.couchbase.com/job/kv_engine-clang_tidy-master/15785/ : SUCCESS

http://cv.jenkins.couchbase.com/job/kv_engine-clang_analyzer-master/37204/ : SUCCESS

http://cv.jenkins.couchbase.com/job/kv_engine.libFuzzer/job/master/5438/ : SUCCESS

http://cv.jenkins.couchbase.com/job/kv_engine.threadsanitizer/job/master/18583/ : SUCCESS

http://cv.jenkins.couchbase.com/job/kv_engine.linux/job/master/17872/ : SUCCESS

http://cv.jenkins.couchbase.com/job/kv_engine.aarch64-linux/job/master/5497/ : SUCCESS

http://cv.jenkins.couchbase.com/job/kv_engine.macos/job/master/16607/ : SUCCESS

http://cv.jenkins.couchbase.com/job/kv_engine.linux-CE/job/master/17543/ : SUCCESS

http://cv.jenkins.couchbase.com/job/kv_engine.ASan-UBSan/job/master/25946/ : SUCCESS
----------------------------------------------------------------------------------------------------------------------
Author: Build Bot
Date: 2022-02-25 09:48:45.000000000
Message: 
Patch Set 8:

Build Failed 

http://cv.jenkins.couchbase.com/job/kv_engine-windows-master/44168/ : FAILURE

Failure of an engine_testapp test:

<pre>
Running [143/159]: multi_bucket set/get ...W0225 01:40:30.540446 103692 HazptrDomain.h:670] Using the default inline executor for asynchronous reclamation may be susceptible to deadlock if the current thread happens to hold a resource needed by the deleter of a reclaimable object


99% tests passed, 1 tests failed out of 421

Total Test time (real) = 666.68 sec

The following tests FAIL
</pre>
 ( http://cv.jenkins.couchbase.com/job/kv_engine-windows-master/44168/ )

Timeout of a CTest test 421/421 Test #272: ep_testsuite.full_eviction.comp_passive .......................................................................................} ( http://cv.jenkins.couchbase.com/job/kv_engine-windows-master/44168/ )

http://cv.jenkins.couchbase.com/job/kv_engine-clang_format_9/14633/ : SUCCESS

http://cv.jenkins.couchbase.com/job/kv_engine-clang_tidy-master/15785/ : SUCCESS

http://cv.jenkins.couchbase.com/job/kv_engine-clang_analyzer-master/37204/ : SUCCESS

http://cv.jenkins.couchbase.com/job/kv_engine.libFuzzer/job/master/5438/ : SUCCESS

http://cv.jenkins.couchbase.com/job/kv_engine.threadsanitizer/job/master/18583/ : SUCCESS

http://cv.jenkins.couchbase.com/job/kv_engine.linux/job/master/17872/ : SUCCESS

http://cv.jenkins.couchbase.com/job/kv_engine.aarch64-linux/job/master/5497/ : SUCCESS

http://cv.jenkins.couchbase.com/job/kv_engine.macos/job/master/16607/ : SUCCESS

http://cv.jenkins.couchbase.com/job/kv_engine.linux-CE/job/master/17543/ : SUCCESS

http://cv.jenkins.couchbase.com/job/kv_engine.ASan-UBSan/job/master/25946/ : SUCCESS
----------------------------------------------------------------------------------------------------------------------
Author: Build Bot
Date: 2022-02-25 10:45:00.000000000
Message: 
Patch Set 8:

Build Failed 

http://cv.jenkins.couchbase.com/job/kv_engine-windows-master/44170/ : FAILURE

Failure of an engine_testapp test:

<pre>
Running [32/159]: test datatype...(88 ms) OK


99% tests passed, 1 tests failed out of 421

Total Test time (real) = 675.51 sec

The following tests FAIL
</pre>
 ( http://cv.jenkins.couchbase.com/job/kv_engine-windows-master/44170/ )

Timeout of a CTest test 421/421 Test #276: ep_testsuite.value_eviction.magma .............................................................................................} ( http://cv.jenkins.couchbase.com/job/kv_engine-windows-master/44170/ )

http://cv.jenkins.couchbase.com/job/kv_engine-clang_format_9/14633/ : SUCCESS

http://cv.jenkins.couchbase.com/job/kv_engine-clang_tidy-master/15785/ : SUCCESS

http://cv.jenkins.couchbase.com/job/kv_engine-clang_analyzer-master/37204/ : SUCCESS

http://cv.jenkins.couchbase.com/job/kv_engine.libFuzzer/job/master/5438/ : SUCCESS

http://cv.jenkins.couchbase.com/job/kv_engine.threadsanitizer/job/master/18583/ : SUCCESS

http://cv.jenkins.couchbase.com/job/kv_engine.linux/job/master/17872/ : SUCCESS

http://cv.jenkins.couchbase.com/job/kv_engine.aarch64-linux/job/master/5497/ : SUCCESS

http://cv.jenkins.couchbase.com/job/kv_engine.macos/job/master/16607/ : SUCCESS

http://cv.jenkins.couchbase.com/job/kv_engine.linux-CE/job/master/17543/ : SUCCESS

http://cv.jenkins.couchbase.com/job/kv_engine.ASan-UBSan/job/master/25946/ : SUCCESS
----------------------------------------------------------------------------------------------------------------------
Author: Build Bot
Date: 2022-02-25 12:23:50.000000000
Message: 
Patch Set 8:

Build Failed 

http://cv.jenkins.couchbase.com/job/kv_engine-windows-master/44175/ : FAILURE

Failure of GoogleTest "AllBucketTypes/DurabilityPassiveStreamTest.ReceiveMutationInsteadOfCommitForReconnectWindowWithPrepareLast/persistent_couchstore_full_eviction":

<pre>
[ RUN      ] AllBucketTypes/DurabilityPassiveStreamTest.ReceiveMutationInsteadOfCommitForReconnectWindowWithPrepareLast/persistent_couchstore_full_eviction
unknown file: error: C++ exception with description "KVStoreFactory ctor: Specified dbname "ep_engine_ep_unit_tests.db/test.033304" is not a directory" thrown in SetUp().
unknown file: error: SEH exception with code 0xc0000005 thrown in TearDown().
[  FAILED  ] AllBucketTypes/DurabilityPassiveStreamTest.ReceiveMutationInsteadOfCommitForReconnectWindowWithPrepareLast/persistent_couchstore_full_eviction, where GetParam() = ("persistent_couchstore", "full_eviction") (209 ms)
AllBucketTypes/DurabilityPassiveStreamTest.ReceiveMutationInsteadOfCommitForReconnectWindowWithPrepareLast/persistent_couchstore_full_eviction
</pre>
 ( http://cv.jenkins.couchbase.com/job/kv_engine-windows-master/44175/ )

http://cv.jenkins.couchbase.com/job/kv_engine-clang_format_9/14633/ : SUCCESS

http://cv.jenkins.couchbase.com/job/kv_engine-clang_tidy-master/15785/ : SUCCESS

http://cv.jenkins.couchbase.com/job/kv_engine-clang_analyzer-master/37204/ : SUCCESS

http://cv.jenkins.couchbase.com/job/kv_engine.libFuzzer/job/master/5438/ : SUCCESS

http://cv.jenkins.couchbase.com/job/kv_engine.threadsanitizer/job/master/18583/ : SUCCESS

http://cv.jenkins.couchbase.com/job/kv_engine.linux/job/master/17872/ : SUCCESS

http://cv.jenkins.couchbase.com/job/kv_engine.aarch64-linux/job/master/5497/ : SUCCESS

http://cv.jenkins.couchbase.com/job/kv_engine.macos/job/master/16607/ : SUCCESS

http://cv.jenkins.couchbase.com/job/kv_engine.linux-CE/job/master/17543/ : SUCCESS

http://cv.jenkins.couchbase.com/job/kv_engine.ASan-UBSan/job/master/25946/ : SUCCESS
----------------------------------------------------------------------------------------------------------------------
Author: Build Bot
Date: 2022-02-25 13:07:05.000000000
Message: 
Patch Set 8: Verified+1

Build Successful 

http://cv.jenkins.couchbase.com/job/kv_engine-clang_format_9/14633/ : SUCCESS

http://cv.jenkins.couchbase.com/job/kv_engine-clang_tidy-master/15785/ : SUCCESS

http://cv.jenkins.couchbase.com/job/kv_engine-clang_analyzer-master/37204/ : SUCCESS

http://cv.jenkins.couchbase.com/job/kv_engine.libFuzzer/job/master/5438/ : SUCCESS

http://cv.jenkins.couchbase.com/job/kv_engine.threadsanitizer/job/master/18583/ : SUCCESS

http://cv.jenkins.couchbase.com/job/kv_engine.linux/job/master/17872/ : SUCCESS

http://cv.jenkins.couchbase.com/job/kv_engine.aarch64-linux/job/master/5497/ : SUCCESS

http://cv.jenkins.couchbase.com/job/kv_engine.macos/job/master/16607/ : SUCCESS

http://cv.jenkins.couchbase.com/job/kv_engine.linux-CE/job/master/17543/ : SUCCESS

http://cv.jenkins.couchbase.com/job/kv_engine.ASan-UBSan/job/master/25946/ : SUCCESS

http://cv.jenkins.couchbase.com/job/kv_engine-windows-master/44178/ : SUCCESS
----------------------------------------------------------------------------------------------------------------------
