======================================================================================================================
DESCRIPTION:

MB-55837: MagmaKVStore preparePendingRequests must compare DiskDocKey

The sorting is comparing the Item's StoredDocKey, which means that
prepares are placed incorrectly in the output. Magma then sees input
which is incorrect as the prepares (as DiskDocKey) are now in the
incorrect place. This leads to the incorrect number of update
callbacks to KV and an incorrect item count.

Change-Id: I9f587c4447e8b00f8be0bce57fc8782d391affd6

======================================================================================================================
COMMENTS
======================================================================================================================
Author: Jim Walker
Date: 2023-03-06 17:07:26.000000000
Message: 
Uploaded patch set 2.
----------------------------------------------------------------------------------------------------------------------
Author: Restriction Checker
Date: 2023-03-06 17:07:37.000000000
Message: 
Patch Set 2: Well-Formed+1

Permission granted to commit: 

https://server.jenkins.couchbase.com/job/restricted-branch-check/341569/artifact/restricted.html : SUCCESS
----------------------------------------------------------------------------------------------------------------------
Author: Build Bot
Date: 2023-03-06 17:59:12.000000000
Message: 
Patch Set 2: Verified-1

Build Failed 

https://cv.jenkins.couchbase.com/job/kv_engine.linux/job/neo/1332/ : FAILURE

No problems were identified. If you know why this problem occurred, please add a suitable Cause for it. ( https://cv.jenkins.couchbase.com/job/kv_engine.linux/job/neo/1332/ )

https://cv.jenkins.couchbase.com/job/kv_engine.ASan-UBSan/job/neo/1338/ : FAILURE

Compile error at [2023-03-06T17:22:13.376Z] /home/couchbase/jenkins/workspace/kv_engine.ASan-UBSan_neo/kv_engine/engines/ep/src/tasks.cc:16:10:
fatal error: "flusher.h" file not found
 ( https://cv.jenkins.couchbase.com/job/kv_engine.ASan-UBSan/job/neo/1338/ )

https://cv.jenkins.couchbase.com/job/kv_engine.aarch64-linux/job/neo/1345/ : FAILURE

No problems were identified. If you know why this problem occurred, please add a suitable Cause for it. ( https://cv.jenkins.couchbase.com/job/kv_engine.aarch64-linux/job/neo/1345/ )

https://cv.jenkins.couchbase.com/job/kv_engine-clang_tidy-neo/1308/ : SUCCESS

https://cv.jenkins.couchbase.com/job/kv_engine-windows-neo/1604/ : SUCCESS

https://cv.jenkins.couchbase.com/job/kv_engine-clang_analyzer-neo/1262/ : SUCCESS

https://cv.jenkins.couchbase.com/job/kv_engine-clang_format_9/23073/ : SUCCESS

https://cv.jenkins.couchbase.com/job/kv_engine.threadsanitizer/job/neo/1335/ : SUCCESS

https://cv.jenkins.couchbase.com/job/kv_engine.linux-CE/job/neo/1341/ : SUCCESS

https://cv.jenkins.couchbase.com/job/kv_engine.libFuzzer/job/neo/1300/ : SUCCESS

https://cv.jenkins.couchbase.com/job/kv_engine.macos/job/neo/1697/ : SUCCESS
----------------------------------------------------------------------------------------------------------------------
Author: Jim Walker
Date: 2023-03-07 10:16:52.000000000
Message: 
Patch Set 2:

(2 comments)
----------------------------------------------------------------------------------------------------------------------
Author: Build Bot
Date: 2023-03-07 11:17:28.000000000
Message: 
Patch Set 2:

Build Failed 

https://cv.jenkins.couchbase.com/job/kv_engine.threadsanitizer/job/neo/1337/ : FAILURE

Failure of GoogleTest "SslCertTest.LoginWhenMandatoryGoClient":

<pre>
[ RUN      ] SslCertTest.LoginWhenMandatoryGoClient
[2023-03-07T11:13:03.668Z] TLS handshake failed when connecting to localhost:35077, err=EOF
[2023-03-07T11:13:03.668Z] MakeTLSConn error: EOF
[2023-03-07T11:13:03.668Z] /home/couchbase/jenkins/workspace/kv_engine.threadsanitizer_neo/kv_engine/tests/testapp/testapp_cert_tests.cc:308: Failure
[2023-03-07T11:13:03.668Z] Expected equality of these values:
[2023-03-07T11:13:03.668Z]   "Success"
[2023-03-07T11:13:03.668Z]   status
[2023-03-07T11:13:03.668Z]     Which is: "Failure"
[2023-03-07T11:13:03.668Z] {
[2023-03-07T11:13:03.668Z]   "WCOREDUMP": 0,
[2023-03-07T11:13:03.668Z]   "WEXITSTATUS": 1,
[2023-03-07T11:13:03.668Z]   "WIFEXITED": true,
[2023-03-07T11:13:03.668Z]   "WIFSIGNALED": false,
[2023-03-07T11:13:03.668Z]   "WTERMSIG": 0,
[2023-03-07T11:13:03.668Z]   "WTERMSIGNAL": "Unknown signal 0"
[2023-03-07T11:13:03.668Z] }
[2023-03-07T11:13:03.668Z] [  FAILED  ] SslCertTest.LoginWhenMandatoryGoClient (1397 ms)
SslCertTest.LoginWhenMandatoryGoClient
</pre>
 ( https://cv.jenkins.couchbase.com/job/kv_engine.threadsanitizer/job/neo/1337/ )

https://cv.jenkins.couchbase.com/job/kv_engine.linux/job/neo/1334/ : FAILURE

Failure of GoogleTest "Persistent/MB_32669.expire_a_compressed_and_evicted_xattr_document/persistent_magma_value_only":

<pre>
[ RUN      ] Persistent/MB_32669.expire_a_compressed_and_evicted_xattr_document/persistent_magma_value_only
[2023-03-07T10:48:15.550Z] ../kv_engine/engines/ep/tests/module_tests/item_pager_test.cc:2226: Failure
[2023-03-07T10:48:15.550Z] Expected equality of these values:
[2023-03-07T10:48:15.551Z]   cb::engine_errc::would_block
[2023-03-07T10:48:15.551Z]     Which is: would block
[2023-03-07T10:48:15.551Z]   gv.getStatus()
[2023-03-07T10:48:15.551Z]     Which is: no memory
[2023-03-07T10:48:15.551Z] ../kv_engine/engines/ep/tests/module_tests/item_pager_test.cc:2230: Failure
[2023-03-07T10:48:15.551Z] Expected equality of these values:
[2023-03-07T10:48:15.551Z]   cb::engine_errc::success
[2023-03-07T10:48:15.551Z]     Which is: success
[2023-03-07T10:48:15.551Z]   gv.getStatus()
[2023-03-07T10:48:15.551Z]     Which is: no memory
[2023-03-07T10:48:15.551Z] [  FAILED  ] Persistent/MB_32669.expire_a_compressed_and_evicted_xattr_document/persistent_magma_value_only, where GetParam() = "bucket_type=persistent:backend=magma:item_eviction_policy=value_only" (59 ms)
Persistent/MB_32669.expire_a_compressed_and_evicted_xattr_document/persistent_magma_value_only
</pre>
 ( https://cv.jenkins.couchbase.com/job/kv_engine.linux/job/neo/1334/ )

https://cv.jenkins.couchbase.com/job/kv_engine.macos/job/neo/1699/ : FAILURE

No problems were identified. If you know why this problem occurred, please add a suitable Cause for it. ( https://cv.jenkins.couchbase.com/job/kv_engine.macos/job/neo/1699/ )

https://cv.jenkins.couchbase.com/job/kv_engine.ASan-UBSan/job/neo/1340/ : SUCCESS

https://cv.jenkins.couchbase.com/job/kv_engine-clang_tidy-neo/1310/ : SUCCESS

https://cv.jenkins.couchbase.com/job/kv_engine-windows-neo/1606/ : SUCCESS

https://cv.jenkins.couchbase.com/job/kv_engine-clang_analyzer-neo/1264/ : SUCCESS

https://cv.jenkins.couchbase.com/job/kv_engine-clang_format_9/23089/ : SUCCESS

https://cv.jenkins.couchbase.com/job/kv_engine.linux-CE/job/neo/1343/ : SUCCESS

https://cv.jenkins.couchbase.com/job/kv_engine.libFuzzer/job/neo/1302/ : SUCCESS

https://cv.jenkins.couchbase.com/job/kv_engine.aarch64-linux/job/neo/1347/ : SUCCESS
----------------------------------------------------------------------------------------------------------------------
Author: Build Bot
Date: 2023-03-07 13:01:11.000000000
Message: 
Patch Set 2:

Build Failed 

https://cv.jenkins.couchbase.com/job/kv_engine-windows-neo/1608/ : FAILURE

Failure of an engine_testapp test:

<pre>
Running [26/93]: test producer stream request (memory only)...(170 ms) OK

435/436 Test #434: cluster_test ..................................................................................................................   Passed    7.30 sec
436/436 Test #431: memcached_testapp.ep.TransportProtocols/AuditTest .............................................................................   Passed   13.68 sec

99% tests passed, 1 tests failed out of 436

Total Test time (real) = 966.16 sec

The following tests FAIL
</pre>
 ( https://cv.jenkins.couchbase.com/job/kv_engine-windows-neo/1608/ )

Timeout of a CTest test 434/436 Test #301: ep_testsuite_dcp.value_eviction.comp_passive ..................................................................................} ( https://cv.jenkins.couchbase.com/job/kv_engine-windows-neo/1608/ )

https://cv.jenkins.couchbase.com/job/kv_engine.linux/job/neo/1336/ : SUCCESS

https://cv.jenkins.couchbase.com/job/kv_engine.ASan-UBSan/job/neo/1342/ : SUCCESS

https://cv.jenkins.couchbase.com/job/kv_engine-clang_tidy-neo/1312/ : SUCCESS

https://cv.jenkins.couchbase.com/job/kv_engine-clang_analyzer-neo/1266/ : SUCCESS

https://cv.jenkins.couchbase.com/job/kv_engine-clang_format_9/23093/ : SUCCESS

https://cv.jenkins.couchbase.com/job/kv_engine.threadsanitizer/job/neo/1339/ : SUCCESS

https://cv.jenkins.couchbase.com/job/kv_engine.linux-CE/job/neo/1345/ : SUCCESS

https://cv.jenkins.couchbase.com/job/kv_engine.libFuzzer/job/neo/1304/ : SUCCESS

https://cv.jenkins.couchbase.com/job/kv_engine.aarch64-linux/job/neo/1349/ : SUCCESS

https://cv.jenkins.couchbase.com/job/kv_engine.macos/job/neo/1701/ : SUCCESS
----------------------------------------------------------------------------------------------------------------------
Author: Jim Walker
Date: 2023-03-07 13:31:54.000000000
Message: 
Patch Set 2: Verified+1
----------------------------------------------------------------------------------------------------------------------
Author: Jim Walker
Date: 2023-03-07 13:31:56.000000000
Message: 
Removed Verified-1 by <GERRIT_ACCOUNT_1000011>

----------------------------------------------------------------------------------------------------------------------
Author: Paolo Cocchi
Date: 2023-03-07 13:59:03.000000000
Message: 
Patch Set 2:

(1 comment)
Line:322, engines/ep/src/kvstore/magma-kvstore/magma-kvstore.cc -> Hey Jim we are in the magma-specific code path here, but what about the baseline OrderItemsForDeDuplication() phase ?
There we still use the Item->getKey() (which doesn't have the prefix in it).

It seems to me (by code inspection) that:
  1. For non-CDC, OrderItemsForDeDuplication just needs to ensure that we don't dedup a Prepare by its Commit.
  2. For CDC (which is magma-only) any misbehaviour in OrderItemsForDeDuplication is essentially fixed by the re-sorting that we do here for magma.

Are we all fine?

----------------------------------------------------------------------------------------------------------------------
Author: Jim Walker
Date: 2023-03-07 15:14:55.000000000
Message: 
Patch Set 2:

(1 comment)
Line:322, engines/ep/src/kvstore/magma-kvstore/magma-kvstore.cc -> Yes, OrderItemsForDeDuplication also inspects other parts of the Item - which we could do in the magma code, but just a compare by DiskDocKey gives the same effect with less mental gymnastics (imho)

----------------------------------------------------------------------------------------------------------------------
Author: Dave Rigby
Date: 2023-03-07 15:36:43.000000000
Message: 
Patch Set 2: Code-Review+2
----------------------------------------------------------------------------------------------------------------------
Author: Paolo Cocchi
Date: 2023-03-07 15:38:32.000000000
Message: 
Patch Set 2: Code-Review+2
----------------------------------------------------------------------------------------------------------------------
