======================================================================================================================
DESCRIPTION:

MB-49207: Fix no item meta only fetch race

Change-Id: Iace720b92ec0915829bbdaf9c45d4b8c4382b029

======================================================================================================================
COMMENTS
======================================================================================================================
Author: Ben Huddleston
Date: 2021-11-18 13:22:53.000000000
Message: 
Uploaded patch set 6: Patch Set 5 was rebased.
----------------------------------------------------------------------------------------------------------------------
Author: Build Bot
Date: 2021-11-18 14:09:10.000000000
Message: 
Patch Set 6: Verified-1

Build Failed 

http://cv.jenkins.couchbase.com/job/kv_engine-windows-master/41866/ : FAILURE

Timeout of a CTest test 419/419 Test #339: memcached_testapp.default.TransportProtocols/StatsTest ........................................................................} ( http://cv.jenkins.couchbase.com/job/kv_engine-windows-master/41866/ )

http://cv.jenkins.couchbase.com/job/kv_engine.ASan-UBSan/job/master/24066/ : FAILURE

http://cv.jenkins.couchbase.com/job/kv_engine-clang_analyzer-master/35551/ : SUCCESS

http://cv.jenkins.couchbase.com/job/kv_engine-clang_tidy-master/14077/ : SUCCESS

http://cv.jenkins.couchbase.com/job/kv_engine-clang_format_9/12885/ : SUCCESS

http://cv.jenkins.couchbase.com/job/kv_engine.aarch64-linux/job/master/3786/ : SUCCESS

http://cv.jenkins.couchbase.com/job/kv_engine.linux-CE/job/master/15700/ : SUCCESS

http://cv.jenkins.couchbase.com/job/kv_engine.libFuzzer/job/master/3709/ : SUCCESS

http://cv.jenkins.couchbase.com/job/kv_engine.macos/job/master/14870/ : SUCCESS

http://cv.jenkins.couchbase.com/job/kv_engine.linux/job/master/15981/ : SUCCESS

http://cv.jenkins.couchbase.com/job/kv_engine.threadsanitizer/job/master/16709/ : SUCCESS
----------------------------------------------------------------------------------------------------------------------
Author: Build Bot
Date: 2021-11-18 16:27:34.000000000
Message: 
Patch Set 6:

Build Failed 

http://cv.jenkins.couchbase.com/job/kv_engine-windows-master/41877/ : FAILURE

Failure of an engine_testapp test:

<pre>
Running [0079/0093]: test get all vb seqnos...(70 ms) OK


99% tests passed, 1 tests failed out of 419

Total Test time (real) = 345.76 sec

The following tests FAIL
</pre>
 ( http://cv.jenkins.couchbase.com/job/kv_engine-windows-master/41877/ )

Timeout of a CTest test 419/419 Test #289: ep_testsuite_dcp.ephemeral.comp_active ........................................................................................} ( http://cv.jenkins.couchbase.com/job/kv_engine-windows-master/41877/ )

http://cv.jenkins.couchbase.com/job/kv_engine-clang_analyzer-master/35551/ : SUCCESS

http://cv.jenkins.couchbase.com/job/kv_engine-clang_tidy-master/14077/ : SUCCESS

http://cv.jenkins.couchbase.com/job/kv_engine-clang_format_9/12885/ : SUCCESS

http://cv.jenkins.couchbase.com/job/kv_engine.aarch64-linux/job/master/3786/ : SUCCESS

http://cv.jenkins.couchbase.com/job/kv_engine.linux-CE/job/master/15700/ : SUCCESS

http://cv.jenkins.couchbase.com/job/kv_engine.libFuzzer/job/master/3709/ : SUCCESS

http://cv.jenkins.couchbase.com/job/kv_engine.macos/job/master/14870/ : SUCCESS

http://cv.jenkins.couchbase.com/job/kv_engine.linux/job/master/15981/ : SUCCESS

http://cv.jenkins.couchbase.com/job/kv_engine.threadsanitizer/job/master/16709/ : SUCCESS

http://cv.jenkins.couchbase.com/job/kv_engine.ASan-UBSan/job/master/24071/ : SUCCESS
----------------------------------------------------------------------------------------------------------------------
Author: Build Bot
Date: 2021-11-18 17:12:41.000000000
Message: 
Patch Set 6:

Build Failed 

http://cv.jenkins.couchbase.com/job/kv_engine-windows-master/41879/ : FAILURE

Failure of an engine_testapp test:

<pre>
Running [0048/0159]: stats vkey...(39 ms) SKIPPED


99% tests passed, 3 tests failed out of 419

Total Test time (real) = 672.46 sec

The following tests FAIL
</pre>
 ( http://cv.jenkins.couchbase.com/job/kv_engine-windows-master/41879/ )

Timeout of a CTest test 417/419 Test #202: ep-engine_ep_unit_tests.EphemeralOrPersistent/DurabilityTest ..................................................................} ( http://cv.jenkins.couchbase.com/job/kv_engine-windows-master/41879/ )

http://cv.jenkins.couchbase.com/job/kv_engine-clang_analyzer-master/35551/ : SUCCESS

http://cv.jenkins.couchbase.com/job/kv_engine-clang_tidy-master/14077/ : SUCCESS

http://cv.jenkins.couchbase.com/job/kv_engine-clang_format_9/12885/ : SUCCESS

http://cv.jenkins.couchbase.com/job/kv_engine.aarch64-linux/job/master/3786/ : SUCCESS

http://cv.jenkins.couchbase.com/job/kv_engine.linux-CE/job/master/15700/ : SUCCESS

http://cv.jenkins.couchbase.com/job/kv_engine.libFuzzer/job/master/3709/ : SUCCESS

http://cv.jenkins.couchbase.com/job/kv_engine.macos/job/master/14870/ : SUCCESS

http://cv.jenkins.couchbase.com/job/kv_engine.linux/job/master/15981/ : SUCCESS

http://cv.jenkins.couchbase.com/job/kv_engine.threadsanitizer/job/master/16709/ : SUCCESS

http://cv.jenkins.couchbase.com/job/kv_engine.ASan-UBSan/job/master/24071/ : SUCCESS
----------------------------------------------------------------------------------------------------------------------
