======================================================================================================================
DESCRIPTION:

no such key meta only fetch

Change-Id: Iace720b92ec0915829bbdaf9c45d4b8c4382b029

======================================================================================================================
COMMENTS
======================================================================================================================
Author: Ben Huddleston
Date: 2021-11-08 16:06:58.000000000
Message: 
Uploaded patch set 1.
----------------------------------------------------------------------------------------------------------------------
Author: Build Bot
Date: 2021-11-08 17:39:26.000000000
Message: 
Patch Set 1: Verified-1

Build Failed 

http://cv.jenkins.couchbase.com/job/kv_engine-windows-master/41622/ : FAILURE

Failure of an engine_testapp test:

<pre>
Running [0032/0044]: test set_with_meta and drift stats...(21 ms) OK

        Start 414: testapp_auth_provider_test
411/417 Test #414: testapp_auth_provider_test ....................................................................................................   Passed    0.07 sec
        Start 415: cluster_test
412/417 Test #410: memcached_testapp.ep.TransportProtocols/ArithmeticTest ........................................................................   Passed    3.78 sec
        Start 416: memcached_unsigned_leb128_test
413/417 Test #416: memcached_unsigned_leb128_test ................................................................................................   Passed    0.03 sec
        Start 417: memcached-hostutils-test
414/417 Test #417: memcached-hostutils-test ......................................................................................................   Passed    0.05 sec
415/417 Test #413: memcached_testapp.ep.TransportProtocols/BucketTest ............................................................................   Passed    4.82 sec
416/417 Test #415: cluster_test ..................................................................................................................   Passed    4.62 sec
417/417 Test #412: memcached_testapp.ep.TransportProtocols/AuditTest .............................................................................   Passed   15.01 sec

99% tests passed, 2 tests failed out of 417

Total Test time (real) = 854.61 sec

The following tests FAIL
</pre>
 ( http://cv.jenkins.couchbase.com/job/kv_engine-windows-master/41622/ )

Failure of GoogleTest "Persistent/STParamPersistentBucketTest.RaceyAbc/persistent_couchstore_full_eviction":

<pre>
[ RUN      ] Persistent/STParamPersistentBucketTest.RaceyAbc/persistent_couchstore_full_eviction
..\kv_engine\engines\ep\tests\module_tests\kv_bucket_test.cc(315): error: Expected equality of these values:
  cb::engine_errc::success
    Which is: success
  store->deleteItem(key, cas, vbid, cookie, {}, nullptr, mutation_descr)
    Which is: would block
..\kv_engine\engines\ep\tests\module_tests\kv_bucket_test.cc(255): error: Expected equality of these values:
  expected
    Which is: 1
  actualFlushed
    Which is: 0
Unexpected items (0) in flush_vbucket_to_disk(vb:0, 1)
HashTable[000001B862A00E18] with numItems:0 numInMemory:0 numDeleted:0 numNonResident:0 numTemp:1 numSystemItems:0 numPreparedSW:0 values: 
     SV @000001B861BB0740 ... ....Cm temp:I   seq:18446744073709551611 rev:2 cas:1636391797615951872 key:"cid:0x0:key, size:4" exp:0 age:0 fc:1 vallen:0

..\kv_engine\engines\ep\tests\module_tests\evp_store_single_threaded_test.cc(5169): error: Value of: res.committed
  Actual: true
Expected: false
HashTable[000001B862A00E18] with numItems:0 numInMemory:0 numDeleted:0 numNonResident:0 numTemp:1 numSystemItems:0 numPreparedSW:0 values: 
     SV @000001B861BB0740 ... ....Cm temp:I   seq:18446744073709551611 rev:2 cas:1636391797615951872 key:"cid:0x0:key, size:4" exp:0 age:0 fc:2 vallen:0

[  FAILED  ] Persistent/STParamPersistentBucketTest.RaceyAbc/persistent_couchstore_full_eviction, where GetParam() = ("persistent_couchstore", "full_eviction") (14 ms)
Persistent/STParamPersistentBucketTest.RaceyAbc/persistent_couchstore_full_eviction
</pre>
 ( http://cv.jenkins.couchbase.com/job/kv_engine-windows-master/41622/ )

Timeout of a CTest test 410/417 Test #302: ep_testsuite_xdcr.ephemeral.comp_passive ......................................................................................} ( http://cv.jenkins.couchbase.com/job/kv_engine-windows-master/41622/ )

http://cv.jenkins.couchbase.com/job/kv_engine.threadsanitizer/job/master/16454/ : FAILURE

Failure of GoogleTest "Persistent/STParamPersistentBucketTest.RaceyAbc/persistent_couchstore_full_eviction":

<pre>
[ RUN      ] Persistent/STParamPersistentBucketTest.RaceyAbc/persistent_couchstore_full_eviction
[2021-11-08T17:14:39.914Z] ../kv_engine/engines/ep/tests/module_tests/kv_bucket_test.cc:315: Failure
[2021-11-08T17:14:39.914Z] Expected equality of these values:
[2021-11-08T17:14:39.914Z]   cb::engine_errc::success
[2021-11-08T17:14:39.914Z]     Which is: success
[2021-11-08T17:14:39.914Z]   store->deleteItem(key, cas, vbid, cookie, {}, nullptr, mutation_descr)
[2021-11-08T17:14:39.914Z]     Which is: would block
[2021-11-08T17:14:39.914Z] ../kv_engine/engines/ep/tests/module_tests/kv_bucket_test.cc:255: Failure
[2021-11-08T17:14:39.914Z] Expected equality of these values:
[2021-11-08T17:14:39.914Z]   expected
[2021-11-08T17:14:39.914Z]     Which is: 1
[2021-11-08T17:14:39.914Z]   actualFlushed
[2021-11-08T17:14:39.914Z]     Which is: 0
[2021-11-08T17:14:39.914Z] Unexpected items (0) in flush_vbucket_to_disk(vb:0, 1)
[2021-11-08T17:14:39.914Z] HashTable[0x7b640000af18] with numItems:0 numInMemory:0 numDeleted:0 numNonResident:0 numTemp:1 numSystemItems:0 numPreparedSW:0 values: 
[2021-11-08T17:14:39.914Z]      SV @0x7b10000b0700 ... ....Cm temp:I   seq:18446744073709551611 rev:2 cas:1636391674531676160 key:"cid:0x0:key, size:4" exp:0 age:0 fc:1 vallen:0
[2021-11-08T17:14:39.914Z] 
[2021-11-08T17:14:39.914Z] ../kv_engine/engines/ep/tests/module_tests/evp_store_single_threaded_test.cc:5169: Failure
[2021-11-08T17:14:39.914Z] Value of: res.committed
[2021-11-08T17:14:39.914Z]   Actual: true
[2021-11-08T17:14:39.914Z] Expected: false
[2021-11-08T17:14:39.914Z] HashTable[0x7b640000af18] with numItems:0 numInMemory:0 numDeleted:0 numNonResident:0 numTemp:1 numSystemItems:0 numPreparedSW:0 values: 
[2021-11-08T17:14:39.914Z]      SV @0x7b10000b0700 ... ....Cm temp:I   seq:18446744073709551611 rev:2 cas:1636391674531676160 key:"cid:0x0:key, size:4" exp:0 age:0 fc:2 vallen:0
[2021-11-08T17:14:39.914Z] 
[2021-11-08T17:14:39.914Z] [  FAILED  ] Persistent/STParamPersistentBucketTest.RaceyAbc/persistent_couchstore_full_eviction, where GetParam() = ("persistent_couchstore", "full_eviction") (64 ms)
Persistent/STParamPersistentBucketTest.RaceyAbc/persistent_couchstore_full_eviction
</pre>
 ( http://cv.jenkins.couchbase.com/job/kv_engine.threadsanitizer/job/master/16454/ )

http://cv.jenkins.couchbase.com/job/kv_engine.linux/job/master/15763/ : FAILURE

Failure of GoogleTest "Persistent/STParamPersistentBucketTest.RaceyAbc/persistent_nexus_couchstore_magma_full_eviction":

<pre>
[ RUN      ] Persistent/STParamPersistentBucketTest.RaceyAbc/persistent_nexus_couchstore_magma_full_eviction
[2021-11-08T16:47:42.068Z] ../kv_engine/engines/ep/tests/module_tests/kv_bucket_test.cc:308: Failure
[2021-11-08T16:47:42.068Z] Expected equality of these values:
[2021-11-08T16:47:42.068Z]   cb::engine_errc::success
[2021-11-08T16:47:42.068Z]     Which is: success
[2021-11-08T16:47:42.068Z]   store->deleteItem(key, cas, vbid, cookie, {}, nullptr, mutation_descr)
[2021-11-08T16:47:42.068Z]     Which is: would block
[2021-11-08T16:47:42.068Z] ../kv_engine/engines/ep/tests/module_tests/kv_bucket_test.cc:255: Failure
[2021-11-08T16:47:42.068Z] Expected equality of these values:
[2021-11-08T16:47:42.068Z]   expected
[2021-11-08T16:47:42.068Z]     Which is: 1
[2021-11-08T16:47:42.068Z]   actualFlushed
[2021-11-08T16:47:42.068Z]     Which is: 0
[2021-11-08T16:47:42.068Z] Unexpected items (0) in flush_vbucket_to_disk(vb:0, 1)
[2021-11-08T16:47:42.068Z] HashTable[0x7f0fb6da8f18] with numItems:0 numInMemory:0 numDeleted:0 numNonResident:0 numTemp:1 numSystemItems:0 numPreparedSW:0 values: 
[2021-11-08T16:47:42.068Z]      SV @0x7f0fb6c544c0 ... ....Cm temp:I   seq:18446744073709551611 rev:2 cas:1636390057673359360 key:"cid:0x0:key, size:4" exp:0 age:0 fc:1 vallen:0
[2021-11-08T16:47:42.068Z] 
[2021-11-08T16:47:42.068Z] ../kv_engine/engines/ep/tests/module_tests/evp_store_single_threaded_test.cc:5169: Failure
[2021-11-08T16:47:42.068Z] Value of: res.committed
[2021-11-08T16:47:42.068Z]   Actual: true
[2021-11-08T16:47:42.068Z] Expected: false
[2021-11-08T16:47:42.068Z] HashTable[0x7f0fb6da8f18] with numItems:0 numInMemory:0 numDeleted:0 numNonResident:0 numTemp:1 numSystemItems:0 numPreparedSW:0 values: 
[2021-11-08T16:47:42.068Z]      SV @0x7f0fb6c544c0 ... ....Cm temp:I   seq:18446744073709551611 rev:2 cas:1636390057673359360 key:"cid:0x0:key, size:4" exp:0 age:0 fc:2 vallen:0
[2021-11-08T16:47:42.068Z] 
[2021-11-08T16:47:42.068Z] [  FAILED  ] Persistent/STParamPersistentBucketTest.RaceyAbc/persistent_nexus_couchstore_magma_full_eviction, where GetParam() = ("persistent_nexus_couchstore_magma", "full_eviction") (1789 ms)
Persistent/STParamPersistentBucketTest.RaceyAbc/persistent_nexus_couchstore_magma_full_eviction
</pre>
 ( http://cv.jenkins.couchbase.com/job/kv_engine.linux/job/master/15763/ )

Timeout of a CTest test [2021-11-08T16:47:15.350Z]  27/437 Test   #3: memcached-breakpad-test-std_exception_with_trace ............................................................} ( http://cv.jenkins.couchbase.com/job/kv_engine.linux/job/master/15763/ )

http://cv.jenkins.couchbase.com/job/kv_engine.ASan-UBSan/job/master/23818/ : FAILURE

http://cv.jenkins.couchbase.com/job/kv_engine.macos/job/master/14649/ : FAILURE

Failure of GoogleTest "Persistent/STParamPersistentBucketTest.RaceyAbc/persistent_nexus_couchstore_magma_full_eviction":

<pre>
[ RUN      ] Persistent/STParamPersistentBucketTest.RaceyAbc/persistent_nexus_couchstore_magma_full_eviction
[2021-11-08T16:31:57.481Z] /Users/couchbase/workspace/workspace/kv_engine.macos_master/kv_engine/engines/ep/tests/module_tests/kv_bucket_test.cc:315: Failure
[2021-11-08T16:31:57.481Z] Expected equality of these values:
[2021-11-08T16:31:57.481Z]   cb::engine_errc::success
[2021-11-08T16:31:57.481Z]     Which is: success
[2021-11-08T16:31:57.481Z]   store->deleteItem(key, cas, vbid, cookie, {}, nullptr, mutation_descr)
[2021-11-08T16:31:57.481Z]     Which is: would block
[2021-11-08T16:31:57.482Z] /Users/couchbase/workspace/workspace/kv_engine.macos_master/kv_engine/engines/ep/tests/module_tests/kv_bucket_test.cc:255: Failure
[2021-11-08T16:31:57.482Z] Expected equality of these values:
[2021-11-08T16:31:57.482Z]   expected
[2021-11-08T16:31:57.482Z]     Which is: 1
[2021-11-08T16:31:57.482Z]   actualFlushed
[2021-11-08T16:31:57.482Z]     Which is: 0
[2021-11-08T16:31:57.482Z] Unexpected items (0) in flush_vbucket_to_disk(vb:0, 1)
[2021-11-08T16:31:57.482Z] HashTable[0x112d20220] with numItems:0 numInMemory:0 numDeleted:0 numNonResident:0 numTemp:1 numSystemItems:0 numPreparedSW:0 values: 
[2021-11-08T16:31:57.482Z]      SV @0x112d6ba40 ... ....Cm temp:I   seq:18446744073709551611 rev:2 cas:1636389116761145344 key:"cid:0x0:key, size:4" exp:0 age:0 fc:1 vallen:0
[2021-11-08T16:31:57.482Z] 
[2021-11-08T16:31:57.482Z] /Users/couchbase/workspace/workspace/kv_engine.macos_master/kv_engine/engines/ep/tests/module_tests/evp_store_single_threaded_test.cc:5169: Failure
[2021-11-08T16:31:57.482Z] Value of: res.committed
[2021-11-08T16:31:57.482Z]   Actual: true
[2021-11-08T16:31:57.482Z] Expected: false
[2021-11-08T16:31:57.482Z] HashTable[0x112d20220] with numItems:0 numInMemory:0 numDeleted:0 numNonResident:0 numTemp:1 numSystemItems:0 numPreparedSW:0 values: 
[2021-11-08T16:31:57.482Z]      SV @0x112d6ba40 ... ....Cm temp:I   seq:18446744073709551611 rev:2 cas:1636389116761145344 key:"cid:0x0:key, size:4" exp:0 age:0 fc:2 vallen:0
[2021-11-08T16:31:57.482Z] 
[2021-11-08T16:31:57.482Z] [  FAILED  ] Persistent/STParamPersistentBucketTest.RaceyAbc/persistent_nexus_couchstore_magma_full_eviction, where GetParam() = ("persistent_nexus_couchstore_magma", "full_eviction") (35 ms)
Persistent/STParamPersistentBucketTest.RaceyAbc/persistent_nexus_couchstore_magma_full_eviction
</pre>
 ( http://cv.jenkins.couchbase.com/job/kv_engine.macos/job/master/14649/ )

http://cv.jenkins.couchbase.com/job/kv_engine.linux-CE/job/master/15479/ : FAILURE

Failure of GoogleTest "Persistent/STParamPersistentBucketTest.RaceyAbc/persistent_couchstore_full_eviction":

<pre>
[ RUN      ] Persistent/STParamPersistentBucketTest.RaceyAbc/persistent_couchstore_full_eviction
[2021-11-08T17:23:51.526Z] ../kv_engine/engines/ep/tests/module_tests/kv_bucket_test.cc:308: Failure
[2021-11-08T17:23:51.526Z] Expected equality of these values:
[2021-11-08T17:23:51.526Z]   cb::engine_errc::success
[2021-11-08T17:23:51.526Z]     Which is: success
[2021-11-08T17:23:51.526Z]   store->deleteItem(key, cas, vbid, cookie, {}, nullptr, mutation_descr)
[2021-11-08T17:23:51.526Z]     Which is: would block
[2021-11-08T17:23:51.526Z] ../kv_engine/engines/ep/tests/module_tests/kv_bucket_test.cc:255: Failure
[2021-11-08T17:23:51.526Z] Expected equality of these values:
[2021-11-08T17:23:51.526Z]   expected
[2021-11-08T17:23:51.526Z]     Which is: 1
[2021-11-08T17:23:51.526Z]   actualFlushed
[2021-11-08T17:23:51.526Z]     Which is: 0
[2021-11-08T17:23:51.526Z] Unexpected items (0) in flush_vbucket_to_disk(vb:0, 1)
[2021-11-08T17:23:51.526Z] HashTable[0x7f22bd730f18] with numItems:0 numInMemory:0 numDeleted:0 numNonResident:0 numTemp:1 numSystemItems:0 numPreparedSW:0 values: 
[2021-11-08T17:23:51.526Z]      SV @0x7f22bd6073c0 ... ....Cm temp:I   seq:18446744073709551611 rev:2 cas:1636392231267139584 key:"cid:0x0:key, size:4" exp:0 age:0 fc:1 vallen:0
[2021-11-08T17:23:51.526Z] 
[2021-11-08T17:23:51.526Z] ../kv_engine/engines/ep/tests/module_tests/evp_store_single_threaded_test.cc:5169: Failure
[2021-11-08T17:23:51.526Z] Value of: res.committed
[2021-11-08T17:23:51.526Z]   Actual: true
[2021-11-08T17:23:51.526Z] Expected: false
[2021-11-08T17:23:51.526Z] HashTable[0x7f22bd730f18] with numItems:0 numInMemory:0 numDeleted:0 numNonResident:0 numTemp:1 numSystemItems:0 numPreparedSW:0 values: 
[2021-11-08T17:23:51.526Z]      SV @0x7f22bd6073c0 ... ....Cm temp:I   seq:18446744073709551611 rev:2 cas:1636392231267139584 key:"cid:0x0:key, size:4" exp:0 age:0 fc:2 vallen:0
[2021-11-08T17:23:51.526Z] 
[2021-11-08T17:23:51.526Z] [  FAILED  ] Persistent/STParamPersistentBucketTest.RaceyAbc/persistent_couchstore_full_eviction, where GetParam() = ("persistent_couchstore", "full_eviction") (6 ms)
Persistent/STParamPersistentBucketTest.RaceyAbc/persistent_couchstore_full_eviction
</pre>
 ( http://cv.jenkins.couchbase.com/job/kv_engine.linux-CE/job/master/15479/ )

http://cv.jenkins.couchbase.com/job/kv_engine.aarch64-linux/job/master/3569/ : FAILURE

Failure of GoogleTest "Persistent/STParamPersistentBucketTest.RaceyAbc/persistent_couchstore_full_eviction":

<pre>
[ RUN      ] Persistent/STParamPersistentBucketTest.RaceyAbc/persistent_couchstore_full_eviction
[2021-11-08T17:06:29.450Z] ../kv_engine/engines/ep/tests/module_tests/kv_bucket_test.cc:308: Failure
[2021-11-08T17:06:29.450Z] Expected equality of these values:
[2021-11-08T17:06:29.450Z]   cb::engine_errc::success
[2021-11-08T17:06:29.450Z]     Which is: success
[2021-11-08T17:06:29.450Z]   store->deleteItem(key, cas, vbid, cookie, {}, nullptr, mutation_descr)
[2021-11-08T17:06:29.450Z]     Which is: would block
[2021-11-08T17:06:29.450Z] ../kv_engine/engines/ep/tests/module_tests/kv_bucket_test.cc:255: Failure
[2021-11-08T17:06:29.450Z] Expected equality of these values:
[2021-11-08T17:06:29.450Z]   expected
[2021-11-08T17:06:29.450Z]     Which is: 1
[2021-11-08T17:06:29.450Z]   actualFlushed
[2021-11-08T17:06:29.450Z]     Which is: 0
[2021-11-08T17:06:29.450Z] Unexpected items (0) in flush_vbucket_to_disk(vb:0, 1)
[2021-11-08T17:06:29.450Z] HashTable[0xffff82c08818] with numItems:0 numInMemory:0 numDeleted:0 numNonResident:0 numTemp:1 numSystemItems:0 numPreparedSW:0 values: 
[2021-11-08T17:06:29.450Z]      SV @0xffff82bff3c0 ... ....Cm temp:I   seq:18446744073709551611 rev:2 cas:1636391188706820096 key:"cid:0x0:key, size:4" exp:0 age:0 fc:1 vallen:0
[2021-11-08T17:06:29.450Z] 
[2021-11-08T17:06:29.450Z] ../kv_engine/engines/ep/tests/module_tests/evp_store_single_threaded_test.cc:5169: Failure
[2021-11-08T17:06:29.450Z] Value of: res.committed
[2021-11-08T17:06:29.450Z]   Actual: true
[2021-11-08T17:06:29.450Z] Expected: false
[2021-11-08T17:06:29.450Z] HashTable[0xffff82c08818] with numItems:0 numInMemory:0 numDeleted:0 numNonResident:0 numTemp:1 numSystemItems:0 numPreparedSW:0 values: 
[2021-11-08T17:06:29.450Z]      SV @0xffff82bff3c0 ... ....Cm temp:I   seq:18446744073709551611 rev:2 cas:1636391188706820096 key:"cid:0x0:key, size:4" exp:0 age:0 fc:2 vallen:0
[2021-11-08T17:06:29.450Z] 
[2021-11-08T17:06:29.450Z] [  FAILED  ] Persistent/STParamPersistentBucketTest.RaceyAbc/persistent_couchstore_full_eviction, where GetParam() = ("persistent_couchstore", "full_eviction") (3 ms)
Persistent/STParamPersistentBucketTest.RaceyAbc/persistent_couchstore_full_eviction
</pre>
 ( http://cv.jenkins.couchbase.com/job/kv_engine.aarch64-linux/job/master/3569/ )

http://cv.jenkins.couchbase.com/job/kv_engine-clang_analyzer-master/35343/ : SUCCESS

http://cv.jenkins.couchbase.com/job/kv_engine-clang_tidy-master/13861/ : SUCCESS

http://cv.jenkins.couchbase.com/job/kv_engine-clang_format_9/12663/ : SUCCESS

http://cv.jenkins.couchbase.com/job/kv_engine.libFuzzer/job/master/3497/ : SUCCESS
----------------------------------------------------------------------------------------------------------------------
