======================================================================================================================
DESCRIPTION:

MB-50423: Allow PagingVisitor to remove deleted item metadata

If a request needs to read a deleted value's body (e.g., to read system
xattrs), the delete is bgfetched back into the HashTable.

After this, under value eviction only the value could be evicted -
there was no mechanism to remove the deleted value metadata, other than
overwriting the document or recreating the vbucket. It could remain in
memory long after the tombstone has been purged from disk.

To resolve this, allow the PagingVisitor to remove deleted StoredValues
from the HT, even under value eviction.

This does not fundamentally change how deletes are handled; once a
delete is persisted it is removed from the HT entirely anyway, and only
bgfetched if needed.

Change-Id: I16f9c4c9455ffec430dbb79afe088ba46ad9de20

======================================================================================================================
COMMENTS
======================================================================================================================
Author: James H
Date: 2022-01-21 16:24:07.000000000
Message: 
Uploaded patch set 1.
----------------------------------------------------------------------------------------------------------------------
Author: Build Bot
Date: 2022-01-21 18:12:46.000000000
Message: 
Patch Set 1: Verified-1

Build Failed 

http://cv.jenkins.couchbase.com/job/kv_engine-windows-master/43136/ : FAILURE

Failure of an engine_testapp test:

<pre>
Running [0108/0159]: test vbucket destroy stats...(1266 ms) OK


99% tests passed, 1 tests failed out of 419

Total Test time (real) = 1306.33 sec

The following tests FAIL
</pre>
 ( http://cv.jenkins.couchbase.com/job/kv_engine-windows-master/43136/ )

Timeout of a CTest test 419/419 Test #271: ep_testsuite.full_eviction.comp_active ........................................................................................} ( http://cv.jenkins.couchbase.com/job/kv_engine-windows-master/43136/ )

http://cv.jenkins.couchbase.com/job/kv_engine-clang_format_9/13881/ : SUCCESS

http://cv.jenkins.couchbase.com/job/kv_engine-clang_tidy-master/15038/ : SUCCESS

http://cv.jenkins.couchbase.com/job/kv_engine-clang_analyzer-master/36493/ : SUCCESS

http://cv.jenkins.couchbase.com/job/kv_engine.ASan-UBSan/job/master/25132/ : SUCCESS

http://cv.jenkins.couchbase.com/job/kv_engine.aarch64-linux/job/master/4745/ : SUCCESS

http://cv.jenkins.couchbase.com/job/kv_engine.libFuzzer/job/master/4683/ : SUCCESS

http://cv.jenkins.couchbase.com/job/kv_engine.linux/job/master/17025/ : SUCCESS

http://cv.jenkins.couchbase.com/job/kv_engine.macos/job/master/15849/ : SUCCESS

http://cv.jenkins.couchbase.com/job/kv_engine.linux-CE/job/master/16721/ : SUCCESS

http://cv.jenkins.couchbase.com/job/kv_engine.threadsanitizer/job/master/17798/ : SUCCESS
----------------------------------------------------------------------------------------------------------------------
Author: Build Bot
Date: 2022-01-24 11:01:26.000000000
Message: 
Patch Set 1:

Build Failed 

http://cv.jenkins.couchbase.com/job/kv_engine-windows-master/43184/ : FAILURE

Timeout of a CTest test 419/419 Test  #70: ep-engine_ep_unit_tests.DurabilityRespondAmbiguousTest ........................................................................} ( http://cv.jenkins.couchbase.com/job/kv_engine-windows-master/43184/ )

http://cv.jenkins.couchbase.com/job/kv_engine-clang_format_9/13881/ : SUCCESS

http://cv.jenkins.couchbase.com/job/kv_engine-clang_tidy-master/15038/ : SUCCESS

http://cv.jenkins.couchbase.com/job/kv_engine-clang_analyzer-master/36493/ : SUCCESS

http://cv.jenkins.couchbase.com/job/kv_engine.ASan-UBSan/job/master/25132/ : SUCCESS

http://cv.jenkins.couchbase.com/job/kv_engine.aarch64-linux/job/master/4745/ : SUCCESS

http://cv.jenkins.couchbase.com/job/kv_engine.libFuzzer/job/master/4683/ : SUCCESS

http://cv.jenkins.couchbase.com/job/kv_engine.linux/job/master/17025/ : SUCCESS

http://cv.jenkins.couchbase.com/job/kv_engine.macos/job/master/15849/ : SUCCESS

http://cv.jenkins.couchbase.com/job/kv_engine.linux-CE/job/master/16721/ : SUCCESS

http://cv.jenkins.couchbase.com/job/kv_engine.threadsanitizer/job/master/17798/ : SUCCESS
----------------------------------------------------------------------------------------------------------------------
Author: Build Bot
Date: 2022-01-24 12:19:03.000000000
Message: 
Patch Set 1:

Build Failed 

http://cv.jenkins.couchbase.com/job/kv_engine-windows-master/43202/ : FAILURE

Failure of an engine_testapp test:

<pre>
Running [0021/0093]: test producer stream request (full merged snapshots)...(3982 ms) OK


99% tests passed, 2 tests failed out of 419

Total Test time (real) = 368.55 sec

The following tests FAIL
</pre>
 ( http://cv.jenkins.couchbase.com/job/kv_engine-windows-master/43202/ )

Timeout of a CTest test 419/419 Test #285: ep_testsuite_dcp.value_eviction.comp_active ...................................................................................} ( http://cv.jenkins.couchbase.com/job/kv_engine-windows-master/43202/ )

http://cv.jenkins.couchbase.com/job/kv_engine-clang_format_9/13881/ : SUCCESS

http://cv.jenkins.couchbase.com/job/kv_engine-clang_tidy-master/15038/ : SUCCESS

http://cv.jenkins.couchbase.com/job/kv_engine-clang_analyzer-master/36493/ : SUCCESS

http://cv.jenkins.couchbase.com/job/kv_engine.ASan-UBSan/job/master/25132/ : SUCCESS

http://cv.jenkins.couchbase.com/job/kv_engine.aarch64-linux/job/master/4745/ : SUCCESS

http://cv.jenkins.couchbase.com/job/kv_engine.libFuzzer/job/master/4683/ : SUCCESS

http://cv.jenkins.couchbase.com/job/kv_engine.linux/job/master/17025/ : SUCCESS

http://cv.jenkins.couchbase.com/job/kv_engine.macos/job/master/15849/ : SUCCESS

http://cv.jenkins.couchbase.com/job/kv_engine.linux-CE/job/master/16721/ : SUCCESS

http://cv.jenkins.couchbase.com/job/kv_engine.threadsanitizer/job/master/17798/ : SUCCESS
----------------------------------------------------------------------------------------------------------------------
Author: Build Bot
Date: 2022-01-24 13:40:45.000000000
Message: 
Patch Set 1: Verified+1

Build Successful 

http://cv.jenkins.couchbase.com/job/kv_engine-clang_format_9/13881/ : SUCCESS

http://cv.jenkins.couchbase.com/job/kv_engine-clang_tidy-master/15038/ : SUCCESS

http://cv.jenkins.couchbase.com/job/kv_engine-clang_analyzer-master/36493/ : SUCCESS

http://cv.jenkins.couchbase.com/job/kv_engine.ASan-UBSan/job/master/25132/ : SUCCESS

http://cv.jenkins.couchbase.com/job/kv_engine.aarch64-linux/job/master/4745/ : SUCCESS

http://cv.jenkins.couchbase.com/job/kv_engine.libFuzzer/job/master/4683/ : SUCCESS

http://cv.jenkins.couchbase.com/job/kv_engine.linux/job/master/17025/ : SUCCESS

http://cv.jenkins.couchbase.com/job/kv_engine.macos/job/master/15849/ : SUCCESS

http://cv.jenkins.couchbase.com/job/kv_engine.linux-CE/job/master/16721/ : SUCCESS

http://cv.jenkins.couchbase.com/job/kv_engine.threadsanitizer/job/master/17798/ : SUCCESS

http://cv.jenkins.couchbase.com/job/kv_engine-windows-master/43208/ : SUCCESS
----------------------------------------------------------------------------------------------------------------------
Author: Ben Huddleston
Date: 2022-01-24 16:29:12.000000000
Message: 
Patch Set 1: Code-Review+1

(2 comments)
Line:1914, engines/ep/tests/module_tests/evp_store_test.cc -> feels like this should live in item_pager_test.cc

Line:1927, engines/ep/tests/module_tests/evp_store_test.cc -> this should work in the same way for full eviction shouldn't it? can we not run it for full too?

----------------------------------------------------------------------------------------------------------------------
Author: James H
Date: 2022-01-24 16:39:31.000000000
Message: 
Patch Set 1:

(2 comments)
Line:1914, engines/ep/tests/module_tests/evp_store_test.cc -> Done

Line:1927, engines/ep/tests/module_tests/evp_store_test.cc -> Done

----------------------------------------------------------------------------------------------------------------------
