======================================================================================================================
DESCRIPTION:

Refactor: Use process_monitor from platform

The functionality in ParentMonitor was moved into a more generic
library function ProcessMonitor and moved to platform so that
we can reuse the functionality elsewhere.

Started by using it in cluster_testapp to monitor the child
processes

Change-Id: I1106e7d240525183527105f70023c7088224d287

======================================================================================================================
COMMENTS
======================================================================================================================
Author: Trond Norbye
Date: 2021-05-11 10:35:19.000000000
Message: 
Uploaded patch set 3.
----------------------------------------------------------------------------------------------------------------------
Author: Build Bot
Date: 2021-05-11 11:55:14.000000000
Message: 
Patch Set 3: Verified-1

Build Failed 

http://cv.jenkins.couchbase.com/job/kv_engine-clang_format_9/7478/ : FAILURE

<p>clang-format suggested the following changes:

<pre>
cat <<"EOF" | patch -p1
diff --git a/cluster_framework/node.cc b/cluster_framework/node.cc
index d93da26c9..6add0444b 100644
--- a/cluster_framework/node.cc
+++ b/cluster_framework/node.cc
@@ -13,9 +13,9 @@
 #include &lt;folly/portability/Unistd.h&gt;
 #include &lt;nlohmann/json.hpp&gt;
 #include &lt;platform/dirutils.h&gt;
+#include &lt;platform/process_monitor.h&gt;
 #include &lt;platform/strerror.h&gt;
 #include &lt;protocol/connection/client_connection_map.h&gt;
-#include &lt;platform/process_monitor.h&gt;
 #include &lt;chrono&gt;
 #include &lt;fstream&gt;
 #include &lt;iostream&gt;

EOF
</pre> ( http://cv.jenkins.couchbase.com/job/kv_engine-clang_format_9/7478/ )

http://cv.jenkins.couchbase.com/job/kv_engine-windows-master/35767/ : FAILURE

Failure of an engine_testapp test:

<pre>
Running [0083/0096]: test MB-19153...(1541 ms) OK

        Start 363: memcached_testapp.ep.TransportProtocols/ClusterConfigTest
356/406 Test #360: memcached_testapp.ep.TransportProtocols/ArithmeticXattrOnTest .................................................................   Passed    4.77 sec
        Start 364: memcached_testapp.ep.TransportProtocols/CmdTimerTest
357/406 Test #359: memcached_testapp.ep.TransportProtocols/ArithmeticTest ........................................................................   Passed    6.16 sec
        Start 365: memcached_testapp.ep.TransportProtocols/CollectionsTest
358/406 Test #361: memcached_testapp.ep.TransportProtocols/AuditTest .............................................................................   Passed    5.79 sec
        Start 366: memcached_testapp.ep.TransportProtocols/DcpTest
359/406 Test #364: memcached_testapp.ep.TransportProtocols/CmdTimerTest ..........................................................................   Passed    3.26 sec
        Start 367: memcached_testapp.ep.Transport/DeprecatedCommandsTests
360/406 Test #365: memcached_testapp.ep.TransportProtocols/CollectionsTest .......................................................................   Passed    3.34 sec
        Start 368: memcached_testapp.ep.TransportProtocols/DurabilityTest
361/406 Test #366: memcached_testapp.ep.TransportProtocols/DcpTest ...............................................................................   Passed    2.83 sec
        Start 369: memcached_testapp.ep.TransportProtocols/SubdocDurabilityTest
362/406 Test #363: memcached_testapp.ep.TransportProtocols/ClusterConfigTest .....................................................................   Passed    8.06 sec
        Start 370: memcached_testapp.ep.TransportProtocols/ErrmapTest
363/406 Test #367: memcached_testapp.ep.Transport/DeprecatedCommandsTests ........................................................................   Passed    2.99 sec
        Start 371: memcached_testapp.ep.TransportProtocols/ExternalAuthTest
364/406 Test #368: memcached_testapp.ep.TransportProtocols/DurabilityTest ........................................................................   Passed    3.06 sec
        Start 372: memcached_testapp.ep.TransportProtocols/FlushTest
365/406 Test #369: memcached_testapp.ep.TransportProtocols/SubdocDurabilityTest ..................................................................   Passed    3.00 sec
        Start 373: memcached_testapp.ep.TransportProtocols/GetSetTest
366/406 Test #370: memcached_testapp.ep.TransportProtocols/ErrmapTest ............................................................................   Passed    2.21 sec
        Start 374: memcached_testapp.ep.TransportProtocols/InterfacesTest
367/406 Test #371: memcached_testapp.ep.TransportProtocols/ExternalAuthTest ......................................................................   Passed    2.20 sec
        Start 375: memcached_testapp.ep.TransportProtocols/IoctlTest
368/406 Test #372: memcached_testapp.ep.TransportProtocols/FlushTest .............................................................................   Passed    2.39 sec
        Start 376: memcached_testapp.ep.TransportProtocols/IPv6Test
369/406 Test #374: memcached_testapp.ep.TransportProtocols/InterfacesTest ........................................................................   Passed    2.06 sec
        Start 377: memcached_testapp.ep.TransportProtocols/LegacyUsersTest
370/406 Test #375: memcached_testapp.ep.TransportProtocols/IoctlTest .............................................................................   Passed    2.26 sec
        Start 378: memcached_testapp.ep.TransportProtocols/LockTest
371/406 Test #376: memcached_testapp.ep.TransportProtocols/IPv6Test ..............................................................................   Passed    2.68 sec
        Start 379: memcached_testapp.ep.LoggingTests/LoggingTest
372/406 Test #377: memcached_testapp.ep.TransportProtocols/LegacyUsersTest .......................................................................   Passed    2.37 sec
        Start 380: memcached_testapp.ep.TransportProtocols/MiscTest
373/406 Test #378: memcached_testapp.ep.TransportProtocols/LockTest ..............................................................................   Passed    3.13 sec
        Start 381: memcached_testapp.ep.TransportProtocols/NoAutoselectDefaultBucketTest
374/406 Test #379: memcached_testapp.ep.LoggingTests/LoggingTest .................................................................................   Passed    2.04 sec
        Start 382: memcached_testapp.ep.CleanOrUnclean/PersistToTest
375/406 Test #380: memcached_testapp.ep.TransportProtocols/MiscTest ..............................................................................   Passed    2.01 sec
        Start 383: memcached_testapp.ep.TransportProtocols/RbacTest
376/406 Test #381: memcached_testapp.ep.TransportProtocols/NoAutoselectDefaultBucketTest .........................................................   Passed    1.01 sec
        Start 384: memcached_testapp.ep.TransportProtocols/RbacRoleTest
377/406 Test #373: memcached_testapp.ep.TransportProtocols/GetSetTest ............................................................................   Passed    8.08 sec
        Start 385: memcached_testapp.ep.TransportProtocols/RegressionTest
378/406 Test #383: memcached_testapp.ep.TransportProtocols/RbacTest ..............................................................................   Passed    1.68 sec
        Start 386: memcached_testapp.ep.TransportProtocols/RemoveTest
379/406 Test #384: memcached_testapp.ep.TransportProtocols/RbacRoleTest ..........................................................................   Passed    1.79 sec
        Start 387: memcached_testapp.ep.TransportProtocols/SaslTest
380/406 Test #385: memcached_testapp.ep.TransportProtocols/RegressionTest ........................................................................   Passed    2.25 sec
        Start 388: memcached_testapp.ep.TransportProtocols/StatsTest
381/406 Test #386: memcached_testapp.ep.TransportProtocols/RemoveTest ............................................................................   Passed    1.93 sec
        Start 389: memcached_testapp.ep.TransportProtocols/NoBucketStatsTest
382/406 Test #340: memcached_testapp.default.SDPerf/SubdocPerfTest ...............................................................................   Passed   34.00 sec
        Start 390: memcached_testapp.ep.Subdoc/SubdocTestappTest
383/406 Test #388: memcached_testapp.ep.TransportProtocols/StatsTest .............................................................................   Passed    3.56 sec
        Start 391: memcached_testapp.ep.SDPerf/SubdocPerfTest
384/406 Test #389: memcached_testapp.ep.TransportProtocols/NoBucketStatsTest .....................................................................   Passed    3.56 sec
        Start 392: memcached_testapp.ep.TransportProtocols/TlsTests
385/406 Test #390: memcached_testapp.ep.Subdoc/SubdocTestappTest .................................................................................   Passed    4.75 sec
        Start 393: memcached_testapp.ep.Transport/McdTopkeysTest
386/406 Test #387: memcached_testapp.ep.TransportProtocols/SaslTest ..............................................................................   Passed    7.46 sec
        Start 394: memcached_testapp.ep.TransportProtocols/TouchTest
387/406 Test #392: memcached_testapp.ep.TransportProtocols/TlsTests ..............................................................................   Passed    2.42 sec
        Start 395: memcached_testapp.ep.TransportProtocols/TtlTest
388/406 Test #393: memcached_testapp.ep.Transport/McdTopkeysTest .................................................................................   Passed    2.89 sec
        Start 396: memcached_testapp.ep.TransportProtocols/TuneMcbpSla
389/406 Test #382: memcached_testapp.ep.CleanOrUnclean/PersistToTest .............................................................................   Passed   12.11 sec
        Start 397: memcached_testapp.ep.TransportProtocols/WithMetaTest
390/406 Test #394: memcached_testapp.ep.TransportProtocols/TouchTest .............................................................................   Passed    2.59 sec
        Start 398: memcached_testapp.ep.TransportProtocols/XattrTest
391/406 Test #395: memcached_testapp.ep.TransportProtocols/TtlTest ...............................................................................   Passed    2.73 sec
        Start 399: memcached_testapp.ep.TransportProtocols/XattrNoDocTest
392/406 Test #396: memcached_testapp.ep.TransportProtocols/TuneMcbpSla ...........................................................................   Passed    2.07 sec
        Start 400: memcached_testapp.ep.TransportProtocols/XattrNoDocDurabilityTest
393/406 Test #399: memcached_testapp.ep.TransportProtocols/XattrNoDocTest ........................................................................   Passed    2.20 sec
        Start 401: memcached_testapp.ep.TransportProtocols/XattrDisabledTest
394/406 Test #362: memcached_testapp.ep.TransportProtocols/BucketTest ............................................................................   Passed   35.40 sec
        Start 402: testapp_auth_provider_test
395/406 Test #400: memcached_testapp.ep.TransportProtocols/XattrNoDocDurabilityTest ..............................................................   Passed    3.83 sec
        Start 403: cluster_test
396/406 Test #401: memcached_testapp.ep.TransportProtocols/XattrDisabledTest .....................................................................   Passed    3.29 sec
        Start 404: memcached_topkeys_test
397/406 Test #398: memcached_testapp.ep.TransportProtocols/XattrTest .............................................................................   Passed    6.73 sec
        Start 405: memcached_unsigned_leb128_test
398/406 Test #397: memcached_testapp.ep.TransportProtocols/WithMetaTest ..........................................................................   Passed    7.73 sec
        Start 406: memcached-hostutils-test
399/406 Test #402: testapp_auth_provider_test ....................................................................................................   Passed    3.30 sec
400/406 Test #405: memcached_unsigned_leb128_test ................................................................................................   Passed    1.47 sec
401/406 Test #406: memcached-hostutils-test ......................................................................................................   Passed    0.71 sec
402/406 Test #404: memcached_topkeys_test ........................................................................................................   Passed    2.63 sec
403/406 Test #293: kv-engine-check-header-define-once-guard ......................................................................................   Passed  122.70 sec
404/406 Test #287: ep_perfsuite.value_eviction ...................................................................................................   Passed  170.13 sec
405/406 Test #403: cluster_test ..................................................................................................................   Passed   26.00 sec
406/406 Test #391: memcached_testapp.ep.SDPerf/SubdocPerfTest ....................................................................................   Passed   38.12 sec

99% tests passed, 4 tests failed out of 406

Total Test time (real) = 453.43 sec

The following tests FAIL
</pre>
 ( http://cv.jenkins.couchbase.com/job/kv_engine-windows-master/35767/ )

Timeout of a CTest test 337/406 Test #285: ep_testsuite_xdcr.value_eviction.magma ........................................................................................} ( http://cv.jenkins.couchbase.com/job/kv_engine-windows-master/35767/ )

http://cv.jenkins.couchbase.com/job/kv_engine-clang_tidy/8926/ : SUCCESS

http://cv.jenkins.couchbase.com/job/kv_engine-clang_analyzer-master/30583/ : SUCCESS

http://cv.jenkins.couchbase.com/job/kv_engine.macos/job/master/9547/ : SUCCESS

http://cv.jenkins.couchbase.com/job/kv_engine.threadsanitizer/job/master/10874/ : SUCCESS

http://cv.jenkins.couchbase.com/job/kv_engine.linux-CE/job/master/10479/ : SUCCESS

http://cv.jenkins.couchbase.com/job/kv_engine.linux/job/master/10620/ : SUCCESS

http://cv.jenkins.couchbase.com/job/kv_engine.ASan-UBSan/job/master/18430/ : SUCCESS
----------------------------------------------------------------------------------------------------------------------
