======================================================================================================================
DESCRIPTION:

Adaptions for googletest 1.11.0

Change-Id: Ib5d0224846653f53aca0a95048745f6f1180a007

======================================================================================================================
COMMENTS
======================================================================================================================
Author: Trond Norbye
Date: 2021-09-16 15:50:44.000000000
Message: 
Uploaded patch set 11.
----------------------------------------------------------------------------------------------------------------------
Author: Trond Norbye
Date: 2021-09-16 15:50:52.000000000
Message: 
Patch Set 11:

(1 comment)
----------------------------------------------------------------------------------------------------------------------
Author: Build Bot
Date: 2021-09-16 17:35:38.000000000
Message: 
Patch Set 11: Verified-1

Build Failed 

http://cv.jenkins.couchbase.com/job/kv_engine-windows-master/40048/ : FAILURE

Failure of an engine_testapp test:

<pre>
Running [0104/0158]: test async vbucket destroy...(65 ms) OK


99% tests passed, 2 tests failed out of 411

Total Test time (real) = 687.38 sec

The following tests FAIL
</pre>
 ( http://cv.jenkins.couchbase.com/job/kv_engine-windows-master/40048/ )

Timeout of a CTest test 410/411 Test #261: ep_testsuite.full_eviction.comp_passive .......................................................................................} ( http://cv.jenkins.couchbase.com/job/kv_engine-windows-master/40048/ )

http://cv.jenkins.couchbase.com/job/kv_engine-clang_analyzer-master/34100/ : SUCCESS

http://cv.jenkins.couchbase.com/job/kv_engine-clang_tidy-master/12535/ : SUCCESS

http://cv.jenkins.couchbase.com/job/kv_engine-clang_format_9/11326/ : SUCCESS

http://cv.jenkins.couchbase.com/job/kv_engine.linux-CE/job/master/14153/ : SUCCESS

http://cv.jenkins.couchbase.com/job/kv_engine.ASan-UBSan/job/master/22407/ : SUCCESS

http://cv.jenkins.couchbase.com/job/kv_engine.aarch64-linux/job/master/2203/ : SUCCESS

http://cv.jenkins.couchbase.com/job/kv_engine.macos/job/master/13293/ : SUCCESS

http://cv.jenkins.couchbase.com/job/kv_engine.libFuzzer/job/master/2178/ : SUCCESS

http://cv.jenkins.couchbase.com/job/kv_engine.linux/job/master/14399/ : SUCCESS

http://cv.jenkins.couchbase.com/job/kv_engine.threadsanitizer/job/master/14912/ : SUCCESS
----------------------------------------------------------------------------------------------------------------------
Author: Build Bot
Date: 2021-09-17 05:24:31.000000000
Message: 
Patch Set 11:

Build Failed 

http://cv.jenkins.couchbase.com/job/kv_engine-windows-master/40060/ : FAILURE

Failure of an engine_testapp test:

<pre>
Running [0073/0093]: test MB-16357...(50 ms) OK


99% tests passed, 1 tests failed out of 411

Total Test time (real) = 338.17 sec

The following tests FAIL
</pre>
 ( http://cv.jenkins.couchbase.com/job/kv_engine-windows-master/40060/ )

Timeout of a CTest test 411/411 Test #280: ep_testsuite_dcp.ephemeral.comp_active ........................................................................................} ( http://cv.jenkins.couchbase.com/job/kv_engine-windows-master/40060/ )

http://cv.jenkins.couchbase.com/job/kv_engine-clang_analyzer-master/34100/ : SUCCESS

http://cv.jenkins.couchbase.com/job/kv_engine-clang_tidy-master/12535/ : SUCCESS

http://cv.jenkins.couchbase.com/job/kv_engine-clang_format_9/11326/ : SUCCESS

http://cv.jenkins.couchbase.com/job/kv_engine.linux-CE/job/master/14153/ : SUCCESS

http://cv.jenkins.couchbase.com/job/kv_engine.ASan-UBSan/job/master/22407/ : SUCCESS

http://cv.jenkins.couchbase.com/job/kv_engine.aarch64-linux/job/master/2203/ : SUCCESS

http://cv.jenkins.couchbase.com/job/kv_engine.macos/job/master/13293/ : SUCCESS

http://cv.jenkins.couchbase.com/job/kv_engine.libFuzzer/job/master/2178/ : SUCCESS

http://cv.jenkins.couchbase.com/job/kv_engine.linux/job/master/14399/ : SUCCESS

http://cv.jenkins.couchbase.com/job/kv_engine.threadsanitizer/job/master/14912/ : SUCCESS
----------------------------------------------------------------------------------------------------------------------
Author: Build Bot
Date: 2021-09-17 05:59:08.000000000
Message: 
Patch Set 11:

Build Failed 

http://cv.jenkins.couchbase.com/job/kv_engine-windows-master/40063/ : FAILURE

Failure of an engine_testapp test:

<pre>
Running [0157/0158]: test reader thread starvation during warmup due to low reader threads...WARNING: Found duplicate entry for "dbname"
WARNING: Found duplicate entry for "dbname"


99% tests passed, 1 tests failed out of 411

Total Test time (real) = 660.05 sec

The following tests FAIL
</pre>
 ( http://cv.jenkins.couchbase.com/job/kv_engine-windows-master/40063/ )

Timeout of a CTest test 411/411 Test #260: ep_testsuite.value_eviction.comp_active .......................................................................................} ( http://cv.jenkins.couchbase.com/job/kv_engine-windows-master/40063/ )

http://cv.jenkins.couchbase.com/job/kv_engine-clang_analyzer-master/34100/ : SUCCESS

http://cv.jenkins.couchbase.com/job/kv_engine-clang_tidy-master/12535/ : SUCCESS

http://cv.jenkins.couchbase.com/job/kv_engine-clang_format_9/11326/ : SUCCESS

http://cv.jenkins.couchbase.com/job/kv_engine.linux-CE/job/master/14153/ : SUCCESS

http://cv.jenkins.couchbase.com/job/kv_engine.ASan-UBSan/job/master/22407/ : SUCCESS

http://cv.jenkins.couchbase.com/job/kv_engine.aarch64-linux/job/master/2203/ : SUCCESS

http://cv.jenkins.couchbase.com/job/kv_engine.macos/job/master/13293/ : SUCCESS

http://cv.jenkins.couchbase.com/job/kv_engine.libFuzzer/job/master/2178/ : SUCCESS

http://cv.jenkins.couchbase.com/job/kv_engine.linux/job/master/14399/ : SUCCESS

http://cv.jenkins.couchbase.com/job/kv_engine.threadsanitizer/job/master/14912/ : SUCCESS
----------------------------------------------------------------------------------------------------------------------
Author: Build Bot
Date: 2021-09-17 06:19:54.000000000
Message: 
Patch Set 11: Verified+1

Build Successful 

http://cv.jenkins.couchbase.com/job/kv_engine-clang_analyzer-master/34100/ : SUCCESS

http://cv.jenkins.couchbase.com/job/kv_engine-clang_tidy-master/12535/ : SUCCESS

http://cv.jenkins.couchbase.com/job/kv_engine-clang_format_9/11326/ : SUCCESS

http://cv.jenkins.couchbase.com/job/kv_engine.linux-CE/job/master/14153/ : SUCCESS

http://cv.jenkins.couchbase.com/job/kv_engine.ASan-UBSan/job/master/22407/ : SUCCESS

http://cv.jenkins.couchbase.com/job/kv_engine.aarch64-linux/job/master/2203/ : SUCCESS

http://cv.jenkins.couchbase.com/job/kv_engine.macos/job/master/13293/ : SUCCESS

http://cv.jenkins.couchbase.com/job/kv_engine.libFuzzer/job/master/2178/ : SUCCESS

http://cv.jenkins.couchbase.com/job/kv_engine.linux/job/master/14399/ : SUCCESS

http://cv.jenkins.couchbase.com/job/kv_engine.threadsanitizer/job/master/14912/ : SUCCESS

http://cv.jenkins.couchbase.com/job/kv_engine-windows-master/40064/ : SUCCESS
----------------------------------------------------------------------------------------------------------------------
Author: Richard de Mellow
Date: 2021-09-17 08:13:35.000000000
Message: 
Patch Set 11: Code-Review+1
----------------------------------------------------------------------------------------------------------------------
Author: Daniel Owen
Date: 2021-09-17 12:08:22.000000000
Message: 
Patch Set 11: Code-Review+2
----------------------------------------------------------------------------------------------------------------------
