======================================================================================================================
DESCRIPTION:

MB-50423: Merge branch 'cheshire-cat' into 7.1.4

No-op merge - merging patch previously in 7.1.4 which was backported
to cheshire-cat.

* commit '2bd258868':
  MB-50423: Allow PagingVisitor to remove deleted item metadata

Change-Id: I77856041c65826c67be01302c8a0d046cc46a699

======================================================================================================================
COMMENTS
======================================================================================================================
Author: Dave Rigby
Date: 2023-01-25 12:03:11.000000000
Message: 
Uploaded patch set 3: New patch set was added with same tree, parents, and commit message as Patch Set 2.
----------------------------------------------------------------------------------------------------------------------
Author: Build Bot
Date: 2023-01-25 12:51:49.000000000
Message: 
Patch Set 3: Verified-1

Build Failed 

https://cv.jenkins.couchbase.com/job/kv_engine-windows-714/10/ : FAILURE

Failure of an engine_testapp test:

<pre>
Running [45/160]: mem stats...(1612 ms) OK


99% tests passed, 1 tests failed out of 424

Total Test time (real) = 1202.44 sec

The following tests FAIL
</pre>
 ( https://cv.jenkins.couchbase.com/job/kv_engine-windows-714/10/ )

Timeout of a CTest test 424/424 Test #274: ep_testsuite.value_eviction.comp_active .......................................................................................} ( https://cv.jenkins.couchbase.com/job/kv_engine-windows-714/10/ )

https://cv.jenkins.couchbase.com/job/kv_engine.macos/job/7.1.4/13/ : FAILURE

No problems were identified. If you know why this problem occurred, please add a suitable Cause for it. ( https://cv.jenkins.couchbase.com/job/kv_engine.macos/job/7.1.4/13/ )

https://cv.jenkins.couchbase.com/job/kv_engine.threadsanitizer/job/7.1.4/11/ : FAILURE

ThreadSanitizer issue: data race /opt/gcc-10.2.0/lib/gcc/x86_64-pc-linux-gnu/10.2.0/../../../../include/c++/10.2.0/bits/stl_vector.h:1794 in std::vector<std::shared_ptr<cb::test::Bucket>, std::allocator<std::shared_ptr<cb::test::Bucket> > >::_M_erase_at_end(std::shared_ptr<cb::test::Bucket>*)  ( https://cv.jenkins.couchbase.com/job/kv_engine.threadsanitizer/job/7.1.4/11/ )

https://cv.jenkins.couchbase.com/job/kv_engine-clang_analyzer-714/9/ : SUCCESS

https://cv.jenkins.couchbase.com/job/kv_engine-clang_tidy-714/9/ : SUCCESS

https://cv.jenkins.couchbase.com/job/kv_engine-clang_format_9/22358/ : SUCCESS

https://cv.jenkins.couchbase.com/job/kv_engine.libFuzzer/job/7.1.4/10/ : SUCCESS

https://cv.jenkins.couchbase.com/job/kv_engine.linux/job/7.1.4/10/ : SUCCESS

https://cv.jenkins.couchbase.com/job/kv_engine.linux-CE/job/7.1.4/10/ : SUCCESS

https://cv.jenkins.couchbase.com/job/kv_engine.ASan-UBSan/job/7.1.4/10/ : SUCCESS

https://cv.jenkins.couchbase.com/job/kv_engine.aarch64-linux/job/7.1.4/4/ : SUCCESS
----------------------------------------------------------------------------------------------------------------------
Author: Build Bot
Date: 2023-01-26 22:26:20.000000000
Message: 
Patch Set 3:

Build Failed 

https://cv.jenkins.couchbase.com/job/kv_engine.macos/job/7.1.4/22/ : FAILURE

Failure of GoogleTest "EphemeralOrPersistent/STItemPagerTest.ReplicaEvictedBeforeActive/persistent_couchstore_value_only":

<pre>
[ RUN      ] EphemeralOrPersistent/STItemPagerTest.ReplicaEvictedBeforeActive/persistent_couchstore_value_only
[2023-01-26T21:40:58.668Z] ../kv_engine/engines/ep/tests/module_tests/item_pager_test.cc:1180: Failure
[2023-01-26T21:40:58.668Z] Expected equality of these values:
[2023-01-26T21:40:58.668Z]   100
[2023-01-26T21:40:58.668Z]   getRRPercent(*store->getVBucket(vbid))
[2023-01-26T21:40:58.668Z]     Which is: 94
[2023-01-26T21:40:58.668Z] vb:0 not fully resident after eviction
[2023-01-26T21:40:58.668Z] ../kv_engine/engines/ep/tests/module_tests/item_pager_test.cc:1180: Failure
[2023-01-26T21:40:58.668Z] Expected equality of these values:
[2023-01-26T21:40:58.668Z]   100
[2023-01-26T21:40:58.668Z]   getRRPercent(*store->getVBucket(vbid))
[2023-01-26T21:40:58.668Z]     Which is: 96
[2023-01-26T21:40:58.668Z] vb:1 not fully resident after eviction
[2023-01-26T21:40:58.668Z] [  FAILED  ] EphemeralOrPersistent/STItemPagerTest.ReplicaEvictedBeforeActive/persistent_couchstore_value_only, where GetParam() = "bucket_type=persistent:backend=couchstore:item_eviction_policy=value_only" (426 ms)
EphemeralOrPersistent/STItemPagerTest.ReplicaEvictedBeforeActive/persistent_couchstore_value_only
</pre>
 ( https://cv.jenkins.couchbase.com/job/kv_engine.macos/job/7.1.4/22/ )

Timeout of a CTest test [2023-01-26T22:06:12.532Z] 444/444 Test #442: cluster_test ................................................................................................} ( https://cv.jenkins.couchbase.com/job/kv_engine.macos/job/7.1.4/22/ )

https://cv.jenkins.couchbase.com/job/kv_engine.threadsanitizer/job/7.1.4/19/ : FAILURE

ThreadSanitizer issue: data race /opt/gcc-10.2.0/lib/gcc/x86_64-pc-linux-gnu/10.2.0/../../../../include/c++/10.2.0/bits/stl_vector.h:1794 in std::vector<std::shared_ptr<cb::test::Bucket>, std::allocator<std::shared_ptr<cb::test::Bucket> > >::_M_erase_at_end(std::shared_ptr<cb::test::Bucket>*)  ( https://cv.jenkins.couchbase.com/job/kv_engine.threadsanitizer/job/7.1.4/19/ )

https://cv.jenkins.couchbase.com/job/kv_engine-windows-714/21/ : FAILURE

Failure of an engine_testapp test:

<pre>
Running [66/93]: dcp persistence seqno for backfill items...(56 ms) OK


99% tests passed, 3 tests failed out of 424

Total Test time (real) = 408.57 sec

The following tests FAIL
</pre>
 ( https://cv.jenkins.couchbase.com/job/kv_engine-windows-714/21/ )

Failure of GoogleTest "EphemeralOrPersistent/STExpiryPagerTest.ExpiredItemsDeleted/persistent_magma_full_eviction":

<pre>
[ RUN      ] EphemeralOrPersistent/STExpiryPagerTest.ExpiredItemsDeleted/persistent_magma_full_eviction
..\kv_engine\engines\ep\tests\module_tests\item_pager_test.cc(1704): error: Expected equality of these values:
  cb::engine_errc::would_block
    Which is: would block
  getKeyFn(key_2)
    Which is: no memory
..\kv_engine\engines\ep\tests\module_tests\item_pager_test.cc(1707): error: Expected equality of these values:
  cb::engine_errc::no_such_key
    Which is: no such key
  getKeyFn(key_2)
    Which is: no memory
Key with TTL:20 should be removed.
[  FAILED  ] EphemeralOrPersistent/STExpiryPagerTest.ExpiredItemsDeleted/persistent_magma_full_eviction, where GetParam() = "bucket_type=persistent:backend=magma:item_eviction_policy=full_eviction" (374 ms)
EphemeralOrPersistent/STExpiryPagerTest.ExpiredItemsDeleted/persistent_magma_full_eviction
</pre>
 ( https://cv.jenkins.couchbase.com/job/kv_engine-windows-714/21/ )

Timeout of a CTest test 423/424 Test #289: ep_testsuite_dcp.value_eviction.comp_passive ..................................................................................} ( https://cv.jenkins.couchbase.com/job/kv_engine-windows-714/21/ )

https://cv.jenkins.couchbase.com/job/kv_engine-clang_analyzer-714/9/ : SUCCESS

https://cv.jenkins.couchbase.com/job/kv_engine-clang_tidy-714/9/ : SUCCESS

https://cv.jenkins.couchbase.com/job/kv_engine-clang_format_9/22358/ : SUCCESS

https://cv.jenkins.couchbase.com/job/kv_engine.libFuzzer/job/7.1.4/10/ : SUCCESS

https://cv.jenkins.couchbase.com/job/kv_engine.linux/job/7.1.4/10/ : SUCCESS

https://cv.jenkins.couchbase.com/job/kv_engine.linux-CE/job/7.1.4/10/ : SUCCESS

https://cv.jenkins.couchbase.com/job/kv_engine.ASan-UBSan/job/7.1.4/10/ : SUCCESS

https://cv.jenkins.couchbase.com/job/kv_engine.aarch64-linux/job/7.1.4/4/ : SUCCESS
----------------------------------------------------------------------------------------------------------------------
Author: Build Bot
Date: 2023-01-27 09:33:05.000000000
Message: 
Patch Set 3:

Build Failed 

https://cv.jenkins.couchbase.com/job/kv_engine.macos/job/7.1.4/35/ : FAILURE

Failure of an engine_testapp test:

<pre>
Running [42/160]: file stats post warmup...../kv_engine/engines/ep/tests/ep_testsuite.cc:2328 Test failed: `" (Expected `287539" to be less than or equal to `278528" - Unexpected fileSize for vbucket)
[2023-01-27T09:23:49.323Z] (263 ms) FAIL
</pre>
 ( https://cv.jenkins.couchbase.com/job/kv_engine.macos/job/7.1.4/35/ )

Failure of GoogleTest "EphemeralOrPersistent/STItemPagerTest.ReplicaEvictedBeforeActive/persistent_couchstore_value_only":

<pre>
[ RUN      ] EphemeralOrPersistent/STItemPagerTest.ReplicaEvictedBeforeActive/persistent_couchstore_value_only
[2023-01-27T09:21:54.223Z] ../kv_engine/engines/ep/tests/module_tests/item_pager_test.cc:1180: Failure
[2023-01-27T09:21:54.223Z] Expected equality of these values:
[2023-01-27T09:21:54.223Z]   100
[2023-01-27T09:21:54.223Z]   getRRPercent(*store->getVBucket(vbid))
[2023-01-27T09:21:54.223Z]     Which is: 94
[2023-01-27T09:21:54.223Z] vb:0 not fully resident after eviction
[2023-01-27T09:21:54.223Z] ../kv_engine/engines/ep/tests/module_tests/item_pager_test.cc:1180: Failure
[2023-01-27T09:21:54.223Z] Expected equality of these values:
[2023-01-27T09:21:54.223Z]   100
[2023-01-27T09:21:54.223Z]   getRRPercent(*store->getVBucket(vbid))
[2023-01-27T09:21:54.223Z]     Which is: 97
[2023-01-27T09:21:54.223Z] vb:1 not fully resident after eviction
[2023-01-27T09:21:54.223Z] [  FAILED  ] EphemeralOrPersistent/STItemPagerTest.ReplicaEvictedBeforeActive/persistent_couchstore_value_only, where GetParam() = "bucket_type=persistent:backend=couchstore:item_eviction_policy=value_only" (453 ms)
EphemeralOrPersistent/STItemPagerTest.ReplicaEvictedBeforeActive/persistent_couchstore_value_only
</pre>
 ( https://cv.jenkins.couchbase.com/job/kv_engine.macos/job/7.1.4/35/ )

https://cv.jenkins.couchbase.com/job/kv_engine.threadsanitizer/job/7.1.4/24/ : FAILURE

Compile error at [2023-01-27T09:11:40.753Z] magma/CMakeFiles/magma_gtest.dir/Unity/unity_2_cxx.cxx:3:10:
fatal error: "/home/couchbase/jenkins/workspace/kv_engine.threadsanitizer_7.1.4/magma/util/bitmap_test.cc" file not found
 ( https://cv.jenkins.couchbase.com/job/kv_engine.threadsanitizer/job/7.1.4/24/ )

Clang linker error: linker command failed with exit code 1 (use -v to see invocation) ( https://cv.jenkins.couchbase.com/job/kv_engine.threadsanitizer/job/7.1.4/24/ )

https://cv.jenkins.couchbase.com/job/kv_engine-windows-714/23/ : FAILURE

Failure of an engine_testapp test:

<pre>
Running [12/93]: test dcp replica stream in-memory...(85 ms) OK


99% tests passed, 1 tests failed out of 424

Total Test time (real) = 343.42 sec

The following tests FAIL
</pre>
 ( https://cv.jenkins.couchbase.com/job/kv_engine-windows-714/23/ )

Timeout of a CTest test 424/424 Test #290: ep_testsuite_dcp.value_eviction.comp_active ...................................................................................} ( https://cv.jenkins.couchbase.com/job/kv_engine-windows-714/23/ )

https://cv.jenkins.couchbase.com/job/kv_engine-clang_analyzer-714/9/ : SUCCESS

https://cv.jenkins.couchbase.com/job/kv_engine-clang_tidy-714/9/ : SUCCESS

https://cv.jenkins.couchbase.com/job/kv_engine-clang_format_9/22358/ : SUCCESS

https://cv.jenkins.couchbase.com/job/kv_engine.libFuzzer/job/7.1.4/10/ : SUCCESS

https://cv.jenkins.couchbase.com/job/kv_engine.linux/job/7.1.4/10/ : SUCCESS

https://cv.jenkins.couchbase.com/job/kv_engine.linux-CE/job/7.1.4/10/ : SUCCESS

https://cv.jenkins.couchbase.com/job/kv_engine.ASan-UBSan/job/7.1.4/10/ : SUCCESS

https://cv.jenkins.couchbase.com/job/kv_engine.aarch64-linux/job/7.1.4/4/ : SUCCESS
----------------------------------------------------------------------------------------------------------------------
Author: Build Bot
Date: 2023-01-27 10:48:43.000000000
Message: 
Patch Set 3:

Build Failed 

https://cv.jenkins.couchbase.com/job/kv_engine.macos/job/7.1.4/40/ : FAILURE

Failure of GoogleTest "EphemeralOrPersistent/STItemPagerTest.ReplicaEvictedBeforeActive/persistent_couchstore_value_only":

<pre>
[ RUN      ] EphemeralOrPersistent/STItemPagerTest.ReplicaEvictedBeforeActive/persistent_couchstore_value_only
[2023-01-27T10:32:40.853Z] ../kv_engine/engines/ep/tests/module_tests/item_pager_test.cc:1180: Failure
[2023-01-27T10:32:40.853Z] Expected equality of these values:
[2023-01-27T10:32:40.853Z]   100
[2023-01-27T10:32:40.853Z]   getRRPercent(*store->getVBucket(vbid))
[2023-01-27T10:32:40.853Z]     Which is: 94
[2023-01-27T10:32:40.853Z] vb:0 not fully resident after eviction
[2023-01-27T10:32:40.853Z] ../kv_engine/engines/ep/tests/module_tests/item_pager_test.cc:1180: Failure
[2023-01-27T10:32:40.853Z] Expected equality of these values:
[2023-01-27T10:32:40.853Z]   100
[2023-01-27T10:32:40.853Z]   getRRPercent(*store->getVBucket(vbid))
[2023-01-27T10:32:40.853Z]     Which is: 97
[2023-01-27T10:32:40.853Z] vb:1 not fully resident after eviction
[2023-01-27T10:32:40.853Z] [  FAILED  ] EphemeralOrPersistent/STItemPagerTest.ReplicaEvictedBeforeActive/persistent_couchstore_value_only, where GetParam() = "bucket_type=persistent:backend=couchstore:item_eviction_policy=value_only" (409 ms)
EphemeralOrPersistent/STItemPagerTest.ReplicaEvictedBeforeActive/persistent_couchstore_value_only
</pre>
 ( https://cv.jenkins.couchbase.com/job/kv_engine.macos/job/7.1.4/40/ )

https://cv.jenkins.couchbase.com/job/kv_engine-windows-714/25/ : FAILURE

Failure of an engine_testapp test:

<pre>
Running [44/47]: test max_ttl range...(58 ms) OK


99% tests passed, 1 tests failed out of 424

Total Test time (real) = 343.63 sec

The following tests FAIL
</pre>
 ( https://cv.jenkins.couchbase.com/job/kv_engine-windows-714/25/ )

Timeout of a CTest test 424/424 Test #286: ep_testsuite_basic.ephemeral.comp_active ......................................................................................} ( https://cv.jenkins.couchbase.com/job/kv_engine-windows-714/25/ )

https://cv.jenkins.couchbase.com/job/kv_engine-clang_analyzer-714/9/ : SUCCESS

https://cv.jenkins.couchbase.com/job/kv_engine-clang_tidy-714/9/ : SUCCESS

https://cv.jenkins.couchbase.com/job/kv_engine-clang_format_9/22358/ : SUCCESS

https://cv.jenkins.couchbase.com/job/kv_engine.libFuzzer/job/7.1.4/10/ : SUCCESS

https://cv.jenkins.couchbase.com/job/kv_engine.linux/job/7.1.4/10/ : SUCCESS

https://cv.jenkins.couchbase.com/job/kv_engine.linux-CE/job/7.1.4/10/ : SUCCESS

https://cv.jenkins.couchbase.com/job/kv_engine.ASan-UBSan/job/7.1.4/10/ : SUCCESS

https://cv.jenkins.couchbase.com/job/kv_engine.threadsanitizer/job/7.1.4/25/ : SUCCESS

https://cv.jenkins.couchbase.com/job/kv_engine.aarch64-linux/job/7.1.4/4/ : SUCCESS
----------------------------------------------------------------------------------------------------------------------
Author: Dave Rigby
Date: 2023-02-01 15:47:54.000000000
Message: 
Abandoned

Merged via different Change-Id
----------------------------------------------------------------------------------------------------------------------
