======================================================================================================================
DESCRIPTION:

MB-52357: Merge remote-tracking branch 'couchbase/mad-hatter' into CC

* couchbase/mad-hatter:
  MB-52357: Create a per-thread audit filter cache

Change-Id: Ie91fccad62c5e1515e7d29e6cf43cd65f3940c56

======================================================================================================================
COMMENTS
======================================================================================================================
Author: Trond Norbye
Date: 2022-10-04 03:02:43.000000000
Message: 
Uploaded patch set 1.
----------------------------------------------------------------------------------------------------------------------
Author: Restriction Checker
Date: 2022-10-04 03:03:03.000000000
Message: 
Patch Set 1: Well-Formed-1

Branch restricted. PLEASE READ this URL: 

https://server.jenkins.couchbase.com/job/restricted-branch-check/318078/artifact/restricted.html : FAILURE
----------------------------------------------------------------------------------------------------------------------
Author: Build Bot
Date: 2022-10-04 03:51:51.000000000
Message: 
Patch Set 1: Verified-1

Build Failed 

https://cv.jenkins.couchbase.com/job/kv_engine-windows-cheshire-cat/522/ : FAILURE

Failure of GoogleTest "PersistentAndEphemeral/ConnectionTest.test_mb17042_duplicate_name_consumer_connections/4":

<pre>
[ RUN      ] PersistentAndEphemeral/ConnectionTest.test_mb17042_duplicate_name_consumer_connections/4
unknown file: error: C++ exception with description "cb::io::rmrf: remove of file \\?\C:\Jenkins\workspace\kv_engine-windows-cheshire-cat\build\kv_engine\ep_engine_ep_unit_tests.db\test.833601\magma.1\wal\wal.1 under ep_engine_ep_unit_tests.db/test.833601 failed: The data is invalid." thrown in TearDown().
[  FAILED  ] PersistentAndEphemeral/ConnectionTest.test_mb17042_duplicate_name_consumer_connections/4, where GetParam() = ("persistentMagma", "value_only") (34 ms)
PersistentAndEphemeral/ConnectionTest.test_mb17042_duplicate_name_consumer_connections/4
</pre>
 ( https://cv.jenkins.couchbase.com/job/kv_engine-windows-cheshire-cat/522/ )

Timeout of a CTest test 416/416 Test #413: cluster_test ..................................................................................................................} ( https://cv.jenkins.couchbase.com/job/kv_engine-windows-cheshire-cat/522/ )

https://cv.jenkins.couchbase.com/job/kv_engine.macos/job/cheshire-cat/373/ : FAILURE

No problems were identified. If you know why this problem occurred, please add a suitable Cause for it. ( https://cv.jenkins.couchbase.com/job/kv_engine.macos/job/cheshire-cat/373/ )

https://cv.jenkins.couchbase.com/job/kv_engine-clang_analyzer-cheshire-cat/359/ : SUCCESS

https://cv.jenkins.couchbase.com/job/kv_engine-clang_tidy-cheshire-cat/353/ : SUCCESS

https://cv.jenkins.couchbase.com/job/kv_engine-clang_format_9/20082/ : SUCCESS

https://cv.jenkins.couchbase.com/job/kv_engine.linux-CE/job/cheshire-cat/362/ : SUCCESS

https://cv.jenkins.couchbase.com/job/kv_engine.threadsanitizer/job/cheshire-cat/371/ : SUCCESS

https://cv.jenkins.couchbase.com/job/kv_engine.ASan-UBSan/job/cheshire-cat/384/ : SUCCESS

https://cv.jenkins.couchbase.com/job/kv_engine.linux/job/cheshire-cat/367/ : SUCCESS

https://cv.jenkins.couchbase.com/job/kv_engine.libFuzzer/job/cheshire-cat/285/ : SUCCESS
----------------------------------------------------------------------------------------------------------------------
Author: Build Bot
Date: 2022-10-04 04:47:58.000000000
Message: 
Patch Set 1:

Build Failed 

https://cv.jenkins.couchbase.com/job/kv_engine-windows-cheshire-cat/523/ : FAILURE

Failure of an engine_testapp test:

<pre>
Running [0075/0096]: dcp invalid snapshot marker...(43 ms) OK


99% tests passed, 1 tests failed out of 416

Total Test time (real) = 289.85 sec

The following tests FAIL
</pre>
 ( https://cv.jenkins.couchbase.com/job/kv_engine-windows-cheshire-cat/523/ )

Timeout of a CTest test 416/416 Test #272: ep_testsuite_dcp.value_eviction.comp_active ...................................................................................} ( https://cv.jenkins.couchbase.com/job/kv_engine-windows-cheshire-cat/523/ )

https://cv.jenkins.couchbase.com/job/kv_engine-clang_analyzer-cheshire-cat/359/ : SUCCESS

https://cv.jenkins.couchbase.com/job/kv_engine-clang_tidy-cheshire-cat/353/ : SUCCESS

https://cv.jenkins.couchbase.com/job/kv_engine-clang_format_9/20082/ : SUCCESS

https://cv.jenkins.couchbase.com/job/kv_engine.linux-CE/job/cheshire-cat/362/ : SUCCESS

https://cv.jenkins.couchbase.com/job/kv_engine.threadsanitizer/job/cheshire-cat/371/ : SUCCESS

https://cv.jenkins.couchbase.com/job/kv_engine.ASan-UBSan/job/cheshire-cat/384/ : SUCCESS

https://cv.jenkins.couchbase.com/job/kv_engine.linux/job/cheshire-cat/367/ : SUCCESS

https://cv.jenkins.couchbase.com/job/kv_engine.libFuzzer/job/cheshire-cat/285/ : SUCCESS

https://cv.jenkins.couchbase.com/job/kv_engine.macos/job/cheshire-cat/374/ : SUCCESS
----------------------------------------------------------------------------------------------------------------------
Author: Build Bot
Date: 2022-10-04 05:29:31.000000000
Message: 
Patch Set 1:

Build Failed 

https://cv.jenkins.couchbase.com/job/kv_engine-windows-cheshire-cat/524/ : FAILURE

Failure of an engine_testapp test:

<pre>
Running [0079/0096]: test dcp multiple streams...W1003 22:26:10.727002 36936 HazptrDomain.h:671] Using the default inline executor for asynchronous reclamation may be susceptible to deadlock if the current thread happens to hold a resource needed by the deleter of a reclaimable object


99% tests passed, 1 tests failed out of 416

Total Test time (real) = 293.60 sec

The following tests FAIL
</pre>
 ( https://cv.jenkins.couchbase.com/job/kv_engine-windows-cheshire-cat/524/ )

Timeout of a CTest test 416/416 Test #276: ep_testsuite_dcp.ephemeral.comp_active ........................................................................................} ( https://cv.jenkins.couchbase.com/job/kv_engine-windows-cheshire-cat/524/ )

https://cv.jenkins.couchbase.com/job/kv_engine-clang_analyzer-cheshire-cat/359/ : SUCCESS

https://cv.jenkins.couchbase.com/job/kv_engine-clang_tidy-cheshire-cat/353/ : SUCCESS

https://cv.jenkins.couchbase.com/job/kv_engine-clang_format_9/20082/ : SUCCESS

https://cv.jenkins.couchbase.com/job/kv_engine.linux-CE/job/cheshire-cat/362/ : SUCCESS

https://cv.jenkins.couchbase.com/job/kv_engine.threadsanitizer/job/cheshire-cat/371/ : SUCCESS

https://cv.jenkins.couchbase.com/job/kv_engine.ASan-UBSan/job/cheshire-cat/384/ : SUCCESS

https://cv.jenkins.couchbase.com/job/kv_engine.linux/job/cheshire-cat/367/ : SUCCESS

https://cv.jenkins.couchbase.com/job/kv_engine.libFuzzer/job/cheshire-cat/285/ : SUCCESS

https://cv.jenkins.couchbase.com/job/kv_engine.macos/job/cheshire-cat/374/ : SUCCESS
----------------------------------------------------------------------------------------------------------------------
Author: Trond Norbye
Date: 2022-10-04 05:31:05.000000000
Message: 
Patch Set 1: Verified+1

(1 comment)
File Comment: /PATCHSET_LEVEL -> Override failing CV - unrelated ep-engine unit test failing
----------------------------------------------------------------------------------------------------------------------
Author: Trond Norbye
Date: 2022-10-04 05:31:09.000000000
Message: 
Removed Verified-1 by <GERRIT_ACCOUNT_1000011>

----------------------------------------------------------------------------------------------------------------------
Author: Daniel Owen
Date: 2022-10-04 15:15:44.000000000
Message: 
Patch Set 1:

(1 comment)
File Comment: /PATCHSET_LEVEL -> check approval
----------------------------------------------------------------------------------------------------------------------
Author: Restriction Checker
Date: 2022-10-04 15:15:57.000000000
Message: 
Patch Set 1: Well-Formed+1

Permission granted to commit: 

https://server.jenkins.couchbase.com/job/restricted-branch-check/318182/artifact/restricted.html : SUCCESS
----------------------------------------------------------------------------------------------------------------------
Author: Daniel Owen
Date: 2022-10-05 16:34:12.000000000
Message: 
Patch Set 1: Code-Review+2
----------------------------------------------------------------------------------------------------------------------
Author: Trond Norbye
Date: 2022-10-05 16:36:18.000000000
Message: 
Change has been successfully merged
----------------------------------------------------------------------------------------------------------------------
Author: Build Bot
Date: 2022-10-05 16:36:35.000000000
Message: 
Patch Set 1:

Build Started https://cv.jenkins.couchbase.com/job/kv_engine-post-commit-cheshire-cat/1280/
----------------------------------------------------------------------------------------------------------------------
Author: Build Bot
Date: 2022-10-05 17:14:54.000000000
Message: 
Patch Set 1:

Build Failed 

https://cv.jenkins.couchbase.com/job/kv_engine-post-commit-cheshire-cat/1280/ : FAILURE

No problems were identified. If you know why this problem occurred, please add a suitable Cause for it. ( https://cv.jenkins.couchbase.com/job/kv_engine-post-commit-cheshire-cat/1280/ )
----------------------------------------------------------------------------------------------------------------------
