======================================================================================================================
DESCRIPTION:

toybuild: skip sync on seq iterator

Change-Id: I70ec86c4ee84c9cc12140254fc4818610062892f

======================================================================================================================
COMMENTS
======================================================================================================================
Author: Sarath Lakshman
Date: 2022-01-05 03:29:16.000000000
Message: 
Uploaded patch set 1.
----------------------------------------------------------------------------------------------------------------------
Author: Build Bot
Date: 2022-01-05 04:20:38.000000000
Message: 
Patch Set 1: Verified-1

Build Failed 

http://cv.jenkins.couchbase.com/job/kv_engine-windows-master/42582/ : FAILURE

Failure of GoogleTest "CollectionsDcpEphemeralOrPersistent/CollectionsDcpCloseAfterLosingPrivs.collection_stream_from_backfill/persistent_magma_value_only":

<pre>
[ RUN      ] CollectionsDcpEphemeralOrPersistent/CollectionsDcpCloseAfterLosingPrivs.collection_stream_from_backfill/persistent_magma_value_only
unknown file: error: C++ exception with description "CheckedExecutor failed fetchNextTask" thrown in the test body.
[  FAILED  ] CollectionsDcpEphemeralOrPersistent/CollectionsDcpCloseAfterLosingPrivs.collection_stream_from_backfill/persistent_magma_value_only, where GetParam() = ("persistent_magma", "value_only") (57 ms)
CollectionsDcpEphemeralOrPersistent/CollectionsDcpCloseAfterLosingPrivs.collection_stream_from_backfill/persistent_magma_value_only
</pre>
 ( http://cv.jenkins.couchbase.com/job/kv_engine-windows-master/42582/ )

Failure of an engine_testapp test:

<pre>
Running [0000/0159]: expiry pager settings...2022-01-04T19:49:34.438891-08:00 CRITICAL (default) Warmup::loadCollectionStatsForShard() Unable to make KVFileHandle for vb:0, aborting warmup as we will not be able to check collection stats.
WARNING: Logging before InitGoogleLogging() is written to STDERR
W0104 19:51:45.288802  5136 HazptrDomain.h:670] Using the default inline executor for asynchronous reclamation may be susceptible to deadlock if the current thread happens to hold a resource needed by the deleter of a reclaimable object


91% tests passed, 37 tests failed out of 420

Total Test time (real) = 904.28 sec

The following tests FAIL
</pre>
 ( http://cv.jenkins.couchbase.com/job/kv_engine-windows-master/42582/ )

Timeout of a CTest test 268/420 Test #135: ep-engine_ep_unit_tests.MagmaKVStoreTest ......................................................................................} ( http://cv.jenkins.couchbase.com/job/kv_engine-windows-master/42582/ )

http://cv.jenkins.couchbase.com/job/kv_engine.linux/job/master/16577/ : FAILURE

Failure of GoogleTest "CollectionsDcpEphemeralOrPersistent/CollectionsDcpCloseAfterLosingPrivs.collection_stream_from_backfill/persistent_magma_value_only":

<pre>
[ RUN      ] CollectionsDcpEphemeralOrPersistent/CollectionsDcpCloseAfterLosingPrivs.collection_stream_from_backfill/persistent_magma_value_only
[2022-01-05T03:36:40.157Z] unknown file: Failure
[2022-01-05T03:36:40.157Z] C++ exception with description "CheckedExecutor failed fetchNextTask" thrown in the test body.
[2022-01-05T03:36:40.157Z] [  FAILED  ] CollectionsDcpEphemeralOrPersistent/CollectionsDcpCloseAfterLosingPrivs.collection_stream_from_backfill/persistent_magma_value_only, where GetParam() = ("persistent_magma", "value_only") (43 ms)
CollectionsDcpEphemeralOrPersistent/CollectionsDcpCloseAfterLosingPrivs.collection_stream_from_backfill/persistent_magma_value_only
</pre>
 ( http://cv.jenkins.couchbase.com/job/kv_engine.linux/job/master/16577/ )

One of more core files found at the end of the build. Data for post-mortem saved to archived_core_dumps.tar.bz2 under "Build Artifacts". ( http://cv.jenkins.couchbase.com/job/kv_engine.linux/job/master/16577/ )

Timeout of a CTest test [2022-01-05T03:41:48.744Z] 287/440 Test #141: ep-engine_ep_unit_tests.MagmaKVStoreTest ....................................................................} ( http://cv.jenkins.couchbase.com/job/kv_engine.linux/job/master/16577/ )

Test exceeded the timeout:
[2022-01-05T03:43:54.407Z] /usr/bin/timeout: the monitored command dumped core ( http://cv.jenkins.couchbase.com/job/kv_engine.linux/job/master/16577/ )

http://cv.jenkins.couchbase.com/job/kv_engine.aarch64-linux/job/master/4335/ : FAILURE

Failure of GoogleTest "CollectionsDcpEphemeralOrPersistent/CollectionsDcpCloseAfterLosingPrivs.collection_stream_from_backfill/persistent_magma_value_only":

<pre>
[ RUN      ] CollectionsDcpEphemeralOrPersistent/CollectionsDcpCloseAfterLosingPrivs.collection_stream_from_backfill/persistent_magma_value_only
[2022-01-05T03:47:45.751Z] unknown file: Failure
[2022-01-05T03:47:45.751Z] C++ exception with description "CheckedExecutor failed fetchNextTask" thrown in the test body.
[2022-01-05T03:47:45.751Z] [  FAILED  ] CollectionsDcpEphemeralOrPersistent/CollectionsDcpCloseAfterLosingPrivs.collection_stream_from_backfill/persistent_magma_value_only, where GetParam() = ("persistent_magma", "value_only") (47 ms)
CollectionsDcpEphemeralOrPersistent/CollectionsDcpCloseAfterLosingPrivs.collection_stream_from_backfill/persistent_magma_value_only
</pre>
 ( http://cv.jenkins.couchbase.com/job/kv_engine.aarch64-linux/job/master/4335/ )

Failure of an engine_testapp test:

<pre>
Running [0001/0044]: get meta with extras...2022-01-04T20:09:12.968609-08:00 CRITICAL (default) Warmup::loadCollectionStatsForShard() Unable to make KVFileHandle for vb:0, aborting warmup as we will not be able to check collection stats.
[2022-01-05T04:11:13.550Z] /usr/bin/timeout: the monitored command dumped core
[2022-01-05T04:11:13.550Z] 
[2022-01-05T04:11:13.550Z]         Start 438: testapp_auth_provider_test
[2022-01-05T04:11:13.550Z] 436/441 Test #438: testapp_auth_provider_test ..................................................................................   Passed    0.01 sec
[2022-01-05T04:11:13.550Z]         Start 439: cluster_test
[2022-01-05T04:11:14.092Z] 437/441 Test #437: memcached_testapp.ep.TransportProtocols/BucketTest ..........................................................   Passed    3.64 sec
[2022-01-05T04:11:14.092Z]         Start 440: memcached_unsigned_leb128_test
[2022-01-05T04:11:14.092Z] 438/441 Test #440: memcached_unsigned_leb128_test ..............................................................................   Passed    0.00 sec
[2022-01-05T04:11:14.092Z]         Start 441: memcached-hostutils-test
[2022-01-05T04:11:14.092Z] 439/441 Test #441: memcached-hostutils-test ....................................................................................   Passed    0.01 sec
[2022-01-05T04:11:18.318Z] 440/441 Test #439: cluster_test ................................................................................................   Passed    5.31 sec
[2022-01-05T04:11:26.130Z] 441/441 Test #436: memcached_testapp.ep.TransportProtocols/AuditTest ...........................................................   Passed   15.72 sec
[2022-01-05T04:11:26.130Z] 
[2022-01-05T04:11:26.130Z] 92% tests passed, 36 tests failed out of 441
[2022-01-05T04:11:26.130Z] 
[2022-01-05T04:11:26.130Z] Total Test time (real) = 1442.50 sec
[2022-01-05T04:11:26.130Z] 
[2022-01-05T04:11:26.130Z] The following tests FAIL
</pre>
 ( http://cv.jenkins.couchbase.com/job/kv_engine.aarch64-linux/job/master/4335/ )

Timeout of a CTest test [2022-01-05T03:52:47.349Z] 183/441 Test #141: ep-engine_ep_unit_tests.MagmaKVStoreTest ....................................................................} ( http://cv.jenkins.couchbase.com/job/kv_engine.aarch64-linux/job/master/4335/ )

Test exceeded the timeout:
[2022-01-05T04:03:34.048Z] /usr/bin/timeout: the monitored command dumped core ( http://cv.jenkins.couchbase.com/job/kv_engine.aarch64-linux/job/master/4335/ )

http://cv.jenkins.couchbase.com/job/kv_engine.macos/job/master/15438/ : FAILURE

Failure of GoogleTest "Persistent/STParamPersistentBucketTest.MB29585_backfilling_whilst_snapshot_runs/persistent_magma_value_only":

<pre>
[ RUN      ] Persistent/STParamPersistentBucketTest.MB29585_backfilling_whilst_snapshot_runs/persistent_magma_value_only
[2022-01-05T03:43:20.455Z] ../kv_engine/engines/ep/tests/module_tests/evp_store_single_threaded_test.cc:1368: Failure
[2022-01-05T03:43:20.455Z] Expected equality of these values:
[2022-01-05T03:43:20.455Z]   2
[2022-01-05T03:43:20.455Z]   checkpointManager->getNumOfCursors()
[2022-01-05T03:43:20.455Z]     Which is: 1
[2022-01-05T03:43:20.455Z] Expected persistence + replication cursors after markDiskShapshot
[2022-01-05T03:43:20.455Z] ../kv_engine/engines/ep/tests/module_tests/evp_store_single_threaded_test.cc:1374: Failure
[2022-01-05T03:43:20.455Z] Expected equality of these values:
[2022-01-05T03:43:20.455Z]   DcpResponse::Event::SnapshotMarker
[2022-01-05T03:43:20.455Z]     Which is: 1-byte object <09>
[2022-01-05T03:43:20.455Z]   result->getEvent()
[2022-01-05T03:43:20.455Z]     Which is: 1-byte object <08>
[2022-01-05T03:43:20.455Z] Expected Snapshot marker after running backfill task.
[2022-01-05T03:43:20.455Z] unknown file: Failure
[2022-01-05T03:43:20.455Z] C++ exception with description "CheckedExecutor failed fetchNextTask" thrown in the test body.
[2022-01-05T03:43:20.455Z] [  FAILED  ] Persistent/STParamPersistentBucketTest.MB29585_backfilling_whilst_snapshot_runs/persistent_magma_value_only, where GetParam() = ("persistent_magma", "value_only") (43 ms)
Persistent/STParamPersistentBucketTest.MB29585_backfilling_whilst_snapshot_runs/persistent_magma_value_only
</pre>
 ( http://cv.jenkins.couchbase.com/job/kv_engine.macos/job/master/15438/ )

Timeout of a CTest test [2022-01-05T03:41:59.072Z]  15/440 Test #304: ep_testsuite_dcp.value_eviction.magma .......................................................................} ( http://cv.jenkins.couchbase.com/job/kv_engine.macos/job/master/15438/ )

http://cv.jenkins.couchbase.com/job/kv_engine.threadsanitizer/job/master/17361/ : FAILURE

Failure of an engine_testapp test:

<pre>
Running [0015/0093]: test dcp replica stream one collection with mutations just from disk...../kv_engine/engines/ep/tests/ep_testsuite_dcp.cc:715 Test failed: `" (Expected `414", got `390" - Buffer Size did not get set correctly)
[2022-01-05T03:43:24.352Z] (23515 ms) FAIL
</pre>
 ( http://cv.jenkins.couchbase.com/job/kv_engine.threadsanitizer/job/master/17361/ )

Failure of GoogleTest "Persistent/STParamPersistentBucketTest.MB29585_backfilling_whilst_snapshot_runs/persistent_magma_value_only":

<pre>
[ RUN      ] Persistent/STParamPersistentBucketTest.MB29585_backfilling_whilst_snapshot_runs/persistent_magma_value_only
[2022-01-05T03:44:35.381Z] ../kv_engine/engines/ep/tests/module_tests/evp_store_single_threaded_test.cc:1368: Failure
[2022-01-05T03:44:35.381Z] Expected equality of these values:
[2022-01-05T03:44:35.381Z]   2
[2022-01-05T03:44:35.381Z]   checkpointManager->getNumOfCursors()
[2022-01-05T03:44:35.381Z]     Which is: 1
[2022-01-05T03:44:35.381Z] Expected persistence + replication cursors after markDiskShapshot
[2022-01-05T03:44:35.381Z] ../kv_engine/engines/ep/tests/module_tests/evp_store_single_threaded_test.cc:1374: Failure
[2022-01-05T03:44:35.381Z] Expected equality of these values:
[2022-01-05T03:44:35.381Z]   DcpResponse::Event::SnapshotMarker
[2022-01-05T03:44:35.381Z]     Which is: 1-byte object <09>
[2022-01-05T03:44:35.381Z]   result->getEvent()
[2022-01-05T03:44:35.381Z]     Which is: 1-byte object <08>
[2022-01-05T03:44:35.381Z] Expected Snapshot marker after running backfill task.
[2022-01-05T03:44:35.381Z] unknown file: Failure
[2022-01-05T03:44:35.381Z] C++ exception with description "CheckedExecutor failed fetchNextTask" thrown in the test body.
[2022-01-05T03:44:35.381Z] [  FAILED  ] Persistent/STParamPersistentBucketTest.MB29585_backfilling_whilst_snapshot_runs/persistent_magma_value_only, where GetParam() = ("persistent_magma", "value_only") (145 ms)
Persistent/STParamPersistentBucketTest.MB29585_backfilling_whilst_snapshot_runs/persistent_magma_value_only
</pre>
 ( http://cv.jenkins.couchbase.com/job/kv_engine.threadsanitizer/job/master/17361/ )

Timeout of a CTest test [2022-01-05T03:50:45.422Z]  58/414 Test #167: ep-engine_ep_unit_tests.AllBucketTypes/DurabilityActiveStreamTest ...........................................} ( http://cv.jenkins.couchbase.com/job/kv_engine.threadsanitizer/job/master/17361/ )

ThreadSanitizer issue: SEGV /home/couchbase/jenkins/workspace/kv_engine.threadsanitizer_master/kv_engine/engines/ep/src/kvstore/magma-kvstore/magma-kvstore.cc:2891 in MagmaKVStore::getCollectionStats(KVFileHandle const&, CollectionID) const  ( http://cv.jenkins.couchbase.com/job/kv_engine.threadsanitizer/job/master/17361/ )

http://cv.jenkins.couchbase.com/job/kv_engine.ASan-UBSan/job/master/24698/ : FAILURE

http://cv.jenkins.couchbase.com/job/kv_engine-clang_analyzer-master/36094/ : SUCCESS

http://cv.jenkins.couchbase.com/job/kv_engine-clang_format_9/13468/ : SUCCESS

http://cv.jenkins.couchbase.com/job/kv_engine-clang_tidy-master/14637/ : SUCCESS

http://cv.jenkins.couchbase.com/job/kv_engine.linux-CE/job/master/16284/ : SUCCESS

http://cv.jenkins.couchbase.com/job/kv_engine.libFuzzer/job/master/4278/ : SUCCESS
----------------------------------------------------------------------------------------------------------------------
