======================================================================================================================
DESCRIPTION:

MB-50527: Don't check for warmup_estimate_time stat

If the estimate_time is 0 we won't report it and that could be the
case if we have few vBuckets to get stats for and we do so in under
quickly enough.

Change-Id: Ia450b600b19c82e9bc7fbce3363e72e0cdc2d642

======================================================================================================================
COMMENTS
======================================================================================================================
Author: Ben Huddleston
Date: 2022-01-21 16:11:10.000000000
Message: 
Patch Set 6: Patch Set 5 was rebased
----------------------------------------------------------------------------------------------------------------------
Author: Build Bot
Date: 2022-01-21 17:56:00.000000000
Message: 
Patch Set 6: Verified-1

Build Failed 

http://cv.jenkins.couchbase.com/job/kv_engine-windows-master/43146/ : FAILURE

Failure of an engine_testapp test:

<pre>
Running [0029/0159]: test bloomfilters...(108 ms) OK


99% tests passed, 2 tests failed out of 419

Total Test time (real) = 671.28 sec

The following tests FAIL
</pre>
 ( http://cv.jenkins.couchbase.com/job/kv_engine-windows-master/43146/ )

Timeout of a CTest test 418/419 Test #268: ep_testsuite.value_eviction.comp_passive ......................................................................................} ( http://cv.jenkins.couchbase.com/job/kv_engine-windows-master/43146/ )

http://cv.jenkins.couchbase.com/job/kv_engine-clang_format_9/13880/ : SUCCESS

http://cv.jenkins.couchbase.com/job/kv_engine-clang_tidy-master/15036/ : SUCCESS

http://cv.jenkins.couchbase.com/job/kv_engine-clang_analyzer-master/36491/ : SUCCESS

http://cv.jenkins.couchbase.com/job/kv_engine.aarch64-linux/job/master/4743/ : SUCCESS

http://cv.jenkins.couchbase.com/job/kv_engine.linux-CE/job/master/16719/ : SUCCESS

http://cv.jenkins.couchbase.com/job/kv_engine.linux/job/master/17023/ : SUCCESS

http://cv.jenkins.couchbase.com/job/kv_engine.threadsanitizer/job/master/17796/ : SUCCESS

http://cv.jenkins.couchbase.com/job/kv_engine.ASan-UBSan/job/master/25129/ : SUCCESS

http://cv.jenkins.couchbase.com/job/kv_engine.macos/job/master/15847/ : SUCCESS

http://cv.jenkins.couchbase.com/job/kv_engine.libFuzzer/job/master/4681/ : SUCCESS
----------------------------------------------------------------------------------------------------------------------
Author: Build Bot
Date: 2022-01-21 18:23:29.000000000
Message: 
Patch Set 6:

Build Failed 

http://cv.jenkins.couchbase.com/job/kv_engine-windows-master/43148/ : FAILURE

Failure of an engine_testapp test:

<pre>
Running [0153/0159]: test_MB34173_warmup...(8 ms) SKIPPED


99% tests passed, 1 tests failed out of 419

Total Test time (real) = 677.89 sec

The following tests FAIL
</pre>
 ( http://cv.jenkins.couchbase.com/job/kv_engine-windows-master/43148/ )

Timeout of a CTest test 419/419 Test #273: ep_testsuite.ephemeral.comp_active ............................................................................................} ( http://cv.jenkins.couchbase.com/job/kv_engine-windows-master/43148/ )

http://cv.jenkins.couchbase.com/job/kv_engine-clang_format_9/13880/ : SUCCESS

http://cv.jenkins.couchbase.com/job/kv_engine-clang_tidy-master/15036/ : SUCCESS

http://cv.jenkins.couchbase.com/job/kv_engine-clang_analyzer-master/36491/ : SUCCESS

http://cv.jenkins.couchbase.com/job/kv_engine.aarch64-linux/job/master/4743/ : SUCCESS

http://cv.jenkins.couchbase.com/job/kv_engine.linux-CE/job/master/16719/ : SUCCESS

http://cv.jenkins.couchbase.com/job/kv_engine.linux/job/master/17023/ : SUCCESS

http://cv.jenkins.couchbase.com/job/kv_engine.threadsanitizer/job/master/17796/ : SUCCESS

http://cv.jenkins.couchbase.com/job/kv_engine.ASan-UBSan/job/master/25129/ : SUCCESS

http://cv.jenkins.couchbase.com/job/kv_engine.macos/job/master/15847/ : SUCCESS

http://cv.jenkins.couchbase.com/job/kv_engine.libFuzzer/job/master/4681/ : SUCCESS
----------------------------------------------------------------------------------------------------------------------
Author: Build Bot
Date: 2022-01-24 08:27:56.000000000
Message: 
Patch Set 6:

Build Failed 

http://cv.jenkins.couchbase.com/job/kv_engine-windows-master/43168/ : FAILURE

Failure of an engine_testapp test:

<pre>
Running [0009/0093]: test dcp consumer noop...(95 ms) OK


99% tests passed, 1 tests failed out of 419

Total Test time (real) = 346.06 sec

The following tests FAIL
</pre>
 ( http://cv.jenkins.couchbase.com/job/kv_engine-windows-master/43168/ )

Timeout of a CTest test 419/419 Test #285: ep_testsuite_dcp.value_eviction.comp_active ...................................................................................} ( http://cv.jenkins.couchbase.com/job/kv_engine-windows-master/43168/ )

http://cv.jenkins.couchbase.com/job/kv_engine-clang_format_9/13880/ : SUCCESS

http://cv.jenkins.couchbase.com/job/kv_engine-clang_tidy-master/15036/ : SUCCESS

http://cv.jenkins.couchbase.com/job/kv_engine-clang_analyzer-master/36491/ : SUCCESS

http://cv.jenkins.couchbase.com/job/kv_engine.aarch64-linux/job/master/4743/ : SUCCESS

http://cv.jenkins.couchbase.com/job/kv_engine.linux-CE/job/master/16719/ : SUCCESS

http://cv.jenkins.couchbase.com/job/kv_engine.linux/job/master/17023/ : SUCCESS

http://cv.jenkins.couchbase.com/job/kv_engine.threadsanitizer/job/master/17796/ : SUCCESS

http://cv.jenkins.couchbase.com/job/kv_engine.ASan-UBSan/job/master/25129/ : SUCCESS

http://cv.jenkins.couchbase.com/job/kv_engine.macos/job/master/15847/ : SUCCESS

http://cv.jenkins.couchbase.com/job/kv_engine.libFuzzer/job/master/4681/ : SUCCESS
----------------------------------------------------------------------------------------------------------------------
Author: Build Bot
Date: 2022-01-24 08:53:19.000000000
Message: 
Patch Set 6:

Build Failed 

http://cv.jenkins.couchbase.com/job/kv_engine-windows-master/43169/ : FAILURE

No problems were identified. If you know why this problem occurred, please add a suitable Cause for it. ( http://cv.jenkins.couchbase.com/job/kv_engine-windows-master/43169/ )

http://cv.jenkins.couchbase.com/job/kv_engine-clang_format_9/13880/ : SUCCESS

http://cv.jenkins.couchbase.com/job/kv_engine-clang_tidy-master/15036/ : SUCCESS

http://cv.jenkins.couchbase.com/job/kv_engine-clang_analyzer-master/36491/ : SUCCESS

http://cv.jenkins.couchbase.com/job/kv_engine.aarch64-linux/job/master/4743/ : SUCCESS

http://cv.jenkins.couchbase.com/job/kv_engine.linux-CE/job/master/16719/ : SUCCESS

http://cv.jenkins.couchbase.com/job/kv_engine.linux/job/master/17023/ : SUCCESS

http://cv.jenkins.couchbase.com/job/kv_engine.threadsanitizer/job/master/17796/ : SUCCESS

http://cv.jenkins.couchbase.com/job/kv_engine.ASan-UBSan/job/master/25129/ : SUCCESS

http://cv.jenkins.couchbase.com/job/kv_engine.macos/job/master/15847/ : SUCCESS

http://cv.jenkins.couchbase.com/job/kv_engine.libFuzzer/job/master/4681/ : SUCCESS
----------------------------------------------------------------------------------------------------------------------
Author: Build Bot
Date: 2022-01-24 10:42:31.000000000
Message: 
Patch Set 6: Verified+1

Build Successful 

http://cv.jenkins.couchbase.com/job/kv_engine-clang_format_9/13880/ : SUCCESS

http://cv.jenkins.couchbase.com/job/kv_engine-clang_tidy-master/15036/ : SUCCESS

http://cv.jenkins.couchbase.com/job/kv_engine-clang_analyzer-master/36491/ : SUCCESS

http://cv.jenkins.couchbase.com/job/kv_engine.aarch64-linux/job/master/4743/ : SUCCESS

http://cv.jenkins.couchbase.com/job/kv_engine.linux-CE/job/master/16719/ : SUCCESS

http://cv.jenkins.couchbase.com/job/kv_engine.linux/job/master/17023/ : SUCCESS

http://cv.jenkins.couchbase.com/job/kv_engine.threadsanitizer/job/master/17796/ : SUCCESS

http://cv.jenkins.couchbase.com/job/kv_engine.ASan-UBSan/job/master/25129/ : SUCCESS

http://cv.jenkins.couchbase.com/job/kv_engine.macos/job/master/15847/ : SUCCESS

http://cv.jenkins.couchbase.com/job/kv_engine.libFuzzer/job/master/4681/ : SUCCESS

http://cv.jenkins.couchbase.com/job/kv_engine-windows-master/43181/ : SUCCESS
----------------------------------------------------------------------------------------------------------------------
Author: James H
Date: 2022-01-24 13:41:52.000000000
Message: 
Patch Set 6: Code-Review+2
----------------------------------------------------------------------------------------------------------------------
