======================================================================================================================
DESCRIPTION:

MB-36956: FollyExecutorPool: Implement thread priorities

Use folly::PriorityThreadFactory when creating CPUPool
(Reader/Writer/AuxIO/NonIO) threads. Use the same priorties as
CB3ExecutorPool - Writers have lowest priority, all others have
default priority.

Change-Id: Id101962c781989edecd2cbc2a3a3c9075b3bd629

======================================================================================================================
COMMENTS
======================================================================================================================
Author: Dave Rigby
Date: 2020-09-03 12:14:03.000000000
Message: 
Uploaded patch set 10: Patch Set 9 was rebased.
----------------------------------------------------------------------------------------------------------------------
Author: Build Bot
Date: 2020-09-03 15:40:29.000000000
Message: 
Patch Set 10: Verified-1

Build Failed 

http://cv.jenkins.couchbase.com/job/kv_engine-windows-master/29984/ : FAILURE

Failure of GoogleTest "EphemeralOrPersistent/STItemPagerTest.ServerQuotaReached/persistentMagma_value_only":

<pre>
[ RUN      ] EphemeralOrPersistent/STItemPagerTest.ServerQuotaReached/persistentMagma_value_only
..\kv_engine\engines\ep\tests\module_tests\item_pager_test.cc(352): error: Expected: (stats.getPreciseTotalMemoryUsed() - val) < (stats.mem_low_wat.load()), actual: 1305098 vs 1292804
Expected to be below low watermark after running item pager
[  FAILED  ] EphemeralOrPersistent/STItemPagerTest.ServerQuotaReached/persistentMagma_value_only, where GetParam() = ("persistentMagma", "value_only") (214 ms)
EphemeralOrPersistent/STItemPagerTest.ServerQuotaReached/persistentMagma_value_only
</pre>
 ( http://cv.jenkins.couchbase.com/job/kv_engine-windows-master/29984/ )

Failure of a CTest test 255/398 Test #210: ep-engine_ep_unit_tests.EphemeralOrPersistent/STItemPagerTest ................................................................. ( http://cv.jenkins.couchbase.com/job/kv_engine-windows-master/29984/ )

http://cv.jenkins.couchbase.com/job/kv_engine.macos/job/master/4511/ : FAILURE

http://cv.jenkins.couchbase.com/job/kv_engine.threadsanitizer/job/master/5614/ : FAILURE

Timeout of a CTest test [2020-09-03T13:00:24.363Z] 381/393 Test #161: ep-engine_ep_unit_tests.PersistentAndEphemeral/DcpStreamSyncReplTest ........................................} ( http://cv.jenkins.couchbase.com/job/kv_engine.threadsanitizer/job/master/5614/ )

Failure of a CTest test [2020-09-03T13:11:37.589Z] 384/393 Test #240: ep_testsuite_dcp.value_eviction.comp_passive ................................................................ ( http://cv.jenkins.couchbase.com/job/kv_engine.threadsanitizer/job/master/5614/ )

http://cv.jenkins.couchbase.com/job/kv_engine.linux/job/master/5491/ : FAILURE

Failure of an engine_testapp test:

<pre>
Running [0012/0017]: Stat latency with 100 active vbuckets...Latency [Stats with 100 vbuckets] - 10 items (�s)======================================
[2020-09-03T13:12:23.743Z] 
[2020-09-03T13:12:23.743Z]                                 Percentile           
[2020-09-03T13:12:23.743Z]                          Median     95th     99th  Std Dev  Histogram of samples
[2020-09-03T13:12:23.743Z] 
[2020-09-03T13:12:23.743Z] config                  170.567  300.019  300.019   34.489  ????????????????????????????????
[2020-09-03T13:12:23.743Z] kvstore                 207.211  310.894  310.894   32.716  ????????????????????????????????
[2020-09-03T13:12:23.743Z] key_vb0                  15.385   84.647   84.647   18.586  ????????????????????????????????
[2020-09-03T13:12:23.743Z] dcp-vbtakeover           10.683   52.100   52.100    9.695  ????????????????????????????????
[2020-09-03T13:12:23.743Z] uuid                      4.801    8.891    8.891    1.273  ????????????????????????????????
[2020-09-03T13:12:23.743Z] runtimes                422.788  477.737  477.737   21.527  ????????????????????????????????
[2020-09-03T13:12:23.743Z] scheduler               438.969  498.098  498.098   28.363  ????????????????????????????????
[2020-09-03T13:12:23.743Z] failovers_vb0            12.064   47.685   47.685   10.039  ????????????????????????????????
[2020-09-03T13:12:23.743Z] checkpoint_vb0           27.711   56.863   56.863    8.350  ????????????????????????????????
[2020-09-03T13:12:23.743Z] info                      8.804   15.368   15.368    2.028  ????????????????????????????????
[2020-09-03T13:12:23.743Z] prev-vbucket             19.997   36.638   36.638    9.798  ????????????????????????????????
[2020-09-03T13:12:23.743Z] vb-details_vb0          102.645  174.718  174.718   21.206  ????????????????????????????????
[2020-09-03T13:12:23.743Z] vb-seqno_vb0             17.702   29.579   29.579    3.261  ????????????????????????????????
[2020-09-03T13:12:23.743Z] vbucket                  18.871   58.091   58.091   12.498  ????????????????????????????????
[2020-09-03T13:12:23.743Z] dcp                      14.076   30.917   30.917    4.933  ????????????????????????????????
[2020-09-03T13:12:23.743Z] memory                  230.670  555.973  555.973   78.040  ????????????????????????????????
[2020-09-03T13:12:23.743Z] dcpagg                    3.275    6.210    6.210    0.853  ????????????????????????????????
[2020-09-03T13:12:23.743Z] workload                 25.849   58.876   58.876    9.346  ????????????????????????????????
[2020-09-03T13:12:23.743Z] timings                 463.134  565.787  565.787   43.874  ????????????????????????????????
[2020-09-03T13:12:23.743Z]                                                             2              �s            565
[2020-09-03T13:12:23.743Z] 
[2020-09-03T13:12:23.743Z] (75 ms) OK
[2020-09-03T13:12:23.743Z] 
[2020-09-03T13:12:23.743Z] 
[2020-09-03T13:12:23.743Z] 97% tests passed, 14 tests failed out of 415
[2020-09-03T13:12:23.743Z] 
[2020-09-03T13:12:23.743Z] Total Test time (real) = 1614.40 sec
[2020-09-03T13:12:23.743Z] 
[2020-09-03T13:12:23.743Z] The following tests FAIL
</pre>
 ( http://cv.jenkins.couchbase.com/job/kv_engine.linux/job/master/5491/ )

Timeout of a CTest test [2020-09-03T12:52:46.122Z] 402/415 Test #192: ep-engine_ep_unit_tests.STParamPersistentBucketTest/MB20054_SingleThreadedEPStoreTest .......................} ( http://cv.jenkins.couchbase.com/job/kv_engine.linux/job/master/5491/ )

Failure of a CTest test [2020-09-03T13:05:37.911Z] 404/415 Test #258: ep_testsuite_dcp.full_eviction.comp_passive ................................................................. ( http://cv.jenkins.couchbase.com/job/kv_engine.linux/job/master/5491/ )

http://cv.jenkins.couchbase.com/job/kv_engine.linux-CE/job/master/5402/ : FAILURE

Timeout of a CTest test [2020-09-03T12:35:36.415Z] 391/402 Test  #65: ep-engine_ep_unit_tests.DCPTest .............................................................................} ( http://cv.jenkins.couchbase.com/job/kv_engine.linux-CE/job/master/5402/ )

Failure of a CTest test [2020-09-03T12:49:28.088Z] 393/402 Test #253: ep_testsuite_dcp.ephemeral.comp_passive ..................................................................... ( http://cv.jenkins.couchbase.com/job/kv_engine.linux-CE/job/master/5402/ )

http://cv.jenkins.couchbase.com/job/kv_engine.ASan-UBSan/job/master/13313/ : FAILURE

No problems were identified. If you know why this problem occurred, please add a suitable Cause for it. ( http://cv.jenkins.couchbase.com/job/kv_engine.ASan-UBSan/job/master/13313/ )

http://cv.jenkins.couchbase.com/job/kv_engine-clang_tidy/4173/ : SUCCESS

http://cv.jenkins.couchbase.com/job/kv_engine-clang_analyzer-master/25994/ : SUCCESS

http://cv.jenkins.couchbase.com/job/kv_engine-clang_format_9/2697/ : SUCCESS
----------------------------------------------------------------------------------------------------------------------
