======================================================================================================================
DESCRIPTION:

MB-49512: Remove tasks from custom cpuPool queue on unregister

We just need to clean up the task but we currently do so by
running it, meaning that we must wait for other tasks to
complete first. Instead, remove the tasks from the queue and
tidy them up manually.

Change-Id: Id3f52a07d693d98510ab6b3f918ad4beb1b8721d

======================================================================================================================
COMMENTS
======================================================================================================================
Author: Ben Huddleston
Date: 2022-02-14 09:47:44.000000000
Message: 
Uploaded patch set 13: Patch Set 12 was rebased.
----------------------------------------------------------------------------------------------------------------------
Author: Build Bot
Date: 2022-02-14 10:27:03.000000000
Message: 
Patch Set 13: Verified-1

Build Failed 

http://cv.jenkins.couchbase.com/job/kv_engine-clang_tidy-master/15584/ : FAILURE

clang-tidy found the following problems:

<pre>
/home/couchbase/jenkins/workspace/kv_engine-clang_tidy-master/build-kv_engine-clang-tidy/tlm/deps/folly.exploded/include/folly/portability/GMock.h:32:10: error: "gmock/gmock.h" file not found [clang-diagnostic-error]
#include <gmock/gmock.h>
         ^

</pre> ( http://cv.jenkins.couchbase.com/job/kv_engine-clang_tidy-master/15584/ )

Compile error at /home/couchbase/jenkins/workspace/kv_engine-clang_tidy-master/build-kv_engine-clang-tidy/tlm/deps/folly.exploded/include/folly/portability/GMock.h:32:10:
error: "gmock/gmock.h" file not found [clang-diagnostic-error]
 ( http://cv.jenkins.couchbase.com/job/kv_engine-clang_tidy-master/15584/ )

http://cv.jenkins.couchbase.com/job/kv_engine-windows-master/43895/ : FAILURE

Failure of an engine_testapp test:

<pre>
Running [0033/0047]: set/delete (invalid cas)...WARNING: Logging before InitGoogleLogging() is written to STDERR
W0214 02:20:01.513141 34644 HazptrDomain.h:670] Using the default inline executor for asynchronous reclamation may be susceptible to deadlock if the current thread happens to hold a resource needed by the deleter of a reclaimable object

        Start 384: memcached_testapp.ep.TransportProtocols/TouchTest
381/421 Test #383: memcached_testapp.ep.TransportProtocols/TlsTests ..............................................................................   Passed    1.29 sec
        Start 385: memcached_testapp.ep.TransportProtocols/TtlTest
382/421 Test #384: memcached_testapp.ep.TransportProtocols/TouchTest .............................................................................   Passed    1.27 sec
        Start 386: memcached_testapp.ep.TransportProtocols/TuneMcbpSla
383/421 Test #385: memcached_testapp.ep.TransportProtocols/TtlTest ...............................................................................   Passed    1.08 sec
        Start 387: memcached_testapp.ep.TransportProtocols/WithMetaTest
384/421 Test #386: memcached_testapp.ep.TransportProtocols/TuneMcbpSla ...........................................................................   Passed    1.50 sec
        Start 388: memcached_testapp.ep.TransportProtocols/RemoveTest
385/421 Test #382: memcached_testapp.ep.TransportProtocols/TenantTest ............................................................................   Passed    3.99 sec
        Start 389: memcached_testapp.ep.TransportProtocols/SaslTest
386/421 Test #388: memcached_testapp.ep.TransportProtocols/RemoveTest ............................................................................   Passed    1.34 sec
        Start 390: memcached_testapp.ep.TransportProtocols/StatsTest
387/421 Test #387: memcached_testapp.ep.TransportProtocols/WithMetaTest ..........................................................................   Passed    2.59 sec
        Start 391: memcached_testapp.ep.Subdoc/SubdocTestappTest
388/421 Test #390: memcached_testapp.ep.TransportProtocols/StatsTest .............................................................................   Passed    1.19 sec
        Start 392: memcached_testapp.ep.TransportProtocols/LockTest
389/421 Test #392: memcached_testapp.ep.TransportProtocols/LockTest ..............................................................................   Passed    0.94 sec
        Start 393: memcached_testapp.ep.LoggingTests/LoggingTest
390/421 Test #391: memcached_testapp.ep.Subdoc/SubdocTestappTest .................................................................................   Passed    2.08 sec
        Start 394: memcached_testapp.ep.TransportProtocols/MiscTest
391/421 Test #393: memcached_testapp.ep.LoggingTests/LoggingTest .................................................................................   Passed    0.89 sec
        Start 395: memcached_testapp.ep.CleanOrUnclean/PersistToTest
392/421 Test #394: memcached_testapp.ep.TransportProtocols/MiscTest ..............................................................................   Passed    0.76 sec
        Start 396: memcached_testapp.ep.TransportProtocols/RbacTest
393/421 Test #396: memcached_testapp.ep.TransportProtocols/RbacTest ..............................................................................   Passed    0.76 sec
        Start 397: memcached_testapp.ep.TransportProtocols/RbacRoleTest
394/421 Test #397: memcached_testapp.ep.TransportProtocols/RbacRoleTest ..........................................................................   Passed    0.97 sec
        Start 398: memcached_testapp.ep.TransportProtocols/RegressionTest
395/421 Test #398: memcached_testapp.ep.TransportProtocols/RegressionTest ........................................................................   Passed    1.04 sec
        Start 399: memcached_testapp.ep.TransportProtocols/ErrmapTest
396/421 Test #399: memcached_testapp.ep.TransportProtocols/ErrmapTest ............................................................................   Passed    0.85 sec
        Start 400: memcached_testapp.ep.TransportProtocols/ExternalAuthTest
397/421 Test #389: memcached_testapp.ep.TransportProtocols/SaslTest ..............................................................................   Passed   10.10 sec
        Start 401: memcached_testapp.ep.TransportProtocols/FlushTest
398/421 Test #395: memcached_testapp.ep.CleanOrUnclean/PersistToTest .............................................................................   Passed    6.72 sec
        Start 402: memcached_testapp.ep.TransportProtocols/GetSetTest
399/421 Test #401: memcached_testapp.ep.TransportProtocols/FlushTest .............................................................................   Passed    0.78 sec
        Start 403: memcached_testapp.ep.TransportProtocols/InterfacesTest
400/421 Test #402: memcached_testapp.ep.TransportProtocols/GetSetTest ............................................................................   Passed    2.52 sec
        Start 404: memcached_testapp.ep.TransportProtocols/IoctlTest
401/421 Test #404: memcached_testapp.ep.TransportProtocols/IoctlTest .............................................................................   Passed    0.75 sec
        Start 405: memcached_testapp.ep.TransportProtocols/IPv6Test
402/421 Test #400: memcached_testapp.ep.TransportProtocols/ExternalAuthTest ......................................................................   Passed    6.46 sec
        Start 406: memcached_testapp.ep.TransportProtocols/ClusterConfigTest
403/421 Test #405: memcached_testapp.ep.TransportProtocols/IPv6Test ..............................................................................   Passed    0.75 sec
        Start 407: memcached_testapp.ep.TransportProtocols/CmdTimerTest
404/421 Test #403: memcached_testapp.ep.TransportProtocols/InterfacesTest ........................................................................   Passed    3.73 sec
        Start 408: memcached_testapp.ep.TransportProtocols/CollectionsTest
405/421 Test #407: memcached_testapp.ep.TransportProtocols/CmdTimerTest ..........................................................................   Passed    0.85 sec
        Start 409: memcached_testapp.ep.TransportProtocols/DcpTest
406/421 Test #408: memcached_testapp.ep.TransportProtocols/CollectionsTest .......................................................................   Passed    0.87 sec
        Start 410: memcached_testapp.ep.TransportProtocols/DcpConsumerBufferAckTest
407/421 Test #409: memcached_testapp.ep.TransportProtocols/DcpTest ...............................................................................   Passed    0.79 sec
        Start 411: memcached_testapp.ep.Transport/DeprecatedCommandsTests
408/421 Test #410: memcached_testapp.ep.TransportProtocols/DcpConsumerBufferAckTest ..............................................................   Passed    1.75 sec
        Start 412: memcached_testapp.ep.TransportProtocols/DurabilityTest
409/421 Test #406: memcached_testapp.ep.TransportProtocols/ClusterConfigTest .....................................................................   Passed    3.33 sec
        Start 413: memcached_testapp.ep.TransportProtocols/SubdocDurabilityTest
410/421 Test #411: memcached_testapp.ep.Transport/DeprecatedCommandsTests ........................................................................   Passed    1.53 sec
        Start 414: memcached_testapp.ep.TransportProtocols/ArithmeticTest
411/421 Test #412: memcached_testapp.ep.TransportProtocols/DurabilityTest ........................................................................   Passed    0.95 sec
        Start 415: memcached_testapp.ep.TransportProtocols/ArithmeticXattrOnTest
412/421 Test #413: memcached_testapp.ep.TransportProtocols/SubdocDurabilityTest ..................................................................   Passed    0.92 sec
        Start 416: memcached_testapp.ep.TransportProtocols/AuditTest
413/421 Test #381: memcached_testapp.ep.SDPerf/SubdocPerfTest ....................................................................................   Passed   22.83 sec
        Start 417: memcached_testapp.ep.TransportProtocols/BucketTest
414/421 Test #415: memcached_testapp.ep.TransportProtocols/ArithmeticXattrOnTest .................................................................   Passed    0.88 sec
        Start 418: testapp_auth_provider_test
415/421 Test #418: testapp_auth_provider_test ....................................................................................................   Passed    0.12 sec
        Start 419: cluster_test
416/421 Test #414: memcached_testapp.ep.TransportProtocols/ArithmeticTest ........................................................................   Passed    2.50 sec
        Start 420: memcached_unsigned_leb128_test
417/421 Test #420: memcached_unsigned_leb128_test ................................................................................................   Passed    0.08 sec
        Start 421: memcached-hostutils-test
418/421 Test #421: memcached-hostutils-test ......................................................................................................   Passed    0.09 sec
419/421 Test #417: memcached_testapp.ep.TransportProtocols/BucketTest ............................................................................   Passed    6.07 sec
420/421 Test #419: cluster_test ..................................................................................................................   Passed    5.96 sec
421/421 Test #416: memcached_testapp.ep.TransportProtocols/AuditTest .............................................................................   Passed   14.13 sec

99% tests passed, 1 tests failed out of 421

Total Test time (real) = 1075.33 sec

The following tests FAIL
</pre>
 ( http://cv.jenkins.couchbase.com/job/kv_engine-windows-master/43895/ )

Timeout of a CTest test 380/421 Test #280: ep_testsuite_basic.full_eviction.comp_passive .................................................................................} ( http://cv.jenkins.couchbase.com/job/kv_engine-windows-master/43895/ )

http://cv.jenkins.couchbase.com/job/kv_engine.ASan-UBSan/job/master/25728/ : FAILURE

http://cv.jenkins.couchbase.com/job/kv_engine-clang_format_9/14425/ : SUCCESS

http://cv.jenkins.couchbase.com/job/kv_engine-clang_analyzer-master/37011/ : SUCCESS

http://cv.jenkins.couchbase.com/job/kv_engine.macos/job/master/16400/ : SUCCESS

http://cv.jenkins.couchbase.com/job/kv_engine.libFuzzer/job/master/5231/ : SUCCESS

http://cv.jenkins.couchbase.com/job/kv_engine.linux-CE/job/master/17322/ : SUCCESS

http://cv.jenkins.couchbase.com/job/kv_engine.linux/job/master/17628/ : SUCCESS

http://cv.jenkins.couchbase.com/job/kv_engine.aarch64-linux/job/master/5292/ : SUCCESS

http://cv.jenkins.couchbase.com/job/kv_engine.threadsanitizer/job/master/18360/ : SUCCESS
----------------------------------------------------------------------------------------------------------------------
