======================================================================================================================
DESCRIPTION:

MB-49512: Remove tasks from custom cpuPool queue on unregister

We just need to clean up the task but we currently do so by
running it, meaning that we must wait for other tasks to
complete first. Instead, remove the tasks from the queue and
tidy them up manually.

Change-Id: Id3f52a07d693d98510ab6b3f918ad4beb1b8721d

======================================================================================================================
COMMENTS
======================================================================================================================
Author: Ben Huddleston
Date: 2022-02-11 13:05:21.000000000
Message: 
Uploaded patch set 6.
----------------------------------------------------------------------------------------------------------------------
Author: Build Bot
Date: 2022-02-11 13:42:26.000000000
Message: 
Patch Set 6: Verified-1 Code-Review-1

Build Failed 

http://cv.jenkins.couchbase.com/job/kv_engine.ASan-UBSan/job/master/25681/ : ABORTED

http://cv.jenkins.couchbase.com/job/kv_engine.linux-CE/job/master/17276/ : ABORTED

Failure of GoogleTest "SDPerf/SubdocPerfTest.Array_Replace_Fulldoc/Mcbp_JsonNo":

<pre>
[ RUN      ] SDPerf/SubdocPerfTest.Array_Replace_Fulldoc/Mcbp_JsonNo
[2022-02-11T13:42:15.949Z] unknown file: Failure
[2022-02-11T13:42:15.949Z] C++ exception with description "AsyncSocketException: recv() failed (peer=<uninitialized address>, local=127.0.0.1:57066), type = Internal error, errno = 104 (Connection reset by peer): Connection reset by peer" thrown in SetUp().
[2022-02-11T13:42:15.949Z] [  FAILED  ] SDPerf/SubdocPerfTest.Array_Replace_Fulldoc/Mcbp_JsonNo, where GetParam() = (Mcbp, 4-byte object <01-00 00-00>) (554 ms)
SDPerf/SubdocPerfTest.Array_Replace_Fulldoc/Mcbp_JsonNo
</pre>
 ( http://cv.jenkins.couchbase.com/job/kv_engine.linux-CE/job/master/17276/ )

Build which was aborted due to a newer patch set being uploaded for the given review. ( http://cv.jenkins.couchbase.com/job/kv_engine.linux-CE/job/master/17276/ )

http://cv.jenkins.couchbase.com/job/kv_engine.linux/job/master/17581/ : ABORTED

Build which was aborted due to a newer patch set being uploaded for the given review. ( http://cv.jenkins.couchbase.com/job/kv_engine.linux/job/master/17581/ )

http://cv.jenkins.couchbase.com/job/kv_engine.aarch64-linux/job/master/5247/ : ABORTED

Build which was aborted due to a newer patch set being uploaded for the given review. ( http://cv.jenkins.couchbase.com/job/kv_engine.aarch64-linux/job/master/5247/ )

http://cv.jenkins.couchbase.com/job/kv_engine.threadsanitizer/job/master/18314/ : ABORTED

Build which was aborted due to a newer patch set being uploaded for the given review. ( http://cv.jenkins.couchbase.com/job/kv_engine.threadsanitizer/job/master/18314/ )

http://cv.jenkins.couchbase.com/job/kv_engine-clang_tidy-master/15538/ : FAILURE

clang-tidy found the following problems:

<pre>
/home/couchbase/jenkins/workspace/kv_engine-clang_tidy-master/build-kv_engine-clang-tidy/tlm/deps/folly.exploded/include/folly/portability/GMock.h:32:10: error: "gmock/gmock.h" file not found [clang-diagnostic-error]
#include <gmock/gmock.h>
         ^

</pre> ( http://cv.jenkins.couchbase.com/job/kv_engine-clang_tidy-master/15538/ )

Compile error at /home/couchbase/jenkins/workspace/kv_engine-clang_tidy-master/build-kv_engine-clang-tidy/tlm/deps/folly.exploded/include/folly/portability/GMock.h:32:10:
error: "gmock/gmock.h" file not found [clang-diagnostic-error]
 ( http://cv.jenkins.couchbase.com/job/kv_engine-clang_tidy-master/15538/ )

http://cv.jenkins.couchbase.com/job/kv_engine-windows-master/43853/ : FAILURE

Failure of an engine_testapp test:

<pre>
Running [0006/0047]: concurrent set...WARNING: Logging before InitGoogleLogging() is written to STDERR
W0211 05:37:16.943639 59380 HazptrDomain.h:670] Using the default inline executor for asynchronous reclamation may be susceptible to deadlock if the current thread happens to hold a resource needed by the deleter of a reclaimable object

        Start 391: memcached_testapp.ep.Subdoc/SubdocTestappTest
384/421 Test #387: memcached_testapp.ep.TransportProtocols/WithMetaTest ..........................................................................   Passed    2.10 sec
        Start 392: memcached_testapp.ep.TransportProtocols/LockTest
385/421 Test #382: memcached_testapp.ep.TransportProtocols/TenantTest ............................................................................   Passed    3.76 sec
        Start 393: memcached_testapp.ep.LoggingTests/LoggingTest
386/421 Test #390: memcached_testapp.ep.TransportProtocols/StatsTest .............................................................................   Passed    1.29 sec
        Start 394: memcached_testapp.ep.TransportProtocols/MiscTest
387/421 Test #392: memcached_testapp.ep.TransportProtocols/LockTest ..............................................................................   Passed    1.15 sec
        Start 395: memcached_testapp.ep.CleanOrUnclean/PersistToTest
388/421 Test #393: memcached_testapp.ep.LoggingTests/LoggingTest .................................................................................   Passed    1.35 sec
        Start 396: memcached_testapp.ep.TransportProtocols/RbacTest
389/421 Test #376: memcached_testapp.ep.SslCertTest ..............................................................................................   Passed    6.81 sec
        Start 397: memcached_testapp.ep.TransportProtocols/RbacRoleTest
390/421 Test #394: memcached_testapp.ep.TransportProtocols/MiscTest ..............................................................................   Passed    1.22 sec
        Start 398: memcached_testapp.ep.TransportProtocols/RegressionTest
391/421 Test #391: memcached_testapp.ep.Subdoc/SubdocTestappTest .................................................................................   Passed    2.66 sec
        Start 399: memcached_testapp.ep.TransportProtocols/ErrmapTest
392/421 Test #396: memcached_testapp.ep.TransportProtocols/RbacTest ..............................................................................   Passed    2.43 sec
        Start 400: memcached_testapp.ep.TransportProtocols/ExternalAuthTest
393/421 Test #399: memcached_testapp.ep.TransportProtocols/ErrmapTest ............................................................................   Passed    1.72 sec
        Start 401: memcached_testapp.ep.TransportProtocols/FlushTest
394/421 Test #397: memcached_testapp.ep.TransportProtocols/RbacRoleTest ..........................................................................   Passed    2.27 sec
        Start 402: memcached_testapp.ep.TransportProtocols/GetSetTest
395/421 Test #398: memcached_testapp.ep.TransportProtocols/RegressionTest ........................................................................   Passed    2.25 sec
        Start 403: memcached_testapp.ep.TransportProtocols/InterfacesTest
396/421 Test #401: memcached_testapp.ep.TransportProtocols/FlushTest .............................................................................   Passed    1.18 sec
        Start 404: memcached_testapp.ep.TransportProtocols/IoctlTest
397/421 Test #367: memcached_testapp.default.TransportProtocols/AuditTest ........................................................................   Passed   14.65 sec
        Start 405: memcached_testapp.ep.TransportProtocols/IPv6Test
398/421 Test #402: memcached_testapp.ep.TransportProtocols/GetSetTest ............................................................................   Passed    3.31 sec
        Start 406: memcached_testapp.ep.TransportProtocols/ClusterConfigTest
399/421 Test #404: memcached_testapp.ep.TransportProtocols/IoctlTest .............................................................................   Passed    2.49 sec
        Start 407: memcached_testapp.ep.TransportProtocols/CmdTimerTest
400/421 Test #405: memcached_testapp.ep.TransportProtocols/IPv6Test ..............................................................................   Passed    1.36 sec
        Start 408: memcached_testapp.ep.TransportProtocols/CollectionsTest
401/421 Test #389: memcached_testapp.ep.TransportProtocols/SaslTest ..............................................................................   Passed    8.89 sec
        Start 409: memcached_testapp.ep.TransportProtocols/DcpTest
402/421 Test #403: memcached_testapp.ep.TransportProtocols/InterfacesTest ........................................................................   Passed    3.96 sec
        Start 410: memcached_testapp.ep.TransportProtocols/DcpConsumerBufferAckTest
403/421 Test #407: memcached_testapp.ep.TransportProtocols/CmdTimerTest ..........................................................................   Passed    0.96 sec
        Start 411: memcached_testapp.ep.Transport/DeprecatedCommandsTests
404/421 Test #408: memcached_testapp.ep.TransportProtocols/CollectionsTest .......................................................................   Passed    0.89 sec
        Start 412: memcached_testapp.ep.TransportProtocols/DurabilityTest
405/421 Test #409: memcached_testapp.ep.TransportProtocols/DcpTest ...............................................................................   Passed    0.94 sec
        Start 413: memcached_testapp.ep.TransportProtocols/SubdocDurabilityTest
406/421 Test #412: memcached_testapp.ep.TransportProtocols/DurabilityTest ........................................................................   Passed    0.91 sec
        Start 414: memcached_testapp.ep.TransportProtocols/ArithmeticTest
407/421 Test #413: memcached_testapp.ep.TransportProtocols/SubdocDurabilityTest ..................................................................   Passed    0.94 sec
        Start 415: memcached_testapp.ep.TransportProtocols/ArithmeticXattrOnTest
408/421 Test #410: memcached_testapp.ep.TransportProtocols/DcpConsumerBufferAckTest ..............................................................   Passed    1.85 sec
        Start 416: memcached_testapp.ep.TransportProtocols/AuditTest
409/421 Test #411: memcached_testapp.ep.Transport/DeprecatedCommandsTests ........................................................................   Passed    1.58 sec
        Start 417: memcached_testapp.ep.TransportProtocols/BucketTest
410/421 Test #415: memcached_testapp.ep.TransportProtocols/ArithmeticXattrOnTest .................................................................   Passed    0.94 sec
        Start 418: testapp_auth_provider_test
411/421 Test #418: testapp_auth_provider_test ....................................................................................................   Passed    0.06 sec
        Start 419: cluster_test
412/421 Test #400: memcached_testapp.ep.TransportProtocols/ExternalAuthTest ......................................................................   Passed    7.26 sec
        Start 420: memcached_unsigned_leb128_test
413/421 Test #420: memcached_unsigned_leb128_test ................................................................................................   Passed    0.06 sec
        Start 421: memcached-hostutils-test
414/421 Test #421: memcached-hostutils-test ......................................................................................................   Passed    0.10 sec
415/421 Test #406: memcached_testapp.ep.TransportProtocols/ClusterConfigTest .....................................................................   Passed    4.46 sec
416/421 Test #395: memcached_testapp.ep.CleanOrUnclean/PersistToTest .............................................................................   Passed   11.74 sec
417/421 Test #414: memcached_testapp.ep.TransportProtocols/ArithmeticTest ........................................................................   Passed    3.80 sec
418/421 Test #419: cluster_test ..................................................................................................................   Passed    8.52 sec
419/421 Test #381: memcached_testapp.ep.SDPerf/SubdocPerfTest ....................................................................................   Passed   26.51 sec
420/421 Test #416: memcached_testapp.ep.TransportProtocols/AuditTest .............................................................................   Passed   14.82 sec
421/421 Test #417: memcached_testapp.ep.TransportProtocols/BucketTest ............................................................................   Passed   18.07 sec

99% tests passed, 1 tests failed out of 421

Total Test time (real) = 543.86 sec

The following tests FAIL
</pre>
 ( http://cv.jenkins.couchbase.com/job/kv_engine-windows-master/43853/ )

Timeout of a CTest test 383/421 Test #281: ep_testsuite_basic.full_eviction.comp_active ..................................................................................} ( http://cv.jenkins.couchbase.com/job/kv_engine-windows-master/43853/ )

http://cv.jenkins.couchbase.com/job/kv_engine.libFuzzer/job/master/5186/ : FAILURE

The warnings threshold for this job was exceeded - <a href="warningsResult">1 warnings</a> found. ( http://cv.jenkins.couchbase.com/job/kv_engine.libFuzzer/job/master/5186/ )

http://cv.jenkins.couchbase.com/job/kv_engine.macos/job/master/16355/ : FAILURE

The warnings threshold for this job was exceeded - <a href="warningsResult">1 warnings</a> found. ( http://cv.jenkins.couchbase.com/job/kv_engine.macos/job/master/16355/ )

http://cv.jenkins.couchbase.com/job/kv_engine-clang_format_9/14380/ : SUCCESS

http://cv.jenkins.couchbase.com/job/kv_engine-clang_analyzer-master/36974/ : SUCCESS
----------------------------------------------------------------------------------------------------------------------
