======================================================================================================================
DESCRIPTION:

MB-54452: Reduce the amount of logging for FreeConnPoolSize

ns_server can't "optionally" put members in memcached.json, instead
it'll always put them there with a "default value".

To avoid logging that it changed from <somevalue> to 0 every time
the file gets reloaded we'll compare the two calculated numbers
and compare them (and update if they change)

Change-Id: Idd832597ec62c4bcbfc817d92b201f4dccdd347c

======================================================================================================================
COMMENTS
======================================================================================================================
Author: Trond Norbye
Date: 2022-11-25 09:27:30.000000000
Message: 
Uploaded patch set 2.
----------------------------------------------------------------------------------------------------------------------
Author: Restriction Checker
Date: 2022-11-25 09:27:40.000000000
Message: 
Patch Set 2: Well-Formed+1

Permission granted to commit: 

https://server.jenkins.couchbase.com/job/restricted-branch-check/326389/artifact/restricted.html : SUCCESS
----------------------------------------------------------------------------------------------------------------------
Author: Build Bot
Date: 2022-11-25 10:03:29.000000000
Message: 
Patch Set 2: Verified-1

Build Failed 

https://cv.jenkins.couchbase.com/job/kv_engine-windows-neo/715/ : FAILURE

Failure of an engine_testapp test:

<pre>
Running [15/160]: test observe single key...(134 ms) OK


99% tests passed, 2 tests failed out of 424

Total Test time (real) = 705.46 sec

The following tests FAIL
</pre>
 ( https://cv.jenkins.couchbase.com/job/kv_engine-windows-neo/715/ )

Failure of GoogleTest "AllBackends/DurabilityBucketTest.AddDurabilityInvalidLevel/ephemeral_auto_delete":

<pre>
[ RUN      ] AllBackends/DurabilityBucketTest.AddDurabilityInvalidLevel/ephemeral_auto_delete
unknown file: error: C++ exception with description "KVStoreFactory ctor: Specified dbname "ep_engine_ep_unit_tests.db/test.518102" is not a directory" thrown in SetUp().
unknown file: error: SEH exception with code 0xc0000005 thrown in TearDown().
[  FAILED  ] AllBackends/DurabilityBucketTest.AddDurabilityInvalidLevel/ephemeral_auto_delete, where GetParam() = "bucket_type=ephemeral:ephemeral_full_policy=auto_delete" (2 ms)
AllBackends/DurabilityBucketTest.AddDurabilityInvalidLevel/ephemeral_auto_delete
</pre>
 ( https://cv.jenkins.couchbase.com/job/kv_engine-windows-neo/715/ )

Timeout of a CTest test 424/424 Test #280: ep_testsuite.full_eviction.magma ..............................................................................................} ( https://cv.jenkins.couchbase.com/job/kv_engine-windows-neo/715/ )

https://cv.jenkins.couchbase.com/job/kv_engine.aarch64-linux/job/neo/559/ : FAILURE

Failure of GoogleTest "EphemeralOrPersistent/STExpiryPagerTest.MB_25650/persistent_magma_value_only":

<pre>
[ RUN      ] EphemeralOrPersistent/STExpiryPagerTest.MB_25650/persistent_magma_value_only
[2022-11-25T09:43:07.941Z] ../kv_engine/engines/ep/tests/module_tests/item_pager_test.cc:1736: Failure
[2022-11-25T09:43:07.941Z] Expected equality of these values:
[2022-11-25T09:43:07.941Z]   err
[2022-11-25T09:43:07.941Z]     Which is: would block
[2022-11-25T09:43:07.941Z]   store->getMetaData( key_1, vbid, cookie, metadata, deleted, datatype)
[2022-11-25T09:43:07.941Z]     Which is: no memory
[2022-11-25T09:43:07.941Z] ../kv_engine/engines/ep/tests/module_tests/item_pager_test.cc:1741: Failure
[2022-11-25T09:43:07.941Z] Expected equality of these values:
[2022-11-25T09:43:07.941Z]   cb::engine_errc::success
[2022-11-25T09:43:07.941Z]     Which is: success
[2022-11-25T09:43:07.941Z]   store->getMetaData( key_1, vbid, cookie, metadata, deleted, datatype)
[2022-11-25T09:43:07.941Z]     Which is: no memory
[2022-11-25T09:43:07.941Z] ../kv_engine/engines/ep/tests/module_tests/item_pager_test.cc:1751: Failure
[2022-11-25T09:43:07.941Z] Expected equality of these values:
[2022-11-25T09:43:07.941Z]   err
[2022-11-25T09:43:07.941Z]     Which is: would block
[2022-11-25T09:43:07.941Z]   store->get(key_1, vbid, cookie, options).getStatus()
[2022-11-25T09:43:07.941Z]     Which is: no memory
[2022-11-25T09:43:07.941Z] Key with TTL:10 should be removed.
[2022-11-25T09:43:07.941Z] ../kv_engine/engines/ep/tests/module_tests/item_pager_test.cc:1760: Failure
[2022-11-25T09:43:07.941Z] Expected equality of these values:
[2022-11-25T09:43:07.941Z]   cb::engine_errc::success
[2022-11-25T09:43:07.941Z]     Which is: success
[2022-11-25T09:43:07.941Z]   item.getStatus()
[2022-11-25T09:43:07.941Z]     Which is: would block
[2022-11-25T09:43:07.941Z] [  FAILED  ] EphemeralOrPersistent/STExpiryPagerTest.MB_25650/persistent_magma_value_only, where GetParam() = "bucket_type=persistent:backend=magma:item_eviction_policy=value_only" (47 ms)
EphemeralOrPersistent/STExpiryPagerTest.MB_25650/persistent_magma_value_only
</pre>
 ( https://cv.jenkins.couchbase.com/job/kv_engine.aarch64-linux/job/neo/559/ )

https://cv.jenkins.couchbase.com/job/kv_engine-clang_tidy-neo/561/ : SUCCESS

https://cv.jenkins.couchbase.com/job/kv_engine-clang_format_9/21395/ : SUCCESS

https://cv.jenkins.couchbase.com/job/kv_engine-clang_analyzer-neo/541/ : SUCCESS

https://cv.jenkins.couchbase.com/job/kv_engine.threadsanitizer/job/neo/580/ : SUCCESS

https://cv.jenkins.couchbase.com/job/kv_engine.ASan-UBSan/job/neo/570/ : SUCCESS

https://cv.jenkins.couchbase.com/job/kv_engine.libFuzzer/job/neo/553/ : SUCCESS

https://cv.jenkins.couchbase.com/job/kv_engine.linux-CE/job/neo/579/ : SUCCESS

https://cv.jenkins.couchbase.com/job/kv_engine.linux/job/neo/569/ : SUCCESS

https://cv.jenkins.couchbase.com/job/kv_engine.macos/job/neo/816/ : SUCCESS
----------------------------------------------------------------------------------------------------------------------
Author: Build Bot
Date: 2022-11-25 10:44:30.000000000
Message: 
Patch Set 2:

Build Failed 

https://cv.jenkins.couchbase.com/job/kv_engine-windows-neo/715/ : FAILURE

Failure of an engine_testapp test:

<pre>
Running [15/160]: test observe single key...(134 ms) OK


99% tests passed, 2 tests failed out of 424

Total Test time (real) = 705.46 sec

The following tests FAIL
</pre>
 ( https://cv.jenkins.couchbase.com/job/kv_engine-windows-neo/715/ )

Failure of GoogleTest "AllBackends/DurabilityBucketTest.AddDurabilityInvalidLevel/ephemeral_auto_delete":

<pre>
[ RUN      ] AllBackends/DurabilityBucketTest.AddDurabilityInvalidLevel/ephemeral_auto_delete
unknown file: error: C++ exception with description "KVStoreFactory ctor: Specified dbname "ep_engine_ep_unit_tests.db/test.518102" is not a directory" thrown in SetUp().
unknown file: error: SEH exception with code 0xc0000005 thrown in TearDown().
[  FAILED  ] AllBackends/DurabilityBucketTest.AddDurabilityInvalidLevel/ephemeral_auto_delete, where GetParam() = "bucket_type=ephemeral:ephemeral_full_policy=auto_delete" (2 ms)
AllBackends/DurabilityBucketTest.AddDurabilityInvalidLevel/ephemeral_auto_delete
</pre>
 ( https://cv.jenkins.couchbase.com/job/kv_engine-windows-neo/715/ )

Timeout of a CTest test 424/424 Test #280: ep_testsuite.full_eviction.magma ..............................................................................................} ( https://cv.jenkins.couchbase.com/job/kv_engine-windows-neo/715/ )

https://cv.jenkins.couchbase.com/job/kv_engine.aarch64-linux/job/neo/568/ : FAILURE

No problems were identified. If you know why this problem occurred, please add a suitable Cause for it. ( https://cv.jenkins.couchbase.com/job/kv_engine.aarch64-linux/job/neo/568/ )

https://cv.jenkins.couchbase.com/job/kv_engine-clang_tidy-neo/561/ : SUCCESS

https://cv.jenkins.couchbase.com/job/kv_engine-clang_format_9/21395/ : SUCCESS

https://cv.jenkins.couchbase.com/job/kv_engine-clang_analyzer-neo/541/ : SUCCESS

https://cv.jenkins.couchbase.com/job/kv_engine.threadsanitizer/job/neo/580/ : SUCCESS

https://cv.jenkins.couchbase.com/job/kv_engine.ASan-UBSan/job/neo/570/ : SUCCESS

https://cv.jenkins.couchbase.com/job/kv_engine.libFuzzer/job/neo/553/ : SUCCESS

https://cv.jenkins.couchbase.com/job/kv_engine.linux-CE/job/neo/579/ : SUCCESS

https://cv.jenkins.couchbase.com/job/kv_engine.linux/job/neo/569/ : SUCCESS

https://cv.jenkins.couchbase.com/job/kv_engine.macos/job/neo/816/ : SUCCESS
----------------------------------------------------------------------------------------------------------------------
Author: Build Bot
Date: 2022-11-25 11:02:31.000000000
Message: 
Patch Set 2:

Build Failed 

https://cv.jenkins.couchbase.com/job/kv_engine-windows-neo/726/ : FAILURE

Failure of GoogleTest "PersistentAndEphemeral/ConnectionTest.test_maybesendnoop_buffer_full/0":

<pre>
[ RUN      ] PersistentAndEphemeral/ConnectionTest.test_maybesendnoop_buffer_full/0
unknown file: error: C++ exception with description "cb::io::rmrf: remove of file \\?\C:\Jenkins\workspace\kv_engine-windows-neo\build\kv_engine\ep_engine_ep_unit_tests.db\test.912401\magma.0\wal\wal.1 under ep_engine_ep_unit_tests.db/test.912401 failed: The data is invalid." thrown in TearDown().
[  FAILED  ] PersistentAndEphemeral/ConnectionTest.test_maybesendnoop_buffer_full/0, where GetParam() = "bucket_type=ephemeral:ephemeral_full_policy=auto_delete" (23 ms)
PersistentAndEphemeral/ConnectionTest.test_maybesendnoop_buffer_full/0
</pre>
 ( https://cv.jenkins.couchbase.com/job/kv_engine-windows-neo/726/ )

Failure of an engine_testapp test:

<pre>
Running [22/93]: test producer stream request (full)...(11 ms) SKIPPED


99% tests passed, 2 tests failed out of 424

Total Test time (real) = 347.80 sec

The following tests FAIL
</pre>
 ( https://cv.jenkins.couchbase.com/job/kv_engine-windows-neo/726/ )

Timeout of a CTest test 424/424 Test #292: ep_testsuite_dcp.full_eviction.comp_active ....................................................................................} ( https://cv.jenkins.couchbase.com/job/kv_engine-windows-neo/726/ )

https://cv.jenkins.couchbase.com/job/kv_engine-clang_tidy-neo/561/ : SUCCESS

https://cv.jenkins.couchbase.com/job/kv_engine-clang_format_9/21395/ : SUCCESS

https://cv.jenkins.couchbase.com/job/kv_engine-clang_analyzer-neo/541/ : SUCCESS

https://cv.jenkins.couchbase.com/job/kv_engine.threadsanitizer/job/neo/580/ : SUCCESS

https://cv.jenkins.couchbase.com/job/kv_engine.ASan-UBSan/job/neo/570/ : SUCCESS

https://cv.jenkins.couchbase.com/job/kv_engine.libFuzzer/job/neo/553/ : SUCCESS

https://cv.jenkins.couchbase.com/job/kv_engine.linux-CE/job/neo/579/ : SUCCESS

https://cv.jenkins.couchbase.com/job/kv_engine.linux/job/neo/569/ : SUCCESS

https://cv.jenkins.couchbase.com/job/kv_engine.macos/job/neo/816/ : SUCCESS

https://cv.jenkins.couchbase.com/job/kv_engine.aarch64-linux/job/neo/570/ : SUCCESS
----------------------------------------------------------------------------------------------------------------------
Author: Build Bot
Date: 2022-11-25 11:19:36.000000000
Message: 
Patch Set 2: Verified+1

Build Successful 

https://cv.jenkins.couchbase.com/job/kv_engine-clang_tidy-neo/561/ : SUCCESS

https://cv.jenkins.couchbase.com/job/kv_engine-clang_format_9/21395/ : SUCCESS

https://cv.jenkins.couchbase.com/job/kv_engine-clang_analyzer-neo/541/ : SUCCESS

https://cv.jenkins.couchbase.com/job/kv_engine.threadsanitizer/job/neo/580/ : SUCCESS

https://cv.jenkins.couchbase.com/job/kv_engine.ASan-UBSan/job/neo/570/ : SUCCESS

https://cv.jenkins.couchbase.com/job/kv_engine.libFuzzer/job/neo/553/ : SUCCESS

https://cv.jenkins.couchbase.com/job/kv_engine.linux-CE/job/neo/579/ : SUCCESS

https://cv.jenkins.couchbase.com/job/kv_engine.linux/job/neo/569/ : SUCCESS

https://cv.jenkins.couchbase.com/job/kv_engine.macos/job/neo/816/ : SUCCESS

https://cv.jenkins.couchbase.com/job/kv_engine.aarch64-linux/job/neo/570/ : SUCCESS

https://cv.jenkins.couchbase.com/job/kv_engine-windows-neo/727/ : SUCCESS
----------------------------------------------------------------------------------------------------------------------
