======================================================================================================================
DESCRIPTION:

MB-51875: Add support for collecting metering data [2/n]

Add the skeleton for collecting metering information. Note that
all commands implemented in the engine itself would need to
update the cookie with the amount of data read / written

It is "easy" to track the write path as a successful document write
contains the WCU. We can't really use the bucket_get() methods for
counting the RCU's as we do multiple of them and might not return
the data to the user (also to implement retry logic on the server
for dealing with cas conflicts)

The intention with this patch is to get the infrastructure in
place, so that we can fan out the work to:

1) Get the RCU/WCU pushed to prometheus
2) Create a spec on how to calculate the RCU/WCU for the
   various commands
3) Account for RCU and WCU for the various commands according
   to 2.

Change-Id: I20d4b7779db95d73236c667255e232b09771f786

======================================================================================================================
COMMENTS
======================================================================================================================
Author: Trond Norbye
Date: 2022-04-21 06:37:14.000000000
Message: 
Uploaded patch set 18.
----------------------------------------------------------------------------------------------------------------------
Author: Trond Norbye
Date: 2022-04-21 06:57:51.000000000
Message: 
Patch Set 18:

(1 comment)
----------------------------------------------------------------------------------------------------------------------
Author: Build Bot
Date: 2022-04-21 07:43:40.000000000
Message: 
Patch Set 18: Verified-1

Build Failed 

http://cv.jenkins.couchbase.com/job/kv_engine-windows-master/45440/ : FAILURE

Failure of an engine_testapp test:

<pre>
Running [87/159]: vbucket replace (replica)...(62 ms) OK


99% tests passed, 1 tests failed out of 426

Total Test time (real) = 676.60 sec

The following tests FAIL
</pre>
 ( http://cv.jenkins.couchbase.com/job/kv_engine-windows-master/45440/ )

Timeout of a CTest test 426/426 Test #275: ep_testsuite.full_eviction.comp_passive .................................................................} ( http://cv.jenkins.couchbase.com/job/kv_engine-windows-master/45440/ )

http://cv.jenkins.couchbase.com/job/kv_engine.linux/job/master/18938/ : FAILURE

Timeout of a CTest test [2022-04-21T07:03:02.622Z]  10/446 Test #250: ep-engine_ep_unit_tests.EphemeralOrPersistent/STItemPagerTest ...........................................} ( http://cv.jenkins.couchbase.com/job/kv_engine.linux/job/master/18938/ )

http://cv.jenkins.couchbase.com/job/kv_engine.aarch64-linux/job/master/6547/ : FAILURE

http://cv.jenkins.couchbase.com/job/kv_engine-clang_analyzer-master/38172/ : SUCCESS

http://cv.jenkins.couchbase.com/job/kv_engine-clang_tidy-master/16817/ : SUCCESS

http://cv.jenkins.couchbase.com/job/kv_engine-clang_format_9/15762/ : SUCCESS

http://cv.jenkins.couchbase.com/job/kv_engine.libFuzzer/job/master/6475/ : SUCCESS

http://cv.jenkins.couchbase.com/job/kv_engine.macos/job/master/17698/ : SUCCESS

http://cv.jenkins.couchbase.com/job/kv_engine.threadsanitizer/job/master/19639/ : SUCCESS

http://cv.jenkins.couchbase.com/job/kv_engine.ASan-UBSan/job/master/27006/ : SUCCESS

http://cv.jenkins.couchbase.com/job/kv_engine.linux-CE/job/master/18601/ : SUCCESS
----------------------------------------------------------------------------------------------------------------------
Author: Dave Rigby
Date: 2022-04-21 08:42:50.000000000
Message: 
Patch Set 18: Code-Review+2
----------------------------------------------------------------------------------------------------------------------
Author: Build Bot
Date: 2022-04-21 09:59:07.000000000
Message: 
Patch Set 18:

Build Failed 

http://cv.jenkins.couchbase.com/job/kv_engine-windows-master/45440/ : FAILURE

Failure of an engine_testapp test:

<pre>
Running [87/159]: vbucket replace (replica)...(62 ms) OK


99% tests passed, 1 tests failed out of 426

Total Test time (real) = 676.60 sec

The following tests FAIL
</pre>
 ( http://cv.jenkins.couchbase.com/job/kv_engine-windows-master/45440/ )

Timeout of a CTest test 426/426 Test #275: ep_testsuite.full_eviction.comp_passive .................................................................} ( http://cv.jenkins.couchbase.com/job/kv_engine-windows-master/45440/ )

http://cv.jenkins.couchbase.com/job/kv_engine.linux/job/master/18938/ : FAILURE

Timeout of a CTest test [2022-04-21T07:03:02.622Z]  10/446 Test #250: ep-engine_ep_unit_tests.EphemeralOrPersistent/STItemPagerTest ...........................................} ( http://cv.jenkins.couchbase.com/job/kv_engine.linux/job/master/18938/ )

http://cv.jenkins.couchbase.com/job/kv_engine-clang_analyzer-master/38172/ : SUCCESS

http://cv.jenkins.couchbase.com/job/kv_engine-clang_tidy-master/16817/ : SUCCESS

http://cv.jenkins.couchbase.com/job/kv_engine-clang_format_9/15762/ : SUCCESS

http://cv.jenkins.couchbase.com/job/kv_engine.libFuzzer/job/master/6475/ : SUCCESS

http://cv.jenkins.couchbase.com/job/kv_engine.macos/job/master/17698/ : SUCCESS

http://cv.jenkins.couchbase.com/job/kv_engine.threadsanitizer/job/master/19639/ : SUCCESS

http://cv.jenkins.couchbase.com/job/kv_engine.ASan-UBSan/job/master/27006/ : SUCCESS

http://cv.jenkins.couchbase.com/job/kv_engine.linux-CE/job/master/18601/ : SUCCESS

http://cv.jenkins.couchbase.com/job/kv_engine.aarch64-linux/job/master/6560/ : SUCCESS
----------------------------------------------------------------------------------------------------------------------
Author: Build Bot
Date: 2022-04-21 11:06:05.000000000
Message: 
Patch Set 18: Verified-1

Build Failed 

http://cv.jenkins.couchbase.com/job/kv_engine.ASan-UBSan/job/master/27002/ : ABORTED

Build which was aborted due to a newer patch set being uploaded for the given review. ( http://cv.jenkins.couchbase.com/job/kv_engine.ASan-UBSan/job/master/27002/ )

http://cv.jenkins.couchbase.com/job/kv_engine.libFuzzer/job/master/6473/ : ABORTED

Build which was aborted due to a newer patch set being uploaded for the given review. ( http://cv.jenkins.couchbase.com/job/kv_engine.libFuzzer/job/master/6473/ )

http://cv.jenkins.couchbase.com/job/kv_engine.threadsanitizer/job/master/19636/ : ABORTED

Build which was aborted due to a newer patch set being uploaded for the given review. ( http://cv.jenkins.couchbase.com/job/kv_engine.threadsanitizer/job/master/19636/ )

http://cv.jenkins.couchbase.com/job/kv_engine.linux-CE/job/master/18598/ : ABORTED

Build which was aborted due to a newer patch set being uploaded for the given review. ( http://cv.jenkins.couchbase.com/job/kv_engine.linux-CE/job/master/18598/ )

http://cv.jenkins.couchbase.com/job/kv_engine.linux/job/master/18934/ : ABORTED

Build which was aborted due to a newer patch set being uploaded for the given review. ( http://cv.jenkins.couchbase.com/job/kv_engine.linux/job/master/18934/ )

http://cv.jenkins.couchbase.com/job/kv_engine.macos/job/master/17693/ : ABORTED

Build which was aborted due to a newer patch set being uploaded for the given review. ( http://cv.jenkins.couchbase.com/job/kv_engine.macos/job/master/17693/ )

http://cv.jenkins.couchbase.com/job/kv_engine.aarch64-linux/job/master/6535/ : SUCCESS
----------------------------------------------------------------------------------------------------------------------
