======================================================================================================================
DESCRIPTION:

MB-34217: Magma support for dropping collections with SyncWrites

This requires the fixing of two issues.

1) We need to purge the prepare namespace before the collections
instead of after them or we will have dropped the required collections
metadata and won't attempt to drop prepares in the dropped collections.

2) MB-39458: Correct the tracking of prepares when doing a collection
dropping compaction.

Change-Id: I4850492066e49309b8396441440ed0335fef94a8

======================================================================================================================
COMMENTS
======================================================================================================================
Author: Ben Huddleston
Date: 2020-06-16 15:43:08.000000000
Message: 
Uploaded patch set 6: Patch Set 5 was rebased.
----------------------------------------------------------------------------------------------------------------------
Author: Build Bot
Date: 2020-06-16 16:48:20.000000000
Message: 
Patch Set 6: Verified-1

Build Failed 

http://cv.jenkins.couchbase.com/job/kv_engine-clang_format_9/1292/ : FAILURE

<p>clang-format suggested the following changes:

<pre>
cat <<"EOF" | patch -p1
diff --git a/engines/ep/tests/module_tests/collections/evp_store_collections_eraser_test.cc b/engines/ep/tests/module_tests/collections/evp_store_collections_eraser_test.cc
index 5a5b57e..8e0d78e 100644
--- a/engines/ep/tests/module_tests/collections/evp_store_collections_eraser_test.cc
+++ b/engines/ep/tests/module_tests/collections/evp_store_collections_eraser_test.cc
@@ -860,8 +860,7 @@ INSTANTIATE_TEST_SUITE_P(CollectionsEraserTests,
                          STParameterizedBucketTest::allConfigValues(),
                          STParameterizedBucketTest::PrintToStringParamName);
 
-INSTANTIATE_TEST_SUITE_P(
-        CollectionsEraserSyncWriteTests,
-        CollectionsEraserSyncWriteTest,
-        STParameterizedBucketTest::allConfigValues(),
-        STParameterizedBucketTest::PrintToStringParamName);
+INSTANTIATE_TEST_SUITE_P(CollectionsEraserSyncWriteTests,
+                         CollectionsEraserSyncWriteTest,
+                         STParameterizedBucketTest::allConfigValues(),
+                         STParameterizedBucketTest::PrintToStringParamName);

EOF
</pre> ( http://cv.jenkins.couchbase.com/job/kv_engine-clang_format_9/1292/ )

http://cv.jenkins.couchbase.com/job/kv_engine.linux/job/master/4196/ : FAILURE

Failure of an engine_testapp test:

<pre>
Running [0081/0099]: test dcp early termination...Exceeded maximum wait time of 60000000us waiting for stat "ep_dcp_num_running_backfills(dcp)" to be 0 (last value:1) - aborting.
[2020-06-16T16:11:53.897Z] /usr/bin/timeout: the monitored command dumped core
[2020-06-16T16:11:53.897Z] 
[2020-06-16T16:12:14.151Z] 411/411 Test #375: memcached_testapp.ep.TransportProtocols/ExternalAuthTest ..........................................................   Passed   29.71 sec
[2020-06-16T16:12:14.151Z] 
[2020-06-16T16:12:14.151Z] 99% tests passed, 2 tests failed out of 411
[2020-06-16T16:12:14.151Z] 
[2020-06-16T16:12:14.151Z] Total Test time (real) = 385.33 sec
[2020-06-16T16:12:14.151Z] 
[2020-06-16T16:12:14.151Z] The following tests FAIL
</pre>
 ( http://cv.jenkins.couchbase.com/job/kv_engine.linux/job/master/4196/ )

Failure of a CTest test [2020-06-16T16:09:05.181Z]   7/411 Test #137: ep-engine_ep_unit_tests.CollectionsDcpEphemeralOrPersistent/CollectionsDcpParameterizedTest ....................... ( http://cv.jenkins.couchbase.com/job/kv_engine.linux/job/master/4196/ )

http://cv.jenkins.couchbase.com/job/kv_engine.threadsanitizer/job/master/4281/ : FAILURE

http://cv.jenkins.couchbase.com/job/kv_engine.ASan-UBSan/job/master/12025/ : FAILURE

Failure of a CTest test [2020-06-16T16:14:57.746Z] 108/394 Test #166: ep-engine_ep_unit_tests.AllBucketTypes/ActiveDurabilityMonitorTest ................................................Child aborted ( http://cv.jenkins.couchbase.com/job/kv_engine.ASan-UBSan/job/master/12025/ )

AddressSanitizer issue: heap-use-after-free ../kv_engine/engines/ep/src/atomic.h:223 in SingleThreadedRCPtr<Item, Item*, std::default_delete<Item> >::operator->() const ( http://cv.jenkins.couchbase.com/job/kv_engine.ASan-UBSan/job/master/12025/ )

http://cv.jenkins.couchbase.com/job/kv_engine.macos/job/master/3252/ : FAILURE

Timeout of a CTest test [2020-06-16T16:00:32.703Z] 407/408 Test #364: memcached_testapp.ep.TransportProtocols/BucketTest ................................................................} ( http://cv.jenkins.couchbase.com/job/kv_engine.macos/job/master/3252/ )

http://cv.jenkins.couchbase.com/job/kv_engine-clang_analyzer-master/24612/ : SUCCESS

http://cv.jenkins.couchbase.com/job/kv_engine-windows-master/28580/ : SUCCESS

http://cv.jenkins.couchbase.com/job/kv_engine-clang_tidy/2788/ : SUCCESS

http://cv.jenkins.couchbase.com/job/kv_engine.linux-CE/job/master/4144/ : SUCCESS
----------------------------------------------------------------------------------------------------------------------
