======================================================================================================================
DESCRIPTION:

MB-34217: Magma support for dropping collections with SyncWrites

This requires the fixing of two issues.

1) We need to purge the prepare namespace before the collections
instead of after them or we will have dropped the required collections
metadata and won't attempt to drop prepares in the dropped collections.

2) MB-39458: Correct the tracking of prepares when doing a collection
dropping compaction.

Change-Id: I4850492066e49309b8396441440ed0335fef94a8

======================================================================================================================
COMMENTS
======================================================================================================================
Author: Ben Huddleston
Date: 2020-06-17 16:44:49.000000000
Message: 
Uploaded patch set 8: Patch Set 7 was rebased.
----------------------------------------------------------------------------------------------------------------------
Author: Build Bot
Date: 2020-06-17 17:15:32.000000000
Message: 
Patch Set 8: Verified-1

Build Failed 

http://cv.jenkins.couchbase.com/job/kv_engine.linux-CE/job/master/4183/ : FAILURE

Failure of an engine_testapp test:

<pre>
Running [0081/0099]: test dcp early termination...Exceeded maximum wait time of 60000000us waiting for stat "ep_dcp_num_running_backfills(dcp)" to be 0 (last value:1) - aborting.
[2020-06-17T17:05:41.809Z] /usr/bin/timeout: the monitored command dumped core
[2020-06-17T17:05:41.809Z] 
[2020-06-17T17:05:41.809Z] 
[2020-06-17T17:05:41.809Z] 99% tests passed, 1 tests failed out of 399
[2020-06-17T17:05:41.809Z] 
[2020-06-17T17:05:41.809Z] Total Test time (real) = 161.71 sec
[2020-06-17T17:05:41.809Z] 
[2020-06-17T17:05:41.809Z] The following tests FAIL
</pre>
 ( http://cv.jenkins.couchbase.com/job/kv_engine.linux-CE/job/master/4183/ )

Failure of a CTest test [2020-06-17T17:05:41.809Z] 399/399 Test #247: ep_testsuite_dcp.value_eviction.comp_active .......................................................................Child aborted ( http://cv.jenkins.couchbase.com/job/kv_engine.linux-CE/job/master/4183/ )

http://cv.jenkins.couchbase.com/job/kv_engine.threadsanitizer/job/master/4321/ : FAILURE

http://cv.jenkins.couchbase.com/job/kv_engine.linux/job/master/4237/ : FAILURE

Failure of GoogleTest "MagmaKVStoreTest.setMaxDataSize":

<pre>
[ RUN      ] MagmaKVStoreTest.setMaxDataSize
[2020-06-17T17:03:49.993Z] ../kv_engine/engines/ep/tests/module_tests/kvstore_test.cc:2781: Failure
[2020-06-17T17:03:49.993Z] Expected: (writeCacheQuotaAfter) < (writeCacheQuota), actual: 0 vs 0
[2020-06-17T17:03:49.993Z] [  FAILED  ] MagmaKVStoreTest.setMaxDataSize (53 ms)
MagmaKVStoreTest.setMaxDataSize
</pre>
 ( http://cv.jenkins.couchbase.com/job/kv_engine.linux/job/master/4237/ )

Failure of a CTest test [2020-06-17T17:03:49.993Z] 109/411 Test  #94: ep-engine_ep_unit_tests.MagmaKVStoreTest .......................................................................... ( http://cv.jenkins.couchbase.com/job/kv_engine.linux/job/master/4237/ )

http://cv.jenkins.couchbase.com/job/kv_engine.ASan-UBSan/job/master/12064/ : FAILURE

Failure of GoogleTest "MagmaKVStoreTest.setMaxDataSize":

<pre>
[ RUN      ] MagmaKVStoreTest.setMaxDataSize
[2020-06-17T17:14:49.091Z] ../kv_engine/engines/ep/tests/module_tests/kvstore_test.cc:2781: Failure
[2020-06-17T17:14:49.091Z] Expected: (writeCacheQuotaAfter) < (writeCacheQuota), actual: 0 vs 0
[2020-06-17T17:14:49.091Z] [  FAILED  ] MagmaKVStoreTest.setMaxDataSize (83 ms)
MagmaKVStoreTest.setMaxDataSize
</pre>
 ( http://cv.jenkins.couchbase.com/job/kv_engine.ASan-UBSan/job/master/12064/ )

Failure of a CTest test [2020-06-17T17:14:49.091Z] 204/394 Test  #93: ep-engine_ep_unit_tests.MagmaKVStoreTest .......................................................................... ( http://cv.jenkins.couchbase.com/job/kv_engine.ASan-UBSan/job/master/12064/ )

http://cv.jenkins.couchbase.com/job/kv_engine-clang_format_9/1330/ : SUCCESS

http://cv.jenkins.couchbase.com/job/kv_engine-clang_analyzer-master/24650/ : SUCCESS

http://cv.jenkins.couchbase.com/job/kv_engine-windows-master/28620/ : SUCCESS

http://cv.jenkins.couchbase.com/job/kv_engine-clang_tidy/2826/ : SUCCESS

http://cv.jenkins.couchbase.com/job/kv_engine.macos/job/master/3292/ : SUCCESS
----------------------------------------------------------------------------------------------------------------------
Author: Build Bot
Date: 2020-06-22 14:09:09.000000000
Message: 
Patch Set 8: Verified+1

Build Successful 

http://cv.jenkins.couchbase.com/job/kv_engine-clang_format_9/1330/ : SUCCESS

http://cv.jenkins.couchbase.com/job/kv_engine-clang_analyzer-master/24650/ : SUCCESS

http://cv.jenkins.couchbase.com/job/kv_engine-windows-master/28620/ : SUCCESS

http://cv.jenkins.couchbase.com/job/kv_engine-clang_tidy/2826/ : SUCCESS

http://cv.jenkins.couchbase.com/job/kv_engine.linux-CE/job/master/4254/ : SUCCESS

http://cv.jenkins.couchbase.com/job/kv_engine.linux/job/master/4313/ : SUCCESS

http://cv.jenkins.couchbase.com/job/kv_engine.ASan-UBSan/job/master/12133/ : SUCCESS

http://cv.jenkins.couchbase.com/job/kv_engine.macos/job/master/3292/ : SUCCESS

http://cv.jenkins.couchbase.com/job/kv_engine.threadsanitizer/job/master/4395/ : SUCCESS
----------------------------------------------------------------------------------------------------------------------
Author: Jim Walker
Date: 2020-06-23 10:59:12.000000000
Message: 
Patch Set 8: Code-Review+2
----------------------------------------------------------------------------------------------------------------------
