======================================================================================================================
DESCRIPTION:

MB-51413: Don't warmup vBuckets without state

It's possible for both couchstore and magma backends to create a
"vBucket" (header/KVStore respectively) without persisting the
vbucket_state. Warming up such a vBucket currently causes us to
warmup a vBucket with a defaul initialized vBucket state. Doing so
should be benign, ns_server should spot the vBucket in the incorrect
state post-warmup and correct it. If we were to have some IO error
during warmup though and we were to fail to persist the vBucket state
to disk during the PopulateVBMap phase of warmup then the subsequent
scan of the vBucket would find no vbucket_state and an exception would
be thrown. We'd already be in a bad state, having been unable to persist
something to disk, but the warmup would then be aborted and no more
items would be loaded into memory.

There is no point even trying to scan a vBucket in such a state, it
should not be possible for us to have a vBucket without a state that
actually has data, and such a vBucket is in an invalid state anyway.
Treat a vBucket in this state similary to one with a corrupt snapshot
and don't load it at all, ns_server will correct the vBucket states
post-warmup.

Change-Id: I53d31a89828659f24d98d9083c574a661a0e7f4e

======================================================================================================================
COMMENTS
======================================================================================================================
Author: Ben Huddleston
Date: 2022-05-04 14:32:30.000000000
Message: 
Uploaded patch set 1.
----------------------------------------------------------------------------------------------------------------------
Author: Restriction Checker
Date: 2022-05-04 14:32:52.000000000
Message: 
Patch Set 1: Well-Formed+1

Permission granted to commit: 

http://server.jenkins.couchbase.com/job/restricted-branch-check/297567/artifact/restricted.html : SUCCESS
----------------------------------------------------------------------------------------------------------------------
Author: Build Bot
Date: 2022-05-04 18:12:18.000000000
Message: 
Patch Set 1: Verified-1

Build Failed 

http://cv.jenkins.couchbase.com/job/kv_engine-windows-neo/189/ : FAILURE

Failure of an engine_testapp test:

<pre>
Running [39/93]: test failover scenario one with dcp...(140 ms) OK


99% tests passed, 1 tests failed out of 422

Total Test time (real) = 369.76 sec

The following tests FAIL
</pre>
 ( http://cv.jenkins.couchbase.com/job/kv_engine-windows-neo/189/ )

Timeout of a CTest test 422/422 Test #294: ep_testsuite_dcp.full_eviction.magma ..........................................................................................} ( http://cv.jenkins.couchbase.com/job/kv_engine-windows-neo/189/ )

http://cv.jenkins.couchbase.com/job/kv_engine.macos/job/neo/161/ : FAILURE

Failure of an engine_testapp test:

<pre>
Running [42/159]: file stats post warmup...../kv_engine/engines/ep/tests/ep_testsuite.cc:2327 Test failed: `" (Expected `243302" to be less than or equal to `229376" - Unexpected fileSize for vbucket)
[2022-05-04T18:00:55.098Z] (269 ms) FAIL
</pre>
 ( http://cv.jenkins.couchbase.com/job/kv_engine.macos/job/neo/161/ )

http://cv.jenkins.couchbase.com/job/kv_engine-clang_tidy-neo/155/ : SUCCESS

http://cv.jenkins.couchbase.com/job/kv_engine-clang_format_9/16253/ : SUCCESS

http://cv.jenkins.couchbase.com/job/kv_engine-clang_analyzer-neo/153/ : SUCCESS

http://cv.jenkins.couchbase.com/job/kv_engine.linux-CE/job/neo/159/ : SUCCESS

http://cv.jenkins.couchbase.com/job/kv_engine.aarch64-linux/job/neo/148/ : SUCCESS

http://cv.jenkins.couchbase.com/job/kv_engine.ASan-UBSan/job/neo/156/ : SUCCESS

http://cv.jenkins.couchbase.com/job/kv_engine.linux/job/neo/157/ : SUCCESS

http://cv.jenkins.couchbase.com/job/kv_engine.threadsanitizer/job/neo/157/ : SUCCESS

http://cv.jenkins.couchbase.com/job/kv_engine.libFuzzer/job/neo/154/ : SUCCESS
----------------------------------------------------------------------------------------------------------------------
Author: Build Bot
Date: 2022-05-06 08:58:21.000000000
Message: 
Patch Set 1:

Build Failed 

http://cv.jenkins.couchbase.com/job/kv_engine-windows-neo/219/ : FAILURE

Failure of an engine_testapp test:

<pre>
Running [8/93]: test dcp noop failure...(37 ms) OK


99% tests passed, 1 tests failed out of 422

Total Test time (real) = 357.34 sec

The following tests FAIL
</pre>
 ( http://cv.jenkins.couchbase.com/job/kv_engine-windows-neo/219/ )

Timeout of a CTest test 422/422 Test #289: ep_testsuite_dcp.full_eviction.comp_passive ...................................................................................} ( http://cv.jenkins.couchbase.com/job/kv_engine-windows-neo/219/ )

http://cv.jenkins.couchbase.com/job/kv_engine.macos/job/neo/196/ : FAILURE

Failure of an engine_testapp test:

<pre>
Running [42/159]: file stats post warmup...../kv_engine/engines/ep/tests/ep_testsuite.cc:2327 Test failed: `" (Expected `287539" to be less than or equal to `278528" - Unexpected fileSize for vbucket)
[2022-05-06T08:47:29.915Z] (229 ms) FAIL
</pre>
 ( http://cv.jenkins.couchbase.com/job/kv_engine.macos/job/neo/196/ )

http://cv.jenkins.couchbase.com/job/kv_engine-clang_tidy-neo/155/ : SUCCESS

http://cv.jenkins.couchbase.com/job/kv_engine-clang_format_9/16253/ : SUCCESS

http://cv.jenkins.couchbase.com/job/kv_engine-clang_analyzer-neo/153/ : SUCCESS

http://cv.jenkins.couchbase.com/job/kv_engine.linux-CE/job/neo/159/ : SUCCESS

http://cv.jenkins.couchbase.com/job/kv_engine.aarch64-linux/job/neo/148/ : SUCCESS

http://cv.jenkins.couchbase.com/job/kv_engine.ASan-UBSan/job/neo/156/ : SUCCESS

http://cv.jenkins.couchbase.com/job/kv_engine.linux/job/neo/157/ : SUCCESS

http://cv.jenkins.couchbase.com/job/kv_engine.threadsanitizer/job/neo/157/ : SUCCESS

http://cv.jenkins.couchbase.com/job/kv_engine.libFuzzer/job/neo/154/ : SUCCESS
----------------------------------------------------------------------------------------------------------------------
Author: Dave Rigby
Date: 2022-05-06 08:58:29.000000000
Message: 
Patch Set 1: Code-Review+2
----------------------------------------------------------------------------------------------------------------------
Author: Build Bot
Date: 2022-05-06 10:01:09.000000000
Message: 
Patch Set 1:

Build Failed 

http://cv.jenkins.couchbase.com/job/kv_engine.macos/job/neo/201/ : FAILURE

Failure of an engine_testapp test:

<pre>
Running [42/159]: file stats post warmup...../kv_engine/engines/ep/tests/ep_testsuite.cc:2327 Test failed: `" (Expected `398131" to be less than or equal to `385024" - Unexpected fileSize for vbucket)
[2022-05-06T09:30:20.246Z] (262 ms) FAIL
</pre>
 ( http://cv.jenkins.couchbase.com/job/kv_engine.macos/job/neo/201/ )

Timeout of a CTest test [2022-05-06T10:01:02.691Z] 442/442 Test #440: cluster_test ................................................................................................} ( http://cv.jenkins.couchbase.com/job/kv_engine.macos/job/neo/201/ )

http://cv.jenkins.couchbase.com/job/kv_engine-clang_tidy-neo/155/ : SUCCESS

http://cv.jenkins.couchbase.com/job/kv_engine-clang_format_9/16253/ : SUCCESS

http://cv.jenkins.couchbase.com/job/kv_engine-clang_analyzer-neo/153/ : SUCCESS

http://cv.jenkins.couchbase.com/job/kv_engine.linux-CE/job/neo/159/ : SUCCESS

http://cv.jenkins.couchbase.com/job/kv_engine.aarch64-linux/job/neo/148/ : SUCCESS

http://cv.jenkins.couchbase.com/job/kv_engine.ASan-UBSan/job/neo/156/ : SUCCESS

http://cv.jenkins.couchbase.com/job/kv_engine.linux/job/neo/157/ : SUCCESS

http://cv.jenkins.couchbase.com/job/kv_engine.threadsanitizer/job/neo/157/ : SUCCESS

http://cv.jenkins.couchbase.com/job/kv_engine.libFuzzer/job/neo/154/ : SUCCESS

http://cv.jenkins.couchbase.com/job/kv_engine-windows-neo/223/ : SUCCESS
----------------------------------------------------------------------------------------------------------------------
Author: Build Bot
Date: 2022-05-06 11:10:12.000000000
Message: 
Patch Set 1:

Build Failed 

http://cv.jenkins.couchbase.com/job/kv_engine.macos/job/neo/206/ : FAILURE

Failure of an engine_testapp test:

<pre>
Running [42/159]: file stats post warmup...../kv_engine/engines/ep/tests/ep_testsuite.cc:2327 Test failed: `" (Expected `523469" to be less than or equal to `385024" - Unexpected fileSize for vbucket)
[2022-05-06T10:45:03.227Z] (373 ms) FAIL
</pre>
 ( http://cv.jenkins.couchbase.com/job/kv_engine.macos/job/neo/206/ )

Timeout of a CTest test [2022-05-06T11:10:05.455Z] 442/442 Test #440: cluster_test ................................................................................................} ( http://cv.jenkins.couchbase.com/job/kv_engine.macos/job/neo/206/ )

http://cv.jenkins.couchbase.com/job/kv_engine-clang_tidy-neo/155/ : SUCCESS

http://cv.jenkins.couchbase.com/job/kv_engine-clang_format_9/16253/ : SUCCESS

http://cv.jenkins.couchbase.com/job/kv_engine-clang_analyzer-neo/153/ : SUCCESS

http://cv.jenkins.couchbase.com/job/kv_engine.linux-CE/job/neo/159/ : SUCCESS

http://cv.jenkins.couchbase.com/job/kv_engine.aarch64-linux/job/neo/148/ : SUCCESS

http://cv.jenkins.couchbase.com/job/kv_engine.ASan-UBSan/job/neo/156/ : SUCCESS

http://cv.jenkins.couchbase.com/job/kv_engine.linux/job/neo/157/ : SUCCESS

http://cv.jenkins.couchbase.com/job/kv_engine.threadsanitizer/job/neo/157/ : SUCCESS

http://cv.jenkins.couchbase.com/job/kv_engine.libFuzzer/job/neo/154/ : SUCCESS

http://cv.jenkins.couchbase.com/job/kv_engine-windows-neo/223/ : SUCCESS
----------------------------------------------------------------------------------------------------------------------
Author: Build Bot
Date: 2022-05-06 11:51:13.000000000
Message: 
Patch Set 1:

Build Failed 

http://cv.jenkins.couchbase.com/job/kv_engine.macos/job/neo/212/ : FAILURE

No problems were identified. If you know why this problem occurred, please add a suitable Cause for it. ( http://cv.jenkins.couchbase.com/job/kv_engine.macos/job/neo/212/ )

http://cv.jenkins.couchbase.com/job/kv_engine-clang_tidy-neo/155/ : SUCCESS

http://cv.jenkins.couchbase.com/job/kv_engine-clang_format_9/16253/ : SUCCESS

http://cv.jenkins.couchbase.com/job/kv_engine-clang_analyzer-neo/153/ : SUCCESS

http://cv.jenkins.couchbase.com/job/kv_engine.linux-CE/job/neo/159/ : SUCCESS

http://cv.jenkins.couchbase.com/job/kv_engine.aarch64-linux/job/neo/148/ : SUCCESS

http://cv.jenkins.couchbase.com/job/kv_engine.ASan-UBSan/job/neo/156/ : SUCCESS

http://cv.jenkins.couchbase.com/job/kv_engine.linux/job/neo/157/ : SUCCESS

http://cv.jenkins.couchbase.com/job/kv_engine.threadsanitizer/job/neo/157/ : SUCCESS

http://cv.jenkins.couchbase.com/job/kv_engine.libFuzzer/job/neo/154/ : SUCCESS

http://cv.jenkins.couchbase.com/job/kv_engine-windows-neo/223/ : SUCCESS
----------------------------------------------------------------------------------------------------------------------
Author: Build Bot
Date: 2022-05-06 12:23:02.000000000
Message: 
Patch Set 1:

Build Failed 

http://cv.jenkins.couchbase.com/job/kv_engine.macos/job/neo/216/ : FAILURE

No problems were identified. If you know why this problem occurred, please add a suitable Cause for it. ( http://cv.jenkins.couchbase.com/job/kv_engine.macos/job/neo/216/ )

http://cv.jenkins.couchbase.com/job/kv_engine-clang_tidy-neo/155/ : SUCCESS

http://cv.jenkins.couchbase.com/job/kv_engine-clang_format_9/16253/ : SUCCESS

http://cv.jenkins.couchbase.com/job/kv_engine-clang_analyzer-neo/153/ : SUCCESS

http://cv.jenkins.couchbase.com/job/kv_engine.linux-CE/job/neo/159/ : SUCCESS

http://cv.jenkins.couchbase.com/job/kv_engine.aarch64-linux/job/neo/148/ : SUCCESS

http://cv.jenkins.couchbase.com/job/kv_engine.ASan-UBSan/job/neo/156/ : SUCCESS

http://cv.jenkins.couchbase.com/job/kv_engine.linux/job/neo/157/ : SUCCESS

http://cv.jenkins.couchbase.com/job/kv_engine.threadsanitizer/job/neo/157/ : SUCCESS

http://cv.jenkins.couchbase.com/job/kv_engine.libFuzzer/job/neo/154/ : SUCCESS

http://cv.jenkins.couchbase.com/job/kv_engine-windows-neo/223/ : SUCCESS
----------------------------------------------------------------------------------------------------------------------
Author: Build Bot
Date: 2022-05-06 13:12:23.000000000
Message: 
Patch Set 1: Verified+1

Build Successful 

http://cv.jenkins.couchbase.com/job/kv_engine-clang_tidy-neo/155/ : SUCCESS

http://cv.jenkins.couchbase.com/job/kv_engine-clang_format_9/16253/ : SUCCESS

http://cv.jenkins.couchbase.com/job/kv_engine-clang_analyzer-neo/153/ : SUCCESS

http://cv.jenkins.couchbase.com/job/kv_engine.linux-CE/job/neo/159/ : SUCCESS

http://cv.jenkins.couchbase.com/job/kv_engine.aarch64-linux/job/neo/148/ : SUCCESS

http://cv.jenkins.couchbase.com/job/kv_engine.ASan-UBSan/job/neo/156/ : SUCCESS

http://cv.jenkins.couchbase.com/job/kv_engine.linux/job/neo/157/ : SUCCESS

http://cv.jenkins.couchbase.com/job/kv_engine.threadsanitizer/job/neo/157/ : SUCCESS

http://cv.jenkins.couchbase.com/job/kv_engine.libFuzzer/job/neo/154/ : SUCCESS

http://cv.jenkins.couchbase.com/job/kv_engine-windows-neo/223/ : SUCCESS

http://cv.jenkins.couchbase.com/job/kv_engine.macos/job/neo/218/ : SUCCESS
----------------------------------------------------------------------------------------------------------------------
