======================================================================================================================
DESCRIPTION:

MB-51805: Pass persistedPrepareSeqno(maxPrepareSeqno) into VBucket

We need to pass this down to the CheckpointManager in a future change.

Change-Id: Ifac24d39ef2c103ff41072e51e64bb179cd0f8ce

======================================================================================================================
COMMENTS
======================================================================================================================
Author: Ben Huddleston
Date: 2022-05-11 11:36:50.000000000
Message: 
Uploaded patch set 4: Patch Set 3 was rebased.
----------------------------------------------------------------------------------------------------------------------
Author: Restriction Checker
Date: 2022-05-11 11:37:02.000000000
Message: 
Patch Set 4: Well-Formed+1

Permission granted to commit: 

http://server.jenkins.couchbase.com/job/restricted-branch-check/298312/artifact/restricted.html : SUCCESS
----------------------------------------------------------------------------------------------------------------------
Author: Build Bot
Date: 2022-05-11 12:16:41.000000000
Message: 
Patch Set 4: Verified-1

Build Failed 

http://cv.jenkins.couchbase.com/job/kv_engine-windows-neo/235/ : FAILURE

Failure of an engine_testapp test:

<pre>
Running [83/159]: vbucket set (pending)...(13 ms) OK


99% tests passed, 1 tests failed out of 423

Total Test time (real) = 1107.10 sec

The following tests FAIL
</pre>
 ( http://cv.jenkins.couchbase.com/job/kv_engine-windows-neo/235/ )

Timeout of a CTest test 423/423 Test #276: ep_testsuite.ephemeral.comp_passive ...........................................................................................} ( http://cv.jenkins.couchbase.com/job/kv_engine-windows-neo/235/ )

http://cv.jenkins.couchbase.com/job/kv_engine.linux-CE/job/neo/183/ : FAILURE

Failure of an engine_testapp test:

<pre>
Running [68/93]: dcp rollback after purge...../kv_engine/engines/ep/tests/ep_testsuite_dcp.cc:6208 Test failed: `" (Expected `4", got `0" - purge_seqno didn"t match expected value)
[2022-05-11T11:50:48.252Z] (220 ms) FAIL
</pre>
 ( http://cv.jenkins.couchbase.com/job/kv_engine.linux-CE/job/neo/183/ )

http://cv.jenkins.couchbase.com/job/kv_engine.macos/job/neo/228/ : FAILURE

Failure of an engine_testapp test:

<pre>
Running [42/159]: file stats post warmup...../kv_engine/engines/ep/tests/ep_testsuite.cc:2327 Test failed: `" (Expected `398131" to be less than or equal to `385024" - Unexpected fileSize for vbucket)
[2022-05-11T11:49:50.348Z] (281 ms) FAIL
</pre>
 ( http://cv.jenkins.couchbase.com/job/kv_engine.macos/job/neo/228/ )

http://cv.jenkins.couchbase.com/job/kv_engine-clang_tidy-neo/174/ : SUCCESS

http://cv.jenkins.couchbase.com/job/kv_engine-clang_format_9/16436/ : SUCCESS

http://cv.jenkins.couchbase.com/job/kv_engine-clang_analyzer-neo/172/ : SUCCESS

http://cv.jenkins.couchbase.com/job/kv_engine.aarch64-linux/job/neo/167/ : SUCCESS

http://cv.jenkins.couchbase.com/job/kv_engine.threadsanitizer/job/neo/177/ : SUCCESS

http://cv.jenkins.couchbase.com/job/kv_engine.libFuzzer/job/neo/173/ : SUCCESS

http://cv.jenkins.couchbase.com/job/kv_engine.ASan-UBSan/job/neo/178/ : SUCCESS

http://cv.jenkins.couchbase.com/job/kv_engine.linux/job/neo/181/ : SUCCESS
----------------------------------------------------------------------------------------------------------------------
Author: Build Bot
Date: 2022-05-11 13:21:34.000000000
Message: 
Patch Set 4:

Build Failed 

http://cv.jenkins.couchbase.com/job/kv_engine.macos/job/neo/238/ : FAILURE

No problems were identified. If you know why this problem occurred, please add a suitable Cause for it. ( http://cv.jenkins.couchbase.com/job/kv_engine.macos/job/neo/238/ )

http://cv.jenkins.couchbase.com/job/kv_engine-windows-neo/244/ : FAILURE

Failure of an engine_testapp test:

<pre>
Running [73/159]: disk>RAM golden path...(2506 ms) OK


99% tests passed, 1 tests failed out of 423

Total Test time (real) = 1040.51 sec

The following tests FAIL
</pre>
 ( http://cv.jenkins.couchbase.com/job/kv_engine-windows-neo/244/ )

Timeout of a CTest test 423/423 Test #279: ep_testsuite.full_eviction.magma ..............................................................................................} ( http://cv.jenkins.couchbase.com/job/kv_engine-windows-neo/244/ )

http://cv.jenkins.couchbase.com/job/kv_engine-clang_tidy-neo/174/ : SUCCESS

http://cv.jenkins.couchbase.com/job/kv_engine-clang_format_9/16436/ : SUCCESS

http://cv.jenkins.couchbase.com/job/kv_engine-clang_analyzer-neo/172/ : SUCCESS

http://cv.jenkins.couchbase.com/job/kv_engine.aarch64-linux/job/neo/167/ : SUCCESS

http://cv.jenkins.couchbase.com/job/kv_engine.threadsanitizer/job/neo/177/ : SUCCESS

http://cv.jenkins.couchbase.com/job/kv_engine.libFuzzer/job/neo/173/ : SUCCESS

http://cv.jenkins.couchbase.com/job/kv_engine.linux-CE/job/neo/192/ : SUCCESS

http://cv.jenkins.couchbase.com/job/kv_engine.ASan-UBSan/job/neo/178/ : SUCCESS

http://cv.jenkins.couchbase.com/job/kv_engine.linux/job/neo/181/ : SUCCESS
----------------------------------------------------------------------------------------------------------------------
Author: Build Bot
Date: 2022-05-11 14:43:01.000000000
Message: 
Patch Set 4:

Build Failed 

http://cv.jenkins.couchbase.com/job/kv_engine.macos/job/neo/241/ : FAILURE

Failure of an engine_testapp test:

<pre>
Running [42/159]: file stats post warmup...../kv_engine/engines/ep/tests/ep_testsuite.cc:2327 Test failed: `" (Expected `398131" to be less than or equal to `385024" - Unexpected fileSize for vbucket)
[2022-05-11T14:23:53.955Z] (259 ms) FAIL
</pre>
 ( http://cv.jenkins.couchbase.com/job/kv_engine.macos/job/neo/241/ )

http://cv.jenkins.couchbase.com/job/kv_engine-windows-neo/247/ : FAILURE

Failure of an engine_testapp test:

<pre>
Running [73/159]: disk>RAM golden path...(2277 ms) OK


99% tests passed, 2 tests failed out of 423

Total Test time (real) = 1031.29 sec

The following tests FAIL
</pre>
 ( http://cv.jenkins.couchbase.com/job/kv_engine-windows-neo/247/ )

Timeout of a CTest test 418/423 Test #294: ep_testsuite_dcp.value_eviction.magma .........................................................................................} ( http://cv.jenkins.couchbase.com/job/kv_engine-windows-neo/247/ )

http://cv.jenkins.couchbase.com/job/kv_engine-clang_tidy-neo/174/ : SUCCESS

http://cv.jenkins.couchbase.com/job/kv_engine-clang_format_9/16436/ : SUCCESS

http://cv.jenkins.couchbase.com/job/kv_engine-clang_analyzer-neo/172/ : SUCCESS

http://cv.jenkins.couchbase.com/job/kv_engine.aarch64-linux/job/neo/167/ : SUCCESS

http://cv.jenkins.couchbase.com/job/kv_engine.threadsanitizer/job/neo/177/ : SUCCESS

http://cv.jenkins.couchbase.com/job/kv_engine.libFuzzer/job/neo/173/ : SUCCESS

http://cv.jenkins.couchbase.com/job/kv_engine.linux-CE/job/neo/192/ : SUCCESS

http://cv.jenkins.couchbase.com/job/kv_engine.ASan-UBSan/job/neo/178/ : SUCCESS

http://cv.jenkins.couchbase.com/job/kv_engine.linux/job/neo/181/ : SUCCESS
----------------------------------------------------------------------------------------------------------------------
Author: Build Bot
Date: 2022-05-11 16:43:43.000000000
Message: 
Patch Set 4:

Build Failed 

http://cv.jenkins.couchbase.com/job/kv_engine.macos/job/neo/242/ : FAILURE

Timeout of a CTest test [2022-05-11T16:43:36.501Z] 443/443 Test #441: cluster_test ................................................................................................} ( http://cv.jenkins.couchbase.com/job/kv_engine.macos/job/neo/242/ )

http://cv.jenkins.couchbase.com/job/kv_engine-clang_tidy-neo/174/ : SUCCESS

http://cv.jenkins.couchbase.com/job/kv_engine-clang_format_9/16436/ : SUCCESS

http://cv.jenkins.couchbase.com/job/kv_engine-clang_analyzer-neo/172/ : SUCCESS

http://cv.jenkins.couchbase.com/job/kv_engine.aarch64-linux/job/neo/167/ : SUCCESS

http://cv.jenkins.couchbase.com/job/kv_engine.threadsanitizer/job/neo/177/ : SUCCESS

http://cv.jenkins.couchbase.com/job/kv_engine.libFuzzer/job/neo/173/ : SUCCESS

http://cv.jenkins.couchbase.com/job/kv_engine.linux-CE/job/neo/192/ : SUCCESS

http://cv.jenkins.couchbase.com/job/kv_engine.ASan-UBSan/job/neo/178/ : SUCCESS

http://cv.jenkins.couchbase.com/job/kv_engine.linux/job/neo/181/ : SUCCESS

http://cv.jenkins.couchbase.com/job/kv_engine-windows-neo/250/ : SUCCESS
----------------------------------------------------------------------------------------------------------------------
Author: Build Bot
Date: 2022-05-11 17:45:07.000000000
Message: 
Patch Set 4: Verified+1

Build Successful 

http://cv.jenkins.couchbase.com/job/kv_engine-clang_tidy-neo/174/ : SUCCESS

http://cv.jenkins.couchbase.com/job/kv_engine-clang_format_9/16436/ : SUCCESS

http://cv.jenkins.couchbase.com/job/kv_engine-clang_analyzer-neo/172/ : SUCCESS

http://cv.jenkins.couchbase.com/job/kv_engine.aarch64-linux/job/neo/167/ : SUCCESS

http://cv.jenkins.couchbase.com/job/kv_engine.threadsanitizer/job/neo/177/ : SUCCESS

http://cv.jenkins.couchbase.com/job/kv_engine.libFuzzer/job/neo/173/ : SUCCESS

http://cv.jenkins.couchbase.com/job/kv_engine.linux-CE/job/neo/192/ : SUCCESS

http://cv.jenkins.couchbase.com/job/kv_engine.ASan-UBSan/job/neo/178/ : SUCCESS

http://cv.jenkins.couchbase.com/job/kv_engine.linux/job/neo/181/ : SUCCESS

http://cv.jenkins.couchbase.com/job/kv_engine-windows-neo/250/ : SUCCESS

http://cv.jenkins.couchbase.com/job/kv_engine.macos/job/neo/245/ : SUCCESS
----------------------------------------------------------------------------------------------------------------------
