======================================================================================================================
DESCRIPTION:

MB-49727: Rename all deleteExpiredItem() funcs into processExpiredItem()

Currently we have an inconsistent usage of both names at various levels
(KVBucket / VBucket / etc..).
processExpiredItem() is more accurate in describing the functions'
semantic, so fix the name inconsistency by adopting that everywhere.

Change-Id: I6fa510e177cb0a3701c82a4f9fad2d0dfd93a4e0

======================================================================================================================
COMMENTS
======================================================================================================================
Author: Paolo Cocchi
Date: 2021-12-15 10:14:20.000000000
Message: 
Uploaded patch set 1.
----------------------------------------------------------------------------------------------------------------------
Author: Build Bot
Date: 2021-12-15 10:41:06.000000000
Message: 
Patch Set 1: Verified-1

Build Failed 

http://cv.jenkins.couchbase.com/job/kv_engine-windows-master/42431/ : FAILURE

Failure of an engine_testapp test:

<pre>
Running [0049/0159]: stats vkey callback tests...(45 ms) OK


99% tests passed, 1 tests failed out of 420

Total Test time (real) = 668.96 sec

The following tests FAIL
</pre>
 ( http://cv.jenkins.couchbase.com/job/kv_engine-windows-master/42431/ )

Timeout of a CTest test 420/420 Test #271: ep_testsuite.full_eviction.comp_passive .......................................................................................} ( http://cv.jenkins.couchbase.com/job/kv_engine-windows-master/42431/ )

http://cv.jenkins.couchbase.com/job/kv_engine-clang_analyzer-master/35976/ : SUCCESS

http://cv.jenkins.couchbase.com/job/kv_engine-clang_tidy-master/14519/ : SUCCESS

http://cv.jenkins.couchbase.com/job/kv_engine-clang_format_9/13349/ : SUCCESS

http://cv.jenkins.couchbase.com/job/kv_engine.macos/job/master/15320/ : SUCCESS

http://cv.jenkins.couchbase.com/job/kv_engine.libFuzzer/job/master/4162/ : SUCCESS

http://cv.jenkins.couchbase.com/job/kv_engine.threadsanitizer/job/master/17227/ : SUCCESS

http://cv.jenkins.couchbase.com/job/kv_engine.aarch64-linux/job/master/4220/ : SUCCESS

http://cv.jenkins.couchbase.com/job/kv_engine.linux-CE/job/master/16160/ : SUCCESS

http://cv.jenkins.couchbase.com/job/kv_engine.linux/job/master/16456/ : SUCCESS

http://cv.jenkins.couchbase.com/job/kv_engine.ASan-UBSan/job/master/24565/ : SUCCESS
----------------------------------------------------------------------------------------------------------------------
Author: Build Bot
Date: 2021-12-15 11:16:20.000000000
Message: 
Patch Set 1:

Build Failed 

http://cv.jenkins.couchbase.com/job/kv_engine-windows-master/42433/ : FAILURE

Failure of GoogleTest "Persistent/STParamPersistentBucketTest.MB19815_doDcpVbTakeoverStats/persistent_magma_value_only":

<pre>
[ RUN      ] Persistent/STParamPersistentBucketTest.MB19815_doDcpVbTakeoverStats/persistent_magma_value_only
unknown file: error: C++ exception with description "KVStoreFactory ctor: Specified dbname "ep_engine_ep_unit_tests.db/test.875601" is not a directory" thrown in SetUp().
unknown file: error: SEH exception with code 0xc0000005 thrown in TearDown().
[  FAILED  ] Persistent/STParamPersistentBucketTest.MB19815_doDcpVbTakeoverStats/persistent_magma_value_only, where GetParam() = ("persistent_magma", "value_only") (3 ms)
Persistent/STParamPersistentBucketTest.MB19815_doDcpVbTakeoverStats/persistent_magma_value_only
</pre>
 ( http://cv.jenkins.couchbase.com/job/kv_engine-windows-master/42433/ )

Failure of an engine_testapp test:

<pre>
Running [0152/0159]: test MB-33919 past tombstone...(241 ms) OK


99% tests passed, 2 tests failed out of 420

Total Test time (real) = 667.13 sec

The following tests FAIL
</pre>
 ( http://cv.jenkins.couchbase.com/job/kv_engine-windows-master/42433/ )

Timeout of a CTest test 420/420 Test #275: ep_testsuite.value_eviction.magma .............................................................................................} ( http://cv.jenkins.couchbase.com/job/kv_engine-windows-master/42433/ )

http://cv.jenkins.couchbase.com/job/kv_engine-clang_analyzer-master/35976/ : SUCCESS

http://cv.jenkins.couchbase.com/job/kv_engine-clang_tidy-master/14519/ : SUCCESS

http://cv.jenkins.couchbase.com/job/kv_engine-clang_format_9/13349/ : SUCCESS

http://cv.jenkins.couchbase.com/job/kv_engine.macos/job/master/15320/ : SUCCESS

http://cv.jenkins.couchbase.com/job/kv_engine.libFuzzer/job/master/4162/ : SUCCESS

http://cv.jenkins.couchbase.com/job/kv_engine.threadsanitizer/job/master/17227/ : SUCCESS

http://cv.jenkins.couchbase.com/job/kv_engine.aarch64-linux/job/master/4220/ : SUCCESS

http://cv.jenkins.couchbase.com/job/kv_engine.linux-CE/job/master/16160/ : SUCCESS

http://cv.jenkins.couchbase.com/job/kv_engine.linux/job/master/16456/ : SUCCESS

http://cv.jenkins.couchbase.com/job/kv_engine.ASan-UBSan/job/master/24565/ : SUCCESS
----------------------------------------------------------------------------------------------------------------------
Author: Trond Norbye
Date: 2021-12-15 12:29:52.000000000
Message: 
Patch Set 1: Code-Review+2
----------------------------------------------------------------------------------------------------------------------
Author: Build Bot
Date: 2021-12-15 13:02:05.000000000
Message: 
Patch Set 1:

Build Failed 

http://cv.jenkins.couchbase.com/job/kv_engine-windows-master/42434/ : FAILURE

Failure of an engine_testapp test:

<pre>
Running [0023/0093]: test producer stream request (backfill)...(356 ms) OK


99% tests passed, 1 tests failed out of 420

Total Test time (real) = 331.36 sec

The following tests FAIL
</pre>
 ( http://cv.jenkins.couchbase.com/job/kv_engine-windows-master/42434/ )

Timeout of a CTest test 420/420 Test #289: ep_testsuite_dcp.ephemeral.comp_passive .......................................................................................} ( http://cv.jenkins.couchbase.com/job/kv_engine-windows-master/42434/ )

http://cv.jenkins.couchbase.com/job/kv_engine-clang_analyzer-master/35976/ : SUCCESS

http://cv.jenkins.couchbase.com/job/kv_engine-clang_tidy-master/14519/ : SUCCESS

http://cv.jenkins.couchbase.com/job/kv_engine-clang_format_9/13349/ : SUCCESS

http://cv.jenkins.couchbase.com/job/kv_engine.macos/job/master/15320/ : SUCCESS

http://cv.jenkins.couchbase.com/job/kv_engine.libFuzzer/job/master/4162/ : SUCCESS

http://cv.jenkins.couchbase.com/job/kv_engine.threadsanitizer/job/master/17227/ : SUCCESS

http://cv.jenkins.couchbase.com/job/kv_engine.aarch64-linux/job/master/4220/ : SUCCESS

http://cv.jenkins.couchbase.com/job/kv_engine.linux-CE/job/master/16160/ : SUCCESS

http://cv.jenkins.couchbase.com/job/kv_engine.linux/job/master/16456/ : SUCCESS

http://cv.jenkins.couchbase.com/job/kv_engine.ASan-UBSan/job/master/24565/ : SUCCESS
----------------------------------------------------------------------------------------------------------------------
