======================================================================================================================
DESCRIPTION:

MB-46911: Catch exceptions in propagateDisconnect()

An exception thrown there caused memcached to terminate
as no one catched the exception.

Note that memcached will probably retry after a while,
so we might end up constantly logging the same issue
"forever" (at least in the context of the bug which
got us here as we would log every time and fmt would
throw an exception).

Change-Id: Ia1994f6eaecd77e01a27b457d04f395b9a93506a

======================================================================================================================
COMMENTS
======================================================================================================================
Author: Trond Norbye
Date: 2021-06-16 11:36:30.000000000
Message: 
Uploaded patch set 1.
----------------------------------------------------------------------------------------------------------------------
Author: Build Bot
Date: 2021-06-16 12:35:02.000000000
Message: 
Patch Set 1: Verified-1

Build Failed 

http://cv.jenkins.couchbase.com/job/kv_engine-windows-master/36932/ : FAILURE

Failure of an engine_testapp test:

<pre>
Running [0117/0157]: control data traffic...(153 ms) OK


99% tests passed, 1 tests failed out of 406

Total Test time (real) = 700.77 sec

The following tests FAIL
</pre>
 ( http://cv.jenkins.couchbase.com/job/kv_engine-windows-master/36932/ )

Timeout of a CTest test 406/406 Test #257: ep_testsuite.full_eviction.magma ..............................................................................................} ( http://cv.jenkins.couchbase.com/job/kv_engine-windows-master/36932/ )

http://cv.jenkins.couchbase.com/job/kv_engine.threadsanitizer/job/master/11935/ : FAILURE

Failure of GoogleTest "KVStoreParam/KVStoreParamTest.CompactAndScan/magma":

<pre>
[ RUN      ] KVStoreParam/KVStoreParamTest.CompactAndScan/magma
[2021-06-16T12:21:02.901Z] ../kv_engine/engines/ep/tests/module_tests/kvstore_test.cc:862: Failure
[2021-06-16T12:21:02.901Z] Failed
[2021-06-16T12:21:02.901Z] initBySeqnoScanContext returned nullptr
[2021-06-16T12:21:02.901Z] [  FAILED  ] KVStoreParam/KVStoreParamTest.CompactAndScan/magma, where GetParam() = "magma" (854 ms)
KVStoreParam/KVStoreParamTest.CompactAndScan/magma
</pre>
 ( http://cv.jenkins.couchbase.com/job/kv_engine.threadsanitizer/job/master/11935/ )

http://cv.jenkins.couchbase.com/job/kv_engine-clang_format_9/8528/ : SUCCESS

http://cv.jenkins.couchbase.com/job/ming-test2/441/ : SUCCESS

http://cv.jenkins.couchbase.com/job/kv_engine-clang_analyzer-master/31551/ : SUCCESS

http://cv.jenkins.couchbase.com/job/kv_engine-clang_tidy-master/9942/ : SUCCESS

http://cv.jenkins.couchbase.com/job/kv_engine.linux-CE/job/master/11506/ : SUCCESS

http://cv.jenkins.couchbase.com/job/kv_engine.macos/job/master/10586/ : SUCCESS

http://cv.jenkins.couchbase.com/job/kv_engine.linux/job/master/11658/ : SUCCESS

http://cv.jenkins.couchbase.com/job/kv_engine.ASan-UBSan/job/master/19522/ : SUCCESS
----------------------------------------------------------------------------------------------------------------------
Author: Build Bot
Date: 2021-06-17 06:28:49.000000000
Message: 
Patch Set 1:

Build Failed 

http://cv.jenkins.couchbase.com/job/kv_engine-windows-master/36957/ : FAILURE

Failure of an engine_testapp test:

<pre>
Running [0156/0157]: test_replace_at_pending_insert...(6 ms) SKIPPED_UNDER_MAGMA
# Passed 157 of 157 tests


99% tests passed, 1 tests failed out of 406

Total Test time (real) = 635.95 sec

The following tests FAIL
</pre>
 ( http://cv.jenkins.couchbase.com/job/kv_engine-windows-master/36957/ )

Timeout of a CTest test 406/406 Test #256: ep_testsuite.value_eviction.magma .............................................................................................} ( http://cv.jenkins.couchbase.com/job/kv_engine-windows-master/36957/ )

http://cv.jenkins.couchbase.com/job/kv_engine-clang_format_9/8528/ : SUCCESS

http://cv.jenkins.couchbase.com/job/ming-test2/441/ : SUCCESS

http://cv.jenkins.couchbase.com/job/kv_engine-clang_analyzer-master/31551/ : SUCCESS

http://cv.jenkins.couchbase.com/job/kv_engine-clang_tidy-master/9942/ : SUCCESS

http://cv.jenkins.couchbase.com/job/kv_engine.linux-CE/job/master/11506/ : SUCCESS

http://cv.jenkins.couchbase.com/job/kv_engine.macos/job/master/10586/ : SUCCESS

http://cv.jenkins.couchbase.com/job/kv_engine.linux/job/master/11658/ : SUCCESS

http://cv.jenkins.couchbase.com/job/kv_engine.threadsanitizer/job/master/11959/ : SUCCESS

http://cv.jenkins.couchbase.com/job/kv_engine.ASan-UBSan/job/master/19522/ : SUCCESS
----------------------------------------------------------------------------------------------------------------------
Author: Build Bot
Date: 2021-06-17 09:25:57.000000000
Message: 
Patch Set 1:

Build Failed 

http://cv.jenkins.couchbase.com/job/kv_engine-windows-master/36957/ : FAILURE

Failure of an engine_testapp test:

<pre>
Running [0156/0157]: test_replace_at_pending_insert...(6 ms) SKIPPED_UNDER_MAGMA
# Passed 157 of 157 tests


99% tests passed, 1 tests failed out of 406

Total Test time (real) = 635.95 sec

The following tests FAIL
</pre>
 ( http://cv.jenkins.couchbase.com/job/kv_engine-windows-master/36957/ )

Timeout of a CTest test 406/406 Test #256: ep_testsuite.value_eviction.magma .............................................................................................} ( http://cv.jenkins.couchbase.com/job/kv_engine-windows-master/36957/ )

http://cv.jenkins.couchbase.com/job/kv_engine-clang_format_9/8528/ : SUCCESS

http://cv.jenkins.couchbase.com/job/ming-test2/441/ : SUCCESS

http://cv.jenkins.couchbase.com/job/kv_engine-clang_analyzer-master/31551/ : SUCCESS

http://cv.jenkins.couchbase.com/job/kv_engine.linux-CE/job/master/11506/ : SUCCESS

http://cv.jenkins.couchbase.com/job/kv_engine.macos/job/master/10586/ : SUCCESS

http://cv.jenkins.couchbase.com/job/kv_engine.linux/job/master/11658/ : SUCCESS

http://cv.jenkins.couchbase.com/job/kv_engine.threadsanitizer/job/master/11959/ : SUCCESS

http://cv.jenkins.couchbase.com/job/kv_engine.ASan-UBSan/job/master/19522/ : SUCCESS

http://cv.jenkins.couchbase.com/job/kv_engine-clang_tidy-master/9963/ : SUCCESS
----------------------------------------------------------------------------------------------------------------------
Author: Build Bot
Date: 2021-06-17 10:04:05.000000000
Message: 
Patch Set 1:

Build Failed 

http://cv.jenkins.couchbase.com/job/kv_engine-windows-master/36963/ : FAILURE

Failure of an engine_testapp test:

<pre>
Running [0140/0157]: test get random key...(74 ms) OK


99% tests passed, 1 tests failed out of 406

Total Test time (real) = 806.59 sec

The following tests FAIL
</pre>
 ( http://cv.jenkins.couchbase.com/job/kv_engine-windows-master/36963/ )

Timeout of a CTest test 406/406 Test #250: ep_testsuite.value_eviction.comp_passive ......................................................................................} ( http://cv.jenkins.couchbase.com/job/kv_engine-windows-master/36963/ )

http://cv.jenkins.couchbase.com/job/kv_engine-clang_format_9/8528/ : SUCCESS

http://cv.jenkins.couchbase.com/job/ming-test2/441/ : SUCCESS

http://cv.jenkins.couchbase.com/job/kv_engine-clang_analyzer-master/31551/ : SUCCESS

http://cv.jenkins.couchbase.com/job/kv_engine-clang_tidy-master/9963/ : SUCCESS

http://cv.jenkins.couchbase.com/job/kv_engine.linux-CE/job/master/11506/ : SUCCESS

http://cv.jenkins.couchbase.com/job/kv_engine.macos/job/master/10586/ : SUCCESS

http://cv.jenkins.couchbase.com/job/kv_engine.linux/job/master/11658/ : SUCCESS

http://cv.jenkins.couchbase.com/job/kv_engine.threadsanitizer/job/master/11959/ : SUCCESS

http://cv.jenkins.couchbase.com/job/kv_engine.ASan-UBSan/job/master/19522/ : SUCCESS
----------------------------------------------------------------------------------------------------------------------
