======================================================================================================================
DESCRIPTION:

MB-47604: Move MagmaDbStats purgeSeqno update to MagmaRollbackPurgeSeqnoCtx

Add a new RollbackPurgeSeqnoCtx and move the MagmaDbStats purgeSeqno
update to it as we should always update it with the rollbackPurgeSeqno.

Change-Id: I34b2d524b66139df937eddfff5a581ede42e94bf

======================================================================================================================
COMMENTS
======================================================================================================================
Author: Ben Huddleston
Date: 2021-10-12 15:22:06.000000000
Message: 
Uploaded patch set 10.
----------------------------------------------------------------------------------------------------------------------
Author: Build Bot
Date: 2021-10-12 15:50:06.000000000
Message: 
Patch Set 10: Verified-1

Build Failed 

http://cv.jenkins.couchbase.com/job/kv_engine-windows-master/41086/ : FAILURE

Failure of an engine_testapp test:

<pre>
Running [0126/0159]: test set_with_meta with item_eviction...(6 ms) SKIPPED


99% tests passed, 1 tests failed out of 412

Total Test time (real) = 780.85 sec

The following tests FAIL
</pre>
 ( http://cv.jenkins.couchbase.com/job/kv_engine-windows-master/41086/ )

Timeout of a CTest test 412/412 Test #263: ep_testsuite.value_eviction.comp_passive ......................................................................................} ( http://cv.jenkins.couchbase.com/job/kv_engine-windows-master/41086/ )

http://cv.jenkins.couchbase.com/job/kv_engine.aarch64-linux/job/master/3129/ : FAILURE

Timeout of a CTest test [2021-10-12T15:36:20.325Z] 278/433 Test  #91: ep-engine_ep_unit_tests.FlusherTest .........................................................................} ( http://cv.jenkins.couchbase.com/job/kv_engine.aarch64-linux/job/master/3129/ )

http://cv.jenkins.couchbase.com/job/kv_engine.macos/job/master/14199/ : FAILURE

Failure of GoogleTest "TransportProtocols/ExternalAuthTest.TestExternalAuthSuccessful/Mcbp":

<pre>
[ RUN      ] TransportProtocols/ExternalAuthTest.TestExternalAuthSuccessful/Mcbp
[2021-10-12T15:33:36.199Z] unknown file: Failure
[2021-10-12T15:33:36.199Z] C++ exception with description "MemcachedConnection::recvFrame(): Timed out after waiting 0ms for a response for CONFIG_RELOAD" thrown in SetUp().
[2021-10-12T15:33:36.199Z] [  FAILED  ] TransportProtocols/ExternalAuthTest.TestExternalAuthSuccessful/Mcbp, where GetParam() = Mcbp (3978 ms)
TransportProtocols/ExternalAuthTest.TestExternalAuthSuccessful/Mcbp
</pre>
 ( http://cv.jenkins.couchbase.com/job/kv_engine.macos/job/master/14199/ )

http://cv.jenkins.couchbase.com/job/kv_engine-clang_analyzer-master/34930/ : SUCCESS

http://cv.jenkins.couchbase.com/job/kv_engine-clang_tidy-master/13435/ : SUCCESS

http://cv.jenkins.couchbase.com/job/kv_engine-clang_format_9/12222/ : SUCCESS

http://cv.jenkins.couchbase.com/job/kv_engine.threadsanitizer/job/master/15942/ : SUCCESS

http://cv.jenkins.couchbase.com/job/kv_engine.libFuzzer/job/master/3069/ : SUCCESS

http://cv.jenkins.couchbase.com/job/kv_engine.linux/job/master/15319/ : SUCCESS

http://cv.jenkins.couchbase.com/job/kv_engine.linux-CE/job/master/15046/ : SUCCESS

http://cv.jenkins.couchbase.com/job/kv_engine.ASan-UBSan/job/master/23351/ : SUCCESS
----------------------------------------------------------------------------------------------------------------------
Author: Build Bot
Date: 2021-10-13 08:04:46.000000000
Message: 
Patch Set 10:

Build Failed 

http://cv.jenkins.couchbase.com/job/kv_engine.aarch64-linux/job/master/3143/ : FAILURE

Timeout of a CTest test [2021-10-13T07:56:21.429Z] 287/433 Test  #91: ep-engine_ep_unit_tests.FlusherTest .........................................................................} ( http://cv.jenkins.couchbase.com/job/kv_engine.aarch64-linux/job/master/3143/ )

http://cv.jenkins.couchbase.com/job/kv_engine-windows-master/41100/ : FAILURE

Failure of an engine_testapp test:

<pre>
Running [0073/0093]: test MB-16357...(74 ms) OK


99% tests passed, 1 tests failed out of 412

Total Test time (real) = 409.44 sec

The following tests FAIL
</pre>
 ( http://cv.jenkins.couchbase.com/job/kv_engine-windows-master/41100/ )

Timeout of a CTest test 412/412 Test #283: ep_testsuite_dcp.ephemeral.comp_passive .......................................................................................} ( http://cv.jenkins.couchbase.com/job/kv_engine-windows-master/41100/ )

http://cv.jenkins.couchbase.com/job/kv_engine-clang_analyzer-master/34930/ : SUCCESS

http://cv.jenkins.couchbase.com/job/kv_engine-clang_tidy-master/13435/ : SUCCESS

http://cv.jenkins.couchbase.com/job/kv_engine-clang_format_9/12222/ : SUCCESS

http://cv.jenkins.couchbase.com/job/kv_engine.threadsanitizer/job/master/15942/ : SUCCESS

http://cv.jenkins.couchbase.com/job/kv_engine.libFuzzer/job/master/3069/ : SUCCESS

http://cv.jenkins.couchbase.com/job/kv_engine.linux/job/master/15319/ : SUCCESS

http://cv.jenkins.couchbase.com/job/kv_engine.linux-CE/job/master/15046/ : SUCCESS

http://cv.jenkins.couchbase.com/job/kv_engine.macos/job/master/14211/ : SUCCESS

http://cv.jenkins.couchbase.com/job/kv_engine.ASan-UBSan/job/master/23351/ : SUCCESS
----------------------------------------------------------------------------------------------------------------------
