======================================================================================================================
DESCRIPTION:

MB-48038: Don't trigger any CheckpointVisitor if mem-recovery not needed

That was our original intention in the CheckpointRemoverTask, but
actually a CheckpointVisitor run is currently triggered regardless of
any memory state.
Note that checkpoint mem-recovery triggers are now defined by the
checkpoint quota and other marks in configuration, so that's what we
want to enforce.

This patch has already good test coverage. As soon as I start enforcing
the checkpoint mem-recovery triggers a bunch of ep_testsuite tests
start failing as they assume that eventually items will be removed from
checkpoints, regardless of any memory condition. The "fix" for those
tests is also an example on how we can switch from a relaxed
mem-recovery behaviour to an eager one by just tuning the existing
configuration parameters.

Note: This patch was originally reverted as it caused MB-48233. This
re-push contains the fix for MB-48233 too, covered by test.

Change-Id: I5fbab691e3ab8fe6fa4ec9ef38032d72d85d60e2

======================================================================================================================
COMMENTS
======================================================================================================================
Author: Paolo Cocchi
Date: 2021-09-07 13:39:56.000000000
Message: 
Uploaded patch set 4.
----------------------------------------------------------------------------------------------------------------------
Author: Build Bot
Date: 2021-09-07 14:15:25.000000000
Message: 
Patch Set 4: Verified-1

Build Failed 

http://cv.jenkins.couchbase.com/job/kv_engine-windows-master/39480/ : FAILURE

No problems were identified. If you know why this problem occurred, please add a suitable Cause for it. ( http://cv.jenkins.couchbase.com/job/kv_engine-windows-master/39480/ )

http://cv.jenkins.couchbase.com/job/kv_engine.threadsanitizer/job/master/14346/ : FAILURE

Timeout of a CTest test [2021-09-07T14:03:45.344Z] 401/401 Test #230: ep-engine_ep_unit_tests.KVStoreParam/KVStoreParamTest .......................................................} ( http://cv.jenkins.couchbase.com/job/kv_engine.threadsanitizer/job/master/14346/ )

http://cv.jenkins.couchbase.com/job/kv_engine.ASan-UBSan/job/master/21849/ : FAILURE

One of more core files found at the end of the build. Data for post-mortem saved to archived_core_dumps.tar.bz2 under "Build Artifacts". ( http://cv.jenkins.couchbase.com/job/kv_engine.ASan-UBSan/job/master/21849/ )

Timeout of a CTest test [2021-09-07T13:52:27.855Z] 408/408 Test #235: ep-engine_ep_unit_tests.KVStoreParam/KVStoreParamTest .......................................................} ( http://cv.jenkins.couchbase.com/job/kv_engine.ASan-UBSan/job/master/21849/ )

http://cv.jenkins.couchbase.com/job/kv_engine-clang_analyzer-master/33635/ : SUCCESS

http://cv.jenkins.couchbase.com/job/kv_engine-clang_tidy-master/12051/ : SUCCESS

http://cv.jenkins.couchbase.com/job/kv_engine-clang_format_9/10838/ : SUCCESS

http://cv.jenkins.couchbase.com/job/kv_engine.macos/job/master/12810/ : SUCCESS

http://cv.jenkins.couchbase.com/job/kv_engine.libFuzzer/job/master/1695/ : SUCCESS

http://cv.jenkins.couchbase.com/job/kv_engine.aarch64-linux/job/master/1714/ : SUCCESS

http://cv.jenkins.couchbase.com/job/kv_engine.linux-CE/job/master/13663/ : SUCCESS

http://cv.jenkins.couchbase.com/job/kv_engine.linux/job/master/13901/ : SUCCESS
----------------------------------------------------------------------------------------------------------------------
Author: Build Bot
Date: 2021-09-07 15:08:22.000000000
Message: 
Patch Set 4:

Build Failed 

http://cv.jenkins.couchbase.com/job/kv_engine-windows-master/39486/ : FAILURE

Failure of an engine_testapp test:

<pre>
Running [0040/0158]: io stats...(44 ms) SKIPPED


99% tests passed, 2 tests failed out of 407

Total Test time (real) = 660.09 sec

The following tests FAIL
</pre>
 ( http://cv.jenkins.couchbase.com/job/kv_engine-windows-master/39486/ )

Timeout of a CTest test 406/407 Test #259: ep_testsuite.ephemeral.comp_passive ...........................................................................................} ( http://cv.jenkins.couchbase.com/job/kv_engine-windows-master/39486/ )

http://cv.jenkins.couchbase.com/job/kv_engine-clang_analyzer-master/33635/ : SUCCESS

http://cv.jenkins.couchbase.com/job/kv_engine-clang_tidy-master/12051/ : SUCCESS

http://cv.jenkins.couchbase.com/job/kv_engine-clang_format_9/10838/ : SUCCESS

http://cv.jenkins.couchbase.com/job/kv_engine.macos/job/master/12810/ : SUCCESS

http://cv.jenkins.couchbase.com/job/kv_engine.libFuzzer/job/master/1695/ : SUCCESS

http://cv.jenkins.couchbase.com/job/kv_engine.aarch64-linux/job/master/1714/ : SUCCESS

http://cv.jenkins.couchbase.com/job/kv_engine.linux-CE/job/master/13663/ : SUCCESS

http://cv.jenkins.couchbase.com/job/kv_engine.linux/job/master/13901/ : SUCCESS

http://cv.jenkins.couchbase.com/job/kv_engine.ASan-UBSan/job/master/21856/ : SUCCESS

http://cv.jenkins.couchbase.com/job/kv_engine.threadsanitizer/job/master/14358/ : SUCCESS
----------------------------------------------------------------------------------------------------------------------
Author: Build Bot
Date: 2021-09-08 05:22:11.000000000
Message: 
Patch Set 4:

Build Failed 

http://cv.jenkins.couchbase.com/job/kv_engine-windows-master/39515/ : FAILURE

Failure of an engine_testapp test:

<pre>
Running [0031/0158]: test bloomfilters"s in a delete+set scenario...(275 ms) OK


99% tests passed, 1 tests failed out of 407

Total Test time (real) = 647.12 sec

The following tests FAIL
</pre>
 ( http://cv.jenkins.couchbase.com/job/kv_engine-windows-master/39515/ )

Timeout of a CTest test 407/407 Test #258: ep_testsuite.full_eviction.comp_active ........................................................................................} ( http://cv.jenkins.couchbase.com/job/kv_engine-windows-master/39515/ )

http://cv.jenkins.couchbase.com/job/kv_engine-clang_analyzer-master/33635/ : SUCCESS

http://cv.jenkins.couchbase.com/job/kv_engine-clang_tidy-master/12051/ : SUCCESS

http://cv.jenkins.couchbase.com/job/kv_engine-clang_format_9/10838/ : SUCCESS

http://cv.jenkins.couchbase.com/job/kv_engine.macos/job/master/12810/ : SUCCESS

http://cv.jenkins.couchbase.com/job/kv_engine.libFuzzer/job/master/1695/ : SUCCESS

http://cv.jenkins.couchbase.com/job/kv_engine.aarch64-linux/job/master/1714/ : SUCCESS

http://cv.jenkins.couchbase.com/job/kv_engine.linux-CE/job/master/13663/ : SUCCESS

http://cv.jenkins.couchbase.com/job/kv_engine.linux/job/master/13901/ : SUCCESS

http://cv.jenkins.couchbase.com/job/kv_engine.ASan-UBSan/job/master/21856/ : SUCCESS

http://cv.jenkins.couchbase.com/job/kv_engine.threadsanitizer/job/master/14358/ : SUCCESS
----------------------------------------------------------------------------------------------------------------------
Author: Build Bot
Date: 2021-09-08 06:54:25.000000000
Message: 
Patch Set 4:

Build Failed 

http://cv.jenkins.couchbase.com/job/kv_engine-windows-master/39520/ : FAILURE

Failure of GoogleTest "AllBucketTypes/SingleThreadedPassiveStreamTest.ConsumerRemovedFromVBConnsWhenStreamReplaced/persistent_magma_value_only":

<pre>
[ RUN      ] AllBucketTypes/SingleThreadedPassiveStreamTest.ConsumerRemovedFromVBConnsWhenStreamReplaced/persistent_magma_value_only
2021-09-07T23:51:52.227769-07:00 CRITICAL (SynchronousEPEngine:default) MagmaKVStore Magma open failed. Status:IOError: Unable to open file ep_engine_ep_unit_tests.db/test.149402/magma.0/config.json.tmp: The system cannot find the path specified.
unknown file: error: C++ exception with description "MagmaKVStore Magma open failed. Status:IOError: Unable to open file ep_engine_ep_unit_tests.db/test.149402/magma.0/config.json.tmp: The system cannot find the path specified." thrown in SetUp().
unknown file: error: SEH exception with code 0xc0000005 thrown in TearDown().
[  FAILED  ] AllBucketTypes/SingleThreadedPassiveStreamTest.ConsumerRemovedFromVBConnsWhenStreamReplaced/persistent_magma_value_only, where GetParam() = ("persistent_magma", "value_only") (11 ms)
AllBucketTypes/SingleThreadedPassiveStreamTest.ConsumerRemovedFromVBConnsWhenStreamReplaced/persistent_magma_value_only
</pre>
 ( http://cv.jenkins.couchbase.com/job/kv_engine-windows-master/39520/ )

http://cv.jenkins.couchbase.com/job/kv_engine-clang_analyzer-master/33635/ : SUCCESS

http://cv.jenkins.couchbase.com/job/kv_engine-clang_tidy-master/12051/ : SUCCESS

http://cv.jenkins.couchbase.com/job/kv_engine-clang_format_9/10838/ : SUCCESS

http://cv.jenkins.couchbase.com/job/kv_engine.macos/job/master/12810/ : SUCCESS

http://cv.jenkins.couchbase.com/job/kv_engine.libFuzzer/job/master/1695/ : SUCCESS

http://cv.jenkins.couchbase.com/job/kv_engine.aarch64-linux/job/master/1714/ : SUCCESS

http://cv.jenkins.couchbase.com/job/kv_engine.linux-CE/job/master/13663/ : SUCCESS

http://cv.jenkins.couchbase.com/job/kv_engine.linux/job/master/13901/ : SUCCESS

http://cv.jenkins.couchbase.com/job/kv_engine.ASan-UBSan/job/master/21856/ : SUCCESS

http://cv.jenkins.couchbase.com/job/kv_engine.threadsanitizer/job/master/14358/ : SUCCESS
----------------------------------------------------------------------------------------------------------------------
Author: Restriction Checker
Date: 2021-09-08 06:54:33.000000000
Message: 
Patch Set 4: Well-Formed+1

Permission granted to commit: 

http://server.jenkins.couchbase.com/job/restricted-branch-check/260017/artifact/restricted.html : SUCCESS
----------------------------------------------------------------------------------------------------------------------
Author: Build Bot
Date: 2021-09-08 09:11:18.000000000
Message: 
Patch Set 4: Verified+1

Build Successful 

http://cv.jenkins.couchbase.com/job/kv_engine-clang_analyzer-master/33635/ : SUCCESS

http://cv.jenkins.couchbase.com/job/kv_engine-clang_tidy-master/12051/ : SUCCESS

http://cv.jenkins.couchbase.com/job/kv_engine-clang_format_9/10838/ : SUCCESS

http://cv.jenkins.couchbase.com/job/kv_engine.macos/job/master/12810/ : SUCCESS

http://cv.jenkins.couchbase.com/job/kv_engine.libFuzzer/job/master/1695/ : SUCCESS

http://cv.jenkins.couchbase.com/job/kv_engine.aarch64-linux/job/master/1714/ : SUCCESS

http://cv.jenkins.couchbase.com/job/kv_engine.linux-CE/job/master/13663/ : SUCCESS

http://cv.jenkins.couchbase.com/job/kv_engine.linux/job/master/13901/ : SUCCESS

http://cv.jenkins.couchbase.com/job/kv_engine.ASan-UBSan/job/master/21856/ : SUCCESS

http://cv.jenkins.couchbase.com/job/kv_engine.threadsanitizer/job/master/14358/ : SUCCESS

http://cv.jenkins.couchbase.com/job/kv_engine-windows-master/39526/ : SUCCESS
----------------------------------------------------------------------------------------------------------------------
Author: Dave Rigby
Date: 2021-09-08 12:39:44.000000000
Message: 
Patch Set 4: Code-Review+2

(1 comment)
Line:24, /COMMIT_MSG -> Style: I'd normally put comments like this at the top of the commit message so the reader immediately sees the context.

----------------------------------------------------------------------------------------------------------------------
Author: Dave Rigby
Date: 2021-09-08 12:40:23.000000000
Message: 
Patch Set 4: Code-Review-1

(1 comment)
Line:7, /COMMIT_MSG -> I'd also put "(re-apply)" or similar in commit message to distinguish it from the original one.

----------------------------------------------------------------------------------------------------------------------
Author: Paolo Cocchi
Date: 2021-09-08 12:55:54.000000000
MISMATCHED INLINE COMMENT
Line:7, /COMMIT_MSG -> Done
----------------------------------------------------------------------------------------------------------------------
Author: Paolo Cocchi
Date: 2021-09-08 12:55:54.000000000
MISMATCHED INLINE COMMENT
Line:24, /COMMIT_MSG -> Done
----------------------------------------------------------------------------------------------------------------------
