======================================================================================================================
DESCRIPTION:

MB-35297: Unify "Disk" and "Memory" backfills

Both types of backfill can now share the same state machine. This
is done by moving the state machine code into DCPBackfill and
removing the now duplicate code from each of the sub-classes.

The DCP backfill hierarchy is now much simpler.

                DCPBackfillIface
                        |
                    DCPBackfill
                        |
       .----------------.-----------------------.
       |                |                       |
DCPBackfillByIdDisk DCPBackfillByIdSeqno DCPBackfillMemoryBuffered

The concrete classes also bring in extra classes for sharing common
data.

DCPBackfillBySeqno is shared by DCPBackfillByIdSeqno and
DCPBackfillMemoryBuffered. This defines the seqno range variables
required for scanning a seqno range.

DCPBackfillDisk is shared by DCPBackfillByIdDisk and
DCPBackfillByIdSeqno. This defines the ScanContext and KVBucket
variables required for a disk scan.

Change-Id: Ibd1fa31fa072b6e71937b3a6e2a1035e95223680

======================================================================================================================
COMMENTS
======================================================================================================================
Author: Jim Walker
Date: 2022-05-12 12:09:18.000000000
Message: 
Uploaded patch set 12: Patch Set 11 was rebased.
----------------------------------------------------------------------------------------------------------------------
Author: Build Bot
Date: 2022-05-12 12:40:35.000000000
Message: 
Patch Set 12: Verified-1

Build Failed 

http://cv.jenkins.couchbase.com/job/kv_engine-windows-master/46100/ : FAILURE

Failure of an engine_testapp test:

<pre>
Running [32/93]: test producer keep stream open replica...(44 ms) OK


99% tests passed, 2 tests failed out of 428

Total Test time (real) = 373.35 sec

The following tests FAIL
</pre>
 ( http://cv.jenkins.couchbase.com/job/kv_engine-windows-master/46100/ )

Timeout of a CTest test 427/428 Test #291: ep_testsuite_dcp.value_eviction.comp_active .............................................................} ( http://cv.jenkins.couchbase.com/job/kv_engine-windows-master/46100/ )

http://cv.jenkins.couchbase.com/job/kv_engine.linux/job/master/19563/ : FAILURE

Failure of an engine_testapp test:

<pre>
Running [73/160]: disk>RAM golden path...../kv_engine/engines/ep/tests/ep_testsuite.cc:4280 Test failed: `" (Expected `172" to be greater than `172" - kv_size should have decreased after eviction)
[2022-05-12T12:16:08.374Z] (45 ms) FAIL
</pre>
 ( http://cv.jenkins.couchbase.com/job/kv_engine.linux/job/master/19563/ )

Failure of GoogleTest "SslCertTest.LoginWhenMandatoryGoClient":

<pre>
[ RUN      ] SslCertTest.LoginWhenMandatoryGoClient
[2022-05-12T12:16:33.642Z] panic: expected not supported; server did not authenticate us: [129 33 0 0 0 0 0 32 0 0 0 56 0 0 0 0 0 0 0 0 0 0 0 0]
[2022-05-12T12:16:33.642Z] 
[2022-05-12T12:16:33.642Z] goroutine 1 [running]:
[2022-05-12T12:16:33.642Z] main.main()
[2022-05-12T12:16:33.642Z] 	kv_engine/tests/gocode/src/tls_test/main.go:203 +0x1e5
[2022-05-12T12:16:33.642Z] /home/couchbase/jenkins/workspace/kv_engine.linux_master/kv_engine/tests/testapp/testapp_cert_tests.cc:308: Failure
[2022-05-12T12:16:33.642Z] Expected equality of these values:
[2022-05-12T12:16:33.642Z]   "Success"
[2022-05-12T12:16:33.642Z]   status
[2022-05-12T12:16:33.642Z]     Which is: "Failure: 0x02"
[2022-05-12T12:16:33.642Z] {
[2022-05-12T12:16:33.642Z]   "WCOREDUMP": 0,
[2022-05-12T12:16:33.642Z]   "WEXITSTATUS": 2,
[2022-05-12T12:16:33.642Z]   "WIFEXITED": true,
[2022-05-12T12:16:33.642Z]   "WIFSIGNALED": false,
[2022-05-12T12:16:33.642Z]   "WTERMSIG": 0,
[2022-05-12T12:16:33.642Z]   "WTERMSIGNAL": "Unknown signal 0"
[2022-05-12T12:16:33.642Z] }
[2022-05-12T12:16:33.642Z] [  FAILED  ] SslCertTest.LoginWhenMandatoryGoClient (1408 ms)
SslCertTest.LoginWhenMandatoryGoClient
</pre>
 ( http://cv.jenkins.couchbase.com/job/kv_engine.linux/job/master/19563/ )

http://cv.jenkins.couchbase.com/job/kv_engine-clang_format_9/16473/ : SUCCESS

http://cv.jenkins.couchbase.com/job/kv_engine-clang_tidy-master/17453/ : SUCCESS

http://cv.jenkins.couchbase.com/job/kv_engine-clang_analyzer-master/38719/ : SUCCESS

http://cv.jenkins.couchbase.com/job/kv_engine.macos/job/master/18423/ : SUCCESS

http://cv.jenkins.couchbase.com/job/kv_engine.aarch64-linux/job/master/7161/ : SUCCESS

http://cv.jenkins.couchbase.com/job/kv_engine.libFuzzer/job/master/7066/ : SUCCESS

http://cv.jenkins.couchbase.com/job/kv_engine.linux-CE/job/master/19218/ : SUCCESS

http://cv.jenkins.couchbase.com/job/kv_engine.threadsanitizer/job/master/20242/ : SUCCESS

http://cv.jenkins.couchbase.com/job/kv_engine.ASan-UBSan/job/master/27619/ : SUCCESS
----------------------------------------------------------------------------------------------------------------------
Author: Dave Rigby
Date: 2022-05-12 13:50:40.000000000
Message: 
Patch Set 12: Code-Review+2
----------------------------------------------------------------------------------------------------------------------
Author: Build Bot
Date: 2022-05-12 14:42:16.000000000
Message: 
Patch Set 12:

Build Failed 

http://cv.jenkins.couchbase.com/job/kv_engine.macos/job/master/18434/ : FAILURE

No problems were identified. If you know why this problem occurred, please add a suitable Cause for it. ( http://cv.jenkins.couchbase.com/job/kv_engine.macos/job/master/18434/ )

http://cv.jenkins.couchbase.com/job/kv_engine.linux/job/master/19572/ : FAILURE

Timeout of a CTest test [2022-05-12T14:33:20.909Z]  10/448 Test #251: ep-engine_ep_unit_tests.EphemeralOrPersistent/STItemPagerTest ...........................................} ( http://cv.jenkins.couchbase.com/job/kv_engine.linux/job/master/19572/ )

http://cv.jenkins.couchbase.com/job/kv_engine.ASan-UBSan/job/master/27628/ : FAILURE

One of more core files found at the end of the build. Data for post-mortem saved to archived_core_dumps.tar.bz2 under "Build Artifacts". ( http://cv.jenkins.couchbase.com/job/kv_engine.ASan-UBSan/job/master/27628/ )

http://cv.jenkins.couchbase.com/job/kv_engine-windows-master/46109/ : SUCCESS

http://cv.jenkins.couchbase.com/job/kv_engine-clang_format_9/16482/ : SUCCESS

http://cv.jenkins.couchbase.com/job/kv_engine-clang_tidy-master/17463/ : SUCCESS

http://cv.jenkins.couchbase.com/job/kv_engine-clang_analyzer-master/38728/ : SUCCESS

http://cv.jenkins.couchbase.com/job/kv_engine.aarch64-linux/job/master/7170/ : SUCCESS

http://cv.jenkins.couchbase.com/job/kv_engine.libFuzzer/job/master/7075/ : SUCCESS

http://cv.jenkins.couchbase.com/job/kv_engine.linux-CE/job/master/19227/ : SUCCESS

http://cv.jenkins.couchbase.com/job/kv_engine.threadsanitizer/job/master/20251/ : SUCCESS
----------------------------------------------------------------------------------------------------------------------
Author: Build Bot
Date: 2022-05-12 15:08:01.000000000
Message: 
Patch Set 12:

Build Failed 

http://cv.jenkins.couchbase.com/job/kv_engine.ASan-UBSan/job/master/27636/ : FAILURE

No problems were identified. If you know why this problem occurred, please add a suitable Cause for it. ( http://cv.jenkins.couchbase.com/job/kv_engine.ASan-UBSan/job/master/27636/ )

http://cv.jenkins.couchbase.com/job/kv_engine.macos/job/master/18441/ : FAILURE

No problems were identified. If you know why this problem occurred, please add a suitable Cause for it. ( http://cv.jenkins.couchbase.com/job/kv_engine.macos/job/master/18441/ )

http://cv.jenkins.couchbase.com/job/kv_engine-windows-master/46109/ : SUCCESS

http://cv.jenkins.couchbase.com/job/kv_engine-clang_format_9/16482/ : SUCCESS

http://cv.jenkins.couchbase.com/job/kv_engine-clang_tidy-master/17463/ : SUCCESS

http://cv.jenkins.couchbase.com/job/kv_engine-clang_analyzer-master/38728/ : SUCCESS

http://cv.jenkins.couchbase.com/job/kv_engine.aarch64-linux/job/master/7170/ : SUCCESS

http://cv.jenkins.couchbase.com/job/kv_engine.libFuzzer/job/master/7075/ : SUCCESS

http://cv.jenkins.couchbase.com/job/kv_engine.linux-CE/job/master/19227/ : SUCCESS

http://cv.jenkins.couchbase.com/job/kv_engine.threadsanitizer/job/master/20251/ : SUCCESS

http://cv.jenkins.couchbase.com/job/kv_engine.linux/job/master/19579/ : SUCCESS
----------------------------------------------------------------------------------------------------------------------
Author: Build Bot
Date: 2022-05-12 16:24:37.000000000
Message: 
Patch Set 12:

Build Failed 

http://cv.jenkins.couchbase.com/job/kv_engine.linux/job/master/19572/ : FAILURE

Timeout of a CTest test [2022-05-12T14:33:20.909Z]  10/448 Test #251: ep-engine_ep_unit_tests.EphemeralOrPersistent/STItemPagerTest ...........................................} ( http://cv.jenkins.couchbase.com/job/kv_engine.linux/job/master/19572/ )

http://cv.jenkins.couchbase.com/job/kv_engine.ASan-UBSan/job/master/27628/ : FAILURE

One of more core files found at the end of the build. Data for post-mortem saved to archived_core_dumps.tar.bz2 under "Build Artifacts". ( http://cv.jenkins.couchbase.com/job/kv_engine.ASan-UBSan/job/master/27628/ )

http://cv.jenkins.couchbase.com/job/kv_engine.macos/job/master/18444/ : FAILURE

No problems were identified. If you know why this problem occurred, please add a suitable Cause for it. ( http://cv.jenkins.couchbase.com/job/kv_engine.macos/job/master/18444/ )

http://cv.jenkins.couchbase.com/job/kv_engine-windows-master/46109/ : SUCCESS

http://cv.jenkins.couchbase.com/job/kv_engine-clang_format_9/16482/ : SUCCESS

http://cv.jenkins.couchbase.com/job/kv_engine-clang_tidy-master/17463/ : SUCCESS

http://cv.jenkins.couchbase.com/job/kv_engine-clang_analyzer-master/38728/ : SUCCESS

http://cv.jenkins.couchbase.com/job/kv_engine.aarch64-linux/job/master/7170/ : SUCCESS

http://cv.jenkins.couchbase.com/job/kv_engine.libFuzzer/job/master/7075/ : SUCCESS

http://cv.jenkins.couchbase.com/job/kv_engine.linux-CE/job/master/19227/ : SUCCESS

http://cv.jenkins.couchbase.com/job/kv_engine.threadsanitizer/job/master/20251/ : SUCCESS
----------------------------------------------------------------------------------------------------------------------
Author: Build Bot
Date: 2022-05-12 16:49:35.000000000
Message: 
Patch Set 12:

Build Failed 

http://cv.jenkins.couchbase.com/job/kv_engine.linux/job/master/19572/ : FAILURE

Timeout of a CTest test [2022-05-12T14:33:20.909Z]  10/448 Test #251: ep-engine_ep_unit_tests.EphemeralOrPersistent/STItemPagerTest ...........................................} ( http://cv.jenkins.couchbase.com/job/kv_engine.linux/job/master/19572/ )

http://cv.jenkins.couchbase.com/job/kv_engine.ASan-UBSan/job/master/27628/ : FAILURE

One of more core files found at the end of the build. Data for post-mortem saved to archived_core_dumps.tar.bz2 under "Build Artifacts". ( http://cv.jenkins.couchbase.com/job/kv_engine.ASan-UBSan/job/master/27628/ )

http://cv.jenkins.couchbase.com/job/kv_engine-windows-master/46109/ : SUCCESS

http://cv.jenkins.couchbase.com/job/kv_engine-clang_format_9/16482/ : SUCCESS

http://cv.jenkins.couchbase.com/job/kv_engine-clang_tidy-master/17463/ : SUCCESS

http://cv.jenkins.couchbase.com/job/kv_engine-clang_analyzer-master/38728/ : SUCCESS

http://cv.jenkins.couchbase.com/job/kv_engine.aarch64-linux/job/master/7170/ : SUCCESS

http://cv.jenkins.couchbase.com/job/kv_engine.libFuzzer/job/master/7075/ : SUCCESS

http://cv.jenkins.couchbase.com/job/kv_engine.linux-CE/job/master/19227/ : SUCCESS

http://cv.jenkins.couchbase.com/job/kv_engine.threadsanitizer/job/master/20251/ : SUCCESS

http://cv.jenkins.couchbase.com/job/kv_engine.macos/job/master/18445/ : SUCCESS
----------------------------------------------------------------------------------------------------------------------
Author: Build Bot
Date: 2022-05-16 13:55:01.000000000
Message: 
Patch Set 12:

Build Failed 

http://cv.jenkins.couchbase.com/job/kv_engine.linux/job/master/19572/ : FAILURE

Timeout of a CTest test [2022-05-12T14:33:20.909Z]  10/448 Test #251: ep-engine_ep_unit_tests.EphemeralOrPersistent/STItemPagerTest ...........................................} ( http://cv.jenkins.couchbase.com/job/kv_engine.linux/job/master/19572/ )

http://cv.jenkins.couchbase.com/job/kv_engine-windows-master/46109/ : SUCCESS

http://cv.jenkins.couchbase.com/job/kv_engine-clang_format_9/16482/ : SUCCESS

http://cv.jenkins.couchbase.com/job/kv_engine-clang_tidy-master/17463/ : SUCCESS

http://cv.jenkins.couchbase.com/job/kv_engine-clang_analyzer-master/38728/ : SUCCESS

http://cv.jenkins.couchbase.com/job/kv_engine.macos/job/master/18445/ : SUCCESS

http://cv.jenkins.couchbase.com/job/kv_engine.aarch64-linux/job/master/7170/ : SUCCESS

http://cv.jenkins.couchbase.com/job/kv_engine.libFuzzer/job/master/7075/ : SUCCESS

http://cv.jenkins.couchbase.com/job/kv_engine.linux-CE/job/master/19227/ : SUCCESS

http://cv.jenkins.couchbase.com/job/kv_engine.threadsanitizer/job/master/20251/ : SUCCESS

http://cv.jenkins.couchbase.com/job/kv_engine.ASan-UBSan/job/master/27674/ : SUCCESS
----------------------------------------------------------------------------------------------------------------------
Author: Build Bot
Date: 2022-05-16 15:26:46.000000000
Message: 
Patch Set 12: Verified+1

Build Successful 

http://cv.jenkins.couchbase.com/job/kv_engine.linux/job/master/19620/ : SUCCESS

http://cv.jenkins.couchbase.com/job/kv_engine-windows-master/46156/ : SUCCESS

http://cv.jenkins.couchbase.com/job/kv_engine-clang_format_9/16530/ : SUCCESS

http://cv.jenkins.couchbase.com/job/kv_engine-clang_tidy-master/17508/ : SUCCESS

http://cv.jenkins.couchbase.com/job/kv_engine-clang_analyzer-master/38772/ : SUCCESS

http://cv.jenkins.couchbase.com/job/kv_engine.macos/job/master/18483/ : SUCCESS

http://cv.jenkins.couchbase.com/job/kv_engine.aarch64-linux/job/master/7216/ : SUCCESS

http://cv.jenkins.couchbase.com/job/kv_engine.libFuzzer/job/master/7119/ : SUCCESS

http://cv.jenkins.couchbase.com/job/kv_engine.linux-CE/job/master/19271/ : SUCCESS

http://cv.jenkins.couchbase.com/job/kv_engine.threadsanitizer/job/master/20297/ : SUCCESS

http://cv.jenkins.couchbase.com/job/kv_engine.ASan-UBSan/job/master/27677/ : SUCCESS
----------------------------------------------------------------------------------------------------------------------
