======================================================================================================================
DESCRIPTION:

MB-49702: Include BackfillTask's client name in description

This gives each BackfillManagerTask its own name instead of the
generic 'Backfilling items for a DCP Connection', which aids in
diagnosing issues with a particular DCP connection.

Change-Id: Ic7f354bed80f30296da08c54ebb5a12212ded41f

======================================================================================================================
COMMENTS
======================================================================================================================
Author: Dave Rigby
Date: 2021-12-02 09:43:56.000000000
Message: 
Uploaded patch set 2: Patch Set 1 was rebased.
----------------------------------------------------------------------------------------------------------------------
Author: Build Bot
Date: 2021-12-02 10:20:36.000000000
Message: 
Patch Set 2: Verified-1

Build Failed 

http://cv.jenkins.couchbase.com/job/kv_engine-windows-master/42170/ : FAILURE

Failure of an engine_testapp test:

<pre>
Running [0031/0044]: test get_meta with item_eviction...(5 ms) SKIPPED

        Start 418: memcached_unsigned_leb128_test
415/419 Test #418: memcached_unsigned_leb128_test ................................................................................................   Passed    0.07 sec
        Start 419: memcached-hostutils-test
416/419 Test #419: memcached-hostutils-test ......................................................................................................   Passed    0.07 sec
417/419 Test #415: memcached_testapp.ep.TransportProtocols/BucketTest ............................................................................   Passed    6.44 sec
418/419 Test #417: cluster_test ..................................................................................................................   Passed    5.77 sec
419/419 Test #414: memcached_testapp.ep.TransportProtocols/AuditTest .............................................................................   Passed   13.82 sec

99% tests passed, 2 tests failed out of 419

Total Test time (real) = 901.72 sec

The following tests FAIL
</pre>
 ( http://cv.jenkins.couchbase.com/job/kv_engine-windows-master/42170/ )

Failure of GoogleTest "TransportProtocols/XattrTest.mb25928_SystemCanExceedDocumentLimit/Mcbp_XattrYes_JsonYes_SnappyYes":

<pre>
[ RUN      ] TransportProtocols/XattrTest.mb25928_SystemCanExceedDocumentLimit/Mcbp_XattrYes_JsonYes_SnappyYes
C:/Jenkins/workspace/kv_engine-windows-master/kv_engine/tests/testapp/testapp_xattr.cc(1935): error: Value of: resp.isSuccess()
  Actual: false
Expected: true
Expected to be able to store system xattrs
[  FAILED  ] TransportProtocols/XattrTest.mb25928_SystemCanExceedDocumentLimit/Mcbp_XattrYes_JsonYes_SnappyYes, where GetParam() = (Mcbp, XattrYes, 4-byte object <00-00 00-00>, 4-byte object <00-00 00-00>) (161 ms)
TransportProtocols/XattrTest.mb25928_SystemCanExceedDocumentLimit/Mcbp_XattrYes_JsonYes_SnappyYes
</pre>
 ( http://cv.jenkins.couchbase.com/job/kv_engine-windows-master/42170/ )

Timeout of a CTest test 414/419 Test #305: ep_testsuite_xdcr.ephemeral.comp_active .......................................................................................} ( http://cv.jenkins.couchbase.com/job/kv_engine-windows-master/42170/ )

http://cv.jenkins.couchbase.com/job/kv_engine.threadsanitizer/job/master/17005/ : FAILURE

Failure of an engine_testapp test:

<pre>
Running [0016/0093]: test dcp replica stream one collection...../kv_engine/engines/ep/tests/ep_testsuite_dcp.cc:715 Test failed: `" (Expected `118", got `94" - Buffer Size did not get set correctly)
[2021-12-02T10:01:21.377Z] (20562 ms) FAIL
</pre>
 ( http://cv.jenkins.couchbase.com/job/kv_engine.threadsanitizer/job/master/17005/ )

ThreadSanitizer issue: data race on vptr (ctor/dtor vs virtual call) /home/couchbase/jenkins/workspace/kv_engine.threadsanitizer_master/kv_engine/engines/ep/tests/mock/mock_ep_bucket.h:23 in MockEPBucket::~MockEPBucket()  ( http://cv.jenkins.couchbase.com/job/kv_engine.threadsanitizer/job/master/17005/ )

http://cv.jenkins.couchbase.com/job/kv_engine-clang_analyzer-master/35777/ : SUCCESS

http://cv.jenkins.couchbase.com/job/kv_engine-clang_tidy-master/14312/ : SUCCESS

http://cv.jenkins.couchbase.com/job/kv_engine-clang_format_9/13121/ : SUCCESS

http://cv.jenkins.couchbase.com/job/kv_engine.libFuzzer/job/master/3945/ : SUCCESS

http://cv.jenkins.couchbase.com/job/kv_engine.macos/job/master/15114/ : SUCCESS

http://cv.jenkins.couchbase.com/job/kv_engine.linux/job/master/16227/ : SUCCESS

http://cv.jenkins.couchbase.com/job/kv_engine.linux-CE/job/master/15937/ : SUCCESS

http://cv.jenkins.couchbase.com/job/kv_engine.ASan-UBSan/job/master/24327/ : SUCCESS

http://cv.jenkins.couchbase.com/job/kv_engine.aarch64-linux/job/master/4020/ : SUCCESS
----------------------------------------------------------------------------------------------------------------------
