======================================================================================================================
DESCRIPTION:

MB-55268: [BP] Set the auto_pid proportional factor to a higher value

Backport to 7.2 of MB-55943.

Set the proportional factor Kp (defragmenter_auto_pid_p) to 52.

This value was calculated based on auto thresholds and sleep times, such
that we reduce sleep time to min_sleep (0.6s) when we reach the
higher_threshold.

Kp * (upper - lower) = max_sleep - min_sleep, solving for Kp
    Kp = (10 - 0.6) / (0.25 - 0.07) = 52

We're keeping the integral term the same, so the only change in
behaviour is we reduce sleep to min_sleep when scoredFragmentation is
0.25. We'd still end up reducing the sleep to min_sleep in cases where
scoredFragmentation is just above the threshold, as before.

Change-Id: I3a575c4f3a8bdc0bc2c8eeeb315beda3063cbb7d

======================================================================================================================
COMMENTS
======================================================================================================================
Author: Vesko Karaganev
Date: 2023-03-20 15:04:55.000000000
Message: 
Uploaded patch set 1.
----------------------------------------------------------------------------------------------------------------------
Author: Restriction Checker
Date: 2023-03-20 15:05:12.000000000
Message: 
Patch Set 1: Well-Formed+1

Permission granted to commit: 

https://server.jenkins.couchbase.com/job/restricted-branch-check/344333/artifact/restricted.html : SUCCESS
----------------------------------------------------------------------------------------------------------------------
Author: Build Bot
Date: 2023-03-20 16:00:53.000000000
Message: 
Patch Set 1: Verified-1

Build Failed 

https://cv.jenkins.couchbase.com/job/kv_engine-windows-neo/1663/ : FAILURE

Failure of an engine_testapp test:

<pre>
Running [141/160]: test failover log behavior...(224 ms) OK


99% tests passed, 1 tests failed out of 436

Total Test time (real) = 1316.45 sec

The following tests FAIL
</pre>
 ( https://cv.jenkins.couchbase.com/job/kv_engine-windows-neo/1663/ )

Timeout of a CTest test 436/436 Test #287: ep_testsuite.full_eviction.comp_passive .......................................................................................} ( https://cv.jenkins.couchbase.com/job/kv_engine-windows-neo/1663/ )

https://cv.jenkins.couchbase.com/job/kv_engine.macos/job/neo/1758/ : FAILURE

No problems were identified. If you know why this problem occurred, please add a suitable Cause for it. ( https://cv.jenkins.couchbase.com/job/kv_engine.macos/job/neo/1758/ )

https://cv.jenkins.couchbase.com/job/kv_engine-clang_analyzer-neo/1314/ : SUCCESS

https://cv.jenkins.couchbase.com/job/kv_engine-clang_format_9/23253/ : SUCCESS

https://cv.jenkins.couchbase.com/job/kv_engine-clang_tidy-neo/1361/ : SUCCESS

https://cv.jenkins.couchbase.com/job/kv_engine.aarch64-linux/job/neo/1402/ : SUCCESS

https://cv.jenkins.couchbase.com/job/kv_engine.libFuzzer/job/neo/1354/ : SUCCESS

https://cv.jenkins.couchbase.com/job/kv_engine.linux-CE/job/neo/1397/ : SUCCESS

https://cv.jenkins.couchbase.com/job/kv_engine.ASan-UBSan/job/neo/1394/ : SUCCESS

https://cv.jenkins.couchbase.com/job/kv_engine.threadsanitizer/job/neo/1389/ : SUCCESS

https://cv.jenkins.couchbase.com/job/kv_engine.linux/job/neo/1388/ : SUCCESS
----------------------------------------------------------------------------------------------------------------------
Author: Build Bot
Date: 2023-03-20 16:34:35.000000000
Message: 
Patch Set 1: Verified-1

Build Failed 

https://cv.jenkins.couchbase.com/job/kv_engine.macos/job/neo/1759/ : FAILURE

No problems were identified. If you know why this problem occurred, please add a suitable Cause for it. ( https://cv.jenkins.couchbase.com/job/kv_engine.macos/job/neo/1759/ )

https://cv.jenkins.couchbase.com/job/kv_engine-windows-neo/1664/ : FAILURE

Failure of an engine_testapp test:

<pre>
Running [29/93]: test dcp consumer hotness data...(53 ms) OK


99% tests passed, 1 tests failed out of 436

Total Test time (real) = 358.68 sec

The following tests FAIL
</pre>
 ( https://cv.jenkins.couchbase.com/job/kv_engine-windows-neo/1664/ )

Timeout of a CTest test 436/436 Test #303: ep_testsuite_dcp.full_eviction.comp_passive ...................................................................................} ( https://cv.jenkins.couchbase.com/job/kv_engine-windows-neo/1664/ )

https://cv.jenkins.couchbase.com/job/kv_engine-clang_analyzer-neo/1314/ : SUCCESS

https://cv.jenkins.couchbase.com/job/kv_engine-clang_format_9/23253/ : SUCCESS

https://cv.jenkins.couchbase.com/job/kv_engine-clang_tidy-neo/1361/ : SUCCESS

https://cv.jenkins.couchbase.com/job/kv_engine.aarch64-linux/job/neo/1402/ : SUCCESS

https://cv.jenkins.couchbase.com/job/kv_engine.libFuzzer/job/neo/1354/ : SUCCESS

https://cv.jenkins.couchbase.com/job/kv_engine.linux-CE/job/neo/1397/ : SUCCESS

https://cv.jenkins.couchbase.com/job/kv_engine.ASan-UBSan/job/neo/1394/ : SUCCESS

https://cv.jenkins.couchbase.com/job/kv_engine.threadsanitizer/job/neo/1389/ : SUCCESS

https://cv.jenkins.couchbase.com/job/kv_engine.linux/job/neo/1388/ : SUCCESS
----------------------------------------------------------------------------------------------------------------------
Author: Build Bot
Date: 2023-03-20 17:29:51.000000000
Message: 
Patch Set 1: Verified-1

Build Failed 

https://cv.jenkins.couchbase.com/job/kv_engine-windows-neo/1666/ : FAILURE

Failure of an engine_testapp test:

<pre>
Running [9/93]: test dcp consumer noop...(117 ms) OK


99% tests passed, 3 tests failed out of 436

Total Test time (real) = 376.00 sec

The following tests FAIL
</pre>
 ( https://cv.jenkins.couchbase.com/job/kv_engine-windows-neo/1666/ )

Timeout of a CTest test 434/436 Test #295: ep_testsuite_basic.full_eviction.comp_passive .................................................................................} ( https://cv.jenkins.couchbase.com/job/kv_engine-windows-neo/1666/ )

https://cv.jenkins.couchbase.com/job/kv_engine.macos/job/neo/1761/ : FAILURE

No problems were identified. If you know why this problem occurred, please add a suitable Cause for it. ( https://cv.jenkins.couchbase.com/job/kv_engine.macos/job/neo/1761/ )

https://cv.jenkins.couchbase.com/job/kv_engine-clang_analyzer-neo/1314/ : SUCCESS

https://cv.jenkins.couchbase.com/job/kv_engine-clang_format_9/23253/ : SUCCESS

https://cv.jenkins.couchbase.com/job/kv_engine-clang_tidy-neo/1361/ : SUCCESS

https://cv.jenkins.couchbase.com/job/kv_engine.aarch64-linux/job/neo/1402/ : SUCCESS

https://cv.jenkins.couchbase.com/job/kv_engine.libFuzzer/job/neo/1354/ : SUCCESS

https://cv.jenkins.couchbase.com/job/kv_engine.linux-CE/job/neo/1397/ : SUCCESS

https://cv.jenkins.couchbase.com/job/kv_engine.ASan-UBSan/job/neo/1394/ : SUCCESS

https://cv.jenkins.couchbase.com/job/kv_engine.threadsanitizer/job/neo/1389/ : SUCCESS

https://cv.jenkins.couchbase.com/job/kv_engine.linux/job/neo/1388/ : SUCCESS
----------------------------------------------------------------------------------------------------------------------
