======================================================================================================================
DESCRIPTION:

MB-51860: Merge branch 'cheshire-cat' into 7.1.4

No-op merge - this was a backport of a fix already in 7.1.2.

* commit 'f4eb4581a':
  MB-51860: Don't try to create log directory in constructor

Change-Id: I16bb61f3b52bfb79b16aa1334ec51261a5d00ce0

======================================================================================================================
COMMENTS
======================================================================================================================
Author: Dave Rigby
Date: 2023-01-24 19:42:21.000000000
Message: 
Patch Set 2: Commit message was updated.
----------------------------------------------------------------------------------------------------------------------
Author: Build Bot
Date: 2023-01-25 12:23:04.000000000
Message: 
Patch Set 2: Verified-1

Build Failed 

https://cv.jenkins.couchbase.com/job/kv_engine-windows-714/6/ : FAILURE

Failure of an engine_testapp test:

<pre>
Running [143/160]: multi_bucket set/get ...(1934 ms) OK


99% tests passed, 1 tests failed out of 424

Total Test time (real) = 779.37 sec

The following tests FAIL
</pre>
 ( https://cv.jenkins.couchbase.com/job/kv_engine-windows-714/6/ )

Timeout of a CTest test 424/424 Test #280: ep_testsuite.full_eviction.magma ..............................................................................................} ( https://cv.jenkins.couchbase.com/job/kv_engine-windows-714/6/ )

https://cv.jenkins.couchbase.com/job/kv_engine.threadsanitizer/job/7.1.4/8/ : FAILURE

Failure of GoogleTest "TransportProtocols/InterfacesTest.Mcbp/Mcbp":

<pre>
[ RUN      ] TransportProtocols/InterfacesTest.Mcbp/Mcbp
[2023-01-25T12:17:54.973Z] unknown file: Failure
[2023-01-25T12:17:54.973Z] C++ exception with description "MemcachedConnection::recvFrame(): Timed out after waiting 2000ms for a response for IFCONFIG" thrown in the test body.
[2023-01-25T12:17:54.973Z] [  FAILED  ] TransportProtocols/InterfacesTest.Mcbp/Mcbp, where GetParam() = Mcbp (2131 ms)
TransportProtocols/InterfacesTest.Mcbp/Mcbp
</pre>
 ( https://cv.jenkins.couchbase.com/job/kv_engine.threadsanitizer/job/7.1.4/8/ )

ThreadSanitizer issue: data race /opt/gcc-10.2.0/lib/gcc/x86_64-pc-linux-gnu/10.2.0/../../../../include/c++/10.2.0/bits/stl_vector.h:1794 in std::vector<std::shared_ptr<cb::test::Bucket>, std::allocator<std::shared_ptr<cb::test::Bucket> > >::_M_erase_at_end(std::shared_ptr<cb::test::Bucket>*)  ( https://cv.jenkins.couchbase.com/job/kv_engine.threadsanitizer/job/7.1.4/8/ )

Timeout of a CTest test [2023-01-25T12:13:27.920Z] 202/418 Test #416: cluster_test ................................................................................................} ( https://cv.jenkins.couchbase.com/job/kv_engine.threadsanitizer/job/7.1.4/8/ )

https://cv.jenkins.couchbase.com/job/kv_engine.macos/job/7.1.4/10/ : FAILURE

Failure of GoogleTest "EphemeralOrPersistent/STItemPagerTest.ReplicaEvictedBeforeActive/persistent_couchstore_value_only":

<pre>
[ RUN      ] EphemeralOrPersistent/STItemPagerTest.ReplicaEvictedBeforeActive/persistent_couchstore_value_only
[2023-01-25T11:57:45.941Z] ../kv_engine/engines/ep/tests/module_tests/item_pager_test.cc:1180: Failure
[2023-01-25T11:57:45.941Z] Expected equality of these values:
[2023-01-25T11:57:45.941Z]   100
[2023-01-25T11:57:45.941Z]   getRRPercent(*store->getVBucket(vbid))
[2023-01-25T11:57:45.941Z]     Which is: 96
[2023-01-25T11:57:45.941Z] vb:0 not fully resident after eviction
[2023-01-25T11:57:45.941Z] ../kv_engine/engines/ep/tests/module_tests/item_pager_test.cc:1180: Failure
[2023-01-25T11:57:45.941Z] Expected equality of these values:
[2023-01-25T11:57:45.941Z]   100
[2023-01-25T11:57:45.941Z]   getRRPercent(*store->getVBucket(vbid))
[2023-01-25T11:57:45.941Z]     Which is: 97
[2023-01-25T11:57:45.941Z] vb:1 not fully resident after eviction
[2023-01-25T11:57:45.941Z] [  FAILED  ] EphemeralOrPersistent/STItemPagerTest.ReplicaEvictedBeforeActive/persistent_couchstore_value_only, where GetParam() = "bucket_type=persistent:backend=couchstore:item_eviction_policy=value_only" (405 ms)
EphemeralOrPersistent/STItemPagerTest.ReplicaEvictedBeforeActive/persistent_couchstore_value_only
</pre>
 ( https://cv.jenkins.couchbase.com/job/kv_engine.macos/job/7.1.4/10/ )

Timeout of a CTest test [2023-01-25T12:22:57.245Z] 444/444 Test #442: cluster_test ................................................................................................} ( https://cv.jenkins.couchbase.com/job/kv_engine.macos/job/7.1.4/10/ )

https://cv.jenkins.couchbase.com/job/kv_engine-clang_analyzer-714/6/ : SUCCESS

https://cv.jenkins.couchbase.com/job/kv_engine-clang_tidy-714/6/ : SUCCESS

https://cv.jenkins.couchbase.com/job/kv_engine.linux/job/7.1.4/7/ : SUCCESS

https://cv.jenkins.couchbase.com/job/kv_engine.libFuzzer/job/7.1.4/7/ : SUCCESS

https://cv.jenkins.couchbase.com/job/kv_engine.linux-CE/job/7.1.4/7/ : SUCCESS

https://cv.jenkins.couchbase.com/job/kv_engine.ASan-UBSan/job/7.1.4/7/ : SUCCESS

https://cv.jenkins.couchbase.com/job/kv_engine-clang_format_9/22355/ : SUCCESS
----------------------------------------------------------------------------------------------------------------------
Author: Build Bot
Date: 2023-01-26 21:54:23.000000000
Message: 
Patch Set 2: Verified-1

Build Failed 

https://cv.jenkins.couchbase.com/job/kv_engine.macos/job/7.1.4/19/ : FAILURE

Failure of GoogleTest "EphemeralOrPersistent/STItemPagerTest.ReplicaEvictedBeforeActive/persistent_couchstore_full_eviction":

<pre>
[ RUN      ] EphemeralOrPersistent/STItemPagerTest.ReplicaEvictedBeforeActive/persistent_couchstore_full_eviction
[2023-01-26T21:37:13.585Z] ../kv_engine/engines/ep/tests/module_tests/item_pager_test.cc:1180: Failure
[2023-01-26T21:37:13.585Z] Expected equality of these values:
[2023-01-26T21:37:13.585Z]   100
[2023-01-26T21:37:13.585Z]   getRRPercent(*store->getVBucket(vbid))
[2023-01-26T21:37:13.585Z]     Which is: 97
[2023-01-26T21:37:13.585Z] vb:0 not fully resident after eviction
[2023-01-26T21:37:13.585Z] ../kv_engine/engines/ep/tests/module_tests/item_pager_test.cc:1180: Failure
[2023-01-26T21:37:13.585Z] Expected equality of these values:
[2023-01-26T21:37:13.585Z]   100
[2023-01-26T21:37:13.585Z]   getRRPercent(*store->getVBucket(vbid))
[2023-01-26T21:37:13.585Z]     Which is: 97
[2023-01-26T21:37:13.585Z] vb:1 not fully resident after eviction
[2023-01-26T21:37:13.585Z] [  FAILED  ] EphemeralOrPersistent/STItemPagerTest.ReplicaEvictedBeforeActive/persistent_couchstore_full_eviction, where GetParam() = "bucket_type=persistent:backend=couchstore:item_eviction_policy=full_eviction" (329 ms)
EphemeralOrPersistent/STItemPagerTest.ReplicaEvictedBeforeActive/persistent_couchstore_full_eviction
</pre>
 ( https://cv.jenkins.couchbase.com/job/kv_engine.macos/job/7.1.4/19/ )

https://cv.jenkins.couchbase.com/job/kv_engine-windows-714/16/ : FAILURE

Failure of an engine_testapp test:

<pre>
Running [60/160]: test ALL_KEYS api...(23 ms) OK


99% tests passed, 2 tests failed out of 424

Total Test time (real) = 764.39 sec

The following tests FAIL
</pre>
 ( https://cv.jenkins.couchbase.com/job/kv_engine-windows-714/16/ )

Timeout of a CTest test 423/424 Test #273: ep_testsuite.value_eviction.comp_passive ......................................................................................} ( https://cv.jenkins.couchbase.com/job/kv_engine-windows-714/16/ )

https://cv.jenkins.couchbase.com/job/kv_engine-clang_analyzer-714/6/ : SUCCESS

https://cv.jenkins.couchbase.com/job/kv_engine-clang_tidy-714/6/ : SUCCESS

https://cv.jenkins.couchbase.com/job/kv_engine.linux/job/7.1.4/7/ : SUCCESS

https://cv.jenkins.couchbase.com/job/kv_engine.libFuzzer/job/7.1.4/7/ : SUCCESS

https://cv.jenkins.couchbase.com/job/kv_engine.linux-CE/job/7.1.4/7/ : SUCCESS

https://cv.jenkins.couchbase.com/job/kv_engine.ASan-UBSan/job/7.1.4/7/ : SUCCESS

https://cv.jenkins.couchbase.com/job/kv_engine.threadsanitizer/job/7.1.4/17/ : SUCCESS

https://cv.jenkins.couchbase.com/job/kv_engine-clang_format_9/22355/ : SUCCESS
----------------------------------------------------------------------------------------------------------------------
Author: Build Bot
Date: 2023-01-26 22:30:29.000000000
Message: 
Patch Set 2: Verified-1

Build Failed 

https://cv.jenkins.couchbase.com/job/kv_engine-windows-714/20/ : FAILURE

Failure of an engine_testapp test:

<pre>
Running [145/160]: test_MB-19687_fixed...(14 ms) SKIPPED_UNDER_MAGMA


99% tests passed, 1 tests failed out of 424

Total Test time (real) = 751.87 sec

The following tests FAIL
</pre>
 ( https://cv.jenkins.couchbase.com/job/kv_engine-windows-714/20/ )

Timeout of a CTest test 424/424 Test #280: ep_testsuite.full_eviction.magma ..............................................................................................} ( https://cv.jenkins.couchbase.com/job/kv_engine-windows-714/20/ )

https://cv.jenkins.couchbase.com/job/kv_engine.macos/job/7.1.4/29/ : FAILURE

No problems were identified. If you know why this problem occurred, please add a suitable Cause for it. ( https://cv.jenkins.couchbase.com/job/kv_engine.macos/job/7.1.4/29/ )

https://cv.jenkins.couchbase.com/job/kv_engine-clang_analyzer-714/6/ : SUCCESS

https://cv.jenkins.couchbase.com/job/kv_engine-clang_tidy-714/6/ : SUCCESS

https://cv.jenkins.couchbase.com/job/kv_engine.linux/job/7.1.4/7/ : SUCCESS

https://cv.jenkins.couchbase.com/job/kv_engine.libFuzzer/job/7.1.4/7/ : SUCCESS

https://cv.jenkins.couchbase.com/job/kv_engine.linux-CE/job/7.1.4/7/ : SUCCESS

https://cv.jenkins.couchbase.com/job/kv_engine.ASan-UBSan/job/7.1.4/7/ : SUCCESS

https://cv.jenkins.couchbase.com/job/kv_engine.threadsanitizer/job/7.1.4/17/ : SUCCESS

https://cv.jenkins.couchbase.com/job/kv_engine-clang_format_9/22355/ : SUCCESS
----------------------------------------------------------------------------------------------------------------------
Author: Build Bot
Date: 2023-01-27 10:35:23.000000000
Message: 
Patch Set 2: Verified-1

Build Failed 

https://cv.jenkins.couchbase.com/job/kv_engine.macos/job/7.1.4/37/ : FAILURE

No problems were identified. If you know why this problem occurred, please add a suitable Cause for it. ( https://cv.jenkins.couchbase.com/job/kv_engine.macos/job/7.1.4/37/ )

https://cv.jenkins.couchbase.com/job/kv_engine-windows-714/24/ : FAILURE

Failure of GoogleTest "PersistentAndEphemeral/DcpStreamSyncReplTest.PendingDeleteAndMutationWithSyncReplica/persistent_couchstore":

<pre>
[ RUN      ] PersistentAndEphemeral/DcpStreamSyncReplTest.PendingDeleteAndMutationWithSyncReplica/persistent_couchstore
unknown file: error: C++ exception with description "KVStoreFactory ctor: Specified dbname "ep_engine_ep_unit_tests.db/test.397401" is not a directory" thrown in SetUp().
[  FAILED  ] PersistentAndEphemeral/DcpStreamSyncReplTest.PendingDeleteAndMutationWithSyncReplica/persistent_couchstore, where GetParam() = "persistent_couchstore" (14 ms)
PersistentAndEphemeral/DcpStreamSyncReplTest.PendingDeleteAndMutationWithSyncReplica/persistent_couchstore
</pre>
 ( https://cv.jenkins.couchbase.com/job/kv_engine-windows-714/24/ )

https://cv.jenkins.couchbase.com/job/kv_engine-clang_analyzer-714/6/ : SUCCESS

https://cv.jenkins.couchbase.com/job/kv_engine-clang_tidy-714/6/ : SUCCESS

https://cv.jenkins.couchbase.com/job/kv_engine.linux/job/7.1.4/7/ : SUCCESS

https://cv.jenkins.couchbase.com/job/kv_engine.libFuzzer/job/7.1.4/7/ : SUCCESS

https://cv.jenkins.couchbase.com/job/kv_engine.linux-CE/job/7.1.4/7/ : SUCCESS

https://cv.jenkins.couchbase.com/job/kv_engine.ASan-UBSan/job/7.1.4/7/ : SUCCESS

https://cv.jenkins.couchbase.com/job/kv_engine.threadsanitizer/job/7.1.4/17/ : SUCCESS

https://cv.jenkins.couchbase.com/job/kv_engine-clang_format_9/22355/ : SUCCESS
----------------------------------------------------------------------------------------------------------------------
Author: Build Bot
Date: 2023-01-27 13:29:57.000000000
Message: 
Patch Set 2: Verified-1

Build Failed 

https://cv.jenkins.couchbase.com/job/kv_engine.macos/job/7.1.4/37/ : FAILURE

No problems were identified. If you know why this problem occurred, please add a suitable Cause for it. ( https://cv.jenkins.couchbase.com/job/kv_engine.macos/job/7.1.4/37/ )

https://cv.jenkins.couchbase.com/job/kv_engine-windows-714/26/ : FAILURE

Failure of an engine_testapp test:

<pre>
Running [73/93]: test MB-16357...WARNING: Logging before InitGoogleLogging() is written to STDERR
W0127 05:28:46.664559 106040 HazptrDomain.h:670] Using the default inline executor for asynchronous reclamation may be susceptible to deadlock if the current thread happens to hold a resource needed by the deleter of a reclaimable object


99% tests passed, 2 tests failed out of 424

Total Test time (real) = 351.09 sec

The following tests FAIL
</pre>
 ( https://cv.jenkins.couchbase.com/job/kv_engine-windows-714/26/ )

Timeout of a CTest test 424/424 Test #292: ep_testsuite_dcp.full_eviction.comp_active ....................................................................................} ( https://cv.jenkins.couchbase.com/job/kv_engine-windows-714/26/ )

https://cv.jenkins.couchbase.com/job/kv_engine-clang_analyzer-714/6/ : SUCCESS

https://cv.jenkins.couchbase.com/job/kv_engine-clang_tidy-714/6/ : SUCCESS

https://cv.jenkins.couchbase.com/job/kv_engine.linux/job/7.1.4/7/ : SUCCESS

https://cv.jenkins.couchbase.com/job/kv_engine.libFuzzer/job/7.1.4/7/ : SUCCESS

https://cv.jenkins.couchbase.com/job/kv_engine.linux-CE/job/7.1.4/7/ : SUCCESS

https://cv.jenkins.couchbase.com/job/kv_engine.ASan-UBSan/job/7.1.4/7/ : SUCCESS

https://cv.jenkins.couchbase.com/job/kv_engine.threadsanitizer/job/7.1.4/17/ : SUCCESS

https://cv.jenkins.couchbase.com/job/kv_engine-clang_format_9/22355/ : SUCCESS
----------------------------------------------------------------------------------------------------------------------
