======================================================================================================================
DESCRIPTION:

MB-51860: Merge commit 'f4eb4581a' into 7.1.4

No-op merge - this was a backport of a fix already in 7.1.2.

* commit 'f4eb4581a':
  MB-51860: Don't try to create log directory in constructor

Change-Id: I16bb61f3b52bfb79b16aa1334ec51261a5d00ce0

======================================================================================================================
COMMENTS
======================================================================================================================
Author: Dave Rigby
Date: 2023-01-27 14:20:21.000000000
Message: 
Uploaded patch set 4: New merge patch set was added with a new first parent relative to Patch Set 3.
----------------------------------------------------------------------------------------------------------------------
Author: Restriction Checker
Date: 2023-01-27 14:20:48.000000000
Message: 
Patch Set 4: Well-Formed-1

Branch restricted. PLEASE READ this URL: 

https://server.jenkins.couchbase.com/job/restricted-branch-check/334684/artifact/restricted.html : FAILURE
----------------------------------------------------------------------------------------------------------------------
Author: Build Bot
Date: 2023-01-27 14:55:07.000000000
Message: 
Patch Set 4: Verified-1

Build Failed 

https://cv.jenkins.couchbase.com/job/kv_engine-windows-714/30/ : FAILURE

Failure of an engine_testapp test:

<pre>
Running [28/47]: test mb5215...WARNING: Logging before InitGoogleLogging() is written to STDERR
W0127 06:43:55.668085 41680 HazptrDomain.h:670] Using the default inline executor for asynchronous reclamation may be susceptible to deadlock if the current thread happens to hold a resource needed by the deleter of a reclaimable object


99% tests passed, 1 tests failed out of 424

Total Test time (real) = 374.62 sec

The following tests FAIL
</pre>
 ( https://cv.jenkins.couchbase.com/job/kv_engine-windows-714/30/ )

Timeout of a CTest test 424/424 Test #284: ep_testsuite_basic.full_eviction.comp_active ..................................................................................} ( https://cv.jenkins.couchbase.com/job/kv_engine-windows-714/30/ )

https://cv.jenkins.couchbase.com/job/kv_engine.linux/job/7.1.4/20/ : FAILURE

Failure of GoogleTest "EphemeralOrPersistent/CheckpointRemoverTest.BackgroundCheckpointRemovalWakesDestroyer/ephemeral_fail_new_data":

<pre>
[ RUN      ] EphemeralOrPersistent/CheckpointRemoverTest.BackgroundCheckpointRemovalWakesDestroyer/ephemeral_fail_new_data
[2023-01-27T14:50:45.422Z] unknown file: Failure
[2023-01-27T14:50:45.422Z] C++ exception with description "CheckedExecutor::runCurrentTask(): Expected task: "CheckpointMemRecoveryTask:0" got "CheckpointMemRecoveryTask:1"" thrown in the test body.
[2023-01-27T14:50:45.422Z] [  FAILED  ] EphemeralOrPersistent/CheckpointRemoverTest.BackgroundCheckpointRemovalWakesDestroyer/ephemeral_fail_new_data, where GetParam() = "bucket_type=ephemeral:ephemeral_full_policy=fail_new_data" (3 ms)
EphemeralOrPersistent/CheckpointRemoverTest.BackgroundCheckpointRemovalWakesDestroyer/ephemeral_fail_new_data
</pre>
 ( https://cv.jenkins.couchbase.com/job/kv_engine.linux/job/7.1.4/20/ )

https://cv.jenkins.couchbase.com/job/kv_engine-clang_analyzer-714/17/ : SUCCESS

https://cv.jenkins.couchbase.com/job/kv_engine-clang_tidy-714/17/ : SUCCESS

https://cv.jenkins.couchbase.com/job/kv_engine-clang_format_9/22409/ : SUCCESS

https://cv.jenkins.couchbase.com/job/kv_engine.libFuzzer/job/7.1.4/18/ : SUCCESS

https://cv.jenkins.couchbase.com/job/kv_engine.ASan-UBSan/job/7.1.4/19/ : SUCCESS

https://cv.jenkins.couchbase.com/job/kv_engine.linux-CE/job/7.1.4/18/ : SUCCESS

https://cv.jenkins.couchbase.com/job/kv_engine.macos/job/7.1.4/49/ : SUCCESS

https://cv.jenkins.couchbase.com/job/kv_engine.threadsanitizer/job/7.1.4/30/ : SUCCESS

https://cv.jenkins.couchbase.com/job/kv_engine.aarch64-linux/job/7.1.4/16/ : SUCCESS
----------------------------------------------------------------------------------------------------------------------
Author: Build Bot
Date: 2023-01-27 16:21:22.000000000
Message: 
Patch Set 4:

Build Failed 

https://cv.jenkins.couchbase.com/job/kv_engine-windows-714/38/ : FAILURE

Failure of an engine_testapp test:

<pre>
Running [60/93]: test dcp consumer end stream...(199 ms) OK


99% tests passed, 4 tests failed out of 424

Total Test time (real) = 498.54 sec

The following tests FAIL
</pre>
 ( https://cv.jenkins.couchbase.com/job/kv_engine-windows-714/38/ )

Failure of GoogleTest "EphemeralOrPersistent/STExpiryPagerTest.MB_25650/persistent_magma_value_only":

<pre>
[ RUN      ] EphemeralOrPersistent/STExpiryPagerTest.MB_25650/persistent_magma_value_only
..\kv_engine\engines\ep\tests\module_tests\item_pager_test.cc(1739): error: Expected equality of these values:
  err
    Which is: would block
  store->getMetaData( key_1, vbid, cookie, metadata, deleted, datatype)
    Which is: no memory
..\kv_engine\engines\ep\tests\module_tests\item_pager_test.cc(1744): error: Expected equality of these values:
  cb::engine_errc::success
    Which is: success
  store->getMetaData( key_1, vbid, cookie, metadata, deleted, datatype)
    Which is: no memory
..\kv_engine\engines\ep\tests\module_tests\item_pager_test.cc(1752): error: Expected equality of these values:
  err
    Which is: would block
  store->get(key_1, vbid, cookie, options).getStatus()
    Which is: no memory
Key with TTL:10 should be removed.
..\kv_engine\engines\ep\tests\module_tests\item_pager_test.cc(1761): error: Expected equality of these values:
  cb::engine_errc::success
    Which is: success
  item.getStatus()
    Which is: would block
[  FAILED  ] EphemeralOrPersistent/STExpiryPagerTest.MB_25650/persistent_magma_value_only, where GetParam() = "bucket_type=persistent:backend=magma:item_eviction_policy=value_only" (2243 ms)
EphemeralOrPersistent/STExpiryPagerTest.MB_25650/persistent_magma_value_only
</pre>
 ( https://cv.jenkins.couchbase.com/job/kv_engine-windows-714/38/ )

Timeout of a CTest test 422/424 Test #290: ep_testsuite_dcp.value_eviction.comp_active ...................................................................................} ( https://cv.jenkins.couchbase.com/job/kv_engine-windows-714/38/ )

https://cv.jenkins.couchbase.com/job/kv_engine-clang_analyzer-714/17/ : SUCCESS

https://cv.jenkins.couchbase.com/job/kv_engine-clang_tidy-714/17/ : SUCCESS

https://cv.jenkins.couchbase.com/job/kv_engine-clang_format_9/22409/ : SUCCESS

https://cv.jenkins.couchbase.com/job/kv_engine.libFuzzer/job/7.1.4/18/ : SUCCESS

https://cv.jenkins.couchbase.com/job/kv_engine.ASan-UBSan/job/7.1.4/19/ : SUCCESS

https://cv.jenkins.couchbase.com/job/kv_engine.linux-CE/job/7.1.4/18/ : SUCCESS

https://cv.jenkins.couchbase.com/job/kv_engine.macos/job/7.1.4/49/ : SUCCESS

https://cv.jenkins.couchbase.com/job/kv_engine.threadsanitizer/job/7.1.4/30/ : SUCCESS

https://cv.jenkins.couchbase.com/job/kv_engine.aarch64-linux/job/7.1.4/16/ : SUCCESS

https://cv.jenkins.couchbase.com/job/kv_engine.linux/job/7.1.4/28/ : SUCCESS
----------------------------------------------------------------------------------------------------------------------
Author: Build Bot
Date: 2023-01-30 09:23:30.000000000
Message: 
Patch Set 4:

Build Failed 

https://cv.jenkins.couchbase.com/job/kv_engine-windows-714/41/ : FAILURE

Failure of an engine_testapp test:

<pre>
Running [76/160]: disk>RAM delete paged-out...(10 ms) SKIPPED


99% tests passed, 1 tests failed out of 424

Total Test time (real) = 693.92 sec

The following tests FAIL
</pre>
 ( https://cv.jenkins.couchbase.com/job/kv_engine-windows-714/41/ )

Timeout of a CTest test 424/424 Test #278: ep_testsuite.ephemeral.comp_active ............................................................................................} ( https://cv.jenkins.couchbase.com/job/kv_engine-windows-714/41/ )

https://cv.jenkins.couchbase.com/job/kv_engine-clang_analyzer-714/17/ : SUCCESS

https://cv.jenkins.couchbase.com/job/kv_engine-clang_tidy-714/17/ : SUCCESS

https://cv.jenkins.couchbase.com/job/kv_engine-clang_format_9/22409/ : SUCCESS

https://cv.jenkins.couchbase.com/job/kv_engine.libFuzzer/job/7.1.4/18/ : SUCCESS

https://cv.jenkins.couchbase.com/job/kv_engine.ASan-UBSan/job/7.1.4/19/ : SUCCESS

https://cv.jenkins.couchbase.com/job/kv_engine.linux-CE/job/7.1.4/18/ : SUCCESS

https://cv.jenkins.couchbase.com/job/kv_engine.macos/job/7.1.4/49/ : SUCCESS

https://cv.jenkins.couchbase.com/job/kv_engine.threadsanitizer/job/7.1.4/30/ : SUCCESS

https://cv.jenkins.couchbase.com/job/kv_engine.aarch64-linux/job/7.1.4/16/ : SUCCESS

https://cv.jenkins.couchbase.com/job/kv_engine.linux/job/7.1.4/28/ : SUCCESS
----------------------------------------------------------------------------------------------------------------------
Author: Build Bot
Date: 2023-01-30 10:08:17.000000000
Message: 
Patch Set 4:

Build Failed 

https://cv.jenkins.couchbase.com/job/kv_engine-windows-714/45/ : FAILURE

Failure of an engine_testapp test:

<pre>
Running [88/160]: vbucket add (dead)...(102 ms) OK


99% tests passed, 3 tests failed out of 424

Total Test time (real) = 681.10 sec

The following tests FAIL
</pre>
 ( https://cv.jenkins.couchbase.com/job/kv_engine-windows-714/45/ )

Timeout of a CTest test 422/424 Test #282: ep_testsuite_basic.value_eviction.comp_active .................................................................................} ( https://cv.jenkins.couchbase.com/job/kv_engine-windows-714/45/ )

https://cv.jenkins.couchbase.com/job/kv_engine-clang_analyzer-714/17/ : SUCCESS

https://cv.jenkins.couchbase.com/job/kv_engine-clang_tidy-714/17/ : SUCCESS

https://cv.jenkins.couchbase.com/job/kv_engine-clang_format_9/22409/ : SUCCESS

https://cv.jenkins.couchbase.com/job/kv_engine.libFuzzer/job/7.1.4/18/ : SUCCESS

https://cv.jenkins.couchbase.com/job/kv_engine.ASan-UBSan/job/7.1.4/19/ : SUCCESS

https://cv.jenkins.couchbase.com/job/kv_engine.linux-CE/job/7.1.4/18/ : SUCCESS

https://cv.jenkins.couchbase.com/job/kv_engine.macos/job/7.1.4/49/ : SUCCESS

https://cv.jenkins.couchbase.com/job/kv_engine.threadsanitizer/job/7.1.4/30/ : SUCCESS

https://cv.jenkins.couchbase.com/job/kv_engine.aarch64-linux/job/7.1.4/16/ : SUCCESS

https://cv.jenkins.couchbase.com/job/kv_engine.linux/job/7.1.4/28/ : SUCCESS
----------------------------------------------------------------------------------------------------------------------
Author: Build Bot
Date: 2023-01-30 11:19:32.000000000
Message: 
Patch Set 4: Verified+1

Build Successful 

https://cv.jenkins.couchbase.com/job/kv_engine-clang_analyzer-714/17/ : SUCCESS

https://cv.jenkins.couchbase.com/job/kv_engine-clang_tidy-714/17/ : SUCCESS

https://cv.jenkins.couchbase.com/job/kv_engine-clang_format_9/22409/ : SUCCESS

https://cv.jenkins.couchbase.com/job/kv_engine.libFuzzer/job/7.1.4/18/ : SUCCESS

https://cv.jenkins.couchbase.com/job/kv_engine.ASan-UBSan/job/7.1.4/19/ : SUCCESS

https://cv.jenkins.couchbase.com/job/kv_engine.linux-CE/job/7.1.4/18/ : SUCCESS

https://cv.jenkins.couchbase.com/job/kv_engine.macos/job/7.1.4/49/ : SUCCESS

https://cv.jenkins.couchbase.com/job/kv_engine.threadsanitizer/job/7.1.4/30/ : SUCCESS

https://cv.jenkins.couchbase.com/job/kv_engine.aarch64-linux/job/7.1.4/16/ : SUCCESS

https://cv.jenkins.couchbase.com/job/kv_engine.linux/job/7.1.4/28/ : SUCCESS

https://cv.jenkins.couchbase.com/job/kv_engine-windows-714/47/ : SUCCESS
----------------------------------------------------------------------------------------------------------------------
Author: Dave Rigby
Date: 2023-01-30 11:22:06.000000000
Message: 
Removed reviewer <GERRIT_ACCOUNT_1004139> with the following votes:

* Well-Formed-1 by <GERRIT_ACCOUNT_1004139>

----------------------------------------------------------------------------------------------------------------------
Author: Jim Walker
Date: 2023-01-30 14:42:05.000000000
Message: 
Patch Set 4: Code-Review+2
----------------------------------------------------------------------------------------------------------------------
