======================================================================================================================
DESCRIPTION:

MB-47604: Enabled disabled nexus tests

These tests should now work under NexusKVStore

Change-Id: Ie1edc1bc2ad350992e2324aca75ea3059fd0b63d

======================================================================================================================
COMMENTS
======================================================================================================================
Author: Ben Huddleston
Date: 2022-01-11 09:30:35.000000000
Message: 
Uploaded patch set 1.
----------------------------------------------------------------------------------------------------------------------
Author: Build Bot
Date: 2022-01-11 09:52:41.000000000
Message: 
Patch Set 1: Verified-1

Build Failed 

http://cv.jenkins.couchbase.com/job/kv_engine-windows-master/42693/ : FAILURE

Timeout of a CTest test 420/420 Test #340: memcached_testapp.default.TransportProtocols/StatsTest ........................................................................} ( http://cv.jenkins.couchbase.com/job/kv_engine-windows-master/42693/ )

http://cv.jenkins.couchbase.com/job/kv_engine.ASan-UBSan/job/master/24792/ : FAILURE

No problems were identified. If you know why this problem occurred, please add a suitable Cause for it. ( http://cv.jenkins.couchbase.com/job/kv_engine.ASan-UBSan/job/master/24792/ )

http://cv.jenkins.couchbase.com/job/kv_engine.linux/job/master/16671/ : FAILURE

No problems were identified. If you know why this problem occurred, please add a suitable Cause for it. ( http://cv.jenkins.couchbase.com/job/kv_engine.linux/job/master/16671/ )

http://cv.jenkins.couchbase.com/job/kv_engine.linux-CE/job/master/16379/ : FAILURE

No problems were identified. If you know why this problem occurred, please add a suitable Cause for it. ( http://cv.jenkins.couchbase.com/job/kv_engine.linux-CE/job/master/16379/ )

http://cv.jenkins.couchbase.com/job/kv_engine.libFuzzer/job/master/4364/ : FAILURE

No problems were identified. If you know why this problem occurred, please add a suitable Cause for it. ( http://cv.jenkins.couchbase.com/job/kv_engine.libFuzzer/job/master/4364/ )

http://cv.jenkins.couchbase.com/job/kv_engine.threadsanitizer/job/master/17464/ : FAILURE

No problems were identified. If you know why this problem occurred, please add a suitable Cause for it. ( http://cv.jenkins.couchbase.com/job/kv_engine.threadsanitizer/job/master/17464/ )

http://cv.jenkins.couchbase.com/job/kv_engine.aarch64-linux/job/master/4420/ : FAILURE

No problems were identified. If you know why this problem occurred, please add a suitable Cause for it. ( http://cv.jenkins.couchbase.com/job/kv_engine.aarch64-linux/job/master/4420/ )

http://cv.jenkins.couchbase.com/job/kv_engine-clang_analyzer-master/36179/ : SUCCESS

http://cv.jenkins.couchbase.com/job/kv_engine-clang_format_9/13553/ : SUCCESS

http://cv.jenkins.couchbase.com/job/kv_engine-clang_tidy-master/14722/ : SUCCESS

http://cv.jenkins.couchbase.com/job/kv_engine.macos/job/master/15525/ : SUCCESS
----------------------------------------------------------------------------------------------------------------------
Author: Build Bot
Date: 2022-01-11 10:13:58.000000000
Message: 
Patch Set 1:

Build Failed 

http://cv.jenkins.couchbase.com/job/kv_engine.ASan-UBSan/job/master/24796/ : FAILURE

No problems were identified. If you know why this problem occurred, please add a suitable Cause for it. ( http://cv.jenkins.couchbase.com/job/kv_engine.ASan-UBSan/job/master/24796/ )

http://cv.jenkins.couchbase.com/job/kv_engine-windows-master/42695/ : FAILURE

Failure of GoogleTest "TransportProtocols/XattrTest.mb25928_SystemCantExceedSystemLimit/Mcbp_XattrYes_JsonNo_SnappyYes":

<pre>
[ RUN      ] TransportProtocols/XattrTest.mb25928_SystemCantExceedSystemLimit/Mcbp_XattrYes_JsonNo_SnappyYes
unknown file: error: C++ exception with description "Failed to store TransportProtocols_XattrTest_mb25928_SystemCantExceedSystemLimit_Mcbp_XattrYes_JsonNo_SnappyYes: Temporary failure (134)" thrown in SetUp().
[  FAILED  ] TransportProtocols/XattrTest.mb25928_SystemCantExceedSystemLimit/Mcbp_XattrYes_JsonNo_SnappyYes, where GetParam() = (Mcbp, XattrYes, 4-byte object <01-00 00-00>, 4-byte object <00-00 00-00>) (3 ms)
TransportProtocols/XattrTest.mb25928_SystemCantExceedSystemLimit/Mcbp_XattrYes_JsonNo_SnappyYes
</pre>
 ( http://cv.jenkins.couchbase.com/job/kv_engine-windows-master/42695/ )

http://cv.jenkins.couchbase.com/job/kv_engine.linux/job/master/16675/ : FAILURE

No problems were identified. If you know why this problem occurred, please add a suitable Cause for it. ( http://cv.jenkins.couchbase.com/job/kv_engine.linux/job/master/16675/ )

http://cv.jenkins.couchbase.com/job/kv_engine.linux-CE/job/master/16383/ : FAILURE

No problems were identified. If you know why this problem occurred, please add a suitable Cause for it. ( http://cv.jenkins.couchbase.com/job/kv_engine.linux-CE/job/master/16383/ )

http://cv.jenkins.couchbase.com/job/kv_engine.libFuzzer/job/master/4368/ : FAILURE

No problems were identified. If you know why this problem occurred, please add a suitable Cause for it. ( http://cv.jenkins.couchbase.com/job/kv_engine.libFuzzer/job/master/4368/ )

http://cv.jenkins.couchbase.com/job/kv_engine.macos/job/master/15529/ : FAILURE

No problems were identified. If you know why this problem occurred, please add a suitable Cause for it. ( http://cv.jenkins.couchbase.com/job/kv_engine.macos/job/master/15529/ )

http://cv.jenkins.couchbase.com/job/kv_engine.threadsanitizer/job/master/17468/ : FAILURE

No problems were identified. If you know why this problem occurred, please add a suitable Cause for it. ( http://cv.jenkins.couchbase.com/job/kv_engine.threadsanitizer/job/master/17468/ )

http://cv.jenkins.couchbase.com/job/kv_engine.aarch64-linux/job/master/4425/ : FAILURE

No problems were identified. If you know why this problem occurred, please add a suitable Cause for it. ( http://cv.jenkins.couchbase.com/job/kv_engine.aarch64-linux/job/master/4425/ )

http://cv.jenkins.couchbase.com/job/kv_engine-clang_analyzer-master/36181/ : SUCCESS

http://cv.jenkins.couchbase.com/job/kv_engine-clang_format_9/13555/ : SUCCESS

http://cv.jenkins.couchbase.com/job/kv_engine-clang_tidy-master/14724/ : SUCCESS
----------------------------------------------------------------------------------------------------------------------
Author: Build Bot
Date: 2022-01-11 13:52:16.000000000
Message: 
Patch Set 1: Code-Review-1

Build Failed 

http://cv.jenkins.couchbase.com/job/kv_engine-windows-master/42705/ : FAILURE

Failure of an engine_testapp test:

<pre>
Running [0022/0093]: test producer stream request (full)...(32 ms) OK


99% tests passed, 1 tests failed out of 420

Total Test time (real) = 345.06 sec

The following tests FAIL
</pre>
 ( http://cv.jenkins.couchbase.com/job/kv_engine-windows-master/42705/ )

Timeout of a CTest test 420/420 Test #289: ep_testsuite_dcp.ephemeral.comp_passive .......................................................................................} ( http://cv.jenkins.couchbase.com/job/kv_engine-windows-master/42705/ )

http://cv.jenkins.couchbase.com/job/kv_engine-clang_format_9/13565/ : FAILURE

No problems were identified. If you know why this problem occurred, please add a suitable Cause for it. ( http://cv.jenkins.couchbase.com/job/kv_engine-clang_format_9/13565/ )

http://cv.jenkins.couchbase.com/job/kv_engine.linux/job/master/16685/ : FAILURE

http://cv.jenkins.couchbase.com/job/kv_engine.ASan-UBSan/job/master/24806/ : SUCCESS

http://cv.jenkins.couchbase.com/job/kv_engine-clang_analyzer-master/36190/ : SUCCESS

http://cv.jenkins.couchbase.com/job/kv_engine-clang_tidy-master/14733/ : SUCCESS

http://cv.jenkins.couchbase.com/job/kv_engine.linux-CE/job/master/16394/ : SUCCESS

http://cv.jenkins.couchbase.com/job/kv_engine.libFuzzer/job/master/4378/ : SUCCESS

http://cv.jenkins.couchbase.com/job/kv_engine.macos/job/master/15538/ : SUCCESS

http://cv.jenkins.couchbase.com/job/kv_engine.threadsanitizer/job/master/17478/ : SUCCESS

http://cv.jenkins.couchbase.com/job/kv_engine.aarch64-linux/job/master/4435/ : SUCCESS
----------------------------------------------------------------------------------------------------------------------
Author: Build Bot
Date: 2022-01-11 14:27:53.000000000
Message: 
Patch Set 1:

Build Failed 

http://cv.jenkins.couchbase.com/job/kv_engine-windows-master/42707/ : FAILURE

Failure of an engine_testapp test:

<pre>
Running [0034/0159]: test access scanner settings.....\kv_engine\engines\ep\tests\ep_testsuite.cc:3354 Test failed: `" (Expected `0", got `-1" - Initial time incorrect, expect: 02:00, actual: 01:59)
(156 ms) FAIL
</pre>
 ( http://cv.jenkins.couchbase.com/job/kv_engine-windows-master/42707/ )

Failure of GoogleTest "Persistent/STParamPersistentBucketTest.TestUncleanShutdownVBStateNotLostAfterCleanShutdown/persistent_magma_full_eviction":

<pre>
[ RUN      ] Persistent/STParamPersistentBucketTest.TestUncleanShutdownVBStateNotLostAfterCleanShutdown/persistent_magma_full_eviction
2022-01-11T06:17:25.827054-08:00 CRITICAL (SynchronousEPEngine:default) MagmaKVStore Magma open failed. Status:IOError: Unable to open file ep_engine_ep_unit_tests.db/test.568701/magma.0/config.json.tmp: The system cannot find the path specified.
unknown file: error: C++ exception with description "MagmaKVStore Magma open failed. Status:IOError: Unable to open file ep_engine_ep_unit_tests.db/test.568701/magma.0/config.json.tmp: The system cannot find the path specified." thrown in SetUp().
unknown file: error: SEH exception with code 0xc0000005 thrown in TearDown().
[  FAILED  ] Persistent/STParamPersistentBucketTest.TestUncleanShutdownVBStateNotLostAfterCleanShutdown/persistent_magma_full_eviction, where GetParam() = ("persistent_magma", "full_eviction") (12 ms)
Persistent/STParamPersistentBucketTest.TestUncleanShutdownVBStateNotLostAfterCleanShutdown/persistent_magma_full_eviction
</pre>
 ( http://cv.jenkins.couchbase.com/job/kv_engine-windows-master/42707/ )

Timeout of a CTest test 420/420 Test #273: ep_testsuite.ephemeral.comp_passive ...........................................................................................} ( http://cv.jenkins.couchbase.com/job/kv_engine-windows-master/42707/ )

http://cv.jenkins.couchbase.com/job/kv_engine-clang_format_9/13567/ : FAILURE

No problems were identified. If you know why this problem occurred, please add a suitable Cause for it. ( http://cv.jenkins.couchbase.com/job/kv_engine-clang_format_9/13567/ )

http://cv.jenkins.couchbase.com/job/kv_engine.ASan-UBSan/job/master/24806/ : SUCCESS

http://cv.jenkins.couchbase.com/job/kv_engine-clang_analyzer-master/36190/ : SUCCESS

http://cv.jenkins.couchbase.com/job/kv_engine-clang_tidy-master/14733/ : SUCCESS

http://cv.jenkins.couchbase.com/job/kv_engine.linux/job/master/16687/ : SUCCESS

http://cv.jenkins.couchbase.com/job/kv_engine.linux-CE/job/master/16394/ : SUCCESS

http://cv.jenkins.couchbase.com/job/kv_engine.libFuzzer/job/master/4378/ : SUCCESS

http://cv.jenkins.couchbase.com/job/kv_engine.macos/job/master/15538/ : SUCCESS

http://cv.jenkins.couchbase.com/job/kv_engine.threadsanitizer/job/master/17478/ : SUCCESS

http://cv.jenkins.couchbase.com/job/kv_engine.aarch64-linux/job/master/4435/ : SUCCESS
----------------------------------------------------------------------------------------------------------------------
Author: Build Bot
Date: 2022-01-11 15:38:27.000000000
Message: 
Patch Set 1:

Build Failed 

http://cv.jenkins.couchbase.com/job/kv_engine-clang_format_9/13576/ : FAILURE

No problems were identified. If you know why this problem occurred, please add a suitable Cause for it. ( http://cv.jenkins.couchbase.com/job/kv_engine-clang_format_9/13576/ )

http://cv.jenkins.couchbase.com/job/kv_engine-windows-master/42715/ : SUCCESS

http://cv.jenkins.couchbase.com/job/kv_engine.ASan-UBSan/job/master/24806/ : SUCCESS

http://cv.jenkins.couchbase.com/job/kv_engine-clang_analyzer-master/36190/ : SUCCESS

http://cv.jenkins.couchbase.com/job/kv_engine-clang_tidy-master/14733/ : SUCCESS

http://cv.jenkins.couchbase.com/job/kv_engine.linux/job/master/16687/ : SUCCESS

http://cv.jenkins.couchbase.com/job/kv_engine.linux-CE/job/master/16394/ : SUCCESS

http://cv.jenkins.couchbase.com/job/kv_engine.libFuzzer/job/master/4378/ : SUCCESS

http://cv.jenkins.couchbase.com/job/kv_engine.macos/job/master/15538/ : SUCCESS

http://cv.jenkins.couchbase.com/job/kv_engine.threadsanitizer/job/master/17478/ : SUCCESS

http://cv.jenkins.couchbase.com/job/kv_engine.aarch64-linux/job/master/4435/ : SUCCESS
----------------------------------------------------------------------------------------------------------------------
Author: Build Bot
Date: 2022-01-11 15:49:57.000000000
Message: 
Patch Set 1: Verified+1 -Code-Review

Build Successful 

http://cv.jenkins.couchbase.com/job/kv_engine-windows-master/42715/ : SUCCESS

http://cv.jenkins.couchbase.com/job/kv_engine.ASan-UBSan/job/master/24806/ : SUCCESS

http://cv.jenkins.couchbase.com/job/kv_engine-clang_analyzer-master/36190/ : SUCCESS

http://cv.jenkins.couchbase.com/job/kv_engine-clang_tidy-master/14733/ : SUCCESS

http://cv.jenkins.couchbase.com/job/kv_engine.linux/job/master/16687/ : SUCCESS

http://cv.jenkins.couchbase.com/job/kv_engine.linux-CE/job/master/16394/ : SUCCESS

http://cv.jenkins.couchbase.com/job/kv_engine.libFuzzer/job/master/4378/ : SUCCESS

http://cv.jenkins.couchbase.com/job/kv_engine.macos/job/master/15538/ : SUCCESS

http://cv.jenkins.couchbase.com/job/kv_engine.threadsanitizer/job/master/17478/ : SUCCESS

http://cv.jenkins.couchbase.com/job/kv_engine.aarch64-linux/job/master/4435/ : SUCCESS

http://cv.jenkins.couchbase.com/job/kv_engine-clang_format_9/13584/ : SUCCESS
----------------------------------------------------------------------------------------------------------------------
Author: Dave Rigby
Date: 2022-01-12 09:36:53.000000000
Message: 
Patch Set 1: Code-Review+2
----------------------------------------------------------------------------------------------------------------------
