======================================================================================================================
DESCRIPTION:

MB-52383: Ensure we yield correctly when loading data during warmup

Problem:
During analysis of our warmup code we observed that
WarmupVbucketVisitor's callback was never yielding thus causing us to
disregard max time splice it should spend backfilling before running
another reader thread task. This behaviour can use delta rebalance to
time out as large data buckets can block smaller buckets from warming up
in a timely manner, see MB-47267 for more information.

Cause:
This was due to WarmupVbucketVisitor::visit() not correctly updating the
state of LoadStorageKVPairCallback when calling
LoadStorageKVPairCallback::updateDeadLine(). This was due to us storing
the LoadStorageKVPairCallback as kvCallback using the 'auto' keyword
rather than an 'auto&'. This caused deep copy to occur and us to call
updateDeadLine() on the copied value. Meaning the
LoadStorageKVPairCallback used for the backfill had a deadline of
std::chrono::steady_clock::time_point::max(), so it could run for as
long as it needed without yielding.

This should have been picked up by the test
test_reader_thread_starvation_warmup() in ep_testsuite.cc. However, the
test was broken due to the 'num_reader_threads' not being set to 1 by
the config argument correctly. When we did set the number of reader
threads correctly the test deadlocks showing it never excited the code
correctly and so would never have found this bug.

Fix:
To fix this change 'kvCallback' in  WarmupVbucketVisitor::visit() to be
an 'auto&' rather than just an 'auto'.

Also more ensure fix the test to defend this code correctly. To do this
we've modified the vistWarmupHook so that it now records how many times
it's been called so that we can ensure that on the 'slowBucket' we do
yield. This can be identified if the vistWarmupHook gets called more
than 2 times, as this is the minimum number of time it will be called.
Also to ensure we do yield if we've be called more than two times then
sleep for 9ms to we only have 1ms to warmup itmes in.

Change-Id: I18e17dd5752a1d0dc42bfcf14c4e300b77425ae8

======================================================================================================================
COMMENTS
======================================================================================================================
Author: Richard de Mellow
Date: 2022-05-31 12:20:30.000000000
Message: 
Uploaded patch set 1.
----------------------------------------------------------------------------------------------------------------------
Author: Restriction Checker
Date: 2022-05-31 12:20:45.000000000
Message: 
Patch Set 1: Well-Formed-1

Branch restricted. PLEASE READ this URL: 

http://server.jenkins.couchbase.com/job/restricted-branch-check/300771/artifact/restricted.html : FAILURE
----------------------------------------------------------------------------------------------------------------------
Author: Build Bot
Date: 2022-05-31 12:59:03.000000000
Message: 
Patch Set 1: Verified-1

Build Failed 

http://cv.jenkins.couchbase.com/job/kv_engine-windows-neo/291/ : FAILURE

Timeout of a CTest test 422/422 Test #189: ep-engine_ep_unit_tests.PersistentAndEphemeral/DcpStreamSyncReplTest ..........................................................} ( http://cv.jenkins.couchbase.com/job/kv_engine-windows-neo/291/ )

http://cv.jenkins.couchbase.com/job/kv_engine.macos/job/neo/298/ : FAILURE

Timeout of a CTest test [2022-05-31T12:58:54.504Z] 442/442 Test #440: cluster_test ................................................................................................} ( http://cv.jenkins.couchbase.com/job/kv_engine.macos/job/neo/298/ )

http://cv.jenkins.couchbase.com/job/kv_engine.ASan-UBSan/job/neo/212/ : FAILURE

One of more core files found at the end of the build. Data for post-mortem saved to archived_core_dumps.tar.bz2 under "Build Artifacts". ( http://cv.jenkins.couchbase.com/job/kv_engine.ASan-UBSan/job/neo/212/ )

http://cv.jenkins.couchbase.com/job/kv_engine-clang_tidy-neo/207/ : SUCCESS

http://cv.jenkins.couchbase.com/job/kv_engine-clang_format_9/16900/ : SUCCESS

http://cv.jenkins.couchbase.com/job/kv_engine-clang_analyzer-neo/205/ : SUCCESS

http://cv.jenkins.couchbase.com/job/kv_engine.libFuzzer/job/neo/206/ : SUCCESS

http://cv.jenkins.couchbase.com/job/kv_engine.linux-CE/job/neo/219/ : SUCCESS

http://cv.jenkins.couchbase.com/job/kv_engine.linux/job/neo/214/ : SUCCESS

http://cv.jenkins.couchbase.com/job/kv_engine.threadsanitizer/job/neo/210/ : SUCCESS

http://cv.jenkins.couchbase.com/job/kv_engine.aarch64-linux/job/neo/202/ : SUCCESS
----------------------------------------------------------------------------------------------------------------------
Author: Build Bot
Date: 2022-05-31 15:39:09.000000000
Message: 
Patch Set 1:

Build Failed 

http://cv.jenkins.couchbase.com/job/kv_engine.macos/job/neo/300/ : FAILURE

Failure of an engine_testapp test:

<pre>
Running [42/159]: file stats post warmup...../kv_engine/engines/ep/tests/ep_testsuite.cc:2328 Test failed: `" (Expected `287539" to be less than or equal to `278528" - Unexpected fileSize for vbucket)
[2022-05-31T15:30:13.687Z] (247 ms) FAIL
</pre>
 ( http://cv.jenkins.couchbase.com/job/kv_engine.macos/job/neo/300/ )

http://cv.jenkins.couchbase.com/job/kv_engine-windows-neo/293/ : FAILURE

Failure of an engine_testapp test:

<pre>
Running [76/93]: test dcp multiple streams...(256 ms) OK


99% tests passed, 1 tests failed out of 422

Total Test time (real) = 350.87 sec

The following tests FAIL
</pre>
 ( http://cv.jenkins.couchbase.com/job/kv_engine-windows-neo/293/ )

Timeout of a CTest test 422/422 Test #289: ep_testsuite_dcp.full_eviction.comp_passive ...................................................................................} ( http://cv.jenkins.couchbase.com/job/kv_engine-windows-neo/293/ )

http://cv.jenkins.couchbase.com/job/kv_engine-clang_tidy-neo/207/ : SUCCESS

http://cv.jenkins.couchbase.com/job/kv_engine-clang_format_9/16900/ : SUCCESS

http://cv.jenkins.couchbase.com/job/kv_engine-clang_analyzer-neo/205/ : SUCCESS

http://cv.jenkins.couchbase.com/job/kv_engine.libFuzzer/job/neo/206/ : SUCCESS

http://cv.jenkins.couchbase.com/job/kv_engine.linux-CE/job/neo/219/ : SUCCESS

http://cv.jenkins.couchbase.com/job/kv_engine.linux/job/neo/214/ : SUCCESS

http://cv.jenkins.couchbase.com/job/kv_engine.threadsanitizer/job/neo/210/ : SUCCESS

http://cv.jenkins.couchbase.com/job/kv_engine.aarch64-linux/job/neo/202/ : SUCCESS

http://cv.jenkins.couchbase.com/job/kv_engine.ASan-UBSan/job/neo/213/ : SUCCESS
----------------------------------------------------------------------------------------------------------------------
Author: Build Bot
Date: 2022-05-31 16:17:42.000000000
Message: 
Patch Set 1:

Build Failed 

http://cv.jenkins.couchbase.com/job/kv_engine.macos/job/neo/301/ : FAILURE

No problems were identified. If you know why this problem occurred, please add a suitable Cause for it. ( http://cv.jenkins.couchbase.com/job/kv_engine.macos/job/neo/301/ )

http://cv.jenkins.couchbase.com/job/kv_engine-clang_tidy-neo/207/ : SUCCESS

http://cv.jenkins.couchbase.com/job/kv_engine-clang_format_9/16900/ : SUCCESS

http://cv.jenkins.couchbase.com/job/kv_engine-clang_analyzer-neo/205/ : SUCCESS

http://cv.jenkins.couchbase.com/job/kv_engine.libFuzzer/job/neo/206/ : SUCCESS

http://cv.jenkins.couchbase.com/job/kv_engine.linux-CE/job/neo/219/ : SUCCESS

http://cv.jenkins.couchbase.com/job/kv_engine.linux/job/neo/214/ : SUCCESS

http://cv.jenkins.couchbase.com/job/kv_engine.threadsanitizer/job/neo/210/ : SUCCESS

http://cv.jenkins.couchbase.com/job/kv_engine.aarch64-linux/job/neo/202/ : SUCCESS

http://cv.jenkins.couchbase.com/job/kv_engine.ASan-UBSan/job/neo/213/ : SUCCESS

http://cv.jenkins.couchbase.com/job/kv_engine-windows-neo/294/ : SUCCESS
----------------------------------------------------------------------------------------------------------------------
Author: Build Bot
Date: 2022-06-01 09:47:09.000000000
Message: 
Patch Set 1:

Build Failed 

http://cv.jenkins.couchbase.com/job/kv_engine.macos/job/neo/304/ : FAILURE

Failure of an engine_testapp test:

<pre>
Running [42/159]: file stats post warmup...../kv_engine/engines/ep/tests/ep_testsuite.cc:2328 Test failed: `" (Expected `317030" to be less than or equal to `286720" - Unexpected fileSize for vbucket)
[2022-06-01T09:17:32.409Z] (243 ms) FAIL
</pre>
 ( http://cv.jenkins.couchbase.com/job/kv_engine.macos/job/neo/304/ )

Timeout of a CTest test [2022-06-01T09:47:00.294Z] 442/442 Test #440: cluster_test ................................................................................................} ( http://cv.jenkins.couchbase.com/job/kv_engine.macos/job/neo/304/ )

http://cv.jenkins.couchbase.com/job/kv_engine-clang_tidy-neo/207/ : SUCCESS

http://cv.jenkins.couchbase.com/job/kv_engine-clang_format_9/16900/ : SUCCESS

http://cv.jenkins.couchbase.com/job/kv_engine-clang_analyzer-neo/205/ : SUCCESS

http://cv.jenkins.couchbase.com/job/kv_engine.libFuzzer/job/neo/206/ : SUCCESS

http://cv.jenkins.couchbase.com/job/kv_engine.linux-CE/job/neo/219/ : SUCCESS

http://cv.jenkins.couchbase.com/job/kv_engine.linux/job/neo/214/ : SUCCESS

http://cv.jenkins.couchbase.com/job/kv_engine.threadsanitizer/job/neo/210/ : SUCCESS

http://cv.jenkins.couchbase.com/job/kv_engine.aarch64-linux/job/neo/202/ : SUCCESS

http://cv.jenkins.couchbase.com/job/kv_engine.ASan-UBSan/job/neo/213/ : SUCCESS

http://cv.jenkins.couchbase.com/job/kv_engine-windows-neo/294/ : SUCCESS
----------------------------------------------------------------------------------------------------------------------
Author: Build Bot
Date: 2022-06-01 13:16:57.000000000
Message: 
Patch Set 1:

Build Failed 

http://cv.jenkins.couchbase.com/job/kv_engine.macos/job/neo/311/ : FAILURE

No problems were identified. If you know why this problem occurred, please add a suitable Cause for it. ( http://cv.jenkins.couchbase.com/job/kv_engine.macos/job/neo/311/ )

http://cv.jenkins.couchbase.com/job/kv_engine-clang_tidy-neo/207/ : SUCCESS

http://cv.jenkins.couchbase.com/job/kv_engine-clang_format_9/16900/ : SUCCESS

http://cv.jenkins.couchbase.com/job/kv_engine-clang_analyzer-neo/205/ : SUCCESS

http://cv.jenkins.couchbase.com/job/kv_engine.libFuzzer/job/neo/206/ : SUCCESS

http://cv.jenkins.couchbase.com/job/kv_engine.linux-CE/job/neo/219/ : SUCCESS

http://cv.jenkins.couchbase.com/job/kv_engine.linux/job/neo/214/ : SUCCESS

http://cv.jenkins.couchbase.com/job/kv_engine.threadsanitizer/job/neo/210/ : SUCCESS

http://cv.jenkins.couchbase.com/job/kv_engine.aarch64-linux/job/neo/202/ : SUCCESS

http://cv.jenkins.couchbase.com/job/kv_engine.ASan-UBSan/job/neo/213/ : SUCCESS

http://cv.jenkins.couchbase.com/job/kv_engine-windows-neo/294/ : SUCCESS
----------------------------------------------------------------------------------------------------------------------
