======================================================================================================================
DESCRIPTION:

MB-55388: Add numBackfillPauses to ById scan complete message

There is a corresponding change to magma to change the logging of ById
scans to Debug from Info. This additional info is needed and is similar
to the change that was done for BySeqno scans.

Change-Id: Icaf162e451df33fdeb307f1ec007ce8c16f41a7c

======================================================================================================================
COMMENTS
======================================================================================================================
Author: Scott Lashley
Date: 2023-02-28 00:48:52.000000000
Message: 
Uploaded patch set 1.
----------------------------------------------------------------------------------------------------------------------
Author: Build Bot
Date: 2023-02-28 01:15:38.000000000
Message: 
Patch Set 1: Verified-1

Build Failed 

https://cv.jenkins.couchbase.com/job/kv_engine-windows-master/52235/ : FAILURE

Failure of GoogleTest "TransportProtocols/StatsTest.MB37147_TestEWBReturnFromStat/McbpSsl":

<pre>
[ RUN      ] TransportProtocols/StatsTest.MB37147_TestEWBReturnFromStat/McbpSsl
C:/Jenkins/workspace/kv_engine-windows-master/kv_engine/tests/testapp/testapp_stats.cc(302): error: Value of: stats.empty()
  Actual: true
Expected: false
[  FAILED  ] TransportProtocols/StatsTest.MB37147_TestEWBReturnFromStat/McbpSsl, where GetParam() = McbpSsl (5 ms)
TransportProtocols/StatsTest.MB37147_TestEWBReturnFromStat/McbpSsl
</pre>
 ( https://cv.jenkins.couchbase.com/job/kv_engine-windows-master/52235/ )

https://cv.jenkins.couchbase.com/job/kv_engine.linux-debug/job/master/1594/ : FAILURE

Failure of GoogleTest "EphemeralOrPersistent/BucketQuotaChangeTest.QuotaChangeDownMemoryUsageHigh/magma_persistent_full_eviction":

<pre>
[ RUN      ] EphemeralOrPersistent/BucketQuotaChangeTest.QuotaChangeDownMemoryUsageHigh/magma_persistent_full_eviction
[2023-02-28T01:01:10.466Z] ../kv_engine/engines/ep/tests/module_tests/evp_store_single_threaded_test.cc:134: Failure
[2023-02-28T01:01:10.466Z] Expected: (0) != (cb::ArenaMalloc::getPreciseAllocated(engine->getArenaMallocClient(), cb::MemoryDomain::Primary)), actual: 0 vs 0
[2023-02-28T01:01:10.466Z] [  FAILED  ] EphemeralOrPersistent/BucketQuotaChangeTest.QuotaChangeDownMemoryUsageHigh/magma_persistent_full_eviction, where GetParam() = "backend=magma:bucket_type=persistent:item_eviction_policy=full_eviction" (743 ms)
EphemeralOrPersistent/BucketQuotaChangeTest.QuotaChangeDownMemoryUsageHigh/magma_persistent_full_eviction
</pre>
 ( https://cv.jenkins.couchbase.com/job/kv_engine.linux-debug/job/master/1594/ )

Timeout of a CTest test [2023-02-28T01:05:26.146Z]   9/480 Test #277: ep-engine_ep_unit_tests.EphemeralOrPersistent/STItemPagerTest ...........................................} ( https://cv.jenkins.couchbase.com/job/kv_engine.linux-debug/job/master/1594/ )

https://cv.jenkins.couchbase.com/job/kv_engine-clang_tidy-master/22800/ : SUCCESS

https://cv.jenkins.couchbase.com/job/kv_engine-clang_analyzer-master/43817/ : SUCCESS

https://cv.jenkins.couchbase.com/job/kv_engine-clang_format_9/23002/ : SUCCESS

https://cv.jenkins.couchbase.com/job/kv_engine.libFuzzer/job/master/12531/ : SUCCESS

https://cv.jenkins.couchbase.com/job/kv_engine.aarch64-linux/job/master/12610/ : SUCCESS

https://cv.jenkins.couchbase.com/job/kv_engine.macos/job/master/24428/ : SUCCESS

https://cv.jenkins.couchbase.com/job/kv_engine.linux-CE/job/master/24861/ : SUCCESS

https://cv.jenkins.couchbase.com/job/kv_engine.threadsanitizer/job/master/26169/ : SUCCESS

https://cv.jenkins.couchbase.com/job/kv_engine.linux/job/master/25311/ : SUCCESS

https://cv.jenkins.couchbase.com/job/kv_engine.ASan-UBSan/job/master/33277/ : SUCCESS
----------------------------------------------------------------------------------------------------------------------
Author: Build Bot
Date: 2023-02-28 01:42:20.000000000
Message: 
Patch Set 1:

Build Failed 

https://cv.jenkins.couchbase.com/job/kv_engine-windows-master/52236/ : FAILURE

No problems were identified. If you know why this problem occurred, please add a suitable Cause for it. ( https://cv.jenkins.couchbase.com/job/kv_engine-windows-master/52236/ )

https://cv.jenkins.couchbase.com/job/kv_engine.linux-debug/job/master/1595/ : FAILURE

Failure of an engine_testapp test:

<pre>
Running [7/156]: expiry_no_items_warmup.../usr/bin/timeout: the monitored command dumped core
[2023-02-28T01:38:56.564Z] 
[2023-02-28T01:39:04.698Z] 479/480 Test #439: memcached_testapp.ep.SDPerf/SubdocPerfTest ..............................................................   Passed  124.85 sec
[2023-02-28T01:39:04.699Z]         Start 477: cluster_test
[2023-02-28T01:39:19.600Z] 480/480 Test #477: cluster_test ............................................................................................   Passed   14.73 sec
[2023-02-28T01:39:19.600Z] 
[2023-02-28T01:39:19.600Z] 99% tests passed, 1 tests failed out of 480
[2023-02-28T01:39:19.600Z] 
[2023-02-28T01:39:19.600Z] Total Test time (real) = 519.82 sec
[2023-02-28T01:39:19.600Z] 
[2023-02-28T01:39:19.600Z] The following tests FAIL
</pre>
 ( https://cv.jenkins.couchbase.com/job/kv_engine.linux-debug/job/master/1595/ )

One of more core files found at the end of the build. Data for post-mortem saved to archived_core_dumps.tar.bz2 under "Build Artifacts". ( https://cv.jenkins.couchbase.com/job/kv_engine.linux-debug/job/master/1595/ )

Test exceeded the timeout:
[2023-02-28T01:38:56.564Z] Running [7/156]: expiry_no_items_warmup.../usr/bin/timeout: the monitored command dumped core ( https://cv.jenkins.couchbase.com/job/kv_engine.linux-debug/job/master/1595/ )

https://cv.jenkins.couchbase.com/job/kv_engine-clang_tidy-master/22800/ : SUCCESS

https://cv.jenkins.couchbase.com/job/kv_engine-clang_analyzer-master/43817/ : SUCCESS

https://cv.jenkins.couchbase.com/job/kv_engine-clang_format_9/23002/ : SUCCESS

https://cv.jenkins.couchbase.com/job/kv_engine.libFuzzer/job/master/12531/ : SUCCESS

https://cv.jenkins.couchbase.com/job/kv_engine.aarch64-linux/job/master/12610/ : SUCCESS

https://cv.jenkins.couchbase.com/job/kv_engine.macos/job/master/24428/ : SUCCESS

https://cv.jenkins.couchbase.com/job/kv_engine.linux-CE/job/master/24861/ : SUCCESS

https://cv.jenkins.couchbase.com/job/kv_engine.threadsanitizer/job/master/26169/ : SUCCESS

https://cv.jenkins.couchbase.com/job/kv_engine.linux/job/master/25311/ : SUCCESS

https://cv.jenkins.couchbase.com/job/kv_engine.ASan-UBSan/job/master/33277/ : SUCCESS
----------------------------------------------------------------------------------------------------------------------
Author: Rohan Suri
Date: 2023-02-28 03:58:13.000000000
Message: 
Patch Set 1:

(1 comment)
Line:156, engines/ep/src/dcp/backfill_by_id_disk.cc -> Looks like we don't need any change in KV?
completeOSOBackfill calls completeBackfillInner which already is logging the getNumBackfillPauses.

line 1937 of active_stream.cc

----------------------------------------------------------------------------------------------------------------------
Author: Build Bot
Date: 2023-02-28 05:20:13.000000000
Message: 
Patch Set 1:

Build Failed 

https://cv.jenkins.couchbase.com/job/kv_engine-windows-master/52237/ : FAILURE

Failure of GoogleTest "EphemeralOrPersistent/BucketQuotaChangeTest.QuotaChangeDownMemoryUsageHigh/magma_persistent_full_eviction":

<pre>
[ RUN      ] EphemeralOrPersistent/BucketQuotaChangeTest.QuotaChangeDownMemoryUsageHigh/magma_persistent_full_eviction
..\kv_engine\engines\ep\tests\module_tests\evp_store_single_threaded_test.cc(137): error: Expected: (0) != (cb::ArenaMalloc::getPreciseAllocated(engine->getArenaMallocClient(), cb::MemoryDomain::Primary)), actual: 0 vs 0
[  FAILED  ] EphemeralOrPersistent/BucketQuotaChangeTest.QuotaChangeDownMemoryUsageHigh/magma_persistent_full_eviction, where GetParam() = "backend=magma:bucket_type=persistent:item_eviction_policy=full_eviction" (104 ms)
EphemeralOrPersistent/BucketQuotaChangeTest.QuotaChangeDownMemoryUsageHigh/magma_persistent_full_eviction
</pre>
 ( https://cv.jenkins.couchbase.com/job/kv_engine-windows-master/52237/ )

https://cv.jenkins.couchbase.com/job/kv_engine-clang_tidy-master/22800/ : SUCCESS

https://cv.jenkins.couchbase.com/job/kv_engine-clang_analyzer-master/43817/ : SUCCESS

https://cv.jenkins.couchbase.com/job/kv_engine-clang_format_9/23002/ : SUCCESS

https://cv.jenkins.couchbase.com/job/kv_engine.libFuzzer/job/master/12531/ : SUCCESS

https://cv.jenkins.couchbase.com/job/kv_engine.aarch64-linux/job/master/12610/ : SUCCESS

https://cv.jenkins.couchbase.com/job/kv_engine.macos/job/master/24428/ : SUCCESS

https://cv.jenkins.couchbase.com/job/kv_engine.linux-CE/job/master/24861/ : SUCCESS

https://cv.jenkins.couchbase.com/job/kv_engine.threadsanitizer/job/master/26169/ : SUCCESS

https://cv.jenkins.couchbase.com/job/kv_engine.linux/job/master/25311/ : SUCCESS

https://cv.jenkins.couchbase.com/job/kv_engine.ASan-UBSan/job/master/33277/ : SUCCESS

https://cv.jenkins.couchbase.com/job/kv_engine.linux-debug/job/master/1596/ : SUCCESS
----------------------------------------------------------------------------------------------------------------------
Author: Scott Lashley
Date: 2023-02-28 05:33:30.000000000
Message: 
Patch Set 1:

(1 comment)
Line:156, engines/ep/src/dcp/backfill_by_id_disk.cc -> Wasn't sure that comes out for ByID scans. If it does, then, the only change is magma.

----------------------------------------------------------------------------------------------------------------------
Author: Scott Lashley
Date: 2023-02-28 05:38:49.000000000
Message: 
Abandoned
----------------------------------------------------------------------------------------------------------------------
Author: Build Bot
Date: 2023-02-28 05:48:56.000000000
Message: 
Patch Set 1:

Build Failed 

https://cv.jenkins.couchbase.com/job/kv_engine-windows-master/52238/ : FAILURE

Failure of GoogleTest "EphemeralOrPersistent/BucketQuotaChangeTest.QuotaChangeDownMemoryUsageHigh/magma_persistent_full_eviction":

<pre>
[ RUN      ] EphemeralOrPersistent/BucketQuotaChangeTest.QuotaChangeDownMemoryUsageHigh/magma_persistent_full_eviction
..\kv_engine\engines\ep\tests\module_tests\evp_store_single_threaded_test.cc(137): error: Expected: (0) != (cb::ArenaMalloc::getPreciseAllocated(engine->getArenaMallocClient(), cb::MemoryDomain::Primary)), actual: 0 vs 0
[  FAILED  ] EphemeralOrPersistent/BucketQuotaChangeTest.QuotaChangeDownMemoryUsageHigh/magma_persistent_full_eviction, where GetParam() = "backend=magma:bucket_type=persistent:item_eviction_policy=full_eviction" (253 ms)
EphemeralOrPersistent/BucketQuotaChangeTest.QuotaChangeDownMemoryUsageHigh/magma_persistent_full_eviction
</pre>
 ( https://cv.jenkins.couchbase.com/job/kv_engine-windows-master/52238/ )

https://cv.jenkins.couchbase.com/job/kv_engine-clang_tidy-master/22800/ : SUCCESS

https://cv.jenkins.couchbase.com/job/kv_engine-clang_analyzer-master/43817/ : SUCCESS

https://cv.jenkins.couchbase.com/job/kv_engine-clang_format_9/23002/ : SUCCESS

https://cv.jenkins.couchbase.com/job/kv_engine.libFuzzer/job/master/12531/ : SUCCESS

https://cv.jenkins.couchbase.com/job/kv_engine.aarch64-linux/job/master/12610/ : SUCCESS

https://cv.jenkins.couchbase.com/job/kv_engine.macos/job/master/24428/ : SUCCESS

https://cv.jenkins.couchbase.com/job/kv_engine.linux-CE/job/master/24861/ : SUCCESS

https://cv.jenkins.couchbase.com/job/kv_engine.threadsanitizer/job/master/26169/ : SUCCESS

https://cv.jenkins.couchbase.com/job/kv_engine.linux/job/master/25311/ : SUCCESS

https://cv.jenkins.couchbase.com/job/kv_engine.ASan-UBSan/job/master/33277/ : SUCCESS

https://cv.jenkins.couchbase.com/job/kv_engine.linux-debug/job/master/1596/ : SUCCESS
----------------------------------------------------------------------------------------------------------------------
