======================================================================================================================
DESCRIPTION:

MB-41804: Use 'Pagable' mem_used & watermark

TODO: Also include pending vbuckets (only mattters during topology
changes)

Change-Id: I96d7be615bca3b53bf31597a93aada0bcf202ea9

======================================================================================================================
COMMENTS
======================================================================================================================
Author: James H
Date: 2020-10-07 12:31:10.000000000
Message: 
Uploaded patch set 2.
----------------------------------------------------------------------------------------------------------------------
Author: Build Bot
Date: 2020-10-07 12:31:20.000000000
Message: 
Patch Set 2:

Branch restricted. PLEASE READ this URL: 

http://server.jenkins.couchbase.com/job/restricted-branch-check/204047/artifact/restricted.html : FAILURE
----------------------------------------------------------------------------------------------------------------------
Author: Build Bot
Date: 2020-10-07 13:42:06.000000000
Message: 
Patch Set 2: Verified-1

Build Failed 

http://cv.jenkins.couchbase.com/job/kv_engine-windows-alice/223/ : FAILURE

Failure of an engine_testapp test:

<pre>
Running [0152/0154]: test MB-33919 past tombstone (couchstore)...(169 ms) OK


99% tests passed, 2 tests failed out of 173

Total Test time (real) = 1859.16 sec

The following tests FAIL
</pre>
 ( http://cv.jenkins.couchbase.com/job/kv_engine-windows-alice/223/ )

Failure of GoogleTest "EphemeralOrPersistent/STItemPagerTest.ReplicaItemsVisitedFirst/0":

<pre>
[ RUN      ] EphemeralOrPersistent/STItemPagerTest.ReplicaItemsVisitedFirst/0
unknown file: error: C++ exception with description "CheckedExecutor failed fetchNextTask" thrown in the test body.
[  FAILED  ] EphemeralOrPersistent/STItemPagerTest.ReplicaItemsVisitedFirst/0, where GetParam() = ("ephemeral", "auto_delete") (31 ms)
EphemeralOrPersistent/STItemPagerTest.ReplicaItemsVisitedFirst/0
</pre>
 ( http://cv.jenkins.couchbase.com/job/kv_engine-windows-alice/223/ )

Timeout of a CTest test 173/173 Test  #28: ep_testsuite.full_eviction.comp_passive ......................................} ( http://cv.jenkins.couchbase.com/job/kv_engine-windows-alice/223/ )

Failure of a CTest test  23/173 Test  #22: ep-engine_ep_unit_tests ...................................................... ( http://cv.jenkins.couchbase.com/job/kv_engine-windows-alice/223/ )

http://cv.jenkins.couchbase.com/job/kv_engine-threadsanitizer-alice/260/ : FAILURE

Failure of an engine_testapp test:

<pre>
Running [0036/0154]: test access scanner (couchstore)...Expected 2900 curr_items after Wrong number of items, got 2899
(1302 ms) DIED
</pre>
 ( http://cv.jenkins.couchbase.com/job/kv_engine-threadsanitizer-alice/260/ )

Failure of a CTest test  28/171 Test  #27: ep_testsuite.value_eviction.comp_off ......................................... ( http://cv.jenkins.couchbase.com/job/kv_engine-threadsanitizer-alice/260/ )

http://cv.jenkins.couchbase.com/job/kv_engine-linux-alice/182/ : FAILURE

Failure of GoogleTest "EphemeralOrPersistent/STItemPagerTest.ReplicaItemsVisitedFirst/0":

<pre>
[ RUN      ] EphemeralOrPersistent/STItemPagerTest.ReplicaItemsVisitedFirst/0
unknown file: Failure
C++ exception with description "CheckedExecutor failed fetchNextTask" thrown in the test body.
[  FAILED  ] EphemeralOrPersistent/STItemPagerTest.ReplicaItemsVisitedFirst/0, where GetParam() = ("ephemeral", "auto_delete") (5 ms)
EphemeralOrPersistent/STItemPagerTest.ReplicaItemsVisitedFirst/0
</pre>
 ( http://cv.jenkins.couchbase.com/job/kv_engine-linux-alice/182/ )

Failure of a CTest test  24/181 Test  #25: ep-engine_ep_unit_tests ...................................................... ( http://cv.jenkins.couchbase.com/job/kv_engine-linux-alice/182/ )

http://cv.jenkins.couchbase.com/job/kv_engine-undefinedsanitizer-alice/176/ : FAILURE

Failure of GoogleTest "EphemeralOrPersistent/STItemPagerTest.ReplicaItemsVisitedFirst/0":

<pre>
[ RUN      ] EphemeralOrPersistent/STItemPagerTest.ReplicaItemsVisitedFirst/0
unknown file: Failure
C++ exception with description "CheckedExecutor failed fetchNextTask" thrown in the test body.
[  FAILED  ] EphemeralOrPersistent/STItemPagerTest.ReplicaItemsVisitedFirst/0, where GetParam() = ("ephemeral", "auto_delete") (7 ms)
EphemeralOrPersistent/STItemPagerTest.ReplicaItemsVisitedFirst/0
</pre>
 ( http://cv.jenkins.couchbase.com/job/kv_engine-undefinedsanitizer-alice/176/ )

Undefined Sanitizer: home/couchbase/jenkins/workspace/kv_engine-undefinedsanitizer-alice/kv_engine/engines/ep/tests/module_tests/defragmenter_test.cc:69:40: runtime error: member call on address 0x7f997b38f000 which does not point to an object of type "DefragmenterTest" ( http://cv.jenkins.couchbase.com/job/kv_engine-undefinedsanitizer-alice/176/ )

Failure of a CTest test  25/171 Test  #24: ep-engine_ep_unit_tests ...................................................... ( http://cv.jenkins.couchbase.com/job/kv_engine-undefinedsanitizer-alice/176/ )

http://cv.jenkins.couchbase.com/job/kv_engine-clang_analyzer-alice/166/ : SUCCESS

http://cv.jenkins.couchbase.com/job/kv_engine-addresssanitizer-alice/175/ : SUCCESS

http://cv.jenkins.couchbase.com/job/kv_engine-clang_format/26069/ : SUCCESS
----------------------------------------------------------------------------------------------------------------------
