======================================================================================================================
DESCRIPTION:

Use runInEventBaseThread for release()

The release method of the server API may use the functionality
provided by the runInEventBaseThread to make sure it runs in
the right context and won't race with the connection.

Change-Id: Ic0b1a4c024f7e3a10de1e7e502063bec00a3023a

======================================================================================================================
COMMENTS
======================================================================================================================
Author: Trond Norbye
Date: 2021-05-07 14:08:38.000000000
Message: 
Uploaded patch set 20: Patch Set 19 was rebased.
----------------------------------------------------------------------------------------------------------------------
Author: Build Bot
Date: 2021-05-07 16:20:29.000000000
Message: 
Patch Set 20: Verified-1

Build Failed 

http://cv.jenkins.couchbase.com/job/kv_engine-windows-master/35697/ : FAILURE

Failure of an engine_testapp test:

<pre>
Running [0021/0047]: replace...(70 ms) OK

        Start 400: memcached_testapp.ep.TransportProtocols/XattrNoDocTest
397/407 Test #398: memcached_testapp.ep.TransportProtocols/WithMetaTest ..........................................................................   Passed    3.32 sec
        Start 401: memcached_testapp.ep.TransportProtocols/XattrNoDocDurabilityTest
398/407 Test #400: memcached_testapp.ep.TransportProtocols/XattrNoDocTest ........................................................................   Passed    1.56 sec
        Start 402: memcached_testapp.ep.TransportProtocols/XattrDisabledTest
399/407 Test #399: memcached_testapp.ep.TransportProtocols/XattrTest .............................................................................   Passed    3.68 sec
        Start 403: testapp_auth_provider_test
400/407 Test #403: testapp_auth_provider_test ....................................................................................................   Passed    0.06 sec
        Start 404: cluster_test
401/407 Test #401: memcached_testapp.ep.TransportProtocols/XattrNoDocDurabilityTest ..............................................................   Passed    1.27 sec
        Start 405: memcached_topkeys_test
402/407 Test #405: memcached_topkeys_test ........................................................................................................   Passed    0.16 sec
        Start 406: memcached_unsigned_leb128_test
403/407 Test #406: memcached_unsigned_leb128_test ................................................................................................   Passed    0.07 sec
        Start 407: memcached-hostutils-test
404/407 Test #407: memcached-hostutils-test ......................................................................................................   Passed    0.06 sec
405/407 Test #402: memcached_testapp.ep.TransportProtocols/XattrDisabledTest .....................................................................   Passed    0.92 sec
406/407 Test #404: cluster_test ..................................................................................................................   Passed   14.77 sec
407/407 Test #392: memcached_testapp.ep.SDPerf/SubdocPerfTest ....................................................................................   Passed   29.99 sec

99% tests passed, 1 tests failed out of 407

Total Test time (real) = 556.04 sec

The following tests FAIL
</pre>
 ( http://cv.jenkins.couchbase.com/job/kv_engine-windows-master/35697/ )

Timeout of a CTest test 396/407 Test #258: ep_testsuite_basic.full_eviction.comp_active ..................................................................................} ( http://cv.jenkins.couchbase.com/job/kv_engine-windows-master/35697/ )

http://cv.jenkins.couchbase.com/job/kv_engine-clang_tidy/8867/ : SUCCESS

http://cv.jenkins.couchbase.com/job/kv_engine-clang_format_9/7419/ : SUCCESS

http://cv.jenkins.couchbase.com/job/kv_engine-clang_analyzer-master/30527/ : SUCCESS

http://cv.jenkins.couchbase.com/job/kv_engine.linux-CE/job/master/10415/ : SUCCESS

http://cv.jenkins.couchbase.com/job/kv_engine.linux/job/master/10555/ : SUCCESS

http://cv.jenkins.couchbase.com/job/kv_engine.macos/job/master/9484/ : SUCCESS

http://cv.jenkins.couchbase.com/job/kv_engine.threadsanitizer/job/master/10806/ : SUCCESS

http://cv.jenkins.couchbase.com/job/kv_engine.ASan-UBSan/job/master/18365/ : SUCCESS
----------------------------------------------------------------------------------------------------------------------
Author: Build Bot
Date: 2021-05-10 11:50:21.000000000
Message: 
Patch Set 20:

Build Failed 

http://cv.jenkins.couchbase.com/job/kv_engine-windows-master/35727/ : FAILURE

Failure of an engine_testapp test:

<pre>
Running [0016/0096]: test dcp replica stream one collection...WARNING: Logging before InitGoogleLogging() is written to STDERR
E0510 04:46:26.251978 83568 NotificationQueue.h:555] [NotificationQueue] Unexpected state while draining signals: signal_=1 bytes_read=0
(92 ms) OK


99% tests passed, 1 tests failed out of 407

Total Test time (real) = 297.54 sec

The following tests FAIL
</pre>
 ( http://cv.jenkins.couchbase.com/job/kv_engine-windows-master/35727/ )

Timeout of a CTest test 407/407 Test #266: ep_testsuite_dcp.full_eviction.comp_active ....................................................................................} ( http://cv.jenkins.couchbase.com/job/kv_engine-windows-master/35727/ )

http://cv.jenkins.couchbase.com/job/kv_engine-clang_tidy/8867/ : SUCCESS

http://cv.jenkins.couchbase.com/job/kv_engine-clang_format_9/7419/ : SUCCESS

http://cv.jenkins.couchbase.com/job/kv_engine-clang_analyzer-master/30527/ : SUCCESS

http://cv.jenkins.couchbase.com/job/kv_engine.linux-CE/job/master/10415/ : SUCCESS

http://cv.jenkins.couchbase.com/job/kv_engine.linux/job/master/10555/ : SUCCESS

http://cv.jenkins.couchbase.com/job/kv_engine.macos/job/master/9484/ : SUCCESS

http://cv.jenkins.couchbase.com/job/kv_engine.threadsanitizer/job/master/10806/ : SUCCESS

http://cv.jenkins.couchbase.com/job/kv_engine.ASan-UBSan/job/master/18365/ : SUCCESS
----------------------------------------------------------------------------------------------------------------------
Author: Build Bot
Date: 2021-05-10 12:58:25.000000000
Message: 
Patch Set 20: Verified+1

Build Successful 

http://cv.jenkins.couchbase.com/job/kv_engine-clang_tidy/8867/ : SUCCESS

http://cv.jenkins.couchbase.com/job/kv_engine-clang_format_9/7419/ : SUCCESS

http://cv.jenkins.couchbase.com/job/kv_engine-clang_analyzer-master/30527/ : SUCCESS

http://cv.jenkins.couchbase.com/job/kv_engine.linux-CE/job/master/10415/ : SUCCESS

http://cv.jenkins.couchbase.com/job/kv_engine.linux/job/master/10555/ : SUCCESS

http://cv.jenkins.couchbase.com/job/kv_engine.macos/job/master/9484/ : SUCCESS

http://cv.jenkins.couchbase.com/job/kv_engine.threadsanitizer/job/master/10806/ : SUCCESS

http://cv.jenkins.couchbase.com/job/kv_engine.ASan-UBSan/job/master/18365/ : SUCCESS

http://cv.jenkins.couchbase.com/job/kv_engine-windows-master/35732/ : SUCCESS
----------------------------------------------------------------------------------------------------------------------
