======================================================================================================================
DESCRIPTION:

MB-49512: Cancel compactions during shutdown

So that we don't have to wait for them to finish to shut down
the bucket.

Change-Id: I333d9fa320ba6fde0049b35c8f8592e58b149930

======================================================================================================================
COMMENTS
======================================================================================================================
Author: Ben Huddleston
Date: 2022-02-09 19:50:01.000000000
Message: 
Uploaded patch set 3.
----------------------------------------------------------------------------------------------------------------------
Author: Build Bot
Date: 2022-02-09 20:07:39.000000000
Message: 
Patch Set 3: Verified-1

Build Failed 

http://cv.jenkins.couchbase.com/job/kv_engine-windows-master/43743/ : FAILURE

Failure of an engine_testapp test:

<pre>
Running [0157/0159]: test reader thread starvation during warmup due to low reader threads...Exceeded maximum wait time of 60000000us waiting for stat "ep_persist_vbstate_total" to be greater or equal than 1 (last value:0) - aborting.
</pre>
 ( http://cv.jenkins.couchbase.com/job/kv_engine-windows-master/43743/ )

http://cv.jenkins.couchbase.com/job/kv_engine.macos/job/master/16282/ : FAILURE

Failure of GoogleTest "TransportProtocols/SaslTest.SinglePLAIN/Mcbp":

<pre>
[ RUN      ] TransportProtocols/SaslTest.SinglePLAIN/Mcbp
[2022-02-09T20:06:48.117Z] WARNING: Logging before InitGoogleLogging() is written to STDERR
[2022-02-09T20:06:48.117Z] W0209 20:01:49.369527 35475456 HazptrDomain.h:670] Using the default inline executor for asynchronous reclamation may be susceptible to deadlock if the current thread happens to hold a resource needed by the deleter of a reclaimable object
[2022-02-09T20:06:48.117Z] unknown file: Failure
[2022-02-09T20:06:48.117Z] C++ exception with description "MemcachedConnection::recvFrame(): Timed out after waiting 20000ms for a response for DELETE_BUCKET" thrown in TearDown().
[2022-02-09T20:06:48.117Z] [  FAILED  ] TransportProtocols/SaslTest.SinglePLAIN/Mcbp, where GetParam() = Mcbp (20013 ms)
TransportProtocols/SaslTest.SinglePLAIN/Mcbp
</pre>
 ( http://cv.jenkins.couchbase.com/job/kv_engine.macos/job/master/16282/ )

Timeout of a CTest test [2022-02-09T20:06:48.117Z] 441/441 Test #358: memcached_testapp.default.TransportProtocols/SaslTest .......................................................} ( http://cv.jenkins.couchbase.com/job/kv_engine.macos/job/master/16282/ )

http://cv.jenkins.couchbase.com/job/kv_engine.ASan-UBSan/job/master/25603/ : FAILURE

One of more core files found at the end of the build. Data for post-mortem saved to archived_core_dumps.tar.bz2 under "Build Artifacts". ( http://cv.jenkins.couchbase.com/job/kv_engine.ASan-UBSan/job/master/25603/ )

Test exceeded the timeout:
[2022-02-09T19:57:29.294Z] /usr/bin/timeout: the monitored command dumped core ( http://cv.jenkins.couchbase.com/job/kv_engine.ASan-UBSan/job/master/25603/ )

http://cv.jenkins.couchbase.com/job/kv_engine-clang_format_9/14309/ : SUCCESS

http://cv.jenkins.couchbase.com/job/kv_engine-clang_tidy-master/15465/ : SUCCESS

http://cv.jenkins.couchbase.com/job/kv_engine-clang_analyzer-master/36904/ : SUCCESS

http://cv.jenkins.couchbase.com/job/kv_engine.linux/job/master/17504/ : SUCCESS

http://cv.jenkins.couchbase.com/job/kv_engine.libFuzzer/job/master/5115/ : SUCCESS

http://cv.jenkins.couchbase.com/job/kv_engine.linux-CE/job/master/17195/ : SUCCESS

http://cv.jenkins.couchbase.com/job/kv_engine.aarch64-linux/job/master/5173/ : SUCCESS

http://cv.jenkins.couchbase.com/job/kv_engine.threadsanitizer/job/master/18242/ : SUCCESS
----------------------------------------------------------------------------------------------------------------------
Author: Build Bot
Date: 2022-02-10 09:14:52.000000000
Message: 
Patch Set 3:

Build Failed 

http://cv.jenkins.couchbase.com/job/kv_engine-windows-master/43757/ : FAILURE

Failure of an engine_testapp test:

<pre>
Running [0026/0093]: test producer stream request (memory only)...(97 ms) OK


99% tests passed, 2 tests failed out of 421

Total Test time (real) = 342.10 sec

The following tests FAIL
</pre>
 ( http://cv.jenkins.couchbase.com/job/kv_engine-windows-master/43757/ )

Timeout of a CTest test 421/421 Test #289: ep_testsuite_dcp.full_eviction.comp_active ....................................................................................} ( http://cv.jenkins.couchbase.com/job/kv_engine-windows-master/43757/ )

http://cv.jenkins.couchbase.com/job/kv_engine-clang_format_9/14309/ : SUCCESS

http://cv.jenkins.couchbase.com/job/kv_engine-clang_tidy-master/15465/ : SUCCESS

http://cv.jenkins.couchbase.com/job/kv_engine-clang_analyzer-master/36904/ : SUCCESS

http://cv.jenkins.couchbase.com/job/kv_engine.linux/job/master/17504/ : SUCCESS

http://cv.jenkins.couchbase.com/job/kv_engine.libFuzzer/job/master/5115/ : SUCCESS

http://cv.jenkins.couchbase.com/job/kv_engine.linux-CE/job/master/17195/ : SUCCESS

http://cv.jenkins.couchbase.com/job/kv_engine.aarch64-linux/job/master/5173/ : SUCCESS

http://cv.jenkins.couchbase.com/job/kv_engine.threadsanitizer/job/master/18242/ : SUCCESS

http://cv.jenkins.couchbase.com/job/kv_engine.ASan-UBSan/job/master/25613/ : SUCCESS

http://cv.jenkins.couchbase.com/job/kv_engine.macos/job/master/16292/ : SUCCESS
----------------------------------------------------------------------------------------------------------------------
Author: Build Bot
Date: 2022-02-10 09:42:48.000000000
Message: 
Patch Set 3:

Build Failed 

http://cv.jenkins.couchbase.com/job/kv_engine-windows-master/43760/ : FAILURE

Failure of an engine_testapp test:

<pre>
Running [0122/0159]: test add ret meta error...(156 ms) OK


99% tests passed, 1 tests failed out of 421

Total Test time (real) = 684.74 sec

The following tests FAIL
</pre>
 ( http://cv.jenkins.couchbase.com/job/kv_engine-windows-master/43760/ )

Timeout of a CTest test 421/421 Test #277: ep_testsuite.full_eviction.magma ..............................................................................................} ( http://cv.jenkins.couchbase.com/job/kv_engine-windows-master/43760/ )

http://cv.jenkins.couchbase.com/job/kv_engine-clang_format_9/14309/ : SUCCESS

http://cv.jenkins.couchbase.com/job/kv_engine-clang_tidy-master/15465/ : SUCCESS

http://cv.jenkins.couchbase.com/job/kv_engine-clang_analyzer-master/36904/ : SUCCESS

http://cv.jenkins.couchbase.com/job/kv_engine.linux/job/master/17504/ : SUCCESS

http://cv.jenkins.couchbase.com/job/kv_engine.libFuzzer/job/master/5115/ : SUCCESS

http://cv.jenkins.couchbase.com/job/kv_engine.linux-CE/job/master/17195/ : SUCCESS

http://cv.jenkins.couchbase.com/job/kv_engine.aarch64-linux/job/master/5173/ : SUCCESS

http://cv.jenkins.couchbase.com/job/kv_engine.threadsanitizer/job/master/18242/ : SUCCESS

http://cv.jenkins.couchbase.com/job/kv_engine.ASan-UBSan/job/master/25613/ : SUCCESS

http://cv.jenkins.couchbase.com/job/kv_engine.macos/job/master/16292/ : SUCCESS
----------------------------------------------------------------------------------------------------------------------
Author: Build Bot
Date: 2022-02-10 10:00:54.000000000
Message: 
Patch Set 3:

Build Failed 

http://cv.jenkins.couchbase.com/job/kv_engine-windows-master/43764/ : FAILURE

Failure of an engine_testapp test:

<pre>
Running [0026/0093]: test producer stream request (memory only)...(110 ms) OK


99% tests passed, 1 tests failed out of 421

Total Test time (real) = 347.21 sec

The following tests FAIL
</pre>
 ( http://cv.jenkins.couchbase.com/job/kv_engine-windows-master/43764/ )

Timeout of a CTest test 421/421 Test #288: ep_testsuite_dcp.full_eviction.comp_passive ...................................................................................} ( http://cv.jenkins.couchbase.com/job/kv_engine-windows-master/43764/ )

http://cv.jenkins.couchbase.com/job/kv_engine-clang_format_9/14309/ : SUCCESS

http://cv.jenkins.couchbase.com/job/kv_engine-clang_tidy-master/15465/ : SUCCESS

http://cv.jenkins.couchbase.com/job/kv_engine-clang_analyzer-master/36904/ : SUCCESS

http://cv.jenkins.couchbase.com/job/kv_engine.linux/job/master/17504/ : SUCCESS

http://cv.jenkins.couchbase.com/job/kv_engine.libFuzzer/job/master/5115/ : SUCCESS

http://cv.jenkins.couchbase.com/job/kv_engine.linux-CE/job/master/17195/ : SUCCESS

http://cv.jenkins.couchbase.com/job/kv_engine.aarch64-linux/job/master/5173/ : SUCCESS

http://cv.jenkins.couchbase.com/job/kv_engine.threadsanitizer/job/master/18242/ : SUCCESS

http://cv.jenkins.couchbase.com/job/kv_engine.ASan-UBSan/job/master/25613/ : SUCCESS

http://cv.jenkins.couchbase.com/job/kv_engine.macos/job/master/16292/ : SUCCESS
----------------------------------------------------------------------------------------------------------------------
Author: Build Bot
Date: 2022-02-10 10:26:20.000000000
Message: 
Patch Set 3:

Build Failed 

http://cv.jenkins.couchbase.com/job/kv_engine-windows-master/43768/ : FAILURE

Failure of an engine_testapp test:

<pre>
Running [0133/0159]: test del with item_eviction...(94 ms) SKIPPED


99% tests passed, 1 tests failed out of 421

Total Test time (real) = 688.55 sec

The following tests FAIL
</pre>
 ( http://cv.jenkins.couchbase.com/job/kv_engine-windows-master/43768/ )

Timeout of a CTest test 421/421 Test #276: ep_testsuite.value_eviction.magma .............................................................................................} ( http://cv.jenkins.couchbase.com/job/kv_engine-windows-master/43768/ )

http://cv.jenkins.couchbase.com/job/kv_engine-clang_format_9/14309/ : SUCCESS

http://cv.jenkins.couchbase.com/job/kv_engine-clang_tidy-master/15465/ : SUCCESS

http://cv.jenkins.couchbase.com/job/kv_engine-clang_analyzer-master/36904/ : SUCCESS

http://cv.jenkins.couchbase.com/job/kv_engine.linux/job/master/17504/ : SUCCESS

http://cv.jenkins.couchbase.com/job/kv_engine.libFuzzer/job/master/5115/ : SUCCESS

http://cv.jenkins.couchbase.com/job/kv_engine.linux-CE/job/master/17195/ : SUCCESS

http://cv.jenkins.couchbase.com/job/kv_engine.aarch64-linux/job/master/5173/ : SUCCESS

http://cv.jenkins.couchbase.com/job/kv_engine.threadsanitizer/job/master/18242/ : SUCCESS

http://cv.jenkins.couchbase.com/job/kv_engine.ASan-UBSan/job/master/25613/ : SUCCESS

http://cv.jenkins.couchbase.com/job/kv_engine.macos/job/master/16292/ : SUCCESS
----------------------------------------------------------------------------------------------------------------------
Author: Build Bot
Date: 2022-02-10 10:48:39.000000000
Message: 
Patch Set 3:

Build Failed 

http://cv.jenkins.couchbase.com/job/kv_engine-windows-master/43772/ : FAILURE

Failure of an engine_testapp test:

<pre>
Running [0020/0093]: test producer stream request (partial)...(198 ms) OK


99% tests passed, 2 tests failed out of 421

Total Test time (real) = 369.49 sec

The following tests FAIL
</pre>
 ( http://cv.jenkins.couchbase.com/job/kv_engine-windows-master/43772/ )

Timeout of a CTest test 420/421 Test  #70: ep-engine_ep_unit_tests.DurabilityRespondAmbiguousTest ........................................................................} ( http://cv.jenkins.couchbase.com/job/kv_engine-windows-master/43772/ )

http://cv.jenkins.couchbase.com/job/kv_engine-clang_format_9/14309/ : SUCCESS

http://cv.jenkins.couchbase.com/job/kv_engine-clang_tidy-master/15465/ : SUCCESS

http://cv.jenkins.couchbase.com/job/kv_engine-clang_analyzer-master/36904/ : SUCCESS

http://cv.jenkins.couchbase.com/job/kv_engine.linux/job/master/17504/ : SUCCESS

http://cv.jenkins.couchbase.com/job/kv_engine.libFuzzer/job/master/5115/ : SUCCESS

http://cv.jenkins.couchbase.com/job/kv_engine.linux-CE/job/master/17195/ : SUCCESS

http://cv.jenkins.couchbase.com/job/kv_engine.aarch64-linux/job/master/5173/ : SUCCESS

http://cv.jenkins.couchbase.com/job/kv_engine.threadsanitizer/job/master/18242/ : SUCCESS

http://cv.jenkins.couchbase.com/job/kv_engine.ASan-UBSan/job/master/25613/ : SUCCESS

http://cv.jenkins.couchbase.com/job/kv_engine.macos/job/master/16292/ : SUCCESS
----------------------------------------------------------------------------------------------------------------------
Author: Build Bot
Date: 2022-02-10 11:04:56.000000000
Message: 
Patch Set 3:

Build Failed 

http://cv.jenkins.couchbase.com/job/kv_engine-windows-master/43778/ : FAILURE

Failure of GoogleTest "TransportProtocols/XattrTest.mb25928_SystemCanExceedDocumentLimit/Mcbp_XattrYes_JsonNo_SnappyYes":

<pre>
[ RUN      ] TransportProtocols/XattrTest.mb25928_SystemCanExceedDocumentLimit/Mcbp_XattrYes_JsonNo_SnappyYes
unknown file: error: C++ exception with description "Failed to store TransportProtocols_XattrTest_mb25928_SystemCanExceedDocumentLimit_Mcbp_XattrYes_JsonNo_SnappyYes: Temporary failure (134)" thrown in SetUp().
[  FAILED  ] TransportProtocols/XattrTest.mb25928_SystemCanExceedDocumentLimit/Mcbp_XattrYes_JsonNo_SnappyYes, where GetParam() = (Mcbp, XattrYes, 4-byte object <01-00 00-00>, 4-byte object <00-00 00-00>) (2 ms)
TransportProtocols/XattrTest.mb25928_SystemCanExceedDocumentLimit/Mcbp_XattrYes_JsonNo_SnappyYes
</pre>
 ( http://cv.jenkins.couchbase.com/job/kv_engine-windows-master/43778/ )

http://cv.jenkins.couchbase.com/job/kv_engine-clang_format_9/14309/ : SUCCESS

http://cv.jenkins.couchbase.com/job/kv_engine-clang_tidy-master/15465/ : SUCCESS

http://cv.jenkins.couchbase.com/job/kv_engine-clang_analyzer-master/36904/ : SUCCESS

http://cv.jenkins.couchbase.com/job/kv_engine.linux/job/master/17504/ : SUCCESS

http://cv.jenkins.couchbase.com/job/kv_engine.libFuzzer/job/master/5115/ : SUCCESS

http://cv.jenkins.couchbase.com/job/kv_engine.linux-CE/job/master/17195/ : SUCCESS

http://cv.jenkins.couchbase.com/job/kv_engine.aarch64-linux/job/master/5173/ : SUCCESS

http://cv.jenkins.couchbase.com/job/kv_engine.threadsanitizer/job/master/18242/ : SUCCESS

http://cv.jenkins.couchbase.com/job/kv_engine.ASan-UBSan/job/master/25613/ : SUCCESS

http://cv.jenkins.couchbase.com/job/kv_engine.macos/job/master/16292/ : SUCCESS
----------------------------------------------------------------------------------------------------------------------
Author: Build Bot
Date: 2022-02-10 11:56:46.000000000
Message: 
Patch Set 3:

Build Failed 

http://cv.jenkins.couchbase.com/job/kv_engine-windows-master/43783/ : FAILURE

Failure of an engine_testapp test:

<pre>
Running [0026/0159]: itempager conf...(46 ms) OK


99% tests passed, 1 tests failed out of 421

Total Test time (real) = 663.44 sec

The following tests FAIL
</pre>
 ( http://cv.jenkins.couchbase.com/job/kv_engine-windows-master/43783/ )

Timeout of a CTest test 421/421 Test #271: ep_testsuite.value_eviction.comp_active .......................................................................................} ( http://cv.jenkins.couchbase.com/job/kv_engine-windows-master/43783/ )

http://cv.jenkins.couchbase.com/job/kv_engine-clang_format_9/14309/ : SUCCESS

http://cv.jenkins.couchbase.com/job/kv_engine-clang_tidy-master/15465/ : SUCCESS

http://cv.jenkins.couchbase.com/job/kv_engine-clang_analyzer-master/36904/ : SUCCESS

http://cv.jenkins.couchbase.com/job/kv_engine.linux/job/master/17504/ : SUCCESS

http://cv.jenkins.couchbase.com/job/kv_engine.libFuzzer/job/master/5115/ : SUCCESS

http://cv.jenkins.couchbase.com/job/kv_engine.linux-CE/job/master/17195/ : SUCCESS

http://cv.jenkins.couchbase.com/job/kv_engine.aarch64-linux/job/master/5173/ : SUCCESS

http://cv.jenkins.couchbase.com/job/kv_engine.threadsanitizer/job/master/18242/ : SUCCESS

http://cv.jenkins.couchbase.com/job/kv_engine.ASan-UBSan/job/master/25613/ : SUCCESS

http://cv.jenkins.couchbase.com/job/kv_engine.macos/job/master/16292/ : SUCCESS
----------------------------------------------------------------------------------------------------------------------
Author: Build Bot
Date: 2022-02-10 12:36:33.000000000
Message: 
Patch Set 3:

Build Failed 

http://cv.jenkins.couchbase.com/job/kv_engine-windows-master/43784/ : FAILURE

Failure of an engine_testapp test:

<pre>
Running [0127/0159]: test multiple set and del with meta with item_eviction...(3113 ms) OK


99% tests passed, 1 tests failed out of 421

Total Test time (real) = 673.60 sec

The following tests FAIL
</pre>
 ( http://cv.jenkins.couchbase.com/job/kv_engine-windows-master/43784/ )

Timeout of a CTest test 421/421 Test #272: ep_testsuite.full_eviction.comp_passive .......................................................................................} ( http://cv.jenkins.couchbase.com/job/kv_engine-windows-master/43784/ )

http://cv.jenkins.couchbase.com/job/kv_engine-clang_format_9/14309/ : SUCCESS

http://cv.jenkins.couchbase.com/job/kv_engine-clang_tidy-master/15465/ : SUCCESS

http://cv.jenkins.couchbase.com/job/kv_engine-clang_analyzer-master/36904/ : SUCCESS

http://cv.jenkins.couchbase.com/job/kv_engine.linux/job/master/17504/ : SUCCESS

http://cv.jenkins.couchbase.com/job/kv_engine.libFuzzer/job/master/5115/ : SUCCESS

http://cv.jenkins.couchbase.com/job/kv_engine.linux-CE/job/master/17195/ : SUCCESS

http://cv.jenkins.couchbase.com/job/kv_engine.aarch64-linux/job/master/5173/ : SUCCESS

http://cv.jenkins.couchbase.com/job/kv_engine.threadsanitizer/job/master/18242/ : SUCCESS

http://cv.jenkins.couchbase.com/job/kv_engine.ASan-UBSan/job/master/25613/ : SUCCESS

http://cv.jenkins.couchbase.com/job/kv_engine.macos/job/master/16292/ : SUCCESS
----------------------------------------------------------------------------------------------------------------------
Author: Build Bot
Date: 2022-02-10 14:24:33.000000000
Message: 
Patch Set 3: Verified+1

Build Successful 

http://cv.jenkins.couchbase.com/job/kv_engine-clang_format_9/14309/ : SUCCESS

http://cv.jenkins.couchbase.com/job/kv_engine-clang_tidy-master/15465/ : SUCCESS

http://cv.jenkins.couchbase.com/job/kv_engine-clang_analyzer-master/36904/ : SUCCESS

http://cv.jenkins.couchbase.com/job/kv_engine.linux/job/master/17504/ : SUCCESS

http://cv.jenkins.couchbase.com/job/kv_engine.libFuzzer/job/master/5115/ : SUCCESS

http://cv.jenkins.couchbase.com/job/kv_engine.linux-CE/job/master/17195/ : SUCCESS

http://cv.jenkins.couchbase.com/job/kv_engine.aarch64-linux/job/master/5173/ : SUCCESS

http://cv.jenkins.couchbase.com/job/kv_engine.threadsanitizer/job/master/18242/ : SUCCESS

http://cv.jenkins.couchbase.com/job/kv_engine.ASan-UBSan/job/master/25613/ : SUCCESS

http://cv.jenkins.couchbase.com/job/kv_engine.macos/job/master/16292/ : SUCCESS

http://cv.jenkins.couchbase.com/job/kv_engine-windows-master/43789/ : SUCCESS
----------------------------------------------------------------------------------------------------------------------
Author: Dave Rigby
Date: 2022-02-10 16:26:41.000000000
Message: 
Patch Set 3: Code-Review-1

(4 comments)
Line:234, engines/ep/src/kvstore/kvstore.h -> Wonder if we should take this out of the ctor and instead expose via a mutator - setShutdownCallback() which takes a std::function. The member variable could then default to a no-op function. 

That would avoid having to touch loads of unit tests to pass a dummy atomic through which is not needed in most places.

Line:297, engines/ep/src/kvstore/kvstore.h -> "Other currently running tasks..." - I'd drop this clause as (a) it's not true for other tasks right now (we do cancel Item pager), and (b) if we change other tasks to also cancel it becomes even more outdated.

Line:5719, engines/ep/tests/module_tests/evp_store_single_threaded_test.cc -> Maybe also check the item was not compacted - i.e. don't just trust the stats by reading from disk after.

Line:21, engines/ep/tests/module_tests/kvstore_test.h -> Why do we need stats.h here?

----------------------------------------------------------------------------------------------------------------------
Author: Ben Huddleston
Date: 2022-02-11 12:59:13.000000000
MISMATCHED INLINE COMMENT
Line:234, engines/ep/src/kvstore/kvstore.h -> Done
----------------------------------------------------------------------------------------------------------------------
Author: Ben Huddleston
Date: 2022-02-11 12:59:13.000000000
MISMATCHED INLINE COMMENT
Line:297, engines/ep/src/kvstore/kvstore.h -> Done
----------------------------------------------------------------------------------------------------------------------
Author: Ben Huddleston
Date: 2022-02-11 12:59:13.000000000
MISMATCHED INLINE COMMENT
Line:5719, engines/ep/tests/module_tests/evp_store_single_threaded_test.cc -> Done
----------------------------------------------------------------------------------------------------------------------
Author: Ben Huddleston
Date: 2022-02-11 12:59:13.000000000
MISMATCHED INLINE COMMENT
Line:21, engines/ep/tests/module_tests/kvstore_test.h -> Removed
----------------------------------------------------------------------------------------------------------------------
