======================================================================================================================
DESCRIPTION:

MB-49472: Only remove a dropped collection once fully purged

When calculating the dropped collection disk metadata
Flush::encodeRelativeComplementOfDroppedCollections needs more
information from the "eraser". We pass in the end-seqno, which
is maximum end of all dropped collections from the pre-compaction
snapshot.

E.g. if a snapshot has the following list of dropped collections

* id:8, start:1, end:10
* id:9, start:3, end:15

The total extent of seqnos for dropped collections is 1 to 15, and
for this fix we're interested in 15.

If a collection is resurrected whilst compaction runs, it will be
created with a start > 15. If that resurrected collection is dropped
it will have an end > 15.

encodeRelativeComplementOfDroppedCollections now uses that value
(e.g. 15) to see if a collection should still be included in the
output.

For example if collection with id:8 was resurrected at 16 and dropped
at 18 during compaction encodeRelativeComplementOfDroppedCollections
is working with the following parameters.

droppedCollections
* id:8, start:1, end:18
* id:9, start:3, end:15

idsToRemove
* id:8
* id:9

endSeqno (new parameter in this commit)
* 15

Using this information we know that compaction has not reached the end of
collection with id:8, but has seen all of id:9.

The output is now:

* id:8, start:1, end:18

Before this fix, the output was empty.

Change-Id: I51f945364d62934a5d14f8d72940a4362d371611

======================================================================================================================
COMMENTS
======================================================================================================================
Author: Ben Huddleston
Date: 2022-01-17 11:24:40.000000000
Message: 
Patch Set 8: Patch Set 7 was rebased
----------------------------------------------------------------------------------------------------------------------
Author: Build Bot
Date: 2022-01-17 11:54:21.000000000
Message: 
Patch Set 8: Verified-1

Build Failed 

http://cv.jenkins.couchbase.com/job/kv_engine-windows-master/42852/ : FAILURE

Failure of an engine_testapp test:

<pre>
Running [0093/0159]: vbucket cas (replica)...(97 ms) OK


99% tests passed, 2 tests failed out of 418

Total Test time (real) = 675.55 sec

The following tests FAIL
</pre>
 ( http://cv.jenkins.couchbase.com/job/kv_engine-windows-master/42852/ )

Timeout of a CTest test 417/418 Test #269: ep_testsuite.full_eviction.comp_passive .......................................................................................} ( http://cv.jenkins.couchbase.com/job/kv_engine-windows-master/42852/ )

http://cv.jenkins.couchbase.com/job/kv_engine.ASan-UBSan/job/master/24933/ : FAILURE

One of more core files found at the end of the build. Data for post-mortem saved to archived_core_dumps.tar.bz2 under "Build Artifacts". ( http://cv.jenkins.couchbase.com/job/kv_engine.ASan-UBSan/job/master/24933/ )

http://cv.jenkins.couchbase.com/job/kv_engine-clang_format_9/13697/ : SUCCESS

http://cv.jenkins.couchbase.com/job/kv_engine-clang_tidy-master/14853/ : SUCCESS

http://cv.jenkins.couchbase.com/job/kv_engine-clang_analyzer-master/36306/ : SUCCESS

http://cv.jenkins.couchbase.com/job/kv_engine.libFuzzer/job/master/4497/ : SUCCESS

http://cv.jenkins.couchbase.com/job/kv_engine.linux-CE/job/master/16521/ : SUCCESS

http://cv.jenkins.couchbase.com/job/kv_engine.macos/job/master/15660/ : SUCCESS

http://cv.jenkins.couchbase.com/job/kv_engine.linux/job/master/16813/ : SUCCESS

http://cv.jenkins.couchbase.com/job/kv_engine.threadsanitizer/job/master/17604/ : SUCCESS

http://cv.jenkins.couchbase.com/job/kv_engine.aarch64-linux/job/master/4555/ : SUCCESS
----------------------------------------------------------------------------------------------------------------------
Author: Build Bot
Date: 2022-01-17 17:07:21.000000000
Message: 
Patch Set 8:

Build Failed 

http://cv.jenkins.couchbase.com/job/kv_engine-windows-master/42852/ : FAILURE

Failure of an engine_testapp test:

<pre>
Running [0093/0159]: vbucket cas (replica)...(97 ms) OK


99% tests passed, 2 tests failed out of 418

Total Test time (real) = 675.55 sec

The following tests FAIL
</pre>
 ( http://cv.jenkins.couchbase.com/job/kv_engine-windows-master/42852/ )

Timeout of a CTest test 417/418 Test #269: ep_testsuite.full_eviction.comp_passive .......................................................................................} ( http://cv.jenkins.couchbase.com/job/kv_engine-windows-master/42852/ )

http://cv.jenkins.couchbase.com/job/kv_engine.ASan-UBSan/job/master/24947/ : FAILURE

http://cv.jenkins.couchbase.com/job/kv_engine-clang_format_9/13697/ : SUCCESS

http://cv.jenkins.couchbase.com/job/kv_engine-clang_tidy-master/14853/ : SUCCESS

http://cv.jenkins.couchbase.com/job/kv_engine-clang_analyzer-master/36306/ : SUCCESS

http://cv.jenkins.couchbase.com/job/kv_engine.libFuzzer/job/master/4497/ : SUCCESS

http://cv.jenkins.couchbase.com/job/kv_engine.linux-CE/job/master/16521/ : SUCCESS

http://cv.jenkins.couchbase.com/job/kv_engine.macos/job/master/15660/ : SUCCESS

http://cv.jenkins.couchbase.com/job/kv_engine.linux/job/master/16813/ : SUCCESS

http://cv.jenkins.couchbase.com/job/kv_engine.threadsanitizer/job/master/17604/ : SUCCESS

http://cv.jenkins.couchbase.com/job/kv_engine.aarch64-linux/job/master/4555/ : SUCCESS
----------------------------------------------------------------------------------------------------------------------
Author: Build Bot
Date: 2022-01-18 10:03:43.000000000
Message: 
Patch Set 8:

Build Failed 

http://cv.jenkins.couchbase.com/job/kv_engine.ASan-UBSan/job/master/24952/ : FAILURE

http://cv.jenkins.couchbase.com/job/kv_engine-windows-master/42872/ : FAILURE

Failure of GoogleTest "PersistentAndEphemeral/STDcpTest.ProducerNegotiatesIncludeDeletedUserXattrs_EnabledAtProducer/3":

<pre>
[ RUN      ] PersistentAndEphemeral/STDcpTest.ProducerNegotiatesIncludeDeletedUserXattrs_EnabledAtProducer/3
unknown file: error: C++ exception with description "KVStoreFactory ctor: Specified dbname "ep_engine_ep_unit_tests.db/test.479501" is not a directory" thrown in SetUp().
unknown file: error: SEH exception with code 0xc0000005 thrown in TearDown().
[  FAILED  ] PersistentAndEphemeral/STDcpTest.ProducerNegotiatesIncludeDeletedUserXattrs_EnabledAtProducer/3, where GetParam() = ("persistent_couchstore", "full_eviction") (2 ms)
PersistentAndEphemeral/STDcpTest.ProducerNegotiatesIncludeDeletedUserXattrs_EnabledAtProducer/3
</pre>
 ( http://cv.jenkins.couchbase.com/job/kv_engine-windows-master/42872/ )

http://cv.jenkins.couchbase.com/job/kv_engine-clang_format_9/13697/ : SUCCESS

http://cv.jenkins.couchbase.com/job/kv_engine-clang_tidy-master/14853/ : SUCCESS

http://cv.jenkins.couchbase.com/job/kv_engine-clang_analyzer-master/36306/ : SUCCESS

http://cv.jenkins.couchbase.com/job/kv_engine.libFuzzer/job/master/4497/ : SUCCESS

http://cv.jenkins.couchbase.com/job/kv_engine.linux-CE/job/master/16521/ : SUCCESS

http://cv.jenkins.couchbase.com/job/kv_engine.macos/job/master/15660/ : SUCCESS

http://cv.jenkins.couchbase.com/job/kv_engine.linux/job/master/16813/ : SUCCESS

http://cv.jenkins.couchbase.com/job/kv_engine.threadsanitizer/job/master/17604/ : SUCCESS

http://cv.jenkins.couchbase.com/job/kv_engine.aarch64-linux/job/master/4555/ : SUCCESS
----------------------------------------------------------------------------------------------------------------------
Author: Build Bot
Date: 2022-01-18 11:20:50.000000000
Message: 
Patch Set 8:

Build Failed 

http://cv.jenkins.couchbase.com/job/kv_engine.ASan-UBSan/job/master/24957/ : FAILURE

Timeout of a CTest test [2022-01-18T11:09:47.227Z]   6/420 Test #209: ep-engine_ep_unit_tests.AllBackends/DurabilityEPBucketTest ..................................................} ( http://cv.jenkins.couchbase.com/job/kv_engine.ASan-UBSan/job/master/24957/ )

http://cv.jenkins.couchbase.com/job/kv_engine-windows-master/42876/ : FAILURE

Failure of an engine_testapp test:

<pre>
Running [0127/0159]: test multiple set and del with meta with item_eviction...(724 ms) OK


99% tests passed, 1 tests failed out of 418

Total Test time (real) = 688.50 sec

The following tests FAIL
</pre>
 ( http://cv.jenkins.couchbase.com/job/kv_engine-windows-master/42876/ )

Timeout of a CTest test 418/418 Test #269: ep_testsuite.full_eviction.comp_passive .......................................................................................} ( http://cv.jenkins.couchbase.com/job/kv_engine-windows-master/42876/ )

http://cv.jenkins.couchbase.com/job/kv_engine-clang_format_9/13697/ : SUCCESS

http://cv.jenkins.couchbase.com/job/kv_engine-clang_tidy-master/14853/ : SUCCESS

http://cv.jenkins.couchbase.com/job/kv_engine-clang_analyzer-master/36306/ : SUCCESS

http://cv.jenkins.couchbase.com/job/kv_engine.libFuzzer/job/master/4497/ : SUCCESS

http://cv.jenkins.couchbase.com/job/kv_engine.linux-CE/job/master/16521/ : SUCCESS

http://cv.jenkins.couchbase.com/job/kv_engine.macos/job/master/15660/ : SUCCESS

http://cv.jenkins.couchbase.com/job/kv_engine.linux/job/master/16813/ : SUCCESS

http://cv.jenkins.couchbase.com/job/kv_engine.threadsanitizer/job/master/17604/ : SUCCESS

http://cv.jenkins.couchbase.com/job/kv_engine.aarch64-linux/job/master/4555/ : SUCCESS
----------------------------------------------------------------------------------------------------------------------
Author: Build Bot
Date: 2022-01-18 14:48:44.000000000
Message: 
Patch Set 8:

Build Failed 

http://cv.jenkins.couchbase.com/job/kv_engine-windows-master/42902/ : FAILURE

Failure of an engine_testapp test:

<pre>
Running [0087/0159]: vbucket replace (replica)...(22 ms) OK


99% tests passed, 3 tests failed out of 418

Total Test time (real) = 672.87 sec

The following tests FAIL
</pre>
 ( http://cv.jenkins.couchbase.com/job/kv_engine-windows-master/42902/ )

Timeout of a CTest test 416/418 Test #303: ep_testsuite_xdcr.ephemeral.comp_passive ......................................................................................} ( http://cv.jenkins.couchbase.com/job/kv_engine-windows-master/42902/ )

http://cv.jenkins.couchbase.com/job/kv_engine-clang_format_9/13697/ : SUCCESS

http://cv.jenkins.couchbase.com/job/kv_engine-clang_tidy-master/14853/ : SUCCESS

http://cv.jenkins.couchbase.com/job/kv_engine-clang_analyzer-master/36306/ : SUCCESS

http://cv.jenkins.couchbase.com/job/kv_engine.libFuzzer/job/master/4497/ : SUCCESS

http://cv.jenkins.couchbase.com/job/kv_engine.linux-CE/job/master/16521/ : SUCCESS

http://cv.jenkins.couchbase.com/job/kv_engine.macos/job/master/15660/ : SUCCESS

http://cv.jenkins.couchbase.com/job/kv_engine.linux/job/master/16813/ : SUCCESS

http://cv.jenkins.couchbase.com/job/kv_engine.threadsanitizer/job/master/17604/ : SUCCESS

http://cv.jenkins.couchbase.com/job/kv_engine.aarch64-linux/job/master/4555/ : SUCCESS

http://cv.jenkins.couchbase.com/job/kv_engine.ASan-UBSan/job/master/24982/ : SUCCESS
----------------------------------------------------------------------------------------------------------------------
Author: Build Bot
Date: 2022-01-18 16:57:48.000000000
Message: 
Patch Set 8:

Build Failed 

http://cv.jenkins.couchbase.com/job/kv_engine-windows-master/42919/ : FAILURE

Failure of an engine_testapp test:

<pre>
Running [0000/0159]: expiry pager settings.....\kv_engine\engines\ep\tests\ep_testsuite.cc:689 Test failed: `" (Expected `0", got `-1" - Updated time incorrect, expect: 03:00, actual: 02:59)
(7898 ms) FAIL
</pre>
 ( http://cv.jenkins.couchbase.com/job/kv_engine-windows-master/42919/ )

Timeout of a CTest test 418/418 Test #274: ep_testsuite.full_eviction.magma ..............................................................................................} ( http://cv.jenkins.couchbase.com/job/kv_engine-windows-master/42919/ )

http://cv.jenkins.couchbase.com/job/kv_engine-clang_format_9/13697/ : SUCCESS

http://cv.jenkins.couchbase.com/job/kv_engine-clang_tidy-master/14853/ : SUCCESS

http://cv.jenkins.couchbase.com/job/kv_engine-clang_analyzer-master/36306/ : SUCCESS

http://cv.jenkins.couchbase.com/job/kv_engine.libFuzzer/job/master/4497/ : SUCCESS

http://cv.jenkins.couchbase.com/job/kv_engine.linux-CE/job/master/16521/ : SUCCESS

http://cv.jenkins.couchbase.com/job/kv_engine.macos/job/master/15660/ : SUCCESS

http://cv.jenkins.couchbase.com/job/kv_engine.linux/job/master/16813/ : SUCCESS

http://cv.jenkins.couchbase.com/job/kv_engine.threadsanitizer/job/master/17604/ : SUCCESS

http://cv.jenkins.couchbase.com/job/kv_engine.aarch64-linux/job/master/4555/ : SUCCESS

http://cv.jenkins.couchbase.com/job/kv_engine.ASan-UBSan/job/master/24982/ : SUCCESS
----------------------------------------------------------------------------------------------------------------------
Author: Build Bot
Date: 2022-01-18 17:42:38.000000000
Message: 
Patch Set 8:

Build Failed 

http://cv.jenkins.couchbase.com/job/kv_engine-windows-master/42928/ : FAILURE

Failure of an engine_testapp test:

<pre>
Running [0143/0159]: multi_bucket set/get ...W0118 09:33:46.570413 90572 HazptrDomain.h:670] Using the default inline executor for asynchronous reclamation may be susceptible to deadlock if the current thread happens to hold a resource needed by the deleter of a reclaimable object


99% tests passed, 1 tests failed out of 418

Total Test time (real) = 664.38 sec

The following tests FAIL
</pre>
 ( http://cv.jenkins.couchbase.com/job/kv_engine-windows-master/42928/ )

Timeout of a CTest test 418/418 Test #270: ep_testsuite.full_eviction.comp_active ........................................................................................} ( http://cv.jenkins.couchbase.com/job/kv_engine-windows-master/42928/ )

http://cv.jenkins.couchbase.com/job/kv_engine-clang_format_9/13697/ : SUCCESS

http://cv.jenkins.couchbase.com/job/kv_engine-clang_tidy-master/14853/ : SUCCESS

http://cv.jenkins.couchbase.com/job/kv_engine-clang_analyzer-master/36306/ : SUCCESS

http://cv.jenkins.couchbase.com/job/kv_engine.libFuzzer/job/master/4497/ : SUCCESS

http://cv.jenkins.couchbase.com/job/kv_engine.linux-CE/job/master/16521/ : SUCCESS

http://cv.jenkins.couchbase.com/job/kv_engine.macos/job/master/15660/ : SUCCESS

http://cv.jenkins.couchbase.com/job/kv_engine.linux/job/master/16813/ : SUCCESS

http://cv.jenkins.couchbase.com/job/kv_engine.threadsanitizer/job/master/17604/ : SUCCESS

http://cv.jenkins.couchbase.com/job/kv_engine.aarch64-linux/job/master/4555/ : SUCCESS

http://cv.jenkins.couchbase.com/job/kv_engine.ASan-UBSan/job/master/24982/ : SUCCESS
----------------------------------------------------------------------------------------------------------------------
Author: Build Bot
Date: 2022-01-19 08:20:31.000000000
Message: 
Patch Set 8: Verified+1

Build Successful 

http://cv.jenkins.couchbase.com/job/kv_engine-clang_format_9/13697/ : SUCCESS

http://cv.jenkins.couchbase.com/job/kv_engine-clang_tidy-master/14853/ : SUCCESS

http://cv.jenkins.couchbase.com/job/kv_engine-clang_analyzer-master/36306/ : SUCCESS

http://cv.jenkins.couchbase.com/job/kv_engine.libFuzzer/job/master/4497/ : SUCCESS

http://cv.jenkins.couchbase.com/job/kv_engine.linux-CE/job/master/16521/ : SUCCESS

http://cv.jenkins.couchbase.com/job/kv_engine.macos/job/master/15660/ : SUCCESS

http://cv.jenkins.couchbase.com/job/kv_engine.linux/job/master/16813/ : SUCCESS

http://cv.jenkins.couchbase.com/job/kv_engine.threadsanitizer/job/master/17604/ : SUCCESS

http://cv.jenkins.couchbase.com/job/kv_engine.aarch64-linux/job/master/4555/ : SUCCESS

http://cv.jenkins.couchbase.com/job/kv_engine.ASan-UBSan/job/master/24982/ : SUCCESS

http://cv.jenkins.couchbase.com/job/kv_engine-windows-master/42945/ : SUCCESS
----------------------------------------------------------------------------------------------------------------------
Author: Ben Huddleston
Date: 2022-01-19 12:22:22.000000000
Message: 
Patch Set 8: Code-Review+2

Whilst I am the "owner" Jim originally wrote this fix and I've just rebased it
----------------------------------------------------------------------------------------------------------------------
