======================================================================================================================
DESCRIPTION:

Return early on transition to done in checkForAccessLog()

We won't transition to any other state after we transition to
Done so add an early return to aid readability as the following
code has no affect.

Change-Id: I0deb1bf7b6941173b1e14da3a7131047d56e2f95

======================================================================================================================
COMMENTS
======================================================================================================================
Author: Ben Huddleston
Date: 2022-04-22 16:05:42.000000000
Message: 
Uploaded patch set 12.
----------------------------------------------------------------------------------------------------------------------
Author: Build Bot
Date: 2022-04-22 16:38:52.000000000
Message: 
Patch Set 12: Verified-1

Build Failed 

http://cv.jenkins.couchbase.com/job/kv_engine-windows-master/45539/ : FAILURE

Failure of an engine_testapp test:

<pre>
Running [57/159]: startup token stat...(91 ms) OK


99% tests passed, 1 tests failed out of 427

Total Test time (real) = 691.32 sec

The following tests FAIL
</pre>
 ( http://cv.jenkins.couchbase.com/job/kv_engine-windows-master/45539/ )

Timeout of a CTest test 427/427 Test #274: ep_testsuite.value_eviction.comp_passive ................................................................} ( http://cv.jenkins.couchbase.com/job/kv_engine-windows-master/45539/ )

http://cv.jenkins.couchbase.com/job/kv_engine.macos/job/master/17794/ : FAILURE

No problems were identified. If you know why this problem occurred, please add a suitable Cause for it. ( http://cv.jenkins.couchbase.com/job/kv_engine.macos/job/master/17794/ )

http://cv.jenkins.couchbase.com/job/kv_engine-clang_analyzer-master/38260/ : SUCCESS

http://cv.jenkins.couchbase.com/job/kv_engine-clang_tidy-master/16907/ : SUCCESS

http://cv.jenkins.couchbase.com/job/kv_engine-clang_format_9/15875/ : SUCCESS

http://cv.jenkins.couchbase.com/job/kv_engine.libFuzzer/job/master/6566/ : SUCCESS

http://cv.jenkins.couchbase.com/job/kv_engine.linux-CE/job/master/18691/ : SUCCESS

http://cv.jenkins.couchbase.com/job/kv_engine.linux/job/master/19034/ : SUCCESS

http://cv.jenkins.couchbase.com/job/kv_engine.threadsanitizer/job/master/19731/ : SUCCESS

http://cv.jenkins.couchbase.com/job/kv_engine.aarch64-linux/job/master/6655/ : SUCCESS

http://cv.jenkins.couchbase.com/job/kv_engine.ASan-UBSan/job/master/27105/ : SUCCESS
----------------------------------------------------------------------------------------------------------------------
Author: Build Bot
Date: 2022-04-25 07:15:36.000000000
Message: 
Patch Set 12: Verified-1

Build Failed 

http://cv.jenkins.couchbase.com/job/kv_engine-windows-master/45560/ : FAILURE

Failure of an engine_testapp test:

<pre>
Running [103/159]: test multiple vb compactions with workload...(26 ms) OK


99% tests passed, 1 tests failed out of 427

Total Test time (real) = 677.63 sec

The following tests FAIL
</pre>
 ( http://cv.jenkins.couchbase.com/job/kv_engine-windows-master/45560/ )

Timeout of a CTest test 427/427 Test #279: ep_testsuite.ephemeral.comp_active ......................................................................} ( http://cv.jenkins.couchbase.com/job/kv_engine-windows-master/45560/ )

http://cv.jenkins.couchbase.com/job/kv_engine-clang_analyzer-master/38260/ : SUCCESS

http://cv.jenkins.couchbase.com/job/kv_engine-clang_tidy-master/16907/ : SUCCESS

http://cv.jenkins.couchbase.com/job/kv_engine-clang_format_9/15875/ : SUCCESS

http://cv.jenkins.couchbase.com/job/kv_engine.libFuzzer/job/master/6566/ : SUCCESS

http://cv.jenkins.couchbase.com/job/kv_engine.linux-CE/job/master/18691/ : SUCCESS

http://cv.jenkins.couchbase.com/job/kv_engine.linux/job/master/19034/ : SUCCESS

http://cv.jenkins.couchbase.com/job/kv_engine.threadsanitizer/job/master/19731/ : SUCCESS

http://cv.jenkins.couchbase.com/job/kv_engine.aarch64-linux/job/master/6655/ : SUCCESS

http://cv.jenkins.couchbase.com/job/kv_engine.ASan-UBSan/job/master/27105/ : SUCCESS

http://cv.jenkins.couchbase.com/job/kv_engine.macos/job/master/17819/ : SUCCESS
----------------------------------------------------------------------------------------------------------------------
Author: Build Bot
Date: 2022-04-25 08:51:44.000000000
Message: 
Patch Set 12: Verified-1

Build Failed 

http://cv.jenkins.couchbase.com/job/kv_engine-windows-master/45563/ : FAILURE

Failure of an engine_testapp test:

<pre>
Running [61/159]: test ALL_KEYS api during bucket creation...(64 ms) OK


99% tests passed, 1 tests failed out of 427

Total Test time (real) = 688.61 sec

The following tests FAIL
</pre>
 ( http://cv.jenkins.couchbase.com/job/kv_engine-windows-master/45563/ )

Timeout of a CTest test 427/427 Test #279: ep_testsuite.ephemeral.comp_active ......................................................................} ( http://cv.jenkins.couchbase.com/job/kv_engine-windows-master/45563/ )

http://cv.jenkins.couchbase.com/job/kv_engine-clang_analyzer-master/38260/ : SUCCESS

http://cv.jenkins.couchbase.com/job/kv_engine-clang_tidy-master/16907/ : SUCCESS

http://cv.jenkins.couchbase.com/job/kv_engine-clang_format_9/15875/ : SUCCESS

http://cv.jenkins.couchbase.com/job/kv_engine.libFuzzer/job/master/6566/ : SUCCESS

http://cv.jenkins.couchbase.com/job/kv_engine.linux-CE/job/master/18691/ : SUCCESS

http://cv.jenkins.couchbase.com/job/kv_engine.linux/job/master/19034/ : SUCCESS

http://cv.jenkins.couchbase.com/job/kv_engine.threadsanitizer/job/master/19731/ : SUCCESS

http://cv.jenkins.couchbase.com/job/kv_engine.aarch64-linux/job/master/6655/ : SUCCESS

http://cv.jenkins.couchbase.com/job/kv_engine.ASan-UBSan/job/master/27105/ : SUCCESS

http://cv.jenkins.couchbase.com/job/kv_engine.macos/job/master/17819/ : SUCCESS
----------------------------------------------------------------------------------------------------------------------
Author: Build Bot
Date: 2022-04-25 09:18:25.000000000
Message: 
Patch Set 12: Verified+1

Build Successful 

http://cv.jenkins.couchbase.com/job/kv_engine-clang_analyzer-master/38260/ : SUCCESS

http://cv.jenkins.couchbase.com/job/kv_engine-clang_tidy-master/16907/ : SUCCESS

http://cv.jenkins.couchbase.com/job/kv_engine-clang_format_9/15875/ : SUCCESS

http://cv.jenkins.couchbase.com/job/kv_engine.libFuzzer/job/master/6566/ : SUCCESS

http://cv.jenkins.couchbase.com/job/kv_engine.linux-CE/job/master/18691/ : SUCCESS

http://cv.jenkins.couchbase.com/job/kv_engine.linux/job/master/19034/ : SUCCESS

http://cv.jenkins.couchbase.com/job/kv_engine.threadsanitizer/job/master/19731/ : SUCCESS

http://cv.jenkins.couchbase.com/job/kv_engine.aarch64-linux/job/master/6655/ : SUCCESS

http://cv.jenkins.couchbase.com/job/kv_engine.ASan-UBSan/job/master/27105/ : SUCCESS

http://cv.jenkins.couchbase.com/job/kv_engine.macos/job/master/17819/ : SUCCESS

http://cv.jenkins.couchbase.com/job/kv_engine-windows-master/45567/ : SUCCESS
----------------------------------------------------------------------------------------------------------------------
