======================================================================================================================
DESCRIPTION:

Minimise includes of mock_synchronous_ep_engine.h

Create a forward-declaration header 'mock_synchronous_ep_engine_fwd.h'
which can be used by kv_bucket_test.h when just declaring an instance
of SynchronousEPEngine instead of the full definition.

Change-Id: Ifef1dafc53646563f97ab641b51cd191fd034214

======================================================================================================================
COMMENTS
======================================================================================================================
Author: Dave Rigby
Date: 2021-08-26 08:27:37.000000000
Message: 
Patch Set 3: Patch Set 2 was rebased
----------------------------------------------------------------------------------------------------------------------
Author: Build Bot
Date: 2021-08-26 09:10:07.000000000
Message: 
Patch Set 3: Verified-1

Build Failed 

http://cv.jenkins.couchbase.com/job/kv_engine-windows-master/38976/ : FAILURE

Failure of an engine_testapp test:

<pre>
Running [0062/0157]: ep worker stats...(138 ms) SKIPPED


99% tests passed, 1 tests failed out of 403

Total Test time (real) = 718.69 sec

The following tests FAIL
</pre>
 ( http://cv.jenkins.couchbase.com/job/kv_engine-windows-master/38976/ )

Timeout of a CTest test 403/403 Test #257: ep_testsuite.value_eviction.magma .............................................................................................} ( http://cv.jenkins.couchbase.com/job/kv_engine-windows-master/38976/ )

http://cv.jenkins.couchbase.com/job/kv_engine.threadsanitizer/job/master/13827/ : FAILURE

Failure of GoogleTest "TransportProtocols/SaslTest.IncorrectSCRAM_SHA512/Mcbp":

<pre>
[ RUN      ] TransportProtocols/SaslTest.IncorrectSCRAM_SHA512/Mcbp
[2021-08-26T09:05:26.572Z] Failed building socket: connect() failed (127.0.0.1 43377): Connection refused
[2021-08-26T09:05:26.572Z] unknown file: Failure
[2021-08-26T09:05:26.572Z] C++ exception with description "Failed to connect to: localhost:43377: Connection refused" thrown in SetUp().
[2021-08-26T09:05:26.572Z] Failed building socket: connect() failed (127.0.0.1 43377): Connection refused
[2021-08-26T09:05:26.572Z] unknown file: Failure
[2021-08-26T09:05:26.572Z] C++ exception with description "Failed to connect to: localhost:43377: Connection refused" thrown in TearDown().
[2021-08-26T09:05:26.572Z] [  FAILED  ] TransportProtocols/SaslTest.IncorrectSCRAM_SHA512/Mcbp, where GetParam() = Mcbp (1 ms)
TransportProtocols/SaslTest.IncorrectSCRAM_SHA512/Mcbp
</pre>
 ( http://cv.jenkins.couchbase.com/job/kv_engine.threadsanitizer/job/master/13827/ )

Timeout of a CTest test [2021-08-26T08:59:25.864Z] 245/397 Test #208: ep-engine_ep_unit_tests.FullOrValue/DurabilityWarmupTest ....................................................} ( http://cv.jenkins.couchbase.com/job/kv_engine.threadsanitizer/job/master/13827/ )

ThreadSanitizer issue: signal-unsafe call inside of a signal (/opt/gcc-10.2.0/lib64/libtsan.so.0+0x33081) in __interceptor_malloc  ( http://cv.jenkins.couchbase.com/job/kv_engine.threadsanitizer/job/master/13827/ )

http://cv.jenkins.couchbase.com/job/kv_engine-clang_tidy-master/11613/ : SUCCESS

http://cv.jenkins.couchbase.com/job/kv_engine-clang_analyzer-master/33207/ : SUCCESS

http://cv.jenkins.couchbase.com/job/kv_engine-clang_format_9/10392/ : SUCCESS

http://cv.jenkins.couchbase.com/job/kv_engine.libFuzzer/job/master/1255/ : SUCCESS

http://cv.jenkins.couchbase.com/job/kv_engine.aarch64-linux/job/master/1272/ : SUCCESS

http://cv.jenkins.couchbase.com/job/kv_engine.macos/job/master/12358/ : SUCCESS

http://cv.jenkins.couchbase.com/job/kv_engine.linux-CE/job/master/13222/ : SUCCESS

http://cv.jenkins.couchbase.com/job/kv_engine.linux/job/master/13444/ : SUCCESS

http://cv.jenkins.couchbase.com/job/kv_engine.ASan-UBSan/job/master/21367/ : SUCCESS
----------------------------------------------------------------------------------------------------------------------
Author: Build Bot
Date: 2021-08-26 10:56:43.000000000
Message: 
Patch Set 3:

Build Failed 

http://cv.jenkins.couchbase.com/job/kv_engine.threadsanitizer/job/master/13842/ : FAILURE

ThreadSanitizer issue: data race on vptr (ctor/dtor vs virtual call) /home/couchbase/jenkins/workspace/kv_engine.threadsanitizer_master/platform/src/process_monitor.cc:93 in ProcessMonitorImpl::~ProcessMonitorImpl()  ( http://cv.jenkins.couchbase.com/job/kv_engine.threadsanitizer/job/master/13842/ )

http://cv.jenkins.couchbase.com/job/kv_engine-windows-master/38995/ : FAILURE

Failure of an engine_testapp test:

<pre>
Running [0062/0157]: ep worker stats...(33 ms) SKIPPED


99% tests passed, 1 tests failed out of 403

Total Test time (real) = 665.07 sec

The following tests FAIL
</pre>
 ( http://cv.jenkins.couchbase.com/job/kv_engine-windows-master/38995/ )

Timeout of a CTest test 403/403 Test #252: ep_testsuite.value_eviction.comp_active .......................................................................................} ( http://cv.jenkins.couchbase.com/job/kv_engine-windows-master/38995/ )

http://cv.jenkins.couchbase.com/job/kv_engine-clang_tidy-master/11613/ : SUCCESS

http://cv.jenkins.couchbase.com/job/kv_engine-clang_analyzer-master/33207/ : SUCCESS

http://cv.jenkins.couchbase.com/job/kv_engine-clang_format_9/10392/ : SUCCESS

http://cv.jenkins.couchbase.com/job/kv_engine.libFuzzer/job/master/1255/ : SUCCESS

http://cv.jenkins.couchbase.com/job/kv_engine.aarch64-linux/job/master/1272/ : SUCCESS

http://cv.jenkins.couchbase.com/job/kv_engine.macos/job/master/12358/ : SUCCESS

http://cv.jenkins.couchbase.com/job/kv_engine.linux-CE/job/master/13222/ : SUCCESS

http://cv.jenkins.couchbase.com/job/kv_engine.linux/job/master/13444/ : SUCCESS

http://cv.jenkins.couchbase.com/job/kv_engine.ASan-UBSan/job/master/21367/ : SUCCESS
----------------------------------------------------------------------------------------------------------------------
Author: Build Bot
Date: 2021-08-26 12:00:07.000000000
Message: 
Patch Set 3:

Build Failed 

http://cv.jenkins.couchbase.com/job/kv_engine.threadsanitizer/job/master/13847/ : FAILURE

Failure of an engine_testapp test:

<pre>
Running [0015/0093]: test dcp replica stream one collection with mutations just from disk...../kv_engine/engines/ep/tests/ep_testsuite_dcp.cc:717 Test failed: `" (Expected `414", got `390" - Buffer Size did not get set correctly)
[2021-08-26T11:32:54.744Z] (22723 ms) FAIL
</pre>
 ( http://cv.jenkins.couchbase.com/job/kv_engine.threadsanitizer/job/master/13847/ )

http://cv.jenkins.couchbase.com/job/kv_engine-clang_tidy-master/11613/ : SUCCESS

http://cv.jenkins.couchbase.com/job/kv_engine-clang_analyzer-master/33207/ : SUCCESS

http://cv.jenkins.couchbase.com/job/kv_engine-clang_format_9/10392/ : SUCCESS

http://cv.jenkins.couchbase.com/job/kv_engine.libFuzzer/job/master/1255/ : SUCCESS

http://cv.jenkins.couchbase.com/job/kv_engine.aarch64-linux/job/master/1272/ : SUCCESS

http://cv.jenkins.couchbase.com/job/kv_engine.macos/job/master/12358/ : SUCCESS

http://cv.jenkins.couchbase.com/job/kv_engine.linux-CE/job/master/13222/ : SUCCESS

http://cv.jenkins.couchbase.com/job/kv_engine.linux/job/master/13444/ : SUCCESS

http://cv.jenkins.couchbase.com/job/kv_engine.ASan-UBSan/job/master/21367/ : SUCCESS

http://cv.jenkins.couchbase.com/job/kv_engine-windows-master/39008/ : SUCCESS
----------------------------------------------------------------------------------------------------------------------
Author: Build Bot
Date: 2021-08-26 15:59:06.000000000
Message: 
Patch Set 3: Verified+1

Build Successful 

http://cv.jenkins.couchbase.com/job/kv_engine-clang_tidy-master/11613/ : SUCCESS

http://cv.jenkins.couchbase.com/job/kv_engine-clang_analyzer-master/33207/ : SUCCESS

http://cv.jenkins.couchbase.com/job/kv_engine-clang_format_9/10392/ : SUCCESS

http://cv.jenkins.couchbase.com/job/kv_engine.libFuzzer/job/master/1255/ : SUCCESS

http://cv.jenkins.couchbase.com/job/kv_engine.aarch64-linux/job/master/1272/ : SUCCESS

http://cv.jenkins.couchbase.com/job/kv_engine.macos/job/master/12358/ : SUCCESS

http://cv.jenkins.couchbase.com/job/kv_engine.linux-CE/job/master/13222/ : SUCCESS

http://cv.jenkins.couchbase.com/job/kv_engine.linux/job/master/13444/ : SUCCESS

http://cv.jenkins.couchbase.com/job/kv_engine.ASan-UBSan/job/master/21367/ : SUCCESS

http://cv.jenkins.couchbase.com/job/kv_engine-windows-master/39008/ : SUCCESS

http://cv.jenkins.couchbase.com/job/kv_engine.threadsanitizer/job/master/13885/ : SUCCESS
----------------------------------------------------------------------------------------------------------------------
Author: Ben Huddleston
Date: 2021-08-27 14:11:36.000000000
Message: 
Patch Set 3: Code-Review+2
----------------------------------------------------------------------------------------------------------------------
