======================================================================================================================
DESCRIPTION:

Minimise includes of mock_synchronous_ep_engine.h

Create a forward-declaration header 'mock_synchronous_ep_engine_fwd.h'
which can be used by kv_bucket_test.h when just declaring an instance
of SynchronousEPEngine instead of the full definition.

Change-Id: Ifef1dafc53646563f97ab641b51cd191fd034214

======================================================================================================================
COMMENTS
======================================================================================================================
Author: Dave Rigby
Date: 2021-08-27 15:20:05.000000000
Message: 
Uploaded patch set 4.
----------------------------------------------------------------------------------------------------------------------
Author: Build Bot
Date: 2021-08-27 15:52:59.000000000
Message: 
Patch Set 4: Verified-1

Build Failed 

http://cv.jenkins.couchbase.com/job/kv_engine-windows-master/39141/ : FAILURE

Failure of an engine_testapp test:

<pre>
Running [0143/0157]: multi_bucket set/get ...W0827 08:40:28.325356 78944 HazptrDomain.h:670] Using the default inline executor for asynchronous reclamation may be susceptible to deadlock if the current thread happens to hold a resource needed by the deleter of a reclaimable object


99% tests passed, 1 tests failed out of 403

Total Test time (real) = 670.80 sec

The following tests FAIL
</pre>
 ( http://cv.jenkins.couchbase.com/job/kv_engine-windows-master/39141/ )

Timeout of a CTest test 403/403 Test #252: ep_testsuite.value_eviction.comp_active .......................................................................................} ( http://cv.jenkins.couchbase.com/job/kv_engine-windows-master/39141/ )

http://cv.jenkins.couchbase.com/job/kv_engine.threadsanitizer/job/master/13993/ : FAILURE

Failure of an engine_testapp test:

<pre>
Running [0016/0093]: test dcp replica stream one collection...../kv_engine/engines/ep/tests/ep_testsuite_dcp.cc:717 Test failed: `" (Expected `118", got `94" - Buffer Size did not get set correctly)
[2021-08-27T15:36:29.382Z] (21916 ms) FAIL
</pre>
 ( http://cv.jenkins.couchbase.com/job/kv_engine.threadsanitizer/job/master/13993/ )

Timeout of a CTest test [2021-08-27T15:44:17.758Z] 397/397 Test #226: ep-engine_ep_unit_tests.KVStoreParam/KVStoreParamTest .......................................................} ( http://cv.jenkins.couchbase.com/job/kv_engine.threadsanitizer/job/master/13993/ )

http://cv.jenkins.couchbase.com/job/kv_engine-clang_tidy-master/11739/ : SUCCESS

http://cv.jenkins.couchbase.com/job/kv_engine-clang_analyzer-master/33329/ : SUCCESS

http://cv.jenkins.couchbase.com/job/kv_engine-clang_format_9/10521/ : SUCCESS

http://cv.jenkins.couchbase.com/job/kv_engine.macos/job/master/12491/ : SUCCESS

http://cv.jenkins.couchbase.com/job/kv_engine.libFuzzer/job/master/1382/ : SUCCESS

http://cv.jenkins.couchbase.com/job/kv_engine.aarch64-linux/job/master/1396/ : SUCCESS

http://cv.jenkins.couchbase.com/job/kv_engine.linux-CE/job/master/13349/ : SUCCESS

http://cv.jenkins.couchbase.com/job/kv_engine.linux/job/master/13581/ : SUCCESS

http://cv.jenkins.couchbase.com/job/kv_engine.ASan-UBSan/job/master/21506/ : SUCCESS
----------------------------------------------------------------------------------------------------------------------
Author: Build Bot
Date: 2021-08-27 16:36:50.000000000
Message: 
Patch Set 4:

Build Failed 

http://cv.jenkins.couchbase.com/job/kv_engine-windows-master/39141/ : FAILURE

Failure of an engine_testapp test:

<pre>
Running [0143/0157]: multi_bucket set/get ...W0827 08:40:28.325356 78944 HazptrDomain.h:670] Using the default inline executor for asynchronous reclamation may be susceptible to deadlock if the current thread happens to hold a resource needed by the deleter of a reclaimable object


99% tests passed, 1 tests failed out of 403

Total Test time (real) = 670.80 sec

The following tests FAIL
</pre>
 ( http://cv.jenkins.couchbase.com/job/kv_engine-windows-master/39141/ )

Timeout of a CTest test 403/403 Test #252: ep_testsuite.value_eviction.comp_active .......................................................................................} ( http://cv.jenkins.couchbase.com/job/kv_engine-windows-master/39141/ )

http://cv.jenkins.couchbase.com/job/kv_engine-clang_tidy-master/11739/ : SUCCESS

http://cv.jenkins.couchbase.com/job/kv_engine-clang_analyzer-master/33329/ : SUCCESS

http://cv.jenkins.couchbase.com/job/kv_engine-clang_format_9/10521/ : SUCCESS

http://cv.jenkins.couchbase.com/job/kv_engine.macos/job/master/12491/ : SUCCESS

http://cv.jenkins.couchbase.com/job/kv_engine.libFuzzer/job/master/1382/ : SUCCESS

http://cv.jenkins.couchbase.com/job/kv_engine.aarch64-linux/job/master/1396/ : SUCCESS

http://cv.jenkins.couchbase.com/job/kv_engine.linux-CE/job/master/13349/ : SUCCESS

http://cv.jenkins.couchbase.com/job/kv_engine.linux/job/master/13581/ : SUCCESS

http://cv.jenkins.couchbase.com/job/kv_engine.ASan-UBSan/job/master/21506/ : SUCCESS

http://cv.jenkins.couchbase.com/job/kv_engine.threadsanitizer/job/master/13999/ : SUCCESS
----------------------------------------------------------------------------------------------------------------------
