======================================================================================================================
DESCRIPTION:

MB-50492: Nexus don't call getCollectionStats() too early

Currently NexusKVStore::generateSecondaryVBManifest() calls
KVStore::getCollectionStats() which access the local store to get
collection stats from disk. This is however, can cause very noisy logs
if the secondary KVStore hasn't had it's on disk collections haven't
written yet e.g. if generateSecondaryVBManifest() is being called for
the fist commit() of manifest items to disk.

To fix this, call getPersistedVBucketState() to see if we've written the
vbucket state to disk yet.

Change-Id: If1c352bc9b32f2bc709848771b7967f142de0f45

======================================================================================================================
COMMENTS
======================================================================================================================
Author: Richard de Mellow
Date: 2022-01-26 18:00:14.000000000
Message: 
Uploaded patch set 5.
----------------------------------------------------------------------------------------------------------------------
Author: Build Bot
Date: 2022-01-26 18:44:26.000000000
Message: 
Patch Set 5: Verified-1

Build Failed 

http://cv.jenkins.couchbase.com/job/kv_engine-windows-master/43339/ : FAILURE

Timeout of a CTest test 147/418 Test #146: ep-engine_ep_unit_tests.CollectionsDcpEphemeralOrPersistent/CollectionsDcpParameterizedTest ...................................} ( http://cv.jenkins.couchbase.com/job/kv_engine-windows-master/43339/ )

http://cv.jenkins.couchbase.com/job/kv_engine.threadsanitizer/job/master/17934/ : FAILURE

ThreadSanitizer issue: data race on vptr (ctor/dtor vs virtual call) /home/couchbase/jenkins/workspace/kv_engine.threadsanitizer_master@3/kv_engine/engines/ep/tests/mock/mock_ep_bucket.h:23 in MockEPBucket::~MockEPBucket()  ( http://cv.jenkins.couchbase.com/job/kv_engine.threadsanitizer/job/master/17934/ )

http://cv.jenkins.couchbase.com/job/kv_engine.linux-CE/job/master/16862/ : FAILURE

Failure of GoogleTest "TransportProtocols/GetSetTest.ServerRejectsLargeSizeWithXattrCompressed/McbpSsl_XattrYes_JsonNo_SnappyYes":

<pre>
[ RUN      ] TransportProtocols/GetSetTest.ServerRejectsLargeSizeWithXattrCompressed/McbpSsl_XattrYes_JsonNo_SnappyYes
[2022-01-26T18:26:06.984Z] unknown file: Failure
[2022-01-26T18:26:06.984Z] C++ exception with description "Failed to mutateWithMeta TransportProtocols_GetSetTest_ServerRejectsLargeSizeWithXattrCompressed_McbpSsl_XattrYes_JsonNo_SnappyYes : Temporary failure (134)" thrown in the test body.
[2022-01-26T18:26:06.984Z] [  FAILED  ] TransportProtocols/GetSetTest.ServerRejectsLargeSizeWithXattrCompressed/McbpSsl_XattrYes_JsonNo_SnappyYes, where GetParam() = (McbpSsl, XattrYes, 4-byte object <01-00 00-00>, 4-byte object <00-00 00-00>) (215 ms)
TransportProtocols/GetSetTest.ServerRejectsLargeSizeWithXattrCompressed/McbpSsl_XattrYes_JsonNo_SnappyYes
</pre>
 ( http://cv.jenkins.couchbase.com/job/kv_engine.linux-CE/job/master/16862/ )

http://cv.jenkins.couchbase.com/job/kv_engine-clang_format_9/14006/ : SUCCESS

http://cv.jenkins.couchbase.com/job/kv_engine-clang_tidy-master/15162/ : SUCCESS

http://cv.jenkins.couchbase.com/job/kv_engine-clang_analyzer-master/36613/ : SUCCESS

http://cv.jenkins.couchbase.com/job/kv_engine.macos/job/master/15975/ : SUCCESS

http://cv.jenkins.couchbase.com/job/kv_engine.libFuzzer/job/master/4811/ : SUCCESS

http://cv.jenkins.couchbase.com/job/kv_engine.linux/job/master/17176/ : SUCCESS

http://cv.jenkins.couchbase.com/job/kv_engine.aarch64-linux/job/master/4872/ : SUCCESS

http://cv.jenkins.couchbase.com/job/kv_engine.ASan-UBSan/job/master/25276/ : SUCCESS
----------------------------------------------------------------------------------------------------------------------
Author: Build Bot
Date: 2022-01-27 09:25:53.000000000
Message: 
Patch Set 5:

Build Failed 

http://cv.jenkins.couchbase.com/job/kv_engine.linux-CE/job/master/16869/ : FAILURE

Failure of GoogleTest "TransportProtocols/GetSetTest.ServerRejectsLargeSizeWithXattrCompressed/McbpSsl_XattrYes_JsonYes_SnappyYes":

<pre>
[ RUN      ] TransportProtocols/GetSetTest.ServerRejectsLargeSizeWithXattrCompressed/McbpSsl_XattrYes_JsonYes_SnappyYes
[2022-01-27T08:58:53.366Z] unknown file: Failure
[2022-01-27T08:58:53.366Z] C++ exception with description "Failed to mutateWithMeta TransportProtocols_GetSetTest_ServerRejectsLargeSizeWithXattrCompressed_McbpSsl_XattrYes_JsonYes_SnappyYes : Temporary failure (134)" thrown in the test body.
[2022-01-27T08:58:53.366Z] [  FAILED  ] TransportProtocols/GetSetTest.ServerRejectsLargeSizeWithXattrCompressed/McbpSsl_XattrYes_JsonYes_SnappyYes, where GetParam() = (McbpSsl, XattrYes, 4-byte object <00-00 00-00>, 4-byte object <00-00 00-00>) (192 ms)
TransportProtocols/GetSetTest.ServerRejectsLargeSizeWithXattrCompressed/McbpSsl_XattrYes_JsonYes_SnappyYes
</pre>
 ( http://cv.jenkins.couchbase.com/job/kv_engine.linux-CE/job/master/16869/ )

http://cv.jenkins.couchbase.com/job/kv_engine-windows-master/43350/ : FAILURE

Timeout of a CTest test 147/418 Test #146: ep-engine_ep_unit_tests.CollectionsDcpEphemeralOrPersistent/CollectionsDcpParameterizedTest ...................................} ( http://cv.jenkins.couchbase.com/job/kv_engine-windows-master/43350/ )

http://cv.jenkins.couchbase.com/job/kv_engine-clang_format_9/14006/ : SUCCESS

http://cv.jenkins.couchbase.com/job/kv_engine-clang_tidy-master/15162/ : SUCCESS

http://cv.jenkins.couchbase.com/job/kv_engine-clang_analyzer-master/36613/ : SUCCESS

http://cv.jenkins.couchbase.com/job/kv_engine.macos/job/master/15975/ : SUCCESS

http://cv.jenkins.couchbase.com/job/kv_engine.libFuzzer/job/master/4811/ : SUCCESS

http://cv.jenkins.couchbase.com/job/kv_engine.linux/job/master/17176/ : SUCCESS

http://cv.jenkins.couchbase.com/job/kv_engine.threadsanitizer/job/master/17941/ : SUCCESS

http://cv.jenkins.couchbase.com/job/kv_engine.aarch64-linux/job/master/4872/ : SUCCESS

http://cv.jenkins.couchbase.com/job/kv_engine.ASan-UBSan/job/master/25276/ : SUCCESS
----------------------------------------------------------------------------------------------------------------------
Author: Build Bot
Date: 2022-01-27 10:19:00.000000000
Message: 
Patch Set 5:

Build Failed 

http://cv.jenkins.couchbase.com/job/kv_engine-windows-master/43354/ : FAILURE

Timeout of a CTest test 147/418 Test #146: ep-engine_ep_unit_tests.CollectionsDcpEphemeralOrPersistent/CollectionsDcpParameterizedTest ...................................} ( http://cv.jenkins.couchbase.com/job/kv_engine-windows-master/43354/ )

http://cv.jenkins.couchbase.com/job/kv_engine-clang_format_9/14006/ : SUCCESS

http://cv.jenkins.couchbase.com/job/kv_engine-clang_tidy-master/15162/ : SUCCESS

http://cv.jenkins.couchbase.com/job/kv_engine-clang_analyzer-master/36613/ : SUCCESS

http://cv.jenkins.couchbase.com/job/kv_engine.macos/job/master/15975/ : SUCCESS

http://cv.jenkins.couchbase.com/job/kv_engine.libFuzzer/job/master/4811/ : SUCCESS

http://cv.jenkins.couchbase.com/job/kv_engine.linux/job/master/17176/ : SUCCESS

http://cv.jenkins.couchbase.com/job/kv_engine.threadsanitizer/job/master/17941/ : SUCCESS

http://cv.jenkins.couchbase.com/job/kv_engine.aarch64-linux/job/master/4872/ : SUCCESS

http://cv.jenkins.couchbase.com/job/kv_engine.ASan-UBSan/job/master/25276/ : SUCCESS

http://cv.jenkins.couchbase.com/job/kv_engine.linux-CE/job/master/16872/ : SUCCESS
----------------------------------------------------------------------------------------------------------------------
Author: Build Bot
Date: 2022-01-27 11:22:51.000000000
Message: 
Patch Set 5:

Build Failed 

http://cv.jenkins.couchbase.com/job/kv_engine-windows-master/43361/ : FAILURE

Failure of an engine_testapp test:

<pre>
Running [0026/0159]: itempager conf...(90 ms) OK


89% tests passed, 44 tests failed out of 418

Total Test time (real) = 2134.34 sec

The following tests FAIL
</pre>
 ( http://cv.jenkins.couchbase.com/job/kv_engine-windows-master/43361/ )

Timeout of a CTest test 147/418 Test #146: ep-engine_ep_unit_tests.CollectionsDcpEphemeralOrPersistent/CollectionsDcpParameterizedTest ...................................} ( http://cv.jenkins.couchbase.com/job/kv_engine-windows-master/43361/ )

http://cv.jenkins.couchbase.com/job/kv_engine-clang_format_9/14006/ : SUCCESS

http://cv.jenkins.couchbase.com/job/kv_engine-clang_tidy-master/15162/ : SUCCESS

http://cv.jenkins.couchbase.com/job/kv_engine-clang_analyzer-master/36613/ : SUCCESS

http://cv.jenkins.couchbase.com/job/kv_engine.macos/job/master/15975/ : SUCCESS

http://cv.jenkins.couchbase.com/job/kv_engine.libFuzzer/job/master/4811/ : SUCCESS

http://cv.jenkins.couchbase.com/job/kv_engine.linux/job/master/17176/ : SUCCESS

http://cv.jenkins.couchbase.com/job/kv_engine.threadsanitizer/job/master/17941/ : SUCCESS

http://cv.jenkins.couchbase.com/job/kv_engine.aarch64-linux/job/master/4872/ : SUCCESS

http://cv.jenkins.couchbase.com/job/kv_engine.ASan-UBSan/job/master/25276/ : SUCCESS

http://cv.jenkins.couchbase.com/job/kv_engine.linux-CE/job/master/16872/ : SUCCESS
----------------------------------------------------------------------------------------------------------------------
Author: Build Bot
Date: 2022-01-27 13:01:15.000000000
Message: 
Patch Set 5:

Build Failed 

http://cv.jenkins.couchbase.com/job/kv_engine-windows-master/43366/ : FAILURE

Failure of GoogleTest "CollectionsKVStoreTests/CollectionsKVStoreTest.initial_meta/magma":

<pre>
[ RUN      ] CollectionsKVStoreTests/CollectionsKVStoreTest.initial_meta/magma
unknown file: error: C++ exception with description "cb::io::rmrf: remove of directory \\?\C:\Jenkins\workspace\kv_engine-windows-master\build\kv_engine\ep_engine_ep_unit_tests.db\test.614701\magma.0\kvstore-0\rev-000000002\keyIndex failed: unknown error" thrown in TearDown().
[  FAILED  ] CollectionsKVStoreTests/CollectionsKVStoreTest.initial_meta/magma, where GetParam() = "magma" (2307 ms)
CollectionsKVStoreTests/CollectionsKVStoreTest.initial_meta/magma
</pre>
 ( http://cv.jenkins.couchbase.com/job/kv_engine-windows-master/43366/ )

Timeout of a CTest test 146/418 Test #146: ep-engine_ep_unit_tests.CollectionsDcpEphemeralOrPersistent/CollectionsDcpParameterizedTest ...................................} ( http://cv.jenkins.couchbase.com/job/kv_engine-windows-master/43366/ )

http://cv.jenkins.couchbase.com/job/kv_engine-clang_format_9/14006/ : SUCCESS

http://cv.jenkins.couchbase.com/job/kv_engine-clang_tidy-master/15162/ : SUCCESS

http://cv.jenkins.couchbase.com/job/kv_engine-clang_analyzer-master/36613/ : SUCCESS

http://cv.jenkins.couchbase.com/job/kv_engine.macos/job/master/15975/ : SUCCESS

http://cv.jenkins.couchbase.com/job/kv_engine.libFuzzer/job/master/4811/ : SUCCESS

http://cv.jenkins.couchbase.com/job/kv_engine.linux/job/master/17176/ : SUCCESS

http://cv.jenkins.couchbase.com/job/kv_engine.threadsanitizer/job/master/17941/ : SUCCESS

http://cv.jenkins.couchbase.com/job/kv_engine.aarch64-linux/job/master/4872/ : SUCCESS

http://cv.jenkins.couchbase.com/job/kv_engine.ASan-UBSan/job/master/25276/ : SUCCESS

http://cv.jenkins.couchbase.com/job/kv_engine.linux-CE/job/master/16872/ : SUCCESS
----------------------------------------------------------------------------------------------------------------------
Author: Build Bot
Date: 2022-01-27 13:47:45.000000000
Message: 
Patch Set 5:

Build Failed 

http://cv.jenkins.couchbase.com/job/kv_engine-windows-master/43371/ : FAILURE

Timeout of a CTest test 147/418 Test #146: ep-engine_ep_unit_tests.CollectionsDcpEphemeralOrPersistent/CollectionsDcpParameterizedTest ...................................} ( http://cv.jenkins.couchbase.com/job/kv_engine-windows-master/43371/ )

http://cv.jenkins.couchbase.com/job/kv_engine-clang_format_9/14006/ : SUCCESS

http://cv.jenkins.couchbase.com/job/kv_engine-clang_tidy-master/15162/ : SUCCESS

http://cv.jenkins.couchbase.com/job/kv_engine-clang_analyzer-master/36613/ : SUCCESS

http://cv.jenkins.couchbase.com/job/kv_engine.macos/job/master/15975/ : SUCCESS

http://cv.jenkins.couchbase.com/job/kv_engine.libFuzzer/job/master/4811/ : SUCCESS

http://cv.jenkins.couchbase.com/job/kv_engine.linux/job/master/17176/ : SUCCESS

http://cv.jenkins.couchbase.com/job/kv_engine.threadsanitizer/job/master/17941/ : SUCCESS

http://cv.jenkins.couchbase.com/job/kv_engine.aarch64-linux/job/master/4872/ : SUCCESS

http://cv.jenkins.couchbase.com/job/kv_engine.ASan-UBSan/job/master/25276/ : SUCCESS

http://cv.jenkins.couchbase.com/job/kv_engine.linux-CE/job/master/16872/ : SUCCESS
----------------------------------------------------------------------------------------------------------------------
Author: Build Bot
Date: 2022-01-27 14:51:33.000000000
Message: 
Patch Set 5:

Build Failed 

http://cv.jenkins.couchbase.com/job/kv_engine-windows-master/43376/ : FAILURE

Timeout of a CTest test 147/418 Test #146: ep-engine_ep_unit_tests.CollectionsDcpEphemeralOrPersistent/CollectionsDcpParameterizedTest ...................................} ( http://cv.jenkins.couchbase.com/job/kv_engine-windows-master/43376/ )

http://cv.jenkins.couchbase.com/job/kv_engine-clang_format_9/14006/ : SUCCESS

http://cv.jenkins.couchbase.com/job/kv_engine-clang_tidy-master/15162/ : SUCCESS

http://cv.jenkins.couchbase.com/job/kv_engine-clang_analyzer-master/36613/ : SUCCESS

http://cv.jenkins.couchbase.com/job/kv_engine.macos/job/master/15975/ : SUCCESS

http://cv.jenkins.couchbase.com/job/kv_engine.libFuzzer/job/master/4811/ : SUCCESS

http://cv.jenkins.couchbase.com/job/kv_engine.linux/job/master/17176/ : SUCCESS

http://cv.jenkins.couchbase.com/job/kv_engine.threadsanitizer/job/master/17941/ : SUCCESS

http://cv.jenkins.couchbase.com/job/kv_engine.aarch64-linux/job/master/4872/ : SUCCESS

http://cv.jenkins.couchbase.com/job/kv_engine.ASan-UBSan/job/master/25276/ : SUCCESS

http://cv.jenkins.couchbase.com/job/kv_engine.linux-CE/job/master/16872/ : SUCCESS
----------------------------------------------------------------------------------------------------------------------
Author: Build Bot
Date: 2022-01-27 16:09:01.000000000
Message: 
Patch Set 5:

Build Failed 

http://cv.jenkins.couchbase.com/job/kv_engine-windows-master/43378/ : FAILURE

Failure of an engine_testapp test:

<pre>
Running [0034/0159]: test access scanner settings.....\kv_engine\engines\ep\tests\ep_testsuite.cc:3391 Test failed: `" (Expected `2022-01-27 16:14:32" to be less than or equal to `2022-01-27 16:14:31" - Unexpected task time range, expect: 2022-01-27 16:14:32 <= 2022-01-27 16:14:31 <= 2022-01-27 16:14:32)
(214 ms) FAIL
</pre>
 ( http://cv.jenkins.couchbase.com/job/kv_engine-windows-master/43378/ )

Timeout of a CTest test 147/418 Test #146: ep-engine_ep_unit_tests.CollectionsDcpEphemeralOrPersistent/CollectionsDcpParameterizedTest ...................................} ( http://cv.jenkins.couchbase.com/job/kv_engine-windows-master/43378/ )

http://cv.jenkins.couchbase.com/job/kv_engine-clang_format_9/14006/ : SUCCESS

http://cv.jenkins.couchbase.com/job/kv_engine-clang_tidy-master/15162/ : SUCCESS

http://cv.jenkins.couchbase.com/job/kv_engine-clang_analyzer-master/36613/ : SUCCESS

http://cv.jenkins.couchbase.com/job/kv_engine.macos/job/master/15975/ : SUCCESS

http://cv.jenkins.couchbase.com/job/kv_engine.libFuzzer/job/master/4811/ : SUCCESS

http://cv.jenkins.couchbase.com/job/kv_engine.linux/job/master/17176/ : SUCCESS

http://cv.jenkins.couchbase.com/job/kv_engine.threadsanitizer/job/master/17941/ : SUCCESS

http://cv.jenkins.couchbase.com/job/kv_engine.aarch64-linux/job/master/4872/ : SUCCESS

http://cv.jenkins.couchbase.com/job/kv_engine.ASan-UBSan/job/master/25276/ : SUCCESS

http://cv.jenkins.couchbase.com/job/kv_engine.linux-CE/job/master/16872/ : SUCCESS
----------------------------------------------------------------------------------------------------------------------
