======================================================================================================================
DESCRIPTION:

MB-35297: Continue/Cancel RangeScan on an I/O task

Add RangeScanContinueTask (READER) which is a task to be scheduled
in response to scan continue or cancel requests.

For continue, the "scanning" occurs on the I/O task.
For cancel, the destruct (close of snapshot) occurs on the (same) I/O
task.

In this commit the task "model" is intentionally simple, 1 new task
created per continue or cancel. The focus of the commit is the
scan continue/cancel logic and a future commit will look to improve
the task model by limiting the tasks and/or limiting the concurrency.

Change-Id: I96daac2c6b81da145f21754e17c519de13cafc03

======================================================================================================================
COMMENTS
======================================================================================================================
Author: Jim Walker
Date: 2022-04-25 14:16:51.000000000
Message: 
Uploaded patch set 15.
----------------------------------------------------------------------------------------------------------------------
Author: Build Bot
Date: 2022-04-25 15:02:01.000000000
Message: 
Patch Set 15: Verified-1

Build Failed 

http://cv.jenkins.couchbase.com/job/kv_engine-windows-master/45588/ : FAILURE

Failure of an engine_testapp test:

<pre>
Running [48/93]: test chk manager rollback...(15 ms) SKIPPED


99% tests passed, 1 tests failed out of 427

Total Test time (real) = 346.91 sec

The following tests FAIL
</pre>
 ( http://cv.jenkins.couchbase.com/job/kv_engine-windows-master/45588/ )

Timeout of a CTest test 427/427 Test #295: ep_testsuite_dcp.ephemeral.comp_active ..................................................................} ( http://cv.jenkins.couchbase.com/job/kv_engine-windows-master/45588/ )

http://cv.jenkins.couchbase.com/job/kv_engine.linux-CE/job/master/18732/ : FAILURE

Failure of GoogleTest "EphemeralOrPersistent/STItemPagerTest.ReplicaEvictedBeforeActive/persistent_couchstore_full_eviction":

<pre>
[ RUN      ] EphemeralOrPersistent/STItemPagerTest.ReplicaEvictedBeforeActive/persistent_couchstore_full_eviction
[2022-04-25T14:21:39.144Z] ../kv_engine/engines/ep/tests/module_tests/item_pager_test.cc:1225: Failure
[2022-04-25T14:21:39.144Z] Expected equality of these values:
[2022-04-25T14:21:39.144Z]   100
[2022-04-25T14:21:39.144Z]   getRRPercent(*store->getVBucket(vbid))
[2022-04-25T14:21:39.144Z]     Which is: 95
[2022-04-25T14:21:39.144Z] vb:0 not fully resident after eviction
[2022-04-25T14:21:39.144Z] ../kv_engine/engines/ep/tests/module_tests/item_pager_test.cc:1225: Failure
[2022-04-25T14:21:39.144Z] Expected equality of these values:
[2022-04-25T14:21:39.144Z]   100
[2022-04-25T14:21:39.144Z]   getRRPercent(*store->getVBucket(vbid))
[2022-04-25T14:21:39.144Z]     Which is: 97
[2022-04-25T14:21:39.144Z] vb:1 not fully resident after eviction
[2022-04-25T14:21:39.144Z] [  FAILED  ] EphemeralOrPersistent/STItemPagerTest.ReplicaEvictedBeforeActive/persistent_couchstore_full_eviction, where GetParam() = "bucket_type=persistent:backend=couchstore:item_eviction_policy=full_eviction" (555 ms)
EphemeralOrPersistent/STItemPagerTest.ReplicaEvictedBeforeActive/persistent_couchstore_full_eviction
</pre>
 ( http://cv.jenkins.couchbase.com/job/kv_engine.linux-CE/job/master/18732/ )

http://cv.jenkins.couchbase.com/job/kv_engine.linux/job/master/19076/ : FAILURE

Failure of GoogleTest "EphemeralOrPersistent/STItemPagerTest.ReplicaEvictedBeforeActive/persistent_couchstore_full_eviction":

<pre>
[ RUN      ] EphemeralOrPersistent/STItemPagerTest.ReplicaEvictedBeforeActive/persistent_couchstore_full_eviction
[2022-04-25T14:22:58.740Z] ../kv_engine/engines/ep/tests/module_tests/item_pager_test.cc:1225: Failure
[2022-04-25T14:22:58.740Z] Expected equality of these values:
[2022-04-25T14:22:58.740Z]   100
[2022-04-25T14:22:58.740Z]   getRRPercent(*store->getVBucket(vbid))
[2022-04-25T14:22:58.740Z]     Which is: 97
[2022-04-25T14:22:58.740Z] vb:0 not fully resident after eviction
[2022-04-25T14:22:58.740Z] ../kv_engine/engines/ep/tests/module_tests/item_pager_test.cc:1225: Failure
[2022-04-25T14:22:58.740Z] Expected equality of these values:
[2022-04-25T14:22:58.740Z]   100
[2022-04-25T14:22:58.740Z]   getRRPercent(*store->getVBucket(vbid))
[2022-04-25T14:22:58.740Z]     Which is: 97
[2022-04-25T14:22:58.740Z] vb:1 not fully resident after eviction
[2022-04-25T14:22:58.740Z] [  FAILED  ] EphemeralOrPersistent/STItemPagerTest.ReplicaEvictedBeforeActive/persistent_couchstore_full_eviction, where GetParam() = "bucket_type=persistent:backend=couchstore:item_eviction_policy=full_eviction" (639 ms)
EphemeralOrPersistent/STItemPagerTest.ReplicaEvictedBeforeActive/persistent_couchstore_full_eviction
</pre>
 ( http://cv.jenkins.couchbase.com/job/kv_engine.linux/job/master/19076/ )

http://cv.jenkins.couchbase.com/job/kv_engine.ASan-UBSan/job/master/27147/ : FAILURE

One of more core files found at the end of the build. Data for post-mortem saved to archived_core_dumps.tar.bz2 under "Build Artifacts". ( http://cv.jenkins.couchbase.com/job/kv_engine.ASan-UBSan/job/master/27147/ )

http://cv.jenkins.couchbase.com/job/kv_engine-clang_analyzer-master/38301/ : SUCCESS

http://cv.jenkins.couchbase.com/job/kv_engine-clang_tidy-master/16948/ : SUCCESS

http://cv.jenkins.couchbase.com/job/kv_engine-clang_format_9/15916/ : SUCCESS

http://cv.jenkins.couchbase.com/job/kv_engine.libFuzzer/job/master/6607/ : SUCCESS

http://cv.jenkins.couchbase.com/job/kv_engine.threadsanitizer/job/master/19774/ : SUCCESS

http://cv.jenkins.couchbase.com/job/kv_engine.macos/job/master/17853/ : SUCCESS

http://cv.jenkins.couchbase.com/job/kv_engine.aarch64-linux/job/master/6699/ : SUCCESS
----------------------------------------------------------------------------------------------------------------------
Author: Build Bot
Date: 2022-04-25 17:15:59.000000000
Message: 
Patch Set 15:

Build Failed 

http://cv.jenkins.couchbase.com/job/kv_engine.linux/job/master/19084/ : FAILURE

Failure of GoogleTest "EphemeralOrPersistent/STItemPagerTest.ReplicaEvictedBeforeActive/persistent_couchstore_full_eviction":

<pre>
[ RUN      ] EphemeralOrPersistent/STItemPagerTest.ReplicaEvictedBeforeActive/persistent_couchstore_full_eviction
[2022-04-25T16:34:09.229Z] ../kv_engine/engines/ep/tests/module_tests/item_pager_test.cc:1225: Failure
[2022-04-25T16:34:09.229Z] Expected equality of these values:
[2022-04-25T16:34:09.229Z]   100
[2022-04-25T16:34:09.229Z]   getRRPercent(*store->getVBucket(vbid))
[2022-04-25T16:34:09.229Z]     Which is: 94
[2022-04-25T16:34:09.229Z] vb:0 not fully resident after eviction
[2022-04-25T16:34:09.229Z] ../kv_engine/engines/ep/tests/module_tests/item_pager_test.cc:1225: Failure
[2022-04-25T16:34:09.229Z] Expected equality of these values:
[2022-04-25T16:34:09.229Z]   100
[2022-04-25T16:34:09.229Z]   getRRPercent(*store->getVBucket(vbid))
[2022-04-25T16:34:09.229Z]     Which is: 97
[2022-04-25T16:34:09.229Z] vb:1 not fully resident after eviction
[2022-04-25T16:34:09.229Z] [  FAILED  ] EphemeralOrPersistent/STItemPagerTest.ReplicaEvictedBeforeActive/persistent_couchstore_full_eviction, where GetParam() = "bucket_type=persistent:backend=couchstore:item_eviction_policy=full_eviction" (275 ms)
EphemeralOrPersistent/STItemPagerTest.ReplicaEvictedBeforeActive/persistent_couchstore_full_eviction
</pre>
 ( http://cv.jenkins.couchbase.com/job/kv_engine.linux/job/master/19084/ )

http://cv.jenkins.couchbase.com/job/kv_engine.linux-CE/job/master/18740/ : FAILURE

Failure of GoogleTest "EphemeralOrPersistent/STItemPagerTest.ReplicaEvictedBeforeActive/persistent_couchstore_full_eviction":

<pre>
[ RUN      ] EphemeralOrPersistent/STItemPagerTest.ReplicaEvictedBeforeActive/persistent_couchstore_full_eviction
[2022-04-25T16:37:56.724Z] ../kv_engine/engines/ep/tests/module_tests/item_pager_test.cc:1225: Failure
[2022-04-25T16:37:56.724Z] Expected equality of these values:
[2022-04-25T16:37:56.724Z]   100
[2022-04-25T16:37:56.724Z]   getRRPercent(*store->getVBucket(vbid))
[2022-04-25T16:37:56.724Z]     Which is: 94
[2022-04-25T16:37:56.724Z] vb:0 not fully resident after eviction
[2022-04-25T16:37:56.724Z] ../kv_engine/engines/ep/tests/module_tests/item_pager_test.cc:1225: Failure
[2022-04-25T16:37:56.724Z] Expected equality of these values:
[2022-04-25T16:37:56.724Z]   100
[2022-04-25T16:37:56.724Z]   getRRPercent(*store->getVBucket(vbid))
[2022-04-25T16:37:56.724Z]     Which is: 97
[2022-04-25T16:37:56.724Z] vb:1 not fully resident after eviction
[2022-04-25T16:37:56.724Z] [  FAILED  ] EphemeralOrPersistent/STItemPagerTest.ReplicaEvictedBeforeActive/persistent_couchstore_full_eviction, where GetParam() = "bucket_type=persistent:backend=couchstore:item_eviction_policy=full_eviction" (688 ms)
EphemeralOrPersistent/STItemPagerTest.ReplicaEvictedBeforeActive/persistent_couchstore_full_eviction
</pre>
 ( http://cv.jenkins.couchbase.com/job/kv_engine.linux-CE/job/master/18740/ )

http://cv.jenkins.couchbase.com/job/kv_engine.macos/job/master/17862/ : FAILURE

Failure of an engine_testapp test:

<pre>
Running [42/159]: file stats post warmup...../kv_engine/engines/ep/tests/ep_testsuite.cc:2327 Test failed: `" (Expected `383386" to be less than or equal to `368640" - Unexpected fileSize for vbucket)
[2022-04-25T16:26:29.504Z] (226 ms) FAIL
</pre>
 ( http://cv.jenkins.couchbase.com/job/kv_engine.macos/job/master/17862/ )

http://cv.jenkins.couchbase.com/job/kv_engine.ASan-UBSan/job/master/27155/ : FAILURE

One of more core files found at the end of the build. Data for post-mortem saved to archived_core_dumps.tar.bz2 under "Build Artifacts". ( http://cv.jenkins.couchbase.com/job/kv_engine.ASan-UBSan/job/master/27155/ )

http://cv.jenkins.couchbase.com/job/kv_engine-clang_analyzer-master/38309/ : SUCCESS

http://cv.jenkins.couchbase.com/job/kv_engine-clang_tidy-master/16956/ : SUCCESS

http://cv.jenkins.couchbase.com/job/kv_engine-clang_format_9/15924/ : SUCCESS

http://cv.jenkins.couchbase.com/job/kv_engine-windows-master/45597/ : SUCCESS

http://cv.jenkins.couchbase.com/job/kv_engine.libFuzzer/job/master/6615/ : SUCCESS

http://cv.jenkins.couchbase.com/job/kv_engine.threadsanitizer/job/master/19782/ : SUCCESS

http://cv.jenkins.couchbase.com/job/kv_engine.aarch64-linux/job/master/6708/ : SUCCESS
----------------------------------------------------------------------------------------------------------------------
Author: Jim Walker
Date: 2022-04-26 09:47:11.000000000
Message: 
Patch Set 15: Code-Review-2

(1 comment)
File Comment: /PATCHSET_LEVEL -> possible real ASAN issue - checking
----------------------------------------------------------------------------------------------------------------------
Author: Build Bot
Date: 2022-04-26 10:20:14.000000000
Message: 
Patch Set 15:

Build Failed 

http://cv.jenkins.couchbase.com/job/kv_engine.ASan-UBSan/job/master/27189/ : ABORTED

No problems were identified. If you know why this problem occurred, please add a suitable Cause for it. ( http://cv.jenkins.couchbase.com/job/kv_engine.ASan-UBSan/job/master/27189/ )

http://cv.jenkins.couchbase.com/job/kv_engine.linux/job/master/19125/ : FAILURE

Failure of GoogleTest "EphemeralOrPersistent/STItemPagerTest.ReplicaEvictedBeforeActive/persistent_couchstore_full_eviction":

<pre>
[ RUN      ] EphemeralOrPersistent/STItemPagerTest.ReplicaEvictedBeforeActive/persistent_couchstore_full_eviction
[2022-04-26T10:16:54.027Z] ../kv_engine/engines/ep/tests/module_tests/item_pager_test.cc:1225: Failure
[2022-04-26T10:16:54.027Z] Expected equality of these values:
[2022-04-26T10:16:54.027Z]   100
[2022-04-26T10:16:54.027Z]   getRRPercent(*store->getVBucket(vbid))
[2022-04-26T10:16:54.027Z]     Which is: 96
[2022-04-26T10:16:54.027Z] vb:0 not fully resident after eviction
[2022-04-26T10:16:54.027Z] ../kv_engine/engines/ep/tests/module_tests/item_pager_test.cc:1225: Failure
[2022-04-26T10:16:54.027Z] Expected equality of these values:
[2022-04-26T10:16:54.027Z]   100
[2022-04-26T10:16:54.027Z]   getRRPercent(*store->getVBucket(vbid))
[2022-04-26T10:16:54.027Z]     Which is: 97
[2022-04-26T10:16:54.027Z] vb:1 not fully resident after eviction
[2022-04-26T10:16:54.027Z] [  FAILED  ] EphemeralOrPersistent/STItemPagerTest.ReplicaEvictedBeforeActive/persistent_couchstore_full_eviction, where GetParam() = "bucket_type=persistent:backend=couchstore:item_eviction_policy=full_eviction" (395 ms)
EphemeralOrPersistent/STItemPagerTest.ReplicaEvictedBeforeActive/persistent_couchstore_full_eviction
</pre>
 ( http://cv.jenkins.couchbase.com/job/kv_engine.linux/job/master/19125/ )

http://cv.jenkins.couchbase.com/job/kv_engine-windows-master/45635/ : FAILURE

Failure of an engine_testapp test:

<pre>
Running [21/93]: test producer stream request (full merged snapshots)...(159 ms) OK


99% tests passed, 1 tests failed out of 427

Total Test time (real) = 372.82 sec

The following tests FAIL
</pre>
 ( http://cv.jenkins.couchbase.com/job/kv_engine-windows-master/45635/ )

Timeout of a CTest test 427/427 Test #291: ep_testsuite_dcp.value_eviction.comp_active .............................................................} ( http://cv.jenkins.couchbase.com/job/kv_engine-windows-master/45635/ )

http://cv.jenkins.couchbase.com/job/kv_engine.linux-CE/job/master/18780/ : FAILURE

Failure of GoogleTest "EphemeralOrPersistent/STItemPagerTest.ReplicaEvictedBeforeActive/persistent_couchstore_full_eviction":

<pre>
[ RUN      ] EphemeralOrPersistent/STItemPagerTest.ReplicaEvictedBeforeActive/persistent_couchstore_full_eviction
[2022-04-26T10:16:13.655Z] ../kv_engine/engines/ep/tests/module_tests/item_pager_test.cc:1225: Failure
[2022-04-26T10:16:13.655Z] Expected equality of these values:
[2022-04-26T10:16:13.655Z]   100
[2022-04-26T10:16:13.655Z]   getRRPercent(*store->getVBucket(vbid))
[2022-04-26T10:16:13.655Z]     Which is: 94
[2022-04-26T10:16:13.655Z] vb:0 not fully resident after eviction
[2022-04-26T10:16:13.655Z] ../kv_engine/engines/ep/tests/module_tests/item_pager_test.cc:1225: Failure
[2022-04-26T10:16:13.655Z] Expected equality of these values:
[2022-04-26T10:16:13.655Z]   100
[2022-04-26T10:16:13.655Z]   getRRPercent(*store->getVBucket(vbid))
[2022-04-26T10:16:13.655Z]     Which is: 97
[2022-04-26T10:16:13.655Z] vb:1 not fully resident after eviction
[2022-04-26T10:16:13.655Z] [  FAILED  ] EphemeralOrPersistent/STItemPagerTest.ReplicaEvictedBeforeActive/persistent_couchstore_full_eviction, where GetParam() = "bucket_type=persistent:backend=couchstore:item_eviction_policy=full_eviction" (698 ms)
EphemeralOrPersistent/STItemPagerTest.ReplicaEvictedBeforeActive/persistent_couchstore_full_eviction
</pre>
 ( http://cv.jenkins.couchbase.com/job/kv_engine.linux-CE/job/master/18780/ )

One of more core files found at the end of the build. Data for post-mortem saved to archived_core_dumps.tar.bz2 under "Build Artifacts". ( http://cv.jenkins.couchbase.com/job/kv_engine.linux-CE/job/master/18780/ )

http://cv.jenkins.couchbase.com/job/kv_engine.macos/job/master/17899/ : FAILURE

Failure of an engine_testapp test:

<pre>
Running [42/159]: file stats post warmup...../kv_engine/engines/ep/tests/ep_testsuite.cc:2327 Test failed: `" (Expected `383386" to be less than or equal to `368640" - Unexpected fileSize for vbucket)
[2022-04-26T08:55:01.091Z] (280 ms) FAIL
</pre>
 ( http://cv.jenkins.couchbase.com/job/kv_engine.macos/job/master/17899/ )

http://cv.jenkins.couchbase.com/job/kv_engine-clang_analyzer-master/38335/ : SUCCESS

http://cv.jenkins.couchbase.com/job/kv_engine-clang_tidy-master/16987/ : SUCCESS

http://cv.jenkins.couchbase.com/job/kv_engine-clang_format_9/15955/ : SUCCESS

http://cv.jenkins.couchbase.com/job/kv_engine.libFuzzer/job/master/6646/ : SUCCESS

http://cv.jenkins.couchbase.com/job/kv_engine.threadsanitizer/job/master/19815/ : SUCCESS

http://cv.jenkins.couchbase.com/job/kv_engine.aarch64-linux/job/master/6739/ : SUCCESS
----------------------------------------------------------------------------------------------------------------------
Author: Jim Walker
Date: 2022-04-26 14:18:14.000000000
Message: 
Removed Code-Review-2 by <GERRIT_ACCOUNT_1001546>

----------------------------------------------------------------------------------------------------------------------
Author: Jim Walker
Date: 2022-04-26 14:18:51.000000000
Message: 
Patch Set 15:

(1 comment)
File Comment: /PATCHSET_LEVEL -> code dereferences bucket pointer, but some unit tests pass null!
----------------------------------------------------------------------------------------------------------------------
Author: Build Bot
Date: 2022-04-26 14:21:22.000000000
Message: 
Patch Set 15:

Build Failed 

http://cv.jenkins.couchbase.com/job/kv_engine.linux/job/master/19125/ : FAILURE

Failure of GoogleTest "EphemeralOrPersistent/STItemPagerTest.ReplicaEvictedBeforeActive/persistent_couchstore_full_eviction":

<pre>
[ RUN      ] EphemeralOrPersistent/STItemPagerTest.ReplicaEvictedBeforeActive/persistent_couchstore_full_eviction
[2022-04-26T10:16:54.027Z] ../kv_engine/engines/ep/tests/module_tests/item_pager_test.cc:1225: Failure
[2022-04-26T10:16:54.027Z] Expected equality of these values:
[2022-04-26T10:16:54.027Z]   100
[2022-04-26T10:16:54.027Z]   getRRPercent(*store->getVBucket(vbid))
[2022-04-26T10:16:54.027Z]     Which is: 96
[2022-04-26T10:16:54.027Z] vb:0 not fully resident after eviction
[2022-04-26T10:16:54.027Z] ../kv_engine/engines/ep/tests/module_tests/item_pager_test.cc:1225: Failure
[2022-04-26T10:16:54.027Z] Expected equality of these values:
[2022-04-26T10:16:54.027Z]   100
[2022-04-26T10:16:54.027Z]   getRRPercent(*store->getVBucket(vbid))
[2022-04-26T10:16:54.027Z]     Which is: 97
[2022-04-26T10:16:54.027Z] vb:1 not fully resident after eviction
[2022-04-26T10:16:54.027Z] [  FAILED  ] EphemeralOrPersistent/STItemPagerTest.ReplicaEvictedBeforeActive/persistent_couchstore_full_eviction, where GetParam() = "bucket_type=persistent:backend=couchstore:item_eviction_policy=full_eviction" (395 ms)
EphemeralOrPersistent/STItemPagerTest.ReplicaEvictedBeforeActive/persistent_couchstore_full_eviction
</pre>
 ( http://cv.jenkins.couchbase.com/job/kv_engine.linux/job/master/19125/ )

http://cv.jenkins.couchbase.com/job/kv_engine-windows-master/45635/ : FAILURE

Failure of an engine_testapp test:

<pre>
Running [21/93]: test producer stream request (full merged snapshots)...(159 ms) OK


99% tests passed, 1 tests failed out of 427

Total Test time (real) = 372.82 sec

The following tests FAIL
</pre>
 ( http://cv.jenkins.couchbase.com/job/kv_engine-windows-master/45635/ )

Timeout of a CTest test 427/427 Test #291: ep_testsuite_dcp.value_eviction.comp_active .............................................................} ( http://cv.jenkins.couchbase.com/job/kv_engine-windows-master/45635/ )

http://cv.jenkins.couchbase.com/job/kv_engine.linux-CE/job/master/18780/ : FAILURE

Failure of GoogleTest "EphemeralOrPersistent/STItemPagerTest.ReplicaEvictedBeforeActive/persistent_couchstore_full_eviction":

<pre>
[ RUN      ] EphemeralOrPersistent/STItemPagerTest.ReplicaEvictedBeforeActive/persistent_couchstore_full_eviction
[2022-04-26T10:16:13.655Z] ../kv_engine/engines/ep/tests/module_tests/item_pager_test.cc:1225: Failure
[2022-04-26T10:16:13.655Z] Expected equality of these values:
[2022-04-26T10:16:13.655Z]   100
[2022-04-26T10:16:13.655Z]   getRRPercent(*store->getVBucket(vbid))
[2022-04-26T10:16:13.655Z]     Which is: 94
[2022-04-26T10:16:13.655Z] vb:0 not fully resident after eviction
[2022-04-26T10:16:13.655Z] ../kv_engine/engines/ep/tests/module_tests/item_pager_test.cc:1225: Failure
[2022-04-26T10:16:13.655Z] Expected equality of these values:
[2022-04-26T10:16:13.655Z]   100
[2022-04-26T10:16:13.655Z]   getRRPercent(*store->getVBucket(vbid))
[2022-04-26T10:16:13.655Z]     Which is: 97
[2022-04-26T10:16:13.655Z] vb:1 not fully resident after eviction
[2022-04-26T10:16:13.655Z] [  FAILED  ] EphemeralOrPersistent/STItemPagerTest.ReplicaEvictedBeforeActive/persistent_couchstore_full_eviction, where GetParam() = "bucket_type=persistent:backend=couchstore:item_eviction_policy=full_eviction" (698 ms)
EphemeralOrPersistent/STItemPagerTest.ReplicaEvictedBeforeActive/persistent_couchstore_full_eviction
</pre>
 ( http://cv.jenkins.couchbase.com/job/kv_engine.linux-CE/job/master/18780/ )

One of more core files found at the end of the build. Data for post-mortem saved to archived_core_dumps.tar.bz2 under "Build Artifacts". ( http://cv.jenkins.couchbase.com/job/kv_engine.linux-CE/job/master/18780/ )

http://cv.jenkins.couchbase.com/job/kv_engine.macos/job/master/17899/ : FAILURE

Failure of an engine_testapp test:

<pre>
Running [42/159]: file stats post warmup...../kv_engine/engines/ep/tests/ep_testsuite.cc:2327 Test failed: `" (Expected `383386" to be less than or equal to `368640" - Unexpected fileSize for vbucket)
[2022-04-26T08:55:01.091Z] (280 ms) FAIL
</pre>
 ( http://cv.jenkins.couchbase.com/job/kv_engine.macos/job/master/17899/ )

http://cv.jenkins.couchbase.com/job/kv_engine.ASan-UBSan/job/master/27211/ : FAILURE

One of more core files found at the end of the build. Data for post-mortem saved to archived_core_dumps.tar.bz2 under "Build Artifacts". ( http://cv.jenkins.couchbase.com/job/kv_engine.ASan-UBSan/job/master/27211/ )

http://cv.jenkins.couchbase.com/job/kv_engine-clang_analyzer-master/38335/ : SUCCESS

http://cv.jenkins.couchbase.com/job/kv_engine-clang_tidy-master/16987/ : SUCCESS

http://cv.jenkins.couchbase.com/job/kv_engine-clang_format_9/15955/ : SUCCESS

http://cv.jenkins.couchbase.com/job/kv_engine.libFuzzer/job/master/6646/ : SUCCESS

http://cv.jenkins.couchbase.com/job/kv_engine.threadsanitizer/job/master/19815/ : SUCCESS

http://cv.jenkins.couchbase.com/job/kv_engine.aarch64-linux/job/master/6739/ : SUCCESS
----------------------------------------------------------------------------------------------------------------------
