======================================================================================================================
DESCRIPTION:

MB-55796: MagmaKVStore: Optimize metaSlice deserialisation

During performance analysis of Magma compaction, it was noticed that
MagmaKVStore::compactionCore() decodes the same metadata slice
multiple times - example call graph:

- MagmaKVStore::compactionCore
  - getExpiryTime
    - getDocMeta
  - getSeqNum
    - getDocMeta
  - isDeleted
    - getDocMeta

Where each (of the three) getDocMeta() calls ends up creating a
temporary MetaData object, which involves decoding multiple LEB128
values.

Simplify by just calling getDocMeta() once; then calling the specific
accessors of the docMeta object on the one copy.

Where possible, update or remove the helper methods in magmakv to take
a MetaData& instead of a Slice (and hence discourage similar
inefficiencies in future).

Change-Id: Iba6171a1afb02cebb237de40e820f932a1442709

======================================================================================================================
COMMENTS
======================================================================================================================
Author: Dave Rigby
Date: 2023-03-07 18:16:50.000000000
Message: 
Uploaded patch set 2.
----------------------------------------------------------------------------------------------------------------------
Author: Restriction Checker
Date: 2023-03-07 18:17:02.000000000
Message: 
Patch Set 2: Well-Formed-1

Branch restricted. PLEASE READ this URL: 

https://server.jenkins.couchbase.com/job/restricted-branch-check/341799/artifact/restricted.html : FAILURE
----------------------------------------------------------------------------------------------------------------------
Author: Dave Rigby
Date: 2023-03-07 18:17:14.000000000
Message: 
Hashtag added: 7.2.1
----------------------------------------------------------------------------------------------------------------------
Author: Build Bot
Date: 2023-03-07 18:43:49.000000000
Message: 
Patch Set 2: Verified-1

Build Failed 

https://cv.jenkins.couchbase.com/job/kv_engine-windows-neo/1612/ : FAILURE

Failure of an engine_testapp test:

<pre>
Running [123/160]: test del ret meta...(68 ms) OK


99% tests passed, 1 tests failed out of 436

Total Test time (real) = 693.44 sec

The following tests FAIL
</pre>
 ( https://cv.jenkins.couchbase.com/job/kv_engine-windows-neo/1612/ )

Timeout of a CTest test 436/436 Test #290: ep_testsuite.ephemeral.comp_active ............................................................................................} ( https://cv.jenkins.couchbase.com/job/kv_engine-windows-neo/1612/ )

https://cv.jenkins.couchbase.com/job/kv_engine.macos/job/neo/1705/ : FAILURE

No problems were identified. If you know why this problem occurred, please add a suitable Cause for it. ( https://cv.jenkins.couchbase.com/job/kv_engine.macos/job/neo/1705/ )

https://cv.jenkins.couchbase.com/job/kv_engine.aarch64-linux/job/neo/1353/ : FAILURE

No problems were identified. If you know why this problem occurred, please add a suitable Cause for it. ( https://cv.jenkins.couchbase.com/job/kv_engine.aarch64-linux/job/neo/1353/ )

https://cv.jenkins.couchbase.com/job/kv_engine-clang_tidy-neo/1316/ : SUCCESS

https://cv.jenkins.couchbase.com/job/kv_engine-clang_analyzer-neo/1270/ : SUCCESS

https://cv.jenkins.couchbase.com/job/kv_engine-clang_format_9/23108/ : SUCCESS

https://cv.jenkins.couchbase.com/job/kv_engine.linux/job/neo/1340/ : SUCCESS

https://cv.jenkins.couchbase.com/job/kv_engine.ASan-UBSan/job/neo/1346/ : SUCCESS

https://cv.jenkins.couchbase.com/job/kv_engine.threadsanitizer/job/neo/1343/ : SUCCESS

https://cv.jenkins.couchbase.com/job/kv_engine.linux-CE/job/neo/1349/ : SUCCESS

https://cv.jenkins.couchbase.com/job/kv_engine.libFuzzer/job/neo/1308/ : SUCCESS
----------------------------------------------------------------------------------------------------------------------
Author: Build Bot
Date: 2023-03-07 19:16:42.000000000
Message: 
Patch Set 2:

Build Failed 

https://cv.jenkins.couchbase.com/job/kv_engine.macos/job/neo/1706/ : FAILURE

No problems were identified. If you know why this problem occurred, please add a suitable Cause for it. ( https://cv.jenkins.couchbase.com/job/kv_engine.macos/job/neo/1706/ )

https://cv.jenkins.couchbase.com/job/kv_engine.aarch64-linux/job/neo/1354/ : FAILURE

Failure of GoogleTest "EphemeralOrPersistent/STExpiryPagerTest.MB_25650/persistent_magma_full_eviction":

<pre>
[ RUN      ] EphemeralOrPersistent/STExpiryPagerTest.MB_25650/persistent_magma_full_eviction
[2023-03-07T19:07:10.307Z] ../kv_engine/engines/ep/tests/module_tests/item_pager_test.cc:1672: Failure
[2023-03-07T19:07:10.307Z] Expected equality of these values:
[2023-03-07T19:07:10.307Z]   cb::engine_errc::would_block
[2023-03-07T19:07:10.307Z]     Which is: would block
[2023-03-07T19:07:10.307Z]   getKeyFn(key_1)
[2023-03-07T19:07:10.307Z]     Which is: no memory
[2023-03-07T19:07:10.307Z] ../kv_engine/engines/ep/tests/module_tests/item_pager_test.cc:1675: Failure
[2023-03-07T19:07:10.307Z] Expected equality of these values:
[2023-03-07T19:07:10.307Z]   cb::engine_errc::no_such_key
[2023-03-07T19:07:10.307Z]     Which is: no such key
[2023-03-07T19:07:10.307Z]   getKeyFn(key_1)
[2023-03-07T19:07:10.307Z]     Which is: would block
[2023-03-07T19:07:10.307Z] Key with TTL:10 should be removed.
[2023-03-07T19:07:10.307Z] ../kv_engine/engines/ep/tests/module_tests/item_pager_test.cc:1700: Failure
[2023-03-07T19:07:10.307Z] Expected equality of these values:
[2023-03-07T19:07:10.307Z]   cb::engine_errc::no_such_key
[2023-03-07T19:07:10.307Z]     Which is: no such key
[2023-03-07T19:07:10.307Z]   getKeyFn(key_1)
[2023-03-07T19:07:10.307Z]     Which is: would block
[2023-03-07T19:07:10.307Z] Key with TTL:10 should be removed.
[2023-03-07T19:07:10.307Z] [  FAILED  ] EphemeralOrPersistent/STExpiryPagerTest.MB_25650/persistent_magma_full_eviction, where GetParam() = "bucket_type=persistent:backend=magma:item_eviction_policy=full_eviction" (83 ms)
EphemeralOrPersistent/STExpiryPagerTest.MB_25650/persistent_magma_full_eviction
</pre>
 ( https://cv.jenkins.couchbase.com/job/kv_engine.aarch64-linux/job/neo/1354/ )

https://cv.jenkins.couchbase.com/job/kv_engine-windows-neo/1613/ : FAILURE

Failure of an engine_testapp test:

<pre>
Running [64/160]: duplicate items on disk...(649 ms) OK


99% tests passed, 2 tests failed out of 436

Total Test time (real) = 745.39 sec

The following tests FAIL
</pre>
 ( https://cv.jenkins.couchbase.com/job/kv_engine-windows-neo/1613/ )

Timeout of a CTest test 435/436 Test #300: ep_testsuite_basic.full_eviction.magma ........................................................................................} ( https://cv.jenkins.couchbase.com/job/kv_engine-windows-neo/1613/ )

https://cv.jenkins.couchbase.com/job/kv_engine-clang_tidy-neo/1316/ : SUCCESS

https://cv.jenkins.couchbase.com/job/kv_engine-clang_analyzer-neo/1270/ : SUCCESS

https://cv.jenkins.couchbase.com/job/kv_engine-clang_format_9/23108/ : SUCCESS

https://cv.jenkins.couchbase.com/job/kv_engine.linux/job/neo/1340/ : SUCCESS

https://cv.jenkins.couchbase.com/job/kv_engine.ASan-UBSan/job/neo/1346/ : SUCCESS

https://cv.jenkins.couchbase.com/job/kv_engine.threadsanitizer/job/neo/1343/ : SUCCESS

https://cv.jenkins.couchbase.com/job/kv_engine.linux-CE/job/neo/1349/ : SUCCESS

https://cv.jenkins.couchbase.com/job/kv_engine.libFuzzer/job/neo/1308/ : SUCCESS
----------------------------------------------------------------------------------------------------------------------
Author: Build Bot
Date: 2023-03-08 12:59:50.000000000
Message: 
Patch Set 2:

Build Failed 

https://cv.jenkins.couchbase.com/job/kv_engine-windows-neo/1613/ : FAILURE

Failure of an engine_testapp test:

<pre>
Running [64/160]: duplicate items on disk...(649 ms) OK


99% tests passed, 2 tests failed out of 436

Total Test time (real) = 745.39 sec

The following tests FAIL
</pre>
 ( https://cv.jenkins.couchbase.com/job/kv_engine-windows-neo/1613/ )

Timeout of a CTest test 435/436 Test #300: ep_testsuite_basic.full_eviction.magma ........................................................................................} ( https://cv.jenkins.couchbase.com/job/kv_engine-windows-neo/1613/ )

https://cv.jenkins.couchbase.com/job/kv_engine.macos/job/neo/1710/ : FAILURE

No problems were identified. If you know why this problem occurred, please add a suitable Cause for it. ( https://cv.jenkins.couchbase.com/job/kv_engine.macos/job/neo/1710/ )

https://cv.jenkins.couchbase.com/job/kv_engine-clang_tidy-neo/1316/ : SUCCESS

https://cv.jenkins.couchbase.com/job/kv_engine-clang_analyzer-neo/1270/ : SUCCESS

https://cv.jenkins.couchbase.com/job/kv_engine-clang_format_9/23108/ : SUCCESS

https://cv.jenkins.couchbase.com/job/kv_engine.linux/job/neo/1340/ : SUCCESS

https://cv.jenkins.couchbase.com/job/kv_engine.ASan-UBSan/job/neo/1346/ : SUCCESS

https://cv.jenkins.couchbase.com/job/kv_engine.threadsanitizer/job/neo/1343/ : SUCCESS

https://cv.jenkins.couchbase.com/job/kv_engine.aarch64-linux/job/neo/1358/ : SUCCESS

https://cv.jenkins.couchbase.com/job/kv_engine.linux-CE/job/neo/1349/ : SUCCESS

https://cv.jenkins.couchbase.com/job/kv_engine.libFuzzer/job/neo/1308/ : SUCCESS
----------------------------------------------------------------------------------------------------------------------
