======================================================================================================================
DESCRIPTION:

Use correct TSan settings in gtest_discover_tests

When adding GTest tests via gtest_discover_tests(), set the correct TSan config via the environment.

Change-Id: Ia57283dbf8f8d4827b9dab923111bba079f5bc8b

======================================================================================================================
COMMENTS
======================================================================================================================
Author: Dave Rigby
Date: 2021-04-06 15:34:19.000000000
Message: 
Uploaded patch set 1.
----------------------------------------------------------------------------------------------------------------------
Author: Build Bot
Date: 2021-04-06 17:41:56.000000000
Message: 
Patch Set 1: Verified-1

Build Failed 

http://cv.jenkins.couchbase.com/job/kv_engine-windows-master/34779/ : FAILURE

Failure of an engine_testapp test:

<pre>
Running [0036/0045]: test CAS regeneration lww...(6481 ms) OK

407/408 Test #405: cluster_test ..................................................................................................................   Passed   59.67 sec
408/408 Test #288: ep_perfsuite.value_eviction ...................................................................................................   Passed  197.03 sec

99% tests passed, 2 tests failed out of 408

Total Test time (real) = 491.74 sec

The following tests FAIL
</pre>
 ( http://cv.jenkins.couchbase.com/job/kv_engine-windows-master/34779/ )

Timeout of a CTest test 405/408 Test #286: ep_testsuite_xdcr.value_eviction.magma ........................................................................................} ( http://cv.jenkins.couchbase.com/job/kv_engine-windows-master/34779/ )

http://cv.jenkins.couchbase.com/job/kv_engine.linux/job/master/9844/ : FAILURE

http://cv.jenkins.couchbase.com/job/kv_engine.threadsanitizer/job/master/10070/ : FAILURE

ThreadSanitizer issue: lock-order-inversion (potential deadlock) (/home/couchbase/jenkins/workspace/kv_engine.threadsanitizer_master/install/lib/libtsan.so.0+0x5ea8d) in AnnotateRWLockAcquired  ( http://cv.jenkins.couchbase.com/job/kv_engine.threadsanitizer/job/master/10070/ )

http://cv.jenkins.couchbase.com/job/kv_engine-clang_analyzer-master/29845/ : SUCCESS

http://cv.jenkins.couchbase.com/job/kv_engine-clang_tidy/8136/ : SUCCESS

http://cv.jenkins.couchbase.com/job/kv_engine-clang_format_9/6680/ : SUCCESS

http://cv.jenkins.couchbase.com/job/kv_engine.macos/job/master/8774/ : SUCCESS

http://cv.jenkins.couchbase.com/job/kv_engine.ASan-UBSan/job/master/17623/ : SUCCESS

http://cv.jenkins.couchbase.com/job/kv_engine.linux-CE/job/master/9708/ : SUCCESS
----------------------------------------------------------------------------------------------------------------------
