======================================================================================================================
DESCRIPTION:

Squash all mcbp unit tests into a single binary

Instead of having to spend time to link x different binaries
which individually just run for a few ms we can put them
in the same binary and speed up the link and execution time

Change-Id: Icfb23fb81309a98912b31de7c8d8baa7aaa3bb0c

======================================================================================================================
COMMENTS
======================================================================================================================
Author: Trond Norbye
Date: 2020-09-03 11:31:40.000000000
Message: 
Uploaded patch set 1.
----------------------------------------------------------------------------------------------------------------------
Author: Build Bot
Date: 2020-09-03 13:55:40.000000000
Message: 
Patch Set 1: Verified-1

Build Failed 

http://cv.jenkins.couchbase.com/job/kv_engine-clang_tidy/4170/ : FAILURE

No problems were identified. If you know why this problem occurred, please add a suitable Cause for it. ( http://cv.jenkins.couchbase.com/job/kv_engine-clang_tidy/4170/ )

http://cv.jenkins.couchbase.com/job/kv_engine-windows-master/29981/ : FAILURE

Failure of GoogleTest "EphemeralOrPersistent/STItemPagerTest.ServerQuotaReached/persistentMagma_value_only":

<pre>
[ RUN      ] EphemeralOrPersistent/STItemPagerTest.ServerQuotaReached/persistentMagma_value_only
..\kv_engine\engines\ep\tests\module_tests\item_pager_test.cc(352): error: Expected: (stats.getPreciseTotalMemoryUsed() - val) < (stats.mem_low_wat.load()), actual: 1311138 vs 1297032
Expected to be below low watermark after running item pager
[  FAILED  ] EphemeralOrPersistent/STItemPagerTest.ServerQuotaReached/persistentMagma_value_only, where GetParam() = ("persistentMagma", "value_only") (321 ms)
EphemeralOrPersistent/STItemPagerTest.ServerQuotaReached/persistentMagma_value_only
</pre>
 ( http://cv.jenkins.couchbase.com/job/kv_engine-windows-master/29981/ )

Failure of a CTest test 255/393 Test #205: ep-engine_ep_unit_tests.EphemeralOrPersistent/STItemPagerTest ................................................................. ( http://cv.jenkins.couchbase.com/job/kv_engine-windows-master/29981/ )

http://cv.jenkins.couchbase.com/job/kv_engine-clang_format_9/2694/ : FAILURE

No problems were identified. If you know why this problem occurred, please add a suitable Cause for it. ( http://cv.jenkins.couchbase.com/job/kv_engine-clang_format_9/2694/ )

http://cv.jenkins.couchbase.com/job/kv_engine.linux/job/master/5488/ : FAILURE

No problems were identified. If you know why this problem occurred, please add a suitable Cause for it. ( http://cv.jenkins.couchbase.com/job/kv_engine.linux/job/master/5488/ )

http://cv.jenkins.couchbase.com/job/kv_engine.threadsanitizer/job/master/5611/ : FAILURE

No problems were identified. If you know why this problem occurred, please add a suitable Cause for it. ( http://cv.jenkins.couchbase.com/job/kv_engine.threadsanitizer/job/master/5611/ )

http://cv.jenkins.couchbase.com/job/kv_engine.ASan-UBSan/job/master/13310/ : FAILURE

No problems were identified. If you know why this problem occurred, please add a suitable Cause for it. ( http://cv.jenkins.couchbase.com/job/kv_engine.ASan-UBSan/job/master/13310/ )

http://cv.jenkins.couchbase.com/job/kv_engine.linux-CE/job/master/5399/ : FAILURE

No problems were identified. If you know why this problem occurred, please add a suitable Cause for it. ( http://cv.jenkins.couchbase.com/job/kv_engine.linux-CE/job/master/5399/ )

http://cv.jenkins.couchbase.com/job/kv_engine-clang_analyzer-master/25991/ : SUCCESS

http://cv.jenkins.couchbase.com/job/kv_engine.macos/job/master/4508/ : SUCCESS
----------------------------------------------------------------------------------------------------------------------
Author: Trond Norbye
Date: 2020-09-03 14:44:32.000000000
Message: 
Removed reviewer Build Bot with the following votes:

* Verified-1 by Build Bot <build@couchbase.com>

----------------------------------------------------------------------------------------------------------------------
Author: Build Bot
Date: 2020-09-03 16:02:58.000000000
Message: 
Patch Set 1: Verified-1

Build Failed 

http://cv.jenkins.couchbase.com/job/kv_engine-windows-master/29990/ : FAILURE

Failure of GoogleTest "EphemeralOrPersistent/STItemPagerTest.ServerQuotaReached/persistentMagma_value_only":

<pre>
[ RUN      ] EphemeralOrPersistent/STItemPagerTest.ServerQuotaReached/persistentMagma_value_only
..\kv_engine\engines\ep\tests\module_tests\item_pager_test.cc(352): error: Expected: (stats.getPreciseTotalMemoryUsed() - val) < (stats.mem_low_wat.load()), actual: 1311138 vs 1297032
Expected to be below low watermark after running item pager
[  FAILED  ] EphemeralOrPersistent/STItemPagerTest.ServerQuotaReached/persistentMagma_value_only, where GetParam() = ("persistentMagma", "value_only") (412 ms)
EphemeralOrPersistent/STItemPagerTest.ServerQuotaReached/persistentMagma_value_only
</pre>
 ( http://cv.jenkins.couchbase.com/job/kv_engine-windows-master/29990/ )

Failure of a CTest test 306/393 Test #205: ep-engine_ep_unit_tests.EphemeralOrPersistent/STItemPagerTest ................................................................. ( http://cv.jenkins.couchbase.com/job/kv_engine-windows-master/29990/ )

http://cv.jenkins.couchbase.com/job/kv_engine.threadsanitizer/job/master/5617/ : FAILURE

Failure of an engine_testapp test:

<pre>
Running [0036/0158]: test access scanner...
[2020-09-03T15:07:04.615Z] 
[2020-09-03T15:07:04.615Z] 
[2020-09-03T15:07:04.615Z] 99% tests passed, 1 tests failed out of 388
[2020-09-03T15:07:04.615Z] 
[2020-09-03T15:07:04.615Z] Total Test time (real) = 602.50 sec
[2020-09-03T15:07:04.615Z] 
[2020-09-03T15:07:04.615Z] The following tests FAIL
</pre>
 ( http://cv.jenkins.couchbase.com/job/kv_engine.threadsanitizer/job/master/5617/ )

Failure of a CTest test [2020-09-03T15:07:04.615Z] 388/388 Test #222: ep_testsuite.full_eviction.comp_active ...................................................................... ( http://cv.jenkins.couchbase.com/job/kv_engine.threadsanitizer/job/master/5617/ )

http://cv.jenkins.couchbase.com/job/kv_engine-clang_format_9/2700/ : SUCCESS

http://cv.jenkins.couchbase.com/job/kv_engine-clang_tidy/4176/ : SUCCESS

http://cv.jenkins.couchbase.com/job/kv_engine-clang_analyzer-master/25998/ : SUCCESS

http://cv.jenkins.couchbase.com/job/kv_engine.macos/job/master/4514/ : SUCCESS

http://cv.jenkins.couchbase.com/job/kv_engine.linux/job/master/5494/ : SUCCESS

http://cv.jenkins.couchbase.com/job/kv_engine.ASan-UBSan/job/master/13316/ : SUCCESS

http://cv.jenkins.couchbase.com/job/kv_engine.linux-CE/job/master/5405/ : SUCCESS
----------------------------------------------------------------------------------------------------------------------
Author: Build Bot
Date: 2020-09-03 18:53:55.000000000
Message: 
Patch Set 1:

Build Failed 

http://cv.jenkins.couchbase.com/job/kv_engine-windows-master/29998/ : FAILURE

Failure of GoogleTest "EphemeralOrPersistent/STItemPagerTest.ServerQuotaReached/persistentMagma_value_only":

<pre>
[ RUN      ] EphemeralOrPersistent/STItemPagerTest.ServerQuotaReached/persistentMagma_value_only
..\kv_engine\engines\ep\tests\module_tests\item_pager_test.cc(352): error: Expected: (stats.getPreciseTotalMemoryUsed() - val) < (stats.mem_low_wat.load()), actual: 1311138 vs 1297032
Expected to be below low watermark after running item pager
[  FAILED  ] EphemeralOrPersistent/STItemPagerTest.ServerQuotaReached/persistentMagma_value_only, where GetParam() = ("persistentMagma", "value_only") (268 ms)
EphemeralOrPersistent/STItemPagerTest.ServerQuotaReached/persistentMagma_value_only
</pre>
 ( http://cv.jenkins.couchbase.com/job/kv_engine-windows-master/29998/ )

Failure of a CTest test 250/393 Test #205: ep-engine_ep_unit_tests.EphemeralOrPersistent/STItemPagerTest ................................................................. ( http://cv.jenkins.couchbase.com/job/kv_engine-windows-master/29998/ )

http://cv.jenkins.couchbase.com/job/kv_engine.threadsanitizer/job/master/5625/ : FAILURE

http://cv.jenkins.couchbase.com/job/kv_engine-clang_format_9/2700/ : SUCCESS

http://cv.jenkins.couchbase.com/job/kv_engine-clang_tidy/4176/ : SUCCESS

http://cv.jenkins.couchbase.com/job/kv_engine-clang_analyzer-master/25998/ : SUCCESS

http://cv.jenkins.couchbase.com/job/kv_engine.macos/job/master/4514/ : SUCCESS

http://cv.jenkins.couchbase.com/job/kv_engine.linux/job/master/5494/ : SUCCESS

http://cv.jenkins.couchbase.com/job/kv_engine.ASan-UBSan/job/master/13316/ : SUCCESS

http://cv.jenkins.couchbase.com/job/kv_engine.linux-CE/job/master/5405/ : SUCCESS
----------------------------------------------------------------------------------------------------------------------
Author: Build Bot
Date: 2020-09-03 20:18:33.000000000
Message: 
Patch Set 1:

Build Failed 

http://cv.jenkins.couchbase.com/job/kv_engine-windows-master/29998/ : FAILURE

Failure of GoogleTest "EphemeralOrPersistent/STItemPagerTest.ServerQuotaReached/persistentMagma_value_only":

<pre>
[ RUN      ] EphemeralOrPersistent/STItemPagerTest.ServerQuotaReached/persistentMagma_value_only
..\kv_engine\engines\ep\tests\module_tests\item_pager_test.cc(352): error: Expected: (stats.getPreciseTotalMemoryUsed() - val) < (stats.mem_low_wat.load()), actual: 1311138 vs 1297032
Expected to be below low watermark after running item pager
[  FAILED  ] EphemeralOrPersistent/STItemPagerTest.ServerQuotaReached/persistentMagma_value_only, where GetParam() = ("persistentMagma", "value_only") (268 ms)
EphemeralOrPersistent/STItemPagerTest.ServerQuotaReached/persistentMagma_value_only
</pre>
 ( http://cv.jenkins.couchbase.com/job/kv_engine-windows-master/29998/ )

Failure of a CTest test 250/393 Test #205: ep-engine_ep_unit_tests.EphemeralOrPersistent/STItemPagerTest ................................................................. ( http://cv.jenkins.couchbase.com/job/kv_engine-windows-master/29998/ )

http://cv.jenkins.couchbase.com/job/kv_engine-clang_format_9/2700/ : SUCCESS

http://cv.jenkins.couchbase.com/job/kv_engine-clang_tidy/4176/ : SUCCESS

http://cv.jenkins.couchbase.com/job/kv_engine-clang_analyzer-master/25998/ : SUCCESS

http://cv.jenkins.couchbase.com/job/kv_engine.macos/job/master/4514/ : SUCCESS

http://cv.jenkins.couchbase.com/job/kv_engine.linux/job/master/5494/ : SUCCESS

http://cv.jenkins.couchbase.com/job/kv_engine.ASan-UBSan/job/master/13316/ : SUCCESS

http://cv.jenkins.couchbase.com/job/kv_engine.linux-CE/job/master/5405/ : SUCCESS

http://cv.jenkins.couchbase.com/job/kv_engine.threadsanitizer/job/master/5626/ : SUCCESS
----------------------------------------------------------------------------------------------------------------------
Author: Build Bot
Date: 2020-09-03 20:30:04.000000000
Message: 
Patch Set 1:

Build Failed 

http://cv.jenkins.couchbase.com/job/kv_engine-windows-master/30002/ : FAILURE

Link error: fatal error LNK1104: cannot open file "kv_engine\engine_utilities.dll" ( http://cv.jenkins.couchbase.com/job/kv_engine-windows-master/30002/ )

http://cv.jenkins.couchbase.com/job/kv_engine-clang_format_9/2700/ : SUCCESS

http://cv.jenkins.couchbase.com/job/kv_engine-clang_tidy/4176/ : SUCCESS

http://cv.jenkins.couchbase.com/job/kv_engine-clang_analyzer-master/25998/ : SUCCESS

http://cv.jenkins.couchbase.com/job/kv_engine.macos/job/master/4514/ : SUCCESS

http://cv.jenkins.couchbase.com/job/kv_engine.linux/job/master/5494/ : SUCCESS

http://cv.jenkins.couchbase.com/job/kv_engine.ASan-UBSan/job/master/13316/ : SUCCESS

http://cv.jenkins.couchbase.com/job/kv_engine.linux-CE/job/master/5405/ : SUCCESS

http://cv.jenkins.couchbase.com/job/kv_engine.threadsanitizer/job/master/5626/ : SUCCESS
----------------------------------------------------------------------------------------------------------------------
Author: Build Bot
Date: 2020-09-04 06:38:31.000000000
Message: 
Patch Set 1:

Build Failed 

http://cv.jenkins.couchbase.com/job/kv_engine-windows-master/30004/ : FAILURE

Failure of GoogleTest "EphemeralOrPersistent/STItemPagerTest.ServerQuotaReached/persistentMagma_value_only":

<pre>
[ RUN      ] EphemeralOrPersistent/STItemPagerTest.ServerQuotaReached/persistentMagma_value_only
..\kv_engine\engines\ep\tests\module_tests\item_pager_test.cc(352): error: Expected: (stats.getPreciseTotalMemoryUsed() - val) < (stats.mem_low_wat.load()), actual: 1311762 vs 1297032
Expected to be below low watermark after running item pager
[  FAILED  ] EphemeralOrPersistent/STItemPagerTest.ServerQuotaReached/persistentMagma_value_only, where GetParam() = ("persistentMagma", "value_only") (334 ms)
EphemeralOrPersistent/STItemPagerTest.ServerQuotaReached/persistentMagma_value_only
</pre>
 ( http://cv.jenkins.couchbase.com/job/kv_engine-windows-master/30004/ )

Failure of a CTest test 254/393 Test #205: ep-engine_ep_unit_tests.EphemeralOrPersistent/STItemPagerTest ................................................................. ( http://cv.jenkins.couchbase.com/job/kv_engine-windows-master/30004/ )

http://cv.jenkins.couchbase.com/job/kv_engine-clang_format_9/2700/ : SUCCESS

http://cv.jenkins.couchbase.com/job/kv_engine-clang_tidy/4176/ : SUCCESS

http://cv.jenkins.couchbase.com/job/kv_engine-clang_analyzer-master/25998/ : SUCCESS

http://cv.jenkins.couchbase.com/job/kv_engine.macos/job/master/4514/ : SUCCESS

http://cv.jenkins.couchbase.com/job/kv_engine.linux/job/master/5494/ : SUCCESS

http://cv.jenkins.couchbase.com/job/kv_engine.ASan-UBSan/job/master/13316/ : SUCCESS

http://cv.jenkins.couchbase.com/job/kv_engine.linux-CE/job/master/5405/ : SUCCESS

http://cv.jenkins.couchbase.com/job/kv_engine.threadsanitizer/job/master/5626/ : SUCCESS
----------------------------------------------------------------------------------------------------------------------
Author: Trond Norbye
Date: 2020-09-04 06:39:50.000000000
Message: 
Patch Set 1: Verified+1

Override failing CV - not related (change not linked into the failing binary)
----------------------------------------------------------------------------------------------------------------------
Author: Trond Norbye
Date: 2020-09-04 06:39:53.000000000
Message: 
Removed Verified-1 by Build Bot <build@couchbase.com>

----------------------------------------------------------------------------------------------------------------------
Author: Build Bot
Date: 2020-09-04 07:21:31.000000000
Message: 
Patch Set 1: Verified-1

Build Failed 

http://cv.jenkins.couchbase.com/job/kv_engine-windows-master/30004/ : FAILURE

Failure of GoogleTest "EphemeralOrPersistent/STItemPagerTest.ServerQuotaReached/persistentMagma_value_only":

<pre>
[ RUN      ] EphemeralOrPersistent/STItemPagerTest.ServerQuotaReached/persistentMagma_value_only
..\kv_engine\engines\ep\tests\module_tests\item_pager_test.cc(352): error: Expected: (stats.getPreciseTotalMemoryUsed() - val) < (stats.mem_low_wat.load()), actual: 1311762 vs 1297032
Expected to be below low watermark after running item pager
[  FAILED  ] EphemeralOrPersistent/STItemPagerTest.ServerQuotaReached/persistentMagma_value_only, where GetParam() = ("persistentMagma", "value_only") (334 ms)
EphemeralOrPersistent/STItemPagerTest.ServerQuotaReached/persistentMagma_value_only
</pre>
 ( http://cv.jenkins.couchbase.com/job/kv_engine-windows-master/30004/ )

Failure of a CTest test 254/393 Test #205: ep-engine_ep_unit_tests.EphemeralOrPersistent/STItemPagerTest ................................................................. ( http://cv.jenkins.couchbase.com/job/kv_engine-windows-master/30004/ )

http://cv.jenkins.couchbase.com/job/kv_engine-clang_format_9/2700/ : SUCCESS

http://cv.jenkins.couchbase.com/job/kv_engine-clang_tidy/4176/ : SUCCESS

http://cv.jenkins.couchbase.com/job/kv_engine-clang_analyzer-master/25998/ : SUCCESS

http://cv.jenkins.couchbase.com/job/kv_engine.macos/job/master/4514/ : SUCCESS

http://cv.jenkins.couchbase.com/job/kv_engine.linux/job/master/5494/ : SUCCESS

http://cv.jenkins.couchbase.com/job/kv_engine.ASan-UBSan/job/master/13316/ : SUCCESS

http://cv.jenkins.couchbase.com/job/kv_engine.linux-CE/job/master/5405/ : SUCCESS

http://cv.jenkins.couchbase.com/job/kv_engine.threadsanitizer/job/master/5632/ : SUCCESS
----------------------------------------------------------------------------------------------------------------------
Author: Trond Norbye
Date: 2020-09-04 07:26:39.000000000
Message: 
Removed Verified-1 by Build Bot <build@couchbase.com>

----------------------------------------------------------------------------------------------------------------------
