======================================================================================================================
DESCRIPTION:

MB-52134: [BP] Remove persistedCompletedSeqno from ByID scan

The ByID scan (used for DCP OSO backfill and RangeScans) doesn't
need the persistedCompletedSeqno (added as for MB-49767), ByID scans
for OSO/RangeScans only iterate the committed key-space.

cherry-picked from e7baa92a7

Change-Id: I17fe3bdafa9b2b7e9bce01f83635368eae2e4725

======================================================================================================================
COMMENTS
======================================================================================================================
Author: Jim Walker
Date: 2022-05-24 12:32:11.000000000
Message: 
Uploaded patch set 1.
----------------------------------------------------------------------------------------------------------------------
Author: Restriction Checker
Date: 2022-05-24 12:32:20.000000000
Message: 
Patch Set 1: Well-Formed+1

Permission granted to commit: 

http://server.jenkins.couchbase.com/job/restricted-branch-check/299901/artifact/restricted.html : SUCCESS
----------------------------------------------------------------------------------------------------------------------
Author: Build Bot
Date: 2022-05-24 13:28:06.000000000
Message: 
Patch Set 1: Verified-1

Build Failed 

http://cv.jenkins.couchbase.com/job/kv_engine-windows-neo/279/ : FAILURE

Failure of an engine_testapp test:

<pre>
Running [132/159]: test key_stats with item_eviction...(7 ms) SKIPPED


99% tests passed, 3 tests failed out of 423

Total Test time (real) = 1023.30 sec

The following tests FAIL
</pre>
 ( http://cv.jenkins.couchbase.com/job/kv_engine-windows-neo/279/ )

Timeout of a CTest test 288/423 Test #284: ep_testsuite_basic.ephemeral.comp_passive .....................................................................................} ( http://cv.jenkins.couchbase.com/job/kv_engine-windows-neo/279/ )

http://cv.jenkins.couchbase.com/job/kv_engine.threadsanitizer/job/neo/199/ : FAILURE

No problems were identified. If you know why this problem occurred, please add a suitable Cause for it. ( http://cv.jenkins.couchbase.com/job/kv_engine.threadsanitizer/job/neo/199/ )

http://cv.jenkins.couchbase.com/job/kv_engine-clang_tidy-neo/196/ : SUCCESS

http://cv.jenkins.couchbase.com/job/kv_engine-clang_format_9/16745/ : SUCCESS

http://cv.jenkins.couchbase.com/job/kv_engine-clang_analyzer-neo/194/ : SUCCESS

http://cv.jenkins.couchbase.com/job/kv_engine.libFuzzer/job/neo/195/ : SUCCESS

http://cv.jenkins.couchbase.com/job/kv_engine.linux-CE/job/neo/208/ : SUCCESS

http://cv.jenkins.couchbase.com/job/kv_engine.linux/job/neo/203/ : SUCCESS

http://cv.jenkins.couchbase.com/job/kv_engine.ASan-UBSan/job/neo/200/ : SUCCESS

http://cv.jenkins.couchbase.com/job/kv_engine.aarch64-linux/job/neo/191/ : SUCCESS

http://cv.jenkins.couchbase.com/job/kv_engine.macos/job/neo/279/ : SUCCESS
----------------------------------------------------------------------------------------------------------------------
Author: Build Bot
Date: 2022-05-24 16:08:53.000000000
Message: 
Patch Set 1:

Build Failed 

http://cv.jenkins.couchbase.com/job/kv_engine-windows-neo/282/ : FAILURE

Failure of an engine_testapp test:

<pre>
Running [7/47]: multi set...Exceeded maximum wait time of 60000000us waiting for stat "ep_queue_size" to be 0 (last value:7756) - aborting.
</pre>
 ( http://cv.jenkins.couchbase.com/job/kv_engine-windows-neo/282/ )

http://cv.jenkins.couchbase.com/job/kv_engine.aarch64-linux/job/neo/195/ : FAILURE

Failure of GoogleTest "ExecutorPoolTest/0.ScheduleCancelx2":

<pre>
[ RUN      ] ExecutorPoolTest/0.ScheduleCancelx2
[2022-05-24T15:46:05.151Z] ../kv_engine/engines/ep/tests/module_tests/executorpool_test.cc:732: Failure
[2022-05-24T15:46:05.151Z] Value of: this->pool->cancel(taskId, false)
[2022-05-24T15:46:05.151Z]   Actual: false
[2022-05-24T15:46:05.151Z] Expected: true
[2022-05-24T15:46:05.151Z] [  FAILED  ] ExecutorPoolTest/0.ScheduleCancelx2, where TypeParam = TestExecutorPool (0 ms)
ExecutorPoolTest/0.ScheduleCancelx2
</pre>
 ( http://cv.jenkins.couchbase.com/job/kv_engine.aarch64-linux/job/neo/195/ )

http://cv.jenkins.couchbase.com/job/kv_engine-clang_tidy-neo/200/ : SUCCESS

http://cv.jenkins.couchbase.com/job/kv_engine-clang_format_9/16763/ : SUCCESS

http://cv.jenkins.couchbase.com/job/kv_engine-clang_analyzer-neo/198/ : SUCCESS

http://cv.jenkins.couchbase.com/job/kv_engine.libFuzzer/job/neo/199/ : SUCCESS

http://cv.jenkins.couchbase.com/job/kv_engine.linux-CE/job/neo/212/ : SUCCESS

http://cv.jenkins.couchbase.com/job/kv_engine.linux/job/neo/207/ : SUCCESS

http://cv.jenkins.couchbase.com/job/kv_engine.threadsanitizer/job/neo/203/ : SUCCESS

http://cv.jenkins.couchbase.com/job/kv_engine.ASan-UBSan/job/neo/204/ : SUCCESS

http://cv.jenkins.couchbase.com/job/kv_engine.macos/job/neo/283/ : SUCCESS
----------------------------------------------------------------------------------------------------------------------
Author: Build Bot
Date: 2022-05-25 11:24:42.000000000
Message: 
Patch Set 1: Code-Review-1

Build Failed 

http://cv.jenkins.couchbase.com/job/kv_engine-windows-neo/287/ : FAILURE

Failure of an engine_testapp test:

<pre>
Running [48/93]: test chk manager rollback...(129 ms) OK


99% tests passed, 1 tests failed out of 423

Total Test time (real) = 375.28 sec

The following tests FAIL
</pre>
 ( http://cv.jenkins.couchbase.com/job/kv_engine-windows-neo/287/ )

Timeout of a CTest test 423/423 Test #289: ep_testsuite_dcp.value_eviction.comp_active ...................................................................................} ( http://cv.jenkins.couchbase.com/job/kv_engine-windows-neo/287/ )

http://cv.jenkins.couchbase.com/job/kv_engine-clang_format_9/16802/ : FAILURE

No problems were identified. If you know why this problem occurred, please add a suitable Cause for it. ( http://cv.jenkins.couchbase.com/job/kv_engine-clang_format_9/16802/ )

http://cv.jenkins.couchbase.com/job/kv_engine-clang_tidy-neo/203/ : SUCCESS

http://cv.jenkins.couchbase.com/job/kv_engine-clang_analyzer-neo/201/ : SUCCESS

http://cv.jenkins.couchbase.com/job/kv_engine.libFuzzer/job/neo/202/ : SUCCESS

http://cv.jenkins.couchbase.com/job/kv_engine.linux-CE/job/neo/215/ : SUCCESS

http://cv.jenkins.couchbase.com/job/kv_engine.linux/job/neo/210/ : SUCCESS

http://cv.jenkins.couchbase.com/job/kv_engine.threadsanitizer/job/neo/206/ : SUCCESS

http://cv.jenkins.couchbase.com/job/kv_engine.ASan-UBSan/job/neo/207/ : SUCCESS

http://cv.jenkins.couchbase.com/job/kv_engine.aarch64-linux/job/neo/198/ : SUCCESS

http://cv.jenkins.couchbase.com/job/kv_engine.macos/job/neo/289/ : SUCCESS
----------------------------------------------------------------------------------------------------------------------
Author: Build Bot
Date: 2022-05-25 12:54:53.000000000
Message: 
Patch Set 1: -Code-Review

Build Failed 

http://cv.jenkins.couchbase.com/job/kv_engine-windows-neo/287/ : FAILURE

Failure of an engine_testapp test:

<pre>
Running [48/93]: test chk manager rollback...(129 ms) OK


99% tests passed, 1 tests failed out of 423

Total Test time (real) = 375.28 sec

The following tests FAIL
</pre>
 ( http://cv.jenkins.couchbase.com/job/kv_engine-windows-neo/287/ )

Timeout of a CTest test 423/423 Test #289: ep_testsuite_dcp.value_eviction.comp_active ...................................................................................} ( http://cv.jenkins.couchbase.com/job/kv_engine-windows-neo/287/ )

http://cv.jenkins.couchbase.com/job/kv_engine-clang_tidy-neo/203/ : SUCCESS

http://cv.jenkins.couchbase.com/job/kv_engine-clang_analyzer-neo/201/ : SUCCESS

http://cv.jenkins.couchbase.com/job/kv_engine.libFuzzer/job/neo/202/ : SUCCESS

http://cv.jenkins.couchbase.com/job/kv_engine.linux-CE/job/neo/215/ : SUCCESS

http://cv.jenkins.couchbase.com/job/kv_engine.linux/job/neo/210/ : SUCCESS

http://cv.jenkins.couchbase.com/job/kv_engine.threadsanitizer/job/neo/206/ : SUCCESS

http://cv.jenkins.couchbase.com/job/kv_engine.ASan-UBSan/job/neo/207/ : SUCCESS

http://cv.jenkins.couchbase.com/job/kv_engine.aarch64-linux/job/neo/198/ : SUCCESS

http://cv.jenkins.couchbase.com/job/kv_engine.macos/job/neo/289/ : SUCCESS

http://cv.jenkins.couchbase.com/job/kv_engine-clang_format_9/16819/ : SUCCESS
----------------------------------------------------------------------------------------------------------------------
Author: Build Bot
Date: 2022-05-25 16:52:24.000000000
Message: 
Patch Set 1:

Build Failed 

http://cv.jenkins.couchbase.com/job/kv_engine-windows-neo/290/ : FAILURE

Failure of an engine_testapp test:

<pre>
Running [38/47]: resident ratio after warmup...(279 ms) OK


99% tests passed, 1 tests failed out of 423

Total Test time (real) = 353.78 sec

The following tests FAIL
</pre>
 ( http://cv.jenkins.couchbase.com/job/kv_engine-windows-neo/290/ )

Timeout of a CTest test 423/423 Test #287: ep_testsuite_basic.full_eviction.magma ........................................................................................} ( http://cv.jenkins.couchbase.com/job/kv_engine-windows-neo/290/ )

http://cv.jenkins.couchbase.com/job/kv_engine.ASan-UBSan/job/neo/210/ : FAILURE

No problems were identified. If you know why this problem occurred, please add a suitable Cause for it. ( http://cv.jenkins.couchbase.com/job/kv_engine.ASan-UBSan/job/neo/210/ )

http://cv.jenkins.couchbase.com/job/kv_engine.macos/job/neo/295/ : FAILURE

Timeout of a CTest test [2022-05-25T16:52:16.788Z] 443/443 Test #441: cluster_test ................................................................................................} ( http://cv.jenkins.couchbase.com/job/kv_engine.macos/job/neo/295/ )

http://cv.jenkins.couchbase.com/job/kv_engine-clang_tidy-neo/206/ : SUCCESS

http://cv.jenkins.couchbase.com/job/kv_engine-clang_format_9/16826/ : SUCCESS

http://cv.jenkins.couchbase.com/job/kv_engine-clang_analyzer-neo/204/ : SUCCESS

http://cv.jenkins.couchbase.com/job/kv_engine.libFuzzer/job/neo/205/ : SUCCESS

http://cv.jenkins.couchbase.com/job/kv_engine.linux-CE/job/neo/218/ : SUCCESS

http://cv.jenkins.couchbase.com/job/kv_engine.linux/job/neo/213/ : SUCCESS

http://cv.jenkins.couchbase.com/job/kv_engine.threadsanitizer/job/neo/209/ : SUCCESS

http://cv.jenkins.couchbase.com/job/kv_engine.aarch64-linux/job/neo/201/ : SUCCESS
----------------------------------------------------------------------------------------------------------------------
Author: Dave Rigby
Date: 2022-05-25 20:36:18.000000000
Message: 
Patch Set 1: Code-Review+2
----------------------------------------------------------------------------------------------------------------------
Author: Build Bot
Date: 2022-05-25 21:19:48.000000000
Message: 
Patch Set 1:

Build Failed 

http://cv.jenkins.couchbase.com/job/kv_engine-windows-neo/290/ : FAILURE

Failure of an engine_testapp test:

<pre>
Running [38/47]: resident ratio after warmup...(279 ms) OK


99% tests passed, 1 tests failed out of 423

Total Test time (real) = 353.78 sec

The following tests FAIL
</pre>
 ( http://cv.jenkins.couchbase.com/job/kv_engine-windows-neo/290/ )

Timeout of a CTest test 423/423 Test #287: ep_testsuite_basic.full_eviction.magma ........................................................................................} ( http://cv.jenkins.couchbase.com/job/kv_engine-windows-neo/290/ )

http://cv.jenkins.couchbase.com/job/kv_engine.macos/job/neo/297/ : FAILURE

Timeout of a CTest test [2022-05-25T21:19:40.076Z] 443/443 Test #441: cluster_test ................................................................................................} ( http://cv.jenkins.couchbase.com/job/kv_engine.macos/job/neo/297/ )

http://cv.jenkins.couchbase.com/job/kv_engine-clang_tidy-neo/206/ : SUCCESS

http://cv.jenkins.couchbase.com/job/kv_engine-clang_format_9/16826/ : SUCCESS

http://cv.jenkins.couchbase.com/job/kv_engine-clang_analyzer-neo/204/ : SUCCESS

http://cv.jenkins.couchbase.com/job/kv_engine.libFuzzer/job/neo/205/ : SUCCESS

http://cv.jenkins.couchbase.com/job/kv_engine.linux-CE/job/neo/218/ : SUCCESS

http://cv.jenkins.couchbase.com/job/kv_engine.linux/job/neo/213/ : SUCCESS

http://cv.jenkins.couchbase.com/job/kv_engine.threadsanitizer/job/neo/209/ : SUCCESS

http://cv.jenkins.couchbase.com/job/kv_engine.ASan-UBSan/job/neo/211/ : SUCCESS

http://cv.jenkins.couchbase.com/job/kv_engine.aarch64-linux/job/neo/201/ : SUCCESS
----------------------------------------------------------------------------------------------------------------------
Author: Jim Walker
Date: 2022-05-26 08:30:04.000000000
Message: 
Removed Verified-1 by <GERRIT_ACCOUNT_1000011>

----------------------------------------------------------------------------------------------------------------------
Author: Jim Walker
Date: 2022-05-26 08:30:10.000000000
Message: 
Patch Set 1: Verified+1
----------------------------------------------------------------------------------------------------------------------
