======================================================================================================================
DESCRIPTION:

MB-48034: Leb128 various magma metadata fields

To shrink the size of the magma metadata. The various magma metadata
blocks (V0, V1 etc.) are now variable length on disk.

Change-Id: I09a5253d3c6b2e2d48b03f3158531a4394087055

======================================================================================================================
COMMENTS
======================================================================================================================
Author: Ben Huddleston
Date: 2021-09-08 16:04:29.000000000
Message: 
Uploaded patch set 3.
----------------------------------------------------------------------------------------------------------------------
Author: Build Bot
Date: 2021-09-08 16:34:09.000000000
Message: 
Patch Set 3: Verified-1

Build Failed 

http://cv.jenkins.couchbase.com/job/kv_engine-windows-master/39553/ : FAILURE

Failure of an engine_testapp test:

<pre>
Running [0062/0158]: ep worker stats...(41 ms) SKIPPED


99% tests passed, 1 tests failed out of 407

Total Test time (real) = 709.89 sec

The following tests FAIL
</pre>
 ( http://cv.jenkins.couchbase.com/job/kv_engine-windows-master/39553/ )

Timeout of a CTest test 407/407 Test #256: ep_testsuite.value_eviction.comp_active .......................................................................................} ( http://cv.jenkins.couchbase.com/job/kv_engine-windows-master/39553/ )

http://cv.jenkins.couchbase.com/job/kv_engine.ASan-UBSan/job/master/21928/ : FAILURE

One of more core files found at the end of the build. Data for post-mortem saved to archived_core_dumps.tar.bz2 under "Build Artifacts". ( http://cv.jenkins.couchbase.com/job/kv_engine.ASan-UBSan/job/master/21928/ )

Timeout of a CTest test [2021-09-08T16:17:58.545Z] 408/408 Test #235: ep-engine_ep_unit_tests.KVStoreParam/KVStoreParamTest .......................................................} ( http://cv.jenkins.couchbase.com/job/kv_engine.ASan-UBSan/job/master/21928/ )

http://cv.jenkins.couchbase.com/job/kv_engine.threadsanitizer/job/master/14431/ : FAILURE

Timeout of a CTest test [2021-09-08T16:21:13.797Z] 401/401 Test #230: ep-engine_ep_unit_tests.KVStoreParam/KVStoreParamTest .......................................................} ( http://cv.jenkins.couchbase.com/job/kv_engine.threadsanitizer/job/master/14431/ )

http://cv.jenkins.couchbase.com/job/kv_engine-clang_analyzer-master/33691/ : SUCCESS

http://cv.jenkins.couchbase.com/job/kv_engine-clang_tidy-master/12108/ : SUCCESS

http://cv.jenkins.couchbase.com/job/kv_engine-clang_format_9/10899/ : SUCCESS

http://cv.jenkins.couchbase.com/job/kv_engine.macos/job/master/12867/ : SUCCESS

http://cv.jenkins.couchbase.com/job/kv_engine.libFuzzer/job/master/1751/ : SUCCESS

http://cv.jenkins.couchbase.com/job/kv_engine.aarch64-linux/job/master/1770/ : SUCCESS

http://cv.jenkins.couchbase.com/job/kv_engine.linux-CE/job/master/13720/ : SUCCESS

http://cv.jenkins.couchbase.com/job/kv_engine.linux/job/master/13960/ : SUCCESS
----------------------------------------------------------------------------------------------------------------------
Author: Build Bot
Date: 2021-09-08 17:26:57.000000000
Message: 
Patch Set 3:

Build Failed 

http://cv.jenkins.couchbase.com/job/kv_engine.threadsanitizer/job/master/14439/ : FAILURE

http://cv.jenkins.couchbase.com/job/kv_engine-clang_analyzer-master/33691/ : SUCCESS

http://cv.jenkins.couchbase.com/job/kv_engine-windows-master/39561/ : SUCCESS

http://cv.jenkins.couchbase.com/job/kv_engine-clang_tidy-master/12108/ : SUCCESS

http://cv.jenkins.couchbase.com/job/kv_engine-clang_format_9/10899/ : SUCCESS

http://cv.jenkins.couchbase.com/job/kv_engine.macos/job/master/12867/ : SUCCESS

http://cv.jenkins.couchbase.com/job/kv_engine.libFuzzer/job/master/1751/ : SUCCESS

http://cv.jenkins.couchbase.com/job/kv_engine.aarch64-linux/job/master/1770/ : SUCCESS

http://cv.jenkins.couchbase.com/job/kv_engine.linux-CE/job/master/13720/ : SUCCESS

http://cv.jenkins.couchbase.com/job/kv_engine.linux/job/master/13960/ : SUCCESS

http://cv.jenkins.couchbase.com/job/kv_engine.ASan-UBSan/job/master/21936/ : SUCCESS
----------------------------------------------------------------------------------------------------------------------
Author: Build Bot
Date: 2021-09-09 07:28:11.000000000
Message: 
Patch Set 3: Verified+1

Build Successful 

http://cv.jenkins.couchbase.com/job/kv_engine-clang_analyzer-master/33691/ : SUCCESS

http://cv.jenkins.couchbase.com/job/kv_engine-windows-master/39561/ : SUCCESS

http://cv.jenkins.couchbase.com/job/kv_engine-clang_tidy-master/12108/ : SUCCESS

http://cv.jenkins.couchbase.com/job/kv_engine-clang_format_9/10899/ : SUCCESS

http://cv.jenkins.couchbase.com/job/kv_engine.macos/job/master/12867/ : SUCCESS

http://cv.jenkins.couchbase.com/job/kv_engine.libFuzzer/job/master/1751/ : SUCCESS

http://cv.jenkins.couchbase.com/job/kv_engine.aarch64-linux/job/master/1770/ : SUCCESS

http://cv.jenkins.couchbase.com/job/kv_engine.linux-CE/job/master/13720/ : SUCCESS

http://cv.jenkins.couchbase.com/job/kv_engine.linux/job/master/13960/ : SUCCESS

http://cv.jenkins.couchbase.com/job/kv_engine.ASan-UBSan/job/master/21936/ : SUCCESS

http://cv.jenkins.couchbase.com/job/kv_engine.threadsanitizer/job/master/14448/ : SUCCESS
----------------------------------------------------------------------------------------------------------------------
Author: Jim Walker
Date: 2021-09-09 09:54:40.000000000
Message: 
Patch Set 3: Code-Review-1

(1 comment)
Line:110, engines/ep/src/kvstore/magma-kvstore/shared/magma-kvstore_metadata.cc -> The decode uses u32 and here we use u64 (same for flags) - I can see exptime is defined as u32 - I'd switch this to a u32 for consistency with the decode and size of type

----------------------------------------------------------------------------------------------------------------------
Author: Ben Huddleston
Date: 2021-09-09 10:14:13.000000000
MISMATCHED INLINE COMMENT
Line:110, engines/ep/src/kvstore/magma-kvstore/shared/magma-kvstore_metadata.cc -> Done
----------------------------------------------------------------------------------------------------------------------
