======================================================================================================================
DESCRIPTION:

MB-48034: Leb128 various magma metadata fields

To shrink the size of the magma metadata. The various magma metadata
blocks (V0, V1 etc.) are now variable length on disk.

Change-Id: I09a5253d3c6b2e2d48b03f3158531a4394087055

======================================================================================================================
COMMENTS
======================================================================================================================
Author: Ben Huddleston
Date: 2021-09-10 12:19:09.000000000
Message: 
Uploaded patch set 6.
----------------------------------------------------------------------------------------------------------------------
Author: Ben Huddleston
Date: 2021-09-10 12:19:14.000000000
Message: 
Patch Set 6:

(3 comments)
----------------------------------------------------------------------------------------------------------------------
Author: Ben Huddleston
Date: 2021-09-10 12:19:25.000000000
Message: 
Patch Set 6:

(2 comments)
----------------------------------------------------------------------------------------------------------------------
Author: Build Bot
Date: 2021-09-10 12:45:42.000000000
Message: 
Patch Set 6: Verified-1

Build Failed 

http://cv.jenkins.couchbase.com/job/kv_engine-windows-master/39686/ : FAILURE

Failure of an engine_testapp test:

<pre>
Running [0132/0158]: test key_stats with item_eviction...(6 ms) SKIPPED


99% tests passed, 2 tests failed out of 409

Total Test time (real) = 649.91 sec

The following tests FAIL
</pre>
 ( http://cv.jenkins.couchbase.com/job/kv_engine-windows-master/39686/ )

Timeout of a CTest test 408/409 Test #277: ep_testsuite_dcp.ephemeral.comp_passive .......................................................................................} ( http://cv.jenkins.couchbase.com/job/kv_engine-windows-master/39686/ )

http://cv.jenkins.couchbase.com/job/kv_engine.linux/job/master/14079/ : FAILURE

No problems were identified. If you know why this problem occurred, please add a suitable Cause for it. ( http://cv.jenkins.couchbase.com/job/kv_engine.linux/job/master/14079/ )

http://cv.jenkins.couchbase.com/job/kv_engine-clang_analyzer-master/33803/ : SUCCESS

http://cv.jenkins.couchbase.com/job/kv_engine-clang_tidy-master/12223/ : SUCCESS

http://cv.jenkins.couchbase.com/job/kv_engine-clang_format_9/11015/ : SUCCESS

http://cv.jenkins.couchbase.com/job/kv_engine.macos/job/master/12982/ : SUCCESS

http://cv.jenkins.couchbase.com/job/kv_engine.libFuzzer/job/master/1866/ : SUCCESS

http://cv.jenkins.couchbase.com/job/kv_engine.linux-CE/job/master/13836/ : SUCCESS

http://cv.jenkins.couchbase.com/job/kv_engine.threadsanitizer/job/master/14563/ : SUCCESS

http://cv.jenkins.couchbase.com/job/kv_engine.ASan-UBSan/job/master/22069/ : SUCCESS

http://cv.jenkins.couchbase.com/job/kv_engine.aarch64-linux/job/master/1885/ : SUCCESS
----------------------------------------------------------------------------------------------------------------------
Author: Build Bot
Date: 2021-09-10 13:49:25.000000000
Message: 
Patch Set 6:

Build Failed 

http://cv.jenkins.couchbase.com/job/kv_engine-windows-master/39693/ : FAILURE

Failure of an engine_testapp test:

<pre>
Running [0145/0158]: test_MB-19687_fixed...(47 ms) OK


99% tests passed, 2 tests failed out of 409

Total Test time (real) = 746.62 sec

The following tests FAIL
</pre>
 ( http://cv.jenkins.couchbase.com/job/kv_engine-windows-master/39693/ )

Timeout of a CTest test 408/409 Test #258: ep_testsuite.value_eviction.comp_active .......................................................................................} ( http://cv.jenkins.couchbase.com/job/kv_engine-windows-master/39693/ )

http://cv.jenkins.couchbase.com/job/kv_engine-clang_analyzer-master/33803/ : SUCCESS

http://cv.jenkins.couchbase.com/job/kv_engine-clang_tidy-master/12223/ : SUCCESS

http://cv.jenkins.couchbase.com/job/kv_engine-clang_format_9/11015/ : SUCCESS

http://cv.jenkins.couchbase.com/job/kv_engine.macos/job/master/12982/ : SUCCESS

http://cv.jenkins.couchbase.com/job/kv_engine.libFuzzer/job/master/1866/ : SUCCESS

http://cv.jenkins.couchbase.com/job/kv_engine.linux-CE/job/master/13836/ : SUCCESS

http://cv.jenkins.couchbase.com/job/kv_engine.linux/job/master/14085/ : SUCCESS

http://cv.jenkins.couchbase.com/job/kv_engine.threadsanitizer/job/master/14563/ : SUCCESS

http://cv.jenkins.couchbase.com/job/kv_engine.ASan-UBSan/job/master/22069/ : SUCCESS

http://cv.jenkins.couchbase.com/job/kv_engine.aarch64-linux/job/master/1885/ : SUCCESS
----------------------------------------------------------------------------------------------------------------------
Author: Build Bot
Date: 2021-09-10 14:47:36.000000000
Message: 
Patch Set 6:

Build Failed 

http://cv.jenkins.couchbase.com/job/kv_engine-windows-master/39707/ : FAILURE

Failure of an engine_testapp test:

<pre>
Running [0047/0158]: stats key EACCESS...(31 ms) OK


99% tests passed, 1 tests failed out of 409

Total Test time (real) = 681.48 sec

The following tests FAIL
</pre>
 ( http://cv.jenkins.couchbase.com/job/kv_engine-windows-master/39707/ )

Timeout of a CTest test 409/409 Test #262: ep_testsuite.ephemeral.comp_active ............................................................................................} ( http://cv.jenkins.couchbase.com/job/kv_engine-windows-master/39707/ )

http://cv.jenkins.couchbase.com/job/kv_engine-clang_analyzer-master/33803/ : SUCCESS

http://cv.jenkins.couchbase.com/job/kv_engine-clang_tidy-master/12223/ : SUCCESS

http://cv.jenkins.couchbase.com/job/kv_engine-clang_format_9/11015/ : SUCCESS

http://cv.jenkins.couchbase.com/job/kv_engine.macos/job/master/12982/ : SUCCESS

http://cv.jenkins.couchbase.com/job/kv_engine.libFuzzer/job/master/1866/ : SUCCESS

http://cv.jenkins.couchbase.com/job/kv_engine.linux-CE/job/master/13836/ : SUCCESS

http://cv.jenkins.couchbase.com/job/kv_engine.linux/job/master/14085/ : SUCCESS

http://cv.jenkins.couchbase.com/job/kv_engine.threadsanitizer/job/master/14563/ : SUCCESS

http://cv.jenkins.couchbase.com/job/kv_engine.ASan-UBSan/job/master/22069/ : SUCCESS

http://cv.jenkins.couchbase.com/job/kv_engine.aarch64-linux/job/master/1885/ : SUCCESS
----------------------------------------------------------------------------------------------------------------------
Author: Build Bot
Date: 2021-09-10 15:47:08.000000000
Message: 
Patch Set 6:

Build Failed 

http://cv.jenkins.couchbase.com/job/kv_engine-windows-master/39719/ : FAILURE

Failure of an engine_testapp test:

<pre>
Running [0016/0158]: test observe on temp item...WARNING: Logging before InitGoogleLogging() is written to STDERR
W0910 08:37:27.758210 18588 HazptrDomain.h:670] Using the default inline executor for asynchronous reclamation may be susceptible to deadlock if the current thread happens to hold a resource needed by the deleter of a reclaimable object


99% tests passed, 1 tests failed out of 409

Total Test time (real) = 689.26 sec

The following tests FAIL
</pre>
 ( http://cv.jenkins.couchbase.com/job/kv_engine-windows-master/39719/ )

Timeout of a CTest test 409/409 Test #258: ep_testsuite.value_eviction.comp_active .......................................................................................} ( http://cv.jenkins.couchbase.com/job/kv_engine-windows-master/39719/ )

http://cv.jenkins.couchbase.com/job/kv_engine-clang_analyzer-master/33803/ : SUCCESS

http://cv.jenkins.couchbase.com/job/kv_engine-clang_tidy-master/12223/ : SUCCESS

http://cv.jenkins.couchbase.com/job/kv_engine-clang_format_9/11015/ : SUCCESS

http://cv.jenkins.couchbase.com/job/kv_engine.macos/job/master/12982/ : SUCCESS

http://cv.jenkins.couchbase.com/job/kv_engine.libFuzzer/job/master/1866/ : SUCCESS

http://cv.jenkins.couchbase.com/job/kv_engine.linux-CE/job/master/13836/ : SUCCESS

http://cv.jenkins.couchbase.com/job/kv_engine.linux/job/master/14085/ : SUCCESS

http://cv.jenkins.couchbase.com/job/kv_engine.threadsanitizer/job/master/14563/ : SUCCESS

http://cv.jenkins.couchbase.com/job/kv_engine.ASan-UBSan/job/master/22069/ : SUCCESS

http://cv.jenkins.couchbase.com/job/kv_engine.aarch64-linux/job/master/1885/ : SUCCESS
----------------------------------------------------------------------------------------------------------------------
Author: Build Bot
Date: 2021-09-10 16:36:01.000000000
Message: 
Patch Set 6: Verified+1

Build Successful 

http://cv.jenkins.couchbase.com/job/kv_engine-clang_analyzer-master/33803/ : SUCCESS

http://cv.jenkins.couchbase.com/job/kv_engine-clang_tidy-master/12223/ : SUCCESS

http://cv.jenkins.couchbase.com/job/kv_engine-clang_format_9/11015/ : SUCCESS

http://cv.jenkins.couchbase.com/job/kv_engine.macos/job/master/12982/ : SUCCESS

http://cv.jenkins.couchbase.com/job/kv_engine.libFuzzer/job/master/1866/ : SUCCESS

http://cv.jenkins.couchbase.com/job/kv_engine.linux-CE/job/master/13836/ : SUCCESS

http://cv.jenkins.couchbase.com/job/kv_engine.linux/job/master/14085/ : SUCCESS

http://cv.jenkins.couchbase.com/job/kv_engine.threadsanitizer/job/master/14563/ : SUCCESS

http://cv.jenkins.couchbase.com/job/kv_engine.ASan-UBSan/job/master/22069/ : SUCCESS

http://cv.jenkins.couchbase.com/job/kv_engine.aarch64-linux/job/master/1885/ : SUCCESS

http://cv.jenkins.couchbase.com/job/kv_engine-windows-master/39721/ : SUCCESS
----------------------------------------------------------------------------------------------------------------------
