======================================================================================================================
DESCRIPTION:

MB-54729: Update protocol_binary with DCP history flags

Change-Id: I04493f7b79970c7068aedc50ba18f622e8423012

======================================================================================================================
COMMENTS
======================================================================================================================
Author: Jim Walker
Date: 2023-02-01 12:07:01.000000000
Message: 
Uploaded patch set 1.
----------------------------------------------------------------------------------------------------------------------
Author: Restriction Checker
Date: 2023-02-01 12:07:15.000000000
Message: 
Patch Set 1: Well-Formed+1

Permission granted to commit: 

https://server.jenkins.couchbase.com/job/restricted-branch-check/335609/artifact/restricted.html : SUCCESS
----------------------------------------------------------------------------------------------------------------------
Author: Build Bot
Date: 2023-02-01 12:42:03.000000000
Message: 
Patch Set 1: Verified-1

Build Failed 

https://cv.jenkins.couchbase.com/job/kv_engine-windows-neo/1193/ : FAILURE

Failure of an engine_testapp test:

<pre>
Running [66/93]: dcp persistence seqno for backfill items...(61 ms) OK


99% tests passed, 1 tests failed out of 429

Total Test time (real) = 426.02 sec

The following tests FAIL
</pre>
 ( https://cv.jenkins.couchbase.com/job/kv_engine-windows-neo/1193/ )

Timeout of a CTest test 429/429 Test #295: ep_testsuite_dcp.value_eviction.comp_active ...................................................................................} ( https://cv.jenkins.couchbase.com/job/kv_engine-windows-neo/1193/ )

https://cv.jenkins.couchbase.com/job/kv_engine.macos/job/neo/1310/ : FAILURE

No problems were identified. If you know why this problem occurred, please add a suitable Cause for it. ( https://cv.jenkins.couchbase.com/job/kv_engine.macos/job/neo/1310/ )

https://cv.jenkins.couchbase.com/job/kv_engine.linux-CE/job/neo/1016/ : FAILURE

Failure of GoogleTest "TransportProtocols/WithMetaTest.MB36304_DocumentMaxSizeWithXattr/McbpSsl_XattrYes_JsonNo_SnappyNo":

<pre>
[ RUN      ] TransportProtocols/WithMetaTest.MB36304_DocumentMaxSizeWithXattr/McbpSsl_XattrYes_JsonNo_SnappyNo
[2023-02-01T12:27:52.434Z] unknown file: Failure
[2023-02-01T12:27:52.434Z] C++ exception with description "Failed to remove: TransportProtocols_WithMetaTest_MB36304_DocumentMaxSizeWithXattr_McbpSsl_XattrYes_JsonNo_SnappyNo: Temporary failure (134)" thrown in the test body.
[2023-02-01T12:27:52.435Z] [  FAILED  ] TransportProtocols/WithMetaTest.MB36304_DocumentMaxSizeWithXattr/McbpSsl_XattrYes_JsonNo_SnappyNo, where GetParam() = (McbpSsl, XattrYes, 4-byte object <01-00 00-00>, 4-byte object <01-00 00-00>) (184 ms)
TransportProtocols/WithMetaTest.MB36304_DocumentMaxSizeWithXattr/McbpSsl_XattrYes_JsonNo_SnappyNo
</pre>
 ( https://cv.jenkins.couchbase.com/job/kv_engine.linux-CE/job/neo/1016/ )

https://cv.jenkins.couchbase.com/job/kv_engine.threadsanitizer/job/neo/1016/ : FAILURE

Failure of an engine_testapp test:

<pre>
Running [2/5]: test checkpoint create...
[2023-02-01T12:41:18.714Z] 
[2023-02-01T12:41:18.714Z]         Start 104: ep-engine_ep_unit_tests.WeaklyMonotonicTest/Monotonic<int, ThrowExceptionPolicy, cb::greater_equal>
[2023-02-01T12:41:33.620Z] 414/423 Test #101: ep-engine_ep_unit_tests.ThrowingMonotonicTest/Monotonic<int, ThrowExceptionPolicy, cb::greater> .............   Passed   26.02 sec
[2023-02-01T12:41:33.620Z]         Start 105: ep-engine_ep_unit_tests.WeaklyMonotonicTest/AtomicMonotonic<int, ThrowExceptionPolicy, cb::greater_equal>
[2023-02-01T12:41:33.620Z] 415/423 Test  #98: ep-engine_ep_unit_tests.MonotonicTest/AtomicMonotonic<int, IgnorePolicy, cb::greater> .......................   Passed   26.70 sec
[2023-02-01T12:41:33.620Z]         Start 106: ep-engine_ep_unit_tests.WeaklyMonotonicThrowTest/Monotonic<int, ThrowExceptionPolicy, cb::greater_equal>
[2023-02-01T12:41:33.621Z] 416/423 Test  #99: ep-engine_ep_unit_tests.ThrowingAllMonotonicTest/Monotonic<int, ThrowExceptionPolicy, cb::greater> ..........   Passed   26.78 sec
[2023-02-01T12:41:33.621Z] 417/423 Test #102: ep-engine_ep_unit_tests.WeaklyMonotonicTest/Monotonic<int, IgnorePolicy, cb::greater_equal> .................   Passed   26.91 sec
[2023-02-01T12:41:34.561Z] 418/423 Test #100: ep-engine_ep_unit_tests.ThrowingAllMonotonicTest/AtomicMonotonic<int, ThrowExceptionPolicy, cb::greater> ....   Passed   28.05 sec
[2023-02-01T12:41:34.821Z] 419/423 Test #103: ep-engine_ep_unit_tests.WeaklyMonotonicTest/AtomicMonotonic<int, IgnorePolicy, cb::greater_equal> ...........   Passed   28.31 sec
[2023-02-01T12:41:35.080Z] 420/423 Test  #97: ep-engine_ep_unit_tests.MonotonicTest/Monotonic<int, IgnorePolicy, cb::greater> .............................   Passed   28.73 sec
[2023-02-01T12:41:45.084Z] 421/423 Test #104: ep-engine_ep_unit_tests.WeaklyMonotonicTest/Monotonic<int, ThrowExceptionPolicy, cb::greater_equal> .........   Passed   26.94 sec
[2023-02-01T12:41:57.306Z] 422/423 Test #105: ep-engine_ep_unit_tests.WeaklyMonotonicTest/AtomicMonotonic<int, ThrowExceptionPolicy, cb::greater_equal> ...   Passed   23.60 sec
[2023-02-01T12:41:57.566Z] 423/423 Test #106: ep-engine_ep_unit_tests.WeaklyMonotonicThrowTest/Monotonic<int, ThrowExceptionPolicy, cb::greater_equal> ....   Passed   24.48 sec
[2023-02-01T12:41:57.566Z] 
[2023-02-01T12:41:57.566Z] 99% tests passed, 1 tests failed out of 423
[2023-02-01T12:41:57.566Z] 
[2023-02-01T12:41:57.566Z] Total Test time (real) = 1726.96 sec
[2023-02-01T12:41:57.566Z] 
[2023-02-01T12:41:57.566Z] The following tests FAIL
</pre>
 ( https://cv.jenkins.couchbase.com/job/kv_engine.threadsanitizer/job/neo/1016/ )

https://cv.jenkins.couchbase.com/job/kv_engine.aarch64-linux/job/neo/1007/ : FAILURE

Failure of GoogleTest "EphemeralOrPersistent/STExpiryPagerTest.ExpiredItemsDeleted/persistent_nexus_couchstore_magma_full_eviction":

<pre>
[ RUN      ] EphemeralOrPersistent/STExpiryPagerTest.ExpiredItemsDeleted/persistent_nexus_couchstore_magma_full_eviction
[2023-02-01T12:17:23.034Z] ../kv_engine/engines/ep/tests/module_tests/item_pager_test.cc:1704: Failure
[2023-02-01T12:17:23.034Z] Expected equality of these values:
[2023-02-01T12:17:23.034Z]   cb::engine_errc::would_block
[2023-02-01T12:17:23.034Z]     Which is: would block
[2023-02-01T12:17:23.034Z]   getKeyFn(key_2)
[2023-02-01T12:17:23.034Z]     Which is: no memory
[2023-02-01T12:17:23.034Z] ../kv_engine/engines/ep/tests/module_tests/item_pager_test.cc:1707: Failure
[2023-02-01T12:17:23.034Z] Expected equality of these values:
[2023-02-01T12:17:23.034Z]   cb::engine_errc::no_such_key
[2023-02-01T12:17:23.034Z]     Which is: no such key
[2023-02-01T12:17:23.034Z]   getKeyFn(key_2)
[2023-02-01T12:17:23.034Z]     Which is: no memory
[2023-02-01T12:17:23.034Z] Key with TTL:20 should be removed.
[2023-02-01T12:17:23.034Z] [  FAILED  ] EphemeralOrPersistent/STExpiryPagerTest.ExpiredItemsDeleted/persistent_nexus_couchstore_magma_full_eviction, where GetParam() = "bucket_type=persistent:backend=nexus:nexus_primary_backend=couchstore:nexus_secondary_backend=magma:item_eviction_policy=full_eviction" (56 ms)
EphemeralOrPersistent/STExpiryPagerTest.ExpiredItemsDeleted/persistent_nexus_couchstore_magma_full_eviction
</pre>
 ( https://cv.jenkins.couchbase.com/job/kv_engine.aarch64-linux/job/neo/1007/ )

https://cv.jenkins.couchbase.com/job/kv_engine-clang_tidy-neo/994/ : SUCCESS

https://cv.jenkins.couchbase.com/job/kv_engine-clang_analyzer-neo/964/ : SUCCESS

https://cv.jenkins.couchbase.com/job/kv_engine-clang_format_9/22484/ : SUCCESS

https://cv.jenkins.couchbase.com/job/kv_engine.libFuzzer/job/neo/987/ : SUCCESS

https://cv.jenkins.couchbase.com/job/kv_engine.ASan-UBSan/job/neo/1007/ : SUCCESS

https://cv.jenkins.couchbase.com/job/kv_engine.linux/job/neo/1009/ : SUCCESS
----------------------------------------------------------------------------------------------------------------------
Author: Jim Walker
Date: 2023-02-01 13:02:19.000000000
Message: 
Patch Set 1: Verified+1
----------------------------------------------------------------------------------------------------------------------
Author: Jim Walker
Date: 2023-02-01 13:02:22.000000000
Message: 
Removed Verified-1 by <GERRIT_ACCOUNT_1000011>

----------------------------------------------------------------------------------------------------------------------
Author: Paolo Cocchi
Date: 2023-02-01 13:27:01.000000000
Message: 
Patch Set 1: Code-Review+2
----------------------------------------------------------------------------------------------------------------------
