======================================================================================================================
DESCRIPTION:

MB-39620: Remove interfaces from memcached.json [3/3]

This patch removes the old definition of interfaces through
memcached.json

Change-Id: If56d95b7ea8ee6086c6c4d80c3aea536a4a7fc9a

======================================================================================================================
COMMENTS
======================================================================================================================
Author: Trond Norbye
Date: 2021-06-01 08:24:36.000000000
Message: 
Uploaded patch set 27.
----------------------------------------------------------------------------------------------------------------------
Author: Build Bot
Date: 2021-06-01 09:50:54.000000000
Message: 
Patch Set 27: Verified-1

Build Failed 

http://cv.jenkins.couchbase.com/job/kv_engine-windows-master/36231/ : FAILURE

Failure of an engine_testapp test:

<pre>
Running [0023/0045]: test add meta conflict resolution...(0 ms) SKIPPED

        Start 381: memcached_testapp.ep.TransportProtocols/NoAutoselectDefaultBucketTest
378/406 Test #373: memcached_testapp.ep.TransportProtocols/GetSetTest ............................................................................   Passed    4.39 sec
        Start 382: memcached_testapp.ep.CleanOrUnclean/PersistToTest
379/406 Test #379: memcached_testapp.ep.LoggingTests/LoggingTest .................................................................................   Passed    1.22 sec
        Start 383: memcached_testapp.ep.TransportProtocols/RbacTest
380/406 Test #380: memcached_testapp.ep.TransportProtocols/MiscTest ..............................................................................   Passed    1.25 sec
        Start 384: memcached_testapp.ep.TransportProtocols/RbacRoleTest
381/406 Test #381: memcached_testapp.ep.TransportProtocols/NoAutoselectDefaultBucketTest .........................................................   Passed    1.03 sec
        Start 385: memcached_testapp.ep.TransportProtocols/RegressionTest
382/406 Test #383: memcached_testapp.ep.TransportProtocols/RbacTest ..............................................................................   Passed    1.15 sec
        Start 386: memcached_testapp.ep.TransportProtocols/RemoveTest
383/406 Test #384: memcached_testapp.ep.TransportProtocols/RbacRoleTest ..........................................................................   Passed    1.26 sec
        Start 387: memcached_testapp.ep.TransportProtocols/SaslTest
384/406 Test #385: memcached_testapp.ep.TransportProtocols/RegressionTest ........................................................................   Passed    1.24 sec
        Start 388: memcached_testapp.ep.TransportProtocols/StatsTest
385/406 Test #386: memcached_testapp.ep.TransportProtocols/RemoveTest ............................................................................   Passed    1.44 sec
        Start 389: memcached_testapp.ep.TransportProtocols/NoBucketStatsTest
386/406 Test #388: memcached_testapp.ep.TransportProtocols/StatsTest .............................................................................   Passed    1.71 sec
        Start 390: memcached_testapp.ep.Subdoc/SubdocTestappTest
387/406 Test #389: memcached_testapp.ep.TransportProtocols/NoBucketStatsTest .....................................................................   Passed    1.14 sec
        Start 391: memcached_testapp.ep.SDPerf/SubdocPerfTest
388/406 Test #382: memcached_testapp.ep.CleanOrUnclean/PersistToTest .............................................................................   Passed    5.64 sec
        Start 392: memcached_testapp.ep.TransportProtocols/TlsTests
389/406 Test #390: memcached_testapp.ep.Subdoc/SubdocTestappTest .................................................................................   Passed    3.08 sec
        Start 393: memcached_testapp.ep.Transport/McdTopkeysTest
390/406 Test #392: memcached_testapp.ep.TransportProtocols/TlsTests ..............................................................................   Passed    1.52 sec
        Start 394: memcached_testapp.ep.TransportProtocols/TouchTest
391/406 Test #393: memcached_testapp.ep.Transport/McdTopkeysTest .................................................................................   Passed    1.28 sec
        Start 395: memcached_testapp.ep.TransportProtocols/TtlTest
392/406 Test #394: memcached_testapp.ep.TransportProtocols/TouchTest .............................................................................   Passed    1.17 sec
        Start 396: memcached_testapp.ep.TransportProtocols/TuneMcbpSla
393/406 Test #395: memcached_testapp.ep.TransportProtocols/TtlTest ...............................................................................   Passed    1.10 sec
        Start 397: memcached_testapp.ep.TransportProtocols/WithMetaTest
394/406 Test #396: memcached_testapp.ep.TransportProtocols/TuneMcbpSla ...........................................................................   Passed    1.23 sec
        Start 398: memcached_testapp.ep.TransportProtocols/XattrTest
395/406 Test #387: memcached_testapp.ep.TransportProtocols/SaslTest ..............................................................................   Passed    8.15 sec
        Start 399: memcached_testapp.ep.TransportProtocols/XattrNoDocTest
396/406 Test #399: memcached_testapp.ep.TransportProtocols/XattrNoDocTest ........................................................................   Passed    1.98 sec
        Start 400: memcached_testapp.ep.TransportProtocols/XattrNoDocDurabilityTest
397/406 Test #398: memcached_testapp.ep.TransportProtocols/XattrTest .............................................................................   Passed    4.06 sec
        Start 401: memcached_testapp.ep.TransportProtocols/XattrDisabledTest
398/406 Test #397: memcached_testapp.ep.TransportProtocols/WithMetaTest ..........................................................................   Passed    4.58 sec
        Start 402: testapp_auth_provider_test
399/406 Test #400: memcached_testapp.ep.TransportProtocols/XattrNoDocDurabilityTest ..............................................................   Passed    2.18 sec
        Start 403: cluster_test
400/406 Test #401: memcached_testapp.ep.TransportProtocols/XattrDisabledTest .....................................................................   Passed    1.05 sec
        Start 404: memcached_topkeys_test
401/406 Test #404: memcached_topkeys_test ........................................................................................................   Passed    0.12 sec
        Start 405: memcached_unsigned_leb128_test
402/406 Test #402: testapp_auth_provider_test ....................................................................................................   Passed    1.58 sec
        Start 406: memcached-hostutils-test
403/406 Test #405: memcached_unsigned_leb128_test ................................................................................................   Passed    1.11 sec
404/406 Test #406: memcached-hostutils-test ......................................................................................................   Passed    1.17 sec
405/406 Test #391: memcached_testapp.ep.SDPerf/SubdocPerfTest ....................................................................................   Passed   29.14 sec
406/406 Test #403: cluster_test ..................................................................................................................   Passed   21.57 sec

99% tests passed, 1 tests failed out of 406

Total Test time (real) = 659.57 sec

The following tests FAIL
</pre>
 ( http://cv.jenkins.couchbase.com/job/kv_engine-windows-master/36231/ )

Timeout of a CTest test 377/406 Test #280: ep_testsuite_xdcr.value_eviction.comp_passive .................................................................................} ( http://cv.jenkins.couchbase.com/job/kv_engine-windows-master/36231/ )

http://cv.jenkins.couchbase.com/job/kv_engine.threadsanitizer/job/master/11275/ : FAILURE

ThreadSanitizer issue: data race (/opt/gcc-10.2.0/lib64/libtsan.so.0+0x87578) in operator delete(void*, unsigned long)  ( http://cv.jenkins.couchbase.com/job/kv_engine.threadsanitizer/job/master/11275/ )

http://cv.jenkins.couchbase.com/job/kv_engine.linux-CE/job/master/10866/ : FAILURE

The warnings threshold for this job was exceeded - <a href="warningsResult">1 warnings</a> found. ( http://cv.jenkins.couchbase.com/job/kv_engine.linux-CE/job/master/10866/ )

http://cv.jenkins.couchbase.com/job/kv_engine.ASan-UBSan/job/master/18850/ : FAILURE

No problems were identified. If you know why this problem occurred, please add a suitable Cause for it. ( http://cv.jenkins.couchbase.com/job/kv_engine.ASan-UBSan/job/master/18850/ )

http://cv.jenkins.couchbase.com/job/kv_engine-clang_analyzer-master/30942/ : SUCCESS

http://cv.jenkins.couchbase.com/job/kv_engine-clang_format_9/7892/ : SUCCESS

http://cv.jenkins.couchbase.com/job/kv_engine-clang_tidy-master/9310/ : SUCCESS

http://cv.jenkins.couchbase.com/job/kv_engine.macos/job/master/9936/ : SUCCESS

http://cv.jenkins.couchbase.com/job/kv_engine.linux/job/master/11012/ : SUCCESS
----------------------------------------------------------------------------------------------------------------------
