======================================================================================================================
DESCRIPTION:

MB-53898: Reduce impact of Expiry by compaction by batching BgFetch

Problem:
In workloads that heavily utilities TTLs on documents and are in a very
low resident bucket, can cause front end reads to time out.

Cause:
This is due compaction generating a large number of bgfetches which need
to be performed before any front end bgfetches. These compaction expiry
bgfetches can get into the size of ~200K requests in some situations.

Fix:
To fix this we should batch bgfetches so that service each vbucket more
equally. Also when selecting items or the bgfetch batch we should
select bgfetches from the front end over bgfetches for expiry by
compaction.

Change-Id: Ifd3894031adaffdee374c1ae6e856e1ebff350b7

======================================================================================================================
COMMENTS
======================================================================================================================
Author: Richard de Mellow
Date: 2022-10-13 12:44:46.000000000
Message: 
Uploaded patch set 8.
----------------------------------------------------------------------------------------------------------------------
Author: Restriction Checker
Date: 2022-10-13 12:44:58.000000000
Message: 
Patch Set 8: Well-Formed-1

Branch restricted. PLEASE READ this URL: 

https://server.jenkins.couchbase.com/job/restricted-branch-check/319766/artifact/restricted.html : FAILURE
----------------------------------------------------------------------------------------------------------------------
Author: Build Bot
Date: 2022-10-13 13:32:14.000000000
Message: 
Patch Set 8: Verified-1

Build Failed 

https://cv.jenkins.couchbase.com/job/kv_engine-windows-neo/511/ : FAILURE

Failure of GoogleTest "TransportProtocols/XattrTest.mb25928_SystemCantExceedSystemLimit/Mcbp_XattrYes_JsonYes_SnappyYes":

<pre>
[ RUN      ] TransportProtocols/XattrTest.mb25928_SystemCantExceedSystemLimit/Mcbp_XattrYes_JsonYes_SnappyYes
unknown file: error: C++ exception with description "Failed to store TransportProtocols_XattrTest_mb25928_SystemCantExceedSystemLimit_Mcbp_XattrYes_JsonYes_SnappyYes: Temporary failure (134)" thrown in SetUp().
[  FAILED  ] TransportProtocols/XattrTest.mb25928_SystemCantExceedSystemLimit/Mcbp_XattrYes_JsonYes_SnappyYes, where GetParam() = (Mcbp, XattrYes, 4-byte object <00-00 00-00>, 4-byte object <00-00 00-00>) (4 ms)
TransportProtocols/XattrTest.mb25928_SystemCantExceedSystemLimit/Mcbp_XattrYes_JsonYes_SnappyYes
</pre>
 ( https://cv.jenkins.couchbase.com/job/kv_engine-windows-neo/511/ )

https://cv.jenkins.couchbase.com/job/kv_engine.threadsanitizer/job/neo/391/ : FAILURE

Timeout of a CTest test [2022-10-13T13:25:58.781Z] 183/418 Test #416: cluster_test ................................................................................................} ( https://cv.jenkins.couchbase.com/job/kv_engine.threadsanitizer/job/neo/391/ )

ThreadSanitizer issue: data race /opt/gcc-10.2.0/lib/gcc/x86_64-pc-linux-gnu/10.2.0/../../../../include/c++/10.2.0/bits/stl_vector.h:1794 in std::vector<std::shared_ptr<cb::test::Bucket>, std::allocator<std::shared_ptr<cb::test::Bucket> > >::_M_erase_at_end(std::shared_ptr<cb::test::Bucket>*)  ( https://cv.jenkins.couchbase.com/job/kv_engine.threadsanitizer/job/neo/391/ )

https://cv.jenkins.couchbase.com/job/kv_engine-clang_tidy-neo/376/ : SUCCESS

https://cv.jenkins.couchbase.com/job/kv_engine-clang_format_9/20391/ : SUCCESS

https://cv.jenkins.couchbase.com/job/kv_engine-clang_analyzer-neo/367/ : SUCCESS

https://cv.jenkins.couchbase.com/job/kv_engine.aarch64-linux/job/neo/377/ : SUCCESS

https://cv.jenkins.couchbase.com/job/kv_engine.ASan-UBSan/job/neo/391/ : SUCCESS

https://cv.jenkins.couchbase.com/job/kv_engine.linux/job/neo/391/ : SUCCESS

https://cv.jenkins.couchbase.com/job/kv_engine.libFuzzer/job/neo/378/ : SUCCESS

https://cv.jenkins.couchbase.com/job/kv_engine.linux-CE/job/neo/401/ : SUCCESS

https://cv.jenkins.couchbase.com/job/kv_engine.macos/job/neo/603/ : SUCCESS
----------------------------------------------------------------------------------------------------------------------
Author: Build Bot
Date: 2022-10-13 15:48:46.000000000
Message: 
Patch Set 8:

Build Failed 

https://cv.jenkins.couchbase.com/job/kv_engine-windows-neo/513/ : FAILURE

Failure of an engine_testapp test:

<pre>
Running [44/47]: test max_ttl range...(132 ms) OK


99% tests passed, 1 tests failed out of 424

Total Test time (real) = 339.41 sec

The following tests FAIL
</pre>
 ( https://cv.jenkins.couchbase.com/job/kv_engine-windows-neo/513/ )

Timeout of a CTest test 424/424 Test #286: ep_testsuite_basic.ephemeral.comp_active ......................................................................................} ( https://cv.jenkins.couchbase.com/job/kv_engine-windows-neo/513/ )

https://cv.jenkins.couchbase.com/job/kv_engine.threadsanitizer/job/neo/393/ : FAILURE

Timeout of a CTest test [2022-10-13T15:48:39.040Z] 418/418 Test #416: cluster_test ................................................................................................} ( https://cv.jenkins.couchbase.com/job/kv_engine.threadsanitizer/job/neo/393/ )

ThreadSanitizer issue: data race /opt/gcc-10.2.0/lib/gcc/x86_64-pc-linux-gnu/10.2.0/../../../../include/c++/10.2.0/bits/stl_vector.h:1794 in std::vector<std::shared_ptr<cb::test::Bucket>, std::allocator<std::shared_ptr<cb::test::Bucket> > >::_M_erase_at_end(std::shared_ptr<cb::test::Bucket>*)  ( https://cv.jenkins.couchbase.com/job/kv_engine.threadsanitizer/job/neo/393/ )

https://cv.jenkins.couchbase.com/job/kv_engine-clang_tidy-neo/376/ : SUCCESS

https://cv.jenkins.couchbase.com/job/kv_engine-clang_format_9/20391/ : SUCCESS

https://cv.jenkins.couchbase.com/job/kv_engine-clang_analyzer-neo/367/ : SUCCESS

https://cv.jenkins.couchbase.com/job/kv_engine.aarch64-linux/job/neo/377/ : SUCCESS

https://cv.jenkins.couchbase.com/job/kv_engine.ASan-UBSan/job/neo/391/ : SUCCESS

https://cv.jenkins.couchbase.com/job/kv_engine.linux/job/neo/391/ : SUCCESS

https://cv.jenkins.couchbase.com/job/kv_engine.libFuzzer/job/neo/378/ : SUCCESS

https://cv.jenkins.couchbase.com/job/kv_engine.linux-CE/job/neo/401/ : SUCCESS

https://cv.jenkins.couchbase.com/job/kv_engine.macos/job/neo/603/ : SUCCESS
----------------------------------------------------------------------------------------------------------------------
Author: Build Bot
Date: 2022-10-13 16:44:53.000000000
Message: 
Patch Set 8:

Build Failed 

https://cv.jenkins.couchbase.com/job/kv_engine.threadsanitizer/job/neo/395/ : FAILURE

ThreadSanitizer issue: data race /opt/gcc-10.2.0/lib/gcc/x86_64-pc-linux-gnu/10.2.0/../../../../include/c++/10.2.0/bits/unique_ptr.h:360 in std::unique_ptr<cb::test::Cluster, std::default_delete<cb::test::Cluster> >::~unique_ptr()  ( https://cv.jenkins.couchbase.com/job/kv_engine.threadsanitizer/job/neo/395/ )

https://cv.jenkins.couchbase.com/job/kv_engine-windows-neo/514/ : FAILURE

Failure of GoogleTest "TransportProtocols/XattrTest.MB_28524_TestReplaceWithXattrUncompressed/Mcbp_XattrYes_JsonYes_SnappyYes":

<pre>
[ RUN      ] TransportProtocols/XattrTest.MB_28524_TestReplaceWithXattrUncompressed/Mcbp_XattrYes_JsonYes_SnappyYes
unknown file: error: C++ exception with description "Failed to store TransportProtocols_XattrTest_MB_28524_TestReplaceWithXattrUncompressed_Mcbp_XattrYes_JsonYes_SnappyYes: Temporary failure (134)" thrown in SetUp().
[  FAILED  ] TransportProtocols/XattrTest.MB_28524_TestReplaceWithXattrUncompressed/Mcbp_XattrYes_JsonYes_SnappyYes, where GetParam() = (Mcbp, XattrYes, 4-byte object <00-00 00-00>, 4-byte object <00-00 00-00>) (5 ms)
TransportProtocols/XattrTest.MB_28524_TestReplaceWithXattrUncompressed/Mcbp_XattrYes_JsonYes_SnappyYes
</pre>
 ( https://cv.jenkins.couchbase.com/job/kv_engine-windows-neo/514/ )

https://cv.jenkins.couchbase.com/job/kv_engine-clang_tidy-neo/376/ : SUCCESS

https://cv.jenkins.couchbase.com/job/kv_engine-clang_format_9/20391/ : SUCCESS

https://cv.jenkins.couchbase.com/job/kv_engine-clang_analyzer-neo/367/ : SUCCESS

https://cv.jenkins.couchbase.com/job/kv_engine.aarch64-linux/job/neo/377/ : SUCCESS

https://cv.jenkins.couchbase.com/job/kv_engine.ASan-UBSan/job/neo/391/ : SUCCESS

https://cv.jenkins.couchbase.com/job/kv_engine.linux/job/neo/391/ : SUCCESS

https://cv.jenkins.couchbase.com/job/kv_engine.libFuzzer/job/neo/378/ : SUCCESS

https://cv.jenkins.couchbase.com/job/kv_engine.linux-CE/job/neo/401/ : SUCCESS

https://cv.jenkins.couchbase.com/job/kv_engine.macos/job/neo/603/ : SUCCESS
----------------------------------------------------------------------------------------------------------------------
Author: Build Bot
Date: 2022-10-13 17:34:22.000000000
Message: 
Patch Set 8:

Build Failed 

https://cv.jenkins.couchbase.com/job/kv_engine.threadsanitizer/job/neo/396/ : FAILURE

No problems were identified. If you know why this problem occurred, please add a suitable Cause for it. ( https://cv.jenkins.couchbase.com/job/kv_engine.threadsanitizer/job/neo/396/ )

https://cv.jenkins.couchbase.com/job/kv_engine-windows-neo/515/ : FAILURE

Failure of an engine_testapp test:

<pre>
Running [65/160]: test special char keys...(156 ms) OK


99% tests passed, 1 tests failed out of 424

Total Test time (real) = 705.32 sec

The following tests FAIL
</pre>
 ( https://cv.jenkins.couchbase.com/job/kv_engine-windows-neo/515/ )

Timeout of a CTest test 424/424 Test #279: ep_testsuite.value_eviction.magma .............................................................................................} ( https://cv.jenkins.couchbase.com/job/kv_engine-windows-neo/515/ )

https://cv.jenkins.couchbase.com/job/kv_engine-clang_tidy-neo/376/ : SUCCESS

https://cv.jenkins.couchbase.com/job/kv_engine-clang_format_9/20391/ : SUCCESS

https://cv.jenkins.couchbase.com/job/kv_engine-clang_analyzer-neo/367/ : SUCCESS

https://cv.jenkins.couchbase.com/job/kv_engine.aarch64-linux/job/neo/377/ : SUCCESS

https://cv.jenkins.couchbase.com/job/kv_engine.ASan-UBSan/job/neo/391/ : SUCCESS

https://cv.jenkins.couchbase.com/job/kv_engine.linux/job/neo/391/ : SUCCESS

https://cv.jenkins.couchbase.com/job/kv_engine.libFuzzer/job/neo/378/ : SUCCESS

https://cv.jenkins.couchbase.com/job/kv_engine.linux-CE/job/neo/401/ : SUCCESS

https://cv.jenkins.couchbase.com/job/kv_engine.macos/job/neo/603/ : SUCCESS
----------------------------------------------------------------------------------------------------------------------
