======================================================================================================================
DESCRIPTION:

Decouple vbucket.h from kv_bucket.h

kv_bucket.h is one of the most expensive headers to compile in an
'everything' build of kv_engine, second only to GTest.h:

    ** Expensive headers:
    25140 ms: tlm/deps/googletest.exploded/include/gmock/gmock.h (included 58 times, avg 433 ms), included via:
    22681 ms: ../kv_engine/engines/ep/src/kv_bucket.h (included 44 times, avg 515 ms), included via:

52% of the include cost of kv_bucket.h is including the header
vbucket.h.

Restructure headers so kv_bucket.h doesn't need to include vbucket.h,
mostly by moving the types it does need into their own vbucket_types.h
header.

This makes the cost to include kv_bucket.h around half of what it
previously was.

Change-Id: Ice3ea6c8a251cac6ebbf9e0d7ddb8a621e9efc38

======================================================================================================================
COMMENTS
======================================================================================================================
Author: Dave Rigby
Date: 2022-01-12 16:18:01.000000000
Message: 
Uploaded patch set 4.
----------------------------------------------------------------------------------------------------------------------
Author: Build Bot
Date: 2022-01-12 17:19:36.000000000
Message: 
Patch Set 4: Verified-1

Build Failed 

http://cv.jenkins.couchbase.com/job/kv_engine-windows-master/42766/ : FAILURE

Failure of an engine_testapp test:

<pre>
Running [0042/0047]: pre_link_document...(132 ms) OK

        Start 393: memcached_testapp.ep.TransportProtocols/MiscTest
390/420 Test #392: memcached_testapp.ep.LoggingTests/LoggingTest .................................................................................   Passed    0.89 sec
        Start 394: memcached_testapp.ep.CleanOrUnclean/PersistToTest
391/420 Test #393: memcached_testapp.ep.TransportProtocols/MiscTest ..............................................................................   Passed    0.81 sec
        Start 395: memcached_testapp.ep.TransportProtocols/RbacTest
392/420 Test #395: memcached_testapp.ep.TransportProtocols/RbacTest ..............................................................................   Passed    0.81 sec
        Start 396: memcached_testapp.ep.TransportProtocols/RbacRoleTest
393/420 Test #396: memcached_testapp.ep.TransportProtocols/RbacRoleTest ..........................................................................   Passed    0.84 sec
        Start 397: memcached_testapp.ep.TransportProtocols/RegressionTest
394/420 Test #397: memcached_testapp.ep.TransportProtocols/RegressionTest ........................................................................   Passed    1.14 sec
        Start 398: memcached_testapp.ep.TransportProtocols/ErrmapTest
395/420 Test #398: memcached_testapp.ep.TransportProtocols/ErrmapTest ............................................................................   Passed    0.84 sec
        Start 399: memcached_testapp.ep.TransportProtocols/ExternalAuthTest
396/420 Test #394: memcached_testapp.ep.CleanOrUnclean/PersistToTest .............................................................................   Passed    6.79 sec
        Start 400: memcached_testapp.ep.TransportProtocols/FlushTest
397/420 Test #400: memcached_testapp.ep.TransportProtocols/FlushTest .............................................................................   Passed    0.78 sec
        Start 401: memcached_testapp.ep.TransportProtocols/GetSetTest
398/420 Test #399: memcached_testapp.ep.TransportProtocols/ExternalAuthTest ......................................................................   Passed    6.19 sec
        Start 402: memcached_testapp.ep.TransportProtocols/InterfacesTest
399/420 Test #401: memcached_testapp.ep.TransportProtocols/GetSetTest ............................................................................   Passed    2.95 sec
        Start 403: memcached_testapp.ep.TransportProtocols/IoctlTest
400/420 Test #403: memcached_testapp.ep.TransportProtocols/IoctlTest .............................................................................   Passed    0.77 sec
        Start 404: memcached_testapp.ep.TransportProtocols/IPv6Test
401/420 Test #388: memcached_testapp.ep.TransportProtocols/SaslTest ..............................................................................   Passed   16.66 sec
        Start 405: memcached_testapp.ep.TransportProtocols/ClusterConfigTest
402/420 Test #380: memcached_testapp.ep.SDPerf/SubdocPerfTest ....................................................................................   Passed   23.60 sec
        Start 406: memcached_testapp.ep.TransportProtocols/CmdTimerTest
403/420 Test #404: memcached_testapp.ep.TransportProtocols/IPv6Test ..............................................................................   Passed    0.79 sec
        Start 407: memcached_testapp.ep.TransportProtocols/CollectionsTest
404/420 Test #406: memcached_testapp.ep.TransportProtocols/CmdTimerTest ..........................................................................   Passed    0.82 sec
        Start 408: memcached_testapp.ep.TransportProtocols/DcpTest
405/420 Test #407: memcached_testapp.ep.TransportProtocols/CollectionsTest .......................................................................   Passed    0.75 sec
        Start 409: memcached_testapp.ep.TransportProtocols/DcpConsumerBufferAckTest
406/420 Test #408: memcached_testapp.ep.TransportProtocols/DcpTest ...............................................................................   Passed    0.87 sec
        Start 410: memcached_testapp.ep.Transport/DeprecatedCommandsTests
407/420 Test #402: memcached_testapp.ep.TransportProtocols/InterfacesTest ........................................................................   Passed    3.96 sec
        Start 411: memcached_testapp.ep.TransportProtocols/DurabilityTest
408/420 Test #409: memcached_testapp.ep.TransportProtocols/DcpConsumerBufferAckTest ..............................................................   Passed    1.80 sec
        Start 412: memcached_testapp.ep.TransportProtocols/SubdocDurabilityTest
409/420 Test #410: memcached_testapp.ep.Transport/DeprecatedCommandsTests ........................................................................   Passed    1.52 sec
        Start 413: memcached_testapp.ep.TransportProtocols/ArithmeticTest
410/420 Test #411: memcached_testapp.ep.TransportProtocols/DurabilityTest ........................................................................   Passed    0.85 sec
        Start 414: memcached_testapp.ep.TransportProtocols/ArithmeticXattrOnTest
411/420 Test #405: memcached_testapp.ep.TransportProtocols/ClusterConfigTest .....................................................................   Passed    3.87 sec
        Start 415: memcached_testapp.ep.TransportProtocols/AuditTest
412/420 Test #412: memcached_testapp.ep.TransportProtocols/SubdocDurabilityTest ..................................................................   Passed    0.82 sec
        Start 416: memcached_testapp.ep.TransportProtocols/BucketTest
413/420 Test #414: memcached_testapp.ep.TransportProtocols/ArithmeticXattrOnTest .................................................................   Passed    1.01 sec
        Start 417: testapp_auth_provider_test
414/420 Test #417: testapp_auth_provider_test ....................................................................................................   Passed    0.10 sec
        Start 418: cluster_test
415/420 Test #413: memcached_testapp.ep.TransportProtocols/ArithmeticTest ........................................................................   Passed    2.73 sec
        Start 419: memcached_unsigned_leb128_test
416/420 Test #419: memcached_unsigned_leb128_test ................................................................................................   Passed    0.07 sec
        Start 420: memcached-hostutils-test
417/420 Test #420: memcached-hostutils-test ......................................................................................................   Passed    0.14 sec
418/420 Test #416: memcached_testapp.ep.TransportProtocols/BucketTest ............................................................................   Passed    6.72 sec
419/420 Test #418: cluster_test ..................................................................................................................   Passed    6.10 sec
420/420 Test #415: memcached_testapp.ep.TransportProtocols/AuditTest .............................................................................   Passed   14.60 sec

99% tests passed, 1 tests failed out of 420

Total Test time (real) = 817.90 sec

The following tests FAIL
</pre>
 ( http://cv.jenkins.couchbase.com/job/kv_engine-windows-master/42766/ )

Timeout of a CTest test 389/420 Test #277: ep_testsuite_basic.value_eviction.comp_passive ................................................................................} ( http://cv.jenkins.couchbase.com/job/kv_engine-windows-master/42766/ )

http://cv.jenkins.couchbase.com/job/kv_engine.linux/job/master/16740/ : FAILURE

One of more core files found at the end of the build. Data for post-mortem saved to archived_core_dumps.tar.bz2 under "Build Artifacts". ( http://cv.jenkins.couchbase.com/job/kv_engine.linux/job/master/16740/ )

http://cv.jenkins.couchbase.com/job/kv_engine-clang_format_9/13630/ : SUCCESS

http://cv.jenkins.couchbase.com/job/kv_engine-clang_tidy-master/14784/ : SUCCESS

http://cv.jenkins.couchbase.com/job/kv_engine-clang_analyzer-master/36240/ : SUCCESS

http://cv.jenkins.couchbase.com/job/kv_engine.linux-CE/job/master/16449/ : SUCCESS

http://cv.jenkins.couchbase.com/job/kv_engine.ASan-UBSan/job/master/24863/ : SUCCESS

http://cv.jenkins.couchbase.com/job/kv_engine.macos/job/master/15591/ : SUCCESS

http://cv.jenkins.couchbase.com/job/kv_engine.aarch64-linux/job/master/4488/ : SUCCESS

http://cv.jenkins.couchbase.com/job/kv_engine.libFuzzer/job/master/4430/ : SUCCESS

http://cv.jenkins.couchbase.com/job/kv_engine.threadsanitizer/job/master/17536/ : SUCCESS
----------------------------------------------------------------------------------------------------------------------
Author: Build Bot
Date: 2022-01-13 09:38:28.000000000
Message: 
Patch Set 4:

Build Failed 

http://cv.jenkins.couchbase.com/job/kv_engine.linux/job/master/16746/ : FAILURE

http://cv.jenkins.couchbase.com/job/kv_engine-clang_format_9/13630/ : SUCCESS

http://cv.jenkins.couchbase.com/job/kv_engine-clang_tidy-master/14784/ : SUCCESS

http://cv.jenkins.couchbase.com/job/kv_engine-clang_analyzer-master/36240/ : SUCCESS

http://cv.jenkins.couchbase.com/job/kv_engine.linux-CE/job/master/16449/ : SUCCESS

http://cv.jenkins.couchbase.com/job/kv_engine.ASan-UBSan/job/master/24863/ : SUCCESS

http://cv.jenkins.couchbase.com/job/kv_engine.macos/job/master/15591/ : SUCCESS

http://cv.jenkins.couchbase.com/job/kv_engine.aarch64-linux/job/master/4488/ : SUCCESS

http://cv.jenkins.couchbase.com/job/kv_engine.libFuzzer/job/master/4430/ : SUCCESS

http://cv.jenkins.couchbase.com/job/kv_engine.threadsanitizer/job/master/17536/ : SUCCESS

http://cv.jenkins.couchbase.com/job/kv_engine-windows-master/42775/ : SUCCESS
----------------------------------------------------------------------------------------------------------------------
Author: Build Bot
Date: 2022-01-13 10:03:35.000000000
Message: 
Patch Set 4:

Build Failed 

http://cv.jenkins.couchbase.com/job/kv_engine.linux/job/master/16750/ : FAILURE

http://cv.jenkins.couchbase.com/job/kv_engine-clang_format_9/13630/ : SUCCESS

http://cv.jenkins.couchbase.com/job/kv_engine-clang_tidy-master/14784/ : SUCCESS

http://cv.jenkins.couchbase.com/job/kv_engine-clang_analyzer-master/36240/ : SUCCESS

http://cv.jenkins.couchbase.com/job/kv_engine.linux-CE/job/master/16449/ : SUCCESS

http://cv.jenkins.couchbase.com/job/kv_engine.ASan-UBSan/job/master/24863/ : SUCCESS

http://cv.jenkins.couchbase.com/job/kv_engine.macos/job/master/15591/ : SUCCESS

http://cv.jenkins.couchbase.com/job/kv_engine.aarch64-linux/job/master/4488/ : SUCCESS

http://cv.jenkins.couchbase.com/job/kv_engine.libFuzzer/job/master/4430/ : SUCCESS

http://cv.jenkins.couchbase.com/job/kv_engine.threadsanitizer/job/master/17536/ : SUCCESS

http://cv.jenkins.couchbase.com/job/kv_engine-windows-master/42775/ : SUCCESS
----------------------------------------------------------------------------------------------------------------------
Author: Build Bot
Date: 2022-01-13 10:35:47.000000000
Message: 
Patch Set 4:

Build Failed 

http://cv.jenkins.couchbase.com/job/kv_engine.linux/job/master/16751/ : FAILURE

http://cv.jenkins.couchbase.com/job/kv_engine-clang_format_9/13630/ : SUCCESS

http://cv.jenkins.couchbase.com/job/kv_engine-clang_tidy-master/14784/ : SUCCESS

http://cv.jenkins.couchbase.com/job/kv_engine-clang_analyzer-master/36240/ : SUCCESS

http://cv.jenkins.couchbase.com/job/kv_engine.linux-CE/job/master/16449/ : SUCCESS

http://cv.jenkins.couchbase.com/job/kv_engine.ASan-UBSan/job/master/24863/ : SUCCESS

http://cv.jenkins.couchbase.com/job/kv_engine.macos/job/master/15591/ : SUCCESS

http://cv.jenkins.couchbase.com/job/kv_engine.aarch64-linux/job/master/4488/ : SUCCESS

http://cv.jenkins.couchbase.com/job/kv_engine.libFuzzer/job/master/4430/ : SUCCESS

http://cv.jenkins.couchbase.com/job/kv_engine.threadsanitizer/job/master/17536/ : SUCCESS

http://cv.jenkins.couchbase.com/job/kv_engine-windows-master/42775/ : SUCCESS
----------------------------------------------------------------------------------------------------------------------
Author: Build Bot
Date: 2022-01-13 11:13:37.000000000
Message: 
Patch Set 4:

Build Failed 

http://cv.jenkins.couchbase.com/job/kv_engine.linux/job/master/16752/ : FAILURE

http://cv.jenkins.couchbase.com/job/kv_engine-clang_format_9/13630/ : SUCCESS

http://cv.jenkins.couchbase.com/job/kv_engine-clang_tidy-master/14784/ : SUCCESS

http://cv.jenkins.couchbase.com/job/kv_engine-clang_analyzer-master/36240/ : SUCCESS

http://cv.jenkins.couchbase.com/job/kv_engine.linux-CE/job/master/16449/ : SUCCESS

http://cv.jenkins.couchbase.com/job/kv_engine.ASan-UBSan/job/master/24863/ : SUCCESS

http://cv.jenkins.couchbase.com/job/kv_engine.macos/job/master/15591/ : SUCCESS

http://cv.jenkins.couchbase.com/job/kv_engine.aarch64-linux/job/master/4488/ : SUCCESS

http://cv.jenkins.couchbase.com/job/kv_engine.libFuzzer/job/master/4430/ : SUCCESS

http://cv.jenkins.couchbase.com/job/kv_engine.threadsanitizer/job/master/17536/ : SUCCESS

http://cv.jenkins.couchbase.com/job/kv_engine-windows-master/42775/ : SUCCESS
----------------------------------------------------------------------------------------------------------------------
Author: Build Bot
Date: 2022-01-13 15:27:00.000000000
Message: 
Patch Set 4:

Build Failed 

http://cv.jenkins.couchbase.com/job/kv_engine.linux/job/master/16767/ : FAILURE

http://cv.jenkins.couchbase.com/job/kv_engine-clang_format_9/13630/ : SUCCESS

http://cv.jenkins.couchbase.com/job/kv_engine-clang_tidy-master/14784/ : SUCCESS

http://cv.jenkins.couchbase.com/job/kv_engine-clang_analyzer-master/36240/ : SUCCESS

http://cv.jenkins.couchbase.com/job/kv_engine.linux-CE/job/master/16449/ : SUCCESS

http://cv.jenkins.couchbase.com/job/kv_engine.ASan-UBSan/job/master/24863/ : SUCCESS

http://cv.jenkins.couchbase.com/job/kv_engine.macos/job/master/15591/ : SUCCESS

http://cv.jenkins.couchbase.com/job/kv_engine.aarch64-linux/job/master/4488/ : SUCCESS

http://cv.jenkins.couchbase.com/job/kv_engine.libFuzzer/job/master/4430/ : SUCCESS

http://cv.jenkins.couchbase.com/job/kv_engine.threadsanitizer/job/master/17536/ : SUCCESS

http://cv.jenkins.couchbase.com/job/kv_engine-windows-master/42775/ : SUCCESS
----------------------------------------------------------------------------------------------------------------------
Author: Build Bot
Date: 2022-01-13 15:51:04.000000000
Message: 
Patch Set 4: Verified+1

Build Successful 

http://cv.jenkins.couchbase.com/job/kv_engine-clang_format_9/13630/ : SUCCESS

http://cv.jenkins.couchbase.com/job/kv_engine-clang_tidy-master/14784/ : SUCCESS

http://cv.jenkins.couchbase.com/job/kv_engine-clang_analyzer-master/36240/ : SUCCESS

http://cv.jenkins.couchbase.com/job/kv_engine.linux-CE/job/master/16449/ : SUCCESS

http://cv.jenkins.couchbase.com/job/kv_engine.ASan-UBSan/job/master/24863/ : SUCCESS

http://cv.jenkins.couchbase.com/job/kv_engine.macos/job/master/15591/ : SUCCESS

http://cv.jenkins.couchbase.com/job/kv_engine.aarch64-linux/job/master/4488/ : SUCCESS

http://cv.jenkins.couchbase.com/job/kv_engine.libFuzzer/job/master/4430/ : SUCCESS

http://cv.jenkins.couchbase.com/job/kv_engine.threadsanitizer/job/master/17536/ : SUCCESS

http://cv.jenkins.couchbase.com/job/kv_engine-windows-master/42775/ : SUCCESS

http://cv.jenkins.couchbase.com/job/kv_engine.linux/job/master/16770/ : SUCCESS
----------------------------------------------------------------------------------------------------------------------
Author: Paolo Cocchi
Date: 2022-01-17 13:28:06.000000000
Message: 
Patch Set 4: Code-Review+2
----------------------------------------------------------------------------------------------------------------------
