======================================================================================================================
DESCRIPTION:

MB-50589: Move lastReadSeqno for deletes during delete scan

Currently when scanning with the NO_DELETES option (during warmup)
any deleted item does not invoked the supplied callback and does
not move the lastReadSeqno. Warmup also halts if the scan takes more
than 10 milliseconds. Should we encounter a case where we have n
deleted items, followed by an alive item (which makes the callback
which pauses the scan) and the scan of the n deleted items takes
more than 10 milliseconds then we'll scan again from the start of
the deleted items. This can make indefinitely hang if it encounters
a range of deleted items that it cannot scan in under 10 milliseconds.

Fix this issue by moving the lastReadSeqno on deleted items if we
are scanning with the NO_DELETES option so that we do not reset our
scan progress if the first non-deleted item paused the scan.

Change-Id: I2099b8c3e7ba70086b558e9ca4f52ec28fd5065b

======================================================================================================================
COMMENTS
======================================================================================================================
Author: Ben Huddleston
Date: 2022-01-26 16:00:58.000000000
Message: 
Uploaded patch set 1.
----------------------------------------------------------------------------------------------------------------------
Author: Build Bot
Date: 2022-01-26 16:41:54.000000000
Message: 
Patch Set 1: Verified-1

Build Failed 

http://cv.jenkins.couchbase.com/job/kv_engine-windows-master/43334/ : FAILURE

Timeout of a CTest test 418/418 Test #202: ep-engine_ep_unit_tests.EphemeralOrPersistent/DurabilityTest ..................................................................} ( http://cv.jenkins.couchbase.com/job/kv_engine-windows-master/43334/ )

http://cv.jenkins.couchbase.com/job/kv_engine-clang_format_9/13999/ : SUCCESS

http://cv.jenkins.couchbase.com/job/kv_engine-clang_tidy-master/15155/ : SUCCESS

http://cv.jenkins.couchbase.com/job/kv_engine-clang_analyzer-master/36606/ : SUCCESS

http://cv.jenkins.couchbase.com/job/kv_engine.linux-CE/job/master/16854/ : SUCCESS

http://cv.jenkins.couchbase.com/job/kv_engine.linux/job/master/17169/ : SUCCESS

http://cv.jenkins.couchbase.com/job/kv_engine.ASan-UBSan/job/master/25269/ : SUCCESS

http://cv.jenkins.couchbase.com/job/kv_engine.macos/job/master/15968/ : SUCCESS

http://cv.jenkins.couchbase.com/job/kv_engine.aarch64-linux/job/master/4865/ : SUCCESS

http://cv.jenkins.couchbase.com/job/kv_engine.threadsanitizer/job/master/17927/ : SUCCESS

http://cv.jenkins.couchbase.com/job/kv_engine.libFuzzer/job/master/4804/ : SUCCESS
----------------------------------------------------------------------------------------------------------------------
Author: Build Bot
Date: 2022-01-26 17:06:51.000000000
Message: 
Patch Set 1:

Build Failed 

http://cv.jenkins.couchbase.com/job/kv_engine-windows-master/43335/ : FAILURE

Failure of an engine_testapp test:

<pre>
Running [0155/0159]: test_mb38031_illegal_json_throws...(234 ms) OK


99% tests passed, 1 tests failed out of 418

Total Test time (real) = 665.90 sec

The following tests FAIL
</pre>
 ( http://cv.jenkins.couchbase.com/job/kv_engine-windows-master/43335/ )

Timeout of a CTest test 418/418 Test #269: ep_testsuite.full_eviction.comp_passive .......................................................................................} ( http://cv.jenkins.couchbase.com/job/kv_engine-windows-master/43335/ )

http://cv.jenkins.couchbase.com/job/kv_engine-clang_format_9/13999/ : SUCCESS

http://cv.jenkins.couchbase.com/job/kv_engine-clang_tidy-master/15155/ : SUCCESS

http://cv.jenkins.couchbase.com/job/kv_engine-clang_analyzer-master/36606/ : SUCCESS

http://cv.jenkins.couchbase.com/job/kv_engine.linux-CE/job/master/16854/ : SUCCESS

http://cv.jenkins.couchbase.com/job/kv_engine.linux/job/master/17169/ : SUCCESS

http://cv.jenkins.couchbase.com/job/kv_engine.ASan-UBSan/job/master/25269/ : SUCCESS

http://cv.jenkins.couchbase.com/job/kv_engine.macos/job/master/15968/ : SUCCESS

http://cv.jenkins.couchbase.com/job/kv_engine.aarch64-linux/job/master/4865/ : SUCCESS

http://cv.jenkins.couchbase.com/job/kv_engine.threadsanitizer/job/master/17927/ : SUCCESS

http://cv.jenkins.couchbase.com/job/kv_engine.libFuzzer/job/master/4804/ : SUCCESS
----------------------------------------------------------------------------------------------------------------------
Author: Build Bot
Date: 2022-01-26 19:55:50.000000000
Message: 
Patch Set 1:

Build Failed 

http://cv.jenkins.couchbase.com/job/kv_engine-windows-master/43340/ : FAILURE

Failure of an engine_testapp test:

<pre>
Running [0063/0093]: dcp consumer expire...(42 ms) OK


99% tests passed, 1 tests failed out of 418

Total Test time (real) = 342.73 sec

The following tests FAIL
</pre>
 ( http://cv.jenkins.couchbase.com/job/kv_engine-windows-master/43340/ )

Timeout of a CTest test 418/418 Test #284: ep_testsuite_dcp.value_eviction.comp_active ...................................................................................} ( http://cv.jenkins.couchbase.com/job/kv_engine-windows-master/43340/ )

http://cv.jenkins.couchbase.com/job/kv_engine-clang_format_9/13999/ : SUCCESS

http://cv.jenkins.couchbase.com/job/kv_engine-clang_tidy-master/15155/ : SUCCESS

http://cv.jenkins.couchbase.com/job/kv_engine-clang_analyzer-master/36606/ : SUCCESS

http://cv.jenkins.couchbase.com/job/kv_engine.linux-CE/job/master/16854/ : SUCCESS

http://cv.jenkins.couchbase.com/job/kv_engine.linux/job/master/17169/ : SUCCESS

http://cv.jenkins.couchbase.com/job/kv_engine.ASan-UBSan/job/master/25269/ : SUCCESS

http://cv.jenkins.couchbase.com/job/kv_engine.macos/job/master/15968/ : SUCCESS

http://cv.jenkins.couchbase.com/job/kv_engine.aarch64-linux/job/master/4865/ : SUCCESS

http://cv.jenkins.couchbase.com/job/kv_engine.threadsanitizer/job/master/17927/ : SUCCESS

http://cv.jenkins.couchbase.com/job/kv_engine.libFuzzer/job/master/4804/ : SUCCESS
----------------------------------------------------------------------------------------------------------------------
Author: Build Bot
Date: 2022-01-27 08:08:24.000000000
Message: 
Patch Set 1: Verified+1

Build Successful 

http://cv.jenkins.couchbase.com/job/kv_engine-clang_format_9/13999/ : SUCCESS

http://cv.jenkins.couchbase.com/job/kv_engine-clang_tidy-master/15155/ : SUCCESS

http://cv.jenkins.couchbase.com/job/kv_engine-clang_analyzer-master/36606/ : SUCCESS

http://cv.jenkins.couchbase.com/job/kv_engine.linux-CE/job/master/16854/ : SUCCESS

http://cv.jenkins.couchbase.com/job/kv_engine.linux/job/master/17169/ : SUCCESS

http://cv.jenkins.couchbase.com/job/kv_engine.ASan-UBSan/job/master/25269/ : SUCCESS

http://cv.jenkins.couchbase.com/job/kv_engine.macos/job/master/15968/ : SUCCESS

http://cv.jenkins.couchbase.com/job/kv_engine.aarch64-linux/job/master/4865/ : SUCCESS

http://cv.jenkins.couchbase.com/job/kv_engine.threadsanitizer/job/master/17927/ : SUCCESS

http://cv.jenkins.couchbase.com/job/kv_engine.libFuzzer/job/master/4804/ : SUCCESS

http://cv.jenkins.couchbase.com/job/kv_engine-windows-master/43346/ : SUCCESS
----------------------------------------------------------------------------------------------------------------------
Author: Dave Rigby
Date: 2022-01-27 09:11:43.000000000
Message: 
Patch Set 1: Code-Review-1

(3 comments)
Line:11, /COMMIT_MSG -> "halt" somewhat implies it stops and doesn't restart (which is not the case) - prefer "pauses" ?

Line:13, /COMMIT_MSG -> "which makes the callback" -> "which calls the callback" or similar?

Line:2802, engines/ep/src/kvstore/couch-kvstore/couch-kvstore.cc -> Might be worth adding a comment here also explaining why we are even bothering to get called back for deleted documents - or reference the comment in getDocFilter?

----------------------------------------------------------------------------------------------------------------------
Author: Ben Huddleston
Date: 2022-01-27 09:18:32.000000000
MISMATCHED INLINE COMMENT
Line:11, /COMMIT_MSG -> Done
----------------------------------------------------------------------------------------------------------------------
Author: Ben Huddleston
Date: 2022-01-27 09:18:32.000000000
MISMATCHED INLINE COMMENT
Line:13, /COMMIT_MSG -> Done
----------------------------------------------------------------------------------------------------------------------
Author: Ben Huddleston
Date: 2022-01-27 09:18:32.000000000
MISMATCHED INLINE COMMENT
Line:2802, engines/ep/src/kvstore/couch-kvstore/couch-kvstore.cc -> Done
----------------------------------------------------------------------------------------------------------------------
