======================================================================================================================
DESCRIPTION:

Add the dump of the entry if port number is -1

We don't expect the port entry to be -1 so we check for that when
parsing the port-number file. The error message that the port
cannot be -1 doesn't help us very much trying to figure out
why, so add the full entry to the exception message.

Change-Id: I160b6449d6cfba5812aa88cc69e16dac1d35481b

======================================================================================================================
COMMENTS
======================================================================================================================
Author: Trond Norbye
Date: 2021-05-25 12:22:24.000000000
Message: 
Uploaded patch set 1.
----------------------------------------------------------------------------------------------------------------------
Author: Build Bot
Date: 2021-05-25 13:40:18.000000000
Message: 
Patch Set 1: Verified-1

Build Failed 

http://cv.jenkins.couchbase.com/job/kv_engine-windows-master/36028/ : FAILURE

Timeout of a CTest test 162/407 Test #153: ep-engine_ep_unit_tests.AllBucketTypes/DurabilityActiveStreamTest .............................................................} ( http://cv.jenkins.couchbase.com/job/kv_engine-windows-master/36028/ )

http://cv.jenkins.couchbase.com/job/kv_engine.threadsanitizer/job/master/11106/ : FAILURE

ThreadSanitizer issue: data race ../magma/lsm/stats.cc:31 in magma::LSMTree::refreshSnapshotStats()  ( http://cv.jenkins.couchbase.com/job/kv_engine.threadsanitizer/job/master/11106/ )

http://cv.jenkins.couchbase.com/job/kv_engine-clang_analyzer-master/30788/ : SUCCESS

http://cv.jenkins.couchbase.com/job/kv_engine-clang_format_9/7705/ : SUCCESS

http://cv.jenkins.couchbase.com/job/kv_engine-clang_tidy-master/9139/ : SUCCESS

http://cv.jenkins.couchbase.com/job/kv_engine.macos/job/master/9771/ : SUCCESS

http://cv.jenkins.couchbase.com/job/kv_engine.ASan-UBSan/job/master/18657/ : SUCCESS

http://cv.jenkins.couchbase.com/job/kv_engine.linux/job/master/10845/ : SUCCESS

http://cv.jenkins.couchbase.com/job/kv_engine.linux-CE/job/master/10701/ : SUCCESS
----------------------------------------------------------------------------------------------------------------------
Author: Dave Rigby
Date: 2021-05-25 13:41:29.000000000
Message: 
Patch Set 1: Code-Review+2
----------------------------------------------------------------------------------------------------------------------
Author: Build Bot
Date: 2021-05-25 15:04:30.000000000
Message: 
Patch Set 1:

Build Failed 

http://cv.jenkins.couchbase.com/job/kv_engine.threadsanitizer/job/master/11106/ : FAILURE

ThreadSanitizer issue: data race ../magma/lsm/stats.cc:31 in magma::LSMTree::refreshSnapshotStats()  ( http://cv.jenkins.couchbase.com/job/kv_engine.threadsanitizer/job/master/11106/ )

http://cv.jenkins.couchbase.com/job/kv_engine-windows-master/36035/ : FAILURE

Failure of an engine_testapp test:

<pre>
Running [0064/0096]: dcp consumer mutate...(3080 ms) OK


99% tests passed, 1 tests failed out of 407

Total Test time (real) = 319.94 sec

The following tests FAIL
</pre>
 ( http://cv.jenkins.couchbase.com/job/kv_engine-windows-master/36035/ )

Timeout of a CTest test 407/407 Test #265: ep_testsuite_dcp.value_eviction.comp_active ...................................................................................} ( http://cv.jenkins.couchbase.com/job/kv_engine-windows-master/36035/ )

http://cv.jenkins.couchbase.com/job/kv_engine-clang_analyzer-master/30788/ : SUCCESS

http://cv.jenkins.couchbase.com/job/kv_engine-clang_format_9/7705/ : SUCCESS

http://cv.jenkins.couchbase.com/job/kv_engine-clang_tidy-master/9139/ : SUCCESS

http://cv.jenkins.couchbase.com/job/kv_engine.macos/job/master/9771/ : SUCCESS

http://cv.jenkins.couchbase.com/job/kv_engine.ASan-UBSan/job/master/18657/ : SUCCESS

http://cv.jenkins.couchbase.com/job/kv_engine.linux/job/master/10845/ : SUCCESS

http://cv.jenkins.couchbase.com/job/kv_engine.linux-CE/job/master/10701/ : SUCCESS
----------------------------------------------------------------------------------------------------------------------
Author: Build Bot
Date: 2021-05-25 16:08:01.000000000
Message: 
Patch Set 1:

Build Failed 

http://cv.jenkins.couchbase.com/job/kv_engine-windows-master/36035/ : FAILURE

Failure of an engine_testapp test:

<pre>
Running [0064/0096]: dcp consumer mutate...(3080 ms) OK


99% tests passed, 1 tests failed out of 407

Total Test time (real) = 319.94 sec

The following tests FAIL
</pre>
 ( http://cv.jenkins.couchbase.com/job/kv_engine-windows-master/36035/ )

Timeout of a CTest test 407/407 Test #265: ep_testsuite_dcp.value_eviction.comp_active ...................................................................................} ( http://cv.jenkins.couchbase.com/job/kv_engine-windows-master/36035/ )

http://cv.jenkins.couchbase.com/job/kv_engine.threadsanitizer/job/master/11111/ : FAILURE

http://cv.jenkins.couchbase.com/job/kv_engine-clang_analyzer-master/30788/ : SUCCESS

http://cv.jenkins.couchbase.com/job/kv_engine-clang_format_9/7705/ : SUCCESS

http://cv.jenkins.couchbase.com/job/kv_engine-clang_tidy-master/9139/ : SUCCESS

http://cv.jenkins.couchbase.com/job/kv_engine.macos/job/master/9771/ : SUCCESS

http://cv.jenkins.couchbase.com/job/kv_engine.ASan-UBSan/job/master/18657/ : SUCCESS

http://cv.jenkins.couchbase.com/job/kv_engine.linux/job/master/10845/ : SUCCESS

http://cv.jenkins.couchbase.com/job/kv_engine.linux-CE/job/master/10701/ : SUCCESS
----------------------------------------------------------------------------------------------------------------------
Author: Trond Norbye
Date: 2021-05-25 16:10:13.000000000
Message: 
Removed Verified-1 by Build Bot <build@couchbase.com>

----------------------------------------------------------------------------------------------------------------------
Author: Trond Norbye
Date: 2021-05-25 16:10:26.000000000
Message: 
Patch Set 1: Verified+1

Override failing CV - not related
----------------------------------------------------------------------------------------------------------------------
