======================================================================================================================
DESCRIPTION:

MB-40467: Expiration removes everything from the value but SysXattrs

The VBucket::handlePreExpiry function may keep the body of an item
depending on if the payload contains also user/sys xattrs.

Depending on whether a DCP connection enables IncludeDeletedUserXattrs,
that may result in validation failures that may crash the Producer or
return EINVAL at Consumer.

To fix, VBucket::handlePreExpiry ensures that the item's value is always
replaced with the new value returned by the pre_expiry hook.

Change-Id: I300e3b8fb26883090ea3bfffdfb5165eb04571d7

======================================================================================================================
COMMENTS
======================================================================================================================
Author: Paolo Cocchi
Date: 2020-07-17 15:33:45.000000000
Message: 
Uploaded patch set 6: Patch Set 5 was rebased.
----------------------------------------------------------------------------------------------------------------------
Author: Build Bot
Date: 2020-07-17 15:34:00.000000000
Message: 
Patch Set 6:

Branch restricted. PLEASE READ this URL: 

http://server.jenkins.couchbase.com/job/restricted-branch-check/192530/artifact/restricted.html : FAILURE
----------------------------------------------------------------------------------------------------------------------
Author: Dave Rigby
Date: 2020-07-17 15:44:55.000000000
Message: 
Patch Set 6: Code-Review+2
----------------------------------------------------------------------------------------------------------------------
Author: Build Bot
Date: 2020-07-17 16:19:06.000000000
Message: 
Patch Set 6: Verified-1

Build Failed 

http://cv.jenkins.couchbase.com/job/kv_engine.ASan-UBSan/job/mad-hatter/1459/ : FAILURE

Failure of an engine_testapp test:

<pre>
Running [0041/0045]: test CAS options and nmeta (seqno) (couchstore).../usr/bin/timeout: the monitored command dumped core
[2020-07-17T16:04:02.960Z] 
[2020-07-17T16:04:02.960Z] 177/186 Test #182: cluster_test .................................................................   Passed   11.85 sec
[2020-07-17T16:04:09.507Z] 178/186 Test  #28: ep_testsuite.value_eviction.comp_active ......................................   Passed  234.34 sec
[2020-07-17T16:04:09.507Z] 179/186 Test  #27: ep_testsuite.value_eviction.comp_passive .....................................   Passed  234.55 sec
[2020-07-17T16:04:09.764Z] 180/186 Test  #30: ep_testsuite.full_eviction.comp_active .......................................   Passed  235.55 sec
[2020-07-17T16:04:09.764Z] 181/186 Test  #29: ep_testsuite.full_eviction.comp_passive ......................................   Passed  235.60 sec
[2020-07-17T16:04:15.007Z] 182/186 Test  #41: ep_testsuite_dcp.full_eviction.comp_passive ..................................   Passed  234.00 sec
[2020-07-17T16:04:15.007Z] 183/186 Test  #39: ep_testsuite_dcp.value_eviction.comp_passive .................................   Passed  239.55 sec
[2020-07-17T16:04:15.570Z] 184/186 Test  #40: ep_testsuite_dcp.value_eviction.comp_active ..................................   Passed  235.27 sec
[2020-07-17T16:04:15.825Z] 185/186 Test  #42: ep_testsuite_dcp.full_eviction.comp_active ...................................   Passed  228.74 sec
[2020-07-17T16:04:42.322Z] 186/186 Test  #25: ep-engine_ep_unit_tests ......................................................   Passed  267.27 sec
[2020-07-17T16:04:42.322Z] 
[2020-07-17T16:04:42.322Z] 99% tests passed, 1 tests failed out of 186
[2020-07-17T16:04:42.322Z] 
[2020-07-17T16:04:42.322Z] Total Test time (real) = 267.63 sec
[2020-07-17T16:04:42.322Z] 
[2020-07-17T16:04:42.322Z] The following tests FAIL
</pre>
 ( http://cv.jenkins.couchbase.com/job/kv_engine.ASan-UBSan/job/mad-hatter/1459/ )

Failure of a CTest test [2020-07-17T16:04:02.960Z] 176/186 Test  #53: ep_testsuite_xdcr.full_eviction.comp_passive ................................. ( http://cv.jenkins.couchbase.com/job/kv_engine.ASan-UBSan/job/mad-hatter/1459/ )

http://cv.jenkins.couchbase.com/job/kv_engine-clang_format/25935/ : SUCCESS

http://cv.jenkins.couchbase.com/job/kv_engine-clang_analyzer-mad-hatter/1338/ : SUCCESS

http://cv.jenkins.couchbase.com/job/kv_engine-windows-madhatter/1489/ : SUCCESS

http://cv.jenkins.couchbase.com/job/kv_engine.macos/job/mad-hatter/824/ : SUCCESS

http://cv.jenkins.couchbase.com/job/kv_engine.threadsanitizer/job/mad-hatter/1258/ : SUCCESS

http://cv.jenkins.couchbase.com/job/kv_engine.linux/job/mad-hatter/1472/ : SUCCESS

http://cv.jenkins.couchbase.com/job/kv_engine.linux-CE/job/mad-hatter/1480/ : SUCCESS
----------------------------------------------------------------------------------------------------------------------
Author: Build Bot
Date: 2020-07-17 16:36:08.000000000
Message: 
Patch Set 6: Verified+1

Build Successful 

http://cv.jenkins.couchbase.com/job/kv_engine-clang_format/25935/ : SUCCESS

http://cv.jenkins.couchbase.com/job/kv_engine-clang_analyzer-mad-hatter/1338/ : SUCCESS

http://cv.jenkins.couchbase.com/job/kv_engine-windows-madhatter/1489/ : SUCCESS

http://cv.jenkins.couchbase.com/job/kv_engine.macos/job/mad-hatter/824/ : SUCCESS

http://cv.jenkins.couchbase.com/job/kv_engine.threadsanitizer/job/mad-hatter/1258/ : SUCCESS

http://cv.jenkins.couchbase.com/job/kv_engine.linux/job/mad-hatter/1472/ : SUCCESS

http://cv.jenkins.couchbase.com/job/kv_engine.linux-CE/job/mad-hatter/1480/ : SUCCESS

http://cv.jenkins.couchbase.com/job/kv_engine.ASan-UBSan/job/mad-hatter/1460/ : SUCCESS
----------------------------------------------------------------------------------------------------------------------
Author: Jim Walker
Date: 2020-07-20 08:06:00.000000000
Message: 
Patch Set 6:

check approval
----------------------------------------------------------------------------------------------------------------------
Author: Build Bot
Date: 2020-07-20 08:06:17.000000000
Message: 
Patch Set 6:

Branch restricted. PLEASE READ this URL: 

http://server.jenkins.couchbase.com/job/restricted-branch-check/192685/artifact/restricted.html : FAILURE
----------------------------------------------------------------------------------------------------------------------
Author: Jim Walker
Date: 2020-07-20 18:39:51.000000000
Message: 
Patch Set 6:

check approval
----------------------------------------------------------------------------------------------------------------------
Author: Build Bot
Date: 2020-07-20 18:40:08.000000000
Message: 
Patch Set 6: Well-Formed+1

Permission granted to commit: 

http://server.jenkins.couchbase.com/job/restricted-branch-check/192854/artifact/restricted.html : SUCCESS
----------------------------------------------------------------------------------------------------------------------
