======================================================================================================================
DESCRIPTION:

Merge branch 'cheshire-cat' into neo

* commit '18a4cd691':
  MB-52793: Ensure StoredValue::del updates datatype

Note that MB-52793 doesn't affect neo as it was fixed indirectly via
MB-50423, therefore this patch is a no-op for neo (git merge
--strategy=ours).

Change-Id: I0afd10eae643c33ce9645df73c12ced02d6d8e6c

======================================================================================================================
COMMENTS
======================================================================================================================
Author: Dave Rigby
Date: 2022-08-05 13:24:48.000000000
Message: 
Uploaded patch set 3.
----------------------------------------------------------------------------------------------------------------------
Author: Restriction Checker
Date: 2022-08-05 13:25:00.000000000
Message: 
Patch Set 3: Well-Formed-1

Branch restricted. PLEASE READ this URL: 

http://server.jenkins.couchbase.com/job/restricted-branch-check/309684/artifact/restricted.html : FAILURE
----------------------------------------------------------------------------------------------------------------------
Author: Dave Rigby
Date: 2022-08-05 14:01:30.000000000
Message: 
Patch Set 3:

(1 comment)
File Comment: /PATCHSET_LEVEL -> Removing Well-Formed:-1 vote - this is a no-op change on neo. 
----------------------------------------------------------------------------------------------------------------------
Author: Dave Rigby
Date: 2022-08-05 14:01:32.000000000
Message: 
Removed Well-Formed-1 by <GERRIT_ACCOUNT_1004139>

----------------------------------------------------------------------------------------------------------------------
Author: Build Bot
Date: 2022-08-05 14:32:36.000000000
Message: 
Patch Set 3: Verified-1

Build Failed 

http://cv.jenkins.couchbase.com/job/kv_engine-windows-neo/468/ : FAILURE

Failure of an engine_testapp test:

<pre>
Running [31/93]: test producer keep stream open...(28 ms) OK


99% tests passed, 1 tests failed out of 423

Total Test time (real) = 365.92 sec

The following tests FAIL
</pre>
 ( http://cv.jenkins.couchbase.com/job/kv_engine-windows-neo/468/ )

Timeout of a CTest test 423/423 Test #292: ep_testsuite_dcp.ephemeral.comp_passive .......................................................................................} ( http://cv.jenkins.couchbase.com/job/kv_engine-windows-neo/468/ )

http://cv.jenkins.couchbase.com/job/kv_engine.macos/job/neo/519/ : FAILURE

Failure of an engine_testapp test:

<pre>
Running [42/160]: file stats post warmup...../kv_engine/engines/ep/tests/ep_testsuite.cc:2328 Test failed: `" (Expected `383386" to be less than or equal to `360448" - Unexpected fileSize for vbucket)
[2022-08-05T14:12:02.711Z] (415 ms) FAIL
</pre>
 ( http://cv.jenkins.couchbase.com/job/kv_engine.macos/job/neo/519/ )

Failure of GoogleTest "EphemeralOrPersistent/STItemPagerTest.ReplicaEvictedBeforeActive/persistent_couchstore_value_only":

<pre>
[ RUN      ] EphemeralOrPersistent/STItemPagerTest.ReplicaEvictedBeforeActive/persistent_couchstore_value_only
[2022-08-05T14:07:17.978Z] ../kv_engine/engines/ep/tests/module_tests/item_pager_test.cc:1180: Failure
[2022-08-05T14:07:17.978Z] Expected equality of these values:
[2022-08-05T14:07:17.978Z]   100
[2022-08-05T14:07:17.978Z]   getRRPercent(*store->getVBucket(vbid))
[2022-08-05T14:07:17.978Z]     Which is: 94
[2022-08-05T14:07:17.978Z] vb:0 not fully resident after eviction
[2022-08-05T14:07:17.978Z] ../kv_engine/engines/ep/tests/module_tests/item_pager_test.cc:1180: Failure
[2022-08-05T14:07:17.978Z] Expected equality of these values:
[2022-08-05T14:07:17.978Z]   100
[2022-08-05T14:07:17.978Z]   getRRPercent(*store->getVBucket(vbid))
[2022-08-05T14:07:17.978Z]     Which is: 97
[2022-08-05T14:07:17.978Z] vb:1 not fully resident after eviction
[2022-08-05T14:07:17.978Z] [  FAILED  ] EphemeralOrPersistent/STItemPagerTest.ReplicaEvictedBeforeActive/persistent_couchstore_value_only, where GetParam() = "bucket_type=persistent:backend=couchstore:item_eviction_policy=value_only" (556 ms)
EphemeralOrPersistent/STItemPagerTest.ReplicaEvictedBeforeActive/persistent_couchstore_value_only
</pre>
 ( http://cv.jenkins.couchbase.com/job/kv_engine.macos/job/neo/519/ )

Timeout of a CTest test [2022-08-05T14:32:23.595Z] 443/443 Test #441: cluster_test ................................................................................................} ( http://cv.jenkins.couchbase.com/job/kv_engine.macos/job/neo/519/ )

http://cv.jenkins.couchbase.com/job/kv_engine-clang_tidy-neo/339/ : SUCCESS

http://cv.jenkins.couchbase.com/job/kv_engine-clang_format_9/18450/ : SUCCESS

http://cv.jenkins.couchbase.com/job/kv_engine-clang_analyzer-neo/331/ : SUCCESS

http://cv.jenkins.couchbase.com/job/kv_engine.libFuzzer/job/neo/342/ : SUCCESS

http://cv.jenkins.couchbase.com/job/kv_engine.ASan-UBSan/job/neo/354/ : SUCCESS

http://cv.jenkins.couchbase.com/job/kv_engine.aarch64-linux/job/neo/339/ : SUCCESS

http://cv.jenkins.couchbase.com/job/kv_engine.linux-CE/job/neo/366/ : SUCCESS

http://cv.jenkins.couchbase.com/job/kv_engine.linux/job/neo/354/ : SUCCESS

http://cv.jenkins.couchbase.com/job/kv_engine.threadsanitizer/job/neo/349/ : SUCCESS
----------------------------------------------------------------------------------------------------------------------
Author: Dave Rigby
Date: 2022-08-05 15:21:08.000000000
Message: 
Patch Set 3: Verified+1

(1 comment)
File Comment: /PATCHSET_LEVEL -> Overriding Verified:-1 - failures are known intermittent test failures. 
----------------------------------------------------------------------------------------------------------------------
Author: Dave Rigby
Date: 2022-08-05 15:21:10.000000000
Message: 
Removed Verified-1 by <GERRIT_ACCOUNT_1000011>

----------------------------------------------------------------------------------------------------------------------
Author: Richard de Mellow
Date: 2022-08-05 15:31:16.000000000
Message: 
Patch Set 3: Code-Review+2
----------------------------------------------------------------------------------------------------------------------
Author: Build Bot
Date: 2022-08-05 15:33:47.000000000
Message: 
Patch Set 3: Verified-1

Build Failed 

http://cv.jenkins.couchbase.com/job/kv_engine.macos/job/neo/525/ : FAILURE

Failure of GoogleTest "EphemeralOrPersistent/STItemPagerTest.ReplicaEvictedBeforeActive/persistent_couchstore_value_only":

<pre>
[ RUN      ] EphemeralOrPersistent/STItemPagerTest.ReplicaEvictedBeforeActive/persistent_couchstore_value_only
[2022-08-05T14:57:31.938Z] ../kv_engine/engines/ep/tests/module_tests/item_pager_test.cc:1180: Failure
[2022-08-05T14:57:31.938Z] Expected equality of these values:
[2022-08-05T14:57:31.938Z]   100
[2022-08-05T14:57:31.938Z]   getRRPercent(*store->getVBucket(vbid))
[2022-08-05T14:57:31.938Z]     Which is: 94
[2022-08-05T14:57:31.938Z] vb:0 not fully resident after eviction
[2022-08-05T14:57:31.938Z] ../kv_engine/engines/ep/tests/module_tests/item_pager_test.cc:1180: Failure
[2022-08-05T14:57:31.938Z] Expected equality of these values:
[2022-08-05T14:57:31.938Z]   100
[2022-08-05T14:57:31.938Z]   getRRPercent(*store->getVBucket(vbid))
[2022-08-05T14:57:31.938Z]     Which is: 98
[2022-08-05T14:57:31.938Z] vb:1 not fully resident after eviction
[2022-08-05T14:57:31.938Z] [  FAILED  ] EphemeralOrPersistent/STItemPagerTest.ReplicaEvictedBeforeActive/persistent_couchstore_value_only, where GetParam() = "bucket_type=persistent:backend=couchstore:item_eviction_policy=value_only" (396 ms)
EphemeralOrPersistent/STItemPagerTest.ReplicaEvictedBeforeActive/persistent_couchstore_value_only
</pre>
 ( http://cv.jenkins.couchbase.com/job/kv_engine.macos/job/neo/525/ )

Timeout of a CTest test [2022-08-05T15:22:29.968Z] 443/443 Test #441: cluster_test ................................................................................................} ( http://cv.jenkins.couchbase.com/job/kv_engine.macos/job/neo/525/ )

http://cv.jenkins.couchbase.com/job/kv_engine-clang_tidy-neo/339/ : SUCCESS

http://cv.jenkins.couchbase.com/job/kv_engine-clang_format_9/18450/ : SUCCESS

http://cv.jenkins.couchbase.com/job/kv_engine-clang_analyzer-neo/331/ : SUCCESS

http://cv.jenkins.couchbase.com/job/kv_engine.libFuzzer/job/neo/342/ : SUCCESS

http://cv.jenkins.couchbase.com/job/kv_engine.ASan-UBSan/job/neo/354/ : SUCCESS

http://cv.jenkins.couchbase.com/job/kv_engine.aarch64-linux/job/neo/339/ : SUCCESS

http://cv.jenkins.couchbase.com/job/kv_engine.linux-CE/job/neo/366/ : SUCCESS

http://cv.jenkins.couchbase.com/job/kv_engine.linux/job/neo/354/ : SUCCESS

http://cv.jenkins.couchbase.com/job/kv_engine.threadsanitizer/job/neo/349/ : SUCCESS

http://cv.jenkins.couchbase.com/job/kv_engine-windows-neo/475/ : SUCCESS
----------------------------------------------------------------------------------------------------------------------
Author: Dave Rigby
Date: 2022-08-05 15:42:09.000000000
Message: 
Removed Verified-1 by <GERRIT_ACCOUNT_1000011>

----------------------------------------------------------------------------------------------------------------------
Author: Dave Rigby
Date: 2022-08-05 15:42:13.000000000
Message: 
Change has been successfully merged
----------------------------------------------------------------------------------------------------------------------
Author: Build Bot
Date: 2022-08-05 15:42:21.000000000
Message: 
Patch Set 3:

Build Started http://cv.jenkins.couchbase.com/job/kv_engine-post-commit-TSan-neo/270/ (1/2)
----------------------------------------------------------------------------------------------------------------------
Author: Build Bot
Date: 2022-08-05 16:00:15.000000000
Message: 
Patch Set 3:

Build Started http://cv.jenkins.couchbase.com/job/kv_engine-post-commit-neo/483/ (2/2)
----------------------------------------------------------------------------------------------------------------------
Author: Build Bot
Date: 2022-08-05 16:14:14.000000000
Message: 
Patch Set 3:

Build Unstable 

http://cv.jenkins.couchbase.com/job/kv_engine-post-commit-TSan-neo/270/ : UNSTABLE

ERROR: rebalancein (unittest.loader._FailedTest)
 ( http://cv.jenkins.couchbase.com/job/kv_engine-post-commit-TSan-neo/270/ )

http://cv.jenkins.couchbase.com/job/kv_engine-post-commit-neo/483/ : UNSTABLE

ERROR: rebalancein (unittest.loader._FailedTest)
 ( http://cv.jenkins.couchbase.com/job/kv_engine-post-commit-neo/483/ )
----------------------------------------------------------------------------------------------------------------------
