======================================================================================================================
DESCRIPTION:

Use Folly::EventBase for the dispatch thread

Under the cover it use event_base, but contains a lot
of nice features we'll be using over the next few commits

Change-Id: Iaf53b95db0d4168baf09912df71bef305d7bfdf8

======================================================================================================================
COMMENTS
======================================================================================================================
Author: Trond Norbye
Date: 2021-05-05 11:00:33.000000000
Message: 
Uploaded patch set 25: Patch Set 24 was rebased.
----------------------------------------------------------------------------------------------------------------------
Author: Build Bot
Date: 2021-05-05 11:43:14.000000000
Message: 
Patch Set 25: Well-Formed-1

Permission denied to commit to restricted branch: 

http://cv.jenkins.couchbase.com/job/kv_engine-clang_analyzer-master/30380/ : FAILURE

No problems were identified. If you know why this problem occurred, please add a suitable Cause for it. ( http://cv.jenkins.couchbase.com/job/kv_engine-clang_analyzer-master/30380/ )

http://cv.jenkins.couchbase.com/job/kv_engine-windows-master/35528/ : FAILURE

Failure of an engine_testapp test:

<pre>
Running [0055/0096]: test dcp producer flow control...(72 ms) OK


99% tests passed, 1 tests failed out of 407

Total Test time (real) = 306.57 sec

The following tests FAIL
</pre>
 ( http://cv.jenkins.couchbase.com/job/kv_engine-windows-master/35528/ )

Timeout of a CTest test 407/407 Test #264: ep_testsuite_dcp.value_eviction.comp_active ...................................................................................} ( http://cv.jenkins.couchbase.com/job/kv_engine-windows-master/35528/ )

http://cv.jenkins.couchbase.com/job/kv_engine-clang_format_9/7271/ : FAILURE

No problems were identified. If you know why this problem occurred, please add a suitable Cause for it. ( http://cv.jenkins.couchbase.com/job/kv_engine-clang_format_9/7271/ )

http://cv.jenkins.couchbase.com/job/kv_engine.threadsanitizer/job/master/10649/ : FAILURE

No problems were identified. If you know why this problem occurred, please add a suitable Cause for it. ( http://cv.jenkins.couchbase.com/job/kv_engine.threadsanitizer/job/master/10649/ )

http://cv.jenkins.couchbase.com/job/kv_engine.linux-CE/job/master/10258/ : FAILURE

No problems were identified. If you know why this problem occurred, please add a suitable Cause for it. ( http://cv.jenkins.couchbase.com/job/kv_engine.linux-CE/job/master/10258/ )

http://cv.jenkins.couchbase.com/job/kv_engine.linux/job/master/10399/ : FAILURE

No problems were identified. If you know why this problem occurred, please add a suitable Cause for it. ( http://cv.jenkins.couchbase.com/job/kv_engine.linux/job/master/10399/ )

http://cv.jenkins.couchbase.com/job/kv_engine.ASan-UBSan/job/master/18201/ : FAILURE

No problems were identified. If you know why this problem occurred, please add a suitable Cause for it. ( http://cv.jenkins.couchbase.com/job/kv_engine.ASan-UBSan/job/master/18201/ )

http://cv.jenkins.couchbase.com/job/kv_engine-clang_tidy/8727/ : SUCCESS

http://cv.jenkins.couchbase.com/job/kv_engine.macos/job/master/9330/ : SUCCESS
----------------------------------------------------------------------------------------------------------------------
Author: Trond Norbye
Date: 2021-05-05 11:48:31.000000000
Message: 
Removed Well-Formed-1 by Build Bot <build@couchbase.com>

----------------------------------------------------------------------------------------------------------------------
Author: Build Bot
Date: 2021-05-05 12:55:10.000000000
Message: 
Patch Set 25: Verified-1

Build Failed 

http://cv.jenkins.couchbase.com/job/kv_engine-clang_format_9/7271/ : FAILURE

No problems were identified. If you know why this problem occurred, please add a suitable Cause for it. ( http://cv.jenkins.couchbase.com/job/kv_engine-clang_format_9/7271/ )

http://cv.jenkins.couchbase.com/job/kv_engine.threadsanitizer/job/master/10649/ : FAILURE

No problems were identified. If you know why this problem occurred, please add a suitable Cause for it. ( http://cv.jenkins.couchbase.com/job/kv_engine.threadsanitizer/job/master/10649/ )

http://cv.jenkins.couchbase.com/job/kv_engine.linux-CE/job/master/10258/ : FAILURE

No problems were identified. If you know why this problem occurred, please add a suitable Cause for it. ( http://cv.jenkins.couchbase.com/job/kv_engine.linux-CE/job/master/10258/ )

http://cv.jenkins.couchbase.com/job/kv_engine.linux/job/master/10399/ : FAILURE

No problems were identified. If you know why this problem occurred, please add a suitable Cause for it. ( http://cv.jenkins.couchbase.com/job/kv_engine.linux/job/master/10399/ )

http://cv.jenkins.couchbase.com/job/kv_engine.ASan-UBSan/job/master/18201/ : FAILURE

No problems were identified. If you know why this problem occurred, please add a suitable Cause for it. ( http://cv.jenkins.couchbase.com/job/kv_engine.ASan-UBSan/job/master/18201/ )

http://cv.jenkins.couchbase.com/job/kv_engine-windows-master/35534/ : FAILURE

Timeout of a CTest test 190/407 Test #180: ep-engine_ep_unit_tests.AllBucketTypes/ActiveDurabilityMonitorTest ............................................................} ( http://cv.jenkins.couchbase.com/job/kv_engine-windows-master/35534/ )

http://cv.jenkins.couchbase.com/job/kv_engine-clang_analyzer-master/30386/ : SUCCESS

http://cv.jenkins.couchbase.com/job/kv_engine-clang_tidy/8727/ : SUCCESS

http://cv.jenkins.couchbase.com/job/kv_engine.macos/job/master/9330/ : SUCCESS
----------------------------------------------------------------------------------------------------------------------
Author: Build Bot
Date: 2021-05-05 15:18:00.000000000
Message: 
Patch Set 25:

Build Failed 

http://cv.jenkins.couchbase.com/job/kv_engine-windows-master/35543/ : FAILURE

Failure of an engine_testapp test:

<pre>
Running [0057/0157]: startup token stat...(116 ms) OK

        Start 407: memcached-hostutils-test
404/407 Test #406: memcached_unsigned_leb128_test ................................................................................................   Passed    2.57 sec
405/407 Test #407: memcached-hostutils-test ......................................................................................................   Passed    2.18 sec
406/407 Test #392: memcached_testapp.ep.SDPerf/SubdocPerfTest ....................................................................................   Passed   27.65 sec
407/407 Test #404: cluster_test ..................................................................................................................   Passed   24.79 sec

99% tests passed, 2 tests failed out of 407

Total Test time (real) = 1751.22 sec

The following tests FAIL
</pre>
 ( http://cv.jenkins.couchbase.com/job/kv_engine-windows-master/35543/ )

Timeout of a CTest test 262/407 Test #255: ep_testsuite_basic.value_eviction.comp_passive ................................................................................} ( http://cv.jenkins.couchbase.com/job/kv_engine-windows-master/35543/ )

http://cv.jenkins.couchbase.com/job/kv_engine.macos/job/master/9342/ : SUCCESS

http://cv.jenkins.couchbase.com/job/kv_engine-clang_analyzer-master/30393/ : SUCCESS

http://cv.jenkins.couchbase.com/job/kv_engine-clang_format_9/7283/ : SUCCESS

http://cv.jenkins.couchbase.com/job/kv_engine-clang_tidy/8733/ : SUCCESS

http://cv.jenkins.couchbase.com/job/kv_engine.threadsanitizer/job/master/10661/ : SUCCESS

http://cv.jenkins.couchbase.com/job/kv_engine.linux-CE/job/master/10270/ : SUCCESS

http://cv.jenkins.couchbase.com/job/kv_engine.linux/job/master/10412/ : SUCCESS

http://cv.jenkins.couchbase.com/job/kv_engine.ASan-UBSan/job/master/18215/ : SUCCESS
----------------------------------------------------------------------------------------------------------------------
Author: Build Bot
Date: 2021-05-06 05:09:10.000000000
Message: 
Patch Set 25: Verified+1

Build Successful 

http://cv.jenkins.couchbase.com/job/kv_engine.macos/job/master/9342/ : SUCCESS

http://cv.jenkins.couchbase.com/job/kv_engine-clang_analyzer-master/30393/ : SUCCESS

http://cv.jenkins.couchbase.com/job/kv_engine-clang_format_9/7283/ : SUCCESS

http://cv.jenkins.couchbase.com/job/kv_engine-clang_tidy/8733/ : SUCCESS

http://cv.jenkins.couchbase.com/job/kv_engine.threadsanitizer/job/master/10661/ : SUCCESS

http://cv.jenkins.couchbase.com/job/kv_engine.linux-CE/job/master/10270/ : SUCCESS

http://cv.jenkins.couchbase.com/job/kv_engine.linux/job/master/10412/ : SUCCESS

http://cv.jenkins.couchbase.com/job/kv_engine.ASan-UBSan/job/master/18215/ : SUCCESS

http://cv.jenkins.couchbase.com/job/kv_engine-windows-master/35563/ : SUCCESS
----------------------------------------------------------------------------------------------------------------------
