======================================================================================================================
DESCRIPTION:

MB-51295: Sharded ckpt destroyer tests don't need to set ckpt-rem Eager

Eager by default in EP config.

Change-Id: Ia41d352fe433095a4101836d6d491dce402c3b82

======================================================================================================================
COMMENTS
======================================================================================================================
Author: Paolo Cocchi
Date: 2022-03-25 15:44:49.000000000
Message: 
Uploaded patch set 2: Patch Set 1 was rebased.
----------------------------------------------------------------------------------------------------------------------
Author: Build Bot
Date: 2022-03-25 16:22:30.000000000
Message: 
Patch Set 2: Verified-1

Build Failed 

http://cv.jenkins.couchbase.com/job/kv_engine-windows-master/44694/ : FAILURE

No problems were identified. If you know why this problem occurred, please add a suitable Cause for it. ( http://cv.jenkins.couchbase.com/job/kv_engine-windows-master/44694/ )

http://cv.jenkins.couchbase.com/job/kv_engine-clang_tidy-master/16198/ : SUCCESS

http://cv.jenkins.couchbase.com/job/kv_engine-clang_analyzer-master/37609/ : SUCCESS

http://cv.jenkins.couchbase.com/job/kv_engine-clang_format_9/15128/ : SUCCESS

http://cv.jenkins.couchbase.com/job/kv_engine.aarch64-linux/job/master/5914/ : SUCCESS

http://cv.jenkins.couchbase.com/job/kv_engine.threadsanitizer/job/master/19001/ : SUCCESS

http://cv.jenkins.couchbase.com/job/kv_engine.linux-CE/job/master/17969/ : SUCCESS

http://cv.jenkins.couchbase.com/job/kv_engine.linux/job/master/18293/ : SUCCESS

http://cv.jenkins.couchbase.com/job/kv_engine.ASan-UBSan/job/master/26379/ : SUCCESS

http://cv.jenkins.couchbase.com/job/kv_engine.libFuzzer/job/master/5855/ : SUCCESS

http://cv.jenkins.couchbase.com/job/kv_engine.macos/job/master/17044/ : SUCCESS
----------------------------------------------------------------------------------------------------------------------
Author: Build Bot
Date: 2022-03-25 17:36:19.000000000
Message: 
Patch Set 2:

Build Failed 

http://cv.jenkins.couchbase.com/job/kv_engine-windows-master/44696/ : FAILURE

Failure of an engine_testapp test:

<pre>
Running [126/159]: test set_with_meta with item_eviction...(71 ms) OK


99% tests passed, 1 tests failed out of 432

Total Test time (real) = 683.83 sec

The following tests FAIL
</pre>
 ( http://cv.jenkins.couchbase.com/job/kv_engine-windows-master/44696/ )

Timeout of a CTest test 432/432 Test #284: ep_testsuite.full_eviction.comp_active ........................................................................................} ( http://cv.jenkins.couchbase.com/job/kv_engine-windows-master/44696/ )

http://cv.jenkins.couchbase.com/job/kv_engine-clang_tidy-master/16198/ : SUCCESS

http://cv.jenkins.couchbase.com/job/kv_engine-clang_analyzer-master/37609/ : SUCCESS

http://cv.jenkins.couchbase.com/job/kv_engine-clang_format_9/15128/ : SUCCESS

http://cv.jenkins.couchbase.com/job/kv_engine.aarch64-linux/job/master/5914/ : SUCCESS

http://cv.jenkins.couchbase.com/job/kv_engine.threadsanitizer/job/master/19001/ : SUCCESS

http://cv.jenkins.couchbase.com/job/kv_engine.linux-CE/job/master/17969/ : SUCCESS

http://cv.jenkins.couchbase.com/job/kv_engine.linux/job/master/18293/ : SUCCESS

http://cv.jenkins.couchbase.com/job/kv_engine.ASan-UBSan/job/master/26379/ : SUCCESS

http://cv.jenkins.couchbase.com/job/kv_engine.libFuzzer/job/master/5855/ : SUCCESS

http://cv.jenkins.couchbase.com/job/kv_engine.macos/job/master/17044/ : SUCCESS
----------------------------------------------------------------------------------------------------------------------
Author: Build Bot
Date: 2022-03-28 09:49:43.000000000
Message: 
Patch Set 2:

Build Failed 

http://cv.jenkins.couchbase.com/job/kv_engine-windows-master/44703/ : FAILURE

Timeout of a CTest test 432/432 Test #183: ep-engine_ep_unit_tests.PersistentAndEphemeral/StreamTest .....................................................................} ( http://cv.jenkins.couchbase.com/job/kv_engine-windows-master/44703/ )

http://cv.jenkins.couchbase.com/job/kv_engine-clang_tidy-master/16198/ : SUCCESS

http://cv.jenkins.couchbase.com/job/kv_engine-clang_analyzer-master/37609/ : SUCCESS

http://cv.jenkins.couchbase.com/job/kv_engine-clang_format_9/15128/ : SUCCESS

http://cv.jenkins.couchbase.com/job/kv_engine.aarch64-linux/job/master/5914/ : SUCCESS

http://cv.jenkins.couchbase.com/job/kv_engine.threadsanitizer/job/master/19001/ : SUCCESS

http://cv.jenkins.couchbase.com/job/kv_engine.linux-CE/job/master/17969/ : SUCCESS

http://cv.jenkins.couchbase.com/job/kv_engine.linux/job/master/18293/ : SUCCESS

http://cv.jenkins.couchbase.com/job/kv_engine.ASan-UBSan/job/master/26379/ : SUCCESS

http://cv.jenkins.couchbase.com/job/kv_engine.libFuzzer/job/master/5855/ : SUCCESS

http://cv.jenkins.couchbase.com/job/kv_engine.macos/job/master/17044/ : SUCCESS
----------------------------------------------------------------------------------------------------------------------
Author: Build Bot
Date: 2022-03-31 09:25:35.000000000
Message: 
Patch Set 2:

Build Failed 

http://cv.jenkins.couchbase.com/job/kv_engine-windows-master/44794/ : FAILURE

Timeout of a CTest test 432/432 Test #208: ep-engine_ep_unit_tests.EphemeralOrPersistent/DurabilityTest ..................................................................} ( http://cv.jenkins.couchbase.com/job/kv_engine-windows-master/44794/ )

http://cv.jenkins.couchbase.com/job/kv_engine-clang_tidy-master/16198/ : SUCCESS

http://cv.jenkins.couchbase.com/job/kv_engine-clang_analyzer-master/37609/ : SUCCESS

http://cv.jenkins.couchbase.com/job/kv_engine-clang_format_9/15128/ : SUCCESS

http://cv.jenkins.couchbase.com/job/kv_engine.aarch64-linux/job/master/5914/ : SUCCESS

http://cv.jenkins.couchbase.com/job/kv_engine.threadsanitizer/job/master/19001/ : SUCCESS

http://cv.jenkins.couchbase.com/job/kv_engine.linux-CE/job/master/17969/ : SUCCESS

http://cv.jenkins.couchbase.com/job/kv_engine.linux/job/master/18293/ : SUCCESS

http://cv.jenkins.couchbase.com/job/kv_engine.ASan-UBSan/job/master/26379/ : SUCCESS

http://cv.jenkins.couchbase.com/job/kv_engine.libFuzzer/job/master/5855/ : SUCCESS

http://cv.jenkins.couchbase.com/job/kv_engine.macos/job/master/17044/ : SUCCESS
----------------------------------------------------------------------------------------------------------------------
Author: Build Bot
Date: 2022-03-31 09:59:43.000000000
Message: 
Patch Set 2:

Build Failed 

http://cv.jenkins.couchbase.com/job/kv_engine-windows-master/44802/ : FAILURE

Failure of an engine_testapp test:

<pre>
Running [26/44]: test set meta lww conflict resolution...(48 ms) OK


99% tests passed, 1 tests failed out of 432

Total Test time (real) = 265.38 sec

The following tests FAIL
</pre>
 ( http://cv.jenkins.couchbase.com/job/kv_engine-windows-master/44802/ )

Timeout of a CTest test 432/432 Test #315: ep_testsuite_xdcr.full_eviction.comp_passive ..................................................................................} ( http://cv.jenkins.couchbase.com/job/kv_engine-windows-master/44802/ )

http://cv.jenkins.couchbase.com/job/kv_engine-clang_tidy-master/16198/ : SUCCESS

http://cv.jenkins.couchbase.com/job/kv_engine-clang_analyzer-master/37609/ : SUCCESS

http://cv.jenkins.couchbase.com/job/kv_engine-clang_format_9/15128/ : SUCCESS

http://cv.jenkins.couchbase.com/job/kv_engine.aarch64-linux/job/master/5914/ : SUCCESS

http://cv.jenkins.couchbase.com/job/kv_engine.threadsanitizer/job/master/19001/ : SUCCESS

http://cv.jenkins.couchbase.com/job/kv_engine.linux-CE/job/master/17969/ : SUCCESS

http://cv.jenkins.couchbase.com/job/kv_engine.linux/job/master/18293/ : SUCCESS

http://cv.jenkins.couchbase.com/job/kv_engine.ASan-UBSan/job/master/26379/ : SUCCESS

http://cv.jenkins.couchbase.com/job/kv_engine.libFuzzer/job/master/5855/ : SUCCESS

http://cv.jenkins.couchbase.com/job/kv_engine.macos/job/master/17044/ : SUCCESS
----------------------------------------------------------------------------------------------------------------------
Author: Build Bot
Date: 2022-04-01 07:41:25.000000000
Message: 
Patch Set 2:

Build Failed 

http://cv.jenkins.couchbase.com/job/kv_engine-windows-master/44844/ : FAILURE

Failure of GoogleTest "AllBucketTypes/SingleThreadedActiveStreamTest.ProducerIncludesUserXattrsInSyncDelete/persistent_nexus_couchstore_magma_full_eviction":

<pre>
[ RUN      ] AllBucketTypes/SingleThreadedActiveStreamTest.ProducerIncludesUserXattrsInSyncDelete/persistent_nexus_couchstore_magma_full_eviction
unknown file: error: C++ exception with description "KVStoreFactory ctor: Specified dbname "ep_engine_ep_unit_tests.db/test.820901" is not a directory" thrown in SetUp().
unknown file: error: SEH exception with code 0xc0000005 thrown in TearDown().
[  FAILED  ] AllBucketTypes/SingleThreadedActiveStreamTest.ProducerIncludesUserXattrsInSyncDelete/persistent_nexus_couchstore_magma_full_eviction, where GetParam() = "bucket_type=persistent:backend=nexus:nexus_primary_backend=couchstore:nexus_secondary_backend=magma:item_eviction_policy=full_eviction" (2 ms)
AllBucketTypes/SingleThreadedActiveStreamTest.ProducerIncludesUserXattrsInSyncDelete/persistent_nexus_couchstore_magma_full_eviction
</pre>
 ( http://cv.jenkins.couchbase.com/job/kv_engine-windows-master/44844/ )

http://cv.jenkins.couchbase.com/job/kv_engine-clang_tidy-master/16198/ : SUCCESS

http://cv.jenkins.couchbase.com/job/kv_engine-clang_analyzer-master/37609/ : SUCCESS

http://cv.jenkins.couchbase.com/job/kv_engine-clang_format_9/15128/ : SUCCESS

http://cv.jenkins.couchbase.com/job/kv_engine.aarch64-linux/job/master/5914/ : SUCCESS

http://cv.jenkins.couchbase.com/job/kv_engine.threadsanitizer/job/master/19001/ : SUCCESS

http://cv.jenkins.couchbase.com/job/kv_engine.linux-CE/job/master/17969/ : SUCCESS

http://cv.jenkins.couchbase.com/job/kv_engine.linux/job/master/18293/ : SUCCESS

http://cv.jenkins.couchbase.com/job/kv_engine.ASan-UBSan/job/master/26379/ : SUCCESS

http://cv.jenkins.couchbase.com/job/kv_engine.libFuzzer/job/master/5855/ : SUCCESS

http://cv.jenkins.couchbase.com/job/kv_engine.macos/job/master/17044/ : SUCCESS
----------------------------------------------------------------------------------------------------------------------
Author: Richard de Mellow
Date: 2022-04-01 08:52:06.000000000
Message: 
Patch Set 2: Code-Review+2
----------------------------------------------------------------------------------------------------------------------
Author: Build Bot
Date: 2022-04-01 09:05:06.000000000
Message: 
Patch Set 2:

Build Failed 

http://cv.jenkins.couchbase.com/job/kv_engine-windows-master/44849/ : FAILURE

Failure of GoogleTest "AllBucketTypes/SingleThreadedPassiveStreamTest.MB42780_DiskToMemoryFromPre65/persistent_nexus_couchstore_magma_full_eviction":

<pre>
[ RUN      ] AllBucketTypes/SingleThreadedPassiveStreamTest.MB42780_DiskToMemoryFromPre65/persistent_nexus_couchstore_magma_full_eviction
unknown file: error: C++ exception with description "KVStoreFactory ctor: Specified dbname "ep_engine_ep_unit_tests.db/test.409602" is not a directory" thrown in SetUp().
unknown file: error: SEH exception with code 0xc0000005 thrown in TearDown().
[  FAILED  ] AllBucketTypes/SingleThreadedPassiveStreamTest.MB42780_DiskToMemoryFromPre65/persistent_nexus_couchstore_magma_full_eviction, where GetParam() = "bucket_type=persistent:backend=nexus:nexus_primary_backend=couchstore:nexus_secondary_backend=magma:item_eviction_policy=full_eviction" (3 ms)
AllBucketTypes/SingleThreadedPassiveStreamTest.MB42780_DiskToMemoryFromPre65/persistent_nexus_couchstore_magma_full_eviction
</pre>
 ( http://cv.jenkins.couchbase.com/job/kv_engine-windows-master/44849/ )

http://cv.jenkins.couchbase.com/job/kv_engine-clang_tidy-master/16198/ : SUCCESS

http://cv.jenkins.couchbase.com/job/kv_engine-clang_analyzer-master/37609/ : SUCCESS

http://cv.jenkins.couchbase.com/job/kv_engine-clang_format_9/15128/ : SUCCESS

http://cv.jenkins.couchbase.com/job/kv_engine.aarch64-linux/job/master/5914/ : SUCCESS

http://cv.jenkins.couchbase.com/job/kv_engine.threadsanitizer/job/master/19001/ : SUCCESS

http://cv.jenkins.couchbase.com/job/kv_engine.linux-CE/job/master/17969/ : SUCCESS

http://cv.jenkins.couchbase.com/job/kv_engine.linux/job/master/18293/ : SUCCESS

http://cv.jenkins.couchbase.com/job/kv_engine.ASan-UBSan/job/master/26379/ : SUCCESS

http://cv.jenkins.couchbase.com/job/kv_engine.libFuzzer/job/master/5855/ : SUCCESS

http://cv.jenkins.couchbase.com/job/kv_engine.macos/job/master/17044/ : SUCCESS
----------------------------------------------------------------------------------------------------------------------
Author: Build Bot
Date: 2022-04-01 11:06:49.000000000
Message: 
Patch Set 2:

Build Failed 

http://cv.jenkins.couchbase.com/job/kv_engine-windows-master/44864/ : FAILURE

Failure of an engine_testapp test:

<pre>
Running [43/93]: test dcp reconnect full snapshot...(91 ms) OK


99% tests passed, 1 tests failed out of 432

Total Test time (real) = 356.88 sec

The following tests FAIL
</pre>
 ( http://cv.jenkins.couchbase.com/job/kv_engine-windows-master/44864/ )

Timeout of a CTest test 432/432 Test #297: ep_testsuite_dcp.value_eviction.comp_passive ..................................................................................} ( http://cv.jenkins.couchbase.com/job/kv_engine-windows-master/44864/ )

http://cv.jenkins.couchbase.com/job/kv_engine-clang_tidy-master/16198/ : SUCCESS

http://cv.jenkins.couchbase.com/job/kv_engine-clang_analyzer-master/37609/ : SUCCESS

http://cv.jenkins.couchbase.com/job/kv_engine-clang_format_9/15128/ : SUCCESS

http://cv.jenkins.couchbase.com/job/kv_engine.aarch64-linux/job/master/5914/ : SUCCESS

http://cv.jenkins.couchbase.com/job/kv_engine.threadsanitizer/job/master/19001/ : SUCCESS

http://cv.jenkins.couchbase.com/job/kv_engine.linux-CE/job/master/17969/ : SUCCESS

http://cv.jenkins.couchbase.com/job/kv_engine.linux/job/master/18293/ : SUCCESS

http://cv.jenkins.couchbase.com/job/kv_engine.ASan-UBSan/job/master/26379/ : SUCCESS

http://cv.jenkins.couchbase.com/job/kv_engine.libFuzzer/job/master/5855/ : SUCCESS

http://cv.jenkins.couchbase.com/job/kv_engine.macos/job/master/17044/ : SUCCESS
----------------------------------------------------------------------------------------------------------------------
Author: Build Bot
Date: 2022-04-04 15:29:58.000000000
Message: 
Patch Set 2:

Build Failed 

http://cv.jenkins.couchbase.com/job/kv_engine-windows-master/44924/ : FAILURE

Failure of an engine_testapp test:

<pre>
Running [17/44]: set with meta deleted...(12 ms) SKIPPED


99% tests passed, 1 tests failed out of 432

Total Test time (real) = 261.65 sec

The following tests FAIL
</pre>
 ( http://cv.jenkins.couchbase.com/job/kv_engine-windows-master/44924/ )

Timeout of a CTest test 432/432 Test #318: ep_testsuite_xdcr.ephemeral.comp_active .......................................................................................} ( http://cv.jenkins.couchbase.com/job/kv_engine-windows-master/44924/ )

http://cv.jenkins.couchbase.com/job/kv_engine-clang_tidy-master/16198/ : SUCCESS

http://cv.jenkins.couchbase.com/job/kv_engine-clang_analyzer-master/37609/ : SUCCESS

http://cv.jenkins.couchbase.com/job/kv_engine-clang_format_9/15128/ : SUCCESS

http://cv.jenkins.couchbase.com/job/kv_engine.aarch64-linux/job/master/5914/ : SUCCESS

http://cv.jenkins.couchbase.com/job/kv_engine.threadsanitizer/job/master/19001/ : SUCCESS

http://cv.jenkins.couchbase.com/job/kv_engine.linux-CE/job/master/17969/ : SUCCESS

http://cv.jenkins.couchbase.com/job/kv_engine.linux/job/master/18293/ : SUCCESS

http://cv.jenkins.couchbase.com/job/kv_engine.ASan-UBSan/job/master/26379/ : SUCCESS

http://cv.jenkins.couchbase.com/job/kv_engine.libFuzzer/job/master/5855/ : SUCCESS

http://cv.jenkins.couchbase.com/job/kv_engine.macos/job/master/17044/ : SUCCESS
----------------------------------------------------------------------------------------------------------------------
Author: Build Bot
Date: 2022-04-05 08:56:32.000000000
Message: 
Patch Set 2: Verified+1

Build Successful 

http://cv.jenkins.couchbase.com/job/kv_engine-clang_tidy-master/16198/ : SUCCESS

http://cv.jenkins.couchbase.com/job/kv_engine-clang_analyzer-master/37609/ : SUCCESS

http://cv.jenkins.couchbase.com/job/kv_engine-clang_format_9/15128/ : SUCCESS

http://cv.jenkins.couchbase.com/job/kv_engine.aarch64-linux/job/master/5914/ : SUCCESS

http://cv.jenkins.couchbase.com/job/kv_engine.threadsanitizer/job/master/19001/ : SUCCESS

http://cv.jenkins.couchbase.com/job/kv_engine.linux-CE/job/master/17969/ : SUCCESS

http://cv.jenkins.couchbase.com/job/kv_engine.linux/job/master/18293/ : SUCCESS

http://cv.jenkins.couchbase.com/job/kv_engine.ASan-UBSan/job/master/26379/ : SUCCESS

http://cv.jenkins.couchbase.com/job/kv_engine.libFuzzer/job/master/5855/ : SUCCESS

http://cv.jenkins.couchbase.com/job/kv_engine.macos/job/master/17044/ : SUCCESS

http://cv.jenkins.couchbase.com/job/kv_engine-windows-master/44945/ : SUCCESS
----------------------------------------------------------------------------------------------------------------------
