======================================================================================================================
DESCRIPTION:

MB-44877: Dump collection filter cid(s)

Useful info on stream-filtering for knowing what collections a stream is
filtering on.

Change-Id: I68a4eb4968143f95dcdd8e22ee169cc73ba99c2d

======================================================================================================================
COMMENTS
======================================================================================================================
Author: Paolo Cocchi
Date: 2021-04-15 15:47:18.000000000
Message: 
Uploaded patch set 7.
----------------------------------------------------------------------------------------------------------------------
Author: Richard de Mellow
Date: 2021-04-15 15:50:51.000000000
Message: 
Patch Set 7: Code-Review+2
----------------------------------------------------------------------------------------------------------------------
Author: Build Bot
Date: 2021-04-15 18:26:32.000000000
Message: 
Patch Set 7: Verified-1

Build Failed 

http://cv.jenkins.couchbase.com/job/kv_engine-windows-master/34986/ : FAILURE

Timeout of a CTest test 409/409 Test #406: cluster_test ..................................................................................................................} ( http://cv.jenkins.couchbase.com/job/kv_engine-windows-master/34986/ )

http://cv.jenkins.couchbase.com/job/kv_engine-clang_analyzer-master/30019/ : SUCCESS

http://cv.jenkins.couchbase.com/job/kv_engine-clang_tidy/8369/ : SUCCESS

http://cv.jenkins.couchbase.com/job/kv_engine-clang_format_9/6916/ : SUCCESS

http://cv.jenkins.couchbase.com/job/kv_engine.macos/job/master/8960/ : SUCCESS

http://cv.jenkins.couchbase.com/job/kv_engine.linux-CE/job/master/9892/ : SUCCESS

http://cv.jenkins.couchbase.com/job/kv_engine.linux/job/master/10030/ : SUCCESS

http://cv.jenkins.couchbase.com/job/kv_engine.threadsanitizer/job/master/10262/ : SUCCESS

http://cv.jenkins.couchbase.com/job/kv_engine.ASan-UBSan/job/master/17808/ : SUCCESS
----------------------------------------------------------------------------------------------------------------------
Author: Build Bot
Date: 2021-04-16 13:03:20.000000000
Message: 
Patch Set 7:

Build Failed 

http://cv.jenkins.couchbase.com/job/kv_engine-windows-master/35023/ : FAILURE

No problems were identified. If you know why this problem occurred, please add a suitable Cause for it. ( http://cv.jenkins.couchbase.com/job/kv_engine-windows-master/35023/ )

http://cv.jenkins.couchbase.com/job/kv_engine-clang_analyzer-master/30019/ : SUCCESS

http://cv.jenkins.couchbase.com/job/kv_engine-clang_tidy/8369/ : SUCCESS

http://cv.jenkins.couchbase.com/job/kv_engine-clang_format_9/6916/ : SUCCESS

http://cv.jenkins.couchbase.com/job/kv_engine.macos/job/master/8960/ : SUCCESS

http://cv.jenkins.couchbase.com/job/kv_engine.linux-CE/job/master/9892/ : SUCCESS

http://cv.jenkins.couchbase.com/job/kv_engine.linux/job/master/10030/ : SUCCESS

http://cv.jenkins.couchbase.com/job/kv_engine.threadsanitizer/job/master/10262/ : SUCCESS

http://cv.jenkins.couchbase.com/job/kv_engine.ASan-UBSan/job/master/17808/ : SUCCESS
----------------------------------------------------------------------------------------------------------------------
Author: Build Bot
Date: 2021-04-16 16:49:15.000000000
Message: 
Patch Set 7:

Build Failed 

http://cv.jenkins.couchbase.com/job/kv_engine-windows-master/35033/ : FAILURE

Timeout of a CTest test 168/409 Test #157: ep-engine_ep_unit_tests.AllBucketTypes/DurabilityPassiveStreamTest ............................................................} ( http://cv.jenkins.couchbase.com/job/kv_engine-windows-master/35033/ )

http://cv.jenkins.couchbase.com/job/kv_engine-clang_analyzer-master/30019/ : SUCCESS

http://cv.jenkins.couchbase.com/job/kv_engine-clang_tidy/8369/ : SUCCESS

http://cv.jenkins.couchbase.com/job/kv_engine-clang_format_9/6916/ : SUCCESS

http://cv.jenkins.couchbase.com/job/kv_engine.macos/job/master/8960/ : SUCCESS

http://cv.jenkins.couchbase.com/job/kv_engine.linux-CE/job/master/9892/ : SUCCESS

http://cv.jenkins.couchbase.com/job/kv_engine.linux/job/master/10030/ : SUCCESS

http://cv.jenkins.couchbase.com/job/kv_engine.threadsanitizer/job/master/10262/ : SUCCESS

http://cv.jenkins.couchbase.com/job/kv_engine.ASan-UBSan/job/master/17808/ : SUCCESS
----------------------------------------------------------------------------------------------------------------------
Author: Build Bot
Date: 2021-04-19 10:43:01.000000000
Message: 
Patch Set 7:

Build Failed 

http://cv.jenkins.couchbase.com/job/kv_engine-windows-master/35045/ : FAILURE

Failure of an engine_testapp test:

<pre>
Running [0112/0157]: test num persisted deletes (takeover stats)...(0 ms) SKIPPED_UNDER_MAGMA


98% tests passed, 8 tests failed out of 409

Total Test time (real) = 2108.56 sec

The following tests FAIL
</pre>
 ( http://cv.jenkins.couchbase.com/job/kv_engine-windows-master/35045/ )

Timeout of a CTest test 164/409 Test #155: ep-engine_ep_unit_tests.AllBucketTypes/DurabilityActiveStreamTest .............................................................} ( http://cv.jenkins.couchbase.com/job/kv_engine-windows-master/35045/ )

http://cv.jenkins.couchbase.com/job/kv_engine-clang_analyzer-master/30019/ : SUCCESS

http://cv.jenkins.couchbase.com/job/kv_engine-clang_tidy/8369/ : SUCCESS

http://cv.jenkins.couchbase.com/job/kv_engine-clang_format_9/6916/ : SUCCESS

http://cv.jenkins.couchbase.com/job/kv_engine.macos/job/master/8960/ : SUCCESS

http://cv.jenkins.couchbase.com/job/kv_engine.linux-CE/job/master/9892/ : SUCCESS

http://cv.jenkins.couchbase.com/job/kv_engine.linux/job/master/10030/ : SUCCESS

http://cv.jenkins.couchbase.com/job/kv_engine.threadsanitizer/job/master/10262/ : SUCCESS

http://cv.jenkins.couchbase.com/job/kv_engine.ASan-UBSan/job/master/17808/ : SUCCESS
----------------------------------------------------------------------------------------------------------------------
Author: Build Bot
Date: 2021-04-19 12:14:05.000000000
Message: 
Patch Set 7:

Build Failed 

http://cv.jenkins.couchbase.com/job/kv_engine-windows-master/35052/ : FAILURE

Timeout of a CTest test 409/409 Test #394: memcached_testapp.ep.SDPerf/SubdocPerfTest ....................................................................................} ( http://cv.jenkins.couchbase.com/job/kv_engine-windows-master/35052/ )

http://cv.jenkins.couchbase.com/job/kv_engine-clang_analyzer-master/30019/ : SUCCESS

http://cv.jenkins.couchbase.com/job/kv_engine-clang_tidy/8369/ : SUCCESS

http://cv.jenkins.couchbase.com/job/kv_engine-clang_format_9/6916/ : SUCCESS

http://cv.jenkins.couchbase.com/job/kv_engine.macos/job/master/8960/ : SUCCESS

http://cv.jenkins.couchbase.com/job/kv_engine.linux-CE/job/master/9892/ : SUCCESS

http://cv.jenkins.couchbase.com/job/kv_engine.linux/job/master/10030/ : SUCCESS

http://cv.jenkins.couchbase.com/job/kv_engine.threadsanitizer/job/master/10262/ : SUCCESS

http://cv.jenkins.couchbase.com/job/kv_engine.ASan-UBSan/job/master/17808/ : SUCCESS
----------------------------------------------------------------------------------------------------------------------
Author: Build Bot
Date: 2021-04-19 16:07:08.000000000
Message: 
Patch Set 7:

Build Failed 

http://cv.jenkins.couchbase.com/job/kv_engine-windows-master/35059/ : FAILURE

Timeout of a CTest test 409/409 Test #406: cluster_test ..................................................................................................................} ( http://cv.jenkins.couchbase.com/job/kv_engine-windows-master/35059/ )

http://cv.jenkins.couchbase.com/job/kv_engine-clang_analyzer-master/30019/ : SUCCESS

http://cv.jenkins.couchbase.com/job/kv_engine-clang_tidy/8369/ : SUCCESS

http://cv.jenkins.couchbase.com/job/kv_engine-clang_format_9/6916/ : SUCCESS

http://cv.jenkins.couchbase.com/job/kv_engine.macos/job/master/8960/ : SUCCESS

http://cv.jenkins.couchbase.com/job/kv_engine.linux-CE/job/master/9892/ : SUCCESS

http://cv.jenkins.couchbase.com/job/kv_engine.linux/job/master/10030/ : SUCCESS

http://cv.jenkins.couchbase.com/job/kv_engine.threadsanitizer/job/master/10262/ : SUCCESS

http://cv.jenkins.couchbase.com/job/kv_engine.ASan-UBSan/job/master/17808/ : SUCCESS
----------------------------------------------------------------------------------------------------------------------
Author: Build Bot
Date: 2021-04-20 08:55:48.000000000
Message: 
Patch Set 7:

Build Failed 

http://cv.jenkins.couchbase.com/job/kv_engine-windows-master/35074/ : FAILURE

Failure of GoogleTest "AllBucketTypes/ActiveDurabilityMonitorTest.NoReplicaSyncDelete/persistentMagma_full_eviction":

<pre>
[ RUN      ] AllBucketTypes/ActiveDurabilityMonitorTest.NoReplicaSyncDelete/persistentMagma_full_eviction
unknown file: error: C++ exception with description "boost::filesystem::create_directory: Access is denied: "\\?\C:\Jenkins\workspace\kv_engine-windows-master\build\kv_engine\ep_engine_ep_unit_tests.db\test.423501\magma.0"" thrown in SetUp().
unknown file: error: SEH exception with code 0xc0000005 thrown in TearDown().
[  FAILED  ] AllBucketTypes/ActiveDurabilityMonitorTest.NoReplicaSyncDelete/persistentMagma_full_eviction, where GetParam() = ("persistentMagma", "full_eviction") (4 ms)
AllBucketTypes/ActiveDurabilityMonitorTest.NoReplicaSyncDelete/persistentMagma_full_eviction
</pre>
 ( http://cv.jenkins.couchbase.com/job/kv_engine-windows-master/35074/ )

Timeout of a CTest test 409/409 Test #406: cluster_test ..................................................................................................................} ( http://cv.jenkins.couchbase.com/job/kv_engine-windows-master/35074/ )

http://cv.jenkins.couchbase.com/job/kv_engine-clang_analyzer-master/30019/ : SUCCESS

http://cv.jenkins.couchbase.com/job/kv_engine-clang_tidy/8369/ : SUCCESS

http://cv.jenkins.couchbase.com/job/kv_engine-clang_format_9/6916/ : SUCCESS

http://cv.jenkins.couchbase.com/job/kv_engine.macos/job/master/8960/ : SUCCESS

http://cv.jenkins.couchbase.com/job/kv_engine.linux-CE/job/master/9892/ : SUCCESS

http://cv.jenkins.couchbase.com/job/kv_engine.linux/job/master/10030/ : SUCCESS

http://cv.jenkins.couchbase.com/job/kv_engine.threadsanitizer/job/master/10262/ : SUCCESS

http://cv.jenkins.couchbase.com/job/kv_engine.ASan-UBSan/job/master/17808/ : SUCCESS
----------------------------------------------------------------------------------------------------------------------
Author: Jim Walker
Date: 2021-04-20 09:26:38.000000000
Message: 
Patch Set 7: Code-Review-1

(1 comment)
Line:442, engines/ep/src/collections/vbucket_filter.cc -> This will always be true as you construct cids with at least "["

----------------------------------------------------------------------------------------------------------------------
Author: Richard de Mellow
Date: 2021-04-20 09:28:46.000000000
Message: 
Removed Code-Review+2 by Richard de Mellow <richard.demellow@couchbase.com>

----------------------------------------------------------------------------------------------------------------------
Author: Paolo Cocchi
Date: 2021-04-20 12:10:43.000000000
Message: 
Patch Set 7:

(1 comment)
Line:442, engines/ep/src/collections/vbucket_filter.cc -> oh.. the issue comes from adding the [] so I m probably just removing that.. given that also other lists dumped in stats don't have that

----------------------------------------------------------------------------------------------------------------------
