======================================================================================================================
DESCRIPTION:

MB-46017: Flip to folly in MemcachedConnection

Move MemcachedConnection over to using folly for sending
and receiving data to the server (and deal with SSL etc)

It may look weird to move to a model which use nonblocking IO
where we know we have a typical send command -> receive response
scenario, but this is the first step to add timeouts so that we
can detect situations where stuff is hanging without waiting for
the entire test to time out.

Change-Id: I43a68ec359ccaebd8f5b323ef1cffca3080d00fd

======================================================================================================================
COMMENTS
======================================================================================================================
Author: Trond Norbye
Date: 2021-05-25 12:52:48.000000000
Message: 
Uploaded patch set 13.
----------------------------------------------------------------------------------------------------------------------
Author: Trond Norbye
Date: 2021-05-25 12:52:58.000000000
Message: 
Patch Set 13:

(1 comment)
----------------------------------------------------------------------------------------------------------------------
Author: Dave Rigby
Date: 2021-05-25 12:55:06.000000000
Message: 
Patch Set 13: Code-Review+2
----------------------------------------------------------------------------------------------------------------------
Author: Build Bot
Date: 2021-05-25 13:52:13.000000000
Message: 
Patch Set 13: Verified-1

Build Failed 

http://cv.jenkins.couchbase.com/job/kv_engine-windows-master/36031/ : FAILURE

Failure of GoogleTest "ExecutorPoolEpEngineTest/0.MemoryTracking_Run":

<pre>
[ RUN      ] ExecutorPoolEpEngineTest/0.MemoryTracking_Run
unknown file: error: SEH exception with code 0xc0000005 thrown in SetUp().
unknown file: error: C++ exception with description "device or resource busy: device or resource busy" thrown in TearDown().
[  FAILED  ] ExecutorPoolEpEngineTest/0.MemoryTracking_Run, where TypeParam = class TestExecutorPool (3 ms)
ExecutorPoolEpEngineTest/0.MemoryTracking_Run
</pre>
 ( http://cv.jenkins.couchbase.com/job/kv_engine-windows-master/36031/ )

Timeout of a CTest test 407/407 Test #404: cluster_test ..................................................................................................................} ( http://cv.jenkins.couchbase.com/job/kv_engine-windows-master/36031/ )

http://cv.jenkins.couchbase.com/job/kv_engine.macos/job/master/9773/ : FAILURE

No problems were identified. If you know why this problem occurred, please add a suitable Cause for it. ( http://cv.jenkins.couchbase.com/job/kv_engine.macos/job/master/9773/ )

http://cv.jenkins.couchbase.com/job/kv_engine.threadsanitizer/job/master/11107/ : FAILURE

ThreadSanitizer issue: data race (/opt/gcc-10.2.0/lib64/libtsan.so.0+0x87578) in operator delete(void*, unsigned long)  ( http://cv.jenkins.couchbase.com/job/kv_engine.threadsanitizer/job/master/11107/ )

http://cv.jenkins.couchbase.com/job/kv_engine-clang_analyzer-master/30789/ : SUCCESS

http://cv.jenkins.couchbase.com/job/kv_engine-clang_format_9/7706/ : SUCCESS

http://cv.jenkins.couchbase.com/job/kv_engine-clang_tidy-master/9140/ : SUCCESS

http://cv.jenkins.couchbase.com/job/kv_engine.linux-CE/job/master/10702/ : SUCCESS

http://cv.jenkins.couchbase.com/job/kv_engine.ASan-UBSan/job/master/18658/ : SUCCESS

http://cv.jenkins.couchbase.com/job/kv_engine.linux/job/master/10847/ : SUCCESS
----------------------------------------------------------------------------------------------------------------------
Author: Build Bot
Date: 2021-05-25 14:54:23.000000000
Message: 
Patch Set 13:

Build Failed 

http://cv.jenkins.couchbase.com/job/kv_engine-windows-master/36034/ : FAILURE

Failure of an engine_testapp test:

<pre>
Running [0087/0096]: test MB-23863 backfill deleted value...(74 ms) OK


99% tests passed, 2 tests failed out of 407

Total Test time (real) = 336.71 sec

The following tests FAIL
</pre>
 ( http://cv.jenkins.couchbase.com/job/kv_engine-windows-master/36034/ )

Timeout of a CTest test 407/407 Test #265: ep_testsuite_dcp.value_eviction.comp_active ...................................................................................} ( http://cv.jenkins.couchbase.com/job/kv_engine-windows-master/36034/ )

http://cv.jenkins.couchbase.com/job/kv_engine.threadsanitizer/job/master/11107/ : FAILURE

ThreadSanitizer issue: data race (/opt/gcc-10.2.0/lib64/libtsan.so.0+0x87578) in operator delete(void*, unsigned long)  ( http://cv.jenkins.couchbase.com/job/kv_engine.threadsanitizer/job/master/11107/ )

http://cv.jenkins.couchbase.com/job/kv_engine-clang_analyzer-master/30789/ : SUCCESS

http://cv.jenkins.couchbase.com/job/kv_engine-clang_format_9/7706/ : SUCCESS

http://cv.jenkins.couchbase.com/job/kv_engine-clang_tidy-master/9140/ : SUCCESS

http://cv.jenkins.couchbase.com/job/kv_engine.linux-CE/job/master/10702/ : SUCCESS

http://cv.jenkins.couchbase.com/job/kv_engine.ASan-UBSan/job/master/18658/ : SUCCESS

http://cv.jenkins.couchbase.com/job/kv_engine.linux/job/master/10847/ : SUCCESS

http://cv.jenkins.couchbase.com/job/kv_engine.macos/job/master/9776/ : SUCCESS
----------------------------------------------------------------------------------------------------------------------
Author: Build Bot
Date: 2021-05-25 16:53:35.000000000
Message: 
Patch Set 13:

Build Failed 

http://cv.jenkins.couchbase.com/job/kv_engine.threadsanitizer/job/master/11107/ : FAILURE

ThreadSanitizer issue: data race (/opt/gcc-10.2.0/lib64/libtsan.so.0+0x87578) in operator delete(void*, unsigned long)  ( http://cv.jenkins.couchbase.com/job/kv_engine.threadsanitizer/job/master/11107/ )

http://cv.jenkins.couchbase.com/job/kv_engine-windows-master/36037/ : FAILURE

Timeout of a CTest test 407/407 Test #383: memcached_testapp.ep.CleanOrUnclean/PersistToTest .............................................................................} ( http://cv.jenkins.couchbase.com/job/kv_engine-windows-master/36037/ )

http://cv.jenkins.couchbase.com/job/kv_engine-clang_analyzer-master/30789/ : SUCCESS

http://cv.jenkins.couchbase.com/job/kv_engine-clang_format_9/7706/ : SUCCESS

http://cv.jenkins.couchbase.com/job/kv_engine-clang_tidy-master/9140/ : SUCCESS

http://cv.jenkins.couchbase.com/job/kv_engine.linux-CE/job/master/10702/ : SUCCESS

http://cv.jenkins.couchbase.com/job/kv_engine.ASan-UBSan/job/master/18658/ : SUCCESS

http://cv.jenkins.couchbase.com/job/kv_engine.linux/job/master/10847/ : SUCCESS

http://cv.jenkins.couchbase.com/job/kv_engine.macos/job/master/9776/ : SUCCESS
----------------------------------------------------------------------------------------------------------------------
Author: Trond Norbye
Date: 2021-05-25 19:08:17.000000000
Message: 
Patch Set 13: Code-Review-1

I saw one of the notification queue errors here.. perhaps I should make the lifetime of the alarm as long as the event loop to make sure that its not whats causing the printout..
----------------------------------------------------------------------------------------------------------------------
Author: Trond Norbye
Date: 2021-05-26 04:26:53.000000000
Message: 
Patch Set 13: -Code-Review

hmm.. thats the next patch in the series..
----------------------------------------------------------------------------------------------------------------------
