======================================================================================================================
DESCRIPTION:

MB-48010: Only send seqno advance at end of snapshot

Currently if we stream a backfill from a replica that is itself
in the process of receiving a disk snapshot then we may merge
together a backfill and in memory items into a single snapshot.
Currently we are sending multiple seqno advances in this merged
snapshot whereas we should only be sending one (at the end).

Change-Id: Idc790d0a2535380ebd29d76d74515d35b1b0f91d

======================================================================================================================
COMMENTS
======================================================================================================================
Author: Ben Huddleston
Date: 2021-08-23 11:37:16.000000000
Message: 
Uploaded patch set 11.
----------------------------------------------------------------------------------------------------------------------
Author: Build Bot
Date: 2021-08-23 12:35:04.000000000
Message: 
Patch Set 11: Verified-1

Build Failed 

http://cv.jenkins.couchbase.com/job/kv_engine-windows-cheshire-cat/340/ : FAILURE

Failure of an engine_testapp test:

<pre>
Running [0113/0157]: test stats uuid...(205 ms) OK


99% tests passed, 2 tests failed out of 409

Total Test time (real) = 953.40 sec

The following tests FAIL
</pre>
 ( http://cv.jenkins.couchbase.com/job/kv_engine-windows-cheshire-cat/340/ )

Timeout of a CTest test 360/409 Test #270: ep_testsuite_dcp.ephemeral.comp_passive .......................................................................................} ( http://cv.jenkins.couchbase.com/job/kv_engine-windows-cheshire-cat/340/ )

http://cv.jenkins.couchbase.com/job/kv_engine-clang_format_9/10308/ : SUCCESS

http://cv.jenkins.couchbase.com/job/kv_engine-clang_tidy-cheshire-cat/226/ : SUCCESS

http://cv.jenkins.couchbase.com/job/kv_engine-clang_analyzer-cheshire-cat/233/ : SUCCESS

http://cv.jenkins.couchbase.com/job/kv_engine.macos/job/cheshire-cat/233/ : SUCCESS

http://cv.jenkins.couchbase.com/job/kv_engine.ASan-UBSan/job/cheshire-cat/247/ : SUCCESS

http://cv.jenkins.couchbase.com/job/kv_engine.threadsanitizer/job/cheshire-cat/236/ : SUCCESS

http://cv.jenkins.couchbase.com/job/kv_engine.linux/job/cheshire-cat/234/ : SUCCESS

http://cv.jenkins.couchbase.com/job/kv_engine.linux-CE/job/cheshire-cat/231/ : SUCCESS

http://cv.jenkins.couchbase.com/job/kv_engine.libFuzzer/job/cheshire-cat/152/ : SUCCESS
----------------------------------------------------------------------------------------------------------------------
Author: Build Bot
Date: 2021-08-23 13:26:40.000000000
Message: 
Patch Set 11:

Build Failed 

http://cv.jenkins.couchbase.com/job/kv_engine-windows-cheshire-cat/346/ : FAILURE

Timeout of a CTest test 265/409 Test  #69: ep-engine_ep_unit_tests.DurabilityRespondAmbiguousTest ........................................................................} ( http://cv.jenkins.couchbase.com/job/kv_engine-windows-cheshire-cat/346/ )

http://cv.jenkins.couchbase.com/job/kv_engine-clang_format_9/10308/ : SUCCESS

http://cv.jenkins.couchbase.com/job/kv_engine-clang_tidy-cheshire-cat/226/ : SUCCESS

http://cv.jenkins.couchbase.com/job/kv_engine-clang_analyzer-cheshire-cat/233/ : SUCCESS

http://cv.jenkins.couchbase.com/job/kv_engine.macos/job/cheshire-cat/233/ : SUCCESS

http://cv.jenkins.couchbase.com/job/kv_engine.ASan-UBSan/job/cheshire-cat/247/ : SUCCESS

http://cv.jenkins.couchbase.com/job/kv_engine.threadsanitizer/job/cheshire-cat/236/ : SUCCESS

http://cv.jenkins.couchbase.com/job/kv_engine.linux/job/cheshire-cat/234/ : SUCCESS

http://cv.jenkins.couchbase.com/job/kv_engine.linux-CE/job/cheshire-cat/231/ : SUCCESS

http://cv.jenkins.couchbase.com/job/kv_engine.libFuzzer/job/cheshire-cat/152/ : SUCCESS
----------------------------------------------------------------------------------------------------------------------
Author: Build Bot
Date: 2021-08-23 14:25:43.000000000
Message: 
Patch Set 11:

Build Failed 

http://cv.jenkins.couchbase.com/job/kv_engine-windows-cheshire-cat/350/ : FAILURE

Failure of an engine_testapp test:

<pre>
Running [0002/0047]: test max_size - water_mark changes...Uncaught std::exception. what():cb::io::rmrf: remove of directory \\?\C:\Jenkins\workspace\kv_engine-windows-cheshire-cat\build\kv_engine\engines\ep\tests\ep_testsuite_basic.value_eviction.comp_passive.db failed: unknown error
(417 ms) DIED
</pre>
 ( http://cv.jenkins.couchbase.com/job/kv_engine-windows-cheshire-cat/350/ )

Timeout of a CTest test 282/409 Test #265: ep_testsuite_basic.full_eviction.magma ........................................................................................} ( http://cv.jenkins.couchbase.com/job/kv_engine-windows-cheshire-cat/350/ )

http://cv.jenkins.couchbase.com/job/kv_engine-clang_format_9/10308/ : SUCCESS

http://cv.jenkins.couchbase.com/job/kv_engine-clang_tidy-cheshire-cat/226/ : SUCCESS

http://cv.jenkins.couchbase.com/job/kv_engine-clang_analyzer-cheshire-cat/233/ : SUCCESS

http://cv.jenkins.couchbase.com/job/kv_engine.macos/job/cheshire-cat/233/ : SUCCESS

http://cv.jenkins.couchbase.com/job/kv_engine.ASan-UBSan/job/cheshire-cat/247/ : SUCCESS

http://cv.jenkins.couchbase.com/job/kv_engine.threadsanitizer/job/cheshire-cat/236/ : SUCCESS

http://cv.jenkins.couchbase.com/job/kv_engine.linux/job/cheshire-cat/234/ : SUCCESS

http://cv.jenkins.couchbase.com/job/kv_engine.linux-CE/job/cheshire-cat/231/ : SUCCESS

http://cv.jenkins.couchbase.com/job/kv_engine.libFuzzer/job/cheshire-cat/152/ : SUCCESS
----------------------------------------------------------------------------------------------------------------------
Author: Build Bot
Date: 2021-08-23 15:22:24.000000000
Message: 
Patch Set 11:

Build Failed 

http://cv.jenkins.couchbase.com/job/kv_engine-windows-cheshire-cat/355/ : FAILURE

Timeout of a CTest test 409/409 Test #406: cluster_test ..................................................................................................................} ( http://cv.jenkins.couchbase.com/job/kv_engine-windows-cheshire-cat/355/ )

http://cv.jenkins.couchbase.com/job/kv_engine-clang_format_9/10308/ : SUCCESS

http://cv.jenkins.couchbase.com/job/kv_engine-clang_tidy-cheshire-cat/226/ : SUCCESS

http://cv.jenkins.couchbase.com/job/kv_engine-clang_analyzer-cheshire-cat/233/ : SUCCESS

http://cv.jenkins.couchbase.com/job/kv_engine.macos/job/cheshire-cat/233/ : SUCCESS

http://cv.jenkins.couchbase.com/job/kv_engine.ASan-UBSan/job/cheshire-cat/247/ : SUCCESS

http://cv.jenkins.couchbase.com/job/kv_engine.threadsanitizer/job/cheshire-cat/236/ : SUCCESS

http://cv.jenkins.couchbase.com/job/kv_engine.linux/job/cheshire-cat/234/ : SUCCESS

http://cv.jenkins.couchbase.com/job/kv_engine.linux-CE/job/cheshire-cat/231/ : SUCCESS

http://cv.jenkins.couchbase.com/job/kv_engine.libFuzzer/job/cheshire-cat/152/ : SUCCESS
----------------------------------------------------------------------------------------------------------------------
Author: Build Bot
Date: 2021-08-23 15:54:46.000000000
Message: 
Patch Set 11: Verified+1

Build Successful 

http://cv.jenkins.couchbase.com/job/kv_engine-clang_format_9/10308/ : SUCCESS

http://cv.jenkins.couchbase.com/job/kv_engine-clang_tidy-cheshire-cat/226/ : SUCCESS

http://cv.jenkins.couchbase.com/job/kv_engine-clang_analyzer-cheshire-cat/233/ : SUCCESS

http://cv.jenkins.couchbase.com/job/kv_engine.macos/job/cheshire-cat/233/ : SUCCESS

http://cv.jenkins.couchbase.com/job/kv_engine.ASan-UBSan/job/cheshire-cat/247/ : SUCCESS

http://cv.jenkins.couchbase.com/job/kv_engine.threadsanitizer/job/cheshire-cat/236/ : SUCCESS

http://cv.jenkins.couchbase.com/job/kv_engine.linux/job/cheshire-cat/234/ : SUCCESS

http://cv.jenkins.couchbase.com/job/kv_engine.linux-CE/job/cheshire-cat/231/ : SUCCESS

http://cv.jenkins.couchbase.com/job/kv_engine.libFuzzer/job/cheshire-cat/152/ : SUCCESS

http://cv.jenkins.couchbase.com/job/kv_engine-windows-cheshire-cat/357/ : SUCCESS
----------------------------------------------------------------------------------------------------------------------
Author: Dave Rigby
Date: 2021-08-23 16:13:14.000000000
Message: 
Patch Set 11: Code-Review-1

(2 comments)
Line:13, /COMMIT_MSG -> Might be nice to add some of jim's example scenario from the MB here for additional context.

Line:2505, engines/ep/tests/module_tests/collections/evp_store_collections_dcp_test.cc -> Can you add an overview of what this test / function is setting up for.

----------------------------------------------------------------------------------------------------------------------
Author: Richard de Mellow
Date: 2021-08-23 16:26:10.000000000
Message: 
Patch Set 11:

(1 comment)
Line:2505, engines/ep/tests/module_tests/collections/evp_store_collections_dcp_test.cc -> nit: might be nicer as a new test class so we don't have to keep calling this method at the begging of test

----------------------------------------------------------------------------------------------------------------------
Author: Ben Huddleston
Date: 2021-08-23 16:26:37.000000000
MISMATCHED INLINE COMMENT
Line:13, /COMMIT_MSG -> Done
----------------------------------------------------------------------------------------------------------------------
Author: Ben Huddleston
Date: 2021-08-23 16:26:37.000000000
MISMATCHED INLINE COMMENT
Line:2505, engines/ep/tests/module_tests/collections/evp_store_collections_dcp_test.cc -> Done
----------------------------------------------------------------------------------------------------------------------
Author: Ben Huddleston
Date: 2021-08-23 16:31:01.000000000
MISMATCHED INLINE COMMENT
Line:2505, engines/ep/tests/module_tests/collections/evp_store_collections_dcp_test.cc -> Done
----------------------------------------------------------------------------------------------------------------------
