======================================================================================================================
DESCRIPTION:

MB-48172: Don't skip system events in magma rollback callback

Before calling the RollbackCB we process the items being rolled back
by magma in MagmaKVStore. Currently there we are skipping SystemEvents.
This has no functional affect as these items are skipping in the
EPDiskRollbackCB but we shouldn't be asusming that the RollbackCB
doesn't want to see them, and we need to pass them to the RollbackCB
to make assertions about the values rolled back in NexusKVStore.

Change-Id: I6db279814aa966d6984309a8dbded6fbba9c4819

======================================================================================================================
COMMENTS
======================================================================================================================
Author: Ben Huddleston
Date: 2021-09-08 16:16:13.000000000
Message: 
Uploaded patch set 6: Patch Set 5 was rebased.
----------------------------------------------------------------------------------------------------------------------
Author: Build Bot
Date: 2021-09-08 17:06:00.000000000
Message: 
Patch Set 6: Verified-1

Build Failed 

http://cv.jenkins.couchbase.com/job/kv_engine-windows-master/39558/ : FAILURE

Failure of an engine_testapp test:

<pre>
Running [0052/0158]: seqno stats...(20 ms) OK


99% tests passed, 3 tests failed out of 407

Total Test time (real) = 1376.78 sec

The following tests FAIL
</pre>
 ( http://cv.jenkins.couchbase.com/job/kv_engine-windows-master/39558/ )

Failure of GoogleTest "PersistentAndEphemeral/StreamTest.BackfillOnly/persistent_magma":

<pre>
[ RUN      ] PersistentAndEphemeral/StreamTest.BackfillOnly/persistent_magma
..\kv_engine\engines\ep\tests\module_tests\dcp_stream_test.cc(812): error: Expected: (numItems) >= (*stream->getNumBackfillItemsRemaining()), actual: 3 vs 37
[  FAILED  ] PersistentAndEphemeral/StreamTest.BackfillOnly/persistent_magma, where GetParam() = "persistent_magma" (225 ms)
PersistentAndEphemeral/StreamTest.BackfillOnly/persistent_magma
</pre>
 ( http://cv.jenkins.couchbase.com/job/kv_engine-windows-master/39558/ )

Timeout of a CTest test 407/407 Test #260: ep_testsuite.ephemeral.comp_active ............................................................................................} ( http://cv.jenkins.couchbase.com/job/kv_engine-windows-master/39558/ )

http://cv.jenkins.couchbase.com/job/kv_engine.threadsanitizer/job/master/14436/ : FAILURE

Timeout of a CTest test [2021-09-08T16:37:48.470Z]   9/401 Test #212: ep-engine_ep_unit_tests.FullOrValue/DurabilityWarmupTest ....................................................} ( http://cv.jenkins.couchbase.com/job/kv_engine.threadsanitizer/job/master/14436/ )

http://cv.jenkins.couchbase.com/job/kv_engine.ASan-UBSan/job/master/21933/ : FAILURE

One of more core files found at the end of the build. Data for post-mortem saved to archived_core_dumps.tar.bz2 under "Build Artifacts". ( http://cv.jenkins.couchbase.com/job/kv_engine.ASan-UBSan/job/master/21933/ )

http://cv.jenkins.couchbase.com/job/kv_engine-clang_analyzer-master/33696/ : SUCCESS

http://cv.jenkins.couchbase.com/job/kv_engine-clang_tidy-master/12114/ : SUCCESS

http://cv.jenkins.couchbase.com/job/kv_engine-clang_format_9/10905/ : SUCCESS

http://cv.jenkins.couchbase.com/job/kv_engine.libFuzzer/job/master/1756/ : SUCCESS

http://cv.jenkins.couchbase.com/job/kv_engine.linux/job/master/13965/ : SUCCESS

http://cv.jenkins.couchbase.com/job/kv_engine.macos/job/master/12872/ : SUCCESS

http://cv.jenkins.couchbase.com/job/kv_engine.linux-CE/job/master/13725/ : SUCCESS

http://cv.jenkins.couchbase.com/job/kv_engine.aarch64-linux/job/master/1775/ : SUCCESS
----------------------------------------------------------------------------------------------------------------------
Author: Build Bot
Date: 2021-09-08 17:36:18.000000000
Message: 
Patch Set 6:

Build Failed 

http://cv.jenkins.couchbase.com/job/kv_engine-windows-master/39562/ : FAILURE

Failure of an engine_testapp test:

<pre>
Running [0104/0158]: test async vbucket destroy...W0908 10:26:35.292671 131168 HazptrDomain.h:670] Using the default inline executor for asynchronous reclamation may be susceptible to deadlock if the current thread happens to hold a resource needed by the deleter of a reclaimable object
Exceeded maximum wait time of 60000000us waiting for stat "ep_persist_vbstate_total" to be greater or equal than 1 (last value:0) - aborting.
</pre>
 ( http://cv.jenkins.couchbase.com/job/kv_engine-windows-master/39562/ )

Failure of GoogleTest "PersistentAndEphemeral/StreamTest.MB38356_DuplicateStreamRequest/persistent_couchstore":

<pre>
[ RUN      ] PersistentAndEphemeral/StreamTest.MB38356_DuplicateStreamRequest/persistent_couchstore
unknown file: error: C++ exception with description "cb::io::rmrf: remove of file \\?\C:\Jenkins\workspace\kv_engine-windows-master\build\kv_engine\ep_engine_ep_unit_tests.db\test.424201\nexus-primary\magma.1\wal\wal.1 under ep_engine_ep_unit_tests.db/test.424201 failed: The data is invalid." thrown in TearDown().
[  FAILED  ] PersistentAndEphemeral/StreamTest.MB38356_DuplicateStreamRequest/persistent_couchstore, where GetParam() = "persistent_couchstore" (38 ms)
PersistentAndEphemeral/StreamTest.MB38356_DuplicateStreamRequest/persistent_couchstore
</pre>
 ( http://cv.jenkins.couchbase.com/job/kv_engine-windows-master/39562/ )

http://cv.jenkins.couchbase.com/job/kv_engine.ASan-UBSan/job/master/21939/ : FAILURE

One of more core files found at the end of the build. Data for post-mortem saved to archived_core_dumps.tar.bz2 under "Build Artifacts". ( http://cv.jenkins.couchbase.com/job/kv_engine.ASan-UBSan/job/master/21939/ )

http://cv.jenkins.couchbase.com/job/kv_engine.threadsanitizer/job/master/14442/ : FAILURE

http://cv.jenkins.couchbase.com/job/kv_engine-clang_analyzer-master/33696/ : SUCCESS

http://cv.jenkins.couchbase.com/job/kv_engine-clang_tidy-master/12114/ : SUCCESS

http://cv.jenkins.couchbase.com/job/kv_engine-clang_format_9/10905/ : SUCCESS

http://cv.jenkins.couchbase.com/job/kv_engine.libFuzzer/job/master/1756/ : SUCCESS

http://cv.jenkins.couchbase.com/job/kv_engine.linux/job/master/13965/ : SUCCESS

http://cv.jenkins.couchbase.com/job/kv_engine.macos/job/master/12872/ : SUCCESS

http://cv.jenkins.couchbase.com/job/kv_engine.linux-CE/job/master/13725/ : SUCCESS

http://cv.jenkins.couchbase.com/job/kv_engine.aarch64-linux/job/master/1775/ : SUCCESS
----------------------------------------------------------------------------------------------------------------------
Author: Build Bot
Date: 2021-09-09 07:31:22.000000000
Message: 
Patch Set 6:

Build Failed 

http://cv.jenkins.couchbase.com/job/kv_engine.ASan-UBSan/job/master/21946/ : FAILURE

One of more core files found at the end of the build. Data for post-mortem saved to archived_core_dumps.tar.bz2 under "Build Artifacts". ( http://cv.jenkins.couchbase.com/job/kv_engine.ASan-UBSan/job/master/21946/ )

http://cv.jenkins.couchbase.com/job/kv_engine-windows-master/39567/ : FAILURE

Failure of GoogleTest "AllBucketTypes/ActiveDurabilityMonitorTest.AddSyncWrite/persistent_magma_full_eviction":

<pre>
[ RUN      ] AllBucketTypes/ActiveDurabilityMonitorTest.AddSyncWrite/persistent_magma_full_eviction
2021-09-09T00:28:40.684911-07:00 CRITICAL (SynchronousEPEngine:default) MagmaKVStore Magma open failed. Status:IOError: Unable to open file ep_engine_ep_unit_tests.db/test.132103/magma.1/config.json.tmp: The process cannot access the file because it is being used by another process.
unknown file: error: C++ exception with description "MagmaKVStore Magma open failed. Status:IOError: Unable to open file ep_engine_ep_unit_tests.db/test.132103/magma.1/config.json.tmp: The process cannot access the file because it is being used by another process." thrown in SetUp().
unknown file: error: SEH exception with code 0xc0000005 thrown in TearDown().
[  FAILED  ] AllBucketTypes/ActiveDurabilityMonitorTest.AddSyncWrite/persistent_magma_full_eviction, where GetParam() = ("persistent_magma", "full_eviction") (18 ms)
AllBucketTypes/ActiveDurabilityMonitorTest.AddSyncWrite/persistent_magma_full_eviction
</pre>
 ( http://cv.jenkins.couchbase.com/job/kv_engine-windows-master/39567/ )

http://cv.jenkins.couchbase.com/job/kv_engine-clang_analyzer-master/33696/ : SUCCESS

http://cv.jenkins.couchbase.com/job/kv_engine-clang_tidy-master/12114/ : SUCCESS

http://cv.jenkins.couchbase.com/job/kv_engine-clang_format_9/10905/ : SUCCESS

http://cv.jenkins.couchbase.com/job/kv_engine.libFuzzer/job/master/1756/ : SUCCESS

http://cv.jenkins.couchbase.com/job/kv_engine.linux/job/master/13965/ : SUCCESS

http://cv.jenkins.couchbase.com/job/kv_engine.macos/job/master/12872/ : SUCCESS

http://cv.jenkins.couchbase.com/job/kv_engine.linux-CE/job/master/13725/ : SUCCESS

http://cv.jenkins.couchbase.com/job/kv_engine.aarch64-linux/job/master/1775/ : SUCCESS

http://cv.jenkins.couchbase.com/job/kv_engine.threadsanitizer/job/master/14450/ : SUCCESS
----------------------------------------------------------------------------------------------------------------------
Author: Build Bot
Date: 2021-09-09 09:08:01.000000000
Message: 
Patch Set 6:

Build Failed 

http://cv.jenkins.couchbase.com/job/kv_engine-windows-master/39569/ : FAILURE

Failure of an engine_testapp test:

<pre>
Running [0110/0158]: test sync vbucket destroy restart...(230 ms) OK


99% tests passed, 2 tests failed out of 407

Total Test time (real) = 705.78 sec

The following tests FAIL
</pre>
 ( http://cv.jenkins.couchbase.com/job/kv_engine-windows-master/39569/ )

Timeout of a CTest test 406/407 Test #256: ep_testsuite.value_eviction.comp_active .......................................................................................} ( http://cv.jenkins.couchbase.com/job/kv_engine-windows-master/39569/ )

http://cv.jenkins.couchbase.com/job/kv_engine.ASan-UBSan/job/master/21950/ : FAILURE

One of more core files found at the end of the build. Data for post-mortem saved to archived_core_dumps.tar.bz2 under "Build Artifacts". ( http://cv.jenkins.couchbase.com/job/kv_engine.ASan-UBSan/job/master/21950/ )

http://cv.jenkins.couchbase.com/job/kv_engine-clang_analyzer-master/33696/ : SUCCESS

http://cv.jenkins.couchbase.com/job/kv_engine-clang_tidy-master/12114/ : SUCCESS

http://cv.jenkins.couchbase.com/job/kv_engine-clang_format_9/10905/ : SUCCESS

http://cv.jenkins.couchbase.com/job/kv_engine.libFuzzer/job/master/1756/ : SUCCESS

http://cv.jenkins.couchbase.com/job/kv_engine.linux/job/master/13965/ : SUCCESS

http://cv.jenkins.couchbase.com/job/kv_engine.macos/job/master/12872/ : SUCCESS

http://cv.jenkins.couchbase.com/job/kv_engine.linux-CE/job/master/13725/ : SUCCESS

http://cv.jenkins.couchbase.com/job/kv_engine.aarch64-linux/job/master/1775/ : SUCCESS

http://cv.jenkins.couchbase.com/job/kv_engine.threadsanitizer/job/master/14450/ : SUCCESS
----------------------------------------------------------------------------------------------------------------------
Author: Jim Walker
Date: 2021-09-09 09:57:21.000000000
Message: 
Patch Set 6: Code-Review+2
----------------------------------------------------------------------------------------------------------------------
Author: Build Bot
Date: 2021-09-09 10:44:42.000000000
Message: 
Patch Set 6:

Build Failed 

http://cv.jenkins.couchbase.com/job/kv_engine-windows-master/39576/ : FAILURE

Failure of an engine_testapp test:

<pre>
Running [0145/0158]: test_MB-19687_fixed...WARNING: Logging before InitGoogleLogging() is written to STDERR
W0909 03:34:55.769788 25248 HazptrDomain.h:670] Using the default inline executor for asynchronous reclamation may be susceptible to deadlock if the current thread happens to hold a resource needed by the deleter of a reclaimable object


99% tests passed, 1 tests failed out of 407

Total Test time (real) = 745.56 sec

The following tests FAIL
</pre>
 ( http://cv.jenkins.couchbase.com/job/kv_engine-windows-master/39576/ )

Timeout of a CTest test 407/407 Test #259: ep_testsuite.ephemeral.comp_passive ...........................................................................................} ( http://cv.jenkins.couchbase.com/job/kv_engine-windows-master/39576/ )

http://cv.jenkins.couchbase.com/job/kv_engine.ASan-UBSan/job/master/21958/ : FAILURE

One of more core files found at the end of the build. Data for post-mortem saved to archived_core_dumps.tar.bz2 under "Build Artifacts". ( http://cv.jenkins.couchbase.com/job/kv_engine.ASan-UBSan/job/master/21958/ )

http://cv.jenkins.couchbase.com/job/kv_engine-clang_analyzer-master/33696/ : SUCCESS

http://cv.jenkins.couchbase.com/job/kv_engine-clang_tidy-master/12114/ : SUCCESS

http://cv.jenkins.couchbase.com/job/kv_engine-clang_format_9/10905/ : SUCCESS

http://cv.jenkins.couchbase.com/job/kv_engine.libFuzzer/job/master/1756/ : SUCCESS

http://cv.jenkins.couchbase.com/job/kv_engine.linux/job/master/13965/ : SUCCESS

http://cv.jenkins.couchbase.com/job/kv_engine.macos/job/master/12872/ : SUCCESS

http://cv.jenkins.couchbase.com/job/kv_engine.linux-CE/job/master/13725/ : SUCCESS

http://cv.jenkins.couchbase.com/job/kv_engine.aarch64-linux/job/master/1775/ : SUCCESS

http://cv.jenkins.couchbase.com/job/kv_engine.threadsanitizer/job/master/14450/ : SUCCESS
----------------------------------------------------------------------------------------------------------------------
Author: Build Bot
Date: 2021-09-09 11:11:51.000000000
Message: 
Patch Set 6:

Build Failed 

http://cv.jenkins.couchbase.com/job/kv_engine.ASan-UBSan/job/master/21960/ : FAILURE

One of more core files found at the end of the build. Data for post-mortem saved to archived_core_dumps.tar.bz2 under "Build Artifacts". ( http://cv.jenkins.couchbase.com/job/kv_engine.ASan-UBSan/job/master/21960/ )

http://cv.jenkins.couchbase.com/job/kv_engine-windows-master/39578/ : FAILURE

Failure of GoogleTest "PersistentAndEphemeral/StreamTest.BackfillOnly/persistent_magma":

<pre>
[ RUN      ] PersistentAndEphemeral/StreamTest.BackfillOnly/persistent_magma
..\kv_engine\engines\ep\tests\module_tests\dcp_stream_test.cc(812): error: Expected: (numItems) >= (*stream->getNumBackfillItemsRemaining()), actual: 3 vs 102
[  FAILED  ] PersistentAndEphemeral/StreamTest.BackfillOnly/persistent_magma, where GetParam() = "persistent_magma" (94 ms)
PersistentAndEphemeral/StreamTest.BackfillOnly/persistent_magma
</pre>
 ( http://cv.jenkins.couchbase.com/job/kv_engine-windows-master/39578/ )

http://cv.jenkins.couchbase.com/job/kv_engine-clang_analyzer-master/33696/ : SUCCESS

http://cv.jenkins.couchbase.com/job/kv_engine-clang_tidy-master/12114/ : SUCCESS

http://cv.jenkins.couchbase.com/job/kv_engine-clang_format_9/10905/ : SUCCESS

http://cv.jenkins.couchbase.com/job/kv_engine.libFuzzer/job/master/1756/ : SUCCESS

http://cv.jenkins.couchbase.com/job/kv_engine.linux/job/master/13965/ : SUCCESS

http://cv.jenkins.couchbase.com/job/kv_engine.macos/job/master/12872/ : SUCCESS

http://cv.jenkins.couchbase.com/job/kv_engine.linux-CE/job/master/13725/ : SUCCESS

http://cv.jenkins.couchbase.com/job/kv_engine.aarch64-linux/job/master/1775/ : SUCCESS

http://cv.jenkins.couchbase.com/job/kv_engine.threadsanitizer/job/master/14450/ : SUCCESS
----------------------------------------------------------------------------------------------------------------------
Author: Build Bot
Date: 2021-09-09 13:18:30.000000000
Message: 
Patch Set 6:

Build Failed 

http://cv.jenkins.couchbase.com/job/kv_engine.ASan-UBSan/job/master/21975/ : FAILURE

http://cv.jenkins.couchbase.com/job/kv_engine-windows-master/39593/ : FAILURE

Failure of GoogleTest "TransportProtocols/AuditTest.AuditIllegalFrame_MB31071/Mcbp":

<pre>
[ RUN      ] TransportProtocols/AuditTest.AuditIllegalFrame_MB31071/Mcbp
unknown file: error: C++ exception with description "MemcachedConnection::recvFrame(): Timed out after waiting 0ms for a response for CONFIG_RELOAD" thrown in SetUp().
[  FAILED  ] TransportProtocols/AuditTest.AuditIllegalFrame_MB31071/Mcbp, where GetParam() = Mcbp (2251 ms)
TransportProtocols/AuditTest.AuditIllegalFrame_MB31071/Mcbp
</pre>
 ( http://cv.jenkins.couchbase.com/job/kv_engine-windows-master/39593/ )

http://cv.jenkins.couchbase.com/job/kv_engine-clang_analyzer-master/33696/ : SUCCESS

http://cv.jenkins.couchbase.com/job/kv_engine-clang_tidy-master/12114/ : SUCCESS

http://cv.jenkins.couchbase.com/job/kv_engine-clang_format_9/10905/ : SUCCESS

http://cv.jenkins.couchbase.com/job/kv_engine.libFuzzer/job/master/1756/ : SUCCESS

http://cv.jenkins.couchbase.com/job/kv_engine.linux/job/master/13965/ : SUCCESS

http://cv.jenkins.couchbase.com/job/kv_engine.macos/job/master/12872/ : SUCCESS

http://cv.jenkins.couchbase.com/job/kv_engine.linux-CE/job/master/13725/ : SUCCESS

http://cv.jenkins.couchbase.com/job/kv_engine.aarch64-linux/job/master/1775/ : SUCCESS

http://cv.jenkins.couchbase.com/job/kv_engine.threadsanitizer/job/master/14450/ : SUCCESS
----------------------------------------------------------------------------------------------------------------------
Author: Build Bot
Date: 2021-09-09 13:49:00.000000000
Message: 
Patch Set 6:

Build Failed 

http://cv.jenkins.couchbase.com/job/kv_engine.ASan-UBSan/job/master/21984/ : FAILURE

http://cv.jenkins.couchbase.com/job/kv_engine-clang_analyzer-master/33696/ : SUCCESS

http://cv.jenkins.couchbase.com/job/kv_engine-clang_tidy-master/12114/ : SUCCESS

http://cv.jenkins.couchbase.com/job/kv_engine-clang_format_9/10905/ : SUCCESS

http://cv.jenkins.couchbase.com/job/kv_engine.libFuzzer/job/master/1756/ : SUCCESS

http://cv.jenkins.couchbase.com/job/kv_engine.linux/job/master/13965/ : SUCCESS

http://cv.jenkins.couchbase.com/job/kv_engine.macos/job/master/12872/ : SUCCESS

http://cv.jenkins.couchbase.com/job/kv_engine.linux-CE/job/master/13725/ : SUCCESS

http://cv.jenkins.couchbase.com/job/kv_engine.aarch64-linux/job/master/1775/ : SUCCESS

http://cv.jenkins.couchbase.com/job/kv_engine.threadsanitizer/job/master/14450/ : SUCCESS

http://cv.jenkins.couchbase.com/job/kv_engine-windows-master/39603/ : SUCCESS
----------------------------------------------------------------------------------------------------------------------
Author: Build Bot
Date: 2021-09-09 14:37:18.000000000
Message: 
Patch Set 6:

Build Failed 

http://cv.jenkins.couchbase.com/job/kv_engine.ASan-UBSan/job/master/21988/ : FAILURE

http://cv.jenkins.couchbase.com/job/kv_engine-clang_analyzer-master/33696/ : SUCCESS

http://cv.jenkins.couchbase.com/job/kv_engine-clang_tidy-master/12114/ : SUCCESS

http://cv.jenkins.couchbase.com/job/kv_engine-clang_format_9/10905/ : SUCCESS

http://cv.jenkins.couchbase.com/job/kv_engine.libFuzzer/job/master/1756/ : SUCCESS

http://cv.jenkins.couchbase.com/job/kv_engine.linux/job/master/13965/ : SUCCESS

http://cv.jenkins.couchbase.com/job/kv_engine.macos/job/master/12872/ : SUCCESS

http://cv.jenkins.couchbase.com/job/kv_engine.linux-CE/job/master/13725/ : SUCCESS

http://cv.jenkins.couchbase.com/job/kv_engine.aarch64-linux/job/master/1775/ : SUCCESS

http://cv.jenkins.couchbase.com/job/kv_engine.threadsanitizer/job/master/14450/ : SUCCESS

http://cv.jenkins.couchbase.com/job/kv_engine-windows-master/39603/ : SUCCESS
----------------------------------------------------------------------------------------------------------------------
