======================================================================================================================
DESCRIPTION:

MB-55536 Expose history eviction stats

Change-Id: I1500d9ebb9ad37babfaa4ba55e88d709fed0f176

======================================================================================================================
COMMENTS
======================================================================================================================
Author: Rohan Suri
Date: 2023-02-24 17:08:44.000000000
Message: 
Uploaded patch set 6.
----------------------------------------------------------------------------------------------------------------------
Author: Restriction Checker
Date: 2023-02-24 17:08:58.000000000
Message: 
Patch Set 6: Well-Formed+1

Permission granted to commit: 

https://server.jenkins.couchbase.com/job/restricted-branch-check/340060/artifact/restricted.html : SUCCESS
----------------------------------------------------------------------------------------------------------------------
Author: Ben Huddleston
Date: 2023-02-24 17:30:21.000000000
Message: 
Patch Set 6: Code-Review+2
----------------------------------------------------------------------------------------------------------------------
Author: Build Bot
Date: 2023-02-24 18:14:05.000000000
Message: 
Patch Set 6: Verified-1

Build Failed 

https://cv.jenkins.couchbase.com/job/kv_engine-windows-neo/1547/ : FAILURE

Failure of an engine_testapp test:

<pre>
Running [34/160]: test access scanner settings...(87 ms) OK


99% tests passed, 3 tests failed out of 434

Total Test time (real) = 730.06 sec

The following tests FAIL
</pre>
 ( https://cv.jenkins.couchbase.com/job/kv_engine-windows-neo/1547/ )

Timeout of a CTest test 432/434 Test #306: ep_testsuite_dcp.full_eviction.magma ..........................................................................................} ( https://cv.jenkins.couchbase.com/job/kv_engine-windows-neo/1547/ )

https://cv.jenkins.couchbase.com/job/kv_engine-clang_tidy-neo/1276/ : SUCCESS

https://cv.jenkins.couchbase.com/job/kv_engine-clang_analyzer-neo/1230/ : SUCCESS

https://cv.jenkins.couchbase.com/job/kv_engine-clang_format_9/22980/ : SUCCESS

https://cv.jenkins.couchbase.com/job/kv_engine.linux-CE/job/neo/1308/ : SUCCESS

https://cv.jenkins.couchbase.com/job/kv_engine.threadsanitizer/job/neo/1303/ : SUCCESS

https://cv.jenkins.couchbase.com/job/kv_engine.ASan-UBSan/job/neo/1304/ : SUCCESS

https://cv.jenkins.couchbase.com/job/kv_engine.linux/job/neo/1299/ : SUCCESS

https://cv.jenkins.couchbase.com/job/kv_engine.libFuzzer/job/neo/1268/ : SUCCESS

https://cv.jenkins.couchbase.com/job/kv_engine.aarch64-linux/job/neo/1312/ : SUCCESS

https://cv.jenkins.couchbase.com/job/kv_engine.macos/job/neo/1650/ : SUCCESS
----------------------------------------------------------------------------------------------------------------------
Author: Build Bot
Date: 2023-02-24 21:09:08.000000000
Message: 
Patch Set 6:

Build Failed 

https://cv.jenkins.couchbase.com/job/kv_engine-windows-neo/1548/ : FAILURE

Failure of an engine_testapp test:

<pre>
Running [26/47]: test locked gat...(92 ms) OK


99% tests passed, 1 tests failed out of 434

Total Test time (real) = 342.69 sec

The following tests FAIL
</pre>
 ( https://cv.jenkins.couchbase.com/job/kv_engine-windows-neo/1548/ )

Timeout of a CTest test 434/434 Test #293: ep_testsuite_basic.full_eviction.comp_passive .................................................................................} ( https://cv.jenkins.couchbase.com/job/kv_engine-windows-neo/1548/ )

https://cv.jenkins.couchbase.com/job/kv_engine-clang_tidy-neo/1276/ : SUCCESS

https://cv.jenkins.couchbase.com/job/kv_engine-clang_analyzer-neo/1230/ : SUCCESS

https://cv.jenkins.couchbase.com/job/kv_engine-clang_format_9/22980/ : SUCCESS

https://cv.jenkins.couchbase.com/job/kv_engine.linux-CE/job/neo/1308/ : SUCCESS

https://cv.jenkins.couchbase.com/job/kv_engine.threadsanitizer/job/neo/1303/ : SUCCESS

https://cv.jenkins.couchbase.com/job/kv_engine.ASan-UBSan/job/neo/1304/ : SUCCESS

https://cv.jenkins.couchbase.com/job/kv_engine.linux/job/neo/1299/ : SUCCESS

https://cv.jenkins.couchbase.com/job/kv_engine.libFuzzer/job/neo/1268/ : SUCCESS

https://cv.jenkins.couchbase.com/job/kv_engine.aarch64-linux/job/neo/1312/ : SUCCESS

https://cv.jenkins.couchbase.com/job/kv_engine.macos/job/neo/1650/ : SUCCESS
----------------------------------------------------------------------------------------------------------------------
Author: Build Bot
Date: 2023-02-25 09:57:35.000000000
Message: 
Patch Set 6:

Build Failed 

https://cv.jenkins.couchbase.com/job/kv_engine-windows-neo/1549/ : FAILURE

Failure of an engine_testapp test:

<pre>
Running [22/160]: test observe seqno failover...WARNING: Logging before InitGoogleLogging() is written to STDERR
W0225 01:50:10.607908 93716 HazptrDomain.h:670] Using the default inline executor for asynchronous reclamation may be susceptible to deadlock if the current thread happens to hold a resource needed by the deleter of a reclaimable object


99% tests passed, 2 tests failed out of 434

Total Test time (real) = 684.09 sec

The following tests FAIL
</pre>
 ( https://cv.jenkins.couchbase.com/job/kv_engine-windows-neo/1549/ )

Timeout of a CTest test 433/434 Test  #76: ep-engine_ep_unit_tests.ExecutorPoolTest/class FollyExecutorPool ..............................................................} ( https://cv.jenkins.couchbase.com/job/kv_engine-windows-neo/1549/ )

https://cv.jenkins.couchbase.com/job/kv_engine-clang_tidy-neo/1276/ : SUCCESS

https://cv.jenkins.couchbase.com/job/kv_engine-clang_analyzer-neo/1230/ : SUCCESS

https://cv.jenkins.couchbase.com/job/kv_engine-clang_format_9/22980/ : SUCCESS

https://cv.jenkins.couchbase.com/job/kv_engine.linux-CE/job/neo/1308/ : SUCCESS

https://cv.jenkins.couchbase.com/job/kv_engine.threadsanitizer/job/neo/1303/ : SUCCESS

https://cv.jenkins.couchbase.com/job/kv_engine.ASan-UBSan/job/neo/1304/ : SUCCESS

https://cv.jenkins.couchbase.com/job/kv_engine.linux/job/neo/1299/ : SUCCESS

https://cv.jenkins.couchbase.com/job/kv_engine.libFuzzer/job/neo/1268/ : SUCCESS

https://cv.jenkins.couchbase.com/job/kv_engine.aarch64-linux/job/neo/1312/ : SUCCESS

https://cv.jenkins.couchbase.com/job/kv_engine.macos/job/neo/1650/ : SUCCESS
----------------------------------------------------------------------------------------------------------------------
Author: Build Bot
Date: 2023-02-25 19:12:44.000000000
Message: 
Patch Set 6:

Build Failed 

https://cv.jenkins.couchbase.com/job/kv_engine-windows-neo/1550/ : FAILURE

Failure of an engine_testapp test:

<pre>
Running [71/160]: test shutdown without force...(375 ms) OK


99% tests passed, 1 tests failed out of 434

Total Test time (real) = 692.33 sec

The following tests FAIL
</pre>
 ( https://cv.jenkins.couchbase.com/job/kv_engine-windows-neo/1550/ )

Timeout of a CTest test 434/434 Test #289: ep_testsuite.value_eviction.magma .............................................................................................} ( https://cv.jenkins.couchbase.com/job/kv_engine-windows-neo/1550/ )

https://cv.jenkins.couchbase.com/job/kv_engine-clang_tidy-neo/1276/ : SUCCESS

https://cv.jenkins.couchbase.com/job/kv_engine-clang_analyzer-neo/1230/ : SUCCESS

https://cv.jenkins.couchbase.com/job/kv_engine-clang_format_9/22980/ : SUCCESS

https://cv.jenkins.couchbase.com/job/kv_engine.linux-CE/job/neo/1308/ : SUCCESS

https://cv.jenkins.couchbase.com/job/kv_engine.threadsanitizer/job/neo/1303/ : SUCCESS

https://cv.jenkins.couchbase.com/job/kv_engine.ASan-UBSan/job/neo/1304/ : SUCCESS

https://cv.jenkins.couchbase.com/job/kv_engine.linux/job/neo/1299/ : SUCCESS

https://cv.jenkins.couchbase.com/job/kv_engine.libFuzzer/job/neo/1268/ : SUCCESS

https://cv.jenkins.couchbase.com/job/kv_engine.aarch64-linux/job/neo/1312/ : SUCCESS

https://cv.jenkins.couchbase.com/job/kv_engine.macos/job/neo/1650/ : SUCCESS
----------------------------------------------------------------------------------------------------------------------
Author: Build Bot
Date: 2023-02-26 08:31:41.000000000
Message: 
Patch Set 6:

Build Failed 

https://cv.jenkins.couchbase.com/job/kv_engine-windows-neo/1551/ : FAILURE

Failure of an engine_testapp test:

<pre>
Running [116/160]: mb-3466...(61 ms) OK


99% tests passed, 2 tests failed out of 434

Total Test time (real) = 681.96 sec

The following tests FAIL
</pre>
 ( https://cv.jenkins.couchbase.com/job/kv_engine-windows-neo/1551/ )

Timeout of a CTest test 433/434 Test #285: ep_testsuite.full_eviction.comp_passive .......................................................................................} ( https://cv.jenkins.couchbase.com/job/kv_engine-windows-neo/1551/ )

https://cv.jenkins.couchbase.com/job/kv_engine-clang_tidy-neo/1276/ : SUCCESS

https://cv.jenkins.couchbase.com/job/kv_engine-clang_analyzer-neo/1230/ : SUCCESS

https://cv.jenkins.couchbase.com/job/kv_engine-clang_format_9/22980/ : SUCCESS

https://cv.jenkins.couchbase.com/job/kv_engine.linux-CE/job/neo/1308/ : SUCCESS

https://cv.jenkins.couchbase.com/job/kv_engine.threadsanitizer/job/neo/1303/ : SUCCESS

https://cv.jenkins.couchbase.com/job/kv_engine.ASan-UBSan/job/neo/1304/ : SUCCESS

https://cv.jenkins.couchbase.com/job/kv_engine.linux/job/neo/1299/ : SUCCESS

https://cv.jenkins.couchbase.com/job/kv_engine.libFuzzer/job/neo/1268/ : SUCCESS

https://cv.jenkins.couchbase.com/job/kv_engine.aarch64-linux/job/neo/1312/ : SUCCESS

https://cv.jenkins.couchbase.com/job/kv_engine.macos/job/neo/1650/ : SUCCESS
----------------------------------------------------------------------------------------------------------------------
Author: Build Bot
Date: 2023-02-26 17:13:12.000000000
Message: 
Patch Set 6:

Build Failed 

https://cv.jenkins.couchbase.com/job/kv_engine-windows-neo/1552/ : FAILURE

Failure of an engine_testapp test:

<pre>
Running [29/93]: test dcp consumer hotness data...E0226 09:09:14.581230 60568 NotificationQueue.h:555] [NotificationQueue] Unexpected state while draining signals: signal_=1 bytes_read=0
(42 ms) OK


99% tests passed, 1 tests failed out of 434

Total Test time (real) = 351.88 sec

The following tests FAIL
</pre>
 ( https://cv.jenkins.couchbase.com/job/kv_engine-windows-neo/1552/ )

Timeout of a CTest test 434/434 Test #302: ep_testsuite_dcp.full_eviction.comp_active ....................................................................................} ( https://cv.jenkins.couchbase.com/job/kv_engine-windows-neo/1552/ )

https://cv.jenkins.couchbase.com/job/kv_engine-clang_tidy-neo/1276/ : SUCCESS

https://cv.jenkins.couchbase.com/job/kv_engine-clang_analyzer-neo/1230/ : SUCCESS

https://cv.jenkins.couchbase.com/job/kv_engine-clang_format_9/22980/ : SUCCESS

https://cv.jenkins.couchbase.com/job/kv_engine.linux-CE/job/neo/1308/ : SUCCESS

https://cv.jenkins.couchbase.com/job/kv_engine.threadsanitizer/job/neo/1303/ : SUCCESS

https://cv.jenkins.couchbase.com/job/kv_engine.ASan-UBSan/job/neo/1304/ : SUCCESS

https://cv.jenkins.couchbase.com/job/kv_engine.linux/job/neo/1299/ : SUCCESS

https://cv.jenkins.couchbase.com/job/kv_engine.libFuzzer/job/neo/1268/ : SUCCESS

https://cv.jenkins.couchbase.com/job/kv_engine.aarch64-linux/job/neo/1312/ : SUCCESS

https://cv.jenkins.couchbase.com/job/kv_engine.macos/job/neo/1650/ : SUCCESS
----------------------------------------------------------------------------------------------------------------------
Author: Rohan Suri
Date: 2023-02-27 04:51:28.000000000
Message: 
Patch Set 6:

(1 comment)
File Comment: /PATCHSET_LEVEL -> @Ben The windows build has been unstable. Past 5 runs have failed. Could I override it? 
----------------------------------------------------------------------------------------------------------------------
Author: Build Bot
Date: 2023-02-27 05:13:06.000000000
Message: 
Patch Set 6:

Build Failed 

https://cv.jenkins.couchbase.com/job/kv_engine-windows-neo/1553/ : FAILURE

Failure of an engine_testapp test:

<pre>
Running [23/160]: test observe seqno error...(78 ms) OK


99% tests passed, 1 tests failed out of 434

Total Test time (real) = 693.17 sec

The following tests FAIL
</pre>
 ( https://cv.jenkins.couchbase.com/job/kv_engine-windows-neo/1553/ )

Timeout of a CTest test 434/434 Test #289: ep_testsuite.value_eviction.magma .............................................................................................} ( https://cv.jenkins.couchbase.com/job/kv_engine-windows-neo/1553/ )

https://cv.jenkins.couchbase.com/job/kv_engine-clang_tidy-neo/1276/ : SUCCESS

https://cv.jenkins.couchbase.com/job/kv_engine-clang_analyzer-neo/1230/ : SUCCESS

https://cv.jenkins.couchbase.com/job/kv_engine-clang_format_9/22980/ : SUCCESS

https://cv.jenkins.couchbase.com/job/kv_engine.linux-CE/job/neo/1308/ : SUCCESS

https://cv.jenkins.couchbase.com/job/kv_engine.threadsanitizer/job/neo/1303/ : SUCCESS

https://cv.jenkins.couchbase.com/job/kv_engine.ASan-UBSan/job/neo/1304/ : SUCCESS

https://cv.jenkins.couchbase.com/job/kv_engine.linux/job/neo/1299/ : SUCCESS

https://cv.jenkins.couchbase.com/job/kv_engine.libFuzzer/job/neo/1268/ : SUCCESS

https://cv.jenkins.couchbase.com/job/kv_engine.aarch64-linux/job/neo/1312/ : SUCCESS

https://cv.jenkins.couchbase.com/job/kv_engine.macos/job/neo/1650/ : SUCCESS
----------------------------------------------------------------------------------------------------------------------
Author: Build Bot
Date: 2023-02-27 10:01:37.000000000
Message: 
Patch Set 6:

Build Failed 

https://cv.jenkins.couchbase.com/job/kv_engine-windows-neo/1557/ : FAILURE

Failure of GoogleTest "Persistent/DurabilityPassiveStreamPersistentTest.BufferDcpCommit/persistent_couchstore_value_only":

<pre>
[ RUN      ] Persistent/DurabilityPassiveStreamPersistentTest.BufferDcpCommit/persistent_couchstore_value_only
unknown file: error: C++ exception with description "KVStoreFactory ctor: Specified dbname "ep_engine_ep_unit_tests.db/test.867803" is not a directory" thrown in SetUp().
unknown file: error: SEH exception with code 0xc0000005 thrown in TearDown().
[  FAILED  ] Persistent/DurabilityPassiveStreamPersistentTest.BufferDcpCommit/persistent_couchstore_value_only, where GetParam() = "bucket_type=persistent:backend=couchstore:item_eviction_policy=value_only" (4 ms)
Persistent/DurabilityPassiveStreamPersistentTest.BufferDcpCommit/persistent_couchstore_value_only
</pre>
 ( https://cv.jenkins.couchbase.com/job/kv_engine-windows-neo/1557/ )

https://cv.jenkins.couchbase.com/job/kv_engine-clang_tidy-neo/1276/ : SUCCESS

https://cv.jenkins.couchbase.com/job/kv_engine-clang_analyzer-neo/1230/ : SUCCESS

https://cv.jenkins.couchbase.com/job/kv_engine-clang_format_9/22980/ : SUCCESS

https://cv.jenkins.couchbase.com/job/kv_engine.linux-CE/job/neo/1308/ : SUCCESS

https://cv.jenkins.couchbase.com/job/kv_engine.threadsanitizer/job/neo/1303/ : SUCCESS

https://cv.jenkins.couchbase.com/job/kv_engine.ASan-UBSan/job/neo/1304/ : SUCCESS

https://cv.jenkins.couchbase.com/job/kv_engine.linux/job/neo/1299/ : SUCCESS

https://cv.jenkins.couchbase.com/job/kv_engine.libFuzzer/job/neo/1268/ : SUCCESS

https://cv.jenkins.couchbase.com/job/kv_engine.aarch64-linux/job/neo/1312/ : SUCCESS

https://cv.jenkins.couchbase.com/job/kv_engine.macos/job/neo/1650/ : SUCCESS
----------------------------------------------------------------------------------------------------------------------
Author: Ben Huddleston
Date: 2023-02-27 10:09:23.000000000
Message: 
Patch Set 6:

(1 comment)
File Comment: /PATCHSET_LEVEL -> 5 in a row is normally pretty suspicious, but the one I just ran passed all of those tests that fail and failed in something single threaded that happens fairly often in our windows tests.

I think you're fine to override.
----------------------------------------------------------------------------------------------------------------------
Author: Rohan Suri
Date: 2023-02-27 10:13:43.000000000
Message: 
Patch Set 6: Verified+1
----------------------------------------------------------------------------------------------------------------------
Author: Rohan Suri
Date: 2023-02-27 10:13:47.000000000
Message: 
Removed Verified-1 by <GERRIT_ACCOUNT_1000011>

----------------------------------------------------------------------------------------------------------------------
