======================================================================================================================
DESCRIPTION:

Remove checkpoint re-use optimization in CheckpointManager

Removed the ability of the CheckpointManager to re-use empty
checkpoint. Which could occur when a replica vbucket received a
snapshot and the current open checkpoint had no items in it. This
could occur after a CheckpointManager had been created but nothing
had been added to the checkpoint, or a old active flipped to being
a replica but it's open checkpoint didn't have any non meta items
in it.

This will help us to make more of the checkpoint immutable
in the future patches. This will help us to better reason about the
state of a checkpoint and what are valid transitions for snapshot
ranges.

Due to us now sometimes creating empty checkpoints in
some unit test, this patch also make amendments to multiple tests.

Change-Id: Ieebe09e4e17761f5a15ec3e524a419941eab7cd2

======================================================================================================================
COMMENTS
======================================================================================================================
Author: Richard de Mellow
Date: 2022-04-04 16:25:40.000000000
Message: 
Uploaded patch set 8.
----------------------------------------------------------------------------------------------------------------------
Author: Build Bot
Date: 2022-04-04 17:07:40.000000000
Message: 
Patch Set 8: Verified-1

Build Failed 

http://cv.jenkins.couchbase.com/job/kv_engine-windows-master/44935/ : FAILURE

Failure of an engine_testapp test:

<pre>
Running [117/159]: control data traffic...(76 ms) OK


99% tests passed, 1 tests failed out of 433

Total Test time (real) = 687.86 sec

The following tests FAIL
</pre>
 ( http://cv.jenkins.couchbase.com/job/kv_engine-windows-master/44935/ )

Timeout of a CTest test 433/433 Test #286: ep_testsuite.ephemeral.comp_passive ...........................................................................................} ( http://cv.jenkins.couchbase.com/job/kv_engine-windows-master/44935/ )

http://cv.jenkins.couchbase.com/job/kv_engine-clang_analyzer-master/37762/ : SUCCESS

http://cv.jenkins.couchbase.com/job/kv_engine-clang_tidy-master/16359/ : SUCCESS

http://cv.jenkins.couchbase.com/job/kv_engine-clang_format_9/15295/ : SUCCESS

http://cv.jenkins.couchbase.com/job/kv_engine.macos/job/master/17223/ : SUCCESS

http://cv.jenkins.couchbase.com/job/kv_engine.aarch64-linux/job/master/6073/ : SUCCESS

http://cv.jenkins.couchbase.com/job/kv_engine.libFuzzer/job/master/6013/ : SUCCESS

http://cv.jenkins.couchbase.com/job/kv_engine.linux-CE/job/master/18130/ : SUCCESS

http://cv.jenkins.couchbase.com/job/kv_engine.threadsanitizer/job/master/19162/ : SUCCESS

http://cv.jenkins.couchbase.com/job/kv_engine.linux/job/master/18460/ : SUCCESS

http://cv.jenkins.couchbase.com/job/kv_engine.ASan-UBSan/job/master/26540/ : SUCCESS
----------------------------------------------------------------------------------------------------------------------
Author: Build Bot
Date: 2022-04-04 18:45:47.000000000
Message: 
Patch Set 8:

Build Failed 

http://cv.jenkins.couchbase.com/job/kv_engine-windows-master/44939/ : FAILURE

Failure of an engine_testapp test:

<pre>
Running [52/159]: seqno stats...(21 ms) OK


99% tests passed, 1 tests failed out of 433

Total Test time (real) = 682.74 sec

The following tests FAIL
</pre>
 ( http://cv.jenkins.couchbase.com/job/kv_engine-windows-master/44939/ )

Timeout of a CTest test 433/433 Test #286: ep_testsuite.ephemeral.comp_passive ...........................................................................................} ( http://cv.jenkins.couchbase.com/job/kv_engine-windows-master/44939/ )

http://cv.jenkins.couchbase.com/job/kv_engine-clang_analyzer-master/37762/ : SUCCESS

http://cv.jenkins.couchbase.com/job/kv_engine-clang_tidy-master/16359/ : SUCCESS

http://cv.jenkins.couchbase.com/job/kv_engine-clang_format_9/15295/ : SUCCESS

http://cv.jenkins.couchbase.com/job/kv_engine.macos/job/master/17223/ : SUCCESS

http://cv.jenkins.couchbase.com/job/kv_engine.aarch64-linux/job/master/6073/ : SUCCESS

http://cv.jenkins.couchbase.com/job/kv_engine.libFuzzer/job/master/6013/ : SUCCESS

http://cv.jenkins.couchbase.com/job/kv_engine.linux-CE/job/master/18130/ : SUCCESS

http://cv.jenkins.couchbase.com/job/kv_engine.threadsanitizer/job/master/19162/ : SUCCESS

http://cv.jenkins.couchbase.com/job/kv_engine.linux/job/master/18460/ : SUCCESS

http://cv.jenkins.couchbase.com/job/kv_engine.ASan-UBSan/job/master/26540/ : SUCCESS
----------------------------------------------------------------------------------------------------------------------
Author: Build Bot
Date: 2022-04-05 08:38:20.000000000
Message: 
Patch Set 8:

Build Failed 

http://cv.jenkins.couchbase.com/job/kv_engine-windows-master/44941/ : FAILURE

Failure of an engine_testapp test:

<pre>
Running [28/47]: test mb5215...W0405 01:36:51.667165 62156 HazptrDomain.h:670] Using the default inline executor for asynchronous reclamation may be susceptible to deadlock if the current thread happens to hold a resource needed by the deleter of a reclaimable object


99% tests passed, 1 tests failed out of 433

Total Test time (real) = 348.99 sec

The following tests FAIL
</pre>
 ( http://cv.jenkins.couchbase.com/job/kv_engine-windows-master/44941/ )

Timeout of a CTest test 433/433 Test #291: ep_testsuite_basic.value_eviction.comp_active .................................................................................} ( http://cv.jenkins.couchbase.com/job/kv_engine-windows-master/44941/ )

http://cv.jenkins.couchbase.com/job/kv_engine-clang_analyzer-master/37762/ : SUCCESS

http://cv.jenkins.couchbase.com/job/kv_engine-clang_tidy-master/16359/ : SUCCESS

http://cv.jenkins.couchbase.com/job/kv_engine-clang_format_9/15295/ : SUCCESS

http://cv.jenkins.couchbase.com/job/kv_engine.macos/job/master/17223/ : SUCCESS

http://cv.jenkins.couchbase.com/job/kv_engine.aarch64-linux/job/master/6073/ : SUCCESS

http://cv.jenkins.couchbase.com/job/kv_engine.libFuzzer/job/master/6013/ : SUCCESS

http://cv.jenkins.couchbase.com/job/kv_engine.linux-CE/job/master/18130/ : SUCCESS

http://cv.jenkins.couchbase.com/job/kv_engine.threadsanitizer/job/master/19162/ : SUCCESS

http://cv.jenkins.couchbase.com/job/kv_engine.linux/job/master/18460/ : SUCCESS

http://cv.jenkins.couchbase.com/job/kv_engine.ASan-UBSan/job/master/26540/ : SUCCESS
----------------------------------------------------------------------------------------------------------------------
Author: Build Bot
Date: 2022-04-05 08:58:05.000000000
Message: 
Patch Set 8: Verified+1

Build Successful 

http://cv.jenkins.couchbase.com/job/kv_engine-clang_analyzer-master/37762/ : SUCCESS

http://cv.jenkins.couchbase.com/job/kv_engine-clang_tidy-master/16359/ : SUCCESS

http://cv.jenkins.couchbase.com/job/kv_engine-clang_format_9/15295/ : SUCCESS

http://cv.jenkins.couchbase.com/job/kv_engine.macos/job/master/17223/ : SUCCESS

http://cv.jenkins.couchbase.com/job/kv_engine.aarch64-linux/job/master/6073/ : SUCCESS

http://cv.jenkins.couchbase.com/job/kv_engine.libFuzzer/job/master/6013/ : SUCCESS

http://cv.jenkins.couchbase.com/job/kv_engine.linux-CE/job/master/18130/ : SUCCESS

http://cv.jenkins.couchbase.com/job/kv_engine.threadsanitizer/job/master/19162/ : SUCCESS

http://cv.jenkins.couchbase.com/job/kv_engine.linux/job/master/18460/ : SUCCESS

http://cv.jenkins.couchbase.com/job/kv_engine.ASan-UBSan/job/master/26540/ : SUCCESS

http://cv.jenkins.couchbase.com/job/kv_engine-windows-master/44944/ : SUCCESS
----------------------------------------------------------------------------------------------------------------------
