======================================================================================================================
DESCRIPTION:

MB-31869: Remove DcpConnMap::connsLock

Before introducing ConnStore (MB-33739) ConnMap::connsLock was guarding
the access to the old cookie-to-conn map (replaced by ConnStore) and
ConnMap::deadConnection.
Since MB-33739 ConnStore owns the new cookie-to-conn map and handles the
safe concurrent access to it, so ConnMap::connsLock is necessary to
guard only deadConnections.

This patch removes connsLock by:
 - making deadConnections folly::Synchronized<>
 - removing some legacy usage of connsLock that are guarding the access
to ConnStore, which is unnecessary for what I have described above

Change-Id: I005bd8c8f077a0b5af8f56a0af1b3feda3f6ea32

======================================================================================================================
COMMENTS
======================================================================================================================
Author: Paolo Cocchi
Date: 2020-09-10 06:16:26.000000000
Message: 
Uploaded patch set 2.
----------------------------------------------------------------------------------------------------------------------
Author: Build Bot
Date: 2020-09-10 08:25:17.000000000
Message: 
Patch Set 2: Verified-1

Build Failed 

http://cv.jenkins.couchbase.com/job/kv_engine-windows-master/30248/ : FAILURE

Link error: fatal error LNK1168: cannot open phosphor\phosphor.dll for writing ( http://cv.jenkins.couchbase.com/job/kv_engine-windows-master/30248/ )

http://cv.jenkins.couchbase.com/job/kv_engine.linux/job/master/5705/ : FAILURE

Timeout of a CTest test [2020-09-10T06:26:02.614Z] 244/407 Test  #60: ep-engine_ep_unit_tests.DcpConnMapTest ......................................................................} ( http://cv.jenkins.couchbase.com/job/kv_engine.linux/job/master/5705/ )

Failure of a CTest test [2020-09-10T06:42:40.250Z] 396/407 Test #254: ep_testsuite_dcp.value_eviction.comp_passive ................................................................ ( http://cv.jenkins.couchbase.com/job/kv_engine.linux/job/master/5705/ )

http://cv.jenkins.couchbase.com/job/kv_engine.ASan-UBSan/job/master/13531/ : FAILURE

No problems were identified. If you know why this problem occurred, please add a suitable Cause for it. ( http://cv.jenkins.couchbase.com/job/kv_engine.ASan-UBSan/job/master/13531/ )

http://cv.jenkins.couchbase.com/job/kv_engine.linux-CE/job/master/5614/ : FAILURE

Timeout of a CTest test [2020-09-10T06:41:30.611Z]  12/394 Test #163: ep-engine_ep_unit_tests.PersistentAndEphemeral/ConnectionTest ...............................................} ( http://cv.jenkins.couchbase.com/job/kv_engine.linux-CE/job/master/5614/ )

Failure of a CTest test [2020-09-10T06:56:52.474Z]  13/394 Test #247: ep_testsuite_dcp.value_eviction.comp_passive ................................................................ ( http://cv.jenkins.couchbase.com/job/kv_engine.linux-CE/job/master/5614/ )

http://cv.jenkins.couchbase.com/job/kv_engine.macos/job/master/4724/ : FAILURE

Failure of an engine_testapp test:

<pre>
Running [0005/0017]: DCP latency (Padded JSON)...
[2020-09-10T07:30:29.047Z] 
[2020-09-10T07:30:29.047Z] === DCP In-memory (JSON-PADDED) [As_is vs. Compress] KB Rcvd. - 50 items (KB)=========Size====================================================================================
[2020-09-10T07:30:29.047Z] 
[2020-09-10T07:30:29.047Z]                                 Percentile           
[2020-09-10T07:30:29.047Z]                          Median     95th     99th  Std Dev  Histogram of samples
[2020-09-10T07:30:29.047Z] 
[2020-09-10T07:30:29.047Z] As_is                     0.325    0.545    0.565    0.146  ????????????????????????????????
[2020-09-10T07:30:29.047Z] Compress                  0.073    0.083    0.083    0.007  ????????????????????????????????
[2020-09-10T07:30:29.047Z]                                                             0              KB              0
[2020-09-10T07:30:29.047Z] 
[2020-09-10T07:30:29.047Z] ========================================================================================= DCP In-memory (JSON-PADDED) [As_is vs. Compress] Latency - 50 items(�s)============Latency=================================================================================
[2020-09-10T07:30:29.047Z] 
[2020-09-10T07:30:29.047Z]                                 Percentile           
[2020-09-10T07:30:29.047Z]                          Median     95th     99th  Std Dev  Histogram of samples
[2020-09-10T07:30:29.047Z] 
[2020-09-10T07:30:29.047Z] As_is                   117.172  593.181  663.317  167.331  ????????????????????????????????
[2020-09-10T07:30:29.047Z] Compress                117.586  164.943  189.150   30.424  ????????????????????????????????
[2020-09-10T07:30:29.047Z]                                                             46             �s            593
[2020-09-10T07:30:29.047Z] 
[2020-09-10T07:30:29.047Z] 
[2020-09-10T07:30:29.047Z] 
[2020-09-10T07:30:29.047Z] 
[2020-09-10T07:30:29.047Z] 
[2020-09-10T07:30:29.047Z] 95% tests passed, 22 tests failed out of 404
[2020-09-10T07:30:29.047Z] 
[2020-09-10T07:30:29.047Z] Total Test time (real) = 4073.00 sec
[2020-09-10T07:30:29.047Z] 
[2020-09-10T07:30:29.047Z] The following tests FAIL
</pre>
 ( http://cv.jenkins.couchbase.com/job/kv_engine.macos/job/master/4724/ )

Timeout of a CTest test [2020-09-10T06:42:36.204Z]   3/404 Test #253: ep_testsuite_dcp.full_eviction.comp_passive .................................................................} ( http://cv.jenkins.couchbase.com/job/kv_engine.macos/job/master/4724/ )

http://cv.jenkins.couchbase.com/job/kv_engine.threadsanitizer/job/master/5836/ : FAILURE

http://cv.jenkins.couchbase.com/job/kv_engine-clang_format_9/2909/ : SUCCESS

http://cv.jenkins.couchbase.com/job/kv_engine-clang_tidy/4384/ : SUCCESS

http://cv.jenkins.couchbase.com/job/kv_engine-clang_analyzer-master/26184/ : SUCCESS
----------------------------------------------------------------------------------------------------------------------
