======================================================================================================================
DESCRIPTION:

MB-31869: Remove DcpConnMap::connsLock

Change-Id: I005bd8c8f077a0b5af8f56a0af1b3feda3f6ea32

======================================================================================================================
COMMENTS
======================================================================================================================
Author: Paolo Cocchi
Date: 2020-09-09 15:19:57.000000000
Message: 
Uploaded patch set 1.
----------------------------------------------------------------------------------------------------------------------
Author: Build Bot
Date: 2020-09-09 17:47:56.000000000
Message: 
Patch Set 1: Verified-1

Build Failed 

http://cv.jenkins.couchbase.com/job/kv_engine-windows-master/30230/ : FAILURE

Compile error at c:\jenkins\workspace\kv_engine-windows-master\kv_engine\engines\ep\src\stats.h(23): fatal error C1083: Cannot open include file: "folly/CachelinePadded.h": No such file or directory ( http://cv.jenkins.couchbase.com/job/kv_engine-windows-master/30230/ )

http://cv.jenkins.couchbase.com/job/kv_engine.linux-CE/job/master/5597/ : FAILURE

Failure of an engine_testapp test:

<pre>
Running [0005/0017]: DCP latency (Padded JSON)...
[2020-09-09T16:09:54.336Z] 
[2020-09-09T16:09:54.336Z] === DCP In-memory (JSON-PADDED) [As_is vs. Compress] KB Rcvd. - 50 items (KB)=========Size====================================================================================
[2020-09-09T16:09:54.336Z] 
[2020-09-09T16:09:54.336Z]                                 Percentile           
[2020-09-09T16:09:54.336Z]                          Median     95th     99th  Std Dev  Histogram of samples
[2020-09-09T16:09:54.336Z] 
[2020-09-09T16:09:54.336Z] As_is                     0.325    0.545    0.565    0.146  ????????????????????????????????
[2020-09-09T16:09:54.336Z] Compress                  0.073    0.083    0.083    0.007  ????????????????????????????????
[2020-09-09T16:09:54.336Z]                                                             0              KB              0
[2020-09-09T16:09:54.336Z] 
[2020-09-09T16:09:54.336Z] ========================================================================================= DCP In-memory (JSON-PADDED) [As_is vs. Compress] Latency - 50 items(�s)============Latency=================================================================================
[2020-09-09T16:09:54.336Z] 
[2020-09-09T16:09:54.336Z]                                 Percentile           
[2020-09-09T16:09:54.336Z]                          Median     95th     99th  Std Dev  Histogram of samples
[2020-09-09T16:09:54.336Z] 
[2020-09-09T16:09:54.336Z] As_is           (x1e3)    1.148    1.259    1.266    0.054  ????????????????????????????????
[2020-09-09T16:09:54.336Z] Compress                254.539  331.172  344.289   50.265  ????????????????????????????????
[2020-09-09T16:09:54.336Z]                                                             167            �s           1258
[2020-09-09T16:09:54.336Z] 
[2020-09-09T16:09:54.336Z] 
[2020-09-09T16:09:54.336Z] 
[2020-09-09T16:09:54.336Z] 
[2020-09-09T16:09:54.336Z] 
[2020-09-09T16:09:54.336Z] 95% tests passed, 20 tests failed out of 394
[2020-09-09T16:09:54.336Z] 
[2020-09-09T16:09:54.336Z] Total Test time (real) = 1563.07 sec
[2020-09-09T16:09:54.336Z] 
[2020-09-09T16:09:54.336Z] The following tests FAIL
</pre>
 ( http://cv.jenkins.couchbase.com/job/kv_engine.linux-CE/job/master/5597/ )

Timeout of a CTest test [2020-09-09T15:49:43.489Z] 177/394 Test #163: ep-engine_ep_unit_tests.PersistentAndEphemeral/ConnectionTest ...............................................} ( http://cv.jenkins.couchbase.com/job/kv_engine.linux-CE/job/master/5597/ )

Failure of a CTest test [2020-09-09T16:03:47.806Z] 385/394 Test #247: ep_testsuite_dcp.value_eviction.comp_passive ................................................................ ( http://cv.jenkins.couchbase.com/job/kv_engine.linux-CE/job/master/5597/ )

http://cv.jenkins.couchbase.com/job/kv_engine.linux/job/master/5689/ : FAILURE

Failure of an engine_testapp test:

<pre>
Running [0005/0017]: DCP latency (Padded JSON)...
[2020-09-09T16:19:44.760Z] 
[2020-09-09T16:19:44.760Z] === DCP In-memory (JSON-PADDED) [As_is vs. Compress] KB Rcvd. - 50 items (KB)=========Size====================================================================================
[2020-09-09T16:19:44.760Z] 
[2020-09-09T16:19:44.760Z]                                 Percentile           
[2020-09-09T16:19:44.760Z]                          Median     95th     99th  Std Dev  Histogram of samples
[2020-09-09T16:19:44.760Z] 
[2020-09-09T16:19:44.760Z] As_is                     0.325    0.545    0.565    0.146  ????????????????????????????????
[2020-09-09T16:19:44.760Z] Compress                  0.073    0.083    0.083    0.007  ????????????????????????????????
[2020-09-09T16:19:44.760Z]                                                             0              KB              0
[2020-09-09T16:19:44.760Z] 
[2020-09-09T16:19:44.760Z] ========================================================================================= DCP In-memory (JSON-PADDED) [As_is vs. Compress] Latency - 50 items(�s)============Latency=================================================================================
[2020-09-09T16:19:44.760Z] 
[2020-09-09T16:19:44.760Z]                                 Percentile           
[2020-09-09T16:19:44.760Z]                          Median     95th     99th  Std Dev  Histogram of samples
[2020-09-09T16:19:44.760Z] 
[2020-09-09T16:19:44.760Z] As_is                   306.131  416.091  427.077   84.166  ????????????????????????????????
[2020-09-09T16:19:44.760Z] Compress                580.331  665.838  675.008   51.741  ????????????????????????????????
[2020-09-09T16:19:44.760Z]                                                             186            �s            665
[2020-09-09T16:19:44.760Z] 
[2020-09-09T16:19:44.760Z] 
[2020-09-09T16:19:44.760Z] 
[2020-09-09T16:19:44.760Z] 
[2020-09-09T16:19:44.760Z] 
[2020-09-09T16:19:44.760Z] 95% tests passed, 22 tests failed out of 407
[2020-09-09T16:19:44.760Z] 
[2020-09-09T16:19:44.760Z] Total Test time (real) = 1839.33 sec
[2020-09-09T16:19:44.760Z] 
[2020-09-09T16:19:44.760Z] The following tests FAIL
</pre>
 ( http://cv.jenkins.couchbase.com/job/kv_engine.linux/job/master/5689/ )

Timeout of a CTest test [2020-09-09T15:54:33.908Z]  90/407 Test #182: ep-engine_ep_unit_tests.FullAndValueEvictionOnReplicaAndPending/RollbackTest ................................} ( http://cv.jenkins.couchbase.com/job/kv_engine.linux/job/master/5689/ )

Failure of a CTest test [2020-09-09T16:09:14.278Z] 396/407 Test #254: ep_testsuite_dcp.value_eviction.comp_passive ................................................................ ( http://cv.jenkins.couchbase.com/job/kv_engine.linux/job/master/5689/ )

http://cv.jenkins.couchbase.com/job/kv_engine.threadsanitizer/job/master/5817/ : FAILURE

ThreadSanitizer issue: lock-order-inversion (potential deadlock) (/home/couchbase/jenkins/workspace/kv_engine.threadsanitizer_master/install/lib/libtsan.so.0+0x3876f) in __interceptor_pthread_mutex_lock  ( http://cv.jenkins.couchbase.com/job/kv_engine.threadsanitizer/job/master/5817/ )

Timeout of a CTest test [2020-09-09T15:59:36.040Z]  52/385 Test #161: ep-engine_ep_unit_tests.PersistentAndEphemeral/ConnectionTest ...............................................} ( http://cv.jenkins.couchbase.com/job/kv_engine.threadsanitizer/job/master/5817/ )

Failure of a CTest test [2020-09-09T15:54:35.272Z]   9/385 Test #370: memcached_testapp.ep.Transport/McdTestappTest ............................................................... ( http://cv.jenkins.couchbase.com/job/kv_engine.threadsanitizer/job/master/5817/ )

http://cv.jenkins.couchbase.com/job/kv_engine.ASan-UBSan/job/master/13514/ : FAILURE

Failure of GoogleTest "FullAndValueEvictionOnReplicaAndPending/RollbackTest.RollbackAfterMutation/magma_value_only_replica":

<pre>
[ RUN      ] FullAndValueEvictionOnReplicaAndPending/RollbackTest.RollbackAfterMutation/magma_value_only_replica
[2020-09-09T16:10:52.224Z] ../kv_engine/engines/ep/tests/module_tests/evp_store_rollback_test.cc:225: Failure
[2020-09-09T16:10:52.224Z] Expected equality of these values:
[2020-09-09T16:10:52.224Z]   FlushResult(MoreAvailable::No, 1, WakeCkptRemover::No)
[2020-09-09T16:10:52.224Z]     Which is: moreAvailable:{false} numFlushed:{1} wakeupCkptRemover:{false}
[2020-09-09T16:10:52.224Z]   getEPBucket().flushVBucket(vbid)
[2020-09-09T16:10:52.224Z]     Which is: moreAvailable:{false} numFlushed:{1} wakeupCkptRemover:{true}
[2020-09-09T16:10:52.225Z] [  FAILED  ] FullAndValueEvictionOnReplicaAndPending/RollbackTest.RollbackAfterMutation/magma_value_only_replica, where GetParam() = ("magma", "value_only", "replica") (12839 ms)
FullAndValueEvictionOnReplicaAndPending/RollbackTest.RollbackAfterMutation/magma_value_only_replica
</pre>
 ( http://cv.jenkins.couchbase.com/job/kv_engine.ASan-UBSan/job/master/13514/ )

Timeout of a CTest test [2020-09-09T16:10:52.224Z]  44/390 Test #181: ep-engine_ep_unit_tests.FullAndValueEvictionOnReplicaAndPending/RollbackTest ................................} ( http://cv.jenkins.couchbase.com/job/kv_engine.ASan-UBSan/job/master/13514/ )

Failure of a CTest test [2020-09-09T16:26:03.821Z] 381/390 Test #242: ep_testsuite_dcp.value_eviction.comp_active ................................................................. ( http://cv.jenkins.couchbase.com/job/kv_engine.ASan-UBSan/job/master/13514/ )

http://cv.jenkins.couchbase.com/job/kv_engine.macos/job/master/4707/ : FAILURE

http://cv.jenkins.couchbase.com/job/kv_engine-clang_format_9/2893/ : SUCCESS

http://cv.jenkins.couchbase.com/job/kv_engine-clang_tidy/4368/ : SUCCESS

http://cv.jenkins.couchbase.com/job/kv_engine-clang_analyzer-master/26168/ : SUCCESS
----------------------------------------------------------------------------------------------------------------------
