======================================================================================================================
DESCRIPTION:

MB-36370: Trace DCP

Change-Id: Ief242112a6af761b0e91f640f98886169f78eda6

======================================================================================================================
COMMENTS
======================================================================================================================
Author: Paolo Cocchi
Date: 2020-07-06 17:23:43.000000000
Message: 
Uploaded patch set 6.
----------------------------------------------------------------------------------------------------------------------
Author: Build Bot
Date: 2020-07-06 17:52:10.000000000
Message: 
Patch Set 6: Verified-1

Build Failed 

http://cv.jenkins.couchbase.com/job/kv_engine-windows-master/29030/ : FAILURE

Failure of an engine_testapp test:

<pre>
Running [0033/0045]: test set_with_meta and drift stats...(8344 ms) OK

        Start 357: memcached_testapp.ep.TransportProtocols/ErrmapTest
350/393 Test #355: memcached_testapp.ep.TransportProtocols/DurabilityTest ........................................................................   Passed    1.76 sec
        Start 358: memcached_testapp.ep.TransportProtocols/ExternalAuthTest
351/393 Test #353: memcached_testapp.ep.TransportProtocols/CollectionsTest .......................................................................   Passed    4.12 sec
        Start 359: memcached_testapp.ep.TransportProtocols/FlushTest
352/393 Test #356: memcached_testapp.ep.TransportProtocols/SubdocDurabilityTest ..................................................................   Passed    1.79 sec
        Start 360: memcached_testapp.ep.TransportProtocols/GetSetTest
353/393 Test #357: memcached_testapp.ep.TransportProtocols/ErrmapTest ............................................................................   Passed    0.85 sec
        Start 361: memcached_testapp.ep.TransportProtocols/InterfacesTest
354/393 Test #347: memcached_testapp.ep.TransportProtocols/ArithmeticTest ........................................................................   Passed    8.54 sec
        Start 362: memcached_testapp.ep.TransportProtocols/IPv6Test
355/393 Test #359: memcached_testapp.ep.TransportProtocols/FlushTest .............................................................................   Passed    0.62 sec
        Start 363: memcached_testapp.ep.TransportProtocols/LegacyUsersTest
356/393 Test #358: memcached_testapp.ep.TransportProtocols/ExternalAuthTest ......................................................................   Passed    1.08 sec
        Start 364: memcached_testapp.ep.TransportProtocols/LockTest
357/393 Test #362: memcached_testapp.ep.TransportProtocols/IPv6Test ..............................................................................   Passed    0.65 sec
        Start 365: memcached_testapp.ep.LoggingTests/LoggingTest
358/393 Test #361: memcached_testapp.ep.TransportProtocols/InterfacesTest ........................................................................   Passed    0.77 sec
        Start 366: memcached_testapp.ep.TransportProtocols/MiscTest
359/393 Test #363: memcached_testapp.ep.TransportProtocols/LegacyUsersTest .......................................................................   Passed    0.71 sec
        Start 367: memcached_testapp.ep.TransportProtocols/NoAutoselectDefaultBucketTest
360/393 Test #365: memcached_testapp.ep.LoggingTests/LoggingTest .................................................................................   Passed    0.63 sec
        Start 368: memcached_testapp.ep.CleanOrUnclean/PersistToTest
361/393 Test #364: memcached_testapp.ep.TransportProtocols/LockTest ..............................................................................   Passed    0.83 sec
        Start 369: memcached_testapp.ep.TransportProtocols/RbacTest
362/393 Test #366: memcached_testapp.ep.TransportProtocols/MiscTest ..............................................................................   Passed    0.77 sec
        Start 370: memcached_testapp.ep.TransportProtocols/RbacRoleTest
363/393 Test #367: memcached_testapp.ep.TransportProtocols/NoAutoselectDefaultBucketTest .........................................................   Passed    0.67 sec
        Start 371: memcached_testapp.ep.TransportProtocols/RegressionTest
364/393 Test #369: memcached_testapp.ep.TransportProtocols/RbacTest ..............................................................................   Passed    0.65 sec
        Start 372: memcached_testapp.ep.TransportProtocols/RemoveTest
365/393 Test #370: memcached_testapp.ep.TransportProtocols/RbacRoleTest ..........................................................................   Passed    0.83 sec
        Start 373: memcached_testapp.ep.TransportProtocols/SaslTest
366/393 Test #371: memcached_testapp.ep.TransportProtocols/RegressionTest ........................................................................   Passed    1.56 sec
        Start 374: memcached_testapp.ep.TransportProtocols/StatsTest
367/393 Test #372: memcached_testapp.ep.TransportProtocols/RemoveTest ............................................................................   Passed    1.46 sec
        Start 375: memcached_testapp.ep.TransportProtocols/NoBucketStatsTest
368/393 Test #375: memcached_testapp.ep.TransportProtocols/NoBucketStatsTest .....................................................................   Passed    0.88 sec
        Start 376: memcached_testapp.ep.Subdoc/SubdocTestappTest
369/393 Test #374: memcached_testapp.ep.TransportProtocols/StatsTest .............................................................................   Passed    1.70 sec
        Start 377: memcached_testapp.ep.SDPerf/SubdocPerfTest
370/393 Test #368: memcached_testapp.ep.CleanOrUnclean/PersistToTest .............................................................................   Passed    4.24 sec
        Start 378: memcached_testapp.ep.Transport/McdTestappTest
371/393 Test #266: ep_testsuite_xdcr.full_eviction.magma .........................................................................................   Passed   78.52 sec
        Start 379: memcached_testapp.ep.TransportProtocols/TlsTests
372/393 Test #373: memcached_testapp.ep.TransportProtocols/SaslTest ..............................................................................   Passed    5.51 sec
        Start 380: memcached_testapp.ep.Transport/McdTopkeysTest
373/393 Test #380: memcached_testapp.ep.Transport/McdTopkeysTest .................................................................................   Passed    1.52 sec
        Start 381: memcached_testapp.ep.TransportProtocols/TouchTest
374/393 Test #379: memcached_testapp.ep.TransportProtocols/TlsTests ..............................................................................   Passed    2.09 sec
        Start 382: memcached_testapp.ep.TransportProtocols/TtlTest
375/393 Test #381: memcached_testapp.ep.TransportProtocols/TouchTest .............................................................................   Passed    1.82 sec
        Start 383: memcached_testapp.ep.TransportProtocols/TuneMcbpSla
376/393 Test #376: memcached_testapp.ep.Subdoc/SubdocTestappTest .................................................................................   Passed    6.88 sec
        Start 384: memcached_testapp.ep.TransportProtocols/WithMetaTest
377/393 Test #382: memcached_testapp.ep.TransportProtocols/TtlTest ...............................................................................   Passed    1.94 sec
        Start 385: memcached_testapp.ep.TransportProtocols/XattrTest
378/393 Test #383: memcached_testapp.ep.TransportProtocols/TuneMcbpSla ...........................................................................   Passed    0.75 sec
        Start 386: memcached_testapp.ep.TransportProtocols/XattrNoDocTest
379/393 Test #360: memcached_testapp.ep.TransportProtocols/GetSetTest ............................................................................   Passed   13.05 sec
        Start 387: memcached_testapp.ep.TransportProtocols/XattrNoDocDurabilityTest
380/393 Test #386: memcached_testapp.ep.TransportProtocols/XattrNoDocTest ........................................................................   Passed    1.64 sec
        Start 388: memcached_testapp.ep.TransportProtocols/XattrDisabledTest
381/393 Test #387: memcached_testapp.ep.TransportProtocols/XattrNoDocDurabilityTest ..............................................................   Passed    2.82 sec
        Start 389: testapp_auth_provider_test
382/393 Test #389: testapp_auth_provider_test ....................................................................................................   Passed    0.06 sec
        Start 390: cluster_test
383/393 Test #388: memcached_testapp.ep.TransportProtocols/XattrDisabledTest .....................................................................   Passed    2.08 sec
        Start 391: memcached_topkeys_test
384/393 Test #391: memcached_topkeys_test ........................................................................................................   Passed    0.18 sec
        Start 392: memcached_unsigned_leb128_test
385/393 Test #392: memcached_unsigned_leb128_test ................................................................................................   Passed    0.06 sec
        Start 393: memcached-hostutils-test
386/393 Test #393: memcached-hostutils-test ......................................................................................................   Passed    0.46 sec
387/393 Test #384: memcached_testapp.ep.TransportProtocols/WithMetaTest ..........................................................................   Passed    8.15 sec
388/393 Test #385: memcached_testapp.ep.TransportProtocols/XattrTest .............................................................................   Passed    7.82 sec
389/393 Test #378: memcached_testapp.ep.Transport/McdTestappTest .................................................................................   Passed   14.54 sec
390/393 Test #390: cluster_test ..................................................................................................................   Passed   10.02 sec
391/393 Test #326: memcached_testapp.default.SDPerf/SubdocPerfTest ...............................................................................   Passed   41.65 sec
392/393 Test #267: ep_perfsuite.value_eviction ...................................................................................................   Passed   89.87 sec
393/393 Test #377: memcached_testapp.ep.SDPerf/SubdocPerfTest ....................................................................................   Passed   40.94 sec

99% tests passed, 1 tests failed out of 393

Total Test time (real) = 449.53 sec

The following tests FAIL
</pre>
 ( http://cv.jenkins.couchbase.com/job/kv_engine-windows-master/29030/ )

Timeout of a CTest test 349/393 Test #265: ep_testsuite_xdcr.value_eviction.magma ........................................................................................} ( http://cv.jenkins.couchbase.com/job/kv_engine-windows-master/29030/ )

http://cv.jenkins.couchbase.com/job/kv_engine-clang_format_9/1732/ : SUCCESS

http://cv.jenkins.couchbase.com/job/kv_engine-clang_analyzer-master/25049/ : SUCCESS

http://cv.jenkins.couchbase.com/job/kv_engine-clang_tidy/3225/ : SUCCESS

http://cv.jenkins.couchbase.com/job/kv_engine.macos/job/master/3686/ : SUCCESS

http://cv.jenkins.couchbase.com/job/kv_engine.linux/job/master/4652/ : SUCCESS

http://cv.jenkins.couchbase.com/job/kv_engine.threadsanitizer/job/master/4754/ : SUCCESS

http://cv.jenkins.couchbase.com/job/kv_engine.linux-CE/job/master/4578/ : SUCCESS

http://cv.jenkins.couchbase.com/job/kv_engine.ASan-UBSan/job/master/12472/ : SUCCESS
----------------------------------------------------------------------------------------------------------------------
