======================================================================================================================
DESCRIPTION:

MB-48038: Attempt CheckpointRemoval before dropping any cursor

In the near future we will allow many checkpoints in CM. On a healthy
system where cursors move fast there may be a likely chance of memory
recovery without dropping any cursor.

Change-Id: I8faff62c16eb9bc745b565603edc7529ca0ab36f

======================================================================================================================
COMMENTS
======================================================================================================================
Author: Paolo Cocchi
Date: 2021-09-09 12:04:48.000000000
Message: 
Uploaded patch set 3: Patch Set 2 was rebased.
----------------------------------------------------------------------------------------------------------------------
Author: Build Bot
Date: 2021-09-09 13:08:46.000000000
Message: 
Patch Set 3: Verified-1

Build Failed 

http://cv.jenkins.couchbase.com/job/kv_engine-windows-master/39590/ : FAILURE

Failure of an engine_testapp test:

<pre>
Running [0039/0158]: stats...(28 ms) OK


99% tests passed, 2 tests failed out of 407

Total Test time (real) = 711.30 sec

The following tests FAIL
</pre>
 ( http://cv.jenkins.couchbase.com/job/kv_engine-windows-master/39590/ )

Timeout of a CTest test 406/407 Test #259: ep_testsuite.ephemeral.comp_passive ...........................................................................................} ( http://cv.jenkins.couchbase.com/job/kv_engine-windows-master/39590/ )

http://cv.jenkins.couchbase.com/job/kv_engine-clang_analyzer-master/33722/ : SUCCESS

http://cv.jenkins.couchbase.com/job/kv_engine-clang_tidy-master/12140/ : SUCCESS

http://cv.jenkins.couchbase.com/job/kv_engine-clang_format_9/10932/ : SUCCESS

http://cv.jenkins.couchbase.com/job/kv_engine.libFuzzer/job/master/1783/ : SUCCESS

http://cv.jenkins.couchbase.com/job/kv_engine.threadsanitizer/job/master/14474/ : SUCCESS

http://cv.jenkins.couchbase.com/job/kv_engine.macos/job/master/12899/ : SUCCESS

http://cv.jenkins.couchbase.com/job/kv_engine.linux/job/master/13994/ : SUCCESS

http://cv.jenkins.couchbase.com/job/kv_engine.linux-CE/job/master/13752/ : SUCCESS

http://cv.jenkins.couchbase.com/job/kv_engine.ASan-UBSan/job/master/21973/ : SUCCESS

http://cv.jenkins.couchbase.com/job/kv_engine.aarch64-linux/job/master/1803/ : SUCCESS
----------------------------------------------------------------------------------------------------------------------
Author: Build Bot
Date: 2021-09-10 06:11:46.000000000
Message: 
Patch Set 3:

Build Failed 

http://cv.jenkins.couchbase.com/job/kv_engine-windows-master/39644/ : FAILURE

Failure of an engine_testapp test:

<pre>
Running [0044/0093]: test reconnect partial snapshot...(25 ms) OK


99% tests passed, 1 tests failed out of 407

Total Test time (real) = 360.94 sec

The following tests FAIL
</pre>
 ( http://cv.jenkins.couchbase.com/job/kv_engine-windows-master/39644/ )

Timeout of a CTest test 407/407 Test #276: ep_testsuite_dcp.ephemeral.comp_active ........................................................................................} ( http://cv.jenkins.couchbase.com/job/kv_engine-windows-master/39644/ )

http://cv.jenkins.couchbase.com/job/kv_engine-clang_analyzer-master/33722/ : SUCCESS

http://cv.jenkins.couchbase.com/job/kv_engine-clang_tidy-master/12140/ : SUCCESS

http://cv.jenkins.couchbase.com/job/kv_engine-clang_format_9/10932/ : SUCCESS

http://cv.jenkins.couchbase.com/job/kv_engine.libFuzzer/job/master/1783/ : SUCCESS

http://cv.jenkins.couchbase.com/job/kv_engine.threadsanitizer/job/master/14474/ : SUCCESS

http://cv.jenkins.couchbase.com/job/kv_engine.macos/job/master/12899/ : SUCCESS

http://cv.jenkins.couchbase.com/job/kv_engine.linux/job/master/13994/ : SUCCESS

http://cv.jenkins.couchbase.com/job/kv_engine.linux-CE/job/master/13752/ : SUCCESS

http://cv.jenkins.couchbase.com/job/kv_engine.ASan-UBSan/job/master/21973/ : SUCCESS

http://cv.jenkins.couchbase.com/job/kv_engine.aarch64-linux/job/master/1803/ : SUCCESS
----------------------------------------------------------------------------------------------------------------------
Author: Build Bot
Date: 2021-09-10 07:52:22.000000000
Message: 
Patch Set 3:

Build Failed 

http://cv.jenkins.couchbase.com/job/kv_engine-windows-master/39650/ : FAILURE

Failure of an engine_testapp test:

<pre>
Running [0072/0093]: dcp invalid snapshot marker...(86 ms) OK


99% tests passed, 2 tests failed out of 407

Total Test time (real) = 412.90 sec

The following tests FAIL
</pre>
 ( http://cv.jenkins.couchbase.com/job/kv_engine-windows-master/39650/ )

Timeout of a CTest test 407/407 Test #277: ep_testsuite_dcp.value_eviction.magma .........................................................................................} ( http://cv.jenkins.couchbase.com/job/kv_engine-windows-master/39650/ )

http://cv.jenkins.couchbase.com/job/kv_engine-clang_analyzer-master/33722/ : SUCCESS

http://cv.jenkins.couchbase.com/job/kv_engine-clang_tidy-master/12140/ : SUCCESS

http://cv.jenkins.couchbase.com/job/kv_engine-clang_format_9/10932/ : SUCCESS

http://cv.jenkins.couchbase.com/job/kv_engine.libFuzzer/job/master/1783/ : SUCCESS

http://cv.jenkins.couchbase.com/job/kv_engine.threadsanitizer/job/master/14474/ : SUCCESS

http://cv.jenkins.couchbase.com/job/kv_engine.macos/job/master/12899/ : SUCCESS

http://cv.jenkins.couchbase.com/job/kv_engine.linux/job/master/13994/ : SUCCESS

http://cv.jenkins.couchbase.com/job/kv_engine.linux-CE/job/master/13752/ : SUCCESS

http://cv.jenkins.couchbase.com/job/kv_engine.ASan-UBSan/job/master/21973/ : SUCCESS

http://cv.jenkins.couchbase.com/job/kv_engine.aarch64-linux/job/master/1803/ : SUCCESS
----------------------------------------------------------------------------------------------------------------------
