======================================================================================================================
DESCRIPTION:

Remove unused function

Change-Id: I2743e4c3e4335e6554e43b016b1bb5df9a1c5292

======================================================================================================================
COMMENTS
======================================================================================================================
Author: Trond Norbye
Date: 2022-01-11 15:35:26.000000000
Message: 
Patch Set 3: Patch Set 2 was rebased
----------------------------------------------------------------------------------------------------------------------
Author: Build Bot
Date: 2022-01-11 16:12:09.000000000
Message: 
Patch Set 3: Verified-1 Code-Review-1

Build Failed 

http://cv.jenkins.couchbase.com/job/kv_engine-windows-master/42722/ : FAILURE

Failure of GoogleTest "CollectionsWarmupTest.MB_38125":

<pre>
[ RUN      ] CollectionsWarmupTest.MB_38125
2022-01-11T07:54:33.294996-08:00 CRITICAL (SynchronousEPEngine:default) Warmup::createVBuckets: vb:0 failed to read  collections manifest from disk
2022-01-11T07:54:33.295113-08:00 CRITICAL (SynchronousEPEngine:default) Warmup::createVBuckets: vb:1 failed to read  collections manifest from disk
unknown file: error: C++ exception with description "CheckedExecutor failed fetchNextTask" thrown in the test body.
[  FAILED  ] CollectionsWarmupTest.MB_38125 (13 ms)
CollectionsWarmupTest.MB_38125
</pre>
 ( http://cv.jenkins.couchbase.com/job/kv_engine-windows-master/42722/ )

Failure of an engine_testapp test:

<pre>
Running [0101/0159]: test compaction config...(72 ms) OK


99% tests passed, 2 tests failed out of 420

Total Test time (real) = 698.94 sec

The following tests FAIL
</pre>
 ( http://cv.jenkins.couchbase.com/job/kv_engine-windows-master/42722/ )

Timeout of a CTest test 420/420 Test #276: ep_testsuite.full_eviction.magma ..............................................................................................} ( http://cv.jenkins.couchbase.com/job/kv_engine-windows-master/42722/ )

http://cv.jenkins.couchbase.com/job/kv_engine-clang_format_9/13583/ : FAILURE

No problems were identified. If you know why this problem occurred, please add a suitable Cause for it. ( http://cv.jenkins.couchbase.com/job/kv_engine-clang_format_9/13583/ )

http://cv.jenkins.couchbase.com/job/kv_engine.ASan-UBSan/job/master/24822/ : FAILURE

One of more core files found at the end of the build. Data for post-mortem saved to archived_core_dumps.tar.bz2 under "Build Artifacts". ( http://cv.jenkins.couchbase.com/job/kv_engine.ASan-UBSan/job/master/24822/ )

Test exceeded the timeout:
[2022-01-11T16:05:21.742Z] Running [0033/0044]: test del_with_meta and drift stats.../usr/bin/timeout: the monitored command dumped core ( http://cv.jenkins.couchbase.com/job/kv_engine.ASan-UBSan/job/master/24822/ )

http://cv.jenkins.couchbase.com/job/kv_engine-clang_tidy-master/14747/ : SUCCESS

http://cv.jenkins.couchbase.com/job/kv_engine-clang_analyzer-master/36203/ : SUCCESS

http://cv.jenkins.couchbase.com/job/kv_engine.threadsanitizer/job/master/17494/ : SUCCESS

http://cv.jenkins.couchbase.com/job/kv_engine.linux/job/master/16701/ : SUCCESS

http://cv.jenkins.couchbase.com/job/kv_engine.libFuzzer/job/master/4392/ : SUCCESS

http://cv.jenkins.couchbase.com/job/kv_engine.macos/job/master/15553/ : SUCCESS

http://cv.jenkins.couchbase.com/job/kv_engine.linux-CE/job/master/16410/ : SUCCESS

http://cv.jenkins.couchbase.com/job/kv_engine.aarch64-linux/job/master/4450/ : SUCCESS
----------------------------------------------------------------------------------------------------------------------
Author: Build Bot
Date: 2022-01-11 21:42:10.000000000
Message: 
Patch Set 3: -Code-Review

Build Failed 

http://cv.jenkins.couchbase.com/job/kv_engine-windows-master/42722/ : FAILURE

Failure of GoogleTest "CollectionsWarmupTest.MB_38125":

<pre>
[ RUN      ] CollectionsWarmupTest.MB_38125
2022-01-11T07:54:33.294996-08:00 CRITICAL (SynchronousEPEngine:default) Warmup::createVBuckets: vb:0 failed to read  collections manifest from disk
2022-01-11T07:54:33.295113-08:00 CRITICAL (SynchronousEPEngine:default) Warmup::createVBuckets: vb:1 failed to read  collections manifest from disk
unknown file: error: C++ exception with description "CheckedExecutor failed fetchNextTask" thrown in the test body.
[  FAILED  ] CollectionsWarmupTest.MB_38125 (13 ms)
CollectionsWarmupTest.MB_38125
</pre>
 ( http://cv.jenkins.couchbase.com/job/kv_engine-windows-master/42722/ )

Failure of an engine_testapp test:

<pre>
Running [0101/0159]: test compaction config...(72 ms) OK


99% tests passed, 2 tests failed out of 420

Total Test time (real) = 698.94 sec

The following tests FAIL
</pre>
 ( http://cv.jenkins.couchbase.com/job/kv_engine-windows-master/42722/ )

Timeout of a CTest test 420/420 Test #276: ep_testsuite.full_eviction.magma ..............................................................................................} ( http://cv.jenkins.couchbase.com/job/kv_engine-windows-master/42722/ )

http://cv.jenkins.couchbase.com/job/kv_engine.ASan-UBSan/job/master/24822/ : FAILURE

One of more core files found at the end of the build. Data for post-mortem saved to archived_core_dumps.tar.bz2 under "Build Artifacts". ( http://cv.jenkins.couchbase.com/job/kv_engine.ASan-UBSan/job/master/24822/ )

Test exceeded the timeout:
[2022-01-11T16:05:21.742Z] Running [0033/0044]: test del_with_meta and drift stats.../usr/bin/timeout: the monitored command dumped core ( http://cv.jenkins.couchbase.com/job/kv_engine.ASan-UBSan/job/master/24822/ )

http://cv.jenkins.couchbase.com/job/kv_engine-clang_tidy-master/14747/ : SUCCESS

http://cv.jenkins.couchbase.com/job/kv_engine-clang_analyzer-master/36203/ : SUCCESS

http://cv.jenkins.couchbase.com/job/kv_engine.threadsanitizer/job/master/17494/ : SUCCESS

http://cv.jenkins.couchbase.com/job/kv_engine.linux/job/master/16701/ : SUCCESS

http://cv.jenkins.couchbase.com/job/kv_engine.libFuzzer/job/master/4392/ : SUCCESS

http://cv.jenkins.couchbase.com/job/kv_engine.macos/job/master/15553/ : SUCCESS

http://cv.jenkins.couchbase.com/job/kv_engine.linux-CE/job/master/16410/ : SUCCESS

http://cv.jenkins.couchbase.com/job/kv_engine.aarch64-linux/job/master/4450/ : SUCCESS

http://cv.jenkins.couchbase.com/job/kv_engine-clang_format_9/13592/ : SUCCESS
----------------------------------------------------------------------------------------------------------------------
Author: Build Bot
Date: 2022-01-11 22:44:36.000000000
Message: 
Patch Set 3:

Build Failed 

http://cv.jenkins.couchbase.com/job/kv_engine-windows-master/42727/ : FAILURE

Failure of GoogleTest "EphemeralOrPersistent/STExpiryPagerTest.ExpiredItemsDeleted/persistent_magma_full_eviction":

<pre>
[ RUN      ] EphemeralOrPersistent/STExpiryPagerTest.ExpiredItemsDeleted/persistent_magma_full_eviction
..\kv_engine\engines\ep\tests\module_tests\item_pager_test.cc(1605): error: Expected equality of these values:
  cb::engine_errc::would_block
    Which is: would block
  getKeyFn(key_2)
    Which is: no memory
..\kv_engine\engines\ep\tests\module_tests\item_pager_test.cc(1608): error: Expected equality of these values:
  cb::engine_errc::no_such_key
    Which is: no such key
  getKeyFn(key_2)
    Which is: no memory
Key with TTL:20 should be removed.
[  FAILED  ] EphemeralOrPersistent/STExpiryPagerTest.ExpiredItemsDeleted/persistent_magma_full_eviction, where GetParam() = ("persistent_magma", "full_eviction") (835 ms)
EphemeralOrPersistent/STExpiryPagerTest.ExpiredItemsDeleted/persistent_magma_full_eviction
</pre>
 ( http://cv.jenkins.couchbase.com/job/kv_engine-windows-master/42727/ )

Failure of an engine_testapp test:

<pre>
Running [0058/0159]: ep workload stats...(21 ms) OK


99% tests passed, 2 tests failed out of 420

Total Test time (real) = 673.62 sec

The following tests FAIL
</pre>
 ( http://cv.jenkins.couchbase.com/job/kv_engine-windows-master/42727/ )

Timeout of a CTest test 420/420 Test #273: ep_testsuite.ephemeral.comp_passive ...........................................................................................} ( http://cv.jenkins.couchbase.com/job/kv_engine-windows-master/42727/ )

http://cv.jenkins.couchbase.com/job/kv_engine-clang_tidy-master/14747/ : SUCCESS

http://cv.jenkins.couchbase.com/job/kv_engine-clang_analyzer-master/36203/ : SUCCESS

http://cv.jenkins.couchbase.com/job/kv_engine-clang_format_9/13592/ : SUCCESS

http://cv.jenkins.couchbase.com/job/kv_engine.ASan-UBSan/job/master/24827/ : SUCCESS

http://cv.jenkins.couchbase.com/job/kv_engine.threadsanitizer/job/master/17494/ : SUCCESS

http://cv.jenkins.couchbase.com/job/kv_engine.linux/job/master/16701/ : SUCCESS

http://cv.jenkins.couchbase.com/job/kv_engine.libFuzzer/job/master/4392/ : SUCCESS

http://cv.jenkins.couchbase.com/job/kv_engine.macos/job/master/15553/ : SUCCESS

http://cv.jenkins.couchbase.com/job/kv_engine.linux-CE/job/master/16410/ : SUCCESS

http://cv.jenkins.couchbase.com/job/kv_engine.aarch64-linux/job/master/4450/ : SUCCESS
----------------------------------------------------------------------------------------------------------------------
Author: Build Bot
Date: 2022-01-12 06:04:56.000000000
Message: 
Patch Set 3: Verified+1

Build Successful 

http://cv.jenkins.couchbase.com/job/kv_engine-clang_tidy-master/14747/ : SUCCESS

http://cv.jenkins.couchbase.com/job/kv_engine-clang_analyzer-master/36203/ : SUCCESS

http://cv.jenkins.couchbase.com/job/kv_engine-clang_format_9/13592/ : SUCCESS

http://cv.jenkins.couchbase.com/job/kv_engine.ASan-UBSan/job/master/24827/ : SUCCESS

http://cv.jenkins.couchbase.com/job/kv_engine.threadsanitizer/job/master/17494/ : SUCCESS

http://cv.jenkins.couchbase.com/job/kv_engine.linux/job/master/16701/ : SUCCESS

http://cv.jenkins.couchbase.com/job/kv_engine.libFuzzer/job/master/4392/ : SUCCESS

http://cv.jenkins.couchbase.com/job/kv_engine.macos/job/master/15553/ : SUCCESS

http://cv.jenkins.couchbase.com/job/kv_engine.linux-CE/job/master/16410/ : SUCCESS

http://cv.jenkins.couchbase.com/job/kv_engine.aarch64-linux/job/master/4450/ : SUCCESS

http://cv.jenkins.couchbase.com/job/kv_engine-windows-master/42728/ : SUCCESS
----------------------------------------------------------------------------------------------------------------------
Author: Dave Rigby
Date: 2022-01-12 09:09:31.000000000
Message: 
Patch Set 3: Code-Review+2
----------------------------------------------------------------------------------------------------------------------
