======================================================================================================================
DESCRIPTION:

[Refactor] Move evict_key off unknown_command

Separate the protocol bits off the command implementation in
ep-engine

Change-Id: Ia8548e77ed73151c7b63204d10e009c3471200ce

======================================================================================================================
COMMENTS
======================================================================================================================
Author: Trond Norbye
Date: 2023-01-02 13:39:42.000000000
Message: 
Uploaded patch set 4: Patch Set 3 was rebased.
----------------------------------------------------------------------------------------------------------------------
Author: Build Bot
Date: 2023-01-02 15:30:53.000000000
Message: 
Patch Set 4: Verified-1 Code-Review-1

Build Failed 

https://cv.jenkins.couchbase.com/job/kv_engine-windows-master/51586/ : ABORTED

Build which was aborted due to a newer patch set being uploaded for the given review. ( https://cv.jenkins.couchbase.com/job/kv_engine-windows-master/51586/ )

https://cv.jenkins.couchbase.com/job/kv_engine-clang_analyzer-master/43305/ : ABORTED

Build which was aborted due to a newer patch set being uploaded for the given review. ( https://cv.jenkins.couchbase.com/job/kv_engine-clang_analyzer-master/43305/ )

https://cv.jenkins.couchbase.com/job/kv_engine.libFuzzer/job/master/11984/ : ABORTED

Build which was aborted due to a newer patch set being uploaded for the given review. ( https://cv.jenkins.couchbase.com/job/kv_engine.libFuzzer/job/master/11984/ )

https://cv.jenkins.couchbase.com/job/kv_engine.linux-CE/job/master/24309/ : ABORTED

Build which was aborted due to a newer patch set being uploaded for the given review. ( https://cv.jenkins.couchbase.com/job/kv_engine.linux-CE/job/master/24309/ )

https://cv.jenkins.couchbase.com/job/kv_engine.linux/job/master/24730/ : ABORTED

Build which was aborted due to a newer patch set being uploaded for the given review. ( https://cv.jenkins.couchbase.com/job/kv_engine.linux/job/master/24730/ )

https://cv.jenkins.couchbase.com/job/kv_engine-clang_tidy-master/22266/ : FAILURE

<p>clang-tidy suggested the following changes:
<pre>

cat &lt;&lt;&quot;EOF&quot; | patch -p1
diff --git a/engines/ep/src/ephemeral_bucket.h b/engines/ep/src/ephemeral_bucket.h
index 0677baa7f..38490a77a 100644
--- a/engines/ep/src/ephemeral_bucket.h
+++ b/engines/ep/src/ephemeral_bucket.h
@@ -41,7 +41,7 @@ public:
 
     /// Eviction not supported for Ephemeral buckets - without some backing
     /// storage, there is nowhere to evict /to/.
-    virtual cb::engine_errc evictKey(CookieIface&amp; cookie,
+    cb::engine_errc evictKey(CookieIface&amp; cookie,
                                      const DocKey&amp; key,
                                      Vbid vbucket) override {
         return cb::engine_errc::not_supported;
diff --git a/engines/ep/src/kv_bucket.h b/engines/ep/src/kv_bucket.h
index 7283579d1..d6d9cbbfc 100644
--- a/engines/ep/src/kv_bucket.h
+++ b/engines/ep/src/kv_bucket.h
@@ -392,7 +392,7 @@ public:
 
     void setRW(size_t shardId, std::unique_ptr&lt;KVStoreIface&gt; rw) override;
 
-    virtual cb::engine_errc evictKey(CookieIface&amp; cookie,
+    cb::engine_errc evictKey(CookieIface&amp; cookie,
                                      const DocKey&amp; key,
                                      Vbid vbucket) override;
 
EOF

</pre> ( https://cv.jenkins.couchbase.com/job/kv_engine-clang_tidy-master/22266/ )

clang-tidy found the following problems:

<pre>
/home/couchbase/jenkins/workspace/kv_engine-clang_tidy-master/kv_engine/engines/ep/src/ephemeral_bucket.h:44:29: warning: "virtual" is redundant since the function is already declared "override" [modernize-use-override]
    virtual cb::engine_errc evictKey(CookieIface& cookie,
    ~~~~~~~~                ^
/home/couchbase/jenkins/workspace/kv_engine-clang_tidy-master/kv_engine/engines/ep/src/ephemeral_bucket.h:44:5: note: FIX-IT applied suggested code changes
    virtual cb::engine_errc evictKey(CookieIface& cookie,
    ^
/home/couchbase/jenkins/workspace/kv_engine-clang_tidy-master/kv_engine/engines/ep/src/kv_bucket.h:395:29: warning: "virtual" is redundant since the function is already declared "override" [modernize-use-override]
    virtual cb::engine_errc evictKey(CookieIface& cookie,
    ~~~~~~~~                ^
/home/couchbase/jenkins/workspace/kv_engine-clang_tidy-master/kv_engine/engines/ep/src/kv_bucket.h:395:5: note: FIX-IT applied suggested code changes
    virtual cb::engine_errc evictKey(CookieIface& cookie,
    ^
clang-tidy suggested the following changes:

cat &lt;&lt;&quot;EOF&quot; | patch -p1
diff --git a/engines/ep/src/ephemeral_bucket.h b/engines/ep/src/ephemeral_bucket.h
index 0677baa7f..38490a77a 100644
--- a/engines/ep/src/ephemeral_bucket.h
+++ b/engines/ep/src/ephemeral_bucket.h
@@ -41,7 +41,7 @@ public:
 
     /// Eviction not supported for Ephemeral buckets - without some backing
     /// storage, there is nowhere to evict /to/.
-    virtual cb::engine_errc evictKey(CookieIface&amp; cookie,
+    cb::engine_errc evictKey(CookieIface&amp; cookie,
                                      const DocKey&amp; key,
                                      Vbid vbucket) override {
         return cb::engine_errc::not_supported;
diff --git a/engines/ep/src/kv_bucket.h b/engines/ep/src/kv_bucket.h
index 7283579d1..d6d9cbbfc 100644
--- a/engines/ep/src/kv_bucket.h
+++ b/engines/ep/src/kv_bucket.h
@@ -392,7 +392,7 @@ public:
 
     void setRW(size_t shardId, std::unique_ptr&lt;KVStoreIface&gt; rw) override;
 
-    virtual cb::engine_errc evictKey(CookieIface&amp; cookie,
+    cb::engine_errc evictKey(CookieIface&amp; cookie,
                                      const DocKey&amp; key,
                                      Vbid vbucket) override;
 
EOF

</pre> ( https://cv.jenkins.couchbase.com/job/kv_engine-clang_tidy-master/22266/ )

https://cv.jenkins.couchbase.com/job/kv_engine.ASan-UBSan/job/master/32727/ : FAILURE

One of more core files found at the end of the build. Data for post-mortem saved to archived_core_dumps.tar.bz2 under "Build Artifacts". ( https://cv.jenkins.couchbase.com/job/kv_engine.ASan-UBSan/job/master/32727/ )

Test exceeded the timeout:
[2023-01-02T14:41:21.520Z] /usr/bin/timeout: the monitored command dumped core ( https://cv.jenkins.couchbase.com/job/kv_engine.ASan-UBSan/job/master/32727/ )

https://cv.jenkins.couchbase.com/job/kv_engine.linux-debug/job/master/1024/ : FAILURE

One of more core files found at the end of the build. Data for post-mortem saved to archived_core_dumps.tar.bz2 under "Build Artifacts". ( https://cv.jenkins.couchbase.com/job/kv_engine.linux-debug/job/master/1024/ )

Test exceeded the timeout:
[2023-01-02T14:02:57.885Z] Running [41/48]: warmup_mb21769.../usr/bin/timeout: the monitored command dumped core ( https://cv.jenkins.couchbase.com/job/kv_engine.linux-debug/job/master/1024/ )

https://cv.jenkins.couchbase.com/job/kv_engine.aarch64-linux/job/master/12073/ : FAILURE

No problems were identified. If you know why this problem occurred, please add a suitable Cause for it. ( https://cv.jenkins.couchbase.com/job/kv_engine.aarch64-linux/job/master/12073/ )

https://cv.jenkins.couchbase.com/job/kv_engine.macos/job/master/23835/ : FAILURE

No problems were identified. If you know why this problem occurred, please add a suitable Cause for it. ( https://cv.jenkins.couchbase.com/job/kv_engine.macos/job/master/23835/ )

https://cv.jenkins.couchbase.com/job/kv_engine.threadsanitizer/job/master/25590/ : FAILURE

Failure of GoogleTest "SslCertTest.LoginWhenMandatoryGoClient":

<pre>
[ RUN      ] SslCertTest.LoginWhenMandatoryGoClient
[2023-01-02T14:37:04.574Z] TLS handshake failed when connecting to localhost:41713, err=EOF
[2023-01-02T14:37:04.574Z] MakeTLSConn error: EOF
[2023-01-02T14:37:04.574Z] /home/couchbase/jenkins/workspace/kv_engine.threadsanitizer_master/kv_engine/tests/testapp/testapp_cert_tests.cc:307: Failure
[2023-01-02T14:37:04.574Z] Expected equality of these values:
[2023-01-02T14:37:04.574Z]   "Success"
[2023-01-02T14:37:04.574Z]   status
[2023-01-02T14:37:04.574Z]     Which is: "Failure"
[2023-01-02T14:37:04.574Z] {
[2023-01-02T14:37:04.574Z]   "WCOREDUMP": 0,
[2023-01-02T14:37:04.574Z]   "WEXITSTATUS": 1,
[2023-01-02T14:37:04.574Z]   "WIFEXITED": true,
[2023-01-02T14:37:04.574Z]   "WIFSIGNALED": false,
[2023-01-02T14:37:04.574Z]   "WTERMSIG": 0,
[2023-01-02T14:37:04.574Z]   "WTERMSIGNAL": "Unknown signal 0"
[2023-01-02T14:37:04.574Z] }
[2023-01-02T14:37:04.574Z] [  FAILED  ] SslCertTest.LoginWhenMandatoryGoClient (1439 ms)
SslCertTest.LoginWhenMandatoryGoClient
</pre>
 ( https://cv.jenkins.couchbase.com/job/kv_engine.threadsanitizer/job/master/25590/ )

Failure of an engine_testapp test:

<pre>
Running [90/91]: test oso backfill...(1290 ms) OK
[2023-01-02T14:38:18.179Z] # Passed 80 of 91 tests
[2023-01-02T14:38:18.179Z] 
[2023-01-02T14:38:18.179Z]         Start 424: memcached_testapp.ep.TransportProtocols/GetSetSnappyOnOffTest
[2023-01-02T14:38:18.748Z] 417/444 Test #422: memcached_testapp.ep.TransportProtocols/FlushTest .......................................................   Passed    2.31 sec
[2023-01-02T14:38:18.748Z]         Start 425: memcached_testapp.ep.TransportProtocols/InterfacesTest
[2023-01-02T14:38:19.689Z] 418/444 Test #419: memcached_testapp.ep.TransportProtocols/RangeScanTest ...................................................   Passed    6.82 sec
[2023-01-02T14:38:19.690Z]         Start 426: memcached_testapp.ep.TransportProtocols/IoctlTest
[2023-01-02T14:38:21.602Z] 419/444 Test #424: memcached_testapp.ep.TransportProtocols/GetSetSnappyOnOffTest ...........................................   Passed    3.19 sec
[2023-01-02T14:38:21.602Z]         Start 427: memcached_testapp.ep.TransportProtocols/IPv6Test
[2023-01-02T14:38:21.602Z] 420/444 Test #418: memcached_testapp.ep.Clean/PersistToTest ................................................................   Passed    8.84 sec
[2023-01-02T14:38:21.602Z]         Start 428: memcached_testapp.ep.TransportProtocols/ClusterConfigTest
[2023-01-02T14:38:22.184Z] 421/444 Test #426: memcached_testapp.ep.TransportProtocols/IoctlTest .......................................................   Passed    2.27 sec
[2023-01-02T14:38:22.184Z]         Start 429: memcached_testapp.ep.TransportProtocols/CmdTimerTest
[2023-01-02T14:38:22.184Z] 422/444 Test #402: memcached_testapp.ep.Subdoc/SubdocTestappTest ...........................................................   Passed   25.48 sec
[2023-01-02T14:38:22.184Z]         Start 430: memcached_testapp.ep.TransportProtocols/CollectionsTest
[2023-01-02T14:38:23.562Z] 423/444 Test #427: memcached_testapp.ep.TransportProtocols/IPv6Test ........................................................   Passed    2.17 sec
[2023-01-02T14:38:23.562Z]         Start 431: memcached_testapp.ep.TransportProtocols/DcpTest
[2023-01-02T14:38:24.131Z] 424/444 Test #425: memcached_testapp.ep.TransportProtocols/InterfacesTest ..................................................   Passed    5.45 sec
[2023-01-02T14:38:24.131Z]         Start 432: memcached_testapp.ep.TransportProtocols/DcpConsumerBufferAckTest
[2023-01-02T14:38:24.701Z] 425/444 Test #430: memcached_testapp.ep.TransportProtocols/CollectionsTest .................................................   Passed    2.31 sec
[2023-01-02T14:38:24.701Z]         Start 433: memcached_testapp.ep.Transport/DeprecatedCommandsTests
[2023-01-02T14:38:25.266Z] 426/444 Test #429: memcached_testapp.ep.TransportProtocols/CmdTimerTest ....................................................   Passed    3.10 sec
[2023-01-02T14:38:25.266Z]         Start 434: memcached_testapp.ep.TransportProtocols/DurabilityTest
[2023-01-02T14:38:26.644Z] 427/444 Test #421: memcached_testapp.ep.TransportProtocols/ExternalAuthTest ................................................   Passed   11.44 sec
[2023-01-02T14:38:26.644Z]         Start 435: memcached_testapp.ep.TransportProtocols/SubdocDurabilityTest
[2023-01-02T14:38:26.644Z] 428/444 Test #431: memcached_testapp.ep.TransportProtocols/DcpTest .........................................................   Passed    3.01 sec
[2023-01-02T14:38:26.644Z]         Start 436: memcached_testapp.ep.TransportProtocols/ArithmeticTest
[2023-01-02T14:38:27.580Z] 429/444 Test #434: memcached_testapp.ep.TransportProtocols/DurabilityTest ..................................................   Passed    2.40 sec
[2023-01-02T14:38:27.580Z]         Start 437: memcached_testapp.ep.TransportProtocols/ArithmeticXattrOnTest
[2023-01-02T14:38:29.482Z] 430/444 Test #435: memcached_testapp.ep.TransportProtocols/SubdocDurabilityTest ............................................   Passed    2.57 sec
[2023-01-02T14:38:29.482Z]         Start 438: memcached_testapp.ep.TransportProtocols/AuditTest
[2023-01-02T14:38:30.051Z] 431/444 Test #428: memcached_testapp.ep.TransportProtocols/ClusterConfigTest ...............................................   Passed    8.19 sec
[2023-01-02T14:38:30.051Z]         Start 439: memcached_testapp.ep.TransportProtocols/BucketTest
[2023-01-02T14:38:30.051Z] 432/444 Test #437: memcached_testapp.ep.TransportProtocols/ArithmeticXattrOnTest ...........................................   Passed    2.44 sec
[2023-01-02T14:38:30.051Z]         Start 440: testapp_auth_provider_test
[2023-01-02T14:38:30.051Z] 433/444 Test #440: testapp_auth_provider_test ..............................................................................   Passed    0.04 sec
[2023-01-02T14:38:30.051Z]         Start 441: cluster_test
[2023-01-02T14:38:31.424Z] 434/444 Test #432: memcached_testapp.ep.TransportProtocols/DcpConsumerBufferAckTest ........................................   Passed    7.13 sec
[2023-01-02T14:38:31.424Z]         Start 442: serverless_test_magma
[2023-01-02T14:38:32.359Z] 435/444 Test #433: memcached_testapp.ep.Transport/DeprecatedCommandsTests ..................................................   Passed    7.69 sec
[2023-01-02T14:38:32.360Z]         Start 443: memcached_unsigned_leb128_test
[2023-01-02T14:38:32.360Z] 436/444 Test #443: memcached_unsigned_leb128_test ..........................................................................   Passed    0.04 sec
[2023-01-02T14:38:32.360Z]         Start 444: memcached-hostutils-test
[2023-01-02T14:38:32.360Z] 437/444 Test #444: memcached-hostutils-test ................................................................................   Passed    0.04 sec
[2023-01-02T14:38:34.267Z] 438/444 Test #439: memcached_testapp.ep.TransportProtocols/BucketTest ......................................................   Passed    3.94 sec
[2023-01-02T14:38:46.480Z] 439/444 Test #327: ep_perfsuite.ephemeral ..................................................................................   Passed  123.39 sec
[2023-01-02T14:38:49.065Z] 440/444 Test #436: memcached_testapp.ep.TransportProtocols/ArithmeticTest ..................................................   Passed   22.53 sec
[2023-01-02T14:38:50.490Z] 441/444 Test #423: memcached_testapp.ep.TransportProtocols/GetSetTest ......................................................   Passed   33.79 sec
[2023-01-02T14:38:54.686Z] 442/444 Test #438: memcached_testapp.ep.TransportProtocols/AuditTest .......................................................   Passed   25.58 sec
[2023-01-02T14:39:41.389Z] 443/444 Test #441: cluster_test ............................................................................................   Passed   63.78 sec
[2023-01-02T14:43:17.922Z] 444/444 Test #442: serverless_test_magma ...................................................................................   Passed  280.73 sec
[2023-01-02T14:43:17.922Z] 
[2023-01-02T14:43:17.922Z] 94% tests passed, 26 tests failed out of 444
[2023-01-02T14:43:17.922Z] 
[2023-01-02T14:43:17.922Z] Total Test time (real) = 1616.95 sec
[2023-01-02T14:43:17.922Z] 
[2023-01-02T14:43:17.922Z] The following tests FAIL
</pre>
 ( https://cv.jenkins.couchbase.com/job/kv_engine.threadsanitizer/job/master/25590/ )

https://cv.jenkins.couchbase.com/job/kv_engine-clang_format_9/21882/ : SUCCESS
----------------------------------------------------------------------------------------------------------------------
