======================================================================================================================
DESCRIPTION:

MB-45066: Add adminConnection to each test suite

The connection may be reused instead of connecting a new connection
every time we want to run a command with privileges.

This change reduce the number of connections created to 4031

Change-Id: I35849385c0f6e8afeab8c0299f6f8e8f486d31e6

======================================================================================================================
COMMENTS
======================================================================================================================
Author: Trond Norbye
Date: 2021-08-30 13:41:36.000000000
Message: 
Uploaded patch set 9.
----------------------------------------------------------------------------------------------------------------------
Author: Build Bot
Date: 2021-08-30 14:09:46.000000000
Message: 
Patch Set 9: Verified-1

Build Failed 

http://cv.jenkins.couchbase.com/job/kv_engine-windows-master/39181/ : FAILURE

Failure of an engine_testapp test:

<pre>
Running [0058/0157]: ep workload stats...WARNING: Logging before InitGoogleLogging() is written to STDERR
E0830 06:59:47.980877 81404 NotificationQueue.h:555] [NotificationQueue] Unexpected state while draining signals: signal_=1 bytes_read=0
(21 ms) OK


99% tests passed, 1 tests failed out of 403

Total Test time (real) = 659.24 sec

The following tests FAIL
</pre>
 ( http://cv.jenkins.couchbase.com/job/kv_engine-windows-master/39181/ )

Timeout of a CTest test 403/403 Test #255: ep_testsuite.ephemeral.comp_passive ...........................................................................................} ( http://cv.jenkins.couchbase.com/job/kv_engine-windows-master/39181/ )

http://cv.jenkins.couchbase.com/job/kv_engine.linux/job/master/13617/ : FAILURE

Timeout of a CTest test [2021-08-30T13:58:53.390Z] 422/422 Test #242: ep-engine_ep_unit_tests.KVStoreParam/KVStoreParamTest .......................................................} ( http://cv.jenkins.couchbase.com/job/kv_engine.linux/job/master/13617/ )

http://cv.jenkins.couchbase.com/job/kv_engine.threadsanitizer/job/master/14032/ : FAILURE

Failure of an engine_testapp test:

<pre>
Running [0016/0093]: test dcp replica stream one collection...../kv_engine/engines/ep/tests/ep_testsuite_dcp.cc:717 Test failed: `" (Expected `118", got `94" - Buffer Size did not get set correctly)
[2021-08-30T13:58:43.278Z] (21615 ms) FAIL
</pre>
 ( http://cv.jenkins.couchbase.com/job/kv_engine.threadsanitizer/job/master/14032/ )

http://cv.jenkins.couchbase.com/job/kv_engine.ASan-UBSan/job/master/21544/ : FAILURE

Failure of GoogleTest "TransportProtocols/TuneMcbpSla.SlowCommandLogging/McbpSsl":

<pre>
[ RUN      ] TransportProtocols/TuneMcbpSla.SlowCommandLogging/McbpSsl
[2021-08-30T13:59:48.083Z] unknown file: Failure
[2021-08-30T13:59:48.083Z] C++ exception with description "[json.exception.parse_error.101] parse error at line 1, column 457: syntax error while parsing object - unexpected end of input; expected "}"" thrown in the test body.
[2021-08-30T13:59:48.083Z] [  FAILED  ] TransportProtocols/TuneMcbpSla.SlowCommandLogging/McbpSsl, where GetParam() = McbpSsl (9 ms)
TransportProtocols/TuneMcbpSla.SlowCommandLogging/McbpSsl
</pre>
 ( http://cv.jenkins.couchbase.com/job/kv_engine.ASan-UBSan/job/master/21544/ )

One of more core files found at the end of the build. Data for post-mortem saved to archived_core_dumps.tar.bz2 under "Build Artifacts". ( http://cv.jenkins.couchbase.com/job/kv_engine.ASan-UBSan/job/master/21544/ )

http://cv.jenkins.couchbase.com/job/kv_engine-clang_tidy-master/11774/ : SUCCESS

http://cv.jenkins.couchbase.com/job/kv_engine-clang_analyzer-master/33364/ : SUCCESS

http://cv.jenkins.couchbase.com/job/kv_engine-clang_format_9/10557/ : SUCCESS

http://cv.jenkins.couchbase.com/job/kv_engine.libFuzzer/job/master/1418/ : SUCCESS

http://cv.jenkins.couchbase.com/job/kv_engine.macos/job/master/12531/ : SUCCESS

http://cv.jenkins.couchbase.com/job/kv_engine.linux-CE/job/master/13385/ : SUCCESS

http://cv.jenkins.couchbase.com/job/kv_engine.aarch64-linux/job/master/1434/ : SUCCESS
----------------------------------------------------------------------------------------------------------------------
Author: Build Bot
Date: 2021-08-30 19:52:14.000000000
Message: 
Patch Set 9:

Build Failed 

http://cv.jenkins.couchbase.com/job/kv_engine.threadsanitizer/job/master/14037/ : FAILURE

Failure of GoogleTest "TransportProtocols/TuneMcbpSla.SlowCommandLogging/McbpSsl":

<pre>
[ RUN      ] TransportProtocols/TuneMcbpSla.SlowCommandLogging/McbpSsl
[2021-08-30T19:38:39.127Z] unknown file: Failure
[2021-08-30T19:38:39.127Z] C++ exception with description "[json.exception.parse_error.101] parse error at line 1, column 301: syntax error while parsing value - invalid string: forbidden character after backslash; last read: ""{\"ip\":\"127.0.0.1\",\"port\"" thrown in the test body.
[2021-08-30T19:38:39.127Z] [  FAILED  ] TransportProtocols/TuneMcbpSla.SlowCommandLogging/McbpSsl, where GetParam() = McbpSsl (20 ms)
TransportProtocols/TuneMcbpSla.SlowCommandLogging/McbpSsl
</pre>
 ( http://cv.jenkins.couchbase.com/job/kv_engine.threadsanitizer/job/master/14037/ )

http://cv.jenkins.couchbase.com/job/kv_engine.ASan-UBSan/job/master/21550/ : FAILURE

Failure of GoogleTest "TransportProtocols/TuneMcbpSla.SlowCommandLogging/McbpSsl":

<pre>
[ RUN      ] TransportProtocols/TuneMcbpSla.SlowCommandLogging/McbpSsl
[2021-08-30T19:28:27.300Z] unknown file: Failure
[2021-08-30T19:28:27.300Z] C++ exception with description "[json.exception.parse_error.101] parse error at line 1, column 456: syntax error while parsing object - unexpected end of input; expected "}"" thrown in the test body.
[2021-08-30T19:28:27.300Z] [  FAILED  ] TransportProtocols/TuneMcbpSla.SlowCommandLogging/McbpSsl, where GetParam() = McbpSsl (10 ms)
TransportProtocols/TuneMcbpSla.SlowCommandLogging/McbpSsl
</pre>
 ( http://cv.jenkins.couchbase.com/job/kv_engine.ASan-UBSan/job/master/21550/ )

One of more core files found at the end of the build. Data for post-mortem saved to archived_core_dumps.tar.bz2 under "Build Artifacts". ( http://cv.jenkins.couchbase.com/job/kv_engine.ASan-UBSan/job/master/21550/ )

http://cv.jenkins.couchbase.com/job/kv_engine-windows-master/39187/ : FAILURE

Failure of an engine_testapp test:

<pre>
Running [0058/0157]: ep workload stats...(19 ms) OK


99% tests passed, 1 tests failed out of 403

Total Test time (real) = 657.45 sec

The following tests FAIL
</pre>
 ( http://cv.jenkins.couchbase.com/job/kv_engine-windows-master/39187/ )

Timeout of a CTest test 403/403 Test #256: ep_testsuite.ephemeral.comp_active ............................................................................................} ( http://cv.jenkins.couchbase.com/job/kv_engine-windows-master/39187/ )

http://cv.jenkins.couchbase.com/job/kv_engine-clang_tidy-master/11774/ : SUCCESS

http://cv.jenkins.couchbase.com/job/kv_engine-clang_analyzer-master/33364/ : SUCCESS

http://cv.jenkins.couchbase.com/job/kv_engine-clang_format_9/10557/ : SUCCESS

http://cv.jenkins.couchbase.com/job/kv_engine.libFuzzer/job/master/1418/ : SUCCESS

http://cv.jenkins.couchbase.com/job/kv_engine.macos/job/master/12531/ : SUCCESS

http://cv.jenkins.couchbase.com/job/kv_engine.linux-CE/job/master/13385/ : SUCCESS

http://cv.jenkins.couchbase.com/job/kv_engine.aarch64-linux/job/master/1434/ : SUCCESS

http://cv.jenkins.couchbase.com/job/kv_engine.linux/job/master/13622/ : SUCCESS
----------------------------------------------------------------------------------------------------------------------
Author: Build Bot
Date: 2021-08-31 05:10:46.000000000
Message: 
Patch Set 9:

Build Failed 

http://cv.jenkins.couchbase.com/job/kv_engine.threadsanitizer/job/master/14039/ : ABORTED

http://cv.jenkins.couchbase.com/job/kv_engine.ASan-UBSan/job/master/21550/ : FAILURE

Failure of GoogleTest "TransportProtocols/TuneMcbpSla.SlowCommandLogging/McbpSsl":

<pre>
[ RUN      ] TransportProtocols/TuneMcbpSla.SlowCommandLogging/McbpSsl
[2021-08-30T19:28:27.300Z] unknown file: Failure
[2021-08-30T19:28:27.300Z] C++ exception with description "[json.exception.parse_error.101] parse error at line 1, column 456: syntax error while parsing object - unexpected end of input; expected "}"" thrown in the test body.
[2021-08-30T19:28:27.300Z] [  FAILED  ] TransportProtocols/TuneMcbpSla.SlowCommandLogging/McbpSsl, where GetParam() = McbpSsl (10 ms)
TransportProtocols/TuneMcbpSla.SlowCommandLogging/McbpSsl
</pre>
 ( http://cv.jenkins.couchbase.com/job/kv_engine.ASan-UBSan/job/master/21550/ )

One of more core files found at the end of the build. Data for post-mortem saved to archived_core_dumps.tar.bz2 under "Build Artifacts". ( http://cv.jenkins.couchbase.com/job/kv_engine.ASan-UBSan/job/master/21550/ )

http://cv.jenkins.couchbase.com/job/kv_engine-windows-master/39187/ : FAILURE

Failure of an engine_testapp test:

<pre>
Running [0058/0157]: ep workload stats...(19 ms) OK


99% tests passed, 1 tests failed out of 403

Total Test time (real) = 657.45 sec

The following tests FAIL
</pre>
 ( http://cv.jenkins.couchbase.com/job/kv_engine-windows-master/39187/ )

Timeout of a CTest test 403/403 Test #256: ep_testsuite.ephemeral.comp_active ............................................................................................} ( http://cv.jenkins.couchbase.com/job/kv_engine-windows-master/39187/ )

http://cv.jenkins.couchbase.com/job/kv_engine-clang_tidy-master/11774/ : SUCCESS

http://cv.jenkins.couchbase.com/job/kv_engine-clang_analyzer-master/33364/ : SUCCESS

http://cv.jenkins.couchbase.com/job/kv_engine-clang_format_9/10557/ : SUCCESS

http://cv.jenkins.couchbase.com/job/kv_engine.libFuzzer/job/master/1418/ : SUCCESS

http://cv.jenkins.couchbase.com/job/kv_engine.macos/job/master/12531/ : SUCCESS

http://cv.jenkins.couchbase.com/job/kv_engine.linux-CE/job/master/13385/ : SUCCESS

http://cv.jenkins.couchbase.com/job/kv_engine.aarch64-linux/job/master/1434/ : SUCCESS

http://cv.jenkins.couchbase.com/job/kv_engine.linux/job/master/13622/ : SUCCESS
----------------------------------------------------------------------------------------------------------------------
