======================================================================================================================
DESCRIPTION:

MB-33549: Refactor EPStats ctor to call reset()

Rather than setting stats to their initial values in both
the constructor and in the reset() method, make the constructor call
reset() instead.

Change-Id: Id801d6d31e6342a7182d576f9c44cfc49f7064d2

======================================================================================================================
COMMENTS
======================================================================================================================
Author: Douglas
Date: 2022-04-01 08:58:43.000000000
Message: 
Patch Set 26: Patch Set 25 was rebased
----------------------------------------------------------------------------------------------------------------------
Author: Build Bot
Date: 2022-04-01 09:22:34.000000000
Message: 
Patch Set 26: Verified-1

Build Failed 

http://cv.jenkins.couchbase.com/job/kv_engine-windows-master/44851/ : FAILURE

Failure of an engine_testapp test:

<pre>
Running [36/47]: vbucket deletion doesn"t affect new data...W0401 02:14:46.495301 123864 HazptrDomain.h:670] Using the default inline executor for asynchronous reclamation may be susceptible to deadlock if the current thread happens to hold a resource needed by the deleter of a reclaimable object


99% tests passed, 1 tests failed out of 432

Total Test time (real) = 352.67 sec

The following tests FAIL
</pre>
 ( http://cv.jenkins.couchbase.com/job/kv_engine-windows-master/44851/ )

Timeout of a CTest test 432/432 Test #291: ep_testsuite_basic.full_eviction.comp_passive .................................................................................} ( http://cv.jenkins.couchbase.com/job/kv_engine-windows-master/44851/ )

http://cv.jenkins.couchbase.com/job/kv_engine.linux-CE/job/master/18088/ : FAILURE

Failure of GoogleTest "TransportProtocols/GetSetTest.TestGetRandomKey/McbpSsl_XattrYes_JsonYes_SnappyYes":

<pre>
[ RUN      ] TransportProtocols/GetSetTest.TestGetRandomKey/McbpSsl_XattrYes_JsonYes_SnappyYes
[2022-04-01T09:18:18.205Z] unknown file: Failure
[2022-04-01T09:18:18.205Z] C++ exception with description "Failed to store doTestGetRandomKey: Temporary failure (134)" thrown in the test body.
[2022-04-01T09:18:18.205Z] [  FAILED  ] TransportProtocols/GetSetTest.TestGetRandomKey/McbpSsl_XattrYes_JsonYes_SnappyYes, where GetParam() = (McbpSsl, XattrYes, 4-byte object <00-00 00-00>, 4-byte object <00-00 00-00>) (2 ms)
TransportProtocols/GetSetTest.TestGetRandomKey/McbpSsl_XattrYes_JsonYes_SnappyYes
</pre>
 ( http://cv.jenkins.couchbase.com/job/kv_engine.linux-CE/job/master/18088/ )

http://cv.jenkins.couchbase.com/job/kv_engine-clang_analyzer-master/37721/ : SUCCESS

http://cv.jenkins.couchbase.com/job/kv_engine-clang_tidy-master/16316/ : SUCCESS

http://cv.jenkins.couchbase.com/job/kv_engine-clang_format_9/15252/ : SUCCESS

http://cv.jenkins.couchbase.com/job/kv_engine.libFuzzer/job/master/5972/ : SUCCESS

http://cv.jenkins.couchbase.com/job/kv_engine.threadsanitizer/job/master/19120/ : SUCCESS

http://cv.jenkins.couchbase.com/job/kv_engine.linux/job/master/18414/ : SUCCESS

http://cv.jenkins.couchbase.com/job/kv_engine.aarch64-linux/job/master/6032/ : SUCCESS

http://cv.jenkins.couchbase.com/job/kv_engine.macos/job/master/17175/ : SUCCESS

http://cv.jenkins.couchbase.com/job/kv_engine.ASan-UBSan/job/master/26498/ : SUCCESS
----------------------------------------------------------------------------------------------------------------------
Author: Build Bot
Date: 2022-04-01 09:53:51.000000000
Message: 
Patch Set 26:

Build Failed 

http://cv.jenkins.couchbase.com/job/kv_engine-windows-master/44858/ : FAILURE

Failure of GoogleTest "RbacTest.DcpOpenWithoutAccess":

<pre>
[ RUN      ] RbacTest.DcpOpenWithoutAccess
unknown file: error: SEH exception with code 0xc0000005 thrown in the test body.
[  FAILED  ] RbacTest.DcpOpenWithoutAccess (1 ms)
RbacTest.DcpOpenWithoutAccess
</pre>
 ( http://cv.jenkins.couchbase.com/job/kv_engine-windows-master/44858/ )

http://cv.jenkins.couchbase.com/job/kv_engine-clang_analyzer-master/37721/ : SUCCESS

http://cv.jenkins.couchbase.com/job/kv_engine-clang_tidy-master/16316/ : SUCCESS

http://cv.jenkins.couchbase.com/job/kv_engine-clang_format_9/15252/ : SUCCESS

http://cv.jenkins.couchbase.com/job/kv_engine.libFuzzer/job/master/5972/ : SUCCESS

http://cv.jenkins.couchbase.com/job/kv_engine.threadsanitizer/job/master/19120/ : SUCCESS

http://cv.jenkins.couchbase.com/job/kv_engine.linux-CE/job/master/18094/ : SUCCESS

http://cv.jenkins.couchbase.com/job/kv_engine.linux/job/master/18414/ : SUCCESS

http://cv.jenkins.couchbase.com/job/kv_engine.aarch64-linux/job/master/6032/ : SUCCESS

http://cv.jenkins.couchbase.com/job/kv_engine.macos/job/master/17175/ : SUCCESS

http://cv.jenkins.couchbase.com/job/kv_engine.ASan-UBSan/job/master/26498/ : SUCCESS
----------------------------------------------------------------------------------------------------------------------
Author: Build Bot
Date: 2022-04-01 15:58:57.000000000
Message: 
Patch Set 26:

Build Failed 

http://cv.jenkins.couchbase.com/job/kv_engine-windows-master/44879/ : FAILURE

Failure of an engine_testapp test:

<pre>
Running [43/159]: bg stats...(10 ms) SKIPPED


99% tests passed, 1 tests failed out of 432

Total Test time (real) = 688.02 sec

The following tests FAIL
</pre>
 ( http://cv.jenkins.couchbase.com/job/kv_engine-windows-master/44879/ )

Timeout of a CTest test 432/432 Test #285: ep_testsuite.ephemeral.comp_passive ...........................................................................................} ( http://cv.jenkins.couchbase.com/job/kv_engine-windows-master/44879/ )

http://cv.jenkins.couchbase.com/job/kv_engine-clang_analyzer-master/37721/ : SUCCESS

http://cv.jenkins.couchbase.com/job/kv_engine-clang_tidy-master/16316/ : SUCCESS

http://cv.jenkins.couchbase.com/job/kv_engine-clang_format_9/15252/ : SUCCESS

http://cv.jenkins.couchbase.com/job/kv_engine.libFuzzer/job/master/5972/ : SUCCESS

http://cv.jenkins.couchbase.com/job/kv_engine.threadsanitizer/job/master/19120/ : SUCCESS

http://cv.jenkins.couchbase.com/job/kv_engine.linux-CE/job/master/18094/ : SUCCESS

http://cv.jenkins.couchbase.com/job/kv_engine.linux/job/master/18414/ : SUCCESS

http://cv.jenkins.couchbase.com/job/kv_engine.aarch64-linux/job/master/6032/ : SUCCESS

http://cv.jenkins.couchbase.com/job/kv_engine.macos/job/master/17175/ : SUCCESS

http://cv.jenkins.couchbase.com/job/kv_engine.ASan-UBSan/job/master/26498/ : SUCCESS
----------------------------------------------------------------------------------------------------------------------
Author: Build Bot
Date: 2022-04-04 08:56:21.000000000
Message: 
Patch Set 26:

Build Failed 

http://cv.jenkins.couchbase.com/job/kv_engine-windows-master/44886/ : FAILURE

Failure of GoogleTest "AllBucketTypes/DurabilityPassiveStreamTest.ReceiveDcpCommit/persistent_magma_full_eviction":

<pre>
[ RUN      ] AllBucketTypes/DurabilityPassiveStreamTest.ReceiveDcpCommit/persistent_magma_full_eviction
2022-04-04T01:53:31.258677-07:00 CRITICAL (SynchronousEPEngine:default) MagmaKVStore Magma open failed. Status:IOError: Unable to open file ep_engine_ep_unit_tests.db/test.327002/magma.0/config.json.tmp: The system cannot find the path specified.
unknown file: error: C++ exception with description "MagmaKVStore Magma open failed. Status:IOError: Unable to open file ep_engine_ep_unit_tests.db/test.327002/magma.0/config.json.tmp: The system cannot find the path specified." thrown in SetUp().
unknown file: error: SEH exception with code 0xc0000005 thrown in TearDown().
[  FAILED  ] AllBucketTypes/DurabilityPassiveStreamTest.ReceiveDcpCommit/persistent_magma_full_eviction, where GetParam() = "bucket_type=persistent:backend=magma:item_eviction_policy=full_eviction" (15 ms)
AllBucketTypes/DurabilityPassiveStreamTest.ReceiveDcpCommit/persistent_magma_full_eviction
</pre>
 ( http://cv.jenkins.couchbase.com/job/kv_engine-windows-master/44886/ )

http://cv.jenkins.couchbase.com/job/kv_engine-clang_analyzer-master/37721/ : SUCCESS

http://cv.jenkins.couchbase.com/job/kv_engine-clang_tidy-master/16316/ : SUCCESS

http://cv.jenkins.couchbase.com/job/kv_engine-clang_format_9/15252/ : SUCCESS

http://cv.jenkins.couchbase.com/job/kv_engine.libFuzzer/job/master/5972/ : SUCCESS

http://cv.jenkins.couchbase.com/job/kv_engine.threadsanitizer/job/master/19120/ : SUCCESS

http://cv.jenkins.couchbase.com/job/kv_engine.linux-CE/job/master/18094/ : SUCCESS

http://cv.jenkins.couchbase.com/job/kv_engine.linux/job/master/18414/ : SUCCESS

http://cv.jenkins.couchbase.com/job/kv_engine.aarch64-linux/job/master/6032/ : SUCCESS

http://cv.jenkins.couchbase.com/job/kv_engine.macos/job/master/17175/ : SUCCESS

http://cv.jenkins.couchbase.com/job/kv_engine.ASan-UBSan/job/master/26498/ : SUCCESS
----------------------------------------------------------------------------------------------------------------------
Author: Build Bot
Date: 2022-04-04 09:21:22.000000000
Message: 
Patch Set 26:

Build Failed 

http://cv.jenkins.couchbase.com/job/kv_engine-windows-master/44889/ : FAILURE

Timeout of a CTest test 432/432 Test #183: ep-engine_ep_unit_tests.PersistentAndEphemeral/StreamTest .....................................................................} ( http://cv.jenkins.couchbase.com/job/kv_engine-windows-master/44889/ )

http://cv.jenkins.couchbase.com/job/kv_engine-clang_analyzer-master/37721/ : SUCCESS

http://cv.jenkins.couchbase.com/job/kv_engine-clang_tidy-master/16316/ : SUCCESS

http://cv.jenkins.couchbase.com/job/kv_engine-clang_format_9/15252/ : SUCCESS

http://cv.jenkins.couchbase.com/job/kv_engine.libFuzzer/job/master/5972/ : SUCCESS

http://cv.jenkins.couchbase.com/job/kv_engine.threadsanitizer/job/master/19120/ : SUCCESS

http://cv.jenkins.couchbase.com/job/kv_engine.linux-CE/job/master/18094/ : SUCCESS

http://cv.jenkins.couchbase.com/job/kv_engine.linux/job/master/18414/ : SUCCESS

http://cv.jenkins.couchbase.com/job/kv_engine.aarch64-linux/job/master/6032/ : SUCCESS

http://cv.jenkins.couchbase.com/job/kv_engine.macos/job/master/17175/ : SUCCESS

http://cv.jenkins.couchbase.com/job/kv_engine.ASan-UBSan/job/master/26498/ : SUCCESS
----------------------------------------------------------------------------------------------------------------------
Author: Build Bot
Date: 2022-04-04 10:48:01.000000000
Message: 
Patch Set 26:

Build Failed 

http://cv.jenkins.couchbase.com/job/kv_engine-windows-master/44899/ : FAILURE

Failure of GoogleTest "FullAndValueEvictionBloomFilterOff/EPBucketBloomFilterParameterizedTest.store_if/persistent_couchstore_value_only_bfilter_false":

<pre>
[ RUN      ] FullAndValueEvictionBloomFilterOff/EPBucketBloomFilterParameterizedTest.store_if/persistent_couchstore_value_only_bfilter_false
unknown file: error: C++ exception with description "KVStoreFactory ctor: Specified dbname "ep_engine_ep_unit_tests.db/test.851901" is not a directory" thrown in SetUp().
unknown file: error: SEH exception with code 0xc0000005 thrown in TearDown().
[  FAILED  ] FullAndValueEvictionBloomFilterOff/EPBucketBloomFilterParameterizedTest.store_if/persistent_couchstore_value_only_bfilter_false, where GetParam() = "bucket_type=persistent:backend=couchstore:item_eviction_policy=value_only:bfilter_enabled=false" (4 ms)
FullAndValueEvictionBloomFilterOff/EPBucketBloomFilterParameterizedTest.store_if/persistent_couchstore_value_only_bfilter_false
</pre>
 ( http://cv.jenkins.couchbase.com/job/kv_engine-windows-master/44899/ )

http://cv.jenkins.couchbase.com/job/kv_engine-clang_analyzer-master/37721/ : SUCCESS

http://cv.jenkins.couchbase.com/job/kv_engine-clang_tidy-master/16316/ : SUCCESS

http://cv.jenkins.couchbase.com/job/kv_engine-clang_format_9/15252/ : SUCCESS

http://cv.jenkins.couchbase.com/job/kv_engine.libFuzzer/job/master/5972/ : SUCCESS

http://cv.jenkins.couchbase.com/job/kv_engine.threadsanitizer/job/master/19120/ : SUCCESS

http://cv.jenkins.couchbase.com/job/kv_engine.linux-CE/job/master/18094/ : SUCCESS

http://cv.jenkins.couchbase.com/job/kv_engine.linux/job/master/18414/ : SUCCESS

http://cv.jenkins.couchbase.com/job/kv_engine.aarch64-linux/job/master/6032/ : SUCCESS

http://cv.jenkins.couchbase.com/job/kv_engine.macos/job/master/17175/ : SUCCESS

http://cv.jenkins.couchbase.com/job/kv_engine.ASan-UBSan/job/master/26498/ : SUCCESS
----------------------------------------------------------------------------------------------------------------------
Author: Build Bot
Date: 2022-04-04 14:25:58.000000000
Message: 
Patch Set 26:

Build Failed 

http://cv.jenkins.couchbase.com/job/kv_engine-windows-master/44921/ : FAILURE

Failure of an engine_testapp test:

<pre>
Running [34/159]: test access scanner settings.....\kv_engine\engines\ep\tests\ep_testsuite.cc:3356 Test failed: `" (Expected `0", got `-1" - Initial time incorrect, expect: 02:00, actual: 01:59)
(195 ms) FAIL
</pre>
 ( http://cv.jenkins.couchbase.com/job/kv_engine-windows-master/44921/ )

Timeout of a CTest test 432/432 Test #301: ep_testsuite_dcp.ephemeral.comp_passive .......................................................................................} ( http://cv.jenkins.couchbase.com/job/kv_engine-windows-master/44921/ )

http://cv.jenkins.couchbase.com/job/kv_engine-clang_analyzer-master/37721/ : SUCCESS

http://cv.jenkins.couchbase.com/job/kv_engine-clang_tidy-master/16316/ : SUCCESS

http://cv.jenkins.couchbase.com/job/kv_engine-clang_format_9/15252/ : SUCCESS

http://cv.jenkins.couchbase.com/job/kv_engine.libFuzzer/job/master/5972/ : SUCCESS

http://cv.jenkins.couchbase.com/job/kv_engine.threadsanitizer/job/master/19120/ : SUCCESS

http://cv.jenkins.couchbase.com/job/kv_engine.linux-CE/job/master/18094/ : SUCCESS

http://cv.jenkins.couchbase.com/job/kv_engine.linux/job/master/18414/ : SUCCESS

http://cv.jenkins.couchbase.com/job/kv_engine.aarch64-linux/job/master/6032/ : SUCCESS

http://cv.jenkins.couchbase.com/job/kv_engine.macos/job/master/17175/ : SUCCESS

http://cv.jenkins.couchbase.com/job/kv_engine.ASan-UBSan/job/master/26498/ : SUCCESS
----------------------------------------------------------------------------------------------------------------------
Author: Build Bot
Date: 2022-04-04 16:42:52.000000000
Message: 
Patch Set 26:

Build Failed 

http://cv.jenkins.couchbase.com/job/kv_engine-windows-master/44932/ : FAILURE

Failure of an engine_testapp test:

<pre>
Running [36/47]: vbucket deletion doesn"t affect new data...WARNING: Logging before InitGoogleLogging() is written to STDERR
W0404 09:41:00.173743 114244 HazptrDomain.h:670] Using the default inline executor for asynchronous reclamation may be susceptible to deadlock if the current thread happens to hold a resource needed by the deleter of a reclaimable object

        Start 419: memcached_testapp.ep.TransportProtocols/CollectionsTest
416/432 Test #418: memcached_testapp.ep.TransportProtocols/CmdTimerTest ..........................................................................   Passed    0.81 sec
        Start 420: memcached_testapp.ep.TransportProtocols/DcpTest
417/432 Test #419: memcached_testapp.ep.TransportProtocols/CollectionsTest .......................................................................   Passed    0.77 sec
        Start 421: memcached_testapp.ep.TransportProtocols/DcpConsumerBufferAckTest
418/432 Test #411: memcached_testapp.ep.TransportProtocols/ExternalAuthTest ......................................................................   Passed    6.82 sec
        Start 422: memcached_testapp.ep.Transport/DeprecatedCommandsTests
419/432 Test #420: memcached_testapp.ep.TransportProtocols/DcpTest ...............................................................................   Passed    1.75 sec
        Start 423: memcached_testapp.ep.TransportProtocols/DurabilityTest
420/432 Test #422: memcached_testapp.ep.Transport/DeprecatedCommandsTests ........................................................................   Passed    1.57 sec
        Start 424: memcached_testapp.ep.TransportProtocols/SubdocDurabilityTest
421/432 Test #421: memcached_testapp.ep.TransportProtocols/DcpConsumerBufferAckTest ..............................................................   Passed    1.81 sec
        Start 425: memcached_testapp.ep.TransportProtocols/ArithmeticTest
422/432 Test #423: memcached_testapp.ep.TransportProtocols/DurabilityTest ........................................................................   Passed    0.83 sec
        Start 426: memcached_testapp.ep.TransportProtocols/ArithmeticXattrOnTest
423/432 Test #424: memcached_testapp.ep.TransportProtocols/SubdocDurabilityTest ..................................................................   Passed    0.86 sec
        Start 427: memcached_testapp.ep.TransportProtocols/AuditTest
424/432 Test #417: memcached_testapp.ep.TransportProtocols/ClusterConfigTest .....................................................................   Passed    3.83 sec
        Start 428: memcached_testapp.ep.TransportProtocols/BucketTest
425/432 Test #426: memcached_testapp.ep.TransportProtocols/ArithmeticXattrOnTest .................................................................   Passed    1.06 sec
        Start 429: testapp_auth_provider_test
426/432 Test #429: testapp_auth_provider_test ....................................................................................................   Passed    0.08 sec
        Start 430: cluster_test
427/432 Test #425: memcached_testapp.ep.TransportProtocols/ArithmeticTest ........................................................................   Passed    2.71 sec
        Start 431: memcached_unsigned_leb128_test
428/432 Test #431: memcached_unsigned_leb128_test ................................................................................................   Passed    0.09 sec
        Start 432: memcached-hostutils-test
429/432 Test #432: memcached-hostutils-test ......................................................................................................   Passed    0.09 sec
430/432 Test #428: memcached_testapp.ep.TransportProtocols/BucketTest ............................................................................   Passed    5.76 sec
431/432 Test #427: memcached_testapp.ep.TransportProtocols/AuditTest .............................................................................   Passed   11.49 sec
432/432 Test #430: cluster_test ..................................................................................................................   Passed   17.60 sec

99% tests passed, 1 tests failed out of 432

Total Test time (real) = 756.22 sec

The following tests FAIL
</pre>
 ( http://cv.jenkins.couchbase.com/job/kv_engine-windows-master/44932/ )

Timeout of a CTest test 415/432 Test #293: ep_testsuite_basic.ephemeral.comp_passive .....................................................................................} ( http://cv.jenkins.couchbase.com/job/kv_engine-windows-master/44932/ )

http://cv.jenkins.couchbase.com/job/kv_engine-clang_analyzer-master/37721/ : SUCCESS

http://cv.jenkins.couchbase.com/job/kv_engine-clang_tidy-master/16316/ : SUCCESS

http://cv.jenkins.couchbase.com/job/kv_engine-clang_format_9/15252/ : SUCCESS

http://cv.jenkins.couchbase.com/job/kv_engine.libFuzzer/job/master/5972/ : SUCCESS

http://cv.jenkins.couchbase.com/job/kv_engine.threadsanitizer/job/master/19120/ : SUCCESS

http://cv.jenkins.couchbase.com/job/kv_engine.linux-CE/job/master/18094/ : SUCCESS

http://cv.jenkins.couchbase.com/job/kv_engine.linux/job/master/18414/ : SUCCESS

http://cv.jenkins.couchbase.com/job/kv_engine.aarch64-linux/job/master/6032/ : SUCCESS

http://cv.jenkins.couchbase.com/job/kv_engine.macos/job/master/17175/ : SUCCESS

http://cv.jenkins.couchbase.com/job/kv_engine.ASan-UBSan/job/master/26498/ : SUCCESS
----------------------------------------------------------------------------------------------------------------------
Author: Build Bot
Date: 2022-04-05 08:40:49.000000000
Message: 
Patch Set 26:

Build Failed 

http://cv.jenkins.couchbase.com/job/kv_engine-windows-master/44942/ : FAILURE

Failure of an engine_testapp test:

<pre>
Running [26/93]: test producer stream request (memory only)...(113 ms) OK


99% tests passed, 2 tests failed out of 432

Total Test time (real) = 346.86 sec

The following tests FAIL
</pre>
 ( http://cv.jenkins.couchbase.com/job/kv_engine-windows-master/44942/ )

Timeout of a CTest test 431/432 Test #317: ep_testsuite_xdcr.ephemeral.comp_passive ......................................................................................} ( http://cv.jenkins.couchbase.com/job/kv_engine-windows-master/44942/ )

http://cv.jenkins.couchbase.com/job/kv_engine-clang_analyzer-master/37721/ : SUCCESS

http://cv.jenkins.couchbase.com/job/kv_engine-clang_tidy-master/16316/ : SUCCESS

http://cv.jenkins.couchbase.com/job/kv_engine-clang_format_9/15252/ : SUCCESS

http://cv.jenkins.couchbase.com/job/kv_engine.libFuzzer/job/master/5972/ : SUCCESS

http://cv.jenkins.couchbase.com/job/kv_engine.threadsanitizer/job/master/19120/ : SUCCESS

http://cv.jenkins.couchbase.com/job/kv_engine.linux-CE/job/master/18094/ : SUCCESS

http://cv.jenkins.couchbase.com/job/kv_engine.linux/job/master/18414/ : SUCCESS

http://cv.jenkins.couchbase.com/job/kv_engine.aarch64-linux/job/master/6032/ : SUCCESS

http://cv.jenkins.couchbase.com/job/kv_engine.macos/job/master/17175/ : SUCCESS

http://cv.jenkins.couchbase.com/job/kv_engine.ASan-UBSan/job/master/26498/ : SUCCESS
----------------------------------------------------------------------------------------------------------------------
Author: Build Bot
Date: 2022-04-05 09:14:26.000000000
Message: 
Patch Set 26: Verified-1

Build Failed 

http://cv.jenkins.couchbase.com/job/kv_engine-windows-master/44946/ : ABORTED

No problems were identified. If you know why this problem occurred, please add a suitable Cause for it. ( http://cv.jenkins.couchbase.com/job/kv_engine-windows-master/44946/ )

http://cv.jenkins.couchbase.com/job/kv_engine-clang_analyzer-master/37721/ : SUCCESS

http://cv.jenkins.couchbase.com/job/kv_engine-clang_tidy-master/16316/ : SUCCESS

http://cv.jenkins.couchbase.com/job/kv_engine-clang_format_9/15252/ : SUCCESS

http://cv.jenkins.couchbase.com/job/kv_engine.libFuzzer/job/master/5972/ : SUCCESS

http://cv.jenkins.couchbase.com/job/kv_engine.threadsanitizer/job/master/19120/ : SUCCESS

http://cv.jenkins.couchbase.com/job/kv_engine.linux-CE/job/master/18094/ : SUCCESS

http://cv.jenkins.couchbase.com/job/kv_engine.linux/job/master/18414/ : SUCCESS

http://cv.jenkins.couchbase.com/job/kv_engine.aarch64-linux/job/master/6032/ : SUCCESS

http://cv.jenkins.couchbase.com/job/kv_engine.macos/job/master/17175/ : SUCCESS

http://cv.jenkins.couchbase.com/job/kv_engine.ASan-UBSan/job/master/26498/ : SUCCESS
----------------------------------------------------------------------------------------------------------------------
