======================================================================================================================
DESCRIPTION:

MB-55600: Count system events when warming up to correct item count

With the addition of collection modify event the existing code for
adjusting the vbucket item count no longer works, modify events
aren't accounted for.

To simplify and future proof the item count adjustment (we have always
hidden that system events exist) use getRange to count the system event
key range, and just subtract that value.

Change-Id: If0a5d7073ad025f8e8cd875d8650b53b2c726d88

======================================================================================================================
COMMENTS
======================================================================================================================
Author: Jim Walker
Date: 2023-02-17 15:09:12.000000000
Message: 
Uploaded patch set 4.
----------------------------------------------------------------------------------------------------------------------
Author: Restriction Checker
Date: 2023-02-17 15:09:29.000000000
Message: 
Patch Set 4: Well-Formed+1

Permission granted to commit: 

https://server.jenkins.couchbase.com/job/restricted-branch-check/338627/artifact/restricted.html : SUCCESS
----------------------------------------------------------------------------------------------------------------------
Author: Build Bot
Date: 2023-02-17 15:56:59.000000000
Message: 
Patch Set 4: Verified-1

Build Failed 

https://cv.jenkins.couchbase.com/job/kv_engine-windows-neo/1449/ : FAILURE

Failure of GoogleTest "WarmupDiskTest.diskFailureBeforeLoadPrepares":

<pre>
[ RUN      ] WarmupDiskTest.diskFailureBeforeLoadPrepares
2023-02-17T07:22:51.639063-08:00 CRITICAL (SynchronousEPEngine:default) EPVBucket::setNumTotalItems vb:0 caught exception itemCount:1 - onDiskPrepares:1  - systemEvents:1 = 18446744073709551615 e.what:ThrowExceptionUnderflowPolicy current:0 arg:-1
unknown file: error: C++ exception with description "ThrowExceptionUnderflowPolicy current:0 arg:-1" thrown in the test body.
[  FAILED  ] WarmupDiskTest.diskFailureBeforeLoadPrepares (22 ms)
WarmupDiskTest.diskFailureBeforeLoadPrepares
</pre>
 ( https://cv.jenkins.couchbase.com/job/kv_engine-windows-neo/1449/ )

Timeout of a CTest test 434/434 Test #182: ep-engine_ep_unit_tests.PersistentAndEphemeral/StreamTest .....................................................................} ( https://cv.jenkins.couchbase.com/job/kv_engine-windows-neo/1449/ )

https://cv.jenkins.couchbase.com/job/kv_engine.aarch64-linux/job/neo/1235/ : FAILURE

Failure of GoogleTest "WarmupDiskTest.diskFailureBeforeLoadPrepares":

<pre>
[ RUN      ] WarmupDiskTest.diskFailureBeforeLoadPrepares
[2023-02-17T15:21:18.690Z] 2023-02-17T07:21:18.280660-08:00 CRITICAL (SynchronousEPEngine:default) EPVBucket::setNumTotalItems vb:0 caught exception itemCount:1 - onDiskPrepares:1  - systemEvents:1 = 18446744073709551615 e.what:ThrowExceptionUnderflowPolicy current:0 arg:-1
[2023-02-17T15:21:18.690Z] unknown file: Failure
[2023-02-17T15:21:18.690Z] C++ exception with description "std::exception" thrown in the test body.
[2023-02-17T15:21:18.690Z] [  FAILED  ] WarmupDiskTest.diskFailureBeforeLoadPrepares (7 ms)
WarmupDiskTest.diskFailureBeforeLoadPrepares
</pre>
 ( https://cv.jenkins.couchbase.com/job/kv_engine.aarch64-linux/job/neo/1235/ )

https://cv.jenkins.couchbase.com/job/kv_engine.ASan-UBSan/job/neo/1225/ : FAILURE

Failure of GoogleTest "NexusBackends/DurabilityEPBucketTest.DontRemoveUnCommittedPreparesAtCompaction/persistent_nexus_couchstore_magma_value_only":

<pre>
[ RUN      ] NexusBackends/DurabilityEPBucketTest.DontRemoveUnCommittedPreparesAtCompaction/persistent_nexus_couchstore_magma_value_only
[2023-02-17T15:33:43.872Z] 2023-02-17T15:33:34.834286+00:00 CRITICAL NexusKVStore::getMulti: vb:0: primary getvalues  and secondary get values are different sizes purgeSeqno:0
[2023-02-17T15:33:43.872Z] unknown file: Failure
[2023-02-17T15:33:43.872Z] C++ exception with description "NexusKVStore::getMulti: vb:0: primary getvalues  and secondary get values are different sizes purgeSeqno:0" thrown in the test body.
[2023-02-17T15:33:43.872Z] [  FAILED  ] NexusBackends/DurabilityEPBucketTest.DontRemoveUnCommittedPreparesAtCompaction/persistent_nexus_couchstore_magma_value_only, where GetParam() = "bucket_type=persistent:backend=nexus:nexus_primary_backend=couchstore:nexus_secondary_backend=magma:item_eviction_policy=value_only" (270 ms)
NexusBackends/DurabilityEPBucketTest.DontRemoveUnCommittedPreparesAtCompaction/persistent_nexus_couchstore_magma_value_only
</pre>
 ( https://cv.jenkins.couchbase.com/job/kv_engine.ASan-UBSan/job/neo/1225/ )

One of more core files found at the end of the build. Data for post-mortem saved to archived_core_dumps.tar.bz2 under "Build Artifacts". ( https://cv.jenkins.couchbase.com/job/kv_engine.ASan-UBSan/job/neo/1225/ )

https://cv.jenkins.couchbase.com/job/kv_engine.threadsanitizer/job/neo/1231/ : FAILURE

Failure of GoogleTest "WarmupDiskTest.diskFailureBeforeLoadPrepares":

<pre>
[ RUN      ] WarmupDiskTest.diskFailureBeforeLoadPrepares
[2023-02-17T15:28:38.701Z] 2023-02-17T15:28:37.923739+00:00 CRITICAL (SynchronousEPEngine:default) EPVBucket::setNumTotalItems vb:0 caught exception itemCount:1 - onDiskPrepares:1  - systemEvents:1 = 18446744073709551615 e.what:ThrowExceptionUnderflowPolicy current:0 arg:-1
[2023-02-17T15:28:38.701Z] unknown file: Failure
[2023-02-17T15:28:38.701Z] C++ exception with description "std::exception" thrown in the test body.
[2023-02-17T15:28:38.701Z] [  FAILED  ] WarmupDiskTest.diskFailureBeforeLoadPrepares (246 ms)
WarmupDiskTest.diskFailureBeforeLoadPrepares
</pre>
 ( https://cv.jenkins.couchbase.com/job/kv_engine.threadsanitizer/job/neo/1231/ )

ThreadSanitizer issue: SEGV /tmp/deploy/objdir/../gcc-10.2.0/libstdc++-v3/libsupc++/tinfo.h:68 in adjust_pointer<void>  ( https://cv.jenkins.couchbase.com/job/kv_engine.threadsanitizer/job/neo/1231/ )

https://cv.jenkins.couchbase.com/job/kv_engine.linux/job/neo/1224/ : FAILURE

Failure of GoogleTest "WarmupDiskTest.diskFailureBeforeLoadPrepares":

<pre>
[ RUN      ] WarmupDiskTest.diskFailureBeforeLoadPrepares
[2023-02-17T15:42:41.329Z] 2023-02-17T15:42:41.012181+00:00 CRITICAL (SynchronousEPEngine:default) EPVBucket::setNumTotalItems vb:0 caught exception itemCount:1 - onDiskPrepares:1  - systemEvents:1 = 18446744073709551615 e.what:ThrowExceptionUnderflowPolicy current:0 arg:-1
[2023-02-17T15:42:41.329Z] unknown file: Failure
[2023-02-17T15:42:41.329Z] C++ exception with description "std::exception" thrown in the test body.
[2023-02-17T15:42:41.329Z] [  FAILED  ] WarmupDiskTest.diskFailureBeforeLoadPrepares (16 ms)
WarmupDiskTest.diskFailureBeforeLoadPrepares
</pre>
 ( https://cv.jenkins.couchbase.com/job/kv_engine.linux/job/neo/1224/ )

One of more core files found at the end of the build. Data for post-mortem saved to archived_core_dumps.tar.bz2 under "Build Artifacts". ( https://cv.jenkins.couchbase.com/job/kv_engine.linux/job/neo/1224/ )

https://cv.jenkins.couchbase.com/job/kv_engine.macos/job/neo/1564/ : FAILURE

Failure of GoogleTest "NexusFullOrValue/DurabilityWarmupTest.ActivePendingSyncWrite/persistent_nexus_couchstore_magma_value_only":

<pre>
[ RUN      ] NexusFullOrValue/DurabilityWarmupTest.ActivePendingSyncWrite/persistent_nexus_couchstore_magma_value_only
[2023-02-17T15:30:43.220Z] 2023-02-17T15:30:37.896330+00:00 CRITICAL NexusKVStore::getMulti: vb:0: primary getvalues  and secondary get values are different sizes purgeSeqno:0
[2023-02-17T15:30:43.220Z] unknown file: Failure
[2023-02-17T15:30:43.220Z] C++ exception with description "NexusKVStore::getMulti: vb:0: primary getvalues  and secondary get values are different sizes purgeSeqno:0" thrown in the test body.
[2023-02-17T15:30:43.220Z] [  FAILED  ] NexusFullOrValue/DurabilityWarmupTest.ActivePendingSyncWrite/persistent_nexus_couchstore_magma_value_only, where GetParam() = "bucket_type=persistent:backend=nexus:nexus_primary_backend=couchstore:nexus_secondary_backend=magma:item_eviction_policy=value_only" (104 ms)
NexusFullOrValue/DurabilityWarmupTest.ActivePendingSyncWrite/persistent_nexus_couchstore_magma_value_only
</pre>
 ( https://cv.jenkins.couchbase.com/job/kv_engine.macos/job/neo/1564/ )

https://cv.jenkins.couchbase.com/job/kv_engine.linux-CE/job/neo/1233/ : FAILURE

Failure of GoogleTest "FullAndValueEvictionOnReplicaAndPending/RollbackDcpTest.RollbackPrepareOnTopOfSyncWrite/persistent_couchdb_value_only_replica":

<pre>
[ RUN      ] FullAndValueEvictionOnReplicaAndPending/RollbackDcpTest.RollbackPrepareOnTopOfSyncWrite/persistent_couchdb_value_only_replica
[2023-02-17T15:26:38.668Z] ../kv_engine/engines/ep/tests/module_tests/evp_store_rollback_test.cc:1639: Failure
[2023-02-17T15:26:38.668Z] Expected equality of these values:
[2023-02-17T15:26:38.668Z]   baseItems
[2023-02-17T15:26:38.668Z]     Which is: 1
[2023-02-17T15:26:38.668Z]   vb->getNumTotalItems()
[2023-02-17T15:26:38.668Z]     Which is: 0
[2023-02-17T15:26:38.668Z] [  FAILED  ] FullAndValueEvictionOnReplicaAndPending/RollbackDcpTest.RollbackPrepareOnTopOfSyncWrite/persistent_couchdb_value_only_replica, where GetParam() = ("persistent_couchdb", "value_only", "replica") (13 ms)
FullAndValueEvictionOnReplicaAndPending/RollbackDcpTest.RollbackPrepareOnTopOfSyncWrite/persistent_couchdb_value_only_replica
</pre>
 ( https://cv.jenkins.couchbase.com/job/kv_engine.linux-CE/job/neo/1233/ )

One of more core files found at the end of the build. Data for post-mortem saved to archived_core_dumps.tar.bz2 under "Build Artifacts". ( https://cv.jenkins.couchbase.com/job/kv_engine.linux-CE/job/neo/1233/ )

https://cv.jenkins.couchbase.com/job/kv_engine-clang_tidy-neo/1206/ : SUCCESS

https://cv.jenkins.couchbase.com/job/kv_engine-clang_analyzer-neo/1166/ : SUCCESS

https://cv.jenkins.couchbase.com/job/kv_engine-clang_format_9/22819/ : SUCCESS

https://cv.jenkins.couchbase.com/job/kv_engine.libFuzzer/job/neo/1197/ : SUCCESS
----------------------------------------------------------------------------------------------------------------------
Author: Jim Walker
Date: 2023-02-17 21:12:13.000000000
Message: 
Patch Set 4:

(1 comment)
File Comment: /PATCHSET_LEVEL -> CV failures because the required couchstore change hasn't been merged or checked-out for the CV runs. Will re-trigger once the two backports are merged
----------------------------------------------------------------------------------------------------------------------
Author: Jim Walker
Date: 2023-02-17 21:12:48.000000000
Message: 
Patch Set 4:

(1 comment)
File Comment: /PATCHSET_LEVEL -> No CV pass yet (needs a re-run with couchstore changes merged) but worth comments asap.
----------------------------------------------------------------------------------------------------------------------
Author: Paolo Cocchi
Date: 2023-02-20 07:03:41.000000000
Message: 
Patch Set 4: Code-Review+1

(1 comment)
Line:1204, engines/ep/src/ep_vb.cc -> The SysEvent namespace isn't expected to contain the same (possible huge amount of docs as "data" namespaces, but that can grow quite a bit too..
I've checked that this new code is execute only in the rollback and warmup code, so probably it's fine..

Note: I did check how Manifest::getSystemEventItemCount() is implemented and so why you propose kind of solution for the Modify sysevent.
Probably long-term plan should be implementing a per-operation sysent cout update, which would give us a O(1) getSystemEventItemCount() call?

----------------------------------------------------------------------------------------------------------------------
Author: Build Bot
Date: 2023-02-20 10:54:13.000000000
Message: 
Patch Set 4:

Build Failed 

https://cv.jenkins.couchbase.com/job/kv_engine-windows-neo/1461/ : FAILURE

Failure of an engine_testapp test:

<pre>
Running [31/93]: test producer keep stream open...(34 ms) OK


99% tests passed, 1 tests failed out of 434

Total Test time (real) = 442.24 sec

The following tests FAIL
</pre>
 ( https://cv.jenkins.couchbase.com/job/kv_engine-windows-neo/1461/ )

Timeout of a CTest test 434/434 Test #304: ep_testsuite_dcp.ephemeral.comp_active ........................................................................................} ( https://cv.jenkins.couchbase.com/job/kv_engine-windows-neo/1461/ )

https://cv.jenkins.couchbase.com/job/kv_engine.ASan-UBSan/job/neo/1237/ : FAILURE

One of more core files found at the end of the build. Data for post-mortem saved to archived_core_dumps.tar.bz2 under "Build Artifacts". ( https://cv.jenkins.couchbase.com/job/kv_engine.ASan-UBSan/job/neo/1237/ )

https://cv.jenkins.couchbase.com/job/kv_engine.aarch64-linux/job/neo/1247/ : SUCCESS

https://cv.jenkins.couchbase.com/job/kv_engine-clang_tidy-neo/1218/ : SUCCESS

https://cv.jenkins.couchbase.com/job/kv_engine-clang_analyzer-neo/1178/ : SUCCESS

https://cv.jenkins.couchbase.com/job/kv_engine-clang_format_9/22845/ : SUCCESS

https://cv.jenkins.couchbase.com/job/kv_engine.threadsanitizer/job/neo/1244/ : SUCCESS

https://cv.jenkins.couchbase.com/job/kv_engine.linux/job/neo/1236/ : SUCCESS

https://cv.jenkins.couchbase.com/job/kv_engine.macos/job/neo/1577/ : SUCCESS

https://cv.jenkins.couchbase.com/job/kv_engine.libFuzzer/job/neo/1209/ : SUCCESS

https://cv.jenkins.couchbase.com/job/kv_engine.linux-CE/job/neo/1245/ : SUCCESS
----------------------------------------------------------------------------------------------------------------------
Author: Build Bot
Date: 2023-02-20 12:50:04.000000000
Message: 
Patch Set 4:

Build Failed 

https://cv.jenkins.couchbase.com/job/kv_engine.ASan-UBSan/job/neo/1242/ : FAILURE

One of more core files found at the end of the build. Data for post-mortem saved to archived_core_dumps.tar.bz2 under "Build Artifacts". ( https://cv.jenkins.couchbase.com/job/kv_engine.ASan-UBSan/job/neo/1242/ )

https://cv.jenkins.couchbase.com/job/kv_engine-windows-neo/1468/ : FAILURE

Failure of an engine_testapp test:

<pre>
Running [35/47]: get/delete with missing db file...(93 ms) OK


99% tests passed, 2 tests failed out of 434

Total Test time (real) = 372.37 sec

The following tests FAIL
</pre>
 ( https://cv.jenkins.couchbase.com/job/kv_engine-windows-neo/1468/ )

Timeout of a CTest test 433/434 Test #315: ep_testsuite_xdcr.value_eviction.comp_passive .................................................................................} ( https://cv.jenkins.couchbase.com/job/kv_engine-windows-neo/1468/ )

https://cv.jenkins.couchbase.com/job/kv_engine.aarch64-linux/job/neo/1247/ : SUCCESS

https://cv.jenkins.couchbase.com/job/kv_engine-clang_tidy-neo/1218/ : SUCCESS

https://cv.jenkins.couchbase.com/job/kv_engine-clang_analyzer-neo/1178/ : SUCCESS

https://cv.jenkins.couchbase.com/job/kv_engine-clang_format_9/22845/ : SUCCESS

https://cv.jenkins.couchbase.com/job/kv_engine.threadsanitizer/job/neo/1244/ : SUCCESS

https://cv.jenkins.couchbase.com/job/kv_engine.linux/job/neo/1236/ : SUCCESS

https://cv.jenkins.couchbase.com/job/kv_engine.macos/job/neo/1577/ : SUCCESS

https://cv.jenkins.couchbase.com/job/kv_engine.libFuzzer/job/neo/1209/ : SUCCESS

https://cv.jenkins.couchbase.com/job/kv_engine.linux-CE/job/neo/1245/ : SUCCESS
----------------------------------------------------------------------------------------------------------------------
Author: Jim Walker
Date: 2023-02-22 13:36:55.000000000
Message: 
Patch Set 4:

(1 comment)
Line:1204, engines/ep/src/ep_vb.cc -> Yeah a more generic system events flushed would remove the need for this extra getRange which could be 2400 keys in the worst case (1.2k collections + 1.2k modifications). That could grow if we allow more collections.

Overall i'd like to see profiling guide us here, the reason I went with this is that it's a drop in the ocean over what warmup is overall going to read

----------------------------------------------------------------------------------------------------------------------
