======================================================================================================================
DESCRIPTION:

MB-54810: Include overflow samples in cbstats histograms

Make use of the newly-added overflow metrics in timing histograms to
show the numbera of samples which exceeded the representable range of
the histogram when outputting histograms via cbstats.

Example output from cbstate timings, with 1000 "overflowed" samples
synthesized:

    $ ./cbstats localhost:12000 -u Administrator -p asdasd runtimes
     WorkLoadMonitor[NonIO] (14211 total)
           0us -    0us : (  3.4365%)  454 ████████████
           0us -    1us : ( 45.7876%) 5595 ████████████████████████████████████████████████████████████████████████████████████████████████████████████████████████████████████████████████████▊
           1us -    1us : ( 45.7876%)    0
           1us -    2us : ( 50.9954%)  688 ██████████████████▎
           2us -    3us : ( 71.5616%) 2717 ████████████████████████████████████████████████████████████████████████▎
           3us -    3us : ( 71.5616%)    0
           3us -    4us : ( 95.8595%) 3210 █████████████████████████████████████████████████████████████████████████████████████▍
           4us -    4us : ( 95.8595%)    0
           4us -    5us : ( 99.2506%)  448 ███████████▉
...
         575us -  671us : (100.0000%)    1
          60s - inf     : (overflow ) 1000 ██████████████████████████▌
        Avg             : (    3us)

Note the additon of the final 'overflowed' bucket, which reports the
highest trackable value (60s) to Infinity as the range of this bucket.

Also note that the percentiles are calculated based on the buckets
that the histogram, *excluding* any overflow. In other words, "100%"
of the samples based on the information the histogram has correctly
bucketed.

This behaviour might be surprising (why not include overflowed in
percentiles, given we have it now?), but the reason for this is to
maintain consistent percentile iteration - i.e. a given Histogram
should have buckets at p50, p75, p90, etc. If we re-calculated
percentiles to include the overflow (which the underlying histogram
library which performs the iteration has no knowledge of), then the
reported percentiles would change and this property would be lost.

Change-Id: I827d82aa7272d2b464e3993cea514dce5363233a

======================================================================================================================
COMMENTS
======================================================================================================================
Author: Dave Rigby
Date: 2023-02-20 11:25:45.000000000
Message: 
Uploaded patch set 4: Patch Set 3 was rebased.
----------------------------------------------------------------------------------------------------------------------
Author: Restriction Checker
Date: 2023-02-20 11:26:00.000000000
Message: 
Patch Set 4: Well-Formed+1

Permission granted to commit: 

https://server.jenkins.couchbase.com/job/restricted-branch-check/338889/artifact/restricted.html : SUCCESS
----------------------------------------------------------------------------------------------------------------------
Author: Build Bot
Date: 2023-02-20 13:29:35.000000000
Message: 
Patch Set 4: Verified-1

Build Failed 

https://cv.jenkins.couchbase.com/job/kv_engine-windows-neo/1475/ : FAILURE

Failure of an engine_testapp test:

<pre>
Running [75/160]: disk>RAM update paged-out...(57 ms) OK


99% tests passed, 4 tests failed out of 434

Total Test time (real) = 701.27 sec

The following tests FAIL
</pre>
 ( https://cv.jenkins.couchbase.com/job/kv_engine-windows-neo/1475/ )

Failure of GoogleTest "TransportProtocols/XattrTest.mb25928_SystemCanExceedDocumentLimit/Mcbp_XattrYes_JsonNo_SnappyYes":

<pre>
[ RUN      ] TransportProtocols/XattrTest.mb25928_SystemCanExceedDocumentLimit/Mcbp_XattrYes_JsonNo_SnappyYes
C:/Jenkins/workspace/kv_engine-windows-neo/kv_engine/tests/testapp/testapp_xattr.cc(1916): error: Value of: resp.isSuccess()
  Actual: false
Expected: true
Expected to be able to store system xattrs
[  FAILED  ] TransportProtocols/XattrTest.mb25928_SystemCanExceedDocumentLimit/Mcbp_XattrYes_JsonNo_SnappyYes, where GetParam() = (Mcbp, XattrYes, 4-byte object <01-00 00-00>, 4-byte object <00-00 00-00>) (166 ms)
TransportProtocols/XattrTest.mb25928_SystemCanExceedDocumentLimit/Mcbp_XattrYes_JsonNo_SnappyYes
</pre>
 ( https://cv.jenkins.couchbase.com/job/kv_engine-windows-neo/1475/ )

Timeout of a CTest test 432/434 Test #294: ep_testsuite_basic.full_eviction.comp_active ..................................................................................} ( https://cv.jenkins.couchbase.com/job/kv_engine-windows-neo/1475/ )

https://cv.jenkins.couchbase.com/job/kv_engine.ASan-UBSan/job/neo/1244/ : FAILURE

One of more core files found at the end of the build. Data for post-mortem saved to archived_core_dumps.tar.bz2 under "Build Artifacts". ( https://cv.jenkins.couchbase.com/job/kv_engine.ASan-UBSan/job/neo/1244/ )

https://cv.jenkins.couchbase.com/job/kv_engine-clang_tidy-neo/1222/ : SUCCESS

https://cv.jenkins.couchbase.com/job/kv_engine-clang_analyzer-neo/1182/ : SUCCESS

https://cv.jenkins.couchbase.com/job/kv_engine-clang_format_9/22858/ : SUCCESS

https://cv.jenkins.couchbase.com/job/kv_engine.linux-CE/job/neo/1252/ : SUCCESS

https://cv.jenkins.couchbase.com/job/kv_engine.linux/job/neo/1239/ : SUCCESS

https://cv.jenkins.couchbase.com/job/kv_engine.libFuzzer/job/neo/1212/ : SUCCESS

https://cv.jenkins.couchbase.com/job/kv_engine.threadsanitizer/job/neo/1247/ : SUCCESS

https://cv.jenkins.couchbase.com/job/kv_engine.macos/job/neo/1587/ : SUCCESS

https://cv.jenkins.couchbase.com/job/kv_engine.aarch64-linux/job/neo/1252/ : SUCCESS
----------------------------------------------------------------------------------------------------------------------
Author: Build Bot
Date: 2023-02-20 14:24:36.000000000
Message: 
Patch Set 4:

Build Failed 

https://cv.jenkins.couchbase.com/job/kv_engine.ASan-UBSan/job/neo/1247/ : FAILURE

One of more core files found at the end of the build. Data for post-mortem saved to archived_core_dumps.tar.bz2 under "Build Artifacts". ( https://cv.jenkins.couchbase.com/job/kv_engine.ASan-UBSan/job/neo/1247/ )

https://cv.jenkins.couchbase.com/job/kv_engine-windows-neo/1479/ : FAILURE

Failure of an engine_testapp test:

<pre>
Running [49/160]: stats vkey callback tests...(117 ms) OK


99% tests passed, 3 tests failed out of 434

Total Test time (real) = 780.85 sec

The following tests FAIL
</pre>
 ( https://cv.jenkins.couchbase.com/job/kv_engine-windows-neo/1479/ )

Failure of GoogleTest "TransportProtocols/XattrTest.mb25928_SystemCanExceedDocumentLimit/Mcbp_XattrYes_JsonNo_SnappyYes":

<pre>
[ RUN      ] TransportProtocols/XattrTest.mb25928_SystemCanExceedDocumentLimit/Mcbp_XattrYes_JsonNo_SnappyYes
unknown file: error: C++ exception with description "Failed to store TransportProtocols_XattrTest_mb25928_SystemCanExceedDocumentLimit_Mcbp_XattrYes_JsonNo_SnappyYes: Temporary failure (134)" thrown in SetUp().
[  FAILED  ] TransportProtocols/XattrTest.mb25928_SystemCanExceedDocumentLimit/Mcbp_XattrYes_JsonNo_SnappyYes, where GetParam() = (Mcbp, XattrYes, 4-byte object <01-00 00-00>, 4-byte object <00-00 00-00>) (2 ms)
TransportProtocols/XattrTest.mb25928_SystemCanExceedDocumentLimit/Mcbp_XattrYes_JsonNo_SnappyYes
</pre>
 ( https://cv.jenkins.couchbase.com/job/kv_engine-windows-neo/1479/ )

Timeout of a CTest test 433/434 Test #322: ep_testsuite_xdcr.full_eviction.magma .........................................................................................} ( https://cv.jenkins.couchbase.com/job/kv_engine-windows-neo/1479/ )

https://cv.jenkins.couchbase.com/job/kv_engine-clang_tidy-neo/1222/ : SUCCESS

https://cv.jenkins.couchbase.com/job/kv_engine-clang_analyzer-neo/1182/ : SUCCESS

https://cv.jenkins.couchbase.com/job/kv_engine-clang_format_9/22858/ : SUCCESS

https://cv.jenkins.couchbase.com/job/kv_engine.linux-CE/job/neo/1252/ : SUCCESS

https://cv.jenkins.couchbase.com/job/kv_engine.linux/job/neo/1239/ : SUCCESS

https://cv.jenkins.couchbase.com/job/kv_engine.libFuzzer/job/neo/1212/ : SUCCESS

https://cv.jenkins.couchbase.com/job/kv_engine.threadsanitizer/job/neo/1247/ : SUCCESS

https://cv.jenkins.couchbase.com/job/kv_engine.macos/job/neo/1587/ : SUCCESS

https://cv.jenkins.couchbase.com/job/kv_engine.aarch64-linux/job/neo/1252/ : SUCCESS
----------------------------------------------------------------------------------------------------------------------
Author: Build Bot
Date: 2023-02-20 16:41:06.000000000
Message: 
Patch Set 4:

Build Failed 

https://cv.jenkins.couchbase.com/job/kv_engine.ASan-UBSan/job/neo/1247/ : FAILURE

One of more core files found at the end of the build. Data for post-mortem saved to archived_core_dumps.tar.bz2 under "Build Artifacts". ( https://cv.jenkins.couchbase.com/job/kv_engine.ASan-UBSan/job/neo/1247/ )

https://cv.jenkins.couchbase.com/job/kv_engine-windows-neo/1482/ : FAILURE

Failure of GoogleTest "PersistentAndEphemeral/CacheCallbackTest.CacheCallback_key_eexists/ephemeral":

<pre>
[ RUN      ] PersistentAndEphemeral/CacheCallbackTest.CacheCallback_key_eexists/ephemeral
unknown file: error: C++ exception with description "cb::io::rmrf: remove of file \\?\C:\Jenkins\workspace\kv_engine-windows-neo\build\kv_engine\ep_engine_ep_unit_tests.db\test.673201\magma.0\config.json.tmp under ep_engine_ep_unit_tests.db/test.673201 failed: The data is invalid." thrown in TearDown().
[  FAILED  ] PersistentAndEphemeral/CacheCallbackTest.CacheCallback_key_eexists/ephemeral, where GetParam() = "ephemeral" (23 ms)
PersistentAndEphemeral/CacheCallbackTest.CacheCallback_key_eexists/ephemeral
</pre>
 ( https://cv.jenkins.couchbase.com/job/kv_engine-windows-neo/1482/ )

Failure of an engine_testapp test:

<pre>
Running [34/160]: test access scanner settings...(148 ms) OK


99% tests passed, 2 tests failed out of 434

Total Test time (real) = 1422.91 sec

The following tests FAIL
</pre>
 ( https://cv.jenkins.couchbase.com/job/kv_engine-windows-neo/1482/ )

Timeout of a CTest test 434/434 Test #285: ep_testsuite.full_eviction.comp_passive .......................................................................................} ( https://cv.jenkins.couchbase.com/job/kv_engine-windows-neo/1482/ )

https://cv.jenkins.couchbase.com/job/kv_engine-clang_tidy-neo/1222/ : SUCCESS

https://cv.jenkins.couchbase.com/job/kv_engine-clang_analyzer-neo/1182/ : SUCCESS

https://cv.jenkins.couchbase.com/job/kv_engine-clang_format_9/22858/ : SUCCESS

https://cv.jenkins.couchbase.com/job/kv_engine.linux-CE/job/neo/1252/ : SUCCESS

https://cv.jenkins.couchbase.com/job/kv_engine.linux/job/neo/1239/ : SUCCESS

https://cv.jenkins.couchbase.com/job/kv_engine.libFuzzer/job/neo/1212/ : SUCCESS

https://cv.jenkins.couchbase.com/job/kv_engine.threadsanitizer/job/neo/1247/ : SUCCESS

https://cv.jenkins.couchbase.com/job/kv_engine.macos/job/neo/1587/ : SUCCESS

https://cv.jenkins.couchbase.com/job/kv_engine.aarch64-linux/job/neo/1252/ : SUCCESS
----------------------------------------------------------------------------------------------------------------------
Author: Build Bot
Date: 2023-02-21 10:02:53.000000000
Message: 
Patch Set 4: Verified+1

Build Successful 

https://cv.jenkins.couchbase.com/job/kv_engine-clang_tidy-neo/1222/ : SUCCESS

https://cv.jenkins.couchbase.com/job/kv_engine-clang_analyzer-neo/1182/ : SUCCESS

https://cv.jenkins.couchbase.com/job/kv_engine-clang_format_9/22858/ : SUCCESS

https://cv.jenkins.couchbase.com/job/kv_engine.linux-CE/job/neo/1252/ : SUCCESS

https://cv.jenkins.couchbase.com/job/kv_engine.linux/job/neo/1239/ : SUCCESS

https://cv.jenkins.couchbase.com/job/kv_engine.libFuzzer/job/neo/1212/ : SUCCESS

https://cv.jenkins.couchbase.com/job/kv_engine.threadsanitizer/job/neo/1247/ : SUCCESS

https://cv.jenkins.couchbase.com/job/kv_engine.ASan-UBSan/job/neo/1252/ : SUCCESS

https://cv.jenkins.couchbase.com/job/kv_engine.macos/job/neo/1587/ : SUCCESS

https://cv.jenkins.couchbase.com/job/kv_engine.aarch64-linux/job/neo/1252/ : SUCCESS

https://cv.jenkins.couchbase.com/job/kv_engine-windows-neo/1487/ : SUCCESS
----------------------------------------------------------------------------------------------------------------------
Author: Vesko Karaganev
Date: 2023-02-21 14:15:48.000000000
Message: 
Patch Set 4: Code-Review-1

(7 comments)
Line:10, /COMMIT_MSG -> Nit: typo

Line:466, engines/ep/management/cbstats.py -> Typically, this is formatted as `data_points: list` (no whitespace on the left of the colon).

Line:469, engines/ep/management/cbstats.py -> Nit: long line

Line:478, engines/ep/management/cbstats.py -> Maybe set to None to indicate we only check for the presence of the key (or make the checks check for ['overflow'] == True).

Line:507, engines/ep/management/cbstats.py -> Nit: long line

Line:517, engines/ep/management/cbstats.py -> Whitespace should be on the left if you want it aligned same as the % in the output.

Line:60, include/statistics/collector.h -> Nit: typo

----------------------------------------------------------------------------------------------------------------------
Author: Dave Rigby
Date: 2023-02-21 14:23:20.000000000
Message: 
Patch Set 4:

(6 comments)
Line:10, /COMMIT_MSG -> Done

Line:466, engines/ep/management/cbstats.py -> Done

Line:469, engines/ep/management/cbstats.py -> Done

Line:478, engines/ep/management/cbstats.py -> I guess this is just a style thing - I'm adding /something/ into the dict to indicate this is the overflow element. I could put anything (including None), but that feels potentially misleading - there isn't "None" overflow; this element of data_points indeed does specify the overflow bucket.

Line:507, engines/ep/management/cbstats.py -> Done

Line:517, engines/ep/management/cbstats.py -> This was a deliberate choice - there's only one space 'free' in the column used for percentages (see commit message example). As such I chose to put it on the right, so the "word" of "overflow" or the number align - and you have a visual clue that overflow doesn't specify a percentage (the symbol is blank here).

----------------------------------------------------------------------------------------------------------------------
Author: James H
Date: 2023-02-21 14:25:03.000000000
Message: 
Patch Set 4: Code-Review-1

(3 comments)
Line:32, /COMMIT_MSG -> nit typo

Line:473, engines/ep/management/cbstats.py -> fine to keep this style for consistency, but at some point we probably want to update these to fstrings (or at least .format(), if targetting older python3)

Line:509, engines/ep/management/cbstats.py -> possible style nit, can be written as

 and 'overflow' not in dp:
 
but dealers choice

----------------------------------------------------------------------------------------------------------------------
Author: Dave Rigby
Date: 2023-02-21 14:27:03.000000000
Message: 
Patch Set 4:

(2 comments)
Line:32, /COMMIT_MSG -> Done

Line:473, engines/ep/management/cbstats.py -> Ack

----------------------------------------------------------------------------------------------------------------------
Author: Vesko Karaganev
Date: 2023-02-22 12:44:20.000000000
MISMATCHED INLINE COMMENT
Line:478, engines/ep/management/cbstats.py -> Ack
----------------------------------------------------------------------------------------------------------------------
Author: Dave Rigby
Date: 2023-02-22 15:24:06.000000000
MISMATCHED INLINE COMMENT
Line:478, engines/ep/management/cbstats.py -> Done
----------------------------------------------------------------------------------------------------------------------
Author: Vesko Karaganev
Date: 2023-02-22 12:44:20.000000000
MISMATCHED INLINE COMMENT
Line:517, engines/ep/management/cbstats.py -> Ack
----------------------------------------------------------------------------------------------------------------------
Author: Dave Rigby
Date: 2023-02-22 15:24:06.000000000
MISMATCHED INLINE COMMENT
Line:517, engines/ep/management/cbstats.py -> Done
----------------------------------------------------------------------------------------------------------------------
Author: Dave Rigby
Date: 2023-02-22 15:24:06.000000000
MISMATCHED INLINE COMMENT
Line:60, include/statistics/collector.h -> Done
----------------------------------------------------------------------------------------------------------------------
