======================================================================================================================
DESCRIPTION:

Don't crash if compaction throws an exception, return status instead

Errors during compaction shouldn't cause memcached to crash due to
run time exceptions being thrown. This patch adds a catch all
exceptions thrown during KVStoreIface::compactDB.
EPBucket::compactInternal() has been refactored to return a bool to
return if the compaction was successful or not to it's caller. If
an exception is caught we will return false.

EPBucket::doCompact() has also been updated to set the status of the
callers cookie to cb::engine_errc::failed, if the compaction wasn't
successful. So unit tests have been updated to reflect these changes.

MagmaKVStore is refactored to ensure that methods called that do throw
exceptions handle them in an explicit manner and the throw in
CouchKVStore::compactDB() to an invalid_argument exception and adds a
test for this. It should never be seen in production and is there to
help define the needs of the interface.

Change-Id: If9e75c27e74a21a63ddb886ecd218d65a722bc64

======================================================================================================================
COMMENTS
======================================================================================================================
Author: Richard de Mellow
Date: 2021-10-11 16:26:35.000000000
Message: 
Uploaded patch set 7.
----------------------------------------------------------------------------------------------------------------------
Author: Build Bot
Date: 2021-10-11 16:56:11.000000000
Message: 
Patch Set 7: Verified-1

Build Failed 

http://cv.jenkins.couchbase.com/job/kv_engine-windows-master/41047/ : FAILURE

Failure of an engine_testapp test:

<pre>
Running [0039/0093]: test failover scenario one with dcp...(31 ms) OK


99% tests passed, 1 tests failed out of 412

Total Test time (real) = 337.52 sec

The following tests FAIL
</pre>
 ( http://cv.jenkins.couchbase.com/job/kv_engine-windows-master/41047/ )

Timeout of a CTest test 412/412 Test #284: ep_testsuite_dcp.ephemeral.comp_active ........................................................................................} ( http://cv.jenkins.couchbase.com/job/kv_engine-windows-master/41047/ )

http://cv.jenkins.couchbase.com/job/kv_engine.libFuzzer/job/master/3035/ : FAILURE

Test exceeded the timeout:
[2021-10-11T16:36:04.953Z] /usr/bin/timeout: the monitored command dumped core ( http://cv.jenkins.couchbase.com/job/kv_engine.libFuzzer/job/master/3035/ )

http://cv.jenkins.couchbase.com/job/kv_engine.linux/job/master/15286/ : FAILURE

http://cv.jenkins.couchbase.com/job/kv_engine.threadsanitizer/job/master/15904/ : FAILURE

Failure of an engine_testapp test:

<pre>
Running [0015/0093]: test dcp replica stream one collection with mutations just from disk...../kv_engine/engines/ep/tests/ep_testsuite_dcp.cc:715 Test failed: `" (Expected `414", got `390" - Buffer Size did not get set correctly)
[2021-10-11T16:41:05.829Z] (31602 ms) FAIL
</pre>
 ( http://cv.jenkins.couchbase.com/job/kv_engine.threadsanitizer/job/master/15904/ )

http://cv.jenkins.couchbase.com/job/kv_engine-clang_analyzer-master/34899/ : SUCCESS

http://cv.jenkins.couchbase.com/job/kv_engine-clang_tidy-master/13401/ : SUCCESS

http://cv.jenkins.couchbase.com/job/kv_engine-clang_format_9/12188/ : SUCCESS

http://cv.jenkins.couchbase.com/job/kv_engine.macos/job/master/14166/ : SUCCESS

http://cv.jenkins.couchbase.com/job/kv_engine.linux-CE/job/master/15013/ : SUCCESS

http://cv.jenkins.couchbase.com/job/kv_engine.aarch64-linux/job/master/3085/ : SUCCESS

http://cv.jenkins.couchbase.com/job/kv_engine.ASan-UBSan/job/master/23318/ : SUCCESS
----------------------------------------------------------------------------------------------------------------------
Author: Build Bot
Date: 2021-10-12 08:16:47.000000000
Message: 
Patch Set 7:

Build Failed 

http://cv.jenkins.couchbase.com/job/kv_engine-windows-master/41048/ : FAILURE

Failure of an engine_testapp test:

<pre>
Running [0057/0093]: test add stream prod nmvb...(14 ms) OK


99% tests passed, 1 tests failed out of 412

Total Test time (real) = 332.39 sec

The following tests FAIL
</pre>
 ( http://cv.jenkins.couchbase.com/job/kv_engine-windows-master/41048/ )

Timeout of a CTest test 412/412 Test #283: ep_testsuite_dcp.ephemeral.comp_passive .......................................................................................} ( http://cv.jenkins.couchbase.com/job/kv_engine-windows-master/41048/ )

http://cv.jenkins.couchbase.com/job/kv_engine-clang_analyzer-master/34899/ : SUCCESS

http://cv.jenkins.couchbase.com/job/kv_engine-clang_tidy-master/13401/ : SUCCESS

http://cv.jenkins.couchbase.com/job/kv_engine-clang_format_9/12188/ : SUCCESS

http://cv.jenkins.couchbase.com/job/kv_engine.macos/job/master/14166/ : SUCCESS

http://cv.jenkins.couchbase.com/job/kv_engine.libFuzzer/job/master/3036/ : SUCCESS

http://cv.jenkins.couchbase.com/job/kv_engine.linux-CE/job/master/15013/ : SUCCESS

http://cv.jenkins.couchbase.com/job/kv_engine.linux/job/master/15287/ : SUCCESS

http://cv.jenkins.couchbase.com/job/kv_engine.aarch64-linux/job/master/3085/ : SUCCESS

http://cv.jenkins.couchbase.com/job/kv_engine.ASan-UBSan/job/master/23318/ : SUCCESS

http://cv.jenkins.couchbase.com/job/kv_engine.threadsanitizer/job/master/15905/ : SUCCESS
----------------------------------------------------------------------------------------------------------------------
Author: Build Bot
Date: 2021-10-12 13:37:24.000000000
Message: 
Patch Set 7:

Build Failed 

http://cv.jenkins.couchbase.com/job/kv_engine-windows-master/41071/ : FAILURE

Failure of an engine_testapp test:

<pre>
Running [0049/0159]: stats vkey callback tests...(7 ms) SKIPPED


99% tests passed, 2 tests failed out of 412

Total Test time (real) = 675.76 sec

The following tests FAIL
</pre>
 ( http://cv.jenkins.couchbase.com/job/kv_engine-windows-master/41071/ )

Timeout of a CTest test 411/412 Test #184: ep-engine_ep_unit_tests.PersistentAndEphemeral/DcpStreamSyncReplTest ..........................................................} ( http://cv.jenkins.couchbase.com/job/kv_engine-windows-master/41071/ )

http://cv.jenkins.couchbase.com/job/kv_engine-clang_analyzer-master/34899/ : SUCCESS

http://cv.jenkins.couchbase.com/job/kv_engine-clang_tidy-master/13401/ : SUCCESS

http://cv.jenkins.couchbase.com/job/kv_engine-clang_format_9/12188/ : SUCCESS

http://cv.jenkins.couchbase.com/job/kv_engine.macos/job/master/14166/ : SUCCESS

http://cv.jenkins.couchbase.com/job/kv_engine.libFuzzer/job/master/3036/ : SUCCESS

http://cv.jenkins.couchbase.com/job/kv_engine.linux-CE/job/master/15013/ : SUCCESS

http://cv.jenkins.couchbase.com/job/kv_engine.linux/job/master/15287/ : SUCCESS

http://cv.jenkins.couchbase.com/job/kv_engine.aarch64-linux/job/master/3085/ : SUCCESS

http://cv.jenkins.couchbase.com/job/kv_engine.ASan-UBSan/job/master/23318/ : SUCCESS

http://cv.jenkins.couchbase.com/job/kv_engine.threadsanitizer/job/master/15905/ : SUCCESS
----------------------------------------------------------------------------------------------------------------------
Author: Build Bot
Date: 2021-10-12 14:31:51.000000000
Message: 
Patch Set 7:

Build Failed 

http://cv.jenkins.couchbase.com/job/kv_engine-windows-master/41080/ : FAILURE

Failure of an engine_testapp test:

<pre>
Running [0143/0159]: multi_bucket set/get ...W1012 07:22:13.436842 21204 HazptrDomain.h:670] Using the default inline executor for asynchronous reclamation may be susceptible to deadlock if the current thread happens to hold a resource needed by the deleter of a reclaimable object


99% tests passed, 1 tests failed out of 412

Total Test time (real) = 662.95 sec

The following tests FAIL
</pre>
 ( http://cv.jenkins.couchbase.com/job/kv_engine-windows-master/41080/ )

Timeout of a CTest test 412/412 Test #264: ep_testsuite.value_eviction.comp_active .......................................................................................} ( http://cv.jenkins.couchbase.com/job/kv_engine-windows-master/41080/ )

http://cv.jenkins.couchbase.com/job/kv_engine-clang_analyzer-master/34899/ : SUCCESS

http://cv.jenkins.couchbase.com/job/kv_engine-clang_tidy-master/13401/ : SUCCESS

http://cv.jenkins.couchbase.com/job/kv_engine-clang_format_9/12188/ : SUCCESS

http://cv.jenkins.couchbase.com/job/kv_engine.macos/job/master/14166/ : SUCCESS

http://cv.jenkins.couchbase.com/job/kv_engine.libFuzzer/job/master/3036/ : SUCCESS

http://cv.jenkins.couchbase.com/job/kv_engine.linux-CE/job/master/15013/ : SUCCESS

http://cv.jenkins.couchbase.com/job/kv_engine.linux/job/master/15287/ : SUCCESS

http://cv.jenkins.couchbase.com/job/kv_engine.aarch64-linux/job/master/3085/ : SUCCESS

http://cv.jenkins.couchbase.com/job/kv_engine.ASan-UBSan/job/master/23318/ : SUCCESS

http://cv.jenkins.couchbase.com/job/kv_engine.threadsanitizer/job/master/15905/ : SUCCESS
----------------------------------------------------------------------------------------------------------------------
Author: Build Bot
Date: 2021-10-12 15:24:36.000000000
Message: 
Patch Set 7:

Build Failed 

http://cv.jenkins.couchbase.com/job/kv_engine-windows-master/41083/ : FAILURE

Failure of an engine_testapp test:

<pre>
Running [0132/0159]: test key_stats with item_eviction...(7 ms) SKIPPED


99% tests passed, 1 tests failed out of 412

Total Test time (real) = 709.68 sec

The following tests FAIL
</pre>
 ( http://cv.jenkins.couchbase.com/job/kv_engine-windows-master/41083/ )

Timeout of a CTest test 412/412 Test #264: ep_testsuite.value_eviction.comp_active .......................................................................................} ( http://cv.jenkins.couchbase.com/job/kv_engine-windows-master/41083/ )

http://cv.jenkins.couchbase.com/job/kv_engine-clang_analyzer-master/34899/ : SUCCESS

http://cv.jenkins.couchbase.com/job/kv_engine-clang_tidy-master/13401/ : SUCCESS

http://cv.jenkins.couchbase.com/job/kv_engine-clang_format_9/12188/ : SUCCESS

http://cv.jenkins.couchbase.com/job/kv_engine.macos/job/master/14166/ : SUCCESS

http://cv.jenkins.couchbase.com/job/kv_engine.libFuzzer/job/master/3036/ : SUCCESS

http://cv.jenkins.couchbase.com/job/kv_engine.linux-CE/job/master/15013/ : SUCCESS

http://cv.jenkins.couchbase.com/job/kv_engine.linux/job/master/15287/ : SUCCESS

http://cv.jenkins.couchbase.com/job/kv_engine.aarch64-linux/job/master/3085/ : SUCCESS

http://cv.jenkins.couchbase.com/job/kv_engine.ASan-UBSan/job/master/23318/ : SUCCESS

http://cv.jenkins.couchbase.com/job/kv_engine.threadsanitizer/job/master/15905/ : SUCCESS
----------------------------------------------------------------------------------------------------------------------
