======================================================================================================================
DESCRIPTION:

MB-41092: Fix incorrect docs on disk

Change-Id: Ie2c2fab42da9640a69648633ef509d42f9d78d55

======================================================================================================================
COMMENTS
======================================================================================================================
Author: Richard de Mellow
Date: 2020-12-01 16:42:36.000000000
Message: 
Uploaded patch set 6.
----------------------------------------------------------------------------------------------------------------------
Author: Build Bot
Date: 2020-12-01 17:29:03.000000000
Message: 
Patch Set 6: Verified-1

Build Failed 

http://cv.jenkins.couchbase.com/job/kv_engine-windows-master/32259/ : FAILURE

Failure of an engine_testapp test:

<pre>
Running [0026/0045]: test set meta lww conflict resolution...E1201 09:15:32.372328 54912 NotificationQueue.h:555] [NotificationQueue] Unexpected state while draining signals: signal_=1 bytes_read=0
(3415 ms) OK

392/396 Test #387: memcached_testapp.ep.TransportProtocols/WithMetaTest ..........................................................................   Passed   16.14 sec
393/396 Test #380: memcached_testapp.ep.SDPerf/SubdocPerfTest ....................................................................................   Passed   34.36 sec
394/396 Test #393: cluster_test ..................................................................................................................   Passed   35.59 sec
395/396 Test #283: kv-engine-check-header-define-once-guard ......................................................................................   Passed  138.69 sec
396/396 Test #277: ep_perfsuite.value_eviction ...................................................................................................   Passed  170.49 sec

99% tests passed, 2 tests failed out of 396

Total Test time (real) = 396.37 sec

The following tests FAIL
</pre>
 ( http://cv.jenkins.couchbase.com/job/kv_engine-windows-master/32259/ )

Timeout of a CTest test 386/396 Test #275: ep_testsuite_xdcr.value_eviction.magma ........................................................................................} ( http://cv.jenkins.couchbase.com/job/kv_engine-windows-master/32259/ )

http://cv.jenkins.couchbase.com/job/kv_engine.ASan-UBSan/job/master/15405/ : FAILURE

No problems were identified. If you know why this problem occurred, please add a suitable Cause for it. ( http://cv.jenkins.couchbase.com/job/kv_engine.ASan-UBSan/job/master/15405/ )

http://cv.jenkins.couchbase.com/job/kv_engine-clang_format_9/4547/ : SUCCESS

http://cv.jenkins.couchbase.com/job/kv_engine-clang_analyzer-master/27806/ : SUCCESS

http://cv.jenkins.couchbase.com/job/kv_engine-clang_tidy/6013/ : SUCCESS

http://cv.jenkins.couchbase.com/job/kv_engine.macos/job/master/6540/ : SUCCESS

http://cv.jenkins.couchbase.com/job/kv_engine.linux-CE/job/master/7473/ : SUCCESS

http://cv.jenkins.couchbase.com/job/kv_engine.linux/job/master/7584/ : SUCCESS

http://cv.jenkins.couchbase.com/job/kv_engine.threadsanitizer/job/master/7863/ : SUCCESS
----------------------------------------------------------------------------------------------------------------------
Author: Build Bot
Date: 2020-12-02 11:49:57.000000000
Message: 
Patch Set 6:

Build Failed 

http://cv.jenkins.couchbase.com/job/kv_engine-windows-master/32259/ : FAILURE

Failure of an engine_testapp test:

<pre>
Running [0026/0045]: test set meta lww conflict resolution...E1201 09:15:32.372328 54912 NotificationQueue.h:555] [NotificationQueue] Unexpected state while draining signals: signal_=1 bytes_read=0
(3415 ms) OK

392/396 Test #387: memcached_testapp.ep.TransportProtocols/WithMetaTest ..........................................................................   Passed   16.14 sec
393/396 Test #380: memcached_testapp.ep.SDPerf/SubdocPerfTest ....................................................................................   Passed   34.36 sec
394/396 Test #393: cluster_test ..................................................................................................................   Passed   35.59 sec
395/396 Test #283: kv-engine-check-header-define-once-guard ......................................................................................   Passed  138.69 sec
396/396 Test #277: ep_perfsuite.value_eviction ...................................................................................................   Passed  170.49 sec

99% tests passed, 2 tests failed out of 396

Total Test time (real) = 396.37 sec

The following tests FAIL
</pre>
 ( http://cv.jenkins.couchbase.com/job/kv_engine-windows-master/32259/ )

Timeout of a CTest test 386/396 Test #275: ep_testsuite_xdcr.value_eviction.magma ........................................................................................} ( http://cv.jenkins.couchbase.com/job/kv_engine-windows-master/32259/ )

http://cv.jenkins.couchbase.com/job/kv_engine.ASan-UBSan/job/master/15420/ : FAILURE

http://cv.jenkins.couchbase.com/job/kv_engine-clang_format_9/4547/ : SUCCESS

http://cv.jenkins.couchbase.com/job/kv_engine-clang_analyzer-master/27806/ : SUCCESS

http://cv.jenkins.couchbase.com/job/kv_engine-clang_tidy/6013/ : SUCCESS

http://cv.jenkins.couchbase.com/job/kv_engine.macos/job/master/6540/ : SUCCESS

http://cv.jenkins.couchbase.com/job/kv_engine.linux-CE/job/master/7473/ : SUCCESS

http://cv.jenkins.couchbase.com/job/kv_engine.linux/job/master/7584/ : SUCCESS

http://cv.jenkins.couchbase.com/job/kv_engine.threadsanitizer/job/master/7863/ : SUCCESS
----------------------------------------------------------------------------------------------------------------------
