======================================================================================================================
DESCRIPTION:

MB-50413: 1/n Set VBNotifyCtx::syncWrite to Yes for aborts

The "syncWrite" member of VBNotifyCtx intends to avoid a notification
to DCP for non-visible changes. The next patch in this series uses
that member to also update the default collection max-visible seqno.

Setting this to Yes for aborts will

1) Avoid a notify for DCP when an abort occurs (some DCP clients don't
need them)

2) Allows detection of prepare/abort from VBucket::doCollectionsStats

Change-Id: Iffe33bb434053f84682f913f3b9942c5cb2ef730

======================================================================================================================
COMMENTS
======================================================================================================================
Author: Jim Walker
Date: 2022-01-18 14:04:51.000000000
Message: 
Uploaded patch set 1.
----------------------------------------------------------------------------------------------------------------------
Author: Build Bot
Date: 2022-01-18 15:31:49.000000000
Message: 
Patch Set 1: Verified-1

Build Failed 

http://cv.jenkins.couchbase.com/job/kv_engine-windows-master/42905/ : FAILURE

Failure of an engine_testapp test:

<pre>
Running [0032/0093]: test producer keep stream open replica...(117 ms) OK


99% tests passed, 2 tests failed out of 418

Total Test time (real) = 337.94 sec

The following tests FAIL
</pre>
 ( http://cv.jenkins.couchbase.com/job/kv_engine-windows-master/42905/ )

Timeout of a CTest test 417/418 Test #279: ep_testsuite_basic.ephemeral.comp_passive .....................................................................................} ( http://cv.jenkins.couchbase.com/job/kv_engine-windows-master/42905/ )

http://cv.jenkins.couchbase.com/job/kv_engine.linux/job/master/16860/ : FAILURE

http://cv.jenkins.couchbase.com/job/kv_engine-clang_format_9/13740/ : SUCCESS

http://cv.jenkins.couchbase.com/job/kv_engine-clang_tidy-master/14897/ : SUCCESS

http://cv.jenkins.couchbase.com/job/kv_engine-clang_analyzer-master/36351/ : SUCCESS

http://cv.jenkins.couchbase.com/job/kv_engine.linux-CE/job/master/16566/ : SUCCESS

http://cv.jenkins.couchbase.com/job/kv_engine.libFuzzer/job/master/4542/ : SUCCESS

http://cv.jenkins.couchbase.com/job/kv_engine.threadsanitizer/job/master/17651/ : SUCCESS

http://cv.jenkins.couchbase.com/job/kv_engine.ASan-UBSan/job/master/24985/ : SUCCESS

http://cv.jenkins.couchbase.com/job/kv_engine.aarch64-linux/job/master/4599/ : SUCCESS

http://cv.jenkins.couchbase.com/job/kv_engine.macos/job/master/15705/ : SUCCESS
----------------------------------------------------------------------------------------------------------------------
Author: Build Bot
Date: 2022-01-18 17:18:12.000000000
Message: 
Patch Set 1:

Build Failed 

http://cv.jenkins.couchbase.com/job/kv_engine.linux/job/master/16860/ : FAILURE

Timeout of a CTest test [2022-01-18T15:25:59.073Z]   5/438 Test #215: ep-engine_ep_unit_tests.FullAndValueEvictionOnReplicaAndPending/RollbackTest ................................} ( http://cv.jenkins.couchbase.com/job/kv_engine.linux/job/master/16860/ )

http://cv.jenkins.couchbase.com/job/kv_engine-windows-master/42922/ : FAILURE

Failure of an engine_testapp test:

<pre>
Running [0034/0159]: test access scanner settings.....\kv_engine\engines\ep\tests\ep_testsuite.cc:3354 Test failed: `" (Expected `0", got `-1" - Initial time incorrect, expect: 02:00, actual: 01:59)
(79 ms) FAIL
</pre>
 ( http://cv.jenkins.couchbase.com/job/kv_engine-windows-master/42922/ )

Timeout of a CTest test 418/418 Test #273: ep_testsuite.value_eviction.magma .............................................................................................} ( http://cv.jenkins.couchbase.com/job/kv_engine-windows-master/42922/ )

http://cv.jenkins.couchbase.com/job/kv_engine-clang_format_9/13740/ : SUCCESS

http://cv.jenkins.couchbase.com/job/kv_engine-clang_tidy-master/14897/ : SUCCESS

http://cv.jenkins.couchbase.com/job/kv_engine-clang_analyzer-master/36351/ : SUCCESS

http://cv.jenkins.couchbase.com/job/kv_engine.linux-CE/job/master/16566/ : SUCCESS

http://cv.jenkins.couchbase.com/job/kv_engine.libFuzzer/job/master/4542/ : SUCCESS

http://cv.jenkins.couchbase.com/job/kv_engine.threadsanitizer/job/master/17651/ : SUCCESS

http://cv.jenkins.couchbase.com/job/kv_engine.ASan-UBSan/job/master/24985/ : SUCCESS

http://cv.jenkins.couchbase.com/job/kv_engine.aarch64-linux/job/master/4599/ : SUCCESS

http://cv.jenkins.couchbase.com/job/kv_engine.macos/job/master/15705/ : SUCCESS
----------------------------------------------------------------------------------------------------------------------
Author: Build Bot
Date: 2022-01-19 12:24:30.000000000
Message: 
Patch Set 1:

Build Failed 

http://cv.jenkins.couchbase.com/job/kv_engine-windows-master/42968/ : FAILURE

Failure of an engine_testapp test:

<pre>
Running [0034/0044]: test setting drift threshold...(156 ms) OK


99% tests passed, 1 tests failed out of 418

Total Test time (real) = 258.28 sec

The following tests FAIL
</pre>
 ( http://cv.jenkins.couchbase.com/job/kv_engine-windows-master/42968/ )

Timeout of a CTest test 418/418 Test #305: ep_testsuite_xdcr.value_eviction.magma ........................................................................................} ( http://cv.jenkins.couchbase.com/job/kv_engine-windows-master/42968/ )

http://cv.jenkins.couchbase.com/job/kv_engine-clang_format_9/13740/ : SUCCESS

http://cv.jenkins.couchbase.com/job/kv_engine-clang_tidy-master/14897/ : SUCCESS

http://cv.jenkins.couchbase.com/job/kv_engine-clang_analyzer-master/36351/ : SUCCESS

http://cv.jenkins.couchbase.com/job/kv_engine.linux-CE/job/master/16566/ : SUCCESS

http://cv.jenkins.couchbase.com/job/kv_engine.libFuzzer/job/master/4542/ : SUCCESS

http://cv.jenkins.couchbase.com/job/kv_engine.threadsanitizer/job/master/17651/ : SUCCESS

http://cv.jenkins.couchbase.com/job/kv_engine.ASan-UBSan/job/master/24985/ : SUCCESS

http://cv.jenkins.couchbase.com/job/kv_engine.aarch64-linux/job/master/4599/ : SUCCESS

http://cv.jenkins.couchbase.com/job/kv_engine.macos/job/master/15705/ : SUCCESS

http://cv.jenkins.couchbase.com/job/kv_engine.linux/job/master/16901/ : SUCCESS
----------------------------------------------------------------------------------------------------------------------
