======================================================================================================================
DESCRIPTION:

MB-55678: StreamRequest flag STRICT_VBUUID should be considered valid

After the change to validate DCP StreamRequest flags (f5a17f60f),
clients attempting to use flag STRICT_VBUUID (0x20) begin to be
rejected. This is a due to a latest issue in when that flag was aded -
it was omitted from the valid flags for AddStream command (9bd5a5796).

This had no immediate effect, as the AddStream command (as generated
by ns_server) doesn't use that flag. However, as part of MB-55441 we
re-used the same validation code for DCP StreamRequest, and hence that
flag was incorrectly rejected.

Fix by including in valid flags; also enhance the unit test to check
_all_ possible flags.

Change-Id: Ifab968bbe9ee85b37b4d501cecbc71b28458f79c

======================================================================================================================
COMMENTS
======================================================================================================================
Author: Dave Rigby
Date: 2023-02-23 09:59:03.000000000
Message: 
Uploaded patch set 1.
----------------------------------------------------------------------------------------------------------------------
Author: Restriction Checker
Date: 2023-02-23 09:59:21.000000000
Message: 
Patch Set 1: Well-Formed-1

Branch restricted. PLEASE READ this URL: 

https://server.jenkins.couchbase.com/job/restricted-branch-check/339692/artifact/restricted.html : FAILURE
----------------------------------------------------------------------------------------------------------------------
Author: Build Bot
Date: 2023-02-23 10:41:13.000000000
Message: 
Patch Set 1: Verified-1

Build Failed 

https://cv.jenkins.couchbase.com/job/kv_engine-windows-neo/1516/ : FAILURE

Timeout of a CTest test 434/434 Test  #66: ep-engine_ep_unit_tests.DurabilityRespondAmbiguousTest ........................................................................} ( https://cv.jenkins.couchbase.com/job/kv_engine-windows-neo/1516/ )

https://cv.jenkins.couchbase.com/job/kv_engine.macos/job/neo/1624/ : FAILURE

Failure of GoogleTest "ExecutorPoolTest/0.Wake":

<pre>
[ RUN      ] ExecutorPoolTest/0.Wake
[2023-02-23T10:19:41.529Z] [       OK ] ExecutorPoolTest/0.Wake (1 ms)
[2023-02-23T10:19:41.529Z] [ RUN      ] ExecutorPoolTest/0.WakeMultiple
[2023-02-23T10:19:41.529Z] [       OK ] ExecutorPoolTest/0.WakeMultiple (1 ms)
[2023-02-23T10:19:41.529Z] [ RUN      ] ExecutorPoolTest/0.WakeWithoutSchedule
[2023-02-23T10:19:41.529Z] [       OK ] ExecutorPoolTest/0.WakeWithoutSchedule (1 ms)
[2023-02-23T10:19:41.529Z] [ RUN      ] ExecutorPoolTest/0.WakeUpdatesWaketime
[2023-02-23T10:19:41.529Z] [       OK ] ExecutorPoolTest/0.WakeUpdatesWaketime (1 ms)
[2023-02-23T10:19:41.529Z] [ RUN      ] ExecutorPoolTest/0.Snooze
[2023-02-23T10:19:41.529Z] [       OK ] ExecutorPoolTest/0.Snooze (1 ms)
[2023-02-23T10:19:41.529Z] [ RUN      ] ExecutorPoolTest/0.SnoozeThenWake
[2023-02-23T10:19:41.529Z] [       OK ] ExecutorPoolTest/0.SnoozeThenWake (22 ms)
[2023-02-23T10:19:41.529Z] [ RUN      ] ExecutorPoolTest/0.WakeSetsTaskRunning
[2023-02-23T10:19:41.529Z] ../kv_engine/engines/ep/tests/module_tests/executorpool_test.cc:551: Failure
[2023-02-23T10:19:41.529Z] Expected equality of these values:
[2023-02-23T10:19:41.529Z]   task_state_t::TASK_RUNNING
[2023-02-23T10:19:41.529Z]     Which is: RUNNING
[2023-02-23T10:19:41.529Z]   task->getState()
[2023-02-23T10:19:41.529Z]     Which is: DEAD
[2023-02-23T10:19:41.529Z] [  FAILED  ] ExecutorPoolTest/0.WakeSetsTaskRunning, where TypeParam = TestExecutorPool (2 ms)
ExecutorPoolTest/0.Wake
</pre>
 ( https://cv.jenkins.couchbase.com/job/kv_engine.macos/job/neo/1624/ )

https://cv.jenkins.couchbase.com/job/kv_engine.aarch64-linux/job/neo/1289/ : FAILURE

Failure of GoogleTest "EphemeralOrPersistent/STItemPagerTest.EvictBGFetchedDeletedItem/persistent_magma_full_eviction":

<pre>
[ RUN      ] EphemeralOrPersistent/STItemPagerTest.EvictBGFetchedDeletedItem/persistent_magma_full_eviction
[2023-02-23T10:12:32.580Z] ../kv_engine/engines/ep/tests/module_tests/item_pager_test.cc:197: Failure
[2023-02-23T10:12:32.580Z] Expected equality of these values:
[2023-02-23T10:12:32.580Z]   cb::engine_errc::success
[2023-02-23T10:12:32.580Z]     Which is: success
[2023-02-23T10:12:32.580Z]   storeItem(item)
[2023-02-23T10:12:32.580Z]     Which is: no memory
[2023-02-23T10:12:32.580Z] [  FAILED  ] EphemeralOrPersistent/STItemPagerTest.EvictBGFetchedDeletedItem/persistent_magma_full_eviction, where GetParam() = "bucket_type=persistent:backend=magma:item_eviction_policy=full_eviction" (64 ms)
EphemeralOrPersistent/STItemPagerTest.EvictBGFetchedDeletedItem/persistent_magma_full_eviction
</pre>
 ( https://cv.jenkins.couchbase.com/job/kv_engine.aarch64-linux/job/neo/1289/ )

https://cv.jenkins.couchbase.com/job/kv_engine-clang_tidy-neo/1256/ : SUCCESS

https://cv.jenkins.couchbase.com/job/kv_engine-clang_analyzer-neo/1212/ : SUCCESS

https://cv.jenkins.couchbase.com/job/kv_engine-clang_format_9/22948/ : SUCCESS

https://cv.jenkins.couchbase.com/job/kv_engine.linux/job/neo/1276/ : SUCCESS

https://cv.jenkins.couchbase.com/job/kv_engine.linux-CE/job/neo/1286/ : SUCCESS

https://cv.jenkins.couchbase.com/job/kv_engine.threadsanitizer/job/neo/1282/ : SUCCESS

https://cv.jenkins.couchbase.com/job/kv_engine.libFuzzer/job/neo/1247/ : SUCCESS

https://cv.jenkins.couchbase.com/job/kv_engine.ASan-UBSan/job/neo/1280/ : SUCCESS
----------------------------------------------------------------------------------------------------------------------
Author: Build Bot
Date: 2023-02-23 12:53:14.000000000
Message: 
Patch Set 1:

Build Failed 

https://cv.jenkins.couchbase.com/job/kv_engine-windows-neo/1520/ : FAILURE

Failure of an engine_testapp test:

<pre>
Running [40/160]: io stats...(14 ms) SKIPPED


99% tests passed, 1 tests failed out of 434

Total Test time (real) = 694.05 sec

The following tests FAIL
</pre>
 ( https://cv.jenkins.couchbase.com/job/kv_engine-windows-neo/1520/ )

Timeout of a CTest test 434/434 Test #287: ep_testsuite.ephemeral.comp_passive ...........................................................................................} ( https://cv.jenkins.couchbase.com/job/kv_engine-windows-neo/1520/ )

https://cv.jenkins.couchbase.com/job/kv_engine-clang_tidy-neo/1256/ : SUCCESS

https://cv.jenkins.couchbase.com/job/kv_engine-clang_analyzer-neo/1212/ : SUCCESS

https://cv.jenkins.couchbase.com/job/kv_engine-clang_format_9/22948/ : SUCCESS

https://cv.jenkins.couchbase.com/job/kv_engine.linux/job/neo/1276/ : SUCCESS

https://cv.jenkins.couchbase.com/job/kv_engine.linux-CE/job/neo/1286/ : SUCCESS

https://cv.jenkins.couchbase.com/job/kv_engine.threadsanitizer/job/neo/1282/ : SUCCESS

https://cv.jenkins.couchbase.com/job/kv_engine.macos/job/neo/1629/ : SUCCESS

https://cv.jenkins.couchbase.com/job/kv_engine.libFuzzer/job/neo/1247/ : SUCCESS

https://cv.jenkins.couchbase.com/job/kv_engine.ASan-UBSan/job/neo/1280/ : SUCCESS

https://cv.jenkins.couchbase.com/job/kv_engine.aarch64-linux/job/neo/1293/ : SUCCESS
----------------------------------------------------------------------------------------------------------------------
Author: Dave Rigby
Date: 2023-02-23 17:22:43.000000000
Message: 
Patch Set 1:

(1 comment)
File Comment: /PATCHSET_LEVEL -> check approval
----------------------------------------------------------------------------------------------------------------------
Author: Restriction Checker
Date: 2023-02-23 17:22:56.000000000
Message: 
Patch Set 1: Well-Formed+1

Permission granted to commit: 

https://server.jenkins.couchbase.com/job/restricted-branch-check/339757/artifact/restricted.html : SUCCESS
----------------------------------------------------------------------------------------------------------------------
Author: Build Bot
Date: 2023-02-23 17:39:36.000000000
Message: 
Patch Set 1:

Build Failed 

https://cv.jenkins.couchbase.com/job/kv_engine-windows-neo/1522/ : FAILURE

Timeout of a CTest test 433/434 Test #315: ep_testsuite_xdcr.value_eviction.comp_passive .................................................................................} ( https://cv.jenkins.couchbase.com/job/kv_engine-windows-neo/1522/ )

https://cv.jenkins.couchbase.com/job/kv_engine-clang_tidy-neo/1256/ : SUCCESS

https://cv.jenkins.couchbase.com/job/kv_engine-clang_analyzer-neo/1212/ : SUCCESS

https://cv.jenkins.couchbase.com/job/kv_engine-clang_format_9/22948/ : SUCCESS

https://cv.jenkins.couchbase.com/job/kv_engine.linux/job/neo/1276/ : SUCCESS

https://cv.jenkins.couchbase.com/job/kv_engine.linux-CE/job/neo/1286/ : SUCCESS

https://cv.jenkins.couchbase.com/job/kv_engine.threadsanitizer/job/neo/1282/ : SUCCESS

https://cv.jenkins.couchbase.com/job/kv_engine.macos/job/neo/1629/ : SUCCESS

https://cv.jenkins.couchbase.com/job/kv_engine.libFuzzer/job/neo/1247/ : SUCCESS

https://cv.jenkins.couchbase.com/job/kv_engine.ASan-UBSan/job/neo/1280/ : SUCCESS

https://cv.jenkins.couchbase.com/job/kv_engine.aarch64-linux/job/neo/1293/ : SUCCESS
----------------------------------------------------------------------------------------------------------------------
Author: Build Bot
Date: 2023-02-23 19:50:50.000000000
Message: 
Patch Set 1:

Build Failed 

https://cv.jenkins.couchbase.com/job/kv_engine-windows-neo/1523/ : FAILURE

Failure of an engine_testapp test:

<pre>
Running [80/160]: vbucket get (pending)...(82 ms) OK


99% tests passed, 1 tests failed out of 434

Total Test time (real) = 690.95 sec

The following tests FAIL
</pre>
 ( https://cv.jenkins.couchbase.com/job/kv_engine-windows-neo/1523/ )

Timeout of a CTest test 434/434 Test #289: ep_testsuite.value_eviction.magma .............................................................................................} ( https://cv.jenkins.couchbase.com/job/kv_engine-windows-neo/1523/ )

https://cv.jenkins.couchbase.com/job/kv_engine-clang_tidy-neo/1256/ : SUCCESS

https://cv.jenkins.couchbase.com/job/kv_engine-clang_analyzer-neo/1212/ : SUCCESS

https://cv.jenkins.couchbase.com/job/kv_engine-clang_format_9/22948/ : SUCCESS

https://cv.jenkins.couchbase.com/job/kv_engine.linux/job/neo/1276/ : SUCCESS

https://cv.jenkins.couchbase.com/job/kv_engine.linux-CE/job/neo/1286/ : SUCCESS

https://cv.jenkins.couchbase.com/job/kv_engine.threadsanitizer/job/neo/1282/ : SUCCESS

https://cv.jenkins.couchbase.com/job/kv_engine.macos/job/neo/1629/ : SUCCESS

https://cv.jenkins.couchbase.com/job/kv_engine.libFuzzer/job/neo/1247/ : SUCCESS

https://cv.jenkins.couchbase.com/job/kv_engine.ASan-UBSan/job/neo/1280/ : SUCCESS

https://cv.jenkins.couchbase.com/job/kv_engine.aarch64-linux/job/neo/1293/ : SUCCESS
----------------------------------------------------------------------------------------------------------------------
Author: Build Bot
Date: 2023-02-23 20:18:39.000000000
Message: 
Patch Set 1:

Build Failed 

https://cv.jenkins.couchbase.com/job/kv_engine-windows-neo/1524/ : FAILURE

Failure of an engine_testapp test:

<pre>
Running [55/160]: stats curr_items DELETE...(99 ms) OK


99% tests passed, 3 tests failed out of 434

Total Test time (real) = 705.06 sec

The following tests FAIL
</pre>
 ( https://cv.jenkins.couchbase.com/job/kv_engine-windows-neo/1524/ )

Timeout of a CTest test 432/434 Test #315: ep_testsuite_xdcr.value_eviction.comp_passive .................................................................................} ( https://cv.jenkins.couchbase.com/job/kv_engine-windows-neo/1524/ )

https://cv.jenkins.couchbase.com/job/kv_engine-clang_tidy-neo/1256/ : SUCCESS

https://cv.jenkins.couchbase.com/job/kv_engine-clang_analyzer-neo/1212/ : SUCCESS

https://cv.jenkins.couchbase.com/job/kv_engine-clang_format_9/22948/ : SUCCESS

https://cv.jenkins.couchbase.com/job/kv_engine.linux/job/neo/1276/ : SUCCESS

https://cv.jenkins.couchbase.com/job/kv_engine.linux-CE/job/neo/1286/ : SUCCESS

https://cv.jenkins.couchbase.com/job/kv_engine.threadsanitizer/job/neo/1282/ : SUCCESS

https://cv.jenkins.couchbase.com/job/kv_engine.macos/job/neo/1629/ : SUCCESS

https://cv.jenkins.couchbase.com/job/kv_engine.libFuzzer/job/neo/1247/ : SUCCESS

https://cv.jenkins.couchbase.com/job/kv_engine.ASan-UBSan/job/neo/1280/ : SUCCESS

https://cv.jenkins.couchbase.com/job/kv_engine.aarch64-linux/job/neo/1293/ : SUCCESS
----------------------------------------------------------------------------------------------------------------------
Author: Build Bot
Date: 2023-02-23 21:27:00.000000000
Message: 
Patch Set 1:

Build Failed 

https://cv.jenkins.couchbase.com/job/kv_engine-windows-neo/1525/ : FAILURE

Failure of an engine_testapp test:

<pre>
Running [56/160]: stats curr_items vbucket_state_dead...(155 ms) OK


99% tests passed, 1 tests failed out of 434

Total Test time (real) = 702.20 sec

The following tests FAIL
</pre>
 ( https://cv.jenkins.couchbase.com/job/kv_engine-windows-neo/1525/ )

Timeout of a CTest test 434/434 Test #290: ep_testsuite.full_eviction.magma ..............................................................................................} ( https://cv.jenkins.couchbase.com/job/kv_engine-windows-neo/1525/ )

https://cv.jenkins.couchbase.com/job/kv_engine-clang_tidy-neo/1256/ : SUCCESS

https://cv.jenkins.couchbase.com/job/kv_engine-clang_analyzer-neo/1212/ : SUCCESS

https://cv.jenkins.couchbase.com/job/kv_engine-clang_format_9/22948/ : SUCCESS

https://cv.jenkins.couchbase.com/job/kv_engine.linux/job/neo/1276/ : SUCCESS

https://cv.jenkins.couchbase.com/job/kv_engine.linux-CE/job/neo/1286/ : SUCCESS

https://cv.jenkins.couchbase.com/job/kv_engine.threadsanitizer/job/neo/1282/ : SUCCESS

https://cv.jenkins.couchbase.com/job/kv_engine.macos/job/neo/1629/ : SUCCESS

https://cv.jenkins.couchbase.com/job/kv_engine.libFuzzer/job/neo/1247/ : SUCCESS

https://cv.jenkins.couchbase.com/job/kv_engine.ASan-UBSan/job/neo/1280/ : SUCCESS

https://cv.jenkins.couchbase.com/job/kv_engine.aarch64-linux/job/neo/1293/ : SUCCESS
----------------------------------------------------------------------------------------------------------------------
Author: Paolo Cocchi
Date: 2023-02-24 06:59:23.000000000
Message: 
Patch Set 1: Code-Review+2
----------------------------------------------------------------------------------------------------------------------
Author: Build Bot
Date: 2023-02-24 07:14:33.000000000
Message: 
Patch Set 1: Verified+1

Build Successful 

https://cv.jenkins.couchbase.com/job/kv_engine-clang_tidy-neo/1256/ : SUCCESS

https://cv.jenkins.couchbase.com/job/kv_engine-clang_analyzer-neo/1212/ : SUCCESS

https://cv.jenkins.couchbase.com/job/kv_engine-clang_format_9/22948/ : SUCCESS

https://cv.jenkins.couchbase.com/job/kv_engine.linux/job/neo/1276/ : SUCCESS

https://cv.jenkins.couchbase.com/job/kv_engine.linux-CE/job/neo/1286/ : SUCCESS

https://cv.jenkins.couchbase.com/job/kv_engine.threadsanitizer/job/neo/1282/ : SUCCESS

https://cv.jenkins.couchbase.com/job/kv_engine.macos/job/neo/1629/ : SUCCESS

https://cv.jenkins.couchbase.com/job/kv_engine.libFuzzer/job/neo/1247/ : SUCCESS

https://cv.jenkins.couchbase.com/job/kv_engine.ASan-UBSan/job/neo/1280/ : SUCCESS

https://cv.jenkins.couchbase.com/job/kv_engine.aarch64-linux/job/neo/1293/ : SUCCESS

https://cv.jenkins.couchbase.com/job/kv_engine-windows-neo/1527/ : SUCCESS
----------------------------------------------------------------------------------------------------------------------
