======================================================================================================================
DESCRIPTION:

MB-51556: Remove Monotonic<> labels in preparation for new style labels

Remove the current std::string labels we assign to Monotonic<> or
AtomicMonotonic<>, so that we can update the way we create labels for
Monotonic<> template so that they are more efficient with respects to
memory usage.

Follow up patches will re-introduce the labels using the newer more
efficient method, after montonic.h in platform repo us been updated.

Change-Id: I82b17b486bdc6604b47a8ea7842b81f0d1605251

======================================================================================================================
COMMENTS
======================================================================================================================
Author: Richard de Mellow
Date: 2022-04-06 14:53:11.000000000
Message: 
Uploaded patch set 2.
----------------------------------------------------------------------------------------------------------------------
Author: Build Bot
Date: 2022-04-06 16:22:42.000000000
Message: 
Patch Set 2: Verified-1

Build Failed 

http://cv.jenkins.couchbase.com/job/kv_engine-windows-master/45041/ : FAILURE

Failure of an engine_testapp test:

<pre>
Running [4/93]: test dcp consumer flow control dynamic...(1276 ms) OK


99% tests passed, 1 tests failed out of 423

Total Test time (real) = 360.02 sec

The following tests FAIL
</pre>
 ( http://cv.jenkins.couchbase.com/job/kv_engine-windows-master/45041/ )

Timeout of a CTest test 423/423 Test #291: ep_testsuite_dcp.full_eviction.comp_active ..............................................................} ( http://cv.jenkins.couchbase.com/job/kv_engine-windows-master/45041/ )

http://cv.jenkins.couchbase.com/job/kv_engine-clang_analyzer-master/37826/ : SUCCESS

http://cv.jenkins.couchbase.com/job/kv_engine-clang_tidy-master/16432/ : SUCCESS

http://cv.jenkins.couchbase.com/job/kv_engine-clang_format_9/15368/ : SUCCESS

http://cv.jenkins.couchbase.com/job/kv_engine.linux-CE/job/master/18205/ : SUCCESS

http://cv.jenkins.couchbase.com/job/kv_engine.threadsanitizer/job/master/19237/ : SUCCESS

http://cv.jenkins.couchbase.com/job/kv_engine.aarch64-linux/job/master/6149/ : SUCCESS

http://cv.jenkins.couchbase.com/job/kv_engine.ASan-UBSan/job/master/26615/ : SUCCESS

http://cv.jenkins.couchbase.com/job/kv_engine.linux/job/master/18541/ : SUCCESS

http://cv.jenkins.couchbase.com/job/kv_engine.libFuzzer/job/master/6090/ : SUCCESS

http://cv.jenkins.couchbase.com/job/kv_engine.macos/job/master/17301/ : SUCCESS
----------------------------------------------------------------------------------------------------------------------
Author: Build Bot
Date: 2022-04-07 07:34:28.000000000
Message: 
Patch Set 2:

Build Failed 

http://cv.jenkins.couchbase.com/job/kv_engine-windows-master/45051/ : FAILURE

Failure of an engine_testapp test:

<pre>
Running [54/159]: stats curr_items ADD SET...(53 ms) OK


99% tests passed, 1 tests failed out of 423

Total Test time (real) = 684.34 sec

The following tests FAIL
</pre>
 ( http://cv.jenkins.couchbase.com/job/kv_engine-windows-master/45051/ )

Timeout of a CTest test 423/423 Test #272: ep_testsuite.value_eviction.comp_passive ................................................................} ( http://cv.jenkins.couchbase.com/job/kv_engine-windows-master/45051/ )

http://cv.jenkins.couchbase.com/job/kv_engine-clang_analyzer-master/37826/ : SUCCESS

http://cv.jenkins.couchbase.com/job/kv_engine-clang_tidy-master/16432/ : SUCCESS

http://cv.jenkins.couchbase.com/job/kv_engine-clang_format_9/15368/ : SUCCESS

http://cv.jenkins.couchbase.com/job/kv_engine.linux-CE/job/master/18205/ : SUCCESS

http://cv.jenkins.couchbase.com/job/kv_engine.threadsanitizer/job/master/19237/ : SUCCESS

http://cv.jenkins.couchbase.com/job/kv_engine.aarch64-linux/job/master/6149/ : SUCCESS

http://cv.jenkins.couchbase.com/job/kv_engine.ASan-UBSan/job/master/26615/ : SUCCESS

http://cv.jenkins.couchbase.com/job/kv_engine.linux/job/master/18541/ : SUCCESS

http://cv.jenkins.couchbase.com/job/kv_engine.libFuzzer/job/master/6090/ : SUCCESS

http://cv.jenkins.couchbase.com/job/kv_engine.macos/job/master/17301/ : SUCCESS
----------------------------------------------------------------------------------------------------------------------
Author: Build Bot
Date: 2022-04-07 08:42:39.000000000
Message: 
Patch Set 2:

Build Failed 

http://cv.jenkins.couchbase.com/job/kv_engine-windows-master/45052/ : FAILURE

Failure of an engine_testapp test:

<pre>
Running [60/93]: test dcp consumer end stream...(137 ms) OK


99% tests passed, 1 tests failed out of 423

Total Test time (real) = 361.62 sec

The following tests FAIL
</pre>
 ( http://cv.jenkins.couchbase.com/job/kv_engine-windows-master/45052/ )

Timeout of a CTest test 423/423 Test #295: ep_testsuite_dcp.full_eviction.magma ....................................................................} ( http://cv.jenkins.couchbase.com/job/kv_engine-windows-master/45052/ )

http://cv.jenkins.couchbase.com/job/kv_engine-clang_analyzer-master/37826/ : SUCCESS

http://cv.jenkins.couchbase.com/job/kv_engine-clang_tidy-master/16432/ : SUCCESS

http://cv.jenkins.couchbase.com/job/kv_engine-clang_format_9/15368/ : SUCCESS

http://cv.jenkins.couchbase.com/job/kv_engine.linux-CE/job/master/18205/ : SUCCESS

http://cv.jenkins.couchbase.com/job/kv_engine.threadsanitizer/job/master/19237/ : SUCCESS

http://cv.jenkins.couchbase.com/job/kv_engine.aarch64-linux/job/master/6149/ : SUCCESS

http://cv.jenkins.couchbase.com/job/kv_engine.ASan-UBSan/job/master/26615/ : SUCCESS

http://cv.jenkins.couchbase.com/job/kv_engine.linux/job/master/18541/ : SUCCESS

http://cv.jenkins.couchbase.com/job/kv_engine.libFuzzer/job/master/6090/ : SUCCESS

http://cv.jenkins.couchbase.com/job/kv_engine.macos/job/master/17301/ : SUCCESS
----------------------------------------------------------------------------------------------------------------------
Author: Build Bot
Date: 2022-04-07 09:39:59.000000000
Message: 
Patch Set 2: Verified+1

Build Successful 

http://cv.jenkins.couchbase.com/job/kv_engine-clang_analyzer-master/37826/ : SUCCESS

http://cv.jenkins.couchbase.com/job/kv_engine-clang_tidy-master/16432/ : SUCCESS

http://cv.jenkins.couchbase.com/job/kv_engine-clang_format_9/15368/ : SUCCESS

http://cv.jenkins.couchbase.com/job/kv_engine.linux-CE/job/master/18205/ : SUCCESS

http://cv.jenkins.couchbase.com/job/kv_engine.threadsanitizer/job/master/19237/ : SUCCESS

http://cv.jenkins.couchbase.com/job/kv_engine.aarch64-linux/job/master/6149/ : SUCCESS

http://cv.jenkins.couchbase.com/job/kv_engine.ASan-UBSan/job/master/26615/ : SUCCESS

http://cv.jenkins.couchbase.com/job/kv_engine.linux/job/master/18541/ : SUCCESS

http://cv.jenkins.couchbase.com/job/kv_engine.libFuzzer/job/master/6090/ : SUCCESS

http://cv.jenkins.couchbase.com/job/kv_engine.macos/job/master/17301/ : SUCCESS

http://cv.jenkins.couchbase.com/job/kv_engine-windows-master/45056/ : SUCCESS
----------------------------------------------------------------------------------------------------------------------
