======================================================================================================================
DESCRIPTION:

Refactor CheckpointManager::removeCursor()

Refactor CheckpointManager::removeCursor() to take a ref to a cursor
rather than a ptr. As it doesn't make sense to remove non existent
cursor from a Checkpoint.

Change-Id: I5690013d53e86bcd8da1874651a1c79a380362c1

======================================================================================================================
COMMENTS
======================================================================================================================
Author: Richard de Mellow
Date: 2022-04-04 08:27:52.000000000
Message: 
Uploaded patch set 2.
----------------------------------------------------------------------------------------------------------------------
Author: Build Bot
Date: 2022-04-04 09:47:35.000000000
Message: 
Patch Set 2: Verified-1

Build Failed 

http://cv.jenkins.couchbase.com/job/kv_engine-windows-master/44892/ : FAILURE

Failure of an engine_testapp test:

<pre>
Running [44/47]: test max_ttl range...(86 ms) OK


99% tests passed, 3 tests failed out of 432

Total Test time (real) = 341.04 sec

The following tests FAIL
</pre>
 ( http://cv.jenkins.couchbase.com/job/kv_engine-windows-master/44892/ )

Failure of GoogleTest "PersistentAndEphemeral/DcpStreamSyncReplTest.MutationAndPendingDeleteWithoutSyncReplica/ephemeral":

<pre>
[ RUN      ] PersistentAndEphemeral/DcpStreamSyncReplTest.MutationAndPendingDeleteWithoutSyncReplica/ephemeral
unknown file: error: C++ exception with description "cb::io::rmrf: remove of file \\?\C:\Jenkins\workspace\kv_engine-windows-master\build\kv_engine\ep_engine_ep_unit_tests.db\test.947501\magma.1\wal\wal.1 under ep_engine_ep_unit_tests.db/test.947501 failed: The data is invalid." thrown in TearDown().
[  FAILED  ] PersistentAndEphemeral/DcpStreamSyncReplTest.MutationAndPendingDeleteWithoutSyncReplica/ephemeral, where GetParam() = "ephemeral" (19 ms)
PersistentAndEphemeral/DcpStreamSyncReplTest.MutationAndPendingDeleteWithoutSyncReplica/ephemeral
</pre>
 ( http://cv.jenkins.couchbase.com/job/kv_engine-windows-master/44892/ )

Timeout of a CTest test 431/432 Test #317: ep_testsuite_xdcr.ephemeral.comp_passive ......................................................................................} ( http://cv.jenkins.couchbase.com/job/kv_engine-windows-master/44892/ )

http://cv.jenkins.couchbase.com/job/kv_engine.linux/job/master/18436/ : FAILURE

http://cv.jenkins.couchbase.com/job/kv_engine-clang_analyzer-master/37740/ : SUCCESS

http://cv.jenkins.couchbase.com/job/kv_engine-clang_tidy-master/16336/ : SUCCESS

http://cv.jenkins.couchbase.com/job/kv_engine-clang_format_9/15272/ : SUCCESS

http://cv.jenkins.couchbase.com/job/kv_engine.libFuzzer/job/master/5991/ : SUCCESS

http://cv.jenkins.couchbase.com/job/kv_engine.linux-CE/job/master/18108/ : SUCCESS

http://cv.jenkins.couchbase.com/job/kv_engine.threadsanitizer/job/master/19140/ : SUCCESS

http://cv.jenkins.couchbase.com/job/kv_engine.ASan-UBSan/job/master/26518/ : SUCCESS

http://cv.jenkins.couchbase.com/job/kv_engine.aarch64-linux/job/master/6051/ : SUCCESS

http://cv.jenkins.couchbase.com/job/kv_engine.macos/job/master/17196/ : SUCCESS
----------------------------------------------------------------------------------------------------------------------
Author: Build Bot
Date: 2022-04-04 11:11:46.000000000
Message: 
Patch Set 2:

Build Failed 

http://cv.jenkins.couchbase.com/job/kv_engine-windows-master/44900/ : FAILURE

Failure of GoogleTest "DurabilityRespondAmbiguousTest.RespondAmbiguousNotificationDeadLock":

<pre>
[ RUN      ] DurabilityRespondAmbiguousTest.RespondAmbiguousNotificationDeadLock
unknown file: error: C++ exception with description "cb::io::rmrf: remove of directory \\?\C:\Jenkins\workspace\kv_engine-windows-master\build\kv_engine\ep_engine_ep_unit_tests.db\test.096001 failed: unknown error" thrown in the test body.
[  FAILED  ] DurabilityRespondAmbiguousTest.RespondAmbiguousNotificationDeadLock (1204 ms)
DurabilityRespondAmbiguousTest.RespondAmbiguousNotificationDeadLock
</pre>
 ( http://cv.jenkins.couchbase.com/job/kv_engine-windows-master/44900/ )

Failure of an engine_testapp test:

<pre>
Running [51/93]: test change dcp buffer log size...(35 ms) OK

        Start 410: memcached_testapp.ep.TransportProtocols/ErrmapTest
407/432 Test #392: memcached_testapp.ep.SDPerf/SubdocPerfTest ....................................................................................   Passed   25.29 sec
        Start 411: memcached_testapp.ep.TransportProtocols/ExternalAuthTest
408/432 Test #410: memcached_testapp.ep.TransportProtocols/ErrmapTest ............................................................................   Passed    0.99 sec
        Start 412: memcached_testapp.ep.TransportProtocols/FlushTest
409/432 Test #409: memcached_testapp.ep.TransportProtocols/RegressionTest ........................................................................   Passed    1.53 sec
        Start 413: memcached_testapp.ep.TransportProtocols/GetSetTest
410/432 Test #412: memcached_testapp.ep.TransportProtocols/FlushTest .............................................................................   Passed    1.07 sec
        Start 414: memcached_testapp.ep.TransportProtocols/InterfacesTest
411/432 Test #406: memcached_testapp.ep.CleanOrUnclean/PersistToTest .............................................................................   Passed    7.70 sec
        Start 415: memcached_testapp.ep.TransportProtocols/IoctlTest
412/432 Test #415: memcached_testapp.ep.TransportProtocols/IoctlTest .............................................................................   Passed    0.94 sec
        Start 416: memcached_testapp.ep.TransportProtocols/IPv6Test
413/432 Test #413: memcached_testapp.ep.TransportProtocols/GetSetTest ............................................................................   Passed    4.11 sec
        Start 417: memcached_testapp.ep.TransportProtocols/ClusterConfigTest
414/432 Test #416: memcached_testapp.ep.TransportProtocols/IPv6Test ..............................................................................   Passed    0.90 sec
        Start 418: memcached_testapp.ep.TransportProtocols/CmdTimerTest
415/432 Test #414: memcached_testapp.ep.TransportProtocols/InterfacesTest ........................................................................   Passed    4.19 sec
        Start 419: memcached_testapp.ep.TransportProtocols/CollectionsTest
416/432 Test #418: memcached_testapp.ep.TransportProtocols/CmdTimerTest ..........................................................................   Passed    1.00 sec
        Start 420: memcached_testapp.ep.TransportProtocols/DcpTest
417/432 Test #419: memcached_testapp.ep.TransportProtocols/CollectionsTest .......................................................................   Passed    1.01 sec
        Start 421: memcached_testapp.ep.TransportProtocols/DcpConsumerBufferAckTest
418/432 Test #411: memcached_testapp.ep.TransportProtocols/ExternalAuthTest ......................................................................   Passed    6.90 sec
        Start 422: memcached_testapp.ep.Transport/DeprecatedCommandsTests
419/432 Test #420: memcached_testapp.ep.TransportProtocols/DcpTest ...............................................................................   Passed    1.95 sec
        Start 423: memcached_testapp.ep.TransportProtocols/DurabilityTest
420/432 Test #421: memcached_testapp.ep.TransportProtocols/DcpConsumerBufferAckTest ..............................................................   Passed    2.00 sec
        Start 424: memcached_testapp.ep.TransportProtocols/SubdocDurabilityTest
421/432 Test #417: memcached_testapp.ep.TransportProtocols/ClusterConfigTest .....................................................................   Passed    4.29 sec
        Start 425: memcached_testapp.ep.TransportProtocols/ArithmeticTest
422/432 Test #422: memcached_testapp.ep.Transport/DeprecatedCommandsTests ........................................................................   Passed    1.93 sec
        Start 426: memcached_testapp.ep.TransportProtocols/ArithmeticXattrOnTest
423/432 Test #423: memcached_testapp.ep.TransportProtocols/DurabilityTest ........................................................................   Passed    1.00 sec
        Start 427: memcached_testapp.ep.TransportProtocols/AuditTest
424/432 Test #424: memcached_testapp.ep.TransportProtocols/SubdocDurabilityTest ..................................................................   Passed    1.01 sec
        Start 428: memcached_testapp.ep.TransportProtocols/BucketTest
425/432 Test #426: memcached_testapp.ep.TransportProtocols/ArithmeticXattrOnTest .................................................................   Passed    1.04 sec
        Start 429: testapp_auth_provider_test
426/432 Test #429: testapp_auth_provider_test ....................................................................................................   Passed    0.16 sec
        Start 430: cluster_test
427/432 Test #425: memcached_testapp.ep.TransportProtocols/ArithmeticTest ........................................................................   Passed    2.96 sec
        Start 431: memcached_unsigned_leb128_test
428/432 Test #431: memcached_unsigned_leb128_test ................................................................................................   Passed    0.11 sec
        Start 432: memcached-hostutils-test
429/432 Test #432: memcached-hostutils-test ......................................................................................................   Passed    0.23 sec
430/432 Test #428: memcached_testapp.ep.TransportProtocols/BucketTest ............................................................................   Passed   11.36 sec
431/432 Test #427: memcached_testapp.ep.TransportProtocols/AuditTest .............................................................................   Passed   12.05 sec
432/432 Test #430: cluster_test ..................................................................................................................   Passed   22.18 sec

99% tests passed, 3 tests failed out of 432

Total Test time (real) = 849.96 sec

The following tests FAIL
</pre>
 ( http://cv.jenkins.couchbase.com/job/kv_engine-windows-master/44900/ )

Timeout of a CTest test 329/432 Test #293: ep_testsuite_basic.ephemeral.comp_passive .....................................................................................} ( http://cv.jenkins.couchbase.com/job/kv_engine-windows-master/44900/ )

http://cv.jenkins.couchbase.com/job/kv_engine-clang_analyzer-master/37740/ : SUCCESS

http://cv.jenkins.couchbase.com/job/kv_engine-clang_tidy-master/16336/ : SUCCESS

http://cv.jenkins.couchbase.com/job/kv_engine-clang_format_9/15272/ : SUCCESS

http://cv.jenkins.couchbase.com/job/kv_engine.libFuzzer/job/master/5991/ : SUCCESS

http://cv.jenkins.couchbase.com/job/kv_engine.linux-CE/job/master/18108/ : SUCCESS

http://cv.jenkins.couchbase.com/job/kv_engine.threadsanitizer/job/master/19140/ : SUCCESS

http://cv.jenkins.couchbase.com/job/kv_engine.ASan-UBSan/job/master/26518/ : SUCCESS

http://cv.jenkins.couchbase.com/job/kv_engine.aarch64-linux/job/master/6051/ : SUCCESS

http://cv.jenkins.couchbase.com/job/kv_engine.macos/job/master/17196/ : SUCCESS

http://cv.jenkins.couchbase.com/job/kv_engine.linux/job/master/18443/ : SUCCESS
----------------------------------------------------------------------------------------------------------------------
Author: Build Bot
Date: 2022-04-04 12:06:20.000000000
Message: 
Patch Set 2:

Build Failed 

http://cv.jenkins.couchbase.com/job/kv_engine-windows-master/44906/ : FAILURE

Failure of an engine_testapp test:

<pre>
Running [144/159]: test_mb19635_upgrade_from_25x...(10 ms) SKIPPED_UNDER_MAGMA


99% tests passed, 4 tests failed out of 432

Total Test time (real) = 696.47 sec

The following tests FAIL
</pre>
 ( http://cv.jenkins.couchbase.com/job/kv_engine-windows-master/44906/ )

Failure of GoogleTest "EphTombstoneTest.ConcurrentPurge":

<pre>
[ RUN      ] EphTombstoneTest.ConcurrentPurge
..\kv_engine\engines\ep\tests\module_tests\ephemeral_vb_test.cc(827): error: Expected: (purged) > (0), actual: 0 vs 0
[  FAILED  ] EphTombstoneTest.ConcurrentPurge (16 ms)
EphTombstoneTest.ConcurrentPurge
</pre>
 ( http://cv.jenkins.couchbase.com/job/kv_engine-windows-master/44906/ )

Timeout of a CTest test 431/432 Test #299: ep_testsuite_dcp.full_eviction.comp_passive ...................................................................................} ( http://cv.jenkins.couchbase.com/job/kv_engine-windows-master/44906/ )

http://cv.jenkins.couchbase.com/job/kv_engine-clang_analyzer-master/37740/ : SUCCESS

http://cv.jenkins.couchbase.com/job/kv_engine-clang_tidy-master/16336/ : SUCCESS

http://cv.jenkins.couchbase.com/job/kv_engine-clang_format_9/15272/ : SUCCESS

http://cv.jenkins.couchbase.com/job/kv_engine.libFuzzer/job/master/5991/ : SUCCESS

http://cv.jenkins.couchbase.com/job/kv_engine.linux-CE/job/master/18108/ : SUCCESS

http://cv.jenkins.couchbase.com/job/kv_engine.threadsanitizer/job/master/19140/ : SUCCESS

http://cv.jenkins.couchbase.com/job/kv_engine.ASan-UBSan/job/master/26518/ : SUCCESS

http://cv.jenkins.couchbase.com/job/kv_engine.aarch64-linux/job/master/6051/ : SUCCESS

http://cv.jenkins.couchbase.com/job/kv_engine.macos/job/master/17196/ : SUCCESS

http://cv.jenkins.couchbase.com/job/kv_engine.linux/job/master/18443/ : SUCCESS
----------------------------------------------------------------------------------------------------------------------
Author: Build Bot
Date: 2022-04-04 12:39:52.000000000
Message: 
Patch Set 2:

Build Failed 

http://cv.jenkins.couchbase.com/job/kv_engine-windows-master/44913/ : FAILURE

Failure of an engine_testapp test:

<pre>
Running [4/93]: test dcp consumer flow control dynamic...(70 ms) OK


99% tests passed, 3 tests failed out of 432

Total Test time (real) = 346.75 sec

The following tests FAIL
</pre>
 ( http://cv.jenkins.couchbase.com/job/kv_engine-windows-master/44913/ )

Failure of GoogleTest "AllBucketTypes/DurabilityActiveStreamTest.BackfillPrepareNoSyncWriteSupport_Delete_Persist/persistent_magma_full_eviction":

<pre>
[ RUN      ] AllBucketTypes/DurabilityActiveStreamTest.BackfillPrepareNoSyncWriteSupport_Delete_Persist/persistent_magma_full_eviction
2022-04-04T05:34:39.458723-07:00 CRITICAL (SynchronousEPEngine:default) MagmaKVStore Magma open failed. Status:IOError: Unable to open file ep_engine_ep_unit_tests.db/test.137301/magma.0/config.json.tmp: The system cannot find the path specified.
unknown file: error: C++ exception with description "MagmaKVStore Magma open failed. Status:IOError: Unable to open file ep_engine_ep_unit_tests.db/test.137301/magma.0/config.json.tmp: The system cannot find the path specified." thrown in SetUp().
unknown file: error: SEH exception with code 0xc0000005 thrown in TearDown().
[  FAILED  ] AllBucketTypes/DurabilityActiveStreamTest.BackfillPrepareNoSyncWriteSupport_Delete_Persist/persistent_magma_full_eviction, where GetParam() = "bucket_type=persistent:backend=magma:item_eviction_policy=full_eviction" (16 ms)
AllBucketTypes/DurabilityActiveStreamTest.BackfillPrepareNoSyncWriteSupport_Delete_Persist/persistent_magma_full_eviction
</pre>
 ( http://cv.jenkins.couchbase.com/job/kv_engine-windows-master/44913/ )

Timeout of a CTest test 431/432 Test #318: ep_testsuite_xdcr.ephemeral.comp_active .......................................................................................} ( http://cv.jenkins.couchbase.com/job/kv_engine-windows-master/44913/ )

http://cv.jenkins.couchbase.com/job/kv_engine-clang_analyzer-master/37740/ : SUCCESS

http://cv.jenkins.couchbase.com/job/kv_engine-clang_tidy-master/16336/ : SUCCESS

http://cv.jenkins.couchbase.com/job/kv_engine-clang_format_9/15272/ : SUCCESS

http://cv.jenkins.couchbase.com/job/kv_engine.libFuzzer/job/master/5991/ : SUCCESS

http://cv.jenkins.couchbase.com/job/kv_engine.linux-CE/job/master/18108/ : SUCCESS

http://cv.jenkins.couchbase.com/job/kv_engine.threadsanitizer/job/master/19140/ : SUCCESS

http://cv.jenkins.couchbase.com/job/kv_engine.ASan-UBSan/job/master/26518/ : SUCCESS

http://cv.jenkins.couchbase.com/job/kv_engine.aarch64-linux/job/master/6051/ : SUCCESS

http://cv.jenkins.couchbase.com/job/kv_engine.macos/job/master/17196/ : SUCCESS

http://cv.jenkins.couchbase.com/job/kv_engine.linux/job/master/18443/ : SUCCESS
----------------------------------------------------------------------------------------------------------------------
Author: Build Bot
Date: 2022-04-04 13:04:32.000000000
Message: 
Patch Set 2: Verified+1

Build Successful 

http://cv.jenkins.couchbase.com/job/kv_engine-clang_analyzer-master/37740/ : SUCCESS

http://cv.jenkins.couchbase.com/job/kv_engine-clang_tidy-master/16336/ : SUCCESS

http://cv.jenkins.couchbase.com/job/kv_engine-clang_format_9/15272/ : SUCCESS

http://cv.jenkins.couchbase.com/job/kv_engine.libFuzzer/job/master/5991/ : SUCCESS

http://cv.jenkins.couchbase.com/job/kv_engine.linux-CE/job/master/18108/ : SUCCESS

http://cv.jenkins.couchbase.com/job/kv_engine.threadsanitizer/job/master/19140/ : SUCCESS

http://cv.jenkins.couchbase.com/job/kv_engine.ASan-UBSan/job/master/26518/ : SUCCESS

http://cv.jenkins.couchbase.com/job/kv_engine.aarch64-linux/job/master/6051/ : SUCCESS

http://cv.jenkins.couchbase.com/job/kv_engine.macos/job/master/17196/ : SUCCESS

http://cv.jenkins.couchbase.com/job/kv_engine.linux/job/master/18443/ : SUCCESS

http://cv.jenkins.couchbase.com/job/kv_engine-windows-master/44914/ : SUCCESS
----------------------------------------------------------------------------------------------------------------------
Author: Dave Rigby
Date: 2022-04-04 14:14:04.000000000
Message: 
Patch Set 2: Code-Review-1

(4 comments)
Line:282, engines/ep/src/checkpoint_manager.cc -> Should a null cursor be registered in CheckpointManager in the first place? (i.e. why do we need the cursor.second check)?

Line:385, engines/ep/src/checkpoint_manager.cc -> Style - yo don't need to compare to null here (https://isocpp.github.io/CppCoreGuidelines/CppCoreGuidelines#es87-dont-add-redundant--or--to-conditions)

Line:402, engines/ep/src/checkpoint_manager.cc -> Ditto

Line:216, engines/ep/src/checkpoint_manager.h -> Comment needs updating (no longer reference; also can no longer be null).

----------------------------------------------------------------------------------------------------------------------
Author: Richard de Mellow
Date: 2022-04-04 15:29:13.000000000
MISMATCHED INLINE COMMENT
Line:282, engines/ep/src/checkpoint_manager.cc -> Done
----------------------------------------------------------------------------------------------------------------------
Author: Richard de Mellow
Date: 2022-04-04 15:29:13.000000000
MISMATCHED INLINE COMMENT
Line:385, engines/ep/src/checkpoint_manager.cc -> Done
----------------------------------------------------------------------------------------------------------------------
Author: Richard de Mellow
Date: 2022-04-04 15:29:13.000000000
MISMATCHED INLINE COMMENT
Line:402, engines/ep/src/checkpoint_manager.cc -> Done
----------------------------------------------------------------------------------------------------------------------
Author: Richard de Mellow
Date: 2022-04-04 15:29:13.000000000
MISMATCHED INLINE COMMENT
Line:216, engines/ep/src/checkpoint_manager.h -> Done
----------------------------------------------------------------------------------------------------------------------
