======================================================================================================================
DESCRIPTION:

Refactor CheckpointManager::removeCursor()

Refactor CheckpointManager::removeCursor() to take a ref to a cursor
rather than a ptr. As it doesn't make sense to remove non existent
cursor from a Checkpoint.

Change-Id: I5690013d53e86bcd8da1874651a1c79a380362c1

======================================================================================================================
COMMENTS
======================================================================================================================
Author: Richard de Mellow
Date: 2022-04-04 15:28:51.000000000
Message: 
Uploaded patch set 3.
----------------------------------------------------------------------------------------------------------------------
Author: Richard de Mellow
Date: 2022-04-04 15:29:13.000000000
Message: 
Patch Set 3:

(4 comments)
----------------------------------------------------------------------------------------------------------------------
Author: Dave Rigby
Date: 2022-04-04 15:35:15.000000000
Message: 
Patch Set 3: Code-Review+2
----------------------------------------------------------------------------------------------------------------------
Author: Build Bot
Date: 2022-04-04 16:17:22.000000000
Message: 
Patch Set 3: Verified-1

Build Failed 

http://cv.jenkins.couchbase.com/job/kv_engine-windows-master/44929/ : FAILURE

Failure of GoogleTest "Nexus/NexusKVStoreTest.MagmaImplicitCompactionPurgesPrepareFlushDelete/persistent_nexus_magma_couchstore_value_only":

<pre>
[ RUN      ] Nexus/NexusKVStoreTest.MagmaImplicitCompactionPurgesPrepareFlushDelete/persistent_nexus_magma_couchstore_value_only
..\kv_engine\engines\ep\tests\module_tests\nexus_kvstore_test.cc(321): error: Expected: (skippedChecksBefore) != (std::stoull(std::string(value))), actual: 27 vs 27
[  FAILED  ] Nexus/NexusKVStoreTest.MagmaImplicitCompactionPurgesPrepareFlushDelete/persistent_nexus_magma_couchstore_value_only, where GetParam() = "bucket_type=persistent:backend=nexus:nexus_primary_backend=magma:nexus_secondary_backend=couchstore:item_eviction_policy=value_only" (675 ms)
Nexus/NexusKVStoreTest.MagmaImplicitCompactionPurgesPrepareFlushDelete/persistent_nexus_magma_couchstore_value_only
</pre>
 ( http://cv.jenkins.couchbase.com/job/kv_engine-windows-master/44929/ )

Timeout of a CTest test 432/432 Test #183: ep-engine_ep_unit_tests.PersistentAndEphemeral/StreamTest .....................................................................} ( http://cv.jenkins.couchbase.com/job/kv_engine-windows-master/44929/ )

http://cv.jenkins.couchbase.com/job/kv_engine-clang_analyzer-master/37757/ : SUCCESS

http://cv.jenkins.couchbase.com/job/kv_engine-clang_tidy-master/16353/ : SUCCESS

http://cv.jenkins.couchbase.com/job/kv_engine-clang_format_9/15289/ : SUCCESS

http://cv.jenkins.couchbase.com/job/kv_engine.macos/job/master/17218/ : SUCCESS

http://cv.jenkins.couchbase.com/job/kv_engine.libFuzzer/job/master/6008/ : SUCCESS

http://cv.jenkins.couchbase.com/job/kv_engine.linux-CE/job/master/18125/ : SUCCESS

http://cv.jenkins.couchbase.com/job/kv_engine.threadsanitizer/job/master/19157/ : SUCCESS

http://cv.jenkins.couchbase.com/job/kv_engine.aarch64-linux/job/master/6068/ : SUCCESS

http://cv.jenkins.couchbase.com/job/kv_engine.ASan-UBSan/job/master/26535/ : SUCCESS

http://cv.jenkins.couchbase.com/job/kv_engine.linux/job/master/18455/ : SUCCESS
----------------------------------------------------------------------------------------------------------------------
Author: Build Bot
Date: 2022-04-04 16:52:11.000000000
Message: 
Patch Set 3:

Build Failed 

http://cv.jenkins.couchbase.com/job/kv_engine-windows-master/44934/ : FAILURE

Failure of an engine_testapp test:

<pre>
Running [27/47]: test locked touch...(85 ms) OK


99% tests passed, 2 tests failed out of 432

Total Test time (real) = 340.86 sec

The following tests FAIL
</pre>
 ( http://cv.jenkins.couchbase.com/job/kv_engine-windows-master/44934/ )

Failure of GoogleTest "TransportProtocols/XattrTest.mb25928_SystemCanExceedDocumentLimit/Mcbp_XattrYes_JsonNo_SnappyYes":

<pre>
[ RUN      ] TransportProtocols/XattrTest.mb25928_SystemCanExceedDocumentLimit/Mcbp_XattrYes_JsonNo_SnappyYes
C:/Jenkins/workspace/kv_engine-windows-master/kv_engine/tests/testapp/testapp_xattr.cc(1916): error: Value of: resp.isSuccess()
  Actual: false
Expected: true
Expected to be able to store system xattrs
[  FAILED  ] TransportProtocols/XattrTest.mb25928_SystemCanExceedDocumentLimit/Mcbp_XattrYes_JsonNo_SnappyYes, where GetParam() = (Mcbp, XattrYes, 4-byte object <01-00 00-00>, 4-byte object <00-00 00-00>) (173 ms)
TransportProtocols/XattrTest.mb25928_SystemCanExceedDocumentLimit/Mcbp_XattrYes_JsonNo_SnappyYes
</pre>
 ( http://cv.jenkins.couchbase.com/job/kv_engine-windows-master/44934/ )

Timeout of a CTest test 432/432 Test #291: ep_testsuite_basic.full_eviction.comp_passive .................................................................................} ( http://cv.jenkins.couchbase.com/job/kv_engine-windows-master/44934/ )

http://cv.jenkins.couchbase.com/job/kv_engine-clang_analyzer-master/37757/ : SUCCESS

http://cv.jenkins.couchbase.com/job/kv_engine-clang_tidy-master/16353/ : SUCCESS

http://cv.jenkins.couchbase.com/job/kv_engine-clang_format_9/15289/ : SUCCESS

http://cv.jenkins.couchbase.com/job/kv_engine.macos/job/master/17218/ : SUCCESS

http://cv.jenkins.couchbase.com/job/kv_engine.libFuzzer/job/master/6008/ : SUCCESS

http://cv.jenkins.couchbase.com/job/kv_engine.linux-CE/job/master/18125/ : SUCCESS

http://cv.jenkins.couchbase.com/job/kv_engine.threadsanitizer/job/master/19157/ : SUCCESS

http://cv.jenkins.couchbase.com/job/kv_engine.aarch64-linux/job/master/6068/ : SUCCESS

http://cv.jenkins.couchbase.com/job/kv_engine.ASan-UBSan/job/master/26535/ : SUCCESS

http://cv.jenkins.couchbase.com/job/kv_engine.linux/job/master/18455/ : SUCCESS
----------------------------------------------------------------------------------------------------------------------
Author: Build Bot
Date: 2022-04-04 17:10:06.000000000
Message: 
Patch Set 3:

Build Failed 

http://cv.jenkins.couchbase.com/job/kv_engine-windows-master/44936/ : FAILURE

Failure of an engine_testapp test:

<pre>
Running [22/44]: test del meta conflict resolution...(169 ms) SKIPPED


99% tests passed, 1 tests failed out of 432

Total Test time (real) = 264.29 sec

The following tests FAIL
</pre>
 ( http://cv.jenkins.couchbase.com/job/kv_engine-windows-master/44936/ )

Timeout of a CTest test 432/432 Test #317: ep_testsuite_xdcr.ephemeral.comp_passive ......................................................................................} ( http://cv.jenkins.couchbase.com/job/kv_engine-windows-master/44936/ )

http://cv.jenkins.couchbase.com/job/kv_engine-clang_analyzer-master/37757/ : SUCCESS

http://cv.jenkins.couchbase.com/job/kv_engine-clang_tidy-master/16353/ : SUCCESS

http://cv.jenkins.couchbase.com/job/kv_engine-clang_format_9/15289/ : SUCCESS

http://cv.jenkins.couchbase.com/job/kv_engine.macos/job/master/17218/ : SUCCESS

http://cv.jenkins.couchbase.com/job/kv_engine.libFuzzer/job/master/6008/ : SUCCESS

http://cv.jenkins.couchbase.com/job/kv_engine.linux-CE/job/master/18125/ : SUCCESS

http://cv.jenkins.couchbase.com/job/kv_engine.threadsanitizer/job/master/19157/ : SUCCESS

http://cv.jenkins.couchbase.com/job/kv_engine.aarch64-linux/job/master/6068/ : SUCCESS

http://cv.jenkins.couchbase.com/job/kv_engine.ASan-UBSan/job/master/26535/ : SUCCESS

http://cv.jenkins.couchbase.com/job/kv_engine.linux/job/master/18455/ : SUCCESS
----------------------------------------------------------------------------------------------------------------------
Author: Build Bot
Date: 2022-04-04 17:25:58.000000000
Message: 
Patch Set 3:

Build Failed 

http://cv.jenkins.couchbase.com/job/kv_engine-windows-master/44937/ : FAILURE

Failure of GoogleTest "EphemeralOrPersistent/STExpiryPagerTest.MB_25671/persistent_nexus_couchstore_magma_value_only":

<pre>
[ RUN      ] EphemeralOrPersistent/STExpiryPagerTest.MB_25671/persistent_nexus_couchstore_magma_value_only
..\kv_engine\engines\ep\tests\module_tests\item_pager_test.cc(1842): error: Expected equality of these values:
  err
    Which is: would block
  store->getMetaData( key_1, vbid, cookie, metadata, deleted, datatype)
    Which is: no memory
..\kv_engine\engines\ep\tests\module_tests\item_pager_test.cc(1847): error: Expected equality of these values:
  cb::engine_errc::success
    Which is: success
  store->getMetaData( key_1, vbid, cookie, metadata, deleted, datatype)
    Which is: no memory
..\kv_engine\engines\ep\tests\module_tests\item_pager_test.cc(1873): error: Expected equality of these values:
  err
    Which is: would block
  deleteWithMeta()
    Which is: no memory
..\kv_engine\engines\ep\tests\module_tests\item_pager_test.cc(1879): error: Expected equality of these values:
  cb::engine_errc::success
    Which is: success
  deleteWithMeta()
    Which is: no memory
..\kv_engine\engines\ep\tests\module_tests\item_pager_test.cc(1883): error: Expected equality of these values:
  cb::engine_errc::success
    Which is: success
  item.getStatus()
    Which is: no memory
[  FAILED  ] EphemeralOrPersistent/STExpiryPagerTest.MB_25671/persistent_nexus_couchstore_magma_value_only, where GetParam() = "bucket_type=persistent:backend=nexus:nexus_primary_backend=couchstore:nexus_secondary_backend=magma:item_eviction_policy=value_only" (81 ms)
EphemeralOrPersistent/STExpiryPagerTest.MB_25671/persistent_nexus_couchstore_magma_value_only
</pre>
 ( http://cv.jenkins.couchbase.com/job/kv_engine-windows-master/44937/ )

http://cv.jenkins.couchbase.com/job/kv_engine-clang_analyzer-master/37757/ : SUCCESS

http://cv.jenkins.couchbase.com/job/kv_engine-clang_tidy-master/16353/ : SUCCESS

http://cv.jenkins.couchbase.com/job/kv_engine-clang_format_9/15289/ : SUCCESS

http://cv.jenkins.couchbase.com/job/kv_engine.macos/job/master/17218/ : SUCCESS

http://cv.jenkins.couchbase.com/job/kv_engine.libFuzzer/job/master/6008/ : SUCCESS

http://cv.jenkins.couchbase.com/job/kv_engine.linux-CE/job/master/18125/ : SUCCESS

http://cv.jenkins.couchbase.com/job/kv_engine.threadsanitizer/job/master/19157/ : SUCCESS

http://cv.jenkins.couchbase.com/job/kv_engine.aarch64-linux/job/master/6068/ : SUCCESS

http://cv.jenkins.couchbase.com/job/kv_engine.ASan-UBSan/job/master/26535/ : SUCCESS

http://cv.jenkins.couchbase.com/job/kv_engine.linux/job/master/18455/ : SUCCESS
----------------------------------------------------------------------------------------------------------------------
Author: Build Bot
Date: 2022-04-04 17:43:13.000000000
Message: 
Patch Set 3: Verified+1

Build Successful 

http://cv.jenkins.couchbase.com/job/kv_engine-clang_analyzer-master/37757/ : SUCCESS

http://cv.jenkins.couchbase.com/job/kv_engine-clang_tidy-master/16353/ : SUCCESS

http://cv.jenkins.couchbase.com/job/kv_engine-clang_format_9/15289/ : SUCCESS

http://cv.jenkins.couchbase.com/job/kv_engine.macos/job/master/17218/ : SUCCESS

http://cv.jenkins.couchbase.com/job/kv_engine.libFuzzer/job/master/6008/ : SUCCESS

http://cv.jenkins.couchbase.com/job/kv_engine.linux-CE/job/master/18125/ : SUCCESS

http://cv.jenkins.couchbase.com/job/kv_engine.threadsanitizer/job/master/19157/ : SUCCESS

http://cv.jenkins.couchbase.com/job/kv_engine.aarch64-linux/job/master/6068/ : SUCCESS

http://cv.jenkins.couchbase.com/job/kv_engine.ASan-UBSan/job/master/26535/ : SUCCESS

http://cv.jenkins.couchbase.com/job/kv_engine.linux/job/master/18455/ : SUCCESS

http://cv.jenkins.couchbase.com/job/kv_engine-windows-master/44938/ : SUCCESS
----------------------------------------------------------------------------------------------------------------------
