======================================================================================================================
DESCRIPTION:

MB-38377: Make test run for all backends

The test RollbackCompletionCallbackStateAfterCompletionCallbackFailure
tests that the completion callback is rolled back on compaction failure.
It does not test anything KVStore specific and can be run for any
backend.

Change-Id: I9b3eacc80ade3b87e6aec6cd401676779e00810f

======================================================================================================================
COMMENTS
======================================================================================================================
Author: Ben Huddleston
Date: 2022-01-28 16:15:21.000000000
Message: 
Uploaded patch set 1.
----------------------------------------------------------------------------------------------------------------------
Author: Build Bot
Date: 2022-01-28 16:46:09.000000000
Message: 
Patch Set 1: Verified-1

Build Failed 

http://cv.jenkins.couchbase.com/job/kv_engine-windows-master/43419/ : FAILURE

Failure of an engine_testapp test:

<pre>
Running [0054/0159]: stats curr_items ADD SET...(51 ms) OK


99% tests passed, 2 tests failed out of 419

Total Test time (real) = 685.50 sec

The following tests FAIL
</pre>
 ( http://cv.jenkins.couchbase.com/job/kv_engine-windows-master/43419/ )

Timeout of a CTest test 418/419 Test #284: ep_testsuite_dcp.value_eviction.comp_passive ..................................................................................} ( http://cv.jenkins.couchbase.com/job/kv_engine-windows-master/43419/ )

http://cv.jenkins.couchbase.com/job/kv_engine-clang_format_9/14051/ : SUCCESS

http://cv.jenkins.couchbase.com/job/kv_engine-clang_tidy-master/15207/ : SUCCESS

http://cv.jenkins.couchbase.com/job/kv_engine-clang_analyzer-master/36659/ : SUCCESS

http://cv.jenkins.couchbase.com/job/kv_engine.libFuzzer/job/master/4858/ : SUCCESS

http://cv.jenkins.couchbase.com/job/kv_engine.threadsanitizer/job/master/17983/ : SUCCESS

http://cv.jenkins.couchbase.com/job/kv_engine.linux/job/master/17231/ : SUCCESS

http://cv.jenkins.couchbase.com/job/kv_engine.macos/job/master/16027/ : SUCCESS

http://cv.jenkins.couchbase.com/job/kv_engine.linux-CE/job/master/16914/ : SUCCESS

http://cv.jenkins.couchbase.com/job/kv_engine.aarch64-linux/job/master/4920/ : SUCCESS

http://cv.jenkins.couchbase.com/job/kv_engine.ASan-UBSan/job/master/25330/ : SUCCESS
----------------------------------------------------------------------------------------------------------------------
Author: Build Bot
Date: 2022-01-28 17:59:08.000000000
Message: 
Patch Set 1:

Build Failed 

http://cv.jenkins.couchbase.com/job/kv_engine-windows-master/43427/ : FAILURE

Failure of an engine_testapp test:

<pre>
Running [0054/0159]: stats curr_items ADD SET...(68 ms) OK


99% tests passed, 1 tests failed out of 419

Total Test time (real) = 676.54 sec

The following tests FAIL
</pre>
 ( http://cv.jenkins.couchbase.com/job/kv_engine-windows-master/43427/ )

Timeout of a CTest test 419/419 Test #269: ep_testsuite.value_eviction.comp_active .......................................................................................} ( http://cv.jenkins.couchbase.com/job/kv_engine-windows-master/43427/ )

http://cv.jenkins.couchbase.com/job/kv_engine-clang_format_9/14051/ : SUCCESS

http://cv.jenkins.couchbase.com/job/kv_engine-clang_tidy-master/15207/ : SUCCESS

http://cv.jenkins.couchbase.com/job/kv_engine-clang_analyzer-master/36659/ : SUCCESS

http://cv.jenkins.couchbase.com/job/kv_engine.libFuzzer/job/master/4858/ : SUCCESS

http://cv.jenkins.couchbase.com/job/kv_engine.threadsanitizer/job/master/17983/ : SUCCESS

http://cv.jenkins.couchbase.com/job/kv_engine.linux/job/master/17231/ : SUCCESS

http://cv.jenkins.couchbase.com/job/kv_engine.macos/job/master/16027/ : SUCCESS

http://cv.jenkins.couchbase.com/job/kv_engine.linux-CE/job/master/16914/ : SUCCESS

http://cv.jenkins.couchbase.com/job/kv_engine.aarch64-linux/job/master/4920/ : SUCCESS

http://cv.jenkins.couchbase.com/job/kv_engine.ASan-UBSan/job/master/25330/ : SUCCESS
----------------------------------------------------------------------------------------------------------------------
Author: Build Bot
Date: 2022-01-28 18:42:00.000000000
Message: 
Patch Set 1:

Build Failed 

http://cv.jenkins.couchbase.com/job/kv_engine-windows-master/43429/ : FAILURE

Failure of GoogleTest "AllBucketTypes/ActiveDurabilityMonitorPersistentTest.PersistToMajority_EnsurePersistAtActiveTwoChains/persistent_couchstore_value_only":

<pre>
[ RUN      ] AllBucketTypes/ActiveDurabilityMonitorPersistentTest.PersistToMajority_EnsurePersistAtActiveTwoChains/persistent_couchstore_value_only
unknown file: error: C++ exception with description "KVStoreFactory ctor: Specified dbname "ep_engine_ep_unit_tests.db/test.592002" is not a directory" thrown in SetUp().
unknown file: error: SEH exception with code 0xc0000005 thrown in TearDown().
[  FAILED  ] AllBucketTypes/ActiveDurabilityMonitorPersistentTest.PersistToMajority_EnsurePersistAtActiveTwoChains/persistent_couchstore_value_only, where GetParam() = ("persistent_couchstore", "value_only") (3 ms)
AllBucketTypes/ActiveDurabilityMonitorPersistentTest.PersistToMajority_EnsurePersistAtActiveTwoChains/persistent_couchstore_value_only
</pre>
 ( http://cv.jenkins.couchbase.com/job/kv_engine-windows-master/43429/ )

http://cv.jenkins.couchbase.com/job/kv_engine-clang_format_9/14051/ : SUCCESS

http://cv.jenkins.couchbase.com/job/kv_engine-clang_tidy-master/15207/ : SUCCESS

http://cv.jenkins.couchbase.com/job/kv_engine-clang_analyzer-master/36659/ : SUCCESS

http://cv.jenkins.couchbase.com/job/kv_engine.libFuzzer/job/master/4858/ : SUCCESS

http://cv.jenkins.couchbase.com/job/kv_engine.threadsanitizer/job/master/17983/ : SUCCESS

http://cv.jenkins.couchbase.com/job/kv_engine.linux/job/master/17231/ : SUCCESS

http://cv.jenkins.couchbase.com/job/kv_engine.macos/job/master/16027/ : SUCCESS

http://cv.jenkins.couchbase.com/job/kv_engine.linux-CE/job/master/16914/ : SUCCESS

http://cv.jenkins.couchbase.com/job/kv_engine.aarch64-linux/job/master/4920/ : SUCCESS

http://cv.jenkins.couchbase.com/job/kv_engine.ASan-UBSan/job/master/25330/ : SUCCESS
----------------------------------------------------------------------------------------------------------------------
Author: Build Bot
Date: 2022-01-31 08:15:24.000000000
Message: 
Patch Set 1:

Build Failed 

http://cv.jenkins.couchbase.com/job/kv_engine-windows-master/43432/ : FAILURE

Failure of an engine_testapp test:

<pre>
Running [0027/0159]: PiTR conf...(205 ms) OK


99% tests passed, 2 tests failed out of 419

Total Test time (real) = 671.03 sec

The following tests FAIL
</pre>
 ( http://cv.jenkins.couchbase.com/job/kv_engine-windows-master/43432/ )

Failure of GoogleTest "TransportProtocols/XattrTest.mb25928_SystemCanExceedDocumentLimit/Mcbp_XattrYes_JsonNo_SnappyYes":

<pre>
[ RUN      ] TransportProtocols/XattrTest.mb25928_SystemCanExceedDocumentLimit/Mcbp_XattrYes_JsonNo_SnappyYes
unknown file: error: C++ exception with description "Failed to store TransportProtocols_XattrTest_mb25928_SystemCanExceedDocumentLimit_Mcbp_XattrYes_JsonNo_SnappyYes: Temporary failure (134)" thrown in SetUp().
[  FAILED  ] TransportProtocols/XattrTest.mb25928_SystemCanExceedDocumentLimit/Mcbp_XattrYes_JsonNo_SnappyYes, where GetParam() = (Mcbp, XattrYes, 4-byte object <01-00 00-00>, 4-byte object <00-00 00-00>) (2 ms)
TransportProtocols/XattrTest.mb25928_SystemCanExceedDocumentLimit/Mcbp_XattrYes_JsonNo_SnappyYes
</pre>
 ( http://cv.jenkins.couchbase.com/job/kv_engine-windows-master/43432/ )

Timeout of a CTest test 419/419 Test #271: ep_testsuite.full_eviction.comp_active ........................................................................................} ( http://cv.jenkins.couchbase.com/job/kv_engine-windows-master/43432/ )

http://cv.jenkins.couchbase.com/job/kv_engine-clang_format_9/14051/ : SUCCESS

http://cv.jenkins.couchbase.com/job/kv_engine-clang_tidy-master/15207/ : SUCCESS

http://cv.jenkins.couchbase.com/job/kv_engine-clang_analyzer-master/36659/ : SUCCESS

http://cv.jenkins.couchbase.com/job/kv_engine.libFuzzer/job/master/4858/ : SUCCESS

http://cv.jenkins.couchbase.com/job/kv_engine.threadsanitizer/job/master/17983/ : SUCCESS

http://cv.jenkins.couchbase.com/job/kv_engine.linux/job/master/17231/ : SUCCESS

http://cv.jenkins.couchbase.com/job/kv_engine.macos/job/master/16027/ : SUCCESS

http://cv.jenkins.couchbase.com/job/kv_engine.linux-CE/job/master/16914/ : SUCCESS

http://cv.jenkins.couchbase.com/job/kv_engine.aarch64-linux/job/master/4920/ : SUCCESS

http://cv.jenkins.couchbase.com/job/kv_engine.ASan-UBSan/job/master/25330/ : SUCCESS
----------------------------------------------------------------------------------------------------------------------
Author: Build Bot
Date: 2022-01-31 10:53:23.000000000
Message: 
Patch Set 1: Verified+1

Build Successful 

http://cv.jenkins.couchbase.com/job/kv_engine-clang_format_9/14051/ : SUCCESS

http://cv.jenkins.couchbase.com/job/kv_engine-clang_tidy-master/15207/ : SUCCESS

http://cv.jenkins.couchbase.com/job/kv_engine-clang_analyzer-master/36659/ : SUCCESS

http://cv.jenkins.couchbase.com/job/kv_engine.libFuzzer/job/master/4858/ : SUCCESS

http://cv.jenkins.couchbase.com/job/kv_engine.threadsanitizer/job/master/17983/ : SUCCESS

http://cv.jenkins.couchbase.com/job/kv_engine.linux/job/master/17231/ : SUCCESS

http://cv.jenkins.couchbase.com/job/kv_engine.macos/job/master/16027/ : SUCCESS

http://cv.jenkins.couchbase.com/job/kv_engine.linux-CE/job/master/16914/ : SUCCESS

http://cv.jenkins.couchbase.com/job/kv_engine.aarch64-linux/job/master/4920/ : SUCCESS

http://cv.jenkins.couchbase.com/job/kv_engine.ASan-UBSan/job/master/25330/ : SUCCESS

http://cv.jenkins.couchbase.com/job/kv_engine-windows-master/43437/ : SUCCESS
----------------------------------------------------------------------------------------------------------------------
Author: Dave Rigby
Date: 2022-01-31 11:16:39.000000000
Message: 
Patch Set 1: Code-Review+2
----------------------------------------------------------------------------------------------------------------------
Author: Dave Rigby
Date: 2022-01-31 11:20:40.000000000
Message: 
Patch Set 1:

Merge conflict :(
----------------------------------------------------------------------------------------------------------------------
