======================================================================================================================
DESCRIPTION:

MB-47134: Fix

Change-Id: I3fadabff4f41d44573af19a879b908139f94b509

======================================================================================================================
COMMENTS
======================================================================================================================
Author: Richard de Mellow
Date: 2021-10-22 14:08:17.000000000
Message: 
Uploaded patch set 2.
----------------------------------------------------------------------------------------------------------------------
Author: Build Bot
Date: 2021-10-22 14:34:24.000000000
Message: 
Patch Set 2: Verified-1

Build Failed 

http://cv.jenkins.couchbase.com/job/kv_engine-windows-master/41337/ : FAILURE

Failure of an engine_testapp test:

<pre>
Running [0057/0159]: startup token stat...(25 ms) OK


99% tests passed, 2 tests failed out of 413

Total Test time (real) = 665.50 sec

The following tests FAIL
</pre>
 ( http://cv.jenkins.couchbase.com/job/kv_engine-windows-master/41337/ )

Timeout of a CTest test 412/413 Test #268: ep_testsuite.ephemeral.comp_passive ...........................................................................................} ( http://cv.jenkins.couchbase.com/job/kv_engine-windows-master/41337/ )

http://cv.jenkins.couchbase.com/job/kv_engine-clang_analyzer-master/35112/ : SUCCESS

http://cv.jenkins.couchbase.com/job/kv_engine-clang_tidy-master/13624/ : SUCCESS

http://cv.jenkins.couchbase.com/job/kv_engine-clang_format_9/12423/ : SUCCESS

http://cv.jenkins.couchbase.com/job/kv_engine.libFuzzer/job/master/3259/ : SUCCESS

http://cv.jenkins.couchbase.com/job/kv_engine.linux-CE/job/master/15238/ : SUCCESS

http://cv.jenkins.couchbase.com/job/kv_engine.linux/job/master/15517/ : SUCCESS

http://cv.jenkins.couchbase.com/job/kv_engine.threadsanitizer/job/master/16187/ : SUCCESS

http://cv.jenkins.couchbase.com/job/kv_engine.macos/job/master/14400/ : SUCCESS

http://cv.jenkins.couchbase.com/job/kv_engine.ASan-UBSan/job/master/23567/ : SUCCESS

http://cv.jenkins.couchbase.com/job/kv_engine.aarch64-linux/job/master/3329/ : SUCCESS
----------------------------------------------------------------------------------------------------------------------
Author: Build Bot
Date: 2021-10-22 15:11:36.000000000
Message: 
Patch Set 2:

Build Failed 

http://cv.jenkins.couchbase.com/job/kv_engine-windows-master/41338/ : FAILURE

Failure of an engine_testapp test:

<pre>
Running [0033/0159]: test datatype with unknown command...(85 ms) OK


99% tests passed, 1 tests failed out of 413

Total Test time (real) = 669.77 sec

The following tests FAIL
</pre>
 ( http://cv.jenkins.couchbase.com/job/kv_engine-windows-master/41338/ )

Timeout of a CTest test 413/413 Test #270: ep_testsuite.value_eviction.magma .............................................................................................} ( http://cv.jenkins.couchbase.com/job/kv_engine-windows-master/41338/ )

http://cv.jenkins.couchbase.com/job/kv_engine-clang_analyzer-master/35112/ : SUCCESS

http://cv.jenkins.couchbase.com/job/kv_engine-clang_tidy-master/13624/ : SUCCESS

http://cv.jenkins.couchbase.com/job/kv_engine-clang_format_9/12423/ : SUCCESS

http://cv.jenkins.couchbase.com/job/kv_engine.libFuzzer/job/master/3259/ : SUCCESS

http://cv.jenkins.couchbase.com/job/kv_engine.linux-CE/job/master/15238/ : SUCCESS

http://cv.jenkins.couchbase.com/job/kv_engine.linux/job/master/15517/ : SUCCESS

http://cv.jenkins.couchbase.com/job/kv_engine.threadsanitizer/job/master/16187/ : SUCCESS

http://cv.jenkins.couchbase.com/job/kv_engine.macos/job/master/14400/ : SUCCESS

http://cv.jenkins.couchbase.com/job/kv_engine.ASan-UBSan/job/master/23567/ : SUCCESS

http://cv.jenkins.couchbase.com/job/kv_engine.aarch64-linux/job/master/3329/ : SUCCESS
----------------------------------------------------------------------------------------------------------------------
Author: Build Bot
Date: 2021-10-22 15:57:47.000000000
Message: 
Patch Set 2:

Build Failed 

http://cv.jenkins.couchbase.com/job/kv_engine-windows-master/41341/ : FAILURE

Failure of an engine_testapp test:

<pre>
Running [0031/0159]: test bloomfilters"s in a delete+set scenario...(86 ms) OK


99% tests passed, 2 tests failed out of 413

Total Test time (real) = 664.12 sec

The following tests FAIL
</pre>
 ( http://cv.jenkins.couchbase.com/job/kv_engine-windows-master/41341/ )

Timeout of a CTest test 412/413 Test #199: ep-engine_ep_unit_tests.EphemeralOrPersistent/DurabilityTest ..................................................................} ( http://cv.jenkins.couchbase.com/job/kv_engine-windows-master/41341/ )

http://cv.jenkins.couchbase.com/job/kv_engine-clang_analyzer-master/35112/ : SUCCESS

http://cv.jenkins.couchbase.com/job/kv_engine-clang_tidy-master/13624/ : SUCCESS

http://cv.jenkins.couchbase.com/job/kv_engine-clang_format_9/12423/ : SUCCESS

http://cv.jenkins.couchbase.com/job/kv_engine.libFuzzer/job/master/3259/ : SUCCESS

http://cv.jenkins.couchbase.com/job/kv_engine.linux-CE/job/master/15238/ : SUCCESS

http://cv.jenkins.couchbase.com/job/kv_engine.linux/job/master/15517/ : SUCCESS

http://cv.jenkins.couchbase.com/job/kv_engine.threadsanitizer/job/master/16187/ : SUCCESS

http://cv.jenkins.couchbase.com/job/kv_engine.macos/job/master/14400/ : SUCCESS

http://cv.jenkins.couchbase.com/job/kv_engine.ASan-UBSan/job/master/23567/ : SUCCESS

http://cv.jenkins.couchbase.com/job/kv_engine.aarch64-linux/job/master/3329/ : SUCCESS
----------------------------------------------------------------------------------------------------------------------
Author: Build Bot
Date: 2021-11-01 09:50:02.000000000
Message: 
Patch Set 2:

Build Failed 

http://cv.jenkins.couchbase.com/job/kv_engine-windows-master/41491/ : FAILURE

No problems were identified. If you know why this problem occurred, please add a suitable Cause for it. ( http://cv.jenkins.couchbase.com/job/kv_engine-windows-master/41491/ )

http://cv.jenkins.couchbase.com/job/kv_engine-clang_analyzer-master/35112/ : SUCCESS

http://cv.jenkins.couchbase.com/job/kv_engine-clang_tidy-master/13624/ : SUCCESS

http://cv.jenkins.couchbase.com/job/kv_engine-clang_format_9/12423/ : SUCCESS

http://cv.jenkins.couchbase.com/job/kv_engine.libFuzzer/job/master/3259/ : SUCCESS

http://cv.jenkins.couchbase.com/job/kv_engine.linux-CE/job/master/15238/ : SUCCESS

http://cv.jenkins.couchbase.com/job/kv_engine.linux/job/master/15517/ : SUCCESS

http://cv.jenkins.couchbase.com/job/kv_engine.threadsanitizer/job/master/16187/ : SUCCESS

http://cv.jenkins.couchbase.com/job/kv_engine.macos/job/master/14400/ : SUCCESS

http://cv.jenkins.couchbase.com/job/kv_engine.ASan-UBSan/job/master/23567/ : SUCCESS

http://cv.jenkins.couchbase.com/job/kv_engine.aarch64-linux/job/master/3329/ : SUCCESS
----------------------------------------------------------------------------------------------------------------------
Author: Build Bot
Date: 2021-11-01 10:24:55.000000000
Message: 
Patch Set 2:

Build Failed 

http://cv.jenkins.couchbase.com/job/kv_engine-windows-master/41493/ : FAILURE

No problems were identified. If you know why this problem occurred, please add a suitable Cause for it. ( http://cv.jenkins.couchbase.com/job/kv_engine-windows-master/41493/ )

http://cv.jenkins.couchbase.com/job/kv_engine-clang_analyzer-master/35112/ : SUCCESS

http://cv.jenkins.couchbase.com/job/kv_engine-clang_tidy-master/13624/ : SUCCESS

http://cv.jenkins.couchbase.com/job/kv_engine-clang_format_9/12423/ : SUCCESS

http://cv.jenkins.couchbase.com/job/kv_engine.libFuzzer/job/master/3259/ : SUCCESS

http://cv.jenkins.couchbase.com/job/kv_engine.linux-CE/job/master/15238/ : SUCCESS

http://cv.jenkins.couchbase.com/job/kv_engine.linux/job/master/15517/ : SUCCESS

http://cv.jenkins.couchbase.com/job/kv_engine.threadsanitizer/job/master/16187/ : SUCCESS

http://cv.jenkins.couchbase.com/job/kv_engine.macos/job/master/14400/ : SUCCESS

http://cv.jenkins.couchbase.com/job/kv_engine.ASan-UBSan/job/master/23567/ : SUCCESS

http://cv.jenkins.couchbase.com/job/kv_engine.aarch64-linux/job/master/3329/ : SUCCESS
----------------------------------------------------------------------------------------------------------------------
Author: Build Bot
Date: 2021-11-01 10:51:55.000000000
Message: 
Patch Set 2:

Build Failed 

http://cv.jenkins.couchbase.com/job/kv_engine-windows-master/41494/ : FAILURE

Failure of an engine_testapp test:

<pre>
Running [0058/0159]: ep workload stats...(19 ms) OK


99% tests passed, 1 tests failed out of 413

Total Test time (real) = 668.81 sec

The following tests FAIL
</pre>
 ( http://cv.jenkins.couchbase.com/job/kv_engine-windows-master/41494/ )

Timeout of a CTest test 413/413 Test #269: ep_testsuite.ephemeral.comp_active ............................................................................................} ( http://cv.jenkins.couchbase.com/job/kv_engine-windows-master/41494/ )

http://cv.jenkins.couchbase.com/job/kv_engine-clang_analyzer-master/35112/ : SUCCESS

http://cv.jenkins.couchbase.com/job/kv_engine-clang_tidy-master/13624/ : SUCCESS

http://cv.jenkins.couchbase.com/job/kv_engine-clang_format_9/12423/ : SUCCESS

http://cv.jenkins.couchbase.com/job/kv_engine.libFuzzer/job/master/3259/ : SUCCESS

http://cv.jenkins.couchbase.com/job/kv_engine.linux-CE/job/master/15238/ : SUCCESS

http://cv.jenkins.couchbase.com/job/kv_engine.linux/job/master/15517/ : SUCCESS

http://cv.jenkins.couchbase.com/job/kv_engine.threadsanitizer/job/master/16187/ : SUCCESS

http://cv.jenkins.couchbase.com/job/kv_engine.macos/job/master/14400/ : SUCCESS

http://cv.jenkins.couchbase.com/job/kv_engine.ASan-UBSan/job/master/23567/ : SUCCESS

http://cv.jenkins.couchbase.com/job/kv_engine.aarch64-linux/job/master/3329/ : SUCCESS
----------------------------------------------------------------------------------------------------------------------
Author: Jim Walker
Date: 2021-11-01 14:29:46.000000000
Message: 
Patch Set 2:

(2 comments)
Line:317, engines/ep/src/checkpoint.cc -> will this be a big enough type?

Line:318, engines/ep/src/checkpoint.cc -> start as false?

----------------------------------------------------------------------------------------------------------------------
Author: Richard de Mellow
Date: 2021-11-08 14:20:15.000000000
Message: 
Patch Set 2:

(2 comments)
Line:317, engines/ep/src/checkpoint.cc -> Done

Line:318, engines/ep/src/checkpoint.cc -> Done

----------------------------------------------------------------------------------------------------------------------
