======================================================================================================================
DESCRIPTION:

MB-47386: Split CM numItems into numNonMetaItems and numMetaItems

This is similar to what we have for the single Checkpoint.
We need to store a CM::numNonMetaItems for removing the need of
scanning the entire CheckpointList at checkpoint-removal for computing
it.

Change-Id: I3c85dd1f34d95b397a1aee94c022649572658b23

======================================================================================================================
COMMENTS
======================================================================================================================
Author: Paolo Cocchi
Date: 2021-07-20 06:37:37.000000000
Message: 
Uploaded patch set 3: Patch Set 2 was rebased.
----------------------------------------------------------------------------------------------------------------------
Author: Build Bot
Date: 2021-07-20 07:05:19.000000000
Message: 
Patch Set 3: Verified-1

Build Failed 

http://cv.jenkins.couchbase.com/job/kv_engine-windows-master/37865/ : FAILURE

Failure of an engine_testapp test:

<pre>
Running [0063/0157]: value eviction...(319 ms) OK


99% tests passed, 1 tests failed out of 401

Total Test time (real) = 637.36 sec

The following tests FAIL
</pre>
 ( http://cv.jenkins.couchbase.com/job/kv_engine-windows-master/37865/ )

Timeout of a CTest test 401/401 Test #252: ep_testsuite.value_eviction.comp_active .......................................................................................} ( http://cv.jenkins.couchbase.com/job/kv_engine-windows-master/37865/ )

http://cv.jenkins.couchbase.com/job/kv_engine.linux/job/master/12454/ : FAILURE

Timeout of a CTest test [2021-07-20T07:00:29.896Z]  21/420 Test   #3: memcached-breakpad-test-std_exception_with_trace ............................................................} ( http://cv.jenkins.couchbase.com/job/kv_engine.linux/job/master/12454/ )

http://cv.jenkins.couchbase.com/job/kv_engine-clang_format_9/9354/ : SUCCESS

http://cv.jenkins.couchbase.com/job/kv_engine-clang_tidy-master/10696/ : SUCCESS

http://cv.jenkins.couchbase.com/job/kv_engine-clang_analyzer-master/32293/ : SUCCESS

http://cv.jenkins.couchbase.com/job/kv_engine.linux-CE/job/master/12281/ : SUCCESS

http://cv.jenkins.couchbase.com/job/kv_engine.threadsanitizer/job/master/12800/ : SUCCESS

http://cv.jenkins.couchbase.com/job/kv_engine.ASan-UBSan/job/master/20352/ : SUCCESS

http://cv.jenkins.couchbase.com/job/kv_engine.aarch64-linux/job/master/284/ : SUCCESS

http://cv.jenkins.couchbase.com/job/kv_engine.macos/job/master/11367/ : SUCCESS

http://cv.jenkins.couchbase.com/job/kv_engine.libFuzzer/job/master/311/ : SUCCESS
----------------------------------------------------------------------------------------------------------------------
Author: Build Bot
Date: 2021-07-20 09:40:27.000000000
Message: 
Patch Set 3:

Build Failed 

http://cv.jenkins.couchbase.com/job/kv_engine-windows-master/37877/ : FAILURE

Failure of an engine_testapp test:

<pre>
Running [0080/0157]: vbucket get (pending)...(50 ms) OK


99% tests passed, 1 tests failed out of 401

Total Test time (real) = 634.72 sec

The following tests FAIL
</pre>
 ( http://cv.jenkins.couchbase.com/job/kv_engine-windows-master/37877/ )

Timeout of a CTest test 401/401 Test #252: ep_testsuite.value_eviction.comp_active .......................................................................................} ( http://cv.jenkins.couchbase.com/job/kv_engine-windows-master/37877/ )

http://cv.jenkins.couchbase.com/job/kv_engine-clang_format_9/9354/ : SUCCESS

http://cv.jenkins.couchbase.com/job/kv_engine-clang_tidy-master/10696/ : SUCCESS

http://cv.jenkins.couchbase.com/job/kv_engine-clang_analyzer-master/32293/ : SUCCESS

http://cv.jenkins.couchbase.com/job/kv_engine.linux-CE/job/master/12281/ : SUCCESS

http://cv.jenkins.couchbase.com/job/kv_engine.threadsanitizer/job/master/12800/ : SUCCESS

http://cv.jenkins.couchbase.com/job/kv_engine.linux/job/master/12461/ : SUCCESS

http://cv.jenkins.couchbase.com/job/kv_engine.ASan-UBSan/job/master/20352/ : SUCCESS

http://cv.jenkins.couchbase.com/job/kv_engine.aarch64-linux/job/master/284/ : SUCCESS

http://cv.jenkins.couchbase.com/job/kv_engine.macos/job/master/11367/ : SUCCESS

http://cv.jenkins.couchbase.com/job/kv_engine.libFuzzer/job/master/311/ : SUCCESS
----------------------------------------------------------------------------------------------------------------------
Author: Build Bot
Date: 2021-07-20 10:08:11.000000000
Message: 
Patch Set 3: Verified+1

Build Successful 

http://cv.jenkins.couchbase.com/job/kv_engine-clang_format_9/9354/ : SUCCESS

http://cv.jenkins.couchbase.com/job/kv_engine-clang_tidy-master/10696/ : SUCCESS

http://cv.jenkins.couchbase.com/job/kv_engine-clang_analyzer-master/32293/ : SUCCESS

http://cv.jenkins.couchbase.com/job/kv_engine.linux-CE/job/master/12281/ : SUCCESS

http://cv.jenkins.couchbase.com/job/kv_engine.threadsanitizer/job/master/12800/ : SUCCESS

http://cv.jenkins.couchbase.com/job/kv_engine.linux/job/master/12461/ : SUCCESS

http://cv.jenkins.couchbase.com/job/kv_engine.ASan-UBSan/job/master/20352/ : SUCCESS

http://cv.jenkins.couchbase.com/job/kv_engine.aarch64-linux/job/master/284/ : SUCCESS

http://cv.jenkins.couchbase.com/job/kv_engine.macos/job/master/11367/ : SUCCESS

http://cv.jenkins.couchbase.com/job/kv_engine.libFuzzer/job/master/311/ : SUCCESS

http://cv.jenkins.couchbase.com/job/kv_engine-windows-master/37883/ : SUCCESS
----------------------------------------------------------------------------------------------------------------------
Author: Paolo Cocchi
Date: 2021-07-20 13:24:29.000000000
Message: 
Removed reviewer Trond Norbye.
----------------------------------------------------------------------------------------------------------------------
Author: Paolo Cocchi
Date: 2021-07-20 13:24:31.000000000
Message: 
Removed reviewer Dave Rigby.
----------------------------------------------------------------------------------------------------------------------
Author: Paolo Cocchi
Date: 2021-07-20 13:24:32.000000000
Message: 
Removed reviewer Jim Walker.
----------------------------------------------------------------------------------------------------------------------
Author: Paolo Cocchi
Date: 2021-07-20 13:24:33.000000000
Message: 
Removed reviewer Daniel Owen.
----------------------------------------------------------------------------------------------------------------------
Author: Paolo Cocchi
Date: 2021-07-20 13:24:34.000000000
Message: 
Removed reviewer Dave Finlay.
----------------------------------------------------------------------------------------------------------------------
Author: Paolo Cocchi
Date: 2021-07-20 13:24:36.000000000
Message: 
Removed reviewer James H.
----------------------------------------------------------------------------------------------------------------------
Author: Paolo Cocchi
Date: 2021-07-20 13:24:37.000000000
Message: 
Removed reviewer Ben Huddleston.
----------------------------------------------------------------------------------------------------------------------
Author: Paolo Cocchi
Date: 2021-07-20 13:24:38.000000000
Message: 
Removed reviewer Richard de Mellow.
----------------------------------------------------------------------------------------------------------------------
Author: Paolo Cocchi
Date: 2021-07-20 13:37:34.000000000
Message: 
Patch Set 3: Code-Review-1
----------------------------------------------------------------------------------------------------------------------
Author: Paolo Cocchi
Date: 2021-07-20 13:42:22.000000000
Message: 
Abandoned
----------------------------------------------------------------------------------------------------------------------
