======================================================================================================================
DESCRIPTION:

MB-46046: [1/5] Make HdrHistogram iters follow typical C++ iter semantics

Begin updating HdrHistogram::Iterator to meet more requirements of
`LegacyInputIterator`.

With this, histograms can be iterated in the typical C++ style

 for (auto iter = foo(); iter != end(); iter++)

Or, for the default iteration mode:

 for (const auto& bucket: histogram)

This patch does not update all users of the iterators, rather
`Iterator::getNextValueAndCount()` and friends remain as shims for now,
implemented using `operator++`. These will be removed in a future
patch.

Change-Id: I5f07e3673ea0c93492c02b77622bbb2851ba839c

======================================================================================================================
COMMENTS
======================================================================================================================
Author: James H
Date: 2021-05-11 14:31:21.000000000
Message: 
Uploaded patch set 4.
----------------------------------------------------------------------------------------------------------------------
Author: Build Bot
Date: 2021-05-11 15:36:21.000000000
Message: 
Patch Set 4: Verified-1

Build Failed 

http://cv.jenkins.couchbase.com/job/kv_engine-windows-master/35772/ : FAILURE

Failure of an engine_testapp test:

<pre>
Running [0041/0045]: test CAS options and nmeta (seqno)...(5339 ms) OK

404/406 Test #391: memcached_testapp.ep.SDPerf/SubdocPerfTest ....................................................................................   Passed   37.09 sec
405/406 Test #403: cluster_test ..................................................................................................................   Passed   69.52 sec
406/406 Test #287: ep_perfsuite.value_eviction ...................................................................................................   Passed  245.51 sec

99% tests passed, 1 tests failed out of 406

Total Test time (real) = 601.53 sec

The following tests FAIL
</pre>
 ( http://cv.jenkins.couchbase.com/job/kv_engine-windows-master/35772/ )

Timeout of a CTest test 403/406 Test #286: ep_testsuite_xdcr.full_eviction.magma .........................................................................................} ( http://cv.jenkins.couchbase.com/job/kv_engine-windows-master/35772/ )

http://cv.jenkins.couchbase.com/job/kv_engine-clang_tidy/8931/ : SUCCESS

http://cv.jenkins.couchbase.com/job/kv_engine-clang_format_9/7483/ : SUCCESS

http://cv.jenkins.couchbase.com/job/kv_engine-clang_analyzer-master/30588/ : SUCCESS

http://cv.jenkins.couchbase.com/job/kv_engine.macos/job/master/9552/ : SUCCESS

http://cv.jenkins.couchbase.com/job/kv_engine.linux/job/master/10625/ : SUCCESS

http://cv.jenkins.couchbase.com/job/kv_engine.linux-CE/job/master/10484/ : SUCCESS

http://cv.jenkins.couchbase.com/job/kv_engine.threadsanitizer/job/master/10879/ : SUCCESS

http://cv.jenkins.couchbase.com/job/kv_engine.ASan-UBSan/job/master/18435/ : SUCCESS
----------------------------------------------------------------------------------------------------------------------
Author: Build Bot
Date: 2021-05-11 16:42:51.000000000
Message: 
Patch Set 4:

Build Failed 

http://cv.jenkins.couchbase.com/job/kv_engine-windows-master/35778/ : FAILURE

Timeout of a CTest test 273/406 Test #279: ep_testsuite_xdcr.value_eviction.comp_passive .................................................................................} ( http://cv.jenkins.couchbase.com/job/kv_engine-windows-master/35778/ )

http://cv.jenkins.couchbase.com/job/kv_engine-clang_tidy/8931/ : SUCCESS

http://cv.jenkins.couchbase.com/job/kv_engine-clang_format_9/7483/ : SUCCESS

http://cv.jenkins.couchbase.com/job/kv_engine-clang_analyzer-master/30588/ : SUCCESS

http://cv.jenkins.couchbase.com/job/kv_engine.macos/job/master/9552/ : SUCCESS

http://cv.jenkins.couchbase.com/job/kv_engine.linux/job/master/10625/ : SUCCESS

http://cv.jenkins.couchbase.com/job/kv_engine.linux-CE/job/master/10484/ : SUCCESS

http://cv.jenkins.couchbase.com/job/kv_engine.threadsanitizer/job/master/10879/ : SUCCESS

http://cv.jenkins.couchbase.com/job/kv_engine.ASan-UBSan/job/master/18435/ : SUCCESS
----------------------------------------------------------------------------------------------------------------------
Author: Dave Rigby
Date: 2021-05-12 07:41:31.000000000
Message: 
Patch Set 4:

Suspicious that _all_ the ep_testsuite tests seemed to fail on Windows - possibly some MSVC-specific issue with iterators?
----------------------------------------------------------------------------------------------------------------------
Author: Build Bot
Date: 2021-05-12 08:27:32.000000000
Message: 
Patch Set 4:

Build Failed 

http://cv.jenkins.couchbase.com/job/kv_engine-windows-master/35794/ : FAILURE

Failure of an engine_testapp test:

<pre>
Running [0016/0096]: test dcp replica stream one collection...(3186 ms) OK


99% tests passed, 3 tests failed out of 406

Total Test time (real) = 421.09 sec

The following tests FAIL
</pre>
 ( http://cv.jenkins.couchbase.com/job/kv_engine-windows-master/35794/ )

Failure of GoogleTest "PersistentAndEphemeral/ConnectionTest.consumer_waits_for_add_stream/5":

<pre>
[ RUN      ] PersistentAndEphemeral/ConnectionTest.consumer_waits_for_add_stream/5
unknown file: error: C++ exception with description "cb::io::rmrf: remove of file \\?\C:\Jenkins\workspace\kv_engine-windows-master\build\kv_engine\ep_engine_ep_unit_tests.db\test.824901\magma.0\wal\wal.1 under ep_engine_ep_unit_tests.db/test.824901 failed: The data is invalid." thrown in TearDown().
[  FAILED  ] PersistentAndEphemeral/ConnectionTest.consumer_waits_for_add_stream/5, where GetParam() = ("persistentMagma", "full_eviction") (75 ms)
PersistentAndEphemeral/ConnectionTest.consumer_waits_for_add_stream/5
</pre>
 ( http://cv.jenkins.couchbase.com/job/kv_engine-windows-master/35794/ )

Timeout of a CTest test 406/406 Test #267: ep_testsuite_dcp.ephemeral.comp_passive .......................................................................................} ( http://cv.jenkins.couchbase.com/job/kv_engine-windows-master/35794/ )

http://cv.jenkins.couchbase.com/job/kv_engine-clang_tidy/8931/ : SUCCESS

http://cv.jenkins.couchbase.com/job/kv_engine-clang_format_9/7483/ : SUCCESS

http://cv.jenkins.couchbase.com/job/kv_engine-clang_analyzer-master/30588/ : SUCCESS

http://cv.jenkins.couchbase.com/job/kv_engine.macos/job/master/9552/ : SUCCESS

http://cv.jenkins.couchbase.com/job/kv_engine.linux/job/master/10625/ : SUCCESS

http://cv.jenkins.couchbase.com/job/kv_engine.linux-CE/job/master/10484/ : SUCCESS

http://cv.jenkins.couchbase.com/job/kv_engine.threadsanitizer/job/master/10879/ : SUCCESS

http://cv.jenkins.couchbase.com/job/kv_engine.ASan-UBSan/job/master/18435/ : SUCCESS
----------------------------------------------------------------------------------------------------------------------
Author: Richard de Mellow
Date: 2021-05-12 08:27:58.000000000
Message: 
Patch Set 4: Code-Review-1

(1 comment)
Line:172, utilities/hdrhistogram.h -> These should be const methods

----------------------------------------------------------------------------------------------------------------------
Author: Build Bot
Date: 2021-05-12 08:44:37.000000000
Message: 
Patch Set 4:

Build Failed 

http://cv.jenkins.couchbase.com/job/kv_engine-windows-master/35798/ : ABORTED

Build which was aborted due to a newer patch set being uploaded for the given review. ( http://cv.jenkins.couchbase.com/job/kv_engine-windows-master/35798/ )

http://cv.jenkins.couchbase.com/job/kv_engine-clang_tidy/8931/ : SUCCESS

http://cv.jenkins.couchbase.com/job/kv_engine-clang_format_9/7483/ : SUCCESS

http://cv.jenkins.couchbase.com/job/kv_engine-clang_analyzer-master/30588/ : SUCCESS

http://cv.jenkins.couchbase.com/job/kv_engine.macos/job/master/9552/ : SUCCESS

http://cv.jenkins.couchbase.com/job/kv_engine.linux/job/master/10625/ : SUCCESS

http://cv.jenkins.couchbase.com/job/kv_engine.linux-CE/job/master/10484/ : SUCCESS

http://cv.jenkins.couchbase.com/job/kv_engine.threadsanitizer/job/master/10879/ : SUCCESS

http://cv.jenkins.couchbase.com/job/kv_engine.ASan-UBSan/job/master/18435/ : SUCCESS
----------------------------------------------------------------------------------------------------------------------
Author: James H
Date: 2021-05-12 08:48:25.000000000
MISMATCHED INLINE COMMENT
Line:172, utilities/hdrhistogram.h -> Done
----------------------------------------------------------------------------------------------------------------------
