======================================================================================================================
DESCRIPTION:

MB-43622: Fix race between DCP Open and scheduleDcpStep

Previously there was a possibility of a race for DCP
connections by the fact that DCP Open would create the handler
but it wouldn't set the state for the connection to DCP until
the method returned. In the mean time the cookie was available
for DCP to try to schedule a step.

This change sets the connection up as a DCP connection as part
of creating the the ConnHandler object.

Change-Id: Ifa9b87b984af6be53934c8100e1a8d584c423c13

======================================================================================================================
COMMENTS
======================================================================================================================
Author: Trond Norbye
Date: 2021-01-15 12:42:35.000000000
Message: 
Uploaded patch set 3.
----------------------------------------------------------------------------------------------------------------------
Author: Build Bot
Date: 2021-01-15 13:30:40.000000000
Message: 
Patch Set 3: Verified-1

Build Failed 

http://cv.jenkins.couchbase.com/job/kv_engine-windows-master/32945/ : ABORTED

Failure of GoogleTest "TransportProtocols/DcpTest.MB24145_RollbackShouldContainSeqno/McbpSsl":

<pre>
[ RUN      ] TransportProtocols/DcpTest.MB24145_RollbackShouldContainSeqno/McbpSsl
..\kv_engine\tests\testapp\testapp_dcp.cc(56): error: Expected equality of these values:
  cb::mcbp::Status::Rollback
    Which is: Rollback
  rsp.getStatus()
    Which is: Invalid arguments
[  FAILED  ] TransportProtocols/DcpTest.MB24145_RollbackShouldContainSeqno/McbpSsl, where GetParam() = McbpSsl (7 ms)
TransportProtocols/DcpTest.MB24145_RollbackShouldContainSeqno/McbpSsl
</pre>
 ( http://cv.jenkins.couchbase.com/job/kv_engine-windows-master/32945/ )

Build which was aborted due to a newer patch set being uploaded for the given review. ( http://cv.jenkins.couchbase.com/job/kv_engine-windows-master/32945/ )

http://cv.jenkins.couchbase.com/job/kv_engine.threadsanitizer/job/master/8469/ : ABORTED

http://cv.jenkins.couchbase.com/job/kv_engine.ASan-UBSan/job/master/16018/ : ABORTED

http://cv.jenkins.couchbase.com/job/kv_engine.macos/job/master/7171/ : FAILURE

Failure of GoogleTest "TransportProtocols/DcpTest.MB24145_RollbackShouldContainSeqno/McbpSsl":

<pre>
[ RUN      ] TransportProtocols/DcpTest.MB24145_RollbackShouldContainSeqno/McbpSsl
[2021-01-15T12:58:41.154Z] ../kv_engine/tests/testapp/testapp_dcp.cc:56: Failure
[2021-01-15T12:58:41.154Z] Expected equality of these values:
[2021-01-15T12:58:41.154Z]   cb::mcbp::Status::Rollback
[2021-01-15T12:58:41.154Z]     Which is: Rollback
[2021-01-15T12:58:41.154Z]   rsp.getStatus()
[2021-01-15T12:58:41.154Z]     Which is: Invalid arguments
[2021-01-15T12:58:41.154Z] [  FAILED  ] TransportProtocols/DcpTest.MB24145_RollbackShouldContainSeqno/McbpSsl, where GetParam() = McbpSsl (4 ms)
TransportProtocols/DcpTest.MB24145_RollbackShouldContainSeqno/McbpSsl
</pre>
 ( http://cv.jenkins.couchbase.com/job/kv_engine.macos/job/master/7171/ )

Timeout of a CTest test [2021-01-15T13:23:07.515Z] 413/413 Test #291: ep_perfsuite.value_eviction .................................................................................} ( http://cv.jenkins.couchbase.com/job/kv_engine.macos/job/master/7171/ )

http://cv.jenkins.couchbase.com/job/kv_engine.linux/job/master/8207/ : FAILURE

Failure of an engine_testapp test:

<pre>
Running [0006/0017]: DCP latency (Random JSON)...
[2021-01-15T13:14:27.867Z] 
[2021-01-15T13:14:27.867Z] === DCP In-memory (JSON-RAND) [As_is vs. Compress] KB Rcvd. - 50 items (KB)===========Size====================================================================================
[2021-01-15T13:14:27.867Z] 
[2021-01-15T13:14:27.867Z]                                 Percentile           
[2021-01-15T13:14:27.867Z]                          Median     95th     99th  Std Dev  Histogram of samples
[2021-01-15T13:14:27.867Z] 
[2021-01-15T13:14:27.867Z] As_is                     0.175    0.191    0.195    0.011  ????????????????????????????????
[2021-01-15T13:14:27.867Z] Compress                  0.158    0.174    0.179    0.013  ????????????????????????????????
[2021-01-15T13:14:27.867Z]                                                             0              KB              0
[2021-01-15T13:14:27.867Z] 
[2021-01-15T13:14:27.867Z] ========================================================================================= DCP In-memory (JSON-RAND) [As_is vs. Compress] Latency - 50 items(�s)==============Latency=================================================================================
[2021-01-15T13:14:27.867Z] 
[2021-01-15T13:14:27.867Z]                                 Percentile           
[2021-01-15T13:14:27.867Z]                          Median     95th     99th  Std Dev  Histogram of samples
[2021-01-15T13:14:27.867Z] 
[2021-01-15T13:14:27.867Z] As_is                   178.021  210.152  216.182   33.465  ????????????????????????????????
[2021-01-15T13:14:27.867Z] Compress                140.595  186.018  200.567   36.648  ????????????????????????????????
[2021-01-15T13:14:27.867Z]                                                             60             �s            210
[2021-01-15T13:14:27.867Z] 
[2021-01-15T13:14:27.867Z] 
[2021-01-15T13:14:27.867Z] 
[2021-01-15T13:14:27.867Z] (27 ms) OK
[2021-01-15T13:14:27.867Z] 
[2021-01-15T13:14:27.867Z] 
[2021-01-15T13:14:27.867Z] 98% tests passed, 8 tests failed out of 416
[2021-01-15T13:14:27.867Z] 
[2021-01-15T13:14:27.867Z] Total Test time (real) = 1642.84 sec
[2021-01-15T13:14:27.867Z] 
[2021-01-15T13:14:27.867Z] The following tests FAIL
</pre>
 ( http://cv.jenkins.couchbase.com/job/kv_engine.linux/job/master/8207/ )

Failure of GoogleTest "TransportProtocols/DcpTest.MB35904_DcpCantSelectBucket/McbpSsl":

<pre>
[ RUN      ] TransportProtocols/DcpTest.MB35904_DcpCantSelectBucket/McbpSsl
[2021-01-15T12:49:31.141Z] ../kv_engine/tests/testapp/testapp_dcp.cc:97: Failure
[2021-01-15T12:49:31.141Z] Expected equality of these values:
[2021-01-15T12:49:31.141Z]   cb::mcbp::Status::NotSupported
[2021-01-15T12:49:31.141Z]     Which is: Not supported
[2021-01-15T12:49:31.141Z]   rsp.getStatus()
[2021-01-15T12:49:31.141Z]     Which is: Not found
[2021-01-15T12:49:31.141Z] [  FAILED  ] TransportProtocols/DcpTest.MB35904_DcpCantSelectBucket/McbpSsl, where GetParam() = McbpSsl (2 ms)
TransportProtocols/DcpTest.MB35904_DcpCantSelectBucket/McbpSsl
</pre>
 ( http://cv.jenkins.couchbase.com/job/kv_engine.linux/job/master/8207/ )

Test exceeded the timeout:
[2021-01-15T12:51:50.808Z] Running [0080/0096]: test dcp multiple streams.../usr/bin/timeout: the monitored command dumped core ( http://cv.jenkins.couchbase.com/job/kv_engine.linux/job/master/8207/ )

Timeout of a CTest test [2021-01-15T13:14:27.866Z] 415/416 Test #294: ep_perfsuite.value_eviction .................................................................................} ( http://cv.jenkins.couchbase.com/job/kv_engine.linux/job/master/8207/ )

http://cv.jenkins.couchbase.com/job/kv_engine.linux-CE/job/master/8081/ : FAILURE

Failure of GoogleTest "TransportProtocols/DcpTest.MB24145_RollbackShouldContainSeqno/McbpSsl":

<pre>
[ RUN      ] TransportProtocols/DcpTest.MB24145_RollbackShouldContainSeqno/McbpSsl
[2021-01-15T12:50:56.157Z] ../kv_engine/tests/testapp/testapp_dcp.cc:56: Failure
[2021-01-15T12:50:56.157Z] Expected equality of these values:
[2021-01-15T12:50:56.157Z]   cb::mcbp::Status::Rollback
[2021-01-15T12:50:56.157Z]     Which is: Rollback
[2021-01-15T12:50:56.157Z]   rsp.getStatus()
[2021-01-15T12:50:56.157Z]     Which is: Invalid arguments
[2021-01-15T12:50:56.157Z] [  FAILED  ] TransportProtocols/DcpTest.MB24145_RollbackShouldContainSeqno/McbpSsl, where GetParam() = McbpSsl (3 ms)
TransportProtocols/DcpTest.MB24145_RollbackShouldContainSeqno/McbpSsl
</pre>
 ( http://cv.jenkins.couchbase.com/job/kv_engine.linux-CE/job/master/8081/ )

Failure of an engine_testapp test:

<pre>
Running [0006/0017]: DCP latency (Random JSON)...WARNING: Logging before InitGoogleLogging() is written to STDERR
[2021-01-15T13:16:00.032Z] W0115 12:51:03.082882 35401 HazptrDomain.h:671] Using the default inline executor for asynchronous reclamation may be susceptible to deadlock if the current thread happens to hold a resource needed by the deleter of a reclaimable object
[2021-01-15T13:16:00.032Z] 
[2021-01-15T13:16:00.032Z] 
[2021-01-15T13:16:00.032Z] 99% tests passed, 5 tests failed out of 403
[2021-01-15T13:16:00.032Z] 
[2021-01-15T13:16:00.032Z] Total Test time (real) = 1605.94 sec
[2021-01-15T13:16:00.032Z] 
[2021-01-15T13:16:00.032Z] The following tests FAIL
</pre>
 ( http://cv.jenkins.couchbase.com/job/kv_engine.linux-CE/job/master/8081/ )

Test exceeded the timeout:
[2021-01-15T12:53:08.036Z] Running [0080/0096]: test dcp multiple streams.../usr/bin/timeout: the monitored command dumped core ( http://cv.jenkins.couchbase.com/job/kv_engine.linux-CE/job/master/8081/ )

Timeout of a CTest test [2021-01-15T13:16:00.031Z] 402/403 Test #281: ep_perfsuite.value_eviction .................................................................................} ( http://cv.jenkins.couchbase.com/job/kv_engine.linux-CE/job/master/8081/ )

http://cv.jenkins.couchbase.com/job/kv_engine-clang_format_9/5109/ : SUCCESS

http://cv.jenkins.couchbase.com/job/kv_engine-clang_tidy/6573/ : SUCCESS

http://cv.jenkins.couchbase.com/job/kv_engine-clang_analyzer-master/28371/ : SUCCESS
----------------------------------------------------------------------------------------------------------------------
