======================================================================================================================
DESCRIPTION:

MB-43622: Fix race between DCP Open and scheduleDcpStep

Previously there was a possibility of a race for DCP
connections by the fact that DCP Open would create the handler
but it wouldn't set the state for the connection to DCP until
the method returned. In the mean time the cookie was available
for DCP to try to schedule a step.

This change sets the connection up as a DCP connection as part
of creating the the ConnHandler object.

Change-Id: Ifa9b87b984af6be53934c8100e1a8d584c423c13

======================================================================================================================
COMMENTS
======================================================================================================================
Author: Trond Norbye
Date: 2021-01-18 13:03:54.000000000
Message: 
Uploaded patch set 7: Patch Set 6 was rebased.
----------------------------------------------------------------------------------------------------------------------
Author: Build Bot
Date: 2021-01-18 13:48:57.000000000
Message: 
Patch Set 7: Verified-1

Build Failed 

http://cv.jenkins.couchbase.com/job/kv_engine-windows-master/32979/ : FAILURE

Failure of an engine_testapp test:

<pre>
Running [0033/0045]: test set_with_meta and drift stats...WARNING: Logging before InitGoogleLogging() is written to STDERR
W0118 05:45:34.308420 23828 HazptrDomain.h:671] Using the default inline executor for asynchronous reclamation may be susceptible to deadlock if the current thread happens to hold a resource needed by the deleter of a reclaimable object

397/399 Test #396: cluster_test ..................................................................................................................   Passed   34.60 sec
398/399 Test #280: ep_perfsuite.value_eviction ...................................................................................................   Passed  164.19 sec
399/399 Test #286: kv-engine-check-header-define-once-guard ......................................................................................   Passed  292.96 sec

99% tests passed, 2 tests failed out of 399

Total Test time (real) = 779.71 sec

The following tests FAIL
</pre>
 ( http://cv.jenkins.couchbase.com/job/kv_engine-windows-master/32979/ )

Timeout of a CTest test 395/399 Test #278: ep_testsuite_xdcr.value_eviction.magma ........................................................................................} ( http://cv.jenkins.couchbase.com/job/kv_engine-windows-master/32979/ )

http://cv.jenkins.couchbase.com/job/kv_engine.threadsanitizer/job/master/8497/ : FAILURE

ThreadSanitizer issue: data race (/home/couchbase/jenkins/workspace/kv_engine.threadsanitizer_master/install/lib/libtsan.so.0+0x2ac56) in __interceptor_free  ( http://cv.jenkins.couchbase.com/job/kv_engine.threadsanitizer/job/master/8497/ )

http://cv.jenkins.couchbase.com/job/kv_engine.ASan-UBSan/job/master/16049/ : FAILURE

AddressSanitizer issue: 157248 byte(s) leaked in 468 allocation(s). ( http://cv.jenkins.couchbase.com/job/kv_engine.ASan-UBSan/job/master/16049/ )

http://cv.jenkins.couchbase.com/job/kv_engine-clang_format_9/5132/ : SUCCESS

http://cv.jenkins.couchbase.com/job/kv_engine-clang_tidy/6596/ : SUCCESS

http://cv.jenkins.couchbase.com/job/kv_engine-clang_analyzer-master/28395/ : SUCCESS

http://cv.jenkins.couchbase.com/job/kv_engine.macos/job/master/7199/ : SUCCESS

http://cv.jenkins.couchbase.com/job/kv_engine.linux/job/master/8235/ : SUCCESS

http://cv.jenkins.couchbase.com/job/kv_engine.linux-CE/job/master/8111/ : SUCCESS
----------------------------------------------------------------------------------------------------------------------
Author: Trond Norbye
Date: 2021-01-18 13:51:33.000000000
Message: 
Removed reviewer Dave Rigby.
----------------------------------------------------------------------------------------------------------------------
Author: Trond Norbye
Date: 2021-01-18 13:51:35.000000000
Message: 
Removed reviewer Jim Walker.
----------------------------------------------------------------------------------------------------------------------
Author: Trond Norbye
Date: 2021-01-18 13:51:36.000000000
Message: 
Removed reviewer Daniel Owen.
----------------------------------------------------------------------------------------------------------------------
Author: Trond Norbye
Date: 2021-01-18 13:51:39.000000000
Message: 
Removed reviewer Dave Finlay.
----------------------------------------------------------------------------------------------------------------------
Author: Trond Norbye
Date: 2021-01-18 13:51:41.000000000
Message: 
Removed reviewer James Harrison.
----------------------------------------------------------------------------------------------------------------------
Author: Trond Norbye
Date: 2021-01-18 13:51:44.000000000
Message: 
Removed reviewer Paolo Cocchi.
----------------------------------------------------------------------------------------------------------------------
Author: Trond Norbye
Date: 2021-01-18 13:51:46.000000000
Message: 
Removed reviewer Ben Huddleston.
----------------------------------------------------------------------------------------------------------------------
Author: Trond Norbye
Date: 2021-01-18 13:51:48.000000000
Message: 
Removed reviewer Richard de Mellow.
----------------------------------------------------------------------------------------------------------------------
