======================================================================================================================
DESCRIPTION:

MB-46604: Refactor: Use folly executor for SASL [2/5]

Use the folly executor service to run reiterative hashes in a
background thread (and to communicate to the external auth
service)

Change-Id: I6791ba924c23bebad3daa200da01f7d42d56f4ba

======================================================================================================================
COMMENTS
======================================================================================================================
Author: Trond Norbye
Date: 2021-06-01 11:27:01.000000000
Message: 
Uploaded patch set 9: Patch Set 8 was rebased.
----------------------------------------------------------------------------------------------------------------------
Author: Build Bot
Date: 2021-06-01 12:38:14.000000000
Message: 
Patch Set 9: Verified-1

Build Failed 

http://cv.jenkins.couchbase.com/job/kv_engine.ASan-UBSan/job/master/18860/ : FAILURE

http://cv.jenkins.couchbase.com/job/kv_engine-clang_analyzer-master/30947/ : SUCCESS

http://cv.jenkins.couchbase.com/job/kv_engine-clang_format_9/7897/ : SUCCESS

http://cv.jenkins.couchbase.com/job/kv_engine-clang_tidy-master/9315/ : SUCCESS

http://cv.jenkins.couchbase.com/job/kv_engine-windows-master/36237/ : SUCCESS

http://cv.jenkins.couchbase.com/job/kv_engine.macos/job/master/9942/ : SUCCESS

http://cv.jenkins.couchbase.com/job/kv_engine.threadsanitizer/job/master/11281/ : SUCCESS

http://cv.jenkins.couchbase.com/job/kv_engine.linux/job/master/11019/ : SUCCESS

http://cv.jenkins.couchbase.com/job/kv_engine.linux-CE/job/master/10873/ : SUCCESS
----------------------------------------------------------------------------------------------------------------------
Author: Build Bot
Date: 2021-06-01 15:54:02.000000000
Message: 
Patch Set 9:

Build Failed 

http://cv.jenkins.couchbase.com/job/kv_engine-windows-master/36259/ : FAILURE

Failure of an engine_testapp test:

<pre>
Running [0026/0045]: test set meta lww conflict resolution...(19 ms) OK

406/407 Test #392: memcached_testapp.ep.SDPerf/SubdocPerfTest ....................................................................................   Passed   27.53 sec
407/407 Test #404: cluster_test ..................................................................................................................   Passed   17.00 sec

99% tests passed, 2 tests failed out of 407

Total Test time (real) = 600.78 sec

The following tests FAIL
</pre>
 ( http://cv.jenkins.couchbase.com/job/kv_engine-windows-master/36259/ )

Timeout of a CTest test 321/407 Test #262: ep_testsuite_basic.value_eviction.magma .......................................................................................} ( http://cv.jenkins.couchbase.com/job/kv_engine-windows-master/36259/ )

http://cv.jenkins.couchbase.com/job/kv_engine-clang_analyzer-master/30947/ : SUCCESS

http://cv.jenkins.couchbase.com/job/kv_engine-clang_format_9/7897/ : SUCCESS

http://cv.jenkins.couchbase.com/job/kv_engine-clang_tidy-master/9315/ : SUCCESS

http://cv.jenkins.couchbase.com/job/kv_engine.macos/job/master/9942/ : SUCCESS

http://cv.jenkins.couchbase.com/job/kv_engine.threadsanitizer/job/master/11281/ : SUCCESS

http://cv.jenkins.couchbase.com/job/kv_engine.linux/job/master/11019/ : SUCCESS

http://cv.jenkins.couchbase.com/job/kv_engine.linux-CE/job/master/10873/ : SUCCESS

http://cv.jenkins.couchbase.com/job/kv_engine.ASan-UBSan/job/master/18884/ : SUCCESS
----------------------------------------------------------------------------------------------------------------------
Author: Build Bot
Date: 2021-06-02 05:00:34.000000000
Message: 
Patch Set 9: Verified+1

Build Successful 

http://cv.jenkins.couchbase.com/job/kv_engine-clang_analyzer-master/30947/ : SUCCESS

http://cv.jenkins.couchbase.com/job/kv_engine-clang_format_9/7897/ : SUCCESS

http://cv.jenkins.couchbase.com/job/kv_engine-clang_tidy-master/9315/ : SUCCESS

http://cv.jenkins.couchbase.com/job/kv_engine.macos/job/master/9942/ : SUCCESS

http://cv.jenkins.couchbase.com/job/kv_engine.threadsanitizer/job/master/11281/ : SUCCESS

http://cv.jenkins.couchbase.com/job/kv_engine.linux/job/master/11019/ : SUCCESS

http://cv.jenkins.couchbase.com/job/kv_engine.linux-CE/job/master/10873/ : SUCCESS

http://cv.jenkins.couchbase.com/job/kv_engine.ASan-UBSan/job/master/18884/ : SUCCESS

http://cv.jenkins.couchbase.com/job/kv_engine-windows-master/36269/ : SUCCESS
----------------------------------------------------------------------------------------------------------------------
