======================================================================================================================
DESCRIPTION:

mcctl: Document the main user-accessible properties

Change-Id: I1607151eae17ff5bc37923aedc5d7263f0097c4f

======================================================================================================================
COMMENTS
======================================================================================================================
Author: Dave Rigby
Date: 2022-03-25 15:14:46.000000000
Message: 
Patch Set 2: Patch Set 1 was rebased
----------------------------------------------------------------------------------------------------------------------
Author: Build Bot
Date: 2022-03-25 16:01:14.000000000
Message: 
Patch Set 2: Verified-1

Build Failed 

http://cv.jenkins.couchbase.com/job/kv_engine-windows-master/44688/ : FAILURE

Failure of an engine_testapp test:

<pre>
Running [88/159]: vbucket add (dead)...(21 ms) OK


99% tests passed, 3 tests failed out of 432

Total Test time (real) = 698.77 sec

The following tests FAIL
</pre>
 ( http://cv.jenkins.couchbase.com/job/kv_engine-windows-master/44688/ )

Timeout of a CTest test 431/432 Test #314: ep_testsuite_xdcr.value_eviction.comp_active ..................................................................................} ( http://cv.jenkins.couchbase.com/job/kv_engine-windows-master/44688/ )

http://cv.jenkins.couchbase.com/job/kv_engine.ASan-UBSan/job/master/26374/ : FAILURE

Failure of GoogleTest "TransportProtocols/XattrTest.mb25928_SystemCantExceedSystemLimit/Mcbp_XattrYes_JsonYes_SnappyYes":

<pre>
[ RUN      ] TransportProtocols/XattrTest.mb25928_SystemCantExceedSystemLimit/Mcbp_XattrYes_JsonYes_SnappyYes
[2022-03-25T15:48:21.607Z] unknown file: Failure
[2022-03-25T15:48:21.607Z] C++ exception with description "Failed to store TransportProtocols_XattrTest_mb25928_SystemCantExceedSystemLimit_Mcbp_XattrYes_JsonYes_SnappyYes: Temporary failure (134)" thrown in SetUp().
[2022-03-25T15:48:21.607Z] [  FAILED  ] TransportProtocols/XattrTest.mb25928_SystemCantExceedSystemLimit/Mcbp_XattrYes_JsonYes_SnappyYes, where GetParam() = (Mcbp, XattrYes, 4-byte object <00-00 00-00>, 4-byte object <00-00 00-00>) (3 ms)
TransportProtocols/XattrTest.mb25928_SystemCantExceedSystemLimit/Mcbp_XattrYes_JsonYes_SnappyYes
</pre>
 ( http://cv.jenkins.couchbase.com/job/kv_engine.ASan-UBSan/job/master/26374/ )

http://cv.jenkins.couchbase.com/job/kv_engine.macos/job/master/17039/ : FAILURE

Timeout of a CTest test [2022-03-25T15:52:19.859Z] 452/452 Test #450: cluster_test ................................................................................................} ( http://cv.jenkins.couchbase.com/job/kv_engine.macos/job/master/17039/ )

http://cv.jenkins.couchbase.com/job/kv_engine-clang_tidy-master/16193/ : SUCCESS

http://cv.jenkins.couchbase.com/job/kv_engine-clang_analyzer-master/37605/ : SUCCESS

http://cv.jenkins.couchbase.com/job/kv_engine-clang_format_9/15123/ : SUCCESS

http://cv.jenkins.couchbase.com/job/kv_engine.linux-CE/job/master/17964/ : SUCCESS

http://cv.jenkins.couchbase.com/job/kv_engine.threadsanitizer/job/master/18996/ : SUCCESS

http://cv.jenkins.couchbase.com/job/kv_engine.linux/job/master/18288/ : SUCCESS

http://cv.jenkins.couchbase.com/job/kv_engine.libFuzzer/job/master/5850/ : SUCCESS

http://cv.jenkins.couchbase.com/job/kv_engine.aarch64-linux/job/master/5909/ : SUCCESS
----------------------------------------------------------------------------------------------------------------------
Author: Build Bot
Date: 2022-03-28 10:30:19.000000000
Message: 
Patch Set 2:

Build Failed 

http://cv.jenkins.couchbase.com/job/kv_engine-windows-master/44704/ : FAILURE

Failure of an engine_testapp test:

<pre>
Running [15/47]: set+get hit (bin)...(26 ms) OK


99% tests passed, 1 tests failed out of 432

Total Test time (real) = 359.53 sec

The following tests FAIL
</pre>
 ( http://cv.jenkins.couchbase.com/job/kv_engine-windows-master/44704/ )

Timeout of a CTest test 432/432 Test #293: ep_testsuite_basic.ephemeral.comp_passive .....................................................................................} ( http://cv.jenkins.couchbase.com/job/kv_engine-windows-master/44704/ )

http://cv.jenkins.couchbase.com/job/kv_engine.macos/job/master/17051/ : FAILURE

No problems were identified. If you know why this problem occurred, please add a suitable Cause for it. ( http://cv.jenkins.couchbase.com/job/kv_engine.macos/job/master/17051/ )

http://cv.jenkins.couchbase.com/job/kv_engine-clang_tidy-master/16193/ : SUCCESS

http://cv.jenkins.couchbase.com/job/kv_engine-clang_analyzer-master/37605/ : SUCCESS

http://cv.jenkins.couchbase.com/job/kv_engine-clang_format_9/15123/ : SUCCESS

http://cv.jenkins.couchbase.com/job/kv_engine.linux-CE/job/master/17964/ : SUCCESS

http://cv.jenkins.couchbase.com/job/kv_engine.threadsanitizer/job/master/18996/ : SUCCESS

http://cv.jenkins.couchbase.com/job/kv_engine.linux/job/master/18288/ : SUCCESS

http://cv.jenkins.couchbase.com/job/kv_engine.libFuzzer/job/master/5850/ : SUCCESS

http://cv.jenkins.couchbase.com/job/kv_engine.aarch64-linux/job/master/5909/ : SUCCESS

http://cv.jenkins.couchbase.com/job/kv_engine.ASan-UBSan/job/master/26386/ : SUCCESS
----------------------------------------------------------------------------------------------------------------------
Author: Trond Norbye
Date: 2022-03-28 15:12:58.000000000
Message: 
Patch Set 2: Code-Review-1

(1 comment)
Line:164, programs/mcctl/mcctl.cc -> Perhaps it would be better to extract the strings and definitions out of ioctl.cc and get it included here (just like we do for mcstats) so that we don't have to do explicit work to try to keep this in sync...

----------------------------------------------------------------------------------------------------------------------
Author: Dave Rigby
Date: 2022-03-28 15:18:58.000000000
Message: 
Patch Set 2:

(1 comment)
Line:164, programs/mcctl/mcctl.cc -> I deliberately didn't want to put everything in - for example the more internal trace.dump methods, and also release_free_memory.

While having something automated would in general be "better", I think this is patch is a low-cost improvement on what we currently have.

----------------------------------------------------------------------------------------------------------------------
Author: Trond Norbye
Date: 2022-03-30 05:06:19.000000000
Message: 
Patch Set 2:

(1 comment)
Line:164, programs/mcctl/mcctl.cc -> I don't think we should have any undocumented options at all. If we don't want them to be consumed by the user they should rather be marked as "private" or something else if we don't want them to be used elsewhere. The way it currently is people would need to use the source in order to know what they do.

As for the dump methods, they can always be documented here with somehing like:

    trace.dump.begin   [private] Generate a trace dump*
    trace.dump.get     [private] Retrieve a chunk from a generated trace dump*
    trace.dump.list    [private] Retrieve a list of the available trace dumps*
    trace.dump.clear   [private] Remove the list of generated trace dumps*
    
    * kv_trace_dump provides a user interface to manage trace dumps

Keeping it documented it will make it easier for us to make sure that we can rip out code once we stop using it.

----------------------------------------------------------------------------------------------------------------------
Author: Dave Rigby
Date: 2022-05-26 15:50:54.000000000
Message: 
Abandoned
----------------------------------------------------------------------------------------------------------------------
