======================================================================================================================
DESCRIPTION:

[Refactor] Put all temp files from memcached_testapp in one directory

Let each instance of memcached_testapp create its own sub directory
and put all of its files in that sub directory instead of creating
temp files in the same directory as all of the other tests

Change-Id: I0d122f46b03b4ed11515773695771d800be0d0b0

======================================================================================================================
COMMENTS
======================================================================================================================
Author: Trond Norbye
Date: 2021-04-29 08:03:29.000000000
Message: 
Uploaded patch set 23.
----------------------------------------------------------------------------------------------------------------------
Author: Dave Rigby
Date: 2021-04-29 08:07:02.000000000
Message: 
Patch Set 23: Code-Review+2
----------------------------------------------------------------------------------------------------------------------
Author: Build Bot
Date: 2021-04-29 09:05:21.000000000
Message: 
Patch Set 23: Well-Formed-1

Permission denied to commit to restricted branch: 

http://cv.jenkins.couchbase.com/job/kv_engine-windows-master/35397/ : FAILURE

Timeout of a CTest test 165/409 Test #155: ep-engine_ep_unit_tests.AllBucketTypes/DurabilityActiveStreamTest .............................................................} ( http://cv.jenkins.couchbase.com/job/kv_engine-windows-master/35397/ )

http://cv.jenkins.couchbase.com/job/kv_engine-clang_analyzer-master/30267/ : SUCCESS

http://cv.jenkins.couchbase.com/job/kv_engine-clang_format_9/7164/ : SUCCESS

http://cv.jenkins.couchbase.com/job/kv_engine-clang_tidy/8615/ : SUCCESS

http://cv.jenkins.couchbase.com/job/kv_engine.linux-CE/job/master/10144/ : SUCCESS

http://cv.jenkins.couchbase.com/job/kv_engine.linux/job/master/10287/ : SUCCESS

http://cv.jenkins.couchbase.com/job/kv_engine.macos/job/master/9218/ : SUCCESS

http://cv.jenkins.couchbase.com/job/kv_engine.threadsanitizer/job/master/10537/ : SUCCESS

http://cv.jenkins.couchbase.com/job/kv_engine.ASan-UBSan/job/master/18090/ : SUCCESS
----------------------------------------------------------------------------------------------------------------------
Author: Build Bot
Date: 2021-04-29 11:58:51.000000000
Message: 
Patch Set 23: Verified-1

Build Failed 

http://cv.jenkins.couchbase.com/job/kv_engine-windows-master/35402/ : FAILURE

Failure of an engine_testapp test:

<pre>
Running [0073/0096]: dcp erroneous snapshot marker scenario...(183 ms) OK


99% tests passed, 2 tests failed out of 409

Total Test time (real) = 393.56 sec

The following tests FAIL
</pre>
 ( http://cv.jenkins.couchbase.com/job/kv_engine-windows-master/35402/ )

Timeout of a CTest test 409/409 Test #271: ep_testsuite_dcp.value_eviction.magma .........................................................................................} ( http://cv.jenkins.couchbase.com/job/kv_engine-windows-master/35402/ )

http://cv.jenkins.couchbase.com/job/kv_engine-clang_analyzer-master/30267/ : SUCCESS

http://cv.jenkins.couchbase.com/job/kv_engine-clang_format_9/7164/ : SUCCESS

http://cv.jenkins.couchbase.com/job/kv_engine-clang_tidy/8615/ : SUCCESS

http://cv.jenkins.couchbase.com/job/kv_engine.linux-CE/job/master/10144/ : SUCCESS

http://cv.jenkins.couchbase.com/job/kv_engine.linux/job/master/10287/ : SUCCESS

http://cv.jenkins.couchbase.com/job/kv_engine.macos/job/master/9218/ : SUCCESS

http://cv.jenkins.couchbase.com/job/kv_engine.threadsanitizer/job/master/10537/ : SUCCESS

http://cv.jenkins.couchbase.com/job/kv_engine.ASan-UBSan/job/master/18090/ : SUCCESS
----------------------------------------------------------------------------------------------------------------------
Author: Build Bot
Date: 2021-04-29 13:01:45.000000000
Message: 
Patch Set 23:

Build Failed 

http://cv.jenkins.couchbase.com/job/kv_engine-windows-master/35404/ : FAILURE

No problems were identified. If you know why this problem occurred, please add a suitable Cause for it. ( http://cv.jenkins.couchbase.com/job/kv_engine-windows-master/35404/ )

http://cv.jenkins.couchbase.com/job/kv_engine-clang_analyzer-master/30267/ : SUCCESS

http://cv.jenkins.couchbase.com/job/kv_engine-clang_format_9/7164/ : SUCCESS

http://cv.jenkins.couchbase.com/job/kv_engine-clang_tidy/8615/ : SUCCESS

http://cv.jenkins.couchbase.com/job/kv_engine.linux-CE/job/master/10144/ : SUCCESS

http://cv.jenkins.couchbase.com/job/kv_engine.linux/job/master/10287/ : SUCCESS

http://cv.jenkins.couchbase.com/job/kv_engine.macos/job/master/9218/ : SUCCESS

http://cv.jenkins.couchbase.com/job/kv_engine.threadsanitizer/job/master/10537/ : SUCCESS

http://cv.jenkins.couchbase.com/job/kv_engine.ASan-UBSan/job/master/18090/ : SUCCESS
----------------------------------------------------------------------------------------------------------------------
Author: Build Bot
Date: 2021-04-29 14:22:34.000000000
Message: 
Patch Set 23:

Build Failed 

http://cv.jenkins.couchbase.com/job/kv_engine-windows-master/35405/ : FAILURE

Timeout of a CTest test 409/409 Test #406: cluster_test ..................................................................................................................} ( http://cv.jenkins.couchbase.com/job/kv_engine-windows-master/35405/ )

http://cv.jenkins.couchbase.com/job/kv_engine-clang_analyzer-master/30267/ : SUCCESS

http://cv.jenkins.couchbase.com/job/kv_engine-clang_format_9/7164/ : SUCCESS

http://cv.jenkins.couchbase.com/job/kv_engine-clang_tidy/8615/ : SUCCESS

http://cv.jenkins.couchbase.com/job/kv_engine.linux-CE/job/master/10144/ : SUCCESS

http://cv.jenkins.couchbase.com/job/kv_engine.linux/job/master/10287/ : SUCCESS

http://cv.jenkins.couchbase.com/job/kv_engine.macos/job/master/9218/ : SUCCESS

http://cv.jenkins.couchbase.com/job/kv_engine.threadsanitizer/job/master/10537/ : SUCCESS

http://cv.jenkins.couchbase.com/job/kv_engine.ASan-UBSan/job/master/18090/ : SUCCESS
----------------------------------------------------------------------------------------------------------------------
Author: Trond Norbye
Date: 2021-04-29 14:44:10.000000000
Message: 
Removed Well-Formed-1 by Build Bot <build@couchbase.com>

----------------------------------------------------------------------------------------------------------------------
Author: Build Bot
Date: 2021-04-29 15:37:20.000000000
Message: 
Patch Set 23:

Build Failed 

http://cv.jenkins.couchbase.com/job/kv_engine-windows-master/35409/ : ABORTED

Timeout of a CTest test 408/409 Test #268: ep_testsuite_dcp.full_eviction.comp_active ....................................................................................} ( http://cv.jenkins.couchbase.com/job/kv_engine-windows-master/35409/ )

http://cv.jenkins.couchbase.com/job/kv_engine-clang_analyzer-master/30267/ : SUCCESS

http://cv.jenkins.couchbase.com/job/kv_engine-clang_format_9/7164/ : SUCCESS

http://cv.jenkins.couchbase.com/job/kv_engine-clang_tidy/8615/ : SUCCESS

http://cv.jenkins.couchbase.com/job/kv_engine.linux-CE/job/master/10144/ : SUCCESS

http://cv.jenkins.couchbase.com/job/kv_engine.linux/job/master/10287/ : SUCCESS

http://cv.jenkins.couchbase.com/job/kv_engine.macos/job/master/9218/ : SUCCESS

http://cv.jenkins.couchbase.com/job/kv_engine.threadsanitizer/job/master/10537/ : SUCCESS

http://cv.jenkins.couchbase.com/job/kv_engine.ASan-UBSan/job/master/18090/ : SUCCESS
----------------------------------------------------------------------------------------------------------------------
Author: Build Bot
Date: 2021-04-29 18:06:41.000000000
Message: 
Patch Set 23: Verified+1

Build Successful 

http://cv.jenkins.couchbase.com/job/kv_engine-clang_analyzer-master/30267/ : SUCCESS

http://cv.jenkins.couchbase.com/job/kv_engine-clang_format_9/7164/ : SUCCESS

http://cv.jenkins.couchbase.com/job/kv_engine-clang_tidy/8615/ : SUCCESS

http://cv.jenkins.couchbase.com/job/kv_engine.linux-CE/job/master/10144/ : SUCCESS

http://cv.jenkins.couchbase.com/job/kv_engine.linux/job/master/10287/ : SUCCESS

http://cv.jenkins.couchbase.com/job/kv_engine.macos/job/master/9218/ : SUCCESS

http://cv.jenkins.couchbase.com/job/kv_engine.threadsanitizer/job/master/10537/ : SUCCESS

http://cv.jenkins.couchbase.com/job/kv_engine.ASan-UBSan/job/master/18090/ : SUCCESS

http://cv.jenkins.couchbase.com/job/kv_engine-windows-master/35421/ : SUCCESS
----------------------------------------------------------------------------------------------------------------------
