======================================================================================================================
DESCRIPTION:

[Refactor] Put all temp files from memcached_testapp in one directory

Let each instance of memcached_testapp create its own sub directory
and put all of its files in that sub directory instead of creating
temp files in the same directory as all of the other tests

Change-Id: I0d122f46b03b4ed11515773695771d800be0d0b0

======================================================================================================================
COMMENTS
======================================================================================================================
Author: Trond Norbye
Date: 2021-04-26 13:57:58.000000000
Message: 
Uploaded patch set 5: Patch Set 4 was rebased.
----------------------------------------------------------------------------------------------------------------------
Author: Build Bot
Date: 2021-04-26 15:22:36.000000000
Message: 
Patch Set 5: Verified-1

Build Failed 

http://cv.jenkins.couchbase.com/job/kv_engine-windows-master/35258/ : FAILURE

Timeout of a CTest test 193/409 Test #182: ep-engine_ep_unit_tests.AllBucketTypes/ActiveDurabilityMonitorTest ............................................................} ( http://cv.jenkins.couchbase.com/job/kv_engine-windows-master/35258/ )

http://cv.jenkins.couchbase.com/job/kv_engine-clang_analyzer-master/30169/ : SUCCESS

http://cv.jenkins.couchbase.com/job/kv_engine-clang_tidy/8515/ : SUCCESS

http://cv.jenkins.couchbase.com/job/kv_engine-clang_format_9/7064/ : SUCCESS

http://cv.jenkins.couchbase.com/job/kv_engine.macos/job/master/9113/ : SUCCESS

http://cv.jenkins.couchbase.com/job/kv_engine.linux-CE/job/master/10043/ : SUCCESS

http://cv.jenkins.couchbase.com/job/kv_engine.linux/job/master/10186/ : SUCCESS

http://cv.jenkins.couchbase.com/job/kv_engine.threadsanitizer/job/master/10434/ : SUCCESS

http://cv.jenkins.couchbase.com/job/kv_engine.ASan-UBSan/job/master/17982/ : SUCCESS
----------------------------------------------------------------------------------------------------------------------
Author: Build Bot
Date: 2021-04-26 16:11:24.000000000
Message: 
Patch Set 5:

Build Failed 

http://cv.jenkins.couchbase.com/job/kv_engine-windows-master/35261/ : FAILURE

Timeout of a CTest test 409/409 Test #406: cluster_test ..................................................................................................................} ( http://cv.jenkins.couchbase.com/job/kv_engine-windows-master/35261/ )

http://cv.jenkins.couchbase.com/job/kv_engine-clang_analyzer-master/30169/ : SUCCESS

http://cv.jenkins.couchbase.com/job/kv_engine-clang_tidy/8515/ : SUCCESS

http://cv.jenkins.couchbase.com/job/kv_engine-clang_format_9/7064/ : SUCCESS

http://cv.jenkins.couchbase.com/job/kv_engine.macos/job/master/9113/ : SUCCESS

http://cv.jenkins.couchbase.com/job/kv_engine.linux-CE/job/master/10043/ : SUCCESS

http://cv.jenkins.couchbase.com/job/kv_engine.linux/job/master/10186/ : SUCCESS

http://cv.jenkins.couchbase.com/job/kv_engine.threadsanitizer/job/master/10434/ : SUCCESS

http://cv.jenkins.couchbase.com/job/kv_engine.ASan-UBSan/job/master/17982/ : SUCCESS
----------------------------------------------------------------------------------------------------------------------
Author: Build Bot
Date: 2021-04-26 16:43:23.000000000
Message: 
Patch Set 5:

Build Failed 

http://cv.jenkins.couchbase.com/job/kv_engine-windows-master/35265/ : FAILURE

Failure of an engine_testapp test:

<pre>
Running [0110/0157]: test sync vbucket destroy restart...(412 ms) OK


99% tests passed, 2 tests failed out of 409

Total Test time (real) = 640.22 sec

The following tests FAIL
</pre>
 ( http://cv.jenkins.couchbase.com/job/kv_engine-windows-master/35265/ )

Timeout of a CTest test 409/409 Test #256: ep_testsuite.full_eviction.magma ..............................................................................................} ( http://cv.jenkins.couchbase.com/job/kv_engine-windows-master/35265/ )

http://cv.jenkins.couchbase.com/job/kv_engine-clang_analyzer-master/30169/ : SUCCESS

http://cv.jenkins.couchbase.com/job/kv_engine-clang_tidy/8515/ : SUCCESS

http://cv.jenkins.couchbase.com/job/kv_engine-clang_format_9/7064/ : SUCCESS

http://cv.jenkins.couchbase.com/job/kv_engine.macos/job/master/9113/ : SUCCESS

http://cv.jenkins.couchbase.com/job/kv_engine.linux-CE/job/master/10043/ : SUCCESS

http://cv.jenkins.couchbase.com/job/kv_engine.linux/job/master/10186/ : SUCCESS

http://cv.jenkins.couchbase.com/job/kv_engine.threadsanitizer/job/master/10434/ : SUCCESS

http://cv.jenkins.couchbase.com/job/kv_engine.ASan-UBSan/job/master/17982/ : SUCCESS
----------------------------------------------------------------------------------------------------------------------
Author: Build Bot
Date: 2021-04-26 17:18:52.000000000
Message: 
Patch Set 5:

Build Failed 

http://cv.jenkins.couchbase.com/job/kv_engine-windows-master/35267/ : FAILURE

No problems were identified. If you know why this problem occurred, please add a suitable Cause for it. ( http://cv.jenkins.couchbase.com/job/kv_engine-windows-master/35267/ )

http://cv.jenkins.couchbase.com/job/kv_engine-clang_analyzer-master/30169/ : SUCCESS

http://cv.jenkins.couchbase.com/job/kv_engine-clang_tidy/8515/ : SUCCESS

http://cv.jenkins.couchbase.com/job/kv_engine-clang_format_9/7064/ : SUCCESS

http://cv.jenkins.couchbase.com/job/kv_engine.macos/job/master/9113/ : SUCCESS

http://cv.jenkins.couchbase.com/job/kv_engine.linux-CE/job/master/10043/ : SUCCESS

http://cv.jenkins.couchbase.com/job/kv_engine.linux/job/master/10186/ : SUCCESS

http://cv.jenkins.couchbase.com/job/kv_engine.threadsanitizer/job/master/10434/ : SUCCESS

http://cv.jenkins.couchbase.com/job/kv_engine.ASan-UBSan/job/master/17982/ : SUCCESS
----------------------------------------------------------------------------------------------------------------------
Author: Build Bot
Date: 2021-04-26 18:19:34.000000000
Message: 
Patch Set 5:

Build Failed 

http://cv.jenkins.couchbase.com/job/kv_engine-windows-master/35270/ : FAILURE

Failure of GoogleTest "PersistentAndEphemeral/ConnectionTest.test_mb20645_stats_after_closeAllStreams/2":

<pre>
[ RUN      ] PersistentAndEphemeral/ConnectionTest.test_mb20645_stats_after_closeAllStreams/2
unknown file: error: C++ exception with description "cb::io::rmrf: remove of file \\?\C:\Jenkins\workspace\kv_engine-windows-master\build\kv_engine\ep_engine_ep_unit_tests.db\test.723801\magma.1\wal\wal.1 under ep_engine_ep_unit_tests.db/test.723801 failed: The data is invalid." thrown in TearDown().
[  FAILED  ] PersistentAndEphemeral/ConnectionTest.test_mb20645_stats_after_closeAllStreams/2, where GetParam() = ("persistent", "value_only") (26 ms)
PersistentAndEphemeral/ConnectionTest.test_mb20645_stats_after_closeAllStreams/2
</pre>
 ( http://cv.jenkins.couchbase.com/job/kv_engine-windows-master/35270/ )

Timeout of a CTest test 409/409 Test  #69: ep-engine_ep_unit_tests.DurabilityRespondAmbiguousTest ........................................................................} ( http://cv.jenkins.couchbase.com/job/kv_engine-windows-master/35270/ )

http://cv.jenkins.couchbase.com/job/kv_engine-clang_analyzer-master/30169/ : SUCCESS

http://cv.jenkins.couchbase.com/job/kv_engine-clang_tidy/8515/ : SUCCESS

http://cv.jenkins.couchbase.com/job/kv_engine-clang_format_9/7064/ : SUCCESS

http://cv.jenkins.couchbase.com/job/kv_engine.macos/job/master/9113/ : SUCCESS

http://cv.jenkins.couchbase.com/job/kv_engine.linux-CE/job/master/10043/ : SUCCESS

http://cv.jenkins.couchbase.com/job/kv_engine.linux/job/master/10186/ : SUCCESS

http://cv.jenkins.couchbase.com/job/kv_engine.threadsanitizer/job/master/10434/ : SUCCESS

http://cv.jenkins.couchbase.com/job/kv_engine.ASan-UBSan/job/master/17982/ : SUCCESS
----------------------------------------------------------------------------------------------------------------------
