======================================================================================================================
DESCRIPTION:

[Refactor] Put all temp files from memcached_testapp in one directory

Let each instance of memcached_testapp create its own sub directory
and put all of its files in that sub directory instead of creating
temp files in the same directory as all of the other tests

Change-Id: I0d122f46b03b4ed11515773695771d800be0d0b0

======================================================================================================================
COMMENTS
======================================================================================================================
Author: Trond Norbye
Date: 2021-04-27 15:47:35.000000000
Message: 
Patch Set 16: Patch Set 15 was rebased
----------------------------------------------------------------------------------------------------------------------
Author: James H
Date: 2021-04-27 16:27:52.000000000
Message: 
Patch Set 16: Code-Review+1
----------------------------------------------------------------------------------------------------------------------
Author: Build Bot
Date: 2021-04-27 16:54:46.000000000
Message: 
Patch Set 16: Verified-1

Build Failed 

http://cv.jenkins.couchbase.com/job/kv_engine-windows-master/35315/ : FAILURE

Failure of an engine_testapp test:

<pre>
Running [0025/0045]: test del meta lww conflict resolution...(0 ms) SKIPPED

408/409 Test #394: memcached_testapp.ep.SDPerf/SubdocPerfTest ....................................................................................   Passed   26.58 sec
409/409 Test #406: cluster_test ..................................................................................................................   Passed   18.46 sec

99% tests passed, 6 tests failed out of 409

Total Test time (real) = 1599.02 sec

The following tests FAIL
</pre>
 ( http://cv.jenkins.couchbase.com/job/kv_engine-windows-master/35315/ )

Timeout of a CTest test 192/409 Test #182: ep-engine_ep_unit_tests.AllBucketTypes/ActiveDurabilityMonitorTest ............................................................} ( http://cv.jenkins.couchbase.com/job/kv_engine-windows-master/35315/ )

http://cv.jenkins.couchbase.com/job/kv_engine-clang_analyzer-master/30215/ : FAILURE

No problems were identified. If you know why this problem occurred, please add a suitable Cause for it. ( http://cv.jenkins.couchbase.com/job/kv_engine-clang_analyzer-master/30215/ )

http://cv.jenkins.couchbase.com/job/kv_engine.threadsanitizer/job/master/10478/ : FAILURE

Failure of an engine_testapp test:

<pre>
Running [0015/0096]: test dcp replica stream one collection with mutations just from disk...Uncaught std::exception. what():ThrowExceptionUnderflowPolicy current:497 arg:521
[2021-04-27T15:56:08.213Z] (20800 ms) DIED
</pre>
 ( http://cv.jenkins.couchbase.com/job/kv_engine.threadsanitizer/job/master/10478/ )

http://cv.jenkins.couchbase.com/job/kv_engine-clang_format_9/7107/ : SUCCESS

http://cv.jenkins.couchbase.com/job/kv_engine-clang_tidy/8558/ : SUCCESS

http://cv.jenkins.couchbase.com/job/kv_engine.macos/job/master/9156/ : SUCCESS

http://cv.jenkins.couchbase.com/job/kv_engine.linux-CE/job/master/10086/ : SUCCESS

http://cv.jenkins.couchbase.com/job/kv_engine.linux/job/master/10229/ : SUCCESS

http://cv.jenkins.couchbase.com/job/kv_engine.ASan-UBSan/job/master/18029/ : SUCCESS
----------------------------------------------------------------------------------------------------------------------
