======================================================================================================================
DESCRIPTION:

Remove -s option for engine_testapp

When the option was introduced we would run each test case in
a child process, and this would make it easier to attach to
the actual child process running the test.

Now that we no longer do that one may just start the program
in the debugger.

Change-Id: I7d7631bdf18001c163b862105d9bf8afc6f12ab9

======================================================================================================================
COMMENTS
======================================================================================================================
Author: Trond Norbye
Date: 2021-08-18 07:02:04.000000000
Message: 
Uploaded patch set 3: Patch Set 2 was rebased.
----------------------------------------------------------------------------------------------------------------------
Author: Build Bot
Date: 2021-08-18 07:32:46.000000000
Message: 
Patch Set 3: Verified-1

Build Failed 

http://cv.jenkins.couchbase.com/job/kv_engine-windows-master/38678/ : FAILURE

Failure of an engine_testapp test:

<pre>
Running [0066/0157]: test binary keys...(72 ms) OK


99% tests passed, 1 tests failed out of 402

Total Test time (real) = 651.82 sec

The following tests FAIL
</pre>
 ( http://cv.jenkins.couchbase.com/job/kv_engine-windows-master/38678/ )

Timeout of a CTest test 402/402 Test #251: ep_testsuite.value_eviction.comp_active .......................................................................................} ( http://cv.jenkins.couchbase.com/job/kv_engine-windows-master/38678/ )

http://cv.jenkins.couchbase.com/job/kv_engine-clang_tidy-master/11385/ : SUCCESS

http://cv.jenkins.couchbase.com/job/kv_engine-clang_analyzer-master/32979/ : SUCCESS

http://cv.jenkins.couchbase.com/job/kv_engine-clang_format_9/10097/ : SUCCESS

http://cv.jenkins.couchbase.com/job/kv_engine.aarch64-linux/job/master/1025/ : SUCCESS

http://cv.jenkins.couchbase.com/job/kv_engine.libFuzzer/job/master/1015/ : SUCCESS

http://cv.jenkins.couchbase.com/job/kv_engine.macos/job/master/12100/ : SUCCESS

http://cv.jenkins.couchbase.com/job/kv_engine.linux-CE/job/master/12983/ : SUCCESS

http://cv.jenkins.couchbase.com/job/kv_engine.linux/job/master/13184/ : SUCCESS

http://cv.jenkins.couchbase.com/job/kv_engine.ASan-UBSan/job/master/21098/ : SUCCESS

http://cv.jenkins.couchbase.com/job/kv_engine.threadsanitizer/job/master/13559/ : SUCCESS
----------------------------------------------------------------------------------------------------------------------
Author: Build Bot
Date: 2021-08-18 08:40:29.000000000
Message: 
Patch Set 3:

Build Failed 

http://cv.jenkins.couchbase.com/job/kv_engine-windows-master/38685/ : FAILURE

Failure of an engine_testapp test:

<pre>
Running [0133/0157]: test del with item_eviction...(70 ms) OK


99% tests passed, 3 tests failed out of 402

Total Test time (real) = 666.39 sec

The following tests FAIL
</pre>
 ( http://cv.jenkins.couchbase.com/job/kv_engine-windows-master/38685/ )

Failure of GoogleTest "CollectionsEraserPersistentOnly/CollectionsEraserPersistentOnly.DocAliveCollRecreateDocAliveCollPurge/persistent_couchstore_value_only":

<pre>
[ RUN      ] CollectionsEraserPersistentOnly/CollectionsEraserPersistentOnly.DocAliveCollRecreateDocAliveCollPurge/persistent_couchstore_value_only
..\kv_engine\engines\ep\tests\module_tests\evp_store_single_threaded_test.cc(134): error: Expected equality of these values:
  MoreAvailable::No
    Which is: 1-byte object <00>
  res.moreAvailable
    Which is: 1-byte object <01>
[  FAILED  ] CollectionsEraserPersistentOnly/CollectionsEraserPersistentOnly.DocAliveCollRecreateDocAliveCollPurge/persistent_couchstore_value_only, where GetParam() = ("persistent_couchstore", "value_only") (34 ms)
CollectionsEraserPersistentOnly/CollectionsEraserPersistentOnly.DocAliveCollRecreateDocAliveCollPurge/persistent_couchstore_value_only
</pre>
 ( http://cv.jenkins.couchbase.com/job/kv_engine-windows-master/38685/ )

Timeout of a CTest test 401/402 Test #178: ep-engine_ep_unit_tests.PersistentAndEphemeral/ConnectionTest .................................................................} ( http://cv.jenkins.couchbase.com/job/kv_engine-windows-master/38685/ )

http://cv.jenkins.couchbase.com/job/kv_engine-clang_tidy-master/11385/ : SUCCESS

http://cv.jenkins.couchbase.com/job/kv_engine-clang_analyzer-master/32979/ : SUCCESS

http://cv.jenkins.couchbase.com/job/kv_engine-clang_format_9/10097/ : SUCCESS

http://cv.jenkins.couchbase.com/job/kv_engine.aarch64-linux/job/master/1025/ : SUCCESS

http://cv.jenkins.couchbase.com/job/kv_engine.libFuzzer/job/master/1015/ : SUCCESS

http://cv.jenkins.couchbase.com/job/kv_engine.macos/job/master/12100/ : SUCCESS

http://cv.jenkins.couchbase.com/job/kv_engine.linux-CE/job/master/12983/ : SUCCESS

http://cv.jenkins.couchbase.com/job/kv_engine.linux/job/master/13184/ : SUCCESS

http://cv.jenkins.couchbase.com/job/kv_engine.ASan-UBSan/job/master/21098/ : SUCCESS

http://cv.jenkins.couchbase.com/job/kv_engine.threadsanitizer/job/master/13559/ : SUCCESS
----------------------------------------------------------------------------------------------------------------------
Author: Build Bot
Date: 2021-08-18 09:22:48.000000000
Message: 
Patch Set 3:

Build Failed 

http://cv.jenkins.couchbase.com/job/kv_engine-windows-master/38688/ : FAILURE

Failure of an engine_testapp test:

<pre>
Running [0000/0157]: expiry pager settings.....\kv_engine\engines\ep\tests\ep_testsuite.cc:683 Test failed: `" (Expected `0", got `-1" - Updated time incorrect, expect: 03:00, actual: 02:59)
(7716 ms) FAIL
</pre>
 ( http://cv.jenkins.couchbase.com/job/kv_engine-windows-master/38688/ )

Timeout of a CTest test 402/402 Test #251: ep_testsuite.value_eviction.comp_active .......................................................................................} ( http://cv.jenkins.couchbase.com/job/kv_engine-windows-master/38688/ )

http://cv.jenkins.couchbase.com/job/kv_engine-clang_tidy-master/11385/ : SUCCESS

http://cv.jenkins.couchbase.com/job/kv_engine-clang_analyzer-master/32979/ : SUCCESS

http://cv.jenkins.couchbase.com/job/kv_engine-clang_format_9/10097/ : SUCCESS

http://cv.jenkins.couchbase.com/job/kv_engine.aarch64-linux/job/master/1025/ : SUCCESS

http://cv.jenkins.couchbase.com/job/kv_engine.libFuzzer/job/master/1015/ : SUCCESS

http://cv.jenkins.couchbase.com/job/kv_engine.macos/job/master/12100/ : SUCCESS

http://cv.jenkins.couchbase.com/job/kv_engine.linux-CE/job/master/12983/ : SUCCESS

http://cv.jenkins.couchbase.com/job/kv_engine.linux/job/master/13184/ : SUCCESS

http://cv.jenkins.couchbase.com/job/kv_engine.ASan-UBSan/job/master/21098/ : SUCCESS

http://cv.jenkins.couchbase.com/job/kv_engine.threadsanitizer/job/master/13559/ : SUCCESS
----------------------------------------------------------------------------------------------------------------------
Author: Build Bot
Date: 2021-08-18 11:28:49.000000000
Message: 
Patch Set 3: Verified+1

Build Successful 

http://cv.jenkins.couchbase.com/job/kv_engine-clang_tidy-master/11385/ : SUCCESS

http://cv.jenkins.couchbase.com/job/kv_engine-clang_analyzer-master/32979/ : SUCCESS

http://cv.jenkins.couchbase.com/job/kv_engine-clang_format_9/10097/ : SUCCESS

http://cv.jenkins.couchbase.com/job/kv_engine.aarch64-linux/job/master/1025/ : SUCCESS

http://cv.jenkins.couchbase.com/job/kv_engine.libFuzzer/job/master/1015/ : SUCCESS

http://cv.jenkins.couchbase.com/job/kv_engine.macos/job/master/12100/ : SUCCESS

http://cv.jenkins.couchbase.com/job/kv_engine.linux-CE/job/master/12983/ : SUCCESS

http://cv.jenkins.couchbase.com/job/kv_engine.linux/job/master/13184/ : SUCCESS

http://cv.jenkins.couchbase.com/job/kv_engine.ASan-UBSan/job/master/21098/ : SUCCESS

http://cv.jenkins.couchbase.com/job/kv_engine.threadsanitizer/job/master/13559/ : SUCCESS

http://cv.jenkins.couchbase.com/job/kv_engine-windows-master/38698/ : SUCCESS
----------------------------------------------------------------------------------------------------------------------
