======================================================================================================================
DESCRIPTION:

MB-47306 Add stat to track Magma memused difference

Add a stat only exposed via cbstats that is the difference between
Magma's manually accounted memory (TotalMemUsed) vs arena domain
reported memory (mem_used_secondary). This is useful to be plotted on
static plotters like cbmonitor on perfrunner and helps catch any major
untracked memory observed in perf test suite.

Change-Id: I37b969263701863426f26d22fd62aad9aefcfadc

======================================================================================================================
COMMENTS
======================================================================================================================
Author: Rohan Suri
Date: 2022-01-04 06:16:18.000000000
Message: 
Uploaded patch set 1.
----------------------------------------------------------------------------------------------------------------------
Author: Build Bot
Date: 2022-01-04 06:38:28.000000000
Message: 
Patch Set 1: Verified-1

Build Failed 

http://cv.jenkins.couchbase.com/job/kv_engine-windows-master/42567/ : FAILURE

Failure of an engine_testapp test:

<pre>
Running [0022/0093]: test producer stream request (full)...(32 ms) OK


99% tests passed, 1 tests failed out of 420

Total Test time (real) = 332.44 sec

The following tests FAIL
</pre>
 ( http://cv.jenkins.couchbase.com/job/kv_engine-windows-master/42567/ )

Timeout of a CTest test 420/420 Test #290: ep_testsuite_dcp.ephemeral.comp_active ........................................................................................} ( http://cv.jenkins.couchbase.com/job/kv_engine-windows-master/42567/ )

http://cv.jenkins.couchbase.com/job/kv_engine.libFuzzer/job/master/4265/ : FAILURE

No problems were identified. If you know why this problem occurred, please add a suitable Cause for it. ( http://cv.jenkins.couchbase.com/job/kv_engine.libFuzzer/job/master/4265/ )

http://cv.jenkins.couchbase.com/job/kv_engine.linux/job/master/16564/ : FAILURE

Failure of GoogleTest "EphemeralOrPersistent/STExpiryPagerTest.MB_25650/persistent_magma_full_eviction":

<pre>
[ RUN      ] EphemeralOrPersistent/STExpiryPagerTest.MB_25650/persistent_magma_full_eviction
[2022-01-04T06:24:51.872Z] ../kv_engine/engines/ep/tests/module_tests/item_pager_test.cc:1615: Failure
[2022-01-04T06:24:51.872Z] Expected equality of these values:
[2022-01-04T06:24:51.872Z]   cb::engine_errc::would_block
[2022-01-04T06:24:51.872Z]     Which is: would block
[2022-01-04T06:24:51.872Z]   getKeyFn(key_2)
[2022-01-04T06:24:51.872Z]     Which is: no memory
[2022-01-04T06:24:51.872Z] ../kv_engine/engines/ep/tests/module_tests/item_pager_test.cc:1618: Failure
[2022-01-04T06:24:51.872Z] Expected equality of these values:
[2022-01-04T06:24:51.872Z]   cb::engine_errc::no_such_key
[2022-01-04T06:24:51.872Z]     Which is: no such key
[2022-01-04T06:24:51.872Z]   getKeyFn(key_2)
[2022-01-04T06:24:51.872Z]     Which is: no memory
[2022-01-04T06:24:51.872Z] Key with TTL:20 should be removed.
[2022-01-04T06:24:51.872Z] [  FAILED  ] EphemeralOrPersistent/STExpiryPagerTest.MB_25650/persistent_magma_full_eviction, where GetParam() = ("persistent_magma", "full_eviction") (60 ms)
EphemeralOrPersistent/STExpiryPagerTest.MB_25650/persistent_magma_full_eviction
</pre>
 ( http://cv.jenkins.couchbase.com/job/kv_engine.linux/job/master/16564/ )

http://cv.jenkins.couchbase.com/job/kv_engine-clang_analyzer-master/36082/ : SUCCESS

http://cv.jenkins.couchbase.com/job/kv_engine-clang_format_9/13456/ : SUCCESS

http://cv.jenkins.couchbase.com/job/kv_engine-clang_tidy-master/14625/ : SUCCESS

http://cv.jenkins.couchbase.com/job/kv_engine.linux-CE/job/master/16272/ : SUCCESS

http://cv.jenkins.couchbase.com/job/kv_engine.threadsanitizer/job/master/17347/ : SUCCESS

http://cv.jenkins.couchbase.com/job/kv_engine.macos/job/master/15425/ : SUCCESS

http://cv.jenkins.couchbase.com/job/kv_engine.aarch64-linux/job/master/4323/ : SUCCESS

http://cv.jenkins.couchbase.com/job/kv_engine.ASan-UBSan/job/master/24682/ : SUCCESS
----------------------------------------------------------------------------------------------------------------------
Author: Build Bot
Date: 2022-01-04 07:44:02.000000000
Message: 
Patch Set 1:

Build Failed 

http://cv.jenkins.couchbase.com/job/kv_engine-windows-master/42567/ : FAILURE

Failure of an engine_testapp test:

<pre>
Running [0022/0093]: test producer stream request (full)...(32 ms) OK


99% tests passed, 1 tests failed out of 420

Total Test time (real) = 332.44 sec

The following tests FAIL
</pre>
 ( http://cv.jenkins.couchbase.com/job/kv_engine-windows-master/42567/ )

Timeout of a CTest test 420/420 Test #290: ep_testsuite_dcp.ephemeral.comp_active ........................................................................................} ( http://cv.jenkins.couchbase.com/job/kv_engine-windows-master/42567/ )

http://cv.jenkins.couchbase.com/job/kv_engine.libFuzzer/job/master/4265/ : FAILURE

No problems were identified. If you know why this problem occurred, please add a suitable Cause for it. ( http://cv.jenkins.couchbase.com/job/kv_engine.libFuzzer/job/master/4265/ )

http://cv.jenkins.couchbase.com/job/kv_engine-clang_analyzer-master/36082/ : SUCCESS

http://cv.jenkins.couchbase.com/job/kv_engine-clang_format_9/13456/ : SUCCESS

http://cv.jenkins.couchbase.com/job/kv_engine-clang_tidy-master/14625/ : SUCCESS

http://cv.jenkins.couchbase.com/job/kv_engine.linux-CE/job/master/16272/ : SUCCESS

http://cv.jenkins.couchbase.com/job/kv_engine.threadsanitizer/job/master/17347/ : SUCCESS

http://cv.jenkins.couchbase.com/job/kv_engine.macos/job/master/15425/ : SUCCESS

http://cv.jenkins.couchbase.com/job/kv_engine.aarch64-linux/job/master/4323/ : SUCCESS

http://cv.jenkins.couchbase.com/job/kv_engine.ASan-UBSan/job/master/24682/ : SUCCESS

http://cv.jenkins.couchbase.com/job/kv_engine.linux/job/master/16566/ : SUCCESS
----------------------------------------------------------------------------------------------------------------------
Author: Build Bot
Date: 2022-01-05 09:14:47.000000000
Message: 
Patch Set 1:

Build Failed 

http://cv.jenkins.couchbase.com/job/kv_engine-windows-master/42585/ : FAILURE

Failure of an engine_testapp test:

<pre>
Running [0083/0159]: vbucket set (pending)...(23 ms) OK


99% tests passed, 1 tests failed out of 420

Total Test time (real) = 676.22 sec

The following tests FAIL
</pre>
 ( http://cv.jenkins.couchbase.com/job/kv_engine-windows-master/42585/ )

Timeout of a CTest test 420/420 Test #274: ep_testsuite.ephemeral.comp_active ............................................................................................} ( http://cv.jenkins.couchbase.com/job/kv_engine-windows-master/42585/ )

http://cv.jenkins.couchbase.com/job/kv_engine-clang_analyzer-master/36082/ : SUCCESS

http://cv.jenkins.couchbase.com/job/kv_engine-clang_format_9/13456/ : SUCCESS

http://cv.jenkins.couchbase.com/job/kv_engine-clang_tidy-master/14625/ : SUCCESS

http://cv.jenkins.couchbase.com/job/kv_engine.libFuzzer/job/master/4281/ : SUCCESS

http://cv.jenkins.couchbase.com/job/kv_engine.linux-CE/job/master/16272/ : SUCCESS

http://cv.jenkins.couchbase.com/job/kv_engine.threadsanitizer/job/master/17347/ : SUCCESS

http://cv.jenkins.couchbase.com/job/kv_engine.macos/job/master/15425/ : SUCCESS

http://cv.jenkins.couchbase.com/job/kv_engine.aarch64-linux/job/master/4323/ : SUCCESS

http://cv.jenkins.couchbase.com/job/kv_engine.ASan-UBSan/job/master/24682/ : SUCCESS

http://cv.jenkins.couchbase.com/job/kv_engine.linux/job/master/16566/ : SUCCESS
----------------------------------------------------------------------------------------------------------------------
Author: Dave Rigby
Date: 2022-01-05 14:21:49.000000000
Message: 
Patch Set 1: Code-Review-1

(1 comment)
Line:340, include/statistics/stats.def.h -> I'm not really sure of the value of this kind of stat to be hard-wired into kv-engine. As you say it's trivially calculable already via prometheus, or even Mortimer. 

What's the reason for adding it here?

----------------------------------------------------------------------------------------------------------------------
Author: Rohan Suri
Date: 2022-01-05 14:29:39.000000000
Message: 
Patch Set 1:

(1 comment)
Line:340, include/statistics/stats.def.h -> On static plotters like cbmonitor which don't support custom expressions, this is useful. It lets us explore the showfast runs and catch any divergence.

----------------------------------------------------------------------------------------------------------------------
Author: Dave Rigby
Date: 2022-01-05 14:51:31.000000000
Message: 
Patch Set 1:

(1 comment)
Line:340, include/statistics/stats.def.h -> I'm reasonably sure showfast already has some derived stats. If not then it might be worth asking the perf team about adding some - that has the advantage we can get this kind of stat for previous builds before we add this change. 

Seems like a generic "stat difference" cbmonitor plot could be very useful in the general case...

----------------------------------------------------------------------------------------------------------------------
Author: Dave Rigby
Date: 2022-01-05 14:57:53.000000000
Message: 
Patch Set 1:

(1 comment)
Line:340, include/statistics/stats.def.h -> Note also you can get the raw plot data out of cbmonitor as JSON files, so I imagine you could easily generate this data today from historical data with jq or similar.

----------------------------------------------------------------------------------------------------------------------
Author: Rohan Suri
Date: 2022-01-05 15:25:39.000000000
Message: 
Patch Set 1:

(1 comment)
Line:340, include/statistics/stats.def.h -> I'd asked Bo-Chun and he said showfast doesn't support diffing two stats right now. Let me ask him if it is a lot of effort to add support. 

Primary purpose of this change is to conveniently see how far we've closed the gap for https://issues.couchbase.com/browse/MB-47306. 

Although Mortimer has custom expressions, it seems to not recognise stats that have a tilde in their names. For example, kv_domain_memory_used_bytes~secondary says "Identifier not recognised".

> Note also you can get the raw plot data out of cbmonitor as JSON files

This should be useful, thanks. Let me try the get_cbmonitor_data.py script.

----------------------------------------------------------------------------------------------------------------------
Author: Rohan Suri
Date: 2022-01-06 05:58:46.000000000
Message: 
Patch Set 1:

(1 comment)
Line:340, include/statistics/stats.def.h -> Bo-Chun has agreed to add this on their side. Will abandon this patch.

----------------------------------------------------------------------------------------------------------------------
Author: Rohan Suri
Date: 2022-01-06 05:58:49.000000000
Message: 
Abandoned
----------------------------------------------------------------------------------------------------------------------
