======================================================================================================================
DESCRIPTION:

Only call get_scope_id if we need to

simplistic approach, we may need to set the cookie
cid/sid to default when we don't do the look up?

Or maybe not, we only ever need a cid/sid if we are
going to enter the prive->scope and beyond ...

Change-Id: I5488d1460cdcb02a3e066432ff652a0d237b335d

======================================================================================================================
COMMENTS
======================================================================================================================
Author: Jim Walker
Date: 2020-06-15 21:20:00.000000000
Message: 
Uploaded patch set 2.
----------------------------------------------------------------------------------------------------------------------
Author: Build Bot
Date: 2020-06-15 22:45:27.000000000
Message: 
Patch Set 2: Verified-1

Build Failed 

http://cv.jenkins.couchbase.com/job/kv_engine-windows-master/28563/ : FAILURE

Failure of GoogleTest "Persistent/STParamPersistentBucketTest.MB_29512/persistentMagma_full_eviction":

<pre>
[ RUN      ] Persistent/STParamPersistentBucketTest.MB_29512/persistentMagma_full_eviction
..\kv_engine\engines\ep\tests\module_tests\evp_store_single_threaded_test.cc(3549): error: Expected equality of these values:
  2
  vb->checkpointManager->removeClosedUnrefCheckpoints(*vb, newcp)
    Which is: 4
[  FAILED  ] Persistent/STParamPersistentBucketTest.MB_29512/persistentMagma_full_eviction, where GetParam() = ("persistentMagma", "full_eviction") (18853 ms)
Persistent/STParamPersistentBucketTest.MB_29512/persistentMagma_full_eviction
</pre>
 ( http://cv.jenkins.couchbase.com/job/kv_engine-windows-master/28563/ )

Failure of a CTest test 221/393 Test #182: ep-engine_ep_unit_tests.Persistent/STParamPersistentBucketTest ................................................................ ( http://cv.jenkins.couchbase.com/job/kv_engine-windows-master/28563/ )

http://cv.jenkins.couchbase.com/job/kv_engine.linux-CE/job/master/4129/ : FAILURE

Failure of a CTest test [2020-06-15T21:53:28.167Z]   1/398 Test #395: cluster_test ...................................................................................................... ( http://cv.jenkins.couchbase.com/job/kv_engine.linux-CE/job/master/4129/ )

http://cv.jenkins.couchbase.com/job/kv_engine.macos/job/master/3238/ : FAILURE

Failure of GoogleTest "CollectionsTests.TestUnknownScope":

<pre>
[ RUN      ] CollectionsTests.TestUnknownScope
[2020-06-15T21:28:22.577Z] ../kv_engine/tests/testapp_cluster/collection_tests.cc:71: Failure
[2020-06-15T21:28:22.577Z] Expected equality of these values:
[2020-06-15T21:28:22.577Z]   cb::mcbp::Status::UnknownCollection
[2020-06-15T21:28:22.577Z]     Which is: 2-byte object <88-00>
[2020-06-15T21:28:22.577Z]   e.getReason()
[2020-06-15T21:28:22.577Z]     Which is: 2-byte object <04-00>
[2020-06-15T21:28:22.577Z] [  FAILED  ] CollectionsTests.TestUnknownScope (1 ms)
CollectionsTests.TestUnknownScope
</pre>
 ( http://cv.jenkins.couchbase.com/job/kv_engine.macos/job/master/3238/ )

Failure of a CTest test [2020-06-15T21:28:22.577Z]   2/407 Test #404: cluster_test ...................................................................................................... ( http://cv.jenkins.couchbase.com/job/kv_engine.macos/job/master/3238/ )

http://cv.jenkins.couchbase.com/job/kv_engine.linux/job/master/4179/ : FAILURE

Failure of GoogleTest "TransportProtocols/SaslTest.SinglePLAIN/Mcbp":

<pre>
[ RUN      ] TransportProtocols/SaslTest.SinglePLAIN/Mcbp
[2020-06-15T21:54:40.081Z] terminate called after throwing an instance of "std::invalid_argument"
[2020-06-15T21:54:40.081Z]   what():  decode_unsigned_leb128: invalid buf size:0
[2020-06-15T21:54:40.081Z] ../kv_engine/tests/testapp/testapp_sasl.cc:64: Failure
[2020-06-15T21:54:40.081Z] Expected: connection.deleteBucket(bucket3) doesn"t throw an exception.
[2020-06-15T21:54:40.081Z]   Actual: it throws.
[2020-06-15T21:54:40.081Z] [  FAILED  ] TransportProtocols/SaslTest.SinglePLAIN/Mcbp, where GetParam() = Mcbp (77 ms)
TransportProtocols/SaslTest.SinglePLAIN/Mcbp
</pre>
 ( http://cv.jenkins.couchbase.com/job/kv_engine.linux/job/master/4179/ )

Failure of an engine_testapp test:

<pre>
Running [0081/0099]: test dcp early termination...Exceeded maximum wait time of 60000000us waiting for stat "ep_dcp_num_running_backfills(dcp)" to be 0 (last value:1) - aborting.
[2020-06-15T21:55:05.410Z] /usr/bin/timeout: the monitored command dumped core
[2020-06-15T21:55:05.410Z] 
[2020-06-15T21:55:05.410Z] 
[2020-06-15T21:55:05.410Z] 99% tests passed, 4 tests failed out of 410
[2020-06-15T21:55:05.410Z] 
[2020-06-15T21:55:05.410Z] Total Test time (real) = 110.82 sec
[2020-06-15T21:55:05.410Z] 
[2020-06-15T21:55:05.410Z] The following tests FAIL
</pre>
 ( http://cv.jenkins.couchbase.com/job/kv_engine.linux/job/master/4179/ )

Failure of a CTest test [2020-06-15T21:54:38.490Z]  58/410 Test #407: cluster_test ...................................................................................................... ( http://cv.jenkins.couchbase.com/job/kv_engine.linux/job/master/4179/ )

http://cv.jenkins.couchbase.com/job/kv_engine.threadsanitizer/job/master/4264/ : FAILURE

Failure of GoogleTest "CollectionsTests.TestUnknownScope":

<pre>
[ RUN      ] CollectionsTests.TestUnknownScope
[2020-06-15T22:09:40.942Z] ../kv_engine/tests/testapp_cluster/collection_tests.cc:71: Failure
[2020-06-15T22:09:40.942Z] Expected equality of these values:
[2020-06-15T22:09:40.942Z]   cb::mcbp::Status::UnknownCollection
[2020-06-15T22:09:40.942Z]     Which is: Unknown Collection
[2020-06-15T22:09:40.942Z]   e.getReason()
[2020-06-15T22:09:40.942Z]     Which is: Invalid arguments
[2020-06-15T22:09:40.942Z] [  FAILED  ] CollectionsTests.TestUnknownScope (4 ms)
CollectionsTests.TestUnknownScope
</pre>
 ( http://cv.jenkins.couchbase.com/job/kv_engine.threadsanitizer/job/master/4264/ )

Failure of a CTest test [2020-06-15T22:09:40.942Z]   3/388 Test #385: cluster_test ...................................................................................................... ( http://cv.jenkins.couchbase.com/job/kv_engine.threadsanitizer/job/master/4264/ )

http://cv.jenkins.couchbase.com/job/kv_engine.ASan-UBSan/job/master/12011/ : FAILURE

http://cv.jenkins.couchbase.com/job/kv_engine-clang_format_9/1261/ : SUCCESS

http://cv.jenkins.couchbase.com/job/kv_engine-clang_analyzer-master/24581/ : SUCCESS

http://cv.jenkins.couchbase.com/job/kv_engine-clang_tidy/2757/ : SUCCESS
----------------------------------------------------------------------------------------------------------------------
