======================================================================================================================
DESCRIPTION:

MB-48506: Don't rely on allocator for estimating mem-release at expel

At expel we need to compute an estimate of the memory released.
There are many ways of doing that, but in our case all is conditioned
by the fact that we need to use a O(1) call to CheckpointQueue::splice
for extracting items from CheckpointQueue::toWrite.
This is how it currently works:

1. We acquire the CM::queueLock and we instantiate a
   CheckpointQueue(toWrite.get_allocator()) 'expelledItems' container.
   Ie, we store expelled items in a container that uses the same
   allocator as Checkpoint::toWrite
2. The toWrite->expelledItems splice opearation performed in
   Checkpoint::expelItems() doesn't perform any actual
   deallocation/allocation on toWrite/expelledItems
3. The caller of Checkpoint::expelItems() gets 'expelledItems' and
   copies it into a CheckpointQueue() 'dest'. Note that this
   destination container uses its own allocator, which computes the
   actual memory usage of the original 'expelledItems'. That is what
   allows us to make a dest.get_allocator().gteBytesAllocated() call
   for computing the exact mem-overedead released by expel.
4. Also, in step (3) the original 'expelledItems' container goes
   out-of-scope and deallocations are accounted in the 'toWrite'
   allocator. That is how we correctly update the 'toWrite' mem-usage

The important point in the description above is that at step (3) we
need to perform a O(N = toWrite-size) copy for computing the
mem-overhead released by expel. That copy is performed under
CM::queueLock and must be avoided.

As collateral (but not completely irrelevant) point, note that the copy
that we want to remove is O(N) in both time and space, so avoiding the
copy would also decrease the mem-utilization spike at expel.

This patch removes the needs of relying on that copy for computing the
mem-overhead deallocation. This is a pre-requirement for then avoiding
the copy in a follow-up patch.

Note: Currently the call to splice(range) isn't really O(1) as
CheckpointQueue is a std::list that provides only a O(N) splice(range)
API. We'll get to a real O(1) splice in a dedicated follow-up patch.

Change-Id: I84e1b813061fd8e55e94c110a84ee8e2be883d30

======================================================================================================================
COMMENTS
======================================================================================================================
Author: Paolo Cocchi
Date: 2021-09-23 15:17:48.000000000
Message: 
Uploaded patch set 8: Patch Set 7 was rebased.
----------------------------------------------------------------------------------------------------------------------
Author: Build Bot
Date: 2021-09-23 16:36:01.000000000
Message: 
Patch Set 8: Verified-1

Build Failed 

http://cv.jenkins.couchbase.com/job/kv_engine-windows-master/40337/ : FAILURE

Failure of an engine_testapp test:

<pre>
Running [0049/0158]: stats vkey callback tests...E0923 08:36:08.335546 69348 NotificationQueue.h:555] [NotificationQueue] Unexpected state while draining signals: signal_=1 bytes_read=0
(10 ms) SKIPPED


99% tests passed, 1 tests failed out of 410

Total Test time (real) = 665.35 sec

The following tests FAIL
</pre>
 ( http://cv.jenkins.couchbase.com/job/kv_engine-windows-master/40337/ )

Timeout of a CTest test 410/410 Test #263: ep_testsuite.ephemeral.comp_passive ...........................................................................................} ( http://cv.jenkins.couchbase.com/job/kv_engine-windows-master/40337/ )

http://cv.jenkins.couchbase.com/job/kv_engine.threadsanitizer/job/master/15166/ : FAILURE

http://cv.jenkins.couchbase.com/job/kv_engine-clang_analyzer-master/34336/ : SUCCESS

http://cv.jenkins.couchbase.com/job/kv_engine-clang_tidy-master/12782/ : SUCCESS

http://cv.jenkins.couchbase.com/job/kv_engine-clang_format_9/11572/ : SUCCESS

http://cv.jenkins.couchbase.com/job/kv_engine.libFuzzer/job/master/2419/ : SUCCESS

http://cv.jenkins.couchbase.com/job/kv_engine.linux-CE/job/master/14395/ : SUCCESS

http://cv.jenkins.couchbase.com/job/kv_engine.linux/job/master/14653/ : SUCCESS

http://cv.jenkins.couchbase.com/job/kv_engine.aarch64-linux/job/master/2452/ : SUCCESS

http://cv.jenkins.couchbase.com/job/kv_engine.ASan-UBSan/job/master/22664/ : SUCCESS

http://cv.jenkins.couchbase.com/job/kv_engine.macos/job/master/13538/ : SUCCESS
----------------------------------------------------------------------------------------------------------------------
Author: Build Bot
Date: 2021-09-24 05:51:00.000000000
Message: 
Patch Set 8:

Build Failed 

http://cv.jenkins.couchbase.com/job/kv_engine.threadsanitizer/job/master/15187/ : FAILURE

Failure of an engine_testapp test:

<pre>
Running [0024/0158]: test memory condition...WARNING: Logging before InitGoogleLogging() is written to STDERR
[2021-09-24T05:47:33.423Z] W0924 05:27:43.525799 114927 HazptrDomain.h:670] Using the default inline executor for asynchronous reclamation may be susceptible to deadlock if the current thread happens to hold a resource needed by the deleter of a reclaimable object
[2021-09-24T05:47:33.423Z] 
[2021-09-24T05:47:33.423Z] 
[2021-09-24T05:47:33.423Z] 99% tests passed, 1 tests failed out of 404
[2021-09-24T05:47:33.423Z] 
[2021-09-24T05:47:33.423Z] Total Test time (real) = 1200.06 sec
[2021-09-24T05:47:33.423Z] 
[2021-09-24T05:47:33.423Z] The following tests FAIL
</pre>
 ( http://cv.jenkins.couchbase.com/job/kv_engine.threadsanitizer/job/master/15187/ )

http://cv.jenkins.couchbase.com/job/kv_engine-windows-master/40354/ : FAILURE

Failure of an engine_testapp test:

<pre>
Running [0101/0158]: test compaction config...(75 ms) OK


99% tests passed, 2 tests failed out of 410

Total Test time (real) = 667.01 sec

The following tests FAIL
</pre>
 ( http://cv.jenkins.couchbase.com/job/kv_engine-windows-master/40354/ )

Failure of GoogleTest "AllBucketTypes/SingleThreadedPassiveStreamTest.ConsumerReceivesUserXattrsInSyncDelete/persistent_magma_full_eviction":

<pre>
[ RUN      ] AllBucketTypes/SingleThreadedPassiveStreamTest.ConsumerReceivesUserXattrsInSyncDelete/persistent_magma_full_eviction
unknown file: error: C++ exception with description "boost::filesystem::create_directory: Access is denied: "\\?\C:\Jenkins\workspace\kv_engine-windows-master\build\kv_engine\ep_engine_ep_unit_tests.db\test.067702\magma.0"" thrown in SetUp().
unknown file: error: SEH exception with code 0xc0000005 thrown in TearDown().
[  FAILED  ] AllBucketTypes/SingleThreadedPassiveStreamTest.ConsumerReceivesUserXattrsInSyncDelete/persistent_magma_full_eviction, where GetParam() = ("persistent_magma", "full_eviction") (3 ms)
AllBucketTypes/SingleThreadedPassiveStreamTest.ConsumerReceivesUserXattrsInSyncDelete/persistent_magma_full_eviction
</pre>
 ( http://cv.jenkins.couchbase.com/job/kv_engine-windows-master/40354/ )

Timeout of a CTest test 410/410 Test #265: ep_testsuite.value_eviction.magma .............................................................................................} ( http://cv.jenkins.couchbase.com/job/kv_engine-windows-master/40354/ )

http://cv.jenkins.couchbase.com/job/kv_engine-clang_analyzer-master/34336/ : SUCCESS

http://cv.jenkins.couchbase.com/job/kv_engine-clang_tidy-master/12782/ : SUCCESS

http://cv.jenkins.couchbase.com/job/kv_engine-clang_format_9/11572/ : SUCCESS

http://cv.jenkins.couchbase.com/job/kv_engine.libFuzzer/job/master/2419/ : SUCCESS

http://cv.jenkins.couchbase.com/job/kv_engine.linux-CE/job/master/14395/ : SUCCESS

http://cv.jenkins.couchbase.com/job/kv_engine.linux/job/master/14653/ : SUCCESS

http://cv.jenkins.couchbase.com/job/kv_engine.aarch64-linux/job/master/2452/ : SUCCESS

http://cv.jenkins.couchbase.com/job/kv_engine.ASan-UBSan/job/master/22664/ : SUCCESS

http://cv.jenkins.couchbase.com/job/kv_engine.macos/job/master/13538/ : SUCCESS
----------------------------------------------------------------------------------------------------------------------
Author: Build Bot
Date: 2021-09-24 13:31:13.000000000
Message: 
Patch Set 8:

Build Failed 

http://cv.jenkins.couchbase.com/job/kv_engine-windows-master/40384/ : FAILURE

Timeout of a CTest test 410/410 Test #184: ep-engine_ep_unit_tests.PersistentAndEphemeral/ConnectionTest .................................................................} ( http://cv.jenkins.couchbase.com/job/kv_engine-windows-master/40384/ )

http://cv.jenkins.couchbase.com/job/kv_engine.threadsanitizer/job/master/15217/ : FAILURE

http://cv.jenkins.couchbase.com/job/kv_engine-clang_analyzer-master/34336/ : SUCCESS

http://cv.jenkins.couchbase.com/job/kv_engine-clang_tidy-master/12782/ : SUCCESS

http://cv.jenkins.couchbase.com/job/kv_engine-clang_format_9/11572/ : SUCCESS

http://cv.jenkins.couchbase.com/job/kv_engine.libFuzzer/job/master/2419/ : SUCCESS

http://cv.jenkins.couchbase.com/job/kv_engine.linux-CE/job/master/14395/ : SUCCESS

http://cv.jenkins.couchbase.com/job/kv_engine.linux/job/master/14653/ : SUCCESS

http://cv.jenkins.couchbase.com/job/kv_engine.aarch64-linux/job/master/2452/ : SUCCESS

http://cv.jenkins.couchbase.com/job/kv_engine.ASan-UBSan/job/master/22664/ : SUCCESS

http://cv.jenkins.couchbase.com/job/kv_engine.macos/job/master/13538/ : SUCCESS
----------------------------------------------------------------------------------------------------------------------
Author: Build Bot
Date: 2021-09-27 05:34:44.000000000
Message: 
Patch Set 8: Verified+1

Build Successful 

http://cv.jenkins.couchbase.com/job/kv_engine-clang_analyzer-master/34336/ : SUCCESS

http://cv.jenkins.couchbase.com/job/kv_engine-clang_tidy-master/12782/ : SUCCESS

http://cv.jenkins.couchbase.com/job/kv_engine-clang_format_9/11572/ : SUCCESS

http://cv.jenkins.couchbase.com/job/kv_engine.libFuzzer/job/master/2419/ : SUCCESS

http://cv.jenkins.couchbase.com/job/kv_engine.linux-CE/job/master/14395/ : SUCCESS

http://cv.jenkins.couchbase.com/job/kv_engine.linux/job/master/14653/ : SUCCESS

http://cv.jenkins.couchbase.com/job/kv_engine.aarch64-linux/job/master/2452/ : SUCCESS

http://cv.jenkins.couchbase.com/job/kv_engine.ASan-UBSan/job/master/22664/ : SUCCESS

http://cv.jenkins.couchbase.com/job/kv_engine.macos/job/master/13538/ : SUCCESS

http://cv.jenkins.couchbase.com/job/kv_engine.threadsanitizer/job/master/15241/ : SUCCESS

http://cv.jenkins.couchbase.com/job/kv_engine-windows-master/40409/ : SUCCESS
----------------------------------------------------------------------------------------------------------------------
