======================================================================================================================
DESCRIPTION:

Refactor: to_string() methods in magma-kvstore.cc

Refactor to_string methods in magma-kvstore.cc to make them more
readable by using fmt::format.

Change-Id: I8f1213b0e2b74d130297f112b4e0a8b6efa346a8

======================================================================================================================
COMMENTS
======================================================================================================================
Author: Richard de Mellow
Date: 2021-09-21 09:25:33.000000000
Message: 
Uploaded patch set 1.
----------------------------------------------------------------------------------------------------------------------
Author: Build Bot
Date: 2021-09-21 09:54:00.000000000
Message: 
Patch Set 1: Verified-1

Build Failed 

http://cv.jenkins.couchbase.com/job/kv_engine-windows-master/40171/ : FAILURE

Failure of an engine_testapp test:

<pre>
Running [0023/0093]: test producer stream request (backfill)...(5214 ms) OK


99% tests passed, 3 tests failed out of 411

Total Test time (real) = 363.76 sec

The following tests FAIL
</pre>
 ( http://cv.jenkins.couchbase.com/job/kv_engine-windows-master/40171/ )

Timeout of a CTest test 411/411 Test #280: ep_testsuite_dcp.ephemeral.comp_active ........................................................................................} ( http://cv.jenkins.couchbase.com/job/kv_engine-windows-master/40171/ )

http://cv.jenkins.couchbase.com/job/kv_engine.linux/job/master/14504/ : FAILURE

http://cv.jenkins.couchbase.com/job/kv_engine.threadsanitizer/job/master/15006/ : FAILURE

No problems were identified. If you know why this problem occurred, please add a suitable Cause for it. ( http://cv.jenkins.couchbase.com/job/kv_engine.threadsanitizer/job/master/15006/ )

http://cv.jenkins.couchbase.com/job/kv_engine.linux-CE/job/master/14248/ : FAILURE

No problems were identified. If you know why this problem occurred, please add a suitable Cause for it. ( http://cv.jenkins.couchbase.com/job/kv_engine.linux-CE/job/master/14248/ )

http://cv.jenkins.couchbase.com/job/kv_engine.macos/job/master/13391/ : FAILURE

No problems were identified. If you know why this problem occurred, please add a suitable Cause for it. ( http://cv.jenkins.couchbase.com/job/kv_engine.macos/job/master/13391/ )

http://cv.jenkins.couchbase.com/job/kv_engine.ASan-UBSan/job/master/22513/ : FAILURE

One of more core files found at the end of the build. Data for post-mortem saved to archived_core_dumps.tar.bz2 under "Build Artifacts". ( http://cv.jenkins.couchbase.com/job/kv_engine.ASan-UBSan/job/master/22513/ )

http://cv.jenkins.couchbase.com/job/kv_engine.aarch64-linux/job/master/2304/ : FAILURE

No problems were identified. If you know why this problem occurred, please add a suitable Cause for it. ( http://cv.jenkins.couchbase.com/job/kv_engine.aarch64-linux/job/master/2304/ )

http://cv.jenkins.couchbase.com/job/kv_engine-clang_analyzer-master/34194/ : SUCCESS

http://cv.jenkins.couchbase.com/job/kv_engine-clang_tidy-master/12633/ : SUCCESS

http://cv.jenkins.couchbase.com/job/kv_engine-clang_format_9/11424/ : SUCCESS

http://cv.jenkins.couchbase.com/job/kv_engine.libFuzzer/job/master/2274/ : SUCCESS
----------------------------------------------------------------------------------------------------------------------
Author: Build Bot
Date: 2021-09-21 12:06:44.000000000
Message: 
Patch Set 1:

Build Failed 

http://cv.jenkins.couchbase.com/job/kv_engine-windows-master/40171/ : FAILURE

Failure of an engine_testapp test:

<pre>
Running [0023/0093]: test producer stream request (backfill)...(5214 ms) OK


99% tests passed, 3 tests failed out of 411

Total Test time (real) = 363.76 sec

The following tests FAIL
</pre>
 ( http://cv.jenkins.couchbase.com/job/kv_engine-windows-master/40171/ )

Timeout of a CTest test 411/411 Test #280: ep_testsuite_dcp.ephemeral.comp_active ........................................................................................} ( http://cv.jenkins.couchbase.com/job/kv_engine-windows-master/40171/ )

http://cv.jenkins.couchbase.com/job/kv_engine.linux/job/master/14504/ : FAILURE

No problems were identified. If you know why this problem occurred, please add a suitable Cause for it. ( http://cv.jenkins.couchbase.com/job/kv_engine.linux/job/master/14504/ )

http://cv.jenkins.couchbase.com/job/kv_engine.threadsanitizer/job/master/15006/ : FAILURE

No problems were identified. If you know why this problem occurred, please add a suitable Cause for it. ( http://cv.jenkins.couchbase.com/job/kv_engine.threadsanitizer/job/master/15006/ )

http://cv.jenkins.couchbase.com/job/kv_engine.linux-CE/job/master/14248/ : FAILURE

No problems were identified. If you know why this problem occurred, please add a suitable Cause for it. ( http://cv.jenkins.couchbase.com/job/kv_engine.linux-CE/job/master/14248/ )

http://cv.jenkins.couchbase.com/job/kv_engine.macos/job/master/13391/ : FAILURE

No problems were identified. If you know why this problem occurred, please add a suitable Cause for it. ( http://cv.jenkins.couchbase.com/job/kv_engine.macos/job/master/13391/ )

http://cv.jenkins.couchbase.com/job/kv_engine.ASan-UBSan/job/master/22513/ : FAILURE

One of more core files found at the end of the build. Data for post-mortem saved to archived_core_dumps.tar.bz2 under "Build Artifacts". ( http://cv.jenkins.couchbase.com/job/kv_engine.ASan-UBSan/job/master/22513/ )

http://cv.jenkins.couchbase.com/job/kv_engine.aarch64-linux/job/master/2317/ : FAILURE

http://cv.jenkins.couchbase.com/job/kv_engine-clang_analyzer-master/34194/ : SUCCESS

http://cv.jenkins.couchbase.com/job/kv_engine-clang_tidy-master/12633/ : SUCCESS

http://cv.jenkins.couchbase.com/job/kv_engine-clang_format_9/11424/ : SUCCESS

http://cv.jenkins.couchbase.com/job/kv_engine.libFuzzer/job/master/2274/ : SUCCESS
----------------------------------------------------------------------------------------------------------------------
Author: Build Bot
Date: 2021-09-21 13:10:08.000000000
Message: 
Patch Set 1:

Build Failed 

http://cv.jenkins.couchbase.com/job/kv_engine-windows-master/40171/ : FAILURE

Failure of an engine_testapp test:

<pre>
Running [0023/0093]: test producer stream request (backfill)...(5214 ms) OK


99% tests passed, 3 tests failed out of 411

Total Test time (real) = 363.76 sec

The following tests FAIL
</pre>
 ( http://cv.jenkins.couchbase.com/job/kv_engine-windows-master/40171/ )

Timeout of a CTest test 411/411 Test #280: ep_testsuite_dcp.ephemeral.comp_active ........................................................................................} ( http://cv.jenkins.couchbase.com/job/kv_engine-windows-master/40171/ )

http://cv.jenkins.couchbase.com/job/kv_engine.linux/job/master/14504/ : FAILURE

No problems were identified. If you know why this problem occurred, please add a suitable Cause for it. ( http://cv.jenkins.couchbase.com/job/kv_engine.linux/job/master/14504/ )

http://cv.jenkins.couchbase.com/job/kv_engine.threadsanitizer/job/master/15006/ : FAILURE

No problems were identified. If you know why this problem occurred, please add a suitable Cause for it. ( http://cv.jenkins.couchbase.com/job/kv_engine.threadsanitizer/job/master/15006/ )

http://cv.jenkins.couchbase.com/job/kv_engine.linux-CE/job/master/14248/ : FAILURE

No problems were identified. If you know why this problem occurred, please add a suitable Cause for it. ( http://cv.jenkins.couchbase.com/job/kv_engine.linux-CE/job/master/14248/ )

http://cv.jenkins.couchbase.com/job/kv_engine.ASan-UBSan/job/master/22513/ : FAILURE

One of more core files found at the end of the build. Data for post-mortem saved to archived_core_dumps.tar.bz2 under "Build Artifacts". ( http://cv.jenkins.couchbase.com/job/kv_engine.ASan-UBSan/job/master/22513/ )

http://cv.jenkins.couchbase.com/job/kv_engine.aarch64-linux/job/master/2317/ : FAILURE

No problems were identified. If you know why this problem occurred, please add a suitable Cause for it. ( http://cv.jenkins.couchbase.com/job/kv_engine.aarch64-linux/job/master/2317/ )

http://cv.jenkins.couchbase.com/job/kv_engine.macos/job/master/13404/ : FAILURE

http://cv.jenkins.couchbase.com/job/kv_engine-clang_analyzer-master/34194/ : SUCCESS

http://cv.jenkins.couchbase.com/job/kv_engine-clang_tidy-master/12633/ : SUCCESS

http://cv.jenkins.couchbase.com/job/kv_engine-clang_format_9/11424/ : SUCCESS

http://cv.jenkins.couchbase.com/job/kv_engine.libFuzzer/job/master/2274/ : SUCCESS
----------------------------------------------------------------------------------------------------------------------
