======================================================================================================================
DESCRIPTION:

MB-51877: Add a command to set the throttle limits

Change-Id: I76dde6a4e09e086869c2b1968f49d5e7e9829eb8

======================================================================================================================
COMMENTS
======================================================================================================================
Author: Trond Norbye
Date: 2022-04-22 11:42:48.000000000
Message: 
Uploaded patch set 1.
----------------------------------------------------------------------------------------------------------------------
Author: Build Bot
Date: 2022-04-22 12:45:56.000000000
Message: 
Patch Set 1: Verified-1

Build Failed 

http://cv.jenkins.couchbase.com/job/kv_engine-windows-master/45524/ : FAILURE

Failure of an engine_testapp test:

<pre>
Running [32/47]: set/delete...(5 ms) SKIPPED

        Start 423: memcached_testapp.ep.TransportProtocols/BucketTest
420/427 Test #421: memcached_testapp.ep.TransportProtocols/ArithmeticXattrOnTest ...........................................   Passed    0.79 sec
        Start 424: testapp_auth_provider_test
421/427 Test #424: testapp_auth_provider_test ..............................................................................   Passed    0.11 sec
        Start 425: cluster_test
422/427 Test #420: memcached_testapp.ep.TransportProtocols/ArithmeticTest ..................................................   Passed    2.69 sec
        Start 426: memcached_unsigned_leb128_test
423/427 Test #426: memcached_unsigned_leb128_test ..........................................................................   Passed    0.14 sec
        Start 427: memcached-hostutils-test
424/427 Test #427: memcached-hostutils-test ................................................................................   Passed    0.22 sec
425/427 Test #423: memcached_testapp.ep.TransportProtocols/BucketTest ......................................................   Passed    6.79 sec
426/427 Test #425: cluster_test ............................................................................................   Passed    7.22 sec
427/427 Test #422: memcached_testapp.ep.TransportProtocols/AuditTest .......................................................   Passed   14.40 sec

99% tests passed, 1 tests failed out of 427

Total Test time (real) = 788.65 sec

The following tests FAIL
</pre>
 ( http://cv.jenkins.couchbase.com/job/kv_engine-windows-master/45524/ )

Timeout of a CTest test 419/427 Test #286: ep_testsuite_basic.ephemeral.comp_passive ...............................................................} ( http://cv.jenkins.couchbase.com/job/kv_engine-windows-master/45524/ )

http://cv.jenkins.couchbase.com/job/kv_engine.libFuzzer/job/master/6553/ : FAILURE

No problems were identified. If you know why this problem occurred, please add a suitable Cause for it. ( http://cv.jenkins.couchbase.com/job/kv_engine.libFuzzer/job/master/6553/ )

http://cv.jenkins.couchbase.com/job/kv_engine.macos/job/master/17779/ : FAILURE

No problems were identified. If you know why this problem occurred, please add a suitable Cause for it. ( http://cv.jenkins.couchbase.com/job/kv_engine.macos/job/master/17779/ )

http://cv.jenkins.couchbase.com/job/kv_engine.aarch64-linux/job/master/6639/ : FAILURE

No problems were identified. If you know why this problem occurred, please add a suitable Cause for it. ( http://cv.jenkins.couchbase.com/job/kv_engine.aarch64-linux/job/master/6639/ )

http://cv.jenkins.couchbase.com/job/kv_engine-clang_analyzer-master/38247/ : SUCCESS

http://cv.jenkins.couchbase.com/job/kv_engine-clang_tidy-master/16894/ : SUCCESS

http://cv.jenkins.couchbase.com/job/kv_engine-clang_format_9/15862/ : SUCCESS

http://cv.jenkins.couchbase.com/job/kv_engine.linux/job/master/19019/ : SUCCESS

http://cv.jenkins.couchbase.com/job/kv_engine.linux-CE/job/master/18678/ : SUCCESS

http://cv.jenkins.couchbase.com/job/kv_engine.threadsanitizer/job/master/19717/ : SUCCESS

http://cv.jenkins.couchbase.com/job/kv_engine.ASan-UBSan/job/master/27088/ : SUCCESS
----------------------------------------------------------------------------------------------------------------------
Author: Build Bot
Date: 2022-04-22 12:54:20.000000000
Message: 
Patch Set 1: Verified-1

Build Failed 

http://cv.jenkins.couchbase.com/job/kv_engine.ASan-UBSan/job/master/27079/ : ABORTED

Build which was aborted due to a newer patch set being uploaded for the given review. ( http://cv.jenkins.couchbase.com/job/kv_engine.ASan-UBSan/job/master/27079/ )

http://cv.jenkins.couchbase.com/job/kv_engine.libFuzzer/job/master/6550/ : ABORTED

Build which was aborted due to a newer patch set being uploaded for the given review. ( http://cv.jenkins.couchbase.com/job/kv_engine.libFuzzer/job/master/6550/ )

http://cv.jenkins.couchbase.com/job/kv_engine.threadsanitizer/job/master/19713/ : ABORTED

Build which was aborted due to a newer patch set being uploaded for the given review. ( http://cv.jenkins.couchbase.com/job/kv_engine.threadsanitizer/job/master/19713/ )

http://cv.jenkins.couchbase.com/job/kv_engine.linux-CE/job/master/18675/ : ABORTED

Build which was aborted due to a newer patch set being uploaded for the given review. ( http://cv.jenkins.couchbase.com/job/kv_engine.linux-CE/job/master/18675/ )

http://cv.jenkins.couchbase.com/job/kv_engine.linux/job/master/19011/ : ABORTED

Build which was aborted due to a newer patch set being uploaded for the given review. ( http://cv.jenkins.couchbase.com/job/kv_engine.linux/job/master/19011/ )

http://cv.jenkins.couchbase.com/job/kv_engine.macos/job/master/17770/ : ABORTED

Build which was aborted due to a newer patch set being uploaded for the given review. ( http://cv.jenkins.couchbase.com/job/kv_engine.macos/job/master/17770/ )

http://cv.jenkins.couchbase.com/job/kv_engine.aarch64-linux/job/master/6612/ : ABORTED

Build which was aborted due to a newer patch set being uploaded for the given review. ( http://cv.jenkins.couchbase.com/job/kv_engine.aarch64-linux/job/master/6612/ )
----------------------------------------------------------------------------------------------------------------------
Author: Michael Blow
Date: 2022-04-22 14:38:29.000000000
MISMATCHED INLINE COMMENT
Line:2040, docs/BinaryProtocol.md -> number*
----------------------------------------------------------------------------------------------------------------------
Author: Trond Norbye
Date: 2022-04-22 19:29:34.000000000
MISMATCHED INLINE COMMENT
Line:2040, docs/BinaryProtocol.md -> Done
----------------------------------------------------------------------------------------------------------------------
