======================================================================================================================
DESCRIPTION:

MB-45408: Update dropped collections in PiTR compaction

We should use the same PreCommitHook as we do for normal
compactions.

Change-Id: Ib3323952181bc7c4399ec03cc1a2838ec7693c42

======================================================================================================================
COMMENTS
======================================================================================================================
Author: Ben Huddleston
Date: 2022-03-14 18:16:28.000000000
Message: 
Uploaded patch set 4: Patch Set 3 was rebased.
----------------------------------------------------------------------------------------------------------------------
Author: Build Bot
Date: 2022-03-14 19:08:15.000000000
Message: 
Patch Set 4: Verified-1

Build Failed 

http://cv.jenkins.couchbase.com/job/kv_engine-windows-master/44440/ : FAILURE

Failure of an engine_testapp test:

<pre>
Running [91/159]: vbucket cas (dead)...(21 ms) OK


99% tests passed, 1 tests failed out of 432

Total Test time (real) = 682.50 sec

The following tests FAIL
</pre>
 ( http://cv.jenkins.couchbase.com/job/kv_engine-windows-master/44440/ )

Timeout of a CTest test 432/432 Test #285: ep_testsuite.ephemeral.comp_passive ...........................................................................................} ( http://cv.jenkins.couchbase.com/job/kv_engine-windows-master/44440/ )

http://cv.jenkins.couchbase.com/job/kv_engine-clang_tidy-master/16001/ : SUCCESS

http://cv.jenkins.couchbase.com/job/kv_engine-clang_analyzer-master/37416/ : SUCCESS

http://cv.jenkins.couchbase.com/job/kv_engine-clang_format_9/14920/ : SUCCESS

http://cv.jenkins.couchbase.com/job/kv_engine.libFuzzer/job/master/5657/ : SUCCESS

http://cv.jenkins.couchbase.com/job/kv_engine.aarch64-linux/job/master/5716/ : SUCCESS

http://cv.jenkins.couchbase.com/job/kv_engine.linux-CE/job/master/17769/ : SUCCESS

http://cv.jenkins.couchbase.com/job/kv_engine.threadsanitizer/job/master/18801/ : SUCCESS

http://cv.jenkins.couchbase.com/job/kv_engine.linux/job/master/18096/ : SUCCESS

http://cv.jenkins.couchbase.com/job/kv_engine.macos/job/master/16839/ : SUCCESS

http://cv.jenkins.couchbase.com/job/kv_engine.ASan-UBSan/job/master/26176/ : SUCCESS
----------------------------------------------------------------------------------------------------------------------
Author: Build Bot
Date: 2022-03-14 22:43:13.000000000
Message: 
Patch Set 4:

Build Failed 

http://cv.jenkins.couchbase.com/job/kv_engine-windows-master/44448/ : FAILURE

Failure of GoogleTest "TracingTest.NoDataUnlessRequested":

<pre>
[ RUN      ] TracingTest.NoDataUnlessRequested
unknown file: error: SEH exception with code 0xc0000005 thrown in SetUp().
[  FAILED  ] TracingTest.NoDataUnlessRequested (0 ms)
TracingTest.NoDataUnlessRequested
</pre>
 ( http://cv.jenkins.couchbase.com/job/kv_engine-windows-master/44448/ )

http://cv.jenkins.couchbase.com/job/kv_engine-clang_tidy-master/16001/ : SUCCESS

http://cv.jenkins.couchbase.com/job/kv_engine-clang_analyzer-master/37416/ : SUCCESS

http://cv.jenkins.couchbase.com/job/kv_engine-clang_format_9/14920/ : SUCCESS

http://cv.jenkins.couchbase.com/job/kv_engine.libFuzzer/job/master/5657/ : SUCCESS

http://cv.jenkins.couchbase.com/job/kv_engine.aarch64-linux/job/master/5716/ : SUCCESS

http://cv.jenkins.couchbase.com/job/kv_engine.linux-CE/job/master/17769/ : SUCCESS

http://cv.jenkins.couchbase.com/job/kv_engine.threadsanitizer/job/master/18801/ : SUCCESS

http://cv.jenkins.couchbase.com/job/kv_engine.linux/job/master/18096/ : SUCCESS

http://cv.jenkins.couchbase.com/job/kv_engine.macos/job/master/16839/ : SUCCESS

http://cv.jenkins.couchbase.com/job/kv_engine.ASan-UBSan/job/master/26176/ : SUCCESS
----------------------------------------------------------------------------------------------------------------------
Author: Build Bot
Date: 2022-03-15 08:18:56.000000000
Message: 
Patch Set 4:

Build Failed 

http://cv.jenkins.couchbase.com/job/kv_engine-windows-master/44453/ : FAILURE

Failure of an engine_testapp test:

<pre>
Running [32/44]: test set_with_meta and drift stats...(94 ms) OK


99% tests passed, 2 tests failed out of 432

Total Test time (real) = 268.85 sec

The following tests FAIL
</pre>
 ( http://cv.jenkins.couchbase.com/job/kv_engine-windows-master/44453/ )

Timeout of a CTest test 432/432 Test #313: ep_testsuite_xdcr.value_eviction.comp_passive .................................................................................} ( http://cv.jenkins.couchbase.com/job/kv_engine-windows-master/44453/ )

http://cv.jenkins.couchbase.com/job/kv_engine-clang_tidy-master/16001/ : SUCCESS

http://cv.jenkins.couchbase.com/job/kv_engine-clang_analyzer-master/37416/ : SUCCESS

http://cv.jenkins.couchbase.com/job/kv_engine-clang_format_9/14920/ : SUCCESS

http://cv.jenkins.couchbase.com/job/kv_engine.libFuzzer/job/master/5657/ : SUCCESS

http://cv.jenkins.couchbase.com/job/kv_engine.aarch64-linux/job/master/5716/ : SUCCESS

http://cv.jenkins.couchbase.com/job/kv_engine.linux-CE/job/master/17769/ : SUCCESS

http://cv.jenkins.couchbase.com/job/kv_engine.threadsanitizer/job/master/18801/ : SUCCESS

http://cv.jenkins.couchbase.com/job/kv_engine.linux/job/master/18096/ : SUCCESS

http://cv.jenkins.couchbase.com/job/kv_engine.macos/job/master/16839/ : SUCCESS

http://cv.jenkins.couchbase.com/job/kv_engine.ASan-UBSan/job/master/26176/ : SUCCESS
----------------------------------------------------------------------------------------------------------------------
Author: Build Bot
Date: 2022-03-15 09:48:27.000000000
Message: 
Patch Set 4:

Build Failed 

http://cv.jenkins.couchbase.com/job/kv_engine-windows-master/44459/ : FAILURE

Failure of an engine_testapp test:

<pre>
Running [21/93]: test producer stream request (full merged snapshots)...(294 ms) OK


99% tests passed, 1 tests failed out of 432

Total Test time (real) = 369.33 sec

The following tests FAIL
</pre>
 ( http://cv.jenkins.couchbase.com/job/kv_engine-windows-master/44459/ )

Timeout of a CTest test 432/432 Test #297: ep_testsuite_dcp.value_eviction.comp_passive ..................................................................................} ( http://cv.jenkins.couchbase.com/job/kv_engine-windows-master/44459/ )

http://cv.jenkins.couchbase.com/job/kv_engine-clang_tidy-master/16001/ : SUCCESS

http://cv.jenkins.couchbase.com/job/kv_engine-clang_analyzer-master/37416/ : SUCCESS

http://cv.jenkins.couchbase.com/job/kv_engine-clang_format_9/14920/ : SUCCESS

http://cv.jenkins.couchbase.com/job/kv_engine.libFuzzer/job/master/5657/ : SUCCESS

http://cv.jenkins.couchbase.com/job/kv_engine.aarch64-linux/job/master/5716/ : SUCCESS

http://cv.jenkins.couchbase.com/job/kv_engine.linux-CE/job/master/17769/ : SUCCESS

http://cv.jenkins.couchbase.com/job/kv_engine.threadsanitizer/job/master/18801/ : SUCCESS

http://cv.jenkins.couchbase.com/job/kv_engine.linux/job/master/18096/ : SUCCESS

http://cv.jenkins.couchbase.com/job/kv_engine.macos/job/master/16839/ : SUCCESS

http://cv.jenkins.couchbase.com/job/kv_engine.ASan-UBSan/job/master/26176/ : SUCCESS
----------------------------------------------------------------------------------------------------------------------
Author: Build Bot
Date: 2022-03-15 14:04:46.000000000
Message: 
Patch Set 4: Verified+1

Build Successful 

http://cv.jenkins.couchbase.com/job/kv_engine-clang_tidy-master/16001/ : SUCCESS

http://cv.jenkins.couchbase.com/job/kv_engine-clang_analyzer-master/37416/ : SUCCESS

http://cv.jenkins.couchbase.com/job/kv_engine-clang_format_9/14920/ : SUCCESS

http://cv.jenkins.couchbase.com/job/kv_engine.libFuzzer/job/master/5657/ : SUCCESS

http://cv.jenkins.couchbase.com/job/kv_engine.aarch64-linux/job/master/5716/ : SUCCESS

http://cv.jenkins.couchbase.com/job/kv_engine.linux-CE/job/master/17769/ : SUCCESS

http://cv.jenkins.couchbase.com/job/kv_engine.threadsanitizer/job/master/18801/ : SUCCESS

http://cv.jenkins.couchbase.com/job/kv_engine.linux/job/master/18096/ : SUCCESS

http://cv.jenkins.couchbase.com/job/kv_engine.macos/job/master/16839/ : SUCCESS

http://cv.jenkins.couchbase.com/job/kv_engine.ASan-UBSan/job/master/26176/ : SUCCESS

http://cv.jenkins.couchbase.com/job/kv_engine-windows-master/44471/ : SUCCESS
----------------------------------------------------------------------------------------------------------------------
