======================================================================================================================
DESCRIPTION:

Merge branch 'neo'

* neo:
  [BP] MB-51413: Create MockCouchKVStore in replaceCouchKVStore

Change-Id: I02673e1045e805e92dca52cade105e1440cbe7c6

======================================================================================================================
COMMENTS
======================================================================================================================
Author: Ben Huddleston
Date: 2022-05-06 09:14:46.000000000
Message: 
Uploaded patch set 1.
----------------------------------------------------------------------------------------------------------------------
Author: Build Bot
Date: 2022-05-06 09:54:05.000000000
Message: 
Patch Set 1: Verified-1

Build Failed 

http://cv.jenkins.couchbase.com/job/kv_engine-windows-master/45950/ : FAILURE

Timeout of a CTest test 428/428 Test  #70: ep-engine_ep_unit_tests.DurabilityRespondAmbiguousTest ..................................................} ( http://cv.jenkins.couchbase.com/job/kv_engine-windows-master/45950/ )

http://cv.jenkins.couchbase.com/job/kv_engine.linux/job/master/19421/ : FAILURE

No problems were identified. If you know why this problem occurred, please add a suitable Cause for it. ( http://cv.jenkins.couchbase.com/job/kv_engine.linux/job/master/19421/ )

http://cv.jenkins.couchbase.com/job/kv_engine.threadsanitizer/job/master/20106/ : FAILURE

Failure of GoogleTest "TransportProtocols/TenantTest.TenantStats/Mcbp":

<pre>
[ RUN      ] TransportProtocols/TenantTest.TenantStats/Mcbp
[2022-05-06T09:53:47.377Z] /home/couchbase/jenkins/workspace/kv_engine.threadsanitizer_master/kv_engine/tests/testapp/testapp_tenant.cc:158: Failure
[2022-05-06T09:53:47.377Z] Expected equality of these values:
[2022-05-06T09:53:47.377Z]   10
[2022-05-06T09:53:47.377Z]   json["connections"]["current"].get<int>()
[2022-05-06T09:53:47.377Z]     Which is: 11
[2022-05-06T09:53:47.377Z] [  FAILED  ] TransportProtocols/TenantTest.TenantStats/Mcbp, where GetParam() = Mcbp (1008 ms)
TransportProtocols/TenantTest.TenantStats/Mcbp
</pre>
 ( http://cv.jenkins.couchbase.com/job/kv_engine.threadsanitizer/job/master/20106/ )

http://cv.jenkins.couchbase.com/job/kv_engine-clang_analyzer-master/38589/ : SUCCESS

http://cv.jenkins.couchbase.com/job/kv_engine-clang_tidy-master/17321/ : SUCCESS

http://cv.jenkins.couchbase.com/job/kv_engine-clang_format_9/16324/ : SUCCESS

http://cv.jenkins.couchbase.com/job/kv_engine.libFuzzer/job/master/6932/ : SUCCESS

http://cv.jenkins.couchbase.com/job/kv_engine.linux-CE/job/master/19079/ : SUCCESS

http://cv.jenkins.couchbase.com/job/kv_engine.macos/job/master/18263/ : SUCCESS

http://cv.jenkins.couchbase.com/job/kv_engine.ASan-UBSan/job/master/27478/ : SUCCESS

http://cv.jenkins.couchbase.com/job/kv_engine.aarch64-linux/job/master/7024/ : SUCCESS
----------------------------------------------------------------------------------------------------------------------
Author: Build Bot
Date: 2022-05-06 10:24:25.000000000
Message: 
Patch Set 1:

Build Failed 

http://cv.jenkins.couchbase.com/job/kv_engine-windows-master/45951/ : FAILURE

Failure of an engine_testapp test:

<pre>
Running [25/93]: test producer disk backfill buffer limits...(78 ms) OK


99% tests passed, 2 tests failed out of 428

Total Test time (real) = 358.16 sec

The following tests FAIL
</pre>
 ( http://cv.jenkins.couchbase.com/job/kv_engine-windows-master/45951/ )

Failure of GoogleTest "EphemeralOrPersistent/STExpiryPagerTest.ExpiredItemsDeleted/persistent_nexus_couchstore_magma_full_eviction":

<pre>
[ RUN      ] EphemeralOrPersistent/STExpiryPagerTest.ExpiredItemsDeleted/persistent_nexus_couchstore_magma_full_eviction
..\kv_engine\engines\ep\tests\module_tests\item_pager_test.cc(1747): error: Expected equality of these values:
  cb::engine_errc::would_block
    Which is: would block
  getKeyFn(key_2)
    Which is: no memory
..\kv_engine\engines\ep\tests\module_tests\item_pager_test.cc(1750): error: Expected equality of these values:
  cb::engine_errc::no_such_key
    Which is: no such key
  getKeyFn(key_2)
    Which is: no memory
Key with TTL:20 should be removed.
[  FAILED  ] EphemeralOrPersistent/STExpiryPagerTest.ExpiredItemsDeleted/persistent_nexus_couchstore_magma_full_eviction, where GetParam() = "bucket_type=persistent:backend=nexus:nexus_primary_backend=couchstore:nexus_secondary_backend=magma:item_eviction_policy=full_eviction" (97 ms)
EphemeralOrPersistent/STExpiryPagerTest.ExpiredItemsDeleted/persistent_nexus_couchstore_magma_full_eviction
</pre>
 ( http://cv.jenkins.couchbase.com/job/kv_engine-windows-master/45951/ )

Timeout of a CTest test 428/428 Test #296: ep_testsuite_dcp.value_eviction.magma ...................................................................} ( http://cv.jenkins.couchbase.com/job/kv_engine-windows-master/45951/ )

http://cv.jenkins.couchbase.com/job/kv_engine-clang_analyzer-master/38589/ : SUCCESS

http://cv.jenkins.couchbase.com/job/kv_engine-clang_tidy-master/17321/ : SUCCESS

http://cv.jenkins.couchbase.com/job/kv_engine-clang_format_9/16324/ : SUCCESS

http://cv.jenkins.couchbase.com/job/kv_engine.libFuzzer/job/master/6932/ : SUCCESS

http://cv.jenkins.couchbase.com/job/kv_engine.linux-CE/job/master/19079/ : SUCCESS

http://cv.jenkins.couchbase.com/job/kv_engine.macos/job/master/18263/ : SUCCESS

http://cv.jenkins.couchbase.com/job/kv_engine.linux/job/master/19422/ : SUCCESS

http://cv.jenkins.couchbase.com/job/kv_engine.threadsanitizer/job/master/20107/ : SUCCESS

http://cv.jenkins.couchbase.com/job/kv_engine.ASan-UBSan/job/master/27478/ : SUCCESS

http://cv.jenkins.couchbase.com/job/kv_engine.aarch64-linux/job/master/7024/ : SUCCESS
----------------------------------------------------------------------------------------------------------------------
Author: Build Bot
Date: 2022-05-06 10:52:02.000000000
Message: 
Patch Set 1:

Build Failed 

http://cv.jenkins.couchbase.com/job/kv_engine-windows-master/45952/ : FAILURE

Failure of an engine_testapp test:

<pre>
Running [20/93]: test producer stream request (partial)...(59 ms) OK


99% tests passed, 1 tests failed out of 428

Total Test time (real) = 347.27 sec

The following tests FAIL
</pre>
 ( http://cv.jenkins.couchbase.com/job/kv_engine-windows-master/45952/ )

Timeout of a CTest test 428/428 Test #294: ep_testsuite_dcp.ephemeral.comp_passive .................................................................} ( http://cv.jenkins.couchbase.com/job/kv_engine-windows-master/45952/ )

http://cv.jenkins.couchbase.com/job/kv_engine-clang_analyzer-master/38589/ : SUCCESS

http://cv.jenkins.couchbase.com/job/kv_engine-clang_tidy-master/17321/ : SUCCESS

http://cv.jenkins.couchbase.com/job/kv_engine-clang_format_9/16324/ : SUCCESS

http://cv.jenkins.couchbase.com/job/kv_engine.libFuzzer/job/master/6932/ : SUCCESS

http://cv.jenkins.couchbase.com/job/kv_engine.linux-CE/job/master/19079/ : SUCCESS

http://cv.jenkins.couchbase.com/job/kv_engine.macos/job/master/18263/ : SUCCESS

http://cv.jenkins.couchbase.com/job/kv_engine.linux/job/master/19422/ : SUCCESS

http://cv.jenkins.couchbase.com/job/kv_engine.threadsanitizer/job/master/20107/ : SUCCESS

http://cv.jenkins.couchbase.com/job/kv_engine.ASan-UBSan/job/master/27478/ : SUCCESS

http://cv.jenkins.couchbase.com/job/kv_engine.aarch64-linux/job/master/7024/ : SUCCESS
----------------------------------------------------------------------------------------------------------------------
Author: Build Bot
Date: 2022-05-06 11:31:11.000000000
Message: 
Patch Set 1:

Build Failed 

http://cv.jenkins.couchbase.com/job/kv_engine-windows-master/45955/ : FAILURE

Failure of an engine_testapp test:

<pre>
Running [96/160]: vbucket del (replica)...W0506 04:23:58.372782 176248 HazptrDomain.h:670] Using the default inline executor for asynchronous reclamation may be susceptible to deadlock if the current thread happens to hold a resource needed by the deleter of a reclaimable object


99% tests passed, 1 tests failed out of 428

Total Test time (real) = 678.59 sec

The following tests FAIL
</pre>
 ( http://cv.jenkins.couchbase.com/job/kv_engine-windows-master/45955/ )

Timeout of a CTest test 428/428 Test #276: ep_testsuite.full_eviction.comp_passive .................................................................} ( http://cv.jenkins.couchbase.com/job/kv_engine-windows-master/45955/ )

http://cv.jenkins.couchbase.com/job/kv_engine-clang_analyzer-master/38589/ : SUCCESS

http://cv.jenkins.couchbase.com/job/kv_engine-clang_tidy-master/17321/ : SUCCESS

http://cv.jenkins.couchbase.com/job/kv_engine-clang_format_9/16324/ : SUCCESS

http://cv.jenkins.couchbase.com/job/kv_engine.libFuzzer/job/master/6932/ : SUCCESS

http://cv.jenkins.couchbase.com/job/kv_engine.linux-CE/job/master/19079/ : SUCCESS

http://cv.jenkins.couchbase.com/job/kv_engine.macos/job/master/18263/ : SUCCESS

http://cv.jenkins.couchbase.com/job/kv_engine.linux/job/master/19422/ : SUCCESS

http://cv.jenkins.couchbase.com/job/kv_engine.threadsanitizer/job/master/20107/ : SUCCESS

http://cv.jenkins.couchbase.com/job/kv_engine.ASan-UBSan/job/master/27478/ : SUCCESS

http://cv.jenkins.couchbase.com/job/kv_engine.aarch64-linux/job/master/7024/ : SUCCESS
----------------------------------------------------------------------------------------------------------------------
Author: Build Bot
Date: 2022-05-06 11:52:48.000000000
Message: 
Patch Set 1: Verified+1

Build Successful 

http://cv.jenkins.couchbase.com/job/kv_engine-clang_analyzer-master/38589/ : SUCCESS

http://cv.jenkins.couchbase.com/job/kv_engine-clang_tidy-master/17321/ : SUCCESS

http://cv.jenkins.couchbase.com/job/kv_engine-clang_format_9/16324/ : SUCCESS

http://cv.jenkins.couchbase.com/job/kv_engine.libFuzzer/job/master/6932/ : SUCCESS

http://cv.jenkins.couchbase.com/job/kv_engine.linux-CE/job/master/19079/ : SUCCESS

http://cv.jenkins.couchbase.com/job/kv_engine.macos/job/master/18263/ : SUCCESS

http://cv.jenkins.couchbase.com/job/kv_engine.linux/job/master/19422/ : SUCCESS

http://cv.jenkins.couchbase.com/job/kv_engine.threadsanitizer/job/master/20107/ : SUCCESS

http://cv.jenkins.couchbase.com/job/kv_engine.ASan-UBSan/job/master/27478/ : SUCCESS

http://cv.jenkins.couchbase.com/job/kv_engine.aarch64-linux/job/master/7024/ : SUCCESS

http://cv.jenkins.couchbase.com/job/kv_engine-windows-master/45956/ : SUCCESS
----------------------------------------------------------------------------------------------------------------------
Author: Dave Rigby
Date: 2022-05-09 13:33:20.000000000
Message: 
Patch Set 1: Code-Review+2
----------------------------------------------------------------------------------------------------------------------
Author: Dave Rigby
Date: 2022-05-09 13:33:24.000000000
Message: 
Change has been successfully merged
----------------------------------------------------------------------------------------------------------------------
Author: Build Bot
Date: 2022-05-09 13:33:30.000000000
Message: 
Patch Set 1:

Build Started http://cv.jenkins.couchbase.com/job/kv_engine-post-commit-TSan-master/7205/ (1/2)
----------------------------------------------------------------------------------------------------------------------
Author: Build Bot
Date: 2022-05-09 13:33:30.000000000
Message: 
Patch Set 1:

Build Started http://cv.jenkins.couchbase.com/job/kv_engine-post-commit-master/11081/ (2/2)
----------------------------------------------------------------------------------------------------------------------
Author: Build Bot
Date: 2022-05-09 14:12:51.000000000
Message: 
Patch Set 1:

Build Successful 

http://cv.jenkins.couchbase.com/job/kv_engine-post-commit-TSan-master/7205/ : SUCCESS

http://cv.jenkins.couchbase.com/job/kv_engine-post-commit-master/11081/ : SUCCESS'
----------------------------------------------------------------------------------------------------------------------
