======================================================================================================================
DESCRIPTION:

MB-47386: Don't use CM::getNumItemsForCursor in AS::nextCheckpointItem

The call is O(N = ckpt-list-size) and executes under CM lock in a hot
path (DCP frontend worker).

Note: The new logic is massively covered by unit tests, any error
produces hundreds of failures in DCP tests with DCP clients that stop
receiving items from the Producer.

Change-Id: I8c1b000ef18769afdb0629e412c9f1c1d4eff839

======================================================================================================================
COMMENTS
======================================================================================================================
Author: Paolo Cocchi
Date: 2021-08-26 05:35:56.000000000
Message: 
Uploaded patch set 12.
----------------------------------------------------------------------------------------------------------------------
Author: Paolo Cocchi
Date: 2021-08-26 05:36:13.000000000
Message: 
Patch Set 12:

(1 comment)
----------------------------------------------------------------------------------------------------------------------
Author: Build Bot
Date: 2021-08-26 06:08:15.000000000
Message: 
Patch Set 12: Verified-1

Build Failed 

http://cv.jenkins.couchbase.com/job/kv_engine-windows-master/38957/ : FAILURE

Failure of an engine_testapp test:

<pre>
Running [0143/0157]: multi_bucket set/get ...W0825 22:58:53.560760 77912 HazptrDomain.h:670] Using the default inline executor for asynchronous reclamation may be susceptible to deadlock if the current thread happens to hold a resource needed by the deleter of a reclaimable object


99% tests passed, 4 tests failed out of 403

Total Test time (real) = 666.59 sec

The following tests FAIL
</pre>
 ( http://cv.jenkins.couchbase.com/job/kv_engine-windows-master/38957/ )

Failure of GoogleTest "TransportProtocols/InterfacesTest.MB_47707_LocalhostNotWhitelisted/Mcbp":

<pre>
[ RUN      ] TransportProtocols/InterfacesTest.MB_47707_LocalhostNotWhitelisted/Mcbp
unknown file: error: C++ exception with description "AsyncSocketException: recv() failed (peer=127.0.0.1:65454, local=127.0.0.1:65464), type = Internal error, errno = 10053 (Unknown error)" thrown in the test body.
[  FAILED  ] TransportProtocols/InterfacesTest.MB_47707_LocalhostNotWhitelisted/Mcbp, where GetParam() = Mcbp (419 ms)
TransportProtocols/InterfacesTest.MB_47707_LocalhostNotWhitelisted/Mcbp
</pre>
 ( http://cv.jenkins.couchbase.com/job/kv_engine-windows-master/38957/ )

Timeout of a CTest test 402/403 Test #322: memcached_testapp.default.TransportProtocols/StatsTest ........................................................................} ( http://cv.jenkins.couchbase.com/job/kv_engine-windows-master/38957/ )

http://cv.jenkins.couchbase.com/job/kv_engine.threadsanitizer/job/master/13813/ : FAILURE

ThreadSanitizer issue: data race on vptr (ctor/dtor vs virtual call) /home/couchbase/jenkins/workspace/kv_engine.threadsanitizer_master/platform/src/process_monitor.cc:93 in ProcessMonitorImpl::~ProcessMonitorImpl()  ( http://cv.jenkins.couchbase.com/job/kv_engine.threadsanitizer/job/master/13813/ )

http://cv.jenkins.couchbase.com/job/kv_engine-clang_tidy-master/11600/ : SUCCESS

http://cv.jenkins.couchbase.com/job/kv_engine-clang_analyzer-master/33194/ : SUCCESS

http://cv.jenkins.couchbase.com/job/kv_engine-clang_format_9/10379/ : SUCCESS

http://cv.jenkins.couchbase.com/job/kv_engine.libFuzzer/job/master/1242/ : SUCCESS

http://cv.jenkins.couchbase.com/job/kv_engine.linux-CE/job/master/13209/ : SUCCESS

http://cv.jenkins.couchbase.com/job/kv_engine.linux/job/master/13430/ : SUCCESS

http://cv.jenkins.couchbase.com/job/kv_engine.ASan-UBSan/job/master/21349/ : SUCCESS

http://cv.jenkins.couchbase.com/job/kv_engine.macos/job/master/12345/ : SUCCESS

http://cv.jenkins.couchbase.com/job/kv_engine.aarch64-linux/job/master/1255/ : SUCCESS
----------------------------------------------------------------------------------------------------------------------
Author: Build Bot
Date: 2021-08-26 09:19:04.000000000
Message: 
Patch Set 12:

Build Failed 

http://cv.jenkins.couchbase.com/job/kv_engine.threadsanitizer/job/master/13831/ : FAILURE

Timeout of a CTest test [2021-08-26T08:59:57.312Z]   6/397 Test #208: ep-engine_ep_unit_tests.FullOrValue/DurabilityWarmupTest ....................................................} ( http://cv.jenkins.couchbase.com/job/kv_engine.threadsanitizer/job/master/13831/ )

http://cv.jenkins.couchbase.com/job/kv_engine-windows-master/38980/ : FAILURE

Failure of GoogleTest "TransportProtocols/InterfacesTest.MB_47707_LocalhostNotWhitelisted/Mcbp":

<pre>
[ RUN      ] TransportProtocols/InterfacesTest.MB_47707_LocalhostNotWhitelisted/Mcbp
unknown file: error: C++ exception with description "AsyncSocketException: recv() failed (peer=127.0.0.1:61177, local=127.0.0.1:61187), type = Internal error, errno = 10053 (Unknown error)" thrown in the test body.
[  FAILED  ] TransportProtocols/InterfacesTest.MB_47707_LocalhostNotWhitelisted/Mcbp, where GetParam() = Mcbp (223 ms)
TransportProtocols/InterfacesTest.MB_47707_LocalhostNotWhitelisted/Mcbp
</pre>
 ( http://cv.jenkins.couchbase.com/job/kv_engine-windows-master/38980/ )

Timeout of a CTest test 403/403 Test #178: ep-engine_ep_unit_tests.PersistentAndEphemeral/ConnectionTest .................................................................} ( http://cv.jenkins.couchbase.com/job/kv_engine-windows-master/38980/ )

http://cv.jenkins.couchbase.com/job/kv_engine-clang_tidy-master/11600/ : SUCCESS

http://cv.jenkins.couchbase.com/job/kv_engine-clang_analyzer-master/33194/ : SUCCESS

http://cv.jenkins.couchbase.com/job/kv_engine-clang_format_9/10379/ : SUCCESS

http://cv.jenkins.couchbase.com/job/kv_engine.libFuzzer/job/master/1242/ : SUCCESS

http://cv.jenkins.couchbase.com/job/kv_engine.linux-CE/job/master/13209/ : SUCCESS

http://cv.jenkins.couchbase.com/job/kv_engine.linux/job/master/13430/ : SUCCESS

http://cv.jenkins.couchbase.com/job/kv_engine.ASan-UBSan/job/master/21349/ : SUCCESS

http://cv.jenkins.couchbase.com/job/kv_engine.macos/job/master/12345/ : SUCCESS

http://cv.jenkins.couchbase.com/job/kv_engine.aarch64-linux/job/master/1255/ : SUCCESS
----------------------------------------------------------------------------------------------------------------------
Author: Build Bot
Date: 2021-08-26 10:09:05.000000000
Message: 
Patch Set 12: Verified+1

Build Successful 

http://cv.jenkins.couchbase.com/job/kv_engine-clang_tidy-master/11600/ : SUCCESS

http://cv.jenkins.couchbase.com/job/kv_engine-clang_analyzer-master/33194/ : SUCCESS

http://cv.jenkins.couchbase.com/job/kv_engine-clang_format_9/10379/ : SUCCESS

http://cv.jenkins.couchbase.com/job/kv_engine.libFuzzer/job/master/1242/ : SUCCESS

http://cv.jenkins.couchbase.com/job/kv_engine.linux-CE/job/master/13209/ : SUCCESS

http://cv.jenkins.couchbase.com/job/kv_engine.linux/job/master/13430/ : SUCCESS

http://cv.jenkins.couchbase.com/job/kv_engine.ASan-UBSan/job/master/21349/ : SUCCESS

http://cv.jenkins.couchbase.com/job/kv_engine.macos/job/master/12345/ : SUCCESS

http://cv.jenkins.couchbase.com/job/kv_engine.aarch64-linux/job/master/1255/ : SUCCESS

http://cv.jenkins.couchbase.com/job/kv_engine-windows-master/38989/ : SUCCESS

http://cv.jenkins.couchbase.com/job/kv_engine.threadsanitizer/job/master/13839/ : SUCCESS
----------------------------------------------------------------------------------------------------------------------
Author: Dave Rigby
Date: 2021-08-26 11:23:10.000000000
Message: 
Patch Set 12: Code-Review+2
----------------------------------------------------------------------------------------------------------------------
