======================================================================================================================
DESCRIPTION:

Don't calculate seqnos for midpoint optimization if not enabled

We waste time during rollback working out how many seqnos we are
going to rollback if we do not have the midpoint optimization
enabled.

Change-Id: I20a6eece4087fa887b3f8a1253093b9d875c22d5

======================================================================================================================
COMMENTS
======================================================================================================================
Author: Ben Huddleston
Date: 2022-03-30 17:20:27.000000000
Message: 
Uploaded patch set 2: Patch Set 1 was rebased.
----------------------------------------------------------------------------------------------------------------------
Author: Build Bot
Date: 2022-03-30 18:20:23.000000000
Message: 
Patch Set 2: Verified-1 -Code-Review

Build Failed 

http://cv.jenkins.couchbase.com/job/kv_engine-windows-master/44769/ : FAILURE

No problems were identified. If you know why this problem occurred, please add a suitable Cause for it. ( http://cv.jenkins.couchbase.com/job/kv_engine-windows-master/44769/ )

http://cv.jenkins.couchbase.com/job/kv_engine.macos/job/master/17117/ : FAILURE

No problems were identified. If you know why this problem occurred, please add a suitable Cause for it. ( http://cv.jenkins.couchbase.com/job/kv_engine.macos/job/master/17117/ )

http://cv.jenkins.couchbase.com/job/kv_engine-clang_analyzer-master/37671/ : SUCCESS

http://cv.jenkins.couchbase.com/job/kv_engine-clang_tidy-master/16262/ : SUCCESS

http://cv.jenkins.couchbase.com/job/kv_engine-clang_format_9/15195/ : SUCCESS

http://cv.jenkins.couchbase.com/job/kv_engine.aarch64-linux/job/master/5980/ : SUCCESS

http://cv.jenkins.couchbase.com/job/kv_engine.ASan-UBSan/job/master/26446/ : SUCCESS

http://cv.jenkins.couchbase.com/job/kv_engine.libFuzzer/job/master/5922/ : SUCCESS

http://cv.jenkins.couchbase.com/job/kv_engine.threadsanitizer/job/master/19070/ : SUCCESS

http://cv.jenkins.couchbase.com/job/kv_engine.linux-CE/job/master/18037/ : SUCCESS

http://cv.jenkins.couchbase.com/job/kv_engine.linux/job/master/18362/ : SUCCESS
----------------------------------------------------------------------------------------------------------------------
Author: Build Bot
Date: 2022-03-30 19:15:59.000000000
Message: 
Patch Set 2:

Build Failed 

http://cv.jenkins.couchbase.com/job/kv_engine-windows-master/44777/ : FAILURE

Failure of an engine_testapp test:

<pre>
Running [88/159]: vbucket add (dead)...(18 ms) OK


99% tests passed, 1 tests failed out of 432

Total Test time (real) = 685.51 sec

The following tests FAIL
</pre>
 ( http://cv.jenkins.couchbase.com/job/kv_engine-windows-master/44777/ )

Timeout of a CTest test 432/432 Test #285: ep_testsuite.ephemeral.comp_passive ...........................................................................................} ( http://cv.jenkins.couchbase.com/job/kv_engine-windows-master/44777/ )

http://cv.jenkins.couchbase.com/job/kv_engine-clang_analyzer-master/37671/ : SUCCESS

http://cv.jenkins.couchbase.com/job/kv_engine-clang_tidy-master/16262/ : SUCCESS

http://cv.jenkins.couchbase.com/job/kv_engine-clang_format_9/15195/ : SUCCESS

http://cv.jenkins.couchbase.com/job/kv_engine.aarch64-linux/job/master/5980/ : SUCCESS

http://cv.jenkins.couchbase.com/job/kv_engine.ASan-UBSan/job/master/26446/ : SUCCESS

http://cv.jenkins.couchbase.com/job/kv_engine.libFuzzer/job/master/5922/ : SUCCESS

http://cv.jenkins.couchbase.com/job/kv_engine.threadsanitizer/job/master/19070/ : SUCCESS

http://cv.jenkins.couchbase.com/job/kv_engine.linux-CE/job/master/18037/ : SUCCESS

http://cv.jenkins.couchbase.com/job/kv_engine.linux/job/master/18362/ : SUCCESS

http://cv.jenkins.couchbase.com/job/kv_engine.macos/job/master/17125/ : SUCCESS
----------------------------------------------------------------------------------------------------------------------
Author: Build Bot
Date: 2022-03-31 06:18:32.000000000
Message: 
Patch Set 2:

Build Failed 

http://cv.jenkins.couchbase.com/job/kv_engine-windows-master/44783/ : FAILURE

Failure of GoogleTest "EphTombstoneTest.ConcurrentPurge":

<pre>
[ RUN      ] EphTombstoneTest.ConcurrentPurge
..\kv_engine\engines\ep\tests\module_tests\ephemeral_vb_test.cc(827): error: Expected: (purged) > (0), actual: 0 vs 0
[  FAILED  ] EphTombstoneTest.ConcurrentPurge (16 ms)
EphTombstoneTest.ConcurrentPurge
</pre>
 ( http://cv.jenkins.couchbase.com/job/kv_engine-windows-master/44783/ )

http://cv.jenkins.couchbase.com/job/kv_engine-clang_analyzer-master/37671/ : SUCCESS

http://cv.jenkins.couchbase.com/job/kv_engine-clang_tidy-master/16262/ : SUCCESS

http://cv.jenkins.couchbase.com/job/kv_engine-clang_format_9/15195/ : SUCCESS

http://cv.jenkins.couchbase.com/job/kv_engine.aarch64-linux/job/master/5980/ : SUCCESS

http://cv.jenkins.couchbase.com/job/kv_engine.ASan-UBSan/job/master/26446/ : SUCCESS

http://cv.jenkins.couchbase.com/job/kv_engine.libFuzzer/job/master/5922/ : SUCCESS

http://cv.jenkins.couchbase.com/job/kv_engine.threadsanitizer/job/master/19070/ : SUCCESS

http://cv.jenkins.couchbase.com/job/kv_engine.linux-CE/job/master/18037/ : SUCCESS

http://cv.jenkins.couchbase.com/job/kv_engine.linux/job/master/18362/ : SUCCESS

http://cv.jenkins.couchbase.com/job/kv_engine.macos/job/master/17125/ : SUCCESS
----------------------------------------------------------------------------------------------------------------------
Author: Build Bot
Date: 2022-03-31 07:47:02.000000000
Message: 
Patch Set 2:

Build Failed 

http://cv.jenkins.couchbase.com/job/kv_engine-windows-master/44786/ : FAILURE

Failure of GoogleTest "EphTombstoneTest.ConcurrentPurge":

<pre>
[ RUN      ] EphTombstoneTest.ConcurrentPurge
..\kv_engine\engines\ep\tests\module_tests\ephemeral_vb_test.cc(827): error: Expected: (purged) > (0), actual: 0 vs 0
[  FAILED  ] EphTombstoneTest.ConcurrentPurge (16 ms)
EphTombstoneTest.ConcurrentPurge
</pre>
 ( http://cv.jenkins.couchbase.com/job/kv_engine-windows-master/44786/ )

http://cv.jenkins.couchbase.com/job/kv_engine-clang_analyzer-master/37671/ : SUCCESS

http://cv.jenkins.couchbase.com/job/kv_engine-clang_tidy-master/16262/ : SUCCESS

http://cv.jenkins.couchbase.com/job/kv_engine-clang_format_9/15195/ : SUCCESS

http://cv.jenkins.couchbase.com/job/kv_engine.aarch64-linux/job/master/5980/ : SUCCESS

http://cv.jenkins.couchbase.com/job/kv_engine.ASan-UBSan/job/master/26446/ : SUCCESS

http://cv.jenkins.couchbase.com/job/kv_engine.libFuzzer/job/master/5922/ : SUCCESS

http://cv.jenkins.couchbase.com/job/kv_engine.threadsanitizer/job/master/19070/ : SUCCESS

http://cv.jenkins.couchbase.com/job/kv_engine.linux-CE/job/master/18037/ : SUCCESS

http://cv.jenkins.couchbase.com/job/kv_engine.linux/job/master/18362/ : SUCCESS

http://cv.jenkins.couchbase.com/job/kv_engine.macos/job/master/17125/ : SUCCESS
----------------------------------------------------------------------------------------------------------------------
Author: Build Bot
Date: 2022-03-31 12:47:35.000000000
Message: 
Patch Set 2:

Build Failed 

http://cv.jenkins.couchbase.com/job/kv_engine-windows-master/44818/ : FAILURE

Failure of an engine_testapp test:

<pre>
Running [158/159]: test sync write timeout...W0331 05:40:39.044091 172684 HazptrDomain.h:670] Using the default inline executor for asynchronous reclamation may be susceptible to deadlock if the current thread happens to hold a resource needed by the deleter of a reclaimable object


99% tests passed, 1 tests failed out of 432

Total Test time (real) = 701.46 sec

The following tests FAIL
</pre>
 ( http://cv.jenkins.couchbase.com/job/kv_engine-windows-master/44818/ )

Timeout of a CTest test 432/432 Test #288: ep_testsuite.full_eviction.magma ..............................................................................................} ( http://cv.jenkins.couchbase.com/job/kv_engine-windows-master/44818/ )

http://cv.jenkins.couchbase.com/job/kv_engine-clang_analyzer-master/37671/ : SUCCESS

http://cv.jenkins.couchbase.com/job/kv_engine-clang_tidy-master/16262/ : SUCCESS

http://cv.jenkins.couchbase.com/job/kv_engine-clang_format_9/15195/ : SUCCESS

http://cv.jenkins.couchbase.com/job/kv_engine.aarch64-linux/job/master/5980/ : SUCCESS

http://cv.jenkins.couchbase.com/job/kv_engine.ASan-UBSan/job/master/26446/ : SUCCESS

http://cv.jenkins.couchbase.com/job/kv_engine.libFuzzer/job/master/5922/ : SUCCESS

http://cv.jenkins.couchbase.com/job/kv_engine.threadsanitizer/job/master/19070/ : SUCCESS

http://cv.jenkins.couchbase.com/job/kv_engine.linux-CE/job/master/18037/ : SUCCESS

http://cv.jenkins.couchbase.com/job/kv_engine.linux/job/master/18362/ : SUCCESS

http://cv.jenkins.couchbase.com/job/kv_engine.macos/job/master/17125/ : SUCCESS
----------------------------------------------------------------------------------------------------------------------
Author: Build Bot
Date: 2022-04-01 09:15:13.000000000
Message: 
Patch Set 2:

Build Failed 

http://cv.jenkins.couchbase.com/job/kv_engine-windows-master/44850/ : FAILURE

Failure of an engine_testapp test:

<pre>
Running [26/47]: test locked gat...(21 ms) OK


99% tests passed, 3 tests failed out of 432

Total Test time (real) = 360.90 sec

The following tests FAIL
</pre>
 ( http://cv.jenkins.couchbase.com/job/kv_engine-windows-master/44850/ )

Timeout of a CTest test 430/432 Test #183: ep-engine_ep_unit_tests.PersistentAndEphemeral/StreamTest .....................................................................} ( http://cv.jenkins.couchbase.com/job/kv_engine-windows-master/44850/ )

http://cv.jenkins.couchbase.com/job/kv_engine-clang_analyzer-master/37671/ : SUCCESS

http://cv.jenkins.couchbase.com/job/kv_engine-clang_tidy-master/16262/ : SUCCESS

http://cv.jenkins.couchbase.com/job/kv_engine-clang_format_9/15195/ : SUCCESS

http://cv.jenkins.couchbase.com/job/kv_engine.aarch64-linux/job/master/5980/ : SUCCESS

http://cv.jenkins.couchbase.com/job/kv_engine.ASan-UBSan/job/master/26446/ : SUCCESS

http://cv.jenkins.couchbase.com/job/kv_engine.libFuzzer/job/master/5922/ : SUCCESS

http://cv.jenkins.couchbase.com/job/kv_engine.threadsanitizer/job/master/19070/ : SUCCESS

http://cv.jenkins.couchbase.com/job/kv_engine.linux-CE/job/master/18037/ : SUCCESS

http://cv.jenkins.couchbase.com/job/kv_engine.linux/job/master/18362/ : SUCCESS

http://cv.jenkins.couchbase.com/job/kv_engine.macos/job/master/17125/ : SUCCESS
----------------------------------------------------------------------------------------------------------------------
Author: Build Bot
Date: 2022-04-01 10:03:58.000000000
Message: 
Patch Set 2: Verified+1

Build Successful 

http://cv.jenkins.couchbase.com/job/kv_engine-clang_analyzer-master/37671/ : SUCCESS

http://cv.jenkins.couchbase.com/job/kv_engine-clang_tidy-master/16262/ : SUCCESS

http://cv.jenkins.couchbase.com/job/kv_engine-clang_format_9/15195/ : SUCCESS

http://cv.jenkins.couchbase.com/job/kv_engine.aarch64-linux/job/master/5980/ : SUCCESS

http://cv.jenkins.couchbase.com/job/kv_engine.ASan-UBSan/job/master/26446/ : SUCCESS

http://cv.jenkins.couchbase.com/job/kv_engine.libFuzzer/job/master/5922/ : SUCCESS

http://cv.jenkins.couchbase.com/job/kv_engine.threadsanitizer/job/master/19070/ : SUCCESS

http://cv.jenkins.couchbase.com/job/kv_engine.linux-CE/job/master/18037/ : SUCCESS

http://cv.jenkins.couchbase.com/job/kv_engine.linux/job/master/18362/ : SUCCESS

http://cv.jenkins.couchbase.com/job/kv_engine.macos/job/master/17125/ : SUCCESS

http://cv.jenkins.couchbase.com/job/kv_engine-windows-master/44861/ : SUCCESS
----------------------------------------------------------------------------------------------------------------------
Author: Dave Rigby
Date: 2022-04-01 14:05:28.000000000
Message: 
Patch Set 2: Code-Review+2
----------------------------------------------------------------------------------------------------------------------
