======================================================================================================================
DESCRIPTION:

Fix BasicClusterTest.Observe test case on s390x

Change-Id: Iccb11b52b57db95d476bf93d65f96eeb955acdaa

======================================================================================================================
COMMENTS
======================================================================================================================
Author: srajmane
Date: 2022-02-09 08:51:43.000000000
Message: 
Uploaded patch set 1.
----------------------------------------------------------------------------------------------------------------------
Author: Build Bot
Date: 2022-02-09 09:16:31.000000000
Message: 
Patch Set 1: Verified-1

Build Failed 

http://cv.jenkins.couchbase.com/job/kv_engine-windows-master/43690/ : FAILURE

Failure of an engine_testapp test:

<pre>
Running [0034/0159]: test access scanner settings...(186 ms) OK


99% tests passed, 1 tests failed out of 421

Total Test time (real) = 665.92 sec

The following tests FAIL
</pre>
 ( http://cv.jenkins.couchbase.com/job/kv_engine-windows-master/43690/ )

Timeout of a CTest test 421/421 Test #270: ep_testsuite.value_eviction.comp_passive ......................................................................................} ( http://cv.jenkins.couchbase.com/job/kv_engine-windows-master/43690/ )

http://cv.jenkins.couchbase.com/job/kv_engine-clang_format_9/14264/ : SUCCESS

http://cv.jenkins.couchbase.com/job/kv_engine-clang_tidy-master/15421/ : SUCCESS

http://cv.jenkins.couchbase.com/job/kv_engine-clang_analyzer-master/36863/ : SUCCESS

http://cv.jenkins.couchbase.com/job/kv_engine.libFuzzer/job/master/5069/ : SUCCESS

http://cv.jenkins.couchbase.com/job/kv_engine.threadsanitizer/job/master/18199/ : SUCCESS

http://cv.jenkins.couchbase.com/job/kv_engine.linux/job/master/17460/ : SUCCESS

http://cv.jenkins.couchbase.com/job/kv_engine.linux-CE/job/master/17150/ : SUCCESS

http://cv.jenkins.couchbase.com/job/kv_engine.macos/job/master/16238/ : SUCCESS

http://cv.jenkins.couchbase.com/job/kv_engine.ASan-UBSan/job/master/25558/ : SUCCESS

http://cv.jenkins.couchbase.com/job/kv_engine.aarch64-linux/job/master/5129/ : SUCCESS
----------------------------------------------------------------------------------------------------------------------
Author: Dave Rigby
Date: 2022-02-11 08:54:56.000000000
Message: 
Patch Set 1: Code-Review+2
----------------------------------------------------------------------------------------------------------------------
Author: Build Bot
Date: 2022-02-11 09:11:36.000000000
Message: 
Patch Set 1:

Build Failed 

http://cv.jenkins.couchbase.com/job/kv_engine-windows-master/43821/ : FAILURE

Timeout of a CTest test 421/421 Test #178: ep-engine_ep_unit_tests.PersistentAndEphemeral/StreamTest .....................................................................} ( http://cv.jenkins.couchbase.com/job/kv_engine-windows-master/43821/ )

http://cv.jenkins.couchbase.com/job/kv_engine-clang_format_9/14264/ : SUCCESS

http://cv.jenkins.couchbase.com/job/kv_engine-clang_tidy-master/15421/ : SUCCESS

http://cv.jenkins.couchbase.com/job/kv_engine-clang_analyzer-master/36863/ : SUCCESS

http://cv.jenkins.couchbase.com/job/kv_engine.libFuzzer/job/master/5069/ : SUCCESS

http://cv.jenkins.couchbase.com/job/kv_engine.threadsanitizer/job/master/18199/ : SUCCESS

http://cv.jenkins.couchbase.com/job/kv_engine.linux/job/master/17460/ : SUCCESS

http://cv.jenkins.couchbase.com/job/kv_engine.linux-CE/job/master/17150/ : SUCCESS

http://cv.jenkins.couchbase.com/job/kv_engine.macos/job/master/16238/ : SUCCESS

http://cv.jenkins.couchbase.com/job/kv_engine.ASan-UBSan/job/master/25558/ : SUCCESS

http://cv.jenkins.couchbase.com/job/kv_engine.aarch64-linux/job/master/5129/ : SUCCESS
----------------------------------------------------------------------------------------------------------------------
Author: Build Bot
Date: 2022-02-11 10:47:15.000000000
Message: 
Patch Set 1:

Build Failed 

http://cv.jenkins.couchbase.com/job/kv_engine-windows-master/43833/ : FAILURE

Failure of an engine_testapp test:

<pre>
Running [0008/0093]: test dcp noop failure...(48 ms) OK


99% tests passed, 1 tests failed out of 421

Total Test time (real) = 366.94 sec

The following tests FAIL
</pre>
 ( http://cv.jenkins.couchbase.com/job/kv_engine-windows-master/43833/ )

Timeout of a CTest test 421/421 Test #287: ep_testsuite_dcp.value_eviction.comp_active ...................................................................................} ( http://cv.jenkins.couchbase.com/job/kv_engine-windows-master/43833/ )

http://cv.jenkins.couchbase.com/job/kv_engine-clang_format_9/14264/ : SUCCESS

http://cv.jenkins.couchbase.com/job/kv_engine-clang_tidy-master/15421/ : SUCCESS

http://cv.jenkins.couchbase.com/job/kv_engine-clang_analyzer-master/36863/ : SUCCESS

http://cv.jenkins.couchbase.com/job/kv_engine.libFuzzer/job/master/5069/ : SUCCESS

http://cv.jenkins.couchbase.com/job/kv_engine.threadsanitizer/job/master/18199/ : SUCCESS

http://cv.jenkins.couchbase.com/job/kv_engine.linux/job/master/17460/ : SUCCESS

http://cv.jenkins.couchbase.com/job/kv_engine.linux-CE/job/master/17150/ : SUCCESS

http://cv.jenkins.couchbase.com/job/kv_engine.macos/job/master/16238/ : SUCCESS

http://cv.jenkins.couchbase.com/job/kv_engine.ASan-UBSan/job/master/25558/ : SUCCESS

http://cv.jenkins.couchbase.com/job/kv_engine.aarch64-linux/job/master/5129/ : SUCCESS
----------------------------------------------------------------------------------------------------------------------
Author: srajmane
Date: 2022-02-11 11:14:12.000000000
Message: 
Patch Set 1:

> Patch Set 1: Code-Review+2

Please re-trigger the job.
----------------------------------------------------------------------------------------------------------------------
Author: Build Bot
Date: 2022-02-11 11:38:14.000000000
Message: 
Patch Set 1:

Build Failed 

http://cv.jenkins.couchbase.com/job/kv_engine-windows-master/43840/ : FAILURE

Failure of an engine_testapp test:

<pre>
Running [0089/0159]: vbucket add (pending)...(68 ms) OK


99% tests passed, 2 tests failed out of 421

Total Test time (real) = 669.01 sec

The following tests FAIL
</pre>
 ( http://cv.jenkins.couchbase.com/job/kv_engine-windows-master/43840/ )

Timeout of a CTest test 420/421 Test #273: ep_testsuite.full_eviction.comp_active ........................................................................................} ( http://cv.jenkins.couchbase.com/job/kv_engine-windows-master/43840/ )

http://cv.jenkins.couchbase.com/job/kv_engine-clang_format_9/14264/ : SUCCESS

http://cv.jenkins.couchbase.com/job/kv_engine-clang_tidy-master/15421/ : SUCCESS

http://cv.jenkins.couchbase.com/job/kv_engine-clang_analyzer-master/36863/ : SUCCESS

http://cv.jenkins.couchbase.com/job/kv_engine.libFuzzer/job/master/5069/ : SUCCESS

http://cv.jenkins.couchbase.com/job/kv_engine.threadsanitizer/job/master/18199/ : SUCCESS

http://cv.jenkins.couchbase.com/job/kv_engine.linux/job/master/17460/ : SUCCESS

http://cv.jenkins.couchbase.com/job/kv_engine.linux-CE/job/master/17150/ : SUCCESS

http://cv.jenkins.couchbase.com/job/kv_engine.macos/job/master/16238/ : SUCCESS

http://cv.jenkins.couchbase.com/job/kv_engine.ASan-UBSan/job/master/25558/ : SUCCESS

http://cv.jenkins.couchbase.com/job/kv_engine.aarch64-linux/job/master/5129/ : SUCCESS
----------------------------------------------------------------------------------------------------------------------
Author: Build Bot
Date: 2022-02-15 13:35:55.000000000
Message: 
Patch Set 1: Verified+1

Build Successful 

http://cv.jenkins.couchbase.com/job/kv_engine-clang_format_9/14264/ : SUCCESS

http://cv.jenkins.couchbase.com/job/kv_engine-clang_tidy-master/15421/ : SUCCESS

http://cv.jenkins.couchbase.com/job/kv_engine-clang_analyzer-master/36863/ : SUCCESS

http://cv.jenkins.couchbase.com/job/kv_engine.libFuzzer/job/master/5069/ : SUCCESS

http://cv.jenkins.couchbase.com/job/kv_engine.threadsanitizer/job/master/18199/ : SUCCESS

http://cv.jenkins.couchbase.com/job/kv_engine.linux/job/master/17460/ : SUCCESS

http://cv.jenkins.couchbase.com/job/kv_engine.linux-CE/job/master/17150/ : SUCCESS

http://cv.jenkins.couchbase.com/job/kv_engine.macos/job/master/16238/ : SUCCESS

http://cv.jenkins.couchbase.com/job/kv_engine.ASan-UBSan/job/master/25558/ : SUCCESS

http://cv.jenkins.couchbase.com/job/kv_engine.aarch64-linux/job/master/5129/ : SUCCESS

http://cv.jenkins.couchbase.com/job/kv_engine-windows-master/43943/ : SUCCESS
----------------------------------------------------------------------------------------------------------------------
