======================================================================================================================
DESCRIPTION:

MB-50988: Limit compaction concurrency with LimitedConcurrencyTask

Identified during MB-49512, if a compaction task for a given vBucket
already is pending and is rescheduled (e.g. due to compaction being
scheduled for collection purge), then the Compaction concurrency limit
is not enforced.

An initial attempt was made to address this
(https://review.couchbase.org/c/kv_engine/+/170082), however this
exposed and magnified existing flaws in how we schedule Compaction
tasks - we can end up sleeping an already scheduled Compaction task
forever (when trying to limit concurrency). This results in compaction
never running for the affected vBuckets, which is particularly
problematic when cleaning up dropped collections - see MB-50941.

To simplify managing compaction tasks, separate concurrency limiting
from delay management.

CompactTasks now acquire tokens from a cb::AwaitableSemaphore, or will
snooze() if none are available. Once tokens are available, the task
will be notified to run immediately.

If compaction is requested with a delay, the task will initially sleep
until that time has passed, before attempting to acquire a token and
run.

Even if the task must snooze() until tokens are available, it will not
begin compacting until the desired start time has been reached.

This separation makes it simpler to reason about how many tasks can run
at once.

Change-Id: I9d56edd52fc3ffca45357f10eef29ca6e3cfcfde

======================================================================================================================
COMMENTS
======================================================================================================================
Author: James H
Date: 2022-03-09 17:52:34.000000000
Message: 
Uploaded patch set 9.
----------------------------------------------------------------------------------------------------------------------
Author: Build Bot
Date: 2022-03-09 18:30:38.000000000
Message: 
Patch Set 9: Verified-1

Build Failed 

http://cv.jenkins.couchbase.com/job/kv_engine-windows-neo/56/ : FAILURE

No problems were identified. If you know why this problem occurred, please add a suitable Cause for it. ( http://cv.jenkins.couchbase.com/job/kv_engine-windows-neo/56/ )

http://cv.jenkins.couchbase.com/job/kv_engine.macos/job/neo/49/ : FAILURE

Timeout of a CTest test [2022-03-09T18:08:40.464Z]  94/442 Test #280: ep_testsuite.full_eviction.comp_passive .....................................................................} ( http://cv.jenkins.couchbase.com/job/kv_engine.macos/job/neo/49/ )

http://cv.jenkins.couchbase.com/job/kv_engine.linux-CE/job/neo/48/ : FAILURE

Failure of an engine_testapp test:

<pre>
Running [103/159]: test multiple vb compactions with workload...WARNING: Logging before InitGoogleLogging() is written to STDERR
[2022-03-09T18:03:27.514Z] W0309 18:01:07.058264 62282 HazptrDomain.h:670] Using the default inline executor for asynchronous reclamation may be susceptible to deadlock if the current thread happens to hold a resource needed by the deleter of a reclaimable object
[2022-03-09T18:03:27.514Z] /usr/bin/timeout: the monitored command dumped core
[2022-03-09T18:03:27.514Z] 
[2022-03-09T18:03:27.514Z] 
[2022-03-09T18:03:27.514Z] 99% tests passed, 1 tests failed out of 422
[2022-03-09T18:03:27.514Z] 
[2022-03-09T18:03:27.514Z] Total Test time (real) = 321.01 sec
[2022-03-09T18:03:27.514Z] 
[2022-03-09T18:03:27.514Z] The following tests FAIL
</pre>
 ( http://cv.jenkins.couchbase.com/job/kv_engine.linux-CE/job/neo/48/ )

One of more core files found at the end of the build. Data for post-mortem saved to archived_core_dumps.tar.bz2 under "Build Artifacts". ( http://cv.jenkins.couchbase.com/job/kv_engine.linux-CE/job/neo/48/ )

Test exceeded the timeout:
[2022-03-09T18:03:27.514Z] /usr/bin/timeout: the monitored command dumped core ( http://cv.jenkins.couchbase.com/job/kv_engine.linux-CE/job/neo/48/ )

http://cv.jenkins.couchbase.com/job/kv_engine.aarch64-linux/job/neo/42/ : FAILURE

Failure of an engine_testapp test:

<pre>
Running [103/159]: test multiple vb compactions with workload...WARNING: Logging before InitGoogleLogging() is written to STDERR
[2022-03-09T18:11:21.067Z] W0309 10:08:53.587728 19510 HazptrDomain.h:670] Using the default inline executor for asynchronous reclamation may be susceptible to deadlock if the current thread happens to hold a resource needed by the deleter of a reclaimable object
[2022-03-09T18:11:21.067Z] /usr/bin/timeout: the monitored command dumped core
[2022-03-09T18:11:21.067Z] 
[2022-03-09T18:11:21.067Z] 
[2022-03-09T18:11:21.067Z] 99% tests passed, 1 tests failed out of 443
[2022-03-09T18:11:21.067Z] 
[2022-03-09T18:11:21.067Z] Total Test time (real) = 437.51 sec
[2022-03-09T18:11:21.067Z] 
[2022-03-09T18:11:21.067Z] The following tests FAIL
</pre>
 ( http://cv.jenkins.couchbase.com/job/kv_engine.aarch64-linux/job/neo/42/ )

Test exceeded the timeout:
[2022-03-09T18:11:21.067Z] /usr/bin/timeout: the monitored command dumped core ( http://cv.jenkins.couchbase.com/job/kv_engine.aarch64-linux/job/neo/42/ )

http://cv.jenkins.couchbase.com/job/kv_engine.threadsanitizer/job/neo/47/ : FAILURE

http://cv.jenkins.couchbase.com/job/kv_engine.linux/job/neo/47/ : FAILURE

No problems were identified. If you know why this problem occurred, please add a suitable Cause for it. ( http://cv.jenkins.couchbase.com/job/kv_engine.linux/job/neo/47/ )

http://cv.jenkins.couchbase.com/job/kv_engine-clang_format_9/14856/ : SUCCESS

http://cv.jenkins.couchbase.com/job/kv_engine-clang_analyzer-neo/47/ : SUCCESS

http://cv.jenkins.couchbase.com/job/kv_engine-clang_tidy-neo/48/ : SUCCESS

http://cv.jenkins.couchbase.com/job/kv_engine.libFuzzer/job/neo/48/ : SUCCESS

http://cv.jenkins.couchbase.com/job/kv_engine.ASan-UBSan/job/neo/48/ : SUCCESS
----------------------------------------------------------------------------------------------------------------------
Author: James H
Date: 2022-03-10 09:31:39.000000000
Message: 
Patch Set 9:

(1 comment)
File Comment: /PATCHSET_LEVEL -> Testing found an issue, addressed over in https://review.couchbase.org/c/platform/+/171998 then this should be happy in CV
----------------------------------------------------------------------------------------------------------------------
Author: James H
Date: 2022-03-10 09:32:32.000000000
Message: 
Patch Set 9:

(3 comments)
File Comment: /PATCHSET_LEVEL -> marking some old comments as done that I forgot when I addressed them.
----------------------------------------------------------------------------------------------------------------------
Author: Build Bot
Date: 2022-03-10 15:44:24.000000000
Message: 
Patch Set 9:

Build Failed 

http://cv.jenkins.couchbase.com/job/kv_engine-windows-neo/70/ : FAILURE

Failure of an engine_testapp test:

<pre>
Running [74/93]: test dcp early termination...W0310 07:36:31.972424 152176 HazptrDomain.h:670] Using the default inline executor for asynchronous reclamation may be susceptible to deadlock if the current thread happens to hold a resource needed by the deleter of a reclaimable object


99% tests passed, 1 tests failed out of 422

Total Test time (real) = 348.04 sec

The following tests FAIL
</pre>
 ( http://cv.jenkins.couchbase.com/job/kv_engine-windows-neo/70/ )

Timeout of a CTest test 422/422 Test #290: ep_testsuite_dcp.full_eviction.comp_active ....................................................................................} ( http://cv.jenkins.couchbase.com/job/kv_engine-windows-neo/70/ )

http://cv.jenkins.couchbase.com/job/kv_engine.linux-CE/job/neo/61/ : FAILURE

Failure of GoogleTest "TransportProtocols/XattrTest.mb25928_SystemCanExceedDocumentLimit/Mcbp_XattrYes_JsonYes_SnappyYes":

<pre>
[ RUN      ] TransportProtocols/XattrTest.mb25928_SystemCanExceedDocumentLimit/Mcbp_XattrYes_JsonYes_SnappyYes
[2022-03-10T15:32:57.956Z] /home/couchbase/jenkins/workspace/kv_engine.linux-CE_neo/kv_engine/tests/testapp/testapp_xattr.cc:1916: Failure
[2022-03-10T15:32:57.956Z] Value of: resp.isSuccess()
[2022-03-10T15:32:57.956Z]   Actual: false
[2022-03-10T15:32:57.956Z] Expected: true
[2022-03-10T15:32:57.956Z] Expected to be able to store system xattrs
[2022-03-10T15:32:57.956Z] [  FAILED  ] TransportProtocols/XattrTest.mb25928_SystemCanExceedDocumentLimit/Mcbp_XattrYes_JsonYes_SnappyYes, where GetParam() = (Mcbp, XattrYes, 4-byte object <00-00 00-00>, 4-byte object <00-00 00-00>) (149 ms)
TransportProtocols/XattrTest.mb25928_SystemCanExceedDocumentLimit/Mcbp_XattrYes_JsonYes_SnappyYes
</pre>
 ( http://cv.jenkins.couchbase.com/job/kv_engine.linux-CE/job/neo/61/ )

http://cv.jenkins.couchbase.com/job/kv_engine-clang_format_9/14881/ : SUCCESS

http://cv.jenkins.couchbase.com/job/kv_engine-clang_analyzer-neo/59/ : SUCCESS

http://cv.jenkins.couchbase.com/job/kv_engine-clang_tidy-neo/60/ : SUCCESS

http://cv.jenkins.couchbase.com/job/kv_engine.libFuzzer/job/neo/60/ : SUCCESS

http://cv.jenkins.couchbase.com/job/kv_engine.linux/job/neo/60/ : SUCCESS

http://cv.jenkins.couchbase.com/job/kv_engine.macos/job/neo/62/ : SUCCESS

http://cv.jenkins.couchbase.com/job/kv_engine.aarch64-linux/job/neo/54/ : SUCCESS

http://cv.jenkins.couchbase.com/job/kv_engine.threadsanitizer/job/neo/59/ : SUCCESS

http://cv.jenkins.couchbase.com/job/kv_engine.ASan-UBSan/job/neo/60/ : SUCCESS
----------------------------------------------------------------------------------------------------------------------
Author: Build Bot
Date: 2022-03-10 16:08:52.000000000
Message: 
Patch Set 9:

Build Failed 

http://cv.jenkins.couchbase.com/job/kv_engine-windows-neo/71/ : FAILURE

Failure of an engine_testapp test:

<pre>
Running [59/93]: test close stream...(43 ms) OK


99% tests passed, 1 tests failed out of 422

Total Test time (real) = 345.22 sec

The following tests FAIL
</pre>
 ( http://cv.jenkins.couchbase.com/job/kv_engine-windows-neo/71/ )

Timeout of a CTest test 422/422 Test #290: ep_testsuite_dcp.full_eviction.comp_active ....................................................................................} ( http://cv.jenkins.couchbase.com/job/kv_engine-windows-neo/71/ )

http://cv.jenkins.couchbase.com/job/kv_engine-clang_format_9/14881/ : SUCCESS

http://cv.jenkins.couchbase.com/job/kv_engine-clang_analyzer-neo/59/ : SUCCESS

http://cv.jenkins.couchbase.com/job/kv_engine-clang_tidy-neo/60/ : SUCCESS

http://cv.jenkins.couchbase.com/job/kv_engine.libFuzzer/job/neo/60/ : SUCCESS

http://cv.jenkins.couchbase.com/job/kv_engine.linux/job/neo/60/ : SUCCESS

http://cv.jenkins.couchbase.com/job/kv_engine.macos/job/neo/62/ : SUCCESS

http://cv.jenkins.couchbase.com/job/kv_engine.aarch64-linux/job/neo/54/ : SUCCESS

http://cv.jenkins.couchbase.com/job/kv_engine.threadsanitizer/job/neo/59/ : SUCCESS

http://cv.jenkins.couchbase.com/job/kv_engine.ASan-UBSan/job/neo/60/ : SUCCESS

http://cv.jenkins.couchbase.com/job/kv_engine.linux-CE/job/neo/62/ : SUCCESS
----------------------------------------------------------------------------------------------------------------------
Author: Dave Rigby
Date: 2022-03-10 16:15:11.000000000
Message: 
Patch Set 9: Code-Review+2
----------------------------------------------------------------------------------------------------------------------
Author: Build Bot
Date: 2022-03-10 16:30:51.000000000
Message: 
Patch Set 9: Verified+1

Build Successful 

http://cv.jenkins.couchbase.com/job/kv_engine-clang_format_9/14881/ : SUCCESS

http://cv.jenkins.couchbase.com/job/kv_engine-clang_analyzer-neo/59/ : SUCCESS

http://cv.jenkins.couchbase.com/job/kv_engine-clang_tidy-neo/60/ : SUCCESS

http://cv.jenkins.couchbase.com/job/kv_engine.libFuzzer/job/neo/60/ : SUCCESS

http://cv.jenkins.couchbase.com/job/kv_engine.linux/job/neo/60/ : SUCCESS

http://cv.jenkins.couchbase.com/job/kv_engine.macos/job/neo/62/ : SUCCESS

http://cv.jenkins.couchbase.com/job/kv_engine.aarch64-linux/job/neo/54/ : SUCCESS

http://cv.jenkins.couchbase.com/job/kv_engine.threadsanitizer/job/neo/59/ : SUCCESS

http://cv.jenkins.couchbase.com/job/kv_engine.ASan-UBSan/job/neo/60/ : SUCCESS

http://cv.jenkins.couchbase.com/job/kv_engine.linux-CE/job/neo/62/ : SUCCESS

http://cv.jenkins.couchbase.com/job/kv_engine-windows-neo/74/ : SUCCESS
----------------------------------------------------------------------------------------------------------------------
