======================================================================================================================
DESCRIPTION:

MB-50988: Limit compaction concurrency with LimitedConcurrencyTask

Separate responsibility for limiting CompactTask concurrency from
compaction delay management.

CompactTasks now acquire tokens from a cb::AwaitableSemaphore, or will
snooze() if none are available. Once tokens are available, the task
will be notified to run immediately.

If compaction is requested with a delay, the task will initially sleep
until that time has passed, before attempting to acquire a token and
run.

Even if the task must snooze() until tokens are available, it will not
begin compacting until the desired start time has been reached.

This separation makes it simpler to reason about how many tasks can run
at once.

Change-Id: I9d56edd52fc3ffca45357f10eef29ca6e3cfcfde

======================================================================================================================
COMMENTS
======================================================================================================================
Author: James H
Date: 2022-03-03 15:13:50.000000000
Message: 
Uploaded patch set 4.
----------------------------------------------------------------------------------------------------------------------
Author: Dave Rigby
Date: 2022-03-03 15:23:14.000000000
Message: 
Patch Set 4: Code-Review+2

(1 comment)
File Comment: /PATCHSET_LEVEL -> I have a patch in flight to merge the needed platform changes from platform/master into platform/neo...
----------------------------------------------------------------------------------------------------------------------
Author: Build Bot
Date: 2022-03-03 15:26:15.000000000
Message: 
Patch Set 4: Verified-1 Code-Review-1

Build Failed 

http://cv.jenkins.couchbase.com/job/kv_engine-clang_analyzer-neo/14/ : FAILURE

Compile error at /home/couchbase/jenkins/workspace/kv_engine-clang_analyzer-neo/kv_engine/engines/ep/src/limited_concurrency_task.h:15:10:
fatal error: "platform/awaitable_semaphore.h" file not found
 ( http://cv.jenkins.couchbase.com/job/kv_engine-clang_analyzer-neo/14/ )

http://cv.jenkins.couchbase.com/job/kv_engine-clang_tidy-neo/14/ : FAILURE

clang-tidy found the following problems:

<pre>
/home/couchbase/jenkins/workspace/kv_engine-clang_tidy-neo/kv_engine/engines/ep/src/limited_concurrency_task.h:15:10: error: "platform/awaitable_semaphore.h" file not found [clang-diagnostic-error]
#include <platform/awaitable_semaphore.h>
         ^

</pre> ( http://cv.jenkins.couchbase.com/job/kv_engine-clang_tidy-neo/14/ )

Compile error at /home/couchbase/jenkins/workspace/kv_engine-clang_tidy-neo/kv_engine/engines/ep/src/limited_concurrency_task.h:15:10:
error: "platform/awaitable_semaphore.h" file not found [clang-diagnostic-error]
 ( http://cv.jenkins.couchbase.com/job/kv_engine-clang_tidy-neo/14/ )

http://cv.jenkins.couchbase.com/job/kv_engine-windows-neo/17/ : FAILURE

Compile error at c:\jenkins\workspace\kv_engine-windows-neo\kv_engine\engines\ep\src\limited_concurrency_task.h(15): fatal error C1083: Cannot open include file: "platform/awaitable_semaphore.h": No such file or directory ( http://cv.jenkins.couchbase.com/job/kv_engine-windows-neo/17/ )

http://cv.jenkins.couchbase.com/job/kv_engine.macos/job/neo/15/ : FAILURE

Compile error at [2022-03-03T15:16:18.619Z] ../kv_engine/engines/ep/src/limited_concurrency_task.h:15:10:
fatal error: "platform/awaitable_semaphore.h" file not found
 ( http://cv.jenkins.couchbase.com/job/kv_engine.macos/job/neo/15/ )

http://cv.jenkins.couchbase.com/job/kv_engine.aarch64-linux/job/neo/9/ : FAILURE

Compile error at [2022-03-03T15:21:13.445Z] /home/couchbase/jenkins/workspace/kv_engine.aarch64-linux_neo/kv_engine/engines/ep/src/limited_concurrency_task.h:15:10:
fatal error: platform/awaitable_semaphore.h: No such file or directory
 ( http://cv.jenkins.couchbase.com/job/kv_engine.aarch64-linux/job/neo/9/ )

http://cv.jenkins.couchbase.com/job/kv_engine.threadsanitizer/job/neo/14/ : FAILURE

Compile error at [2022-03-03T15:23:42.685Z] ../kv_engine/engines/ep/src/limited_concurrency_task.h:15:10:
fatal error: "platform/awaitable_semaphore.h" file not found
 ( http://cv.jenkins.couchbase.com/job/kv_engine.threadsanitizer/job/neo/14/ )

http://cv.jenkins.couchbase.com/job/kv_engine.ASan-UBSan/job/neo/14/ : FAILURE

http://cv.jenkins.couchbase.com/job/kv_engine.libFuzzer/job/neo/14/ : FAILURE

Compile error at [2022-03-03T15:22:55.480Z] ../kv_engine/engines/ep/src/limited_concurrency_task.h:15:10:
fatal error: "platform/awaitable_semaphore.h" file not found
 ( http://cv.jenkins.couchbase.com/job/kv_engine.libFuzzer/job/neo/14/ )

http://cv.jenkins.couchbase.com/job/kv_engine.linux-CE/job/neo/14/ : FAILURE

Compile error at [2022-03-03T15:21:45.878Z] /home/couchbase/jenkins/workspace/kv_engine.linux-CE_neo/kv_engine/engines/ep/src/limited_concurrency_task.h:15:10:
fatal error: platform/awaitable_semaphore.h: No such file or directory
 ( http://cv.jenkins.couchbase.com/job/kv_engine.linux-CE/job/neo/14/ )

http://cv.jenkins.couchbase.com/job/kv_engine.linux/job/neo/14/ : FAILURE

Compile error at [2022-03-03T15:18:53.900Z] /home/couchbase/jenkins/workspace/kv_engine.linux_neo/kv_engine/engines/ep/src/limited_concurrency_task.h:15:10:
fatal error: platform/awaitable_semaphore.h: No such file or directory
 ( http://cv.jenkins.couchbase.com/job/kv_engine.linux/job/neo/14/ )

http://cv.jenkins.couchbase.com/job/kv_engine-clang_format_9/14750/ : SUCCESS
----------------------------------------------------------------------------------------------------------------------
Author: Build Bot
Date: 2022-03-03 17:01:52.000000000
Message: 
Patch Set 4: -Code-Review

Build Failed 

http://cv.jenkins.couchbase.com/job/kv_engine-windows-neo/22/ : FAILURE

Failure of GoogleTest "EPBucketTestNoRocksDb/EPBucketTestNoRocksDb.MB50555_ScheduleCompactionEnforceConcurrencyLimit/persistent_couchstore_value_only":

<pre>
[ RUN      ] EPBucketTestNoRocksDb/EPBucketTestNoRocksDb.MB50555_ScheduleCompactionEnforceConcurrencyLimit/persistent_couchstore_value_only
..\kv_engine\engines\ep\tests\module_tests\evp_store_test.cc(2173): error: Expected equality of these values:
  task_state_t::TASK_SNOOZED
    Which is: SNOOZED
  task2->getState()
    Which is: RUNNING
[  FAILED  ] EPBucketTestNoRocksDb/EPBucketTestNoRocksDb.MB50555_ScheduleCompactionEnforceConcurrencyLimit/persistent_couchstore_value_only, where GetParam() = "bucket_type=persistent:backend=couchstore:item_eviction_policy=value_only" (11 ms)
EPBucketTestNoRocksDb/EPBucketTestNoRocksDb.MB50555_ScheduleCompactionEnforceConcurrencyLimit/persistent_couchstore_value_only
</pre>
 ( http://cv.jenkins.couchbase.com/job/kv_engine-windows-neo/22/ )

Timeout of a CTest test 262/422 Test #128: ep-engine_ep_unit_tests.TaskConcurrencyTest ...................................................................................} ( http://cv.jenkins.couchbase.com/job/kv_engine-windows-neo/22/ )

http://cv.jenkins.couchbase.com/job/kv_engine.linux/job/neo/20/ : FAILURE

Failure of GoogleTest "EPBucketTestNoRocksDb/EPBucketTestNoRocksDb.MB50555_ScheduleCompactionEnforceConcurrencyLimit/persistent_couchstore_value_only":

<pre>
[ RUN      ] EPBucketTestNoRocksDb/EPBucketTestNoRocksDb.MB50555_ScheduleCompactionEnforceConcurrencyLimit/persistent_couchstore_value_only
[2022-03-03T16:30:18.662Z] ../kv_engine/engines/ep/tests/module_tests/evp_store_test.cc:2173: Failure
[2022-03-03T16:30:18.662Z] Expected equality of these values:
[2022-03-03T16:30:18.662Z]   task_state_t::TASK_SNOOZED
[2022-03-03T16:30:18.662Z]     Which is: SNOOZED
[2022-03-03T16:30:18.662Z]   task2->getState()
[2022-03-03T16:30:18.662Z]     Which is: RUNNING
[2022-03-03T16:30:18.662Z] [  FAILED  ] EPBucketTestNoRocksDb/EPBucketTestNoRocksDb.MB50555_ScheduleCompactionEnforceConcurrencyLimit/persistent_couchstore_value_only, where GetParam() = "bucket_type=persistent:backend=couchstore:item_eviction_policy=value_only" (2 ms)
EPBucketTestNoRocksDb/EPBucketTestNoRocksDb.MB50555_ScheduleCompactionEnforceConcurrencyLimit/persistent_couchstore_value_only
</pre>
 ( http://cv.jenkins.couchbase.com/job/kv_engine.linux/job/neo/20/ )

One of more core files found at the end of the build. Data for post-mortem saved to archived_core_dumps.tar.bz2 under "Build Artifacts". ( http://cv.jenkins.couchbase.com/job/kv_engine.linux/job/neo/20/ )

Timeout of a CTest test [2022-03-03T16:35:46.313Z] 442/442 Test #134: ep-engine_ep_unit_tests.TaskConcurrencyTest .................................................................} ( http://cv.jenkins.couchbase.com/job/kv_engine.linux/job/neo/20/ )

Test exceeded the timeout:
[2022-03-03T16:33:39.907Z] /usr/bin/timeout: the monitored command dumped core ( http://cv.jenkins.couchbase.com/job/kv_engine.linux/job/neo/20/ )

http://cv.jenkins.couchbase.com/job/kv_engine.threadsanitizer/job/neo/20/ : FAILURE

Failure of GoogleTest "EPBucketTestNoRocksDb/EPBucketTestNoRocksDb.MB50555_ScheduleCompactionEnforceConcurrencyLimit/persistent_couchstore_value_only":

<pre>
[ RUN      ] EPBucketTestNoRocksDb/EPBucketTestNoRocksDb.MB50555_ScheduleCompactionEnforceConcurrencyLimit/persistent_couchstore_value_only
[2022-03-03T16:53:04.069Z] ../kv_engine/engines/ep/tests/module_tests/evp_store_test.cc:2173: Failure
[2022-03-03T16:53:04.069Z] Expected equality of these values:
[2022-03-03T16:53:04.069Z]   task_state_t::TASK_SNOOZED
[2022-03-03T16:53:04.069Z]     Which is: SNOOZED
[2022-03-03T16:53:04.069Z]   task2->getState()
[2022-03-03T16:53:04.069Z]     Which is: RUNNING
[2022-03-03T16:53:04.069Z] [  FAILED  ] EPBucketTestNoRocksDb/EPBucketTestNoRocksDb.MB50555_ScheduleCompactionEnforceConcurrencyLimit/persistent_couchstore_value_only, where GetParam() = "bucket_type=persistent:backend=couchstore:item_eviction_policy=value_only" (59 ms)
EPBucketTestNoRocksDb/EPBucketTestNoRocksDb.MB50555_ScheduleCompactionEnforceConcurrencyLimit/persistent_couchstore_value_only
</pre>
 ( http://cv.jenkins.couchbase.com/job/kv_engine.threadsanitizer/job/neo/20/ )

http://cv.jenkins.couchbase.com/job/kv_engine.ASan-UBSan/job/neo/20/ : FAILURE

http://cv.jenkins.couchbase.com/job/kv_engine.linux-CE/job/neo/20/ : FAILURE

Failure of GoogleTest "EPBucketTestNoRocksDb/EPBucketTestNoRocksDb.MB50555_ScheduleCompactionEnforceConcurrencyLimit/persistent_couchstore_value_only":

<pre>
[ RUN      ] EPBucketTestNoRocksDb/EPBucketTestNoRocksDb.MB50555_ScheduleCompactionEnforceConcurrencyLimit/persistent_couchstore_value_only
[2022-03-03T16:34:40.331Z] ../kv_engine/engines/ep/tests/module_tests/evp_store_test.cc:2173: Failure
[2022-03-03T16:34:40.331Z] Expected equality of these values:
[2022-03-03T16:34:40.331Z]   task_state_t::TASK_SNOOZED
[2022-03-03T16:34:40.331Z]     Which is: SNOOZED
[2022-03-03T16:34:40.331Z]   task2->getState()
[2022-03-03T16:34:40.331Z]     Which is: RUNNING
[2022-03-03T16:34:40.331Z] [  FAILED  ] EPBucketTestNoRocksDb/EPBucketTestNoRocksDb.MB50555_ScheduleCompactionEnforceConcurrencyLimit/persistent_couchstore_value_only, where GetParam() = "bucket_type=persistent:backend=couchstore:item_eviction_policy=value_only" (2 ms)
EPBucketTestNoRocksDb/EPBucketTestNoRocksDb.MB50555_ScheduleCompactionEnforceConcurrencyLimit/persistent_couchstore_value_only
</pre>
 ( http://cv.jenkins.couchbase.com/job/kv_engine.linux-CE/job/neo/20/ )

Failure of an engine_testapp test:

<pre>
Running [102/159]: test multiple vb compactions...WARNING: Logging before InitGoogleLogging() is written to STDERR
[2022-03-03T16:40:16.633Z] W0303 16:38:02.862864 90633 HazptrDomain.h:670] Using the default inline executor for asynchronous reclamation may be susceptible to deadlock if the current thread happens to hold a resource needed by the deleter of a reclaimable object
[2022-03-03T16:40:16.633Z] /usr/bin/timeout: the monitored command dumped core
[2022-03-03T16:40:16.633Z] 
[2022-03-03T16:40:16.633Z] 
[2022-03-03T16:40:16.633Z] 99% tests passed, 3 tests failed out of 422
[2022-03-03T16:40:16.633Z] 
[2022-03-03T16:40:16.633Z] Total Test time (real) = 332.71 sec
[2022-03-03T16:40:16.633Z] 
[2022-03-03T16:40:16.633Z] The following tests FAIL
</pre>
 ( http://cv.jenkins.couchbase.com/job/kv_engine.linux-CE/job/neo/20/ )

One of more core files found at the end of the build. Data for post-mortem saved to archived_core_dumps.tar.bz2 under "Build Artifacts". ( http://cv.jenkins.couchbase.com/job/kv_engine.linux-CE/job/neo/20/ )

Timeout of a CTest test [2022-03-03T16:39:44.435Z] 421/422 Test #134: ep-engine_ep_unit_tests.TaskConcurrencyTest .................................................................} ( http://cv.jenkins.couchbase.com/job/kv_engine.linux-CE/job/neo/20/ )

Test exceeded the timeout:
[2022-03-03T16:40:16.633Z] /usr/bin/timeout: the monitored command dumped core ( http://cv.jenkins.couchbase.com/job/kv_engine.linux-CE/job/neo/20/ )

http://cv.jenkins.couchbase.com/job/kv_engine.aarch64-linux/job/neo/15/ : FAILURE

Failure of GoogleTest "EPBucketTestNoRocksDb/EPBucketTestNoRocksDb.MB50555_ScheduleCompactionEnforceConcurrencyLimit/persistent_couchstore_value_only":

<pre>
[ RUN      ] EPBucketTestNoRocksDb/EPBucketTestNoRocksDb.MB50555_ScheduleCompactionEnforceConcurrencyLimit/persistent_couchstore_value_only
[2022-03-03T16:09:00.060Z] ../kv_engine/engines/ep/tests/module_tests/evp_store_test.cc:2173: Failure
[2022-03-03T16:09:00.060Z] Expected equality of these values:
[2022-03-03T16:09:00.060Z]   task_state_t::TASK_SNOOZED
[2022-03-03T16:09:00.060Z]     Which is: SNOOZED
[2022-03-03T16:09:00.060Z]   task2->getState()
[2022-03-03T16:09:00.060Z]     Which is: RUNNING
[2022-03-03T16:09:00.060Z] [  FAILED  ] EPBucketTestNoRocksDb/EPBucketTestNoRocksDb.MB50555_ScheduleCompactionEnforceConcurrencyLimit/persistent_couchstore_value_only, where GetParam() = "bucket_type=persistent:backend=couchstore:item_eviction_policy=value_only" (2 ms)
EPBucketTestNoRocksDb/EPBucketTestNoRocksDb.MB50555_ScheduleCompactionEnforceConcurrencyLimit/persistent_couchstore_value_only
</pre>
 ( http://cv.jenkins.couchbase.com/job/kv_engine.aarch64-linux/job/neo/15/ )

Timeout of a CTest test [2022-03-03T16:14:16.461Z] 443/443 Test #134: ep-engine_ep_unit_tests.TaskConcurrencyTest .................................................................} ( http://cv.jenkins.couchbase.com/job/kv_engine.aarch64-linux/job/neo/15/ )

Test exceeded the timeout:
[2022-03-03T16:08:00.029Z] /usr/bin/timeout: the monitored command dumped core ( http://cv.jenkins.couchbase.com/job/kv_engine.aarch64-linux/job/neo/15/ )

http://cv.jenkins.couchbase.com/job/kv_engine.macos/job/neo/21/ : FAILURE

Failure of GoogleTest "EPBucketTestNoRocksDb/EPBucketTestNoRocksDb.MB50555_ScheduleCompactionEnforceConcurrencyLimit/persistent_couchstore_value_only":

<pre>
[ RUN      ] EPBucketTestNoRocksDb/EPBucketTestNoRocksDb.MB50555_ScheduleCompactionEnforceConcurrencyLimit/persistent_couchstore_value_only
[2022-03-03T16:04:42.921Z] ../kv_engine/engines/ep/tests/module_tests/evp_store_test.cc:2173: Failure
[2022-03-03T16:04:42.921Z] Expected equality of these values:
[2022-03-03T16:04:42.921Z]   task_state_t::TASK_SNOOZED
[2022-03-03T16:04:42.921Z]     Which is: SNOOZED
[2022-03-03T16:04:42.921Z]   task2->getState()
[2022-03-03T16:04:42.921Z]     Which is: RUNNING
[2022-03-03T16:04:42.921Z] [  FAILED  ] EPBucketTestNoRocksDb/EPBucketTestNoRocksDb.MB50555_ScheduleCompactionEnforceConcurrencyLimit/persistent_couchstore_value_only, where GetParam() = "bucket_type=persistent:backend=couchstore:item_eviction_policy=value_only" (6 ms)
EPBucketTestNoRocksDb/EPBucketTestNoRocksDb.MB50555_ScheduleCompactionEnforceConcurrencyLimit/persistent_couchstore_value_only
</pre>
 ( http://cv.jenkins.couchbase.com/job/kv_engine.macos/job/neo/21/ )

Timeout of a CTest test [2022-03-03T16:05:02.769Z] 210/442 Test #287: ep_testsuite.full_eviction.magma ............................................................................} ( http://cv.jenkins.couchbase.com/job/kv_engine.macos/job/neo/21/ )

http://cv.jenkins.couchbase.com/job/kv_engine-clang_format_9/14757/ : SUCCESS

http://cv.jenkins.couchbase.com/job/kv_engine-clang_analyzer-neo/20/ : SUCCESS

http://cv.jenkins.couchbase.com/job/kv_engine-clang_tidy-neo/20/ : SUCCESS

http://cv.jenkins.couchbase.com/job/kv_engine.libFuzzer/job/neo/20/ : SUCCESS
----------------------------------------------------------------------------------------------------------------------
