======================================================================================================================
DESCRIPTION:

MB-55557: CDC History scan requires a map of the open collections

With CDC enabled a collection drop doesn't currently have any ability
to fully purge the collection, if the dropped collection spans into
the history window, and the collection has historic data, the older
versions remain in the history window, yet the collection is deemed
dropped (it is no longer in open of dropped collection lists).

When the DCP backfill runs, it transmits these "logically deleted"
items as they are by the Collections::ScanContext logic "alive". This
causes an unknown collection error on the consumer.

The fix for this issue is to enhance the Collections::ScanContext class
so it can use both the set of dropped collections (required) and
optionally be given the set of open collections for deciding what items
are dropped.

The logic becomes:

1) If key@seqno is in the seqno range of dropped collections (and is
in the set of dropped collections) => isLogicallyDeleted is true

Else

2) If the object was created with the list of open collections, the
key@seqno is now checked to see if

2.1) Not in the set of open collections => isLogicallyDeleted is true
2.2) In the set of open collections and seqno < start-seqno
     => isLogicallyDeleted is true

Else the item is deemed alive (in the set and > start-seqno)

Change-Id: I6ccaa104fb30b88bc0adff6b0af96c69ea0f72cc

======================================================================================================================
COMMENTS
======================================================================================================================
Author: Jim Walker
Date: 2023-02-27 13:38:31.000000000
Message: 
Uploaded patch set 8.
----------------------------------------------------------------------------------------------------------------------
Author: Restriction Checker
Date: 2023-02-27 13:38:45.000000000
Message: 
Patch Set 8: Well-Formed+1

Permission granted to commit: 

https://server.jenkins.couchbase.com/job/restricted-branch-check/340337/artifact/restricted.html : SUCCESS
----------------------------------------------------------------------------------------------------------------------
Author: Dave Rigby
Date: 2023-02-27 13:55:30.000000000
Message: 
Patch Set 8: Code-Review+2
----------------------------------------------------------------------------------------------------------------------
Author: Jim Walker
Date: 2023-02-27 14:24:45.000000000
Message: 
Patch Set 8:

(3 comments)
----------------------------------------------------------------------------------------------------------------------
Author: Build Bot
Date: 2023-02-27 15:03:28.000000000
Message: 
Patch Set 8: Verified-1

Build Failed 

https://cv.jenkins.couchbase.com/job/kv_engine-windows-neo/1564/ : FAILURE

Failure of an engine_testapp test:

<pre>
Running [14/160]: test observe no data...(127 ms) OK


99% tests passed, 2 tests failed out of 434

Total Test time (real) = 710.95 sec

The following tests FAIL
</pre>
 ( https://cv.jenkins.couchbase.com/job/kv_engine-windows-neo/1564/ )

Timeout of a CTest test 433/434 Test #306: ep_testsuite_dcp.full_eviction.magma ..........................................................................................} ( https://cv.jenkins.couchbase.com/job/kv_engine-windows-neo/1564/ )

https://cv.jenkins.couchbase.com/job/kv_engine.ASan-UBSan/job/neo/1313/ : FAILURE

Failure of GoogleTest "TransportProtocols/InterfacesTest.Mcbp/Mcbp":

<pre>
[ RUN      ] TransportProtocols/InterfacesTest.Mcbp/Mcbp
[2023-02-27T15:00:23.786Z] unknown file: Failure
[2023-02-27T15:00:23.786Z] C++ exception with description "MemcachedConnection::recvFrame(): Timed out after waiting 2000ms for a response for IFCONFIG" thrown in the test body.
[2023-02-27T15:00:23.786Z] [  FAILED  ] TransportProtocols/InterfacesTest.Mcbp/Mcbp, where GetParam() = Mcbp (2013 ms)
TransportProtocols/InterfacesTest.Mcbp/Mcbp
</pre>
 ( https://cv.jenkins.couchbase.com/job/kv_engine.ASan-UBSan/job/neo/1313/ )

https://cv.jenkins.couchbase.com/job/kv_engine.macos/job/neo/1660/ : FAILURE

No problems were identified. If you know why this problem occurred, please add a suitable Cause for it. ( https://cv.jenkins.couchbase.com/job/kv_engine.macos/job/neo/1660/ )

https://cv.jenkins.couchbase.com/job/kv_engine-clang_tidy-neo/1285/ : SUCCESS

https://cv.jenkins.couchbase.com/job/kv_engine-clang_analyzer-neo/1239/ : SUCCESS

https://cv.jenkins.couchbase.com/job/kv_engine-clang_format_9/22996/ : SUCCESS

https://cv.jenkins.couchbase.com/job/kv_engine.threadsanitizer/job/neo/1312/ : SUCCESS

https://cv.jenkins.couchbase.com/job/kv_engine.linux-CE/job/neo/1317/ : SUCCESS

https://cv.jenkins.couchbase.com/job/kv_engine.linux/job/neo/1308/ : SUCCESS

https://cv.jenkins.couchbase.com/job/kv_engine.libFuzzer/job/neo/1277/ : SUCCESS

https://cv.jenkins.couchbase.com/job/kv_engine.aarch64-linux/job/neo/1322/ : SUCCESS
----------------------------------------------------------------------------------------------------------------------
Author: Build Bot
Date: 2023-02-27 16:02:38.000000000
Message: 
Patch Set 8:

Build Failed 

https://cv.jenkins.couchbase.com/job/kv_engine.ASan-UBSan/job/neo/1314/ : FAILURE

Timeout of a CTest test [2023-02-27T15:55:34.545Z]   6/436 Test #217: ep-engine_ep_unit_tests.NexusBackends/DurabilityEPBucketTest ................................................} ( https://cv.jenkins.couchbase.com/job/kv_engine.ASan-UBSan/job/neo/1314/ )

https://cv.jenkins.couchbase.com/job/kv_engine.macos/job/neo/1660/ : FAILURE

No problems were identified. If you know why this problem occurred, please add a suitable Cause for it. ( https://cv.jenkins.couchbase.com/job/kv_engine.macos/job/neo/1660/ )

https://cv.jenkins.couchbase.com/job/kv_engine-windows-neo/1565/ : FAILURE

Failure of an engine_testapp test:

<pre>
Running [104/160]: test async vbucket destroy...(50 ms) OK


99% tests passed, 1 tests failed out of 434

Total Test time (real) = 685.80 sec

The following tests FAIL
</pre>
 ( https://cv.jenkins.couchbase.com/job/kv_engine-windows-neo/1565/ )

Timeout of a CTest test 434/434 Test #284: ep_testsuite.value_eviction.comp_active .......................................................................................} ( https://cv.jenkins.couchbase.com/job/kv_engine-windows-neo/1565/ )

https://cv.jenkins.couchbase.com/job/kv_engine-clang_tidy-neo/1285/ : SUCCESS

https://cv.jenkins.couchbase.com/job/kv_engine-clang_analyzer-neo/1239/ : SUCCESS

https://cv.jenkins.couchbase.com/job/kv_engine-clang_format_9/22996/ : SUCCESS

https://cv.jenkins.couchbase.com/job/kv_engine.threadsanitizer/job/neo/1312/ : SUCCESS

https://cv.jenkins.couchbase.com/job/kv_engine.linux-CE/job/neo/1317/ : SUCCESS

https://cv.jenkins.couchbase.com/job/kv_engine.linux/job/neo/1308/ : SUCCESS

https://cv.jenkins.couchbase.com/job/kv_engine.libFuzzer/job/neo/1277/ : SUCCESS

https://cv.jenkins.couchbase.com/job/kv_engine.aarch64-linux/job/neo/1322/ : SUCCESS
----------------------------------------------------------------------------------------------------------------------
Author: Build Bot
Date: 2023-02-27 16:39:20.000000000
Message: 
Patch Set 8:

Build Failed 

https://cv.jenkins.couchbase.com/job/kv_engine.ASan-UBSan/job/neo/1315/ : FAILURE

Failure of GoogleTest "TransportProtocols/InterfacesTest.Mcbp/Mcbp":

<pre>
[ RUN      ] TransportProtocols/InterfacesTest.Mcbp/Mcbp
[2023-02-27T16:27:40.518Z] unknown file: Failure
[2023-02-27T16:27:40.518Z] C++ exception with description "MemcachedConnection::recvFrame(): Timed out after waiting 2000ms for a response for IFCONFIG" thrown in the test body.
[2023-02-27T16:27:40.518Z] [  FAILED  ] TransportProtocols/InterfacesTest.Mcbp/Mcbp, where GetParam() = Mcbp (2016 ms)
TransportProtocols/InterfacesTest.Mcbp/Mcbp
</pre>
 ( https://cv.jenkins.couchbase.com/job/kv_engine.ASan-UBSan/job/neo/1315/ )

Timeout of a CTest test [2023-02-27T16:21:00.568Z]   4/436 Test #217: ep-engine_ep_unit_tests.NexusBackends/DurabilityEPBucketTest ................................................} ( https://cv.jenkins.couchbase.com/job/kv_engine.ASan-UBSan/job/neo/1315/ )

https://cv.jenkins.couchbase.com/job/kv_engine-clang_tidy-neo/1286/ : SUCCESS

https://cv.jenkins.couchbase.com/job/kv_engine-clang_analyzer-neo/1240/ : SUCCESS

https://cv.jenkins.couchbase.com/job/kv_engine-clang_format_9/23000/ : SUCCESS

https://cv.jenkins.couchbase.com/job/kv_engine.threadsanitizer/job/neo/1313/ : SUCCESS

https://cv.jenkins.couchbase.com/job/kv_engine.linux-CE/job/neo/1318/ : SUCCESS

https://cv.jenkins.couchbase.com/job/kv_engine.linux/job/neo/1310/ : SUCCESS

https://cv.jenkins.couchbase.com/job/kv_engine.libFuzzer/job/neo/1278/ : SUCCESS

https://cv.jenkins.couchbase.com/job/kv_engine.macos/job/neo/1661/ : SUCCESS

https://cv.jenkins.couchbase.com/job/kv_engine.aarch64-linux/job/neo/1323/ : SUCCESS

https://cv.jenkins.couchbase.com/job/kv_engine-windows-neo/1566/ : SUCCESS
----------------------------------------------------------------------------------------------------------------------
Author: Jim Walker
Date: 2023-02-27 19:46:24.000000000
Message: 
Patch Set 8: Verified+1
----------------------------------------------------------------------------------------------------------------------
Author: Jim Walker
Date: 2023-02-27 19:46:26.000000000
Message: 
Removed Verified-1 by <GERRIT_ACCOUNT_1000011>

----------------------------------------------------------------------------------------------------------------------
