======================================================================================================================
DESCRIPTION:

Add test

Change-Id: I21f80b72da83245c2f7d24ce63617184efbb6713

======================================================================================================================
COMMENTS
======================================================================================================================
Author: Richard de Mellow
Date: 2021-06-28 14:52:27.000000000
Message: 
Uploaded patch set 1.
----------------------------------------------------------------------------------------------------------------------
Author: Build Bot
Date: 2021-06-28 15:56:18.000000000
Message: 
Patch Set 1: Verified-1

Build Failed 

http://cv.jenkins.couchbase.com/job/kv_engine-windows-master/37389/ : FAILURE

Failure of an engine_testapp test:

<pre>
Running [0001/0096]: test open consumer.....\kv_engine\engines\ep\tests\ep_testsuite_dcp.cc:1409 Test failed: `" (Expected `0" to be less than `0" - New dcp stream is not newer)
(123 ms) FAIL
</pre>
 ( http://cv.jenkins.couchbase.com/job/kv_engine-windows-master/37389/ )

Failure of GoogleTest "AllBucketTypes/DurabilityPassiveStreamTest.SeqnoAckAtSnapshotEndReceived/persistent_full_eviction":

<pre>
[ RUN      ] AllBucketTypes/DurabilityPassiveStreamTest.SeqnoAckAtSnapshotEndReceived/persistent_full_eviction
..\kv_engine\engines\ep\tests\module_tests\evp_store_single_threaded_test.cc(133): error: Expected equality of these values:
  MoreAvailable::No
    Which is: 1-byte object <00>
  res.moreAvailable
    Which is: 1-byte object <01>
[  FAILED  ] AllBucketTypes/DurabilityPassiveStreamTest.SeqnoAckAtSnapshotEndReceived/persistent_full_eviction, where GetParam() = ("persistent", "full_eviction") (15 ms)
AllBucketTypes/DurabilityPassiveStreamTest.SeqnoAckAtSnapshotEndReceived/persistent_full_eviction
</pre>
 ( http://cv.jenkins.couchbase.com/job/kv_engine-windows-master/37389/ )

Timeout of a CTest test 263/403 Test #263: ep_testsuite_dcp.value_eviction.comp_passive ..................................................................................} ( http://cv.jenkins.couchbase.com/job/kv_engine-windows-master/37389/ )

http://cv.jenkins.couchbase.com/job/kv_engine.linux-CE/job/master/11858/ : FAILURE

Failure of an engine_testapp test:

<pre>
Running [0005/0017]: DCP latency (Padded JSON)...
[2021-06-28T15:27:03.220Z] 
[2021-06-28T15:27:03.220Z] === DCP In-memory (JSON-PADDED) [As_is vs. Compress] KB Rcvd. - 50 items (KB)=========Size====================================================================================
[2021-06-28T15:27:03.220Z] 
[2021-06-28T15:27:03.220Z]                                 Percentile           
[2021-06-28T15:27:03.220Z]                          Median     95th     99th  Std Dev  Histogram of samples
[2021-06-28T15:27:03.220Z] 
[2021-06-28T15:27:03.220Z] As_is                     0.325    0.545    0.565    0.146  ????????????????????????????????
[2021-06-28T15:27:03.220Z] Compress                  0.073    0.083    0.083    0.007  ????????????????????????????????
[2021-06-28T15:27:03.220Z]                                                             0              KB              0
[2021-06-28T15:27:03.220Z] 
[2021-06-28T15:27:03.220Z] ========================================================================================= DCP In-memory (JSON-PADDED) [As_is vs. Compress] Latency - 50 items(�s)============Latency=================================================================================
[2021-06-28T15:27:03.220Z] 
[2021-06-28T15:27:03.220Z]                                 Percentile           
[2021-06-28T15:27:03.220Z]                          Median     95th     99th  Std Dev  Histogram of samples
[2021-06-28T15:27:03.220Z] 
[2021-06-28T15:27:03.220Z] As_is                   334.394  426.184  435.859  104.795  ????????????????????????????????
[2021-06-28T15:27:03.220Z] Compress                543.627  587.407  600.139   45.620  ????????????????????????????????
[2021-06-28T15:27:03.220Z]                                                             150            �s            587
[2021-06-28T15:27:03.220Z] 
[2021-06-28T15:27:03.220Z] 
[2021-06-28T15:27:03.220Z] 
[2021-06-28T15:27:03.220Z] WARNING: Logging before InitGoogleLogging() is written to STDERR
[2021-06-28T15:27:03.220Z] W0628 15:22:28.597640 116799 HazptrDomain.h:671] Using the default inline executor for asynchronous reclamation may be susceptible to deadlock if the current thread happens to hold a resource needed by the deleter of a reclaimable object
[2021-06-28T15:27:03.220Z] 
[2021-06-28T15:27:03.220Z] 
[2021-06-28T15:27:03.220Z] 98% tests passed, 10 tests failed out of 409
[2021-06-28T15:27:03.220Z] 
[2021-06-28T15:27:03.220Z] Total Test time (real) = 1789.07 sec
[2021-06-28T15:27:03.220Z] 
[2021-06-28T15:27:03.220Z] The following tests FAIL
</pre>
 ( http://cv.jenkins.couchbase.com/job/kv_engine.linux-CE/job/master/11858/ )

One of more core files found at the end of the build. Data for post-mortem saved to archived_core_dumps.tar.bz2 under "Build Artifacts". ( http://cv.jenkins.couchbase.com/job/kv_engine.linux-CE/job/master/11858/ )

Timeout of a CTest test [2021-06-28T15:27:03.219Z] 408/409 Test #290: ep_perfsuite.value_eviction .................................................................................} ( http://cv.jenkins.couchbase.com/job/kv_engine.linux-CE/job/master/11858/ )

Test exceeded the timeout:
[2021-06-28T15:01:12.004Z] Running [0001/0096]: test open consumer.../usr/bin/timeout: the monitored command dumped core ( http://cv.jenkins.couchbase.com/job/kv_engine.linux-CE/job/master/11858/ )

http://cv.jenkins.couchbase.com/job/kv_engine.macos/job/master/10939/ : FAILURE

Failure of an engine_testapp test:

<pre>
Running [0005/0017]: DCP latency (Padded JSON)...
[2021-06-28T15:41:19.550Z] 
[2021-06-28T15:41:19.550Z] === DCP In-memory (JSON-PADDED) [As_is vs. Compress] KB Rcvd. - 50 items (KB)=========Size====================================================================================
[2021-06-28T15:41:19.550Z] 
[2021-06-28T15:41:19.550Z]                                 Percentile           
[2021-06-28T15:41:19.550Z]                          Median     95th     99th  Std Dev  Histogram of samples
[2021-06-28T15:41:19.550Z] 
[2021-06-28T15:41:19.550Z] As_is                     0.325    0.545    0.565    0.146  ????????????????????????????????
[2021-06-28T15:41:19.550Z] Compress                  0.073    0.083    0.083    0.007  ????????????????????????????????
[2021-06-28T15:41:19.550Z]                                                             0              KB              0
[2021-06-28T15:41:19.550Z] 
[2021-06-28T15:41:19.550Z] ========================================================================================= DCP In-memory (JSON-PADDED) [As_is vs. Compress] Latency - 50 items(�s)============Latency=================================================================================
[2021-06-28T15:41:19.550Z] 
[2021-06-28T15:41:19.550Z]                                 Percentile           
[2021-06-28T15:41:19.550Z]                          Median     95th     99th  Std Dev  Histogram of samples
[2021-06-28T15:41:19.550Z] 
[2021-06-28T15:41:19.550Z] As_is                   211.454  492.308  520.801  128.054  ????????????????????????????????
[2021-06-28T15:41:19.550Z] Compress                166.132  283.766  347.509   59.714  ????????????????????????????????
[2021-06-28T15:41:19.550Z]                                                             80             �s            492
[2021-06-28T15:41:19.550Z] 
[2021-06-28T15:41:19.550Z] 
[2021-06-28T15:41:19.550Z] 
[2021-06-28T15:41:19.550Z] 
[2021-06-28T15:41:19.550Z] 
[2021-06-28T15:41:19.550Z] 97% tests passed, 12 tests failed out of 422
[2021-06-28T15:41:19.550Z] 
[2021-06-28T15:41:19.550Z] Total Test time (real) = 2482.65 sec
[2021-06-28T15:41:19.550Z] 
[2021-06-28T15:41:19.550Z] The following tests FAIL
</pre>
 ( http://cv.jenkins.couchbase.com/job/kv_engine.macos/job/master/10939/ )

Timeout of a CTest test [2021-06-28T15:41:19.549Z] 421/422 Test #303: ep_perfsuite.value_eviction .................................................................................} ( http://cv.jenkins.couchbase.com/job/kv_engine.macos/job/master/10939/ )

http://cv.jenkins.couchbase.com/job/kv_engine.threadsanitizer/job/master/12340/ : FAILURE

ThreadSanitizer issue: heap-use-after-free (/opt/gcc-10.2.0/lib64/libtsan.so.0+0x3bf9a) in pthread_mutex_unlock  ( http://cv.jenkins.couchbase.com/job/kv_engine.threadsanitizer/job/master/12340/ )

http://cv.jenkins.couchbase.com/job/kv_engine.linux/job/master/12009/ : FAILURE

Failure of an engine_testapp test:

<pre>
Running [0005/0017]: DCP latency (Padded JSON)...
[2021-06-28T15:41:58.817Z] 
[2021-06-28T15:41:58.817Z] === DCP In-memory (JSON-PADDED) [As_is vs. Compress] KB Rcvd. - 50 items (KB)=========Size====================================================================================
[2021-06-28T15:41:58.817Z] 
[2021-06-28T15:41:58.817Z]                                 Percentile           
[2021-06-28T15:41:58.817Z]                          Median     95th     99th  Std Dev  Histogram of samples
[2021-06-28T15:41:58.817Z] 
[2021-06-28T15:41:58.817Z] As_is                     0.325    0.545    0.565    0.146  ????????????????????????????????
[2021-06-28T15:41:58.817Z] Compress                  0.073    0.083    0.083    0.007  ????????????????????????????????
[2021-06-28T15:41:58.817Z]                                                             0              KB              0
[2021-06-28T15:41:58.817Z] 
[2021-06-28T15:41:58.817Z] ========================================================================================= DCP In-memory (JSON-PADDED) [As_is vs. Compress] Latency - 50 items(�s)============Latency=================================================================================
[2021-06-28T15:41:58.817Z] 
[2021-06-28T15:41:58.817Z]                                 Percentile           
[2021-06-28T15:41:58.817Z]                          Median     95th     99th  Std Dev  Histogram of samples
[2021-06-28T15:41:58.817Z] 
[2021-06-28T15:41:58.817Z] As_is                   349.024  851.840  863.263  216.764  ????????????????????????????????
[2021-06-28T15:41:58.817Z] Compress                286.993  351.075  366.191   45.997  ????????????????????????????????
[2021-06-28T15:41:58.817Z]                                                             150            �s            851
[2021-06-28T15:41:58.817Z] 
[2021-06-28T15:41:58.817Z] 
[2021-06-28T15:41:58.817Z] 
[2021-06-28T15:41:58.817Z] WARNING: Logging before InitGoogleLogging() is written to STDERR
[2021-06-28T15:41:58.817Z] W0628 15:37:26.666481 90681 HazptrDomain.h:671] Using the default inline executor for asynchronous reclamation may be susceptible to deadlock if the current thread happens to hold a resource needed by the deleter of a reclaimable object
[2021-06-28T15:41:58.817Z] 
[2021-06-28T15:41:58.817Z] 
[2021-06-28T15:41:58.817Z] 97% tests passed, 12 tests failed out of 422
[2021-06-28T15:41:58.817Z] 
[2021-06-28T15:41:58.817Z] Total Test time (real) = 2003.74 sec
[2021-06-28T15:41:58.817Z] 
[2021-06-28T15:41:58.817Z] The following tests FAIL
</pre>
 ( http://cv.jenkins.couchbase.com/job/kv_engine.linux/job/master/12009/ )

One of more core files found at the end of the build. Data for post-mortem saved to archived_core_dumps.tar.bz2 under "Build Artifacts". ( http://cv.jenkins.couchbase.com/job/kv_engine.linux/job/master/12009/ )

Timeout of a CTest test [2021-06-28T15:41:55.538Z] 421/422 Test #303: ep_perfsuite.value_eviction .................................................................................} ( http://cv.jenkins.couchbase.com/job/kv_engine.linux/job/master/12009/ )

Test exceeded the timeout:
[2021-06-28T15:12:41.226Z] Running [0001/0096]: test open consumer.../usr/bin/timeout: the monitored command dumped core ( http://cv.jenkins.couchbase.com/job/kv_engine.linux/job/master/12009/ )

http://cv.jenkins.couchbase.com/job/kv_engine.ASan-UBSan/job/master/19901/ : FAILURE

http://cv.jenkins.couchbase.com/job/kv_engine-clang_tidy-master/10288/ : SUCCESS

http://cv.jenkins.couchbase.com/job/kv_engine-clang_analyzer-master/31888/ : SUCCESS

http://cv.jenkins.couchbase.com/job/kv_engine-clang_format_9/8890/ : SUCCESS
----------------------------------------------------------------------------------------------------------------------
