======================================================================================================================
DESCRIPTION:

Add test

Change-Id: I21f80b72da83245c2f7d24ce63617184efbb6713

======================================================================================================================
COMMENTS
======================================================================================================================
Author: Richard de Mellow
Date: 2021-06-28 15:44:25.000000000
Message: 
Uploaded patch set 2.
----------------------------------------------------------------------------------------------------------------------
Author: Build Bot
Date: 2021-06-28 18:14:12.000000000
Message: 
Patch Set 2: Verified-1

Build Failed 

http://cv.jenkins.couchbase.com/job/kv_engine-windows-master/37391/ : FAILURE

Failure of an engine_testapp test:

<pre>
Running [0001/0096]: test open consumer.....\kv_engine\engines\ep\tests\ep_testsuite_dcp.cc:1409 Test failed: `" (Expected `0" to be less than `0" - New dcp stream is not newer)
(104 ms) FAIL
</pre>
 ( http://cv.jenkins.couchbase.com/job/kv_engine-windows-master/37391/ )

Timeout of a CTest test 263/403 Test #263: ep_testsuite_dcp.value_eviction.comp_passive ..................................................................................} ( http://cv.jenkins.couchbase.com/job/kv_engine-windows-master/37391/ )

http://cv.jenkins.couchbase.com/job/kv_engine.linux/job/master/12011/ : FAILURE

Failure of an engine_testapp test:

<pre>
Running [0005/0017]: DCP latency (Padded JSON)...
[2021-06-28T16:24:35.378Z] 
[2021-06-28T16:24:35.378Z] === DCP In-memory (JSON-PADDED) [As_is vs. Compress] KB Rcvd. - 50 items (KB)=========Size====================================================================================
[2021-06-28T16:24:35.378Z] 
[2021-06-28T16:24:35.378Z]                                 Percentile           
[2021-06-28T16:24:35.378Z]                          Median     95th     99th  Std Dev  Histogram of samples
[2021-06-28T16:24:35.378Z] 
[2021-06-28T16:24:35.378Z] As_is                     0.325    0.545    0.565    0.146  ????????????????????????????????
[2021-06-28T16:24:35.378Z] Compress                  0.073    0.083    0.083    0.007  ????????????????????????????????
[2021-06-28T16:24:35.378Z]                                                             0              KB              0
[2021-06-28T16:24:35.378Z] 
[2021-06-28T16:24:35.378Z] ========================================================================================= DCP In-memory (JSON-PADDED) [As_is vs. Compress] Latency - 50 items(�s)============Latency=================================================================================
[2021-06-28T16:24:35.378Z] 
[2021-06-28T16:24:35.378Z]                                 Percentile           
[2021-06-28T16:24:35.378Z]                          Median     95th     99th  Std Dev  Histogram of samples
[2021-06-28T16:24:35.378Z] 
[2021-06-28T16:24:35.378Z] As_is                   275.877  496.635  622.153  108.610  ????????????????????????????????
[2021-06-28T16:24:35.378Z] Compress                300.888  447.630  460.738   80.583  ????????????????????????????????
[2021-06-28T16:24:35.378Z]                                                             119            �s            496
[2021-06-28T16:24:35.378Z] 
[2021-06-28T16:24:35.378Z] 
[2021-06-28T16:24:35.378Z] 
[2021-06-28T16:24:35.378Z] WARNING: Logging before InitGoogleLogging() is written to STDERR
[2021-06-28T16:24:35.378Z] W0628 16:20:01.443825 71347 HazptrDomain.h:671] Using the default inline executor for asynchronous reclamation may be susceptible to deadlock if the current thread happens to hold a resource needed by the deleter of a reclaimable object
[2021-06-28T16:24:35.378Z] 
[2021-06-28T16:24:35.378Z] 
[2021-06-28T16:24:35.378Z] 97% tests passed, 12 tests failed out of 422
[2021-06-28T16:24:35.378Z] 
[2021-06-28T16:24:35.378Z] Total Test time (real) = 1833.16 sec
[2021-06-28T16:24:35.378Z] 
[2021-06-28T16:24:35.378Z] The following tests FAIL
</pre>
 ( http://cv.jenkins.couchbase.com/job/kv_engine.linux/job/master/12011/ )

One of more core files found at the end of the build. Data for post-mortem saved to archived_core_dumps.tar.bz2 under "Build Artifacts". ( http://cv.jenkins.couchbase.com/job/kv_engine.linux/job/master/12011/ )

Timeout of a CTest test [2021-06-28T16:24:32.857Z] 421/422 Test #303: ep_perfsuite.value_eviction .................................................................................} ( http://cv.jenkins.couchbase.com/job/kv_engine.linux/job/master/12011/ )

Test exceeded the timeout:
[2021-06-28T15:58:03.773Z] Running [0001/0096]: test open consumer.../usr/bin/timeout: the monitored command dumped core ( http://cv.jenkins.couchbase.com/job/kv_engine.linux/job/master/12011/ )

http://cv.jenkins.couchbase.com/job/kv_engine.linux-CE/job/master/11860/ : FAILURE

Failure of an engine_testapp test:

<pre>
Running [0005/0017]: DCP latency (Padded JSON)...
[2021-06-28T16:19:24.592Z] 
[2021-06-28T16:19:24.592Z] === DCP In-memory (JSON-PADDED) [As_is vs. Compress] KB Rcvd. - 50 items (KB)=========Size====================================================================================
[2021-06-28T16:19:24.592Z] 
[2021-06-28T16:19:24.592Z]                                 Percentile           
[2021-06-28T16:19:24.592Z]                          Median     95th     99th  Std Dev  Histogram of samples
[2021-06-28T16:19:24.592Z] 
[2021-06-28T16:19:24.592Z] As_is                     0.325    0.545    0.565    0.146  ????????????????????????????????
[2021-06-28T16:19:24.592Z] Compress                  0.073    0.083    0.083    0.007  ????????????????????????????????
[2021-06-28T16:19:24.592Z]                                                             0              KB              0
[2021-06-28T16:19:24.592Z] 
[2021-06-28T16:19:24.592Z] ========================================================================================= DCP In-memory (JSON-PADDED) [As_is vs. Compress] Latency - 50 items(�s)============Latency=================================================================================
[2021-06-28T16:19:24.592Z] 
[2021-06-28T16:19:24.592Z]                                 Percentile           
[2021-06-28T16:19:24.592Z]                          Median     95th     99th  Std Dev  Histogram of samples
[2021-06-28T16:19:24.592Z] 
[2021-06-28T16:19:24.592Z] As_is           (x1e3)    1.089    1.165    1.182    0.139  ????????????????????????????????
[2021-06-28T16:19:24.592Z] Compress                636.606  792.780  818.444  145.784  ????????????????????????????????
[2021-06-28T16:19:24.592Z]                                                             358            �s           1165
[2021-06-28T16:19:24.592Z] 
[2021-06-28T16:19:24.592Z] 
[2021-06-28T16:19:24.592Z] 
[2021-06-28T16:19:24.593Z] WARNING: Logging before InitGoogleLogging() is written to STDERR
[2021-06-28T16:19:24.593Z] W0628 16:14:47.712441 96786 HazptrDomain.h:671] Using the default inline executor for asynchronous reclamation may be susceptible to deadlock if the current thread happens to hold a resource needed by the deleter of a reclaimable object
[2021-06-28T16:19:24.593Z] 
[2021-06-28T16:19:24.593Z] 
[2021-06-28T16:19:24.593Z] 98% tests passed, 10 tests failed out of 409
[2021-06-28T16:19:24.593Z] 
[2021-06-28T16:19:24.593Z] Total Test time (real) = 1797.35 sec
[2021-06-28T16:19:24.593Z] 
[2021-06-28T16:19:24.593Z] The following tests FAIL
</pre>
 ( http://cv.jenkins.couchbase.com/job/kv_engine.linux-CE/job/master/11860/ )

One of more core files found at the end of the build. Data for post-mortem saved to archived_core_dumps.tar.bz2 under "Build Artifacts". ( http://cv.jenkins.couchbase.com/job/kv_engine.linux-CE/job/master/11860/ )

Timeout of a CTest test [2021-06-28T16:19:24.592Z] 408/409 Test #290: ep_perfsuite.value_eviction .................................................................................} ( http://cv.jenkins.couchbase.com/job/kv_engine.linux-CE/job/master/11860/ )

Test exceeded the timeout:
[2021-06-28T15:53:32.315Z] Running [0001/0096]: test open consumer.../usr/bin/timeout: the monitored command dumped core ( http://cv.jenkins.couchbase.com/job/kv_engine.linux-CE/job/master/11860/ )

http://cv.jenkins.couchbase.com/job/kv_engine.macos/job/master/10941/ : FAILURE

Failure of an engine_testapp test:

<pre>
Running [0005/0017]: DCP latency (Padded JSON)...
[2021-06-28T16:29:05.541Z] 
[2021-06-28T16:29:05.541Z] === DCP In-memory (JSON-PADDED) [As_is vs. Compress] KB Rcvd. - 50 items (KB)=========Size====================================================================================
[2021-06-28T16:29:05.541Z] 
[2021-06-28T16:29:05.541Z]                                 Percentile           
[2021-06-28T16:29:05.541Z]                          Median     95th     99th  Std Dev  Histogram of samples
[2021-06-28T16:29:05.541Z] 
[2021-06-28T16:29:05.541Z] As_is                     0.325    0.545    0.565    0.146  ????????????????????????????????
[2021-06-28T16:29:05.541Z] Compress                  0.073    0.083    0.083    0.007  ????????????????????????????????
[2021-06-28T16:29:05.541Z]                                                             0              KB              0
[2021-06-28T16:29:05.541Z] 
[2021-06-28T16:29:05.541Z] ========================================================================================= DCP In-memory (JSON-PADDED) [As_is vs. Compress] Latency - 50 items(�s)============Latency=================================================================================
[2021-06-28T16:29:05.541Z] 
[2021-06-28T16:29:05.541Z]                                 Percentile           
[2021-06-28T16:29:05.541Z]                          Median     95th     99th  Std Dev  Histogram of samples
[2021-06-28T16:29:05.541Z] 
[2021-06-28T16:29:05.541Z] As_is                   864.919 1335.522 1367.791  297.314  ????????????????????????????????
[2021-06-28T16:29:05.541Z] Compress                179.875  289.511  306.771   64.118  ????????????????????????????????
[2021-06-28T16:29:05.541Z]                                                             78             �s           1335
[2021-06-28T16:29:05.541Z] 
[2021-06-28T16:29:05.541Z] 
[2021-06-28T16:29:05.541Z] 
[2021-06-28T16:29:05.541Z] 
[2021-06-28T16:29:05.541Z] 
[2021-06-28T16:29:05.541Z] 97% tests passed, 12 tests failed out of 422
[2021-06-28T16:29:05.541Z] 
[2021-06-28T16:29:05.541Z] Total Test time (real) = 2220.13 sec
[2021-06-28T16:29:05.541Z] 
[2021-06-28T16:29:05.541Z] The following tests FAIL
</pre>
 ( http://cv.jenkins.couchbase.com/job/kv_engine.macos/job/master/10941/ )

Timeout of a CTest test [2021-06-28T16:29:05.540Z] 421/422 Test #303: ep_perfsuite.value_eviction .................................................................................} ( http://cv.jenkins.couchbase.com/job/kv_engine.macos/job/master/10941/ )

http://cv.jenkins.couchbase.com/job/kv_engine.ASan-UBSan/job/master/19903/ : FAILURE

One of more core files found at the end of the build. Data for post-mortem saved to archived_core_dumps.tar.bz2 under "Build Artifacts". ( http://cv.jenkins.couchbase.com/job/kv_engine.ASan-UBSan/job/master/19903/ )

Timeout of a CTest test [2021-06-28T16:48:42.827Z] 405/406 Test #286: ep_perfsuite.value_eviction .................................................................................} ( http://cv.jenkins.couchbase.com/job/kv_engine.ASan-UBSan/job/master/19903/ )

AddressSanitizer issue: 1344 byte(s) leaked in 4 allocation(s). ( http://cv.jenkins.couchbase.com/job/kv_engine.ASan-UBSan/job/master/19903/ )

Test exceeded the timeout:
[2021-06-28T16:21:44.844Z] Running [0001/0096]: test open consumer.../usr/bin/timeout: the monitored command dumped core ( http://cv.jenkins.couchbase.com/job/kv_engine.ASan-UBSan/job/master/19903/ )

http://cv.jenkins.couchbase.com/job/kv_engine.threadsanitizer/job/master/12343/ : FAILURE

http://cv.jenkins.couchbase.com/job/kv_engine-clang_tidy-master/10290/ : SUCCESS

http://cv.jenkins.couchbase.com/job/kv_engine-clang_analyzer-master/31890/ : SUCCESS

http://cv.jenkins.couchbase.com/job/kv_engine-clang_format_9/8892/ : SUCCESS
----------------------------------------------------------------------------------------------------------------------
