======================================================================================================================
DESCRIPTION:

IWYU: unordered_map in kv_bucket_test.h

Change-Id: I5aad4b8ae062989dcfc64801d7f014a681b7c50d

======================================================================================================================
COMMENTS
======================================================================================================================
Author: James H
Date: 2022-01-20 10:34:09.000000000
Message: 
Uploaded patch set 1.
----------------------------------------------------------------------------------------------------------------------
Author: Richard de Mellow
Date: 2022-01-20 10:42:47.000000000
Message: 
Patch Set 1: Code-Review+2
----------------------------------------------------------------------------------------------------------------------
Author: Build Bot
Date: 2022-01-20 11:01:07.000000000
Message: 
Patch Set 1: Verified-1

Build Failed 

http://cv.jenkins.couchbase.com/job/kv_engine-windows-master/43012/ : FAILURE

Failure of an engine_testapp test:

<pre>
Running [0089/0159]: vbucket add (pending)...(63 ms) OK


99% tests passed, 2 tests failed out of 419

Total Test time (real) = 686.32 sec

The following tests FAIL
</pre>
 ( http://cv.jenkins.couchbase.com/job/kv_engine-windows-master/43012/ )

Timeout of a CTest test 418/419 Test #289: ep_testsuite_dcp.ephemeral.comp_active ........................................................................................} ( http://cv.jenkins.couchbase.com/job/kv_engine-windows-master/43012/ )

http://cv.jenkins.couchbase.com/job/kv_engine.linux/job/master/16942/ : FAILURE

Failure of GoogleTest "EphemeralOrPersistent/STItemPagerTest.MB43055_MemUsedDropDoesNotBreakEviction/persistent_magma_full_eviction":

<pre>
[ RUN      ] EphemeralOrPersistent/STItemPagerTest.MB43055_MemUsedDropDoesNotBreakEviction/persistent_magma_full_eviction
[2022-01-20T10:50:29.245Z] ../kv_engine/engines/ep/tests/module_tests/item_pager_test.cc:1943: Failure
[2022-01-20T10:50:29.245Z] Expected: (stats.getEstimatedTotalMemoryUsed()) < (stats.mem_low_wat.load()), actual: 2203360 vs 1676595
[2022-01-20T10:50:29.245Z] [  FAILED  ] EphemeralOrPersistent/STItemPagerTest.MB43055_MemUsedDropDoesNotBreakEviction/persistent_magma_full_eviction, where GetParam() = ("persistent_magma", "full_eviction") (7572 ms)
EphemeralOrPersistent/STItemPagerTest.MB43055_MemUsedDropDoesNotBreakEviction/persistent_magma_full_eviction
</pre>
 ( http://cv.jenkins.couchbase.com/job/kv_engine.linux/job/master/16942/ )

http://cv.jenkins.couchbase.com/job/kv_engine-clang_format_9/13809/ : SUCCESS

http://cv.jenkins.couchbase.com/job/kv_engine-clang_tidy-master/14965/ : SUCCESS

http://cv.jenkins.couchbase.com/job/kv_engine-clang_analyzer-master/36421/ : SUCCESS

http://cv.jenkins.couchbase.com/job/kv_engine.ASan-UBSan/job/master/25054/ : SUCCESS

http://cv.jenkins.couchbase.com/job/kv_engine.libFuzzer/job/master/4610/ : SUCCESS

http://cv.jenkins.couchbase.com/job/kv_engine.linux-CE/job/master/16638/ : SUCCESS

http://cv.jenkins.couchbase.com/job/kv_engine.aarch64-linux/job/master/4668/ : SUCCESS

http://cv.jenkins.couchbase.com/job/kv_engine.macos/job/master/15776/ : SUCCESS

http://cv.jenkins.couchbase.com/job/kv_engine.threadsanitizer/job/master/17722/ : SUCCESS
----------------------------------------------------------------------------------------------------------------------
Author: Build Bot
Date: 2022-01-20 11:35:27.000000000
Message: 
Patch Set 1:

Build Failed 

http://cv.jenkins.couchbase.com/job/kv_engine-windows-master/43016/ : FAILURE

Failure of an engine_testapp test:

<pre>
Running [0033/0159]: test datatype with unknown command...(41 ms) OK


99% tests passed, 2 tests failed out of 419

Total Test time (real) = 662.26 sec

The following tests FAIL
</pre>
 ( http://cv.jenkins.couchbase.com/job/kv_engine-windows-master/43016/ )

Timeout of a CTest test 418/419 Test #281: ep_testsuite_basic.ephemeral.comp_active ......................................................................................} ( http://cv.jenkins.couchbase.com/job/kv_engine-windows-master/43016/ )

http://cv.jenkins.couchbase.com/job/kv_engine-clang_format_9/13809/ : SUCCESS

http://cv.jenkins.couchbase.com/job/kv_engine-clang_tidy-master/14965/ : SUCCESS

http://cv.jenkins.couchbase.com/job/kv_engine-clang_analyzer-master/36421/ : SUCCESS

http://cv.jenkins.couchbase.com/job/kv_engine.ASan-UBSan/job/master/25054/ : SUCCESS

http://cv.jenkins.couchbase.com/job/kv_engine.libFuzzer/job/master/4610/ : SUCCESS

http://cv.jenkins.couchbase.com/job/kv_engine.linux-CE/job/master/16638/ : SUCCESS

http://cv.jenkins.couchbase.com/job/kv_engine.aarch64-linux/job/master/4668/ : SUCCESS

http://cv.jenkins.couchbase.com/job/kv_engine.linux/job/master/16944/ : SUCCESS

http://cv.jenkins.couchbase.com/job/kv_engine.macos/job/master/15776/ : SUCCESS

http://cv.jenkins.couchbase.com/job/kv_engine.threadsanitizer/job/master/17722/ : SUCCESS
----------------------------------------------------------------------------------------------------------------------
Author: Build Bot
Date: 2022-01-20 12:55:10.000000000
Message: 
Patch Set 1:

Build Failed 

http://cv.jenkins.couchbase.com/job/kv_engine-windows-master/43023/ : FAILURE

Failure of GoogleTest "TransportProtocols/SubdocDurabilityTest.SubdocCounterMaybeSupported/Mcbp":

<pre>
[ RUN      ] TransportProtocols/SubdocDurabilityTest.SubdocCounterMaybeSupported/Mcbp
unknown file: error: C++ exception with description "MemcachedConnection::recvFrame(): Timed out after waiting 0ms for a response" thrown in the test body.
[  FAILED  ] TransportProtocols/SubdocDurabilityTest.SubdocCounterMaybeSupported/Mcbp, where GetParam() = Mcbp (2001 ms)
TransportProtocols/SubdocDurabilityTest.SubdocCounterMaybeSupported/Mcbp
</pre>
 ( http://cv.jenkins.couchbase.com/job/kv_engine-windows-master/43023/ )

Failure of an engine_testapp test:

<pre>
Running [0084/0159]: vbucket set (replica)...(74 ms) OK


99% tests passed, 2 tests failed out of 419

Total Test time (real) = 1122.41 sec

The following tests FAIL
</pre>
 ( http://cv.jenkins.couchbase.com/job/kv_engine-windows-master/43023/ )

Timeout of a CTest test 419/419 Test #272: ep_testsuite.ephemeral.comp_passive ...........................................................................................} ( http://cv.jenkins.couchbase.com/job/kv_engine-windows-master/43023/ )

http://cv.jenkins.couchbase.com/job/kv_engine-clang_format_9/13809/ : SUCCESS

http://cv.jenkins.couchbase.com/job/kv_engine-clang_tidy-master/14965/ : SUCCESS

http://cv.jenkins.couchbase.com/job/kv_engine-clang_analyzer-master/36421/ : SUCCESS

http://cv.jenkins.couchbase.com/job/kv_engine.ASan-UBSan/job/master/25054/ : SUCCESS

http://cv.jenkins.couchbase.com/job/kv_engine.libFuzzer/job/master/4610/ : SUCCESS

http://cv.jenkins.couchbase.com/job/kv_engine.linux-CE/job/master/16638/ : SUCCESS

http://cv.jenkins.couchbase.com/job/kv_engine.aarch64-linux/job/master/4668/ : SUCCESS

http://cv.jenkins.couchbase.com/job/kv_engine.linux/job/master/16944/ : SUCCESS

http://cv.jenkins.couchbase.com/job/kv_engine.macos/job/master/15776/ : SUCCESS

http://cv.jenkins.couchbase.com/job/kv_engine.threadsanitizer/job/master/17722/ : SUCCESS
----------------------------------------------------------------------------------------------------------------------
Author: Build Bot
Date: 2022-01-20 13:53:10.000000000
Message: 
Patch Set 1:

Build Failed 

http://cv.jenkins.couchbase.com/job/kv_engine-windows-master/43031/ : FAILURE

Failure of an engine_testapp test:

<pre>
Running [0031/0044]: test get_meta with item_eviction...(13 ms) SKIPPED


99% tests passed, 2 tests failed out of 419

Total Test time (real) = 318.22 sec

The following tests FAIL
</pre>
 ( http://cv.jenkins.couchbase.com/job/kv_engine-windows-master/43031/ )

Timeout of a CTest test 418/419 Test #301: ep_testsuite_xdcr.value_eviction.comp_active ..................................................................................} ( http://cv.jenkins.couchbase.com/job/kv_engine-windows-master/43031/ )

http://cv.jenkins.couchbase.com/job/kv_engine-clang_format_9/13809/ : SUCCESS

http://cv.jenkins.couchbase.com/job/kv_engine-clang_tidy-master/14965/ : SUCCESS

http://cv.jenkins.couchbase.com/job/kv_engine-clang_analyzer-master/36421/ : SUCCESS

http://cv.jenkins.couchbase.com/job/kv_engine.ASan-UBSan/job/master/25054/ : SUCCESS

http://cv.jenkins.couchbase.com/job/kv_engine.libFuzzer/job/master/4610/ : SUCCESS

http://cv.jenkins.couchbase.com/job/kv_engine.linux-CE/job/master/16638/ : SUCCESS

http://cv.jenkins.couchbase.com/job/kv_engine.aarch64-linux/job/master/4668/ : SUCCESS

http://cv.jenkins.couchbase.com/job/kv_engine.linux/job/master/16944/ : SUCCESS

http://cv.jenkins.couchbase.com/job/kv_engine.macos/job/master/15776/ : SUCCESS

http://cv.jenkins.couchbase.com/job/kv_engine.threadsanitizer/job/master/17722/ : SUCCESS
----------------------------------------------------------------------------------------------------------------------
Author: Build Bot
Date: 2022-01-20 15:23:42.000000000
Message: 
Patch Set 1:

Build Failed 

http://cv.jenkins.couchbase.com/job/kv_engine-windows-master/43040/ : FAILURE

Failure of GoogleTest "StatTest.WarmupStats":

<pre>
[ RUN      ] StatTest.WarmupStats
..\kv_engine\engines\ep\tests\module_tests\stats_test.cc(694): error: Actual function call count doesn"t match EXPECT_CALL(cb, Call("ep_warmup_estimate_time"sv, _, _))...
         Expected: to be called once
           Actual: never called - unsatisfied and active
[  FAILED  ] StatTest.WarmupStats (15 ms)
StatTest.WarmupStats
</pre>
 ( http://cv.jenkins.couchbase.com/job/kv_engine-windows-master/43040/ )

http://cv.jenkins.couchbase.com/job/kv_engine-clang_format_9/13809/ : SUCCESS

http://cv.jenkins.couchbase.com/job/kv_engine-clang_tidy-master/14965/ : SUCCESS

http://cv.jenkins.couchbase.com/job/kv_engine-clang_analyzer-master/36421/ : SUCCESS

http://cv.jenkins.couchbase.com/job/kv_engine.ASan-UBSan/job/master/25054/ : SUCCESS

http://cv.jenkins.couchbase.com/job/kv_engine.libFuzzer/job/master/4610/ : SUCCESS

http://cv.jenkins.couchbase.com/job/kv_engine.linux-CE/job/master/16638/ : SUCCESS

http://cv.jenkins.couchbase.com/job/kv_engine.aarch64-linux/job/master/4668/ : SUCCESS

http://cv.jenkins.couchbase.com/job/kv_engine.linux/job/master/16944/ : SUCCESS

http://cv.jenkins.couchbase.com/job/kv_engine.macos/job/master/15776/ : SUCCESS

http://cv.jenkins.couchbase.com/job/kv_engine.threadsanitizer/job/master/17722/ : SUCCESS
----------------------------------------------------------------------------------------------------------------------
Author: Build Bot
Date: 2022-01-20 15:49:10.000000000
Message: 
Patch Set 1:

Build Failed 

http://cv.jenkins.couchbase.com/job/kv_engine-windows-master/43043/ : FAILURE

Failure of an engine_testapp test:

<pre>
Running [0045/0159]: mem stats...W0120 07:41:22.965559 29616 HazptrDomain.h:670] Using the default inline executor for asynchronous reclamation may be susceptible to deadlock if the current thread happens to hold a resource needed by the deleter of a reclaimable object


99% tests passed, 1 tests failed out of 419

Total Test time (real) = 659.22 sec

The following tests FAIL
</pre>
 ( http://cv.jenkins.couchbase.com/job/kv_engine-windows-master/43043/ )

Timeout of a CTest test 419/419 Test #268: ep_testsuite.value_eviction.comp_passive ......................................................................................} ( http://cv.jenkins.couchbase.com/job/kv_engine-windows-master/43043/ )

http://cv.jenkins.couchbase.com/job/kv_engine-clang_format_9/13809/ : SUCCESS

http://cv.jenkins.couchbase.com/job/kv_engine-clang_tidy-master/14965/ : SUCCESS

http://cv.jenkins.couchbase.com/job/kv_engine-clang_analyzer-master/36421/ : SUCCESS

http://cv.jenkins.couchbase.com/job/kv_engine.ASan-UBSan/job/master/25054/ : SUCCESS

http://cv.jenkins.couchbase.com/job/kv_engine.libFuzzer/job/master/4610/ : SUCCESS

http://cv.jenkins.couchbase.com/job/kv_engine.linux-CE/job/master/16638/ : SUCCESS

http://cv.jenkins.couchbase.com/job/kv_engine.aarch64-linux/job/master/4668/ : SUCCESS

http://cv.jenkins.couchbase.com/job/kv_engine.linux/job/master/16944/ : SUCCESS

http://cv.jenkins.couchbase.com/job/kv_engine.macos/job/master/15776/ : SUCCESS

http://cv.jenkins.couchbase.com/job/kv_engine.threadsanitizer/job/master/17722/ : SUCCESS
----------------------------------------------------------------------------------------------------------------------
Author: Build Bot
Date: 2022-01-21 10:01:32.000000000
Message: 
Patch Set 1:

Build Failed 

http://cv.jenkins.couchbase.com/job/kv_engine-windows-master/43061/ : FAILURE

Failure of an engine_testapp test:

<pre>
Running [0150/0159]: test_mb20744_check_incr_reject_ops...(12 ms) SKIPPED


99% tests passed, 1 tests failed out of 419

Total Test time (real) = 700.87 sec

The following tests FAIL
</pre>
 ( http://cv.jenkins.couchbase.com/job/kv_engine-windows-master/43061/ )

Timeout of a CTest test 419/419 Test #273: ep_testsuite.ephemeral.comp_active ............................................................................................} ( http://cv.jenkins.couchbase.com/job/kv_engine-windows-master/43061/ )

http://cv.jenkins.couchbase.com/job/kv_engine-clang_format_9/13809/ : SUCCESS

http://cv.jenkins.couchbase.com/job/kv_engine-clang_tidy-master/14965/ : SUCCESS

http://cv.jenkins.couchbase.com/job/kv_engine-clang_analyzer-master/36421/ : SUCCESS

http://cv.jenkins.couchbase.com/job/kv_engine.ASan-UBSan/job/master/25054/ : SUCCESS

http://cv.jenkins.couchbase.com/job/kv_engine.libFuzzer/job/master/4610/ : SUCCESS

http://cv.jenkins.couchbase.com/job/kv_engine.linux-CE/job/master/16638/ : SUCCESS

http://cv.jenkins.couchbase.com/job/kv_engine.aarch64-linux/job/master/4668/ : SUCCESS

http://cv.jenkins.couchbase.com/job/kv_engine.linux/job/master/16944/ : SUCCESS

http://cv.jenkins.couchbase.com/job/kv_engine.macos/job/master/15776/ : SUCCESS

http://cv.jenkins.couchbase.com/job/kv_engine.threadsanitizer/job/master/17722/ : SUCCESS
----------------------------------------------------------------------------------------------------------------------
Author: Build Bot
Date: 2022-01-21 11:35:54.000000000
Message: 
Patch Set 1: Verified+1

Build Successful 

http://cv.jenkins.couchbase.com/job/kv_engine-clang_format_9/13809/ : SUCCESS

http://cv.jenkins.couchbase.com/job/kv_engine-clang_tidy-master/14965/ : SUCCESS

http://cv.jenkins.couchbase.com/job/kv_engine-clang_analyzer-master/36421/ : SUCCESS

http://cv.jenkins.couchbase.com/job/kv_engine.ASan-UBSan/job/master/25054/ : SUCCESS

http://cv.jenkins.couchbase.com/job/kv_engine.libFuzzer/job/master/4610/ : SUCCESS

http://cv.jenkins.couchbase.com/job/kv_engine.linux-CE/job/master/16638/ : SUCCESS

http://cv.jenkins.couchbase.com/job/kv_engine.aarch64-linux/job/master/4668/ : SUCCESS

http://cv.jenkins.couchbase.com/job/kv_engine.linux/job/master/16944/ : SUCCESS

http://cv.jenkins.couchbase.com/job/kv_engine.macos/job/master/15776/ : SUCCESS

http://cv.jenkins.couchbase.com/job/kv_engine.threadsanitizer/job/master/17722/ : SUCCESS

http://cv.jenkins.couchbase.com/job/kv_engine-windows-master/43075/ : SUCCESS
----------------------------------------------------------------------------------------------------------------------
