======================================================================================================================
DESCRIPTION:

MB-51613: calc wait/load min/max stats using hists

We already have histograms for bgWait and bgLoad timers, so the four
additional stats (bgWaitMin/Max, bgLoadMin/Max) are no longer
required and should be removed.

Change-Id: I9bc4150f87c0c1732331c266757a86e154b8257a

======================================================================================================================
COMMENTS
======================================================================================================================
Author: Douglas
Date: 2022-03-29 12:19:46.000000000
Message: 
Patch Set 3: Patch Set 2 was rebased
----------------------------------------------------------------------------------------------------------------------
Author: Build Bot
Date: 2022-03-29 12:20:47.000000000
Message: 
Patch Set 3: Verified+1 Code-Review+1

Build Successful 

http://cv.jenkins.couchbase.com/job/kv_engine-clang_tidy-master/16234/ : SUCCESS

http://cv.jenkins.couchbase.com/job/kv_engine-clang_format_9/15164/ : SUCCESS
----------------------------------------------------------------------------------------------------------------------
Author: Douglas
Date: 2022-03-29 14:38:33.000000000
Message: 
Set Ready For Review
----------------------------------------------------------------------------------------------------------------------
Author: Build Bot
Date: 2022-03-29 15:26:12.000000000
Message: 
Patch Set 3: Verified-1 -Code-Review

Build Failed 

http://cv.jenkins.couchbase.com/job/kv_engine-windows-master/44745/ : FAILURE

Failure of an engine_testapp test:

<pre>
Running [42/159]: file stats post warmup.....\kv_engine\engines\ep\tests\ep_testsuite.cc:2327 Test failed: `" (Expected `191693" to be less than or equal to `188416" - Unexpected fileSize for vbucket)
(898 ms) FAIL
</pre>
 ( http://cv.jenkins.couchbase.com/job/kv_engine-windows-master/44745/ )

Timeout of a CTest test 431/432 Test #297: ep_testsuite_dcp.value_eviction.comp_passive ..................................................................................} ( http://cv.jenkins.couchbase.com/job/kv_engine-windows-master/44745/ )

http://cv.jenkins.couchbase.com/job/kv_engine.linux/job/master/18337/ : FAILURE

Failure of GoogleTest "PiTR_Test.MB51007":

<pre>
[ RUN      ] PiTR_Test.MB51007
[2022-03-29T14:58:08.039Z] WARNING: Logging before InitGoogleLogging() is written to STDERR
[2022-03-29T14:58:08.039Z] W0329 14:57:43.407462 61437 HazptrDomain.h:670] Using the default inline executor for asynchronous reclamation may be susceptible to deadlock if the current thread happens to hold a resource needed by the deleter of a reclaimable object
[2022-03-29T14:58:08.039Z] /home/couchbase/jenkins/workspace/kv_engine.linux_master/kv_engine/tests/testapp_cluster/pitr_tests.cc:92: Failure
[2022-03-29T14:58:08.039Z] Expected: (10) <= (num_compaction), actual: 10 vs 4
[2022-03-29T14:58:08.039Z] Expected at least 10 compactions
[2022-03-29T14:58:08.039Z] [  FAILED  ] PiTR_Test.MB51007 (12525 ms)
PiTR_Test.MB51007
</pre>
 ( http://cv.jenkins.couchbase.com/job/kv_engine.linux/job/master/18337/ )

http://cv.jenkins.couchbase.com/job/kv_engine.ASan-UBSan/job/master/26421/ : SUCCESS

http://cv.jenkins.couchbase.com/job/kv_engine.aarch64-linux/job/master/5957/ : SUCCESS

http://cv.jenkins.couchbase.com/job/kv_engine.macos/job/master/17092/ : SUCCESS

http://cv.jenkins.couchbase.com/job/kv_engine.libFuzzer/job/master/5897/ : SUCCESS

http://cv.jenkins.couchbase.com/job/kv_engine.linux-CE/job/master/18012/ : SUCCESS

http://cv.jenkins.couchbase.com/job/kv_engine.threadsanitizer/job/master/19045/ : SUCCESS
----------------------------------------------------------------------------------------------------------------------
Author: James H
Date: 2022-03-30 09:49:36.000000000
Message: 
Patch Set 3: Code-Review+2
----------------------------------------------------------------------------------------------------------------------
Author: Paolo Cocchi
Date: 2022-03-30 10:40:22.000000000
Message: 
Patch Set 3: Code-Review+2
----------------------------------------------------------------------------------------------------------------------
Author: Build Bot
Date: 2022-03-31 09:36:33.000000000
Message: 
Patch Set 3:

Build Failed 

http://cv.jenkins.couchbase.com/job/kv_engine-windows-master/44797/ : FAILURE

Failure of an engine_testapp test:

<pre>
Running [43/93]: test dcp reconnect full snapshot...(96 ms) OK


99% tests passed, 1 tests failed out of 432

Total Test time (real) = 364.76 sec

The following tests FAIL
</pre>
 ( http://cv.jenkins.couchbase.com/job/kv_engine-windows-master/44797/ )

Timeout of a CTest test 432/432 Test #298: ep_testsuite_dcp.value_eviction.comp_active ...................................................................................} ( http://cv.jenkins.couchbase.com/job/kv_engine-windows-master/44797/ )

http://cv.jenkins.couchbase.com/job/kv_engine.ASan-UBSan/job/master/26421/ : SUCCESS

http://cv.jenkins.couchbase.com/job/kv_engine.aarch64-linux/job/master/5957/ : SUCCESS

http://cv.jenkins.couchbase.com/job/kv_engine.macos/job/master/17092/ : SUCCESS

http://cv.jenkins.couchbase.com/job/kv_engine.libFuzzer/job/master/5897/ : SUCCESS

http://cv.jenkins.couchbase.com/job/kv_engine.linux-CE/job/master/18012/ : SUCCESS

http://cv.jenkins.couchbase.com/job/kv_engine.threadsanitizer/job/master/19045/ : SUCCESS

http://cv.jenkins.couchbase.com/job/kv_engine.linux/job/master/18382/ : SUCCESS
----------------------------------------------------------------------------------------------------------------------
Author: Build Bot
Date: 2022-03-31 10:11:08.000000000
Message: 
Patch Set 3:

Build Failed 

http://cv.jenkins.couchbase.com/job/kv_engine-windows-master/44803/ : FAILURE

Failure of an engine_testapp test:

<pre>
Running [43/93]: test dcp reconnect full snapshot...(91 ms) OK


99% tests passed, 2 tests failed out of 432

Total Test time (real) = 356.44 sec

The following tests FAIL
</pre>
 ( http://cv.jenkins.couchbase.com/job/kv_engine-windows-master/44803/ )

Timeout of a CTest test 431/432 Test #294: ep_testsuite_basic.ephemeral.comp_active ......................................................................................} ( http://cv.jenkins.couchbase.com/job/kv_engine-windows-master/44803/ )

http://cv.jenkins.couchbase.com/job/kv_engine.ASan-UBSan/job/master/26421/ : SUCCESS

http://cv.jenkins.couchbase.com/job/kv_engine.aarch64-linux/job/master/5957/ : SUCCESS

http://cv.jenkins.couchbase.com/job/kv_engine.macos/job/master/17092/ : SUCCESS

http://cv.jenkins.couchbase.com/job/kv_engine.libFuzzer/job/master/5897/ : SUCCESS

http://cv.jenkins.couchbase.com/job/kv_engine.linux-CE/job/master/18012/ : SUCCESS

http://cv.jenkins.couchbase.com/job/kv_engine.threadsanitizer/job/master/19045/ : SUCCESS

http://cv.jenkins.couchbase.com/job/kv_engine.linux/job/master/18382/ : SUCCESS
----------------------------------------------------------------------------------------------------------------------
Author: Build Bot
Date: 2022-03-31 10:45:48.000000000
Message: 
Patch Set 3:

Build Failed 

http://cv.jenkins.couchbase.com/job/kv_engine-windows-master/44808/ : FAILURE

No problems were identified. If you know why this problem occurred, please add a suitable Cause for it. ( http://cv.jenkins.couchbase.com/job/kv_engine-windows-master/44808/ )

http://cv.jenkins.couchbase.com/job/kv_engine.ASan-UBSan/job/master/26421/ : SUCCESS

http://cv.jenkins.couchbase.com/job/kv_engine.aarch64-linux/job/master/5957/ : SUCCESS

http://cv.jenkins.couchbase.com/job/kv_engine.macos/job/master/17092/ : SUCCESS

http://cv.jenkins.couchbase.com/job/kv_engine.libFuzzer/job/master/5897/ : SUCCESS

http://cv.jenkins.couchbase.com/job/kv_engine.linux-CE/job/master/18012/ : SUCCESS

http://cv.jenkins.couchbase.com/job/kv_engine.threadsanitizer/job/master/19045/ : SUCCESS

http://cv.jenkins.couchbase.com/job/kv_engine.linux/job/master/18382/ : SUCCESS
----------------------------------------------------------------------------------------------------------------------
Author: Build Bot
Date: 2022-03-31 12:47:16.000000000
Message: 
Patch Set 3: Verified+1

Build Successful 

http://cv.jenkins.couchbase.com/job/kv_engine.ASan-UBSan/job/master/26421/ : SUCCESS

http://cv.jenkins.couchbase.com/job/kv_engine.aarch64-linux/job/master/5957/ : SUCCESS

http://cv.jenkins.couchbase.com/job/kv_engine.macos/job/master/17092/ : SUCCESS

http://cv.jenkins.couchbase.com/job/kv_engine.libFuzzer/job/master/5897/ : SUCCESS

http://cv.jenkins.couchbase.com/job/kv_engine.linux-CE/job/master/18012/ : SUCCESS

http://cv.jenkins.couchbase.com/job/kv_engine.threadsanitizer/job/master/19045/ : SUCCESS

http://cv.jenkins.couchbase.com/job/kv_engine.linux/job/master/18382/ : SUCCESS

http://cv.jenkins.couchbase.com/job/kv_engine-windows-master/44821/ : SUCCESS
----------------------------------------------------------------------------------------------------------------------
