======================================================================================================================
DESCRIPTION:

MB-54641: Backport tuning of TCP Keepalive

This is a backport of MB-53939 and MB-54477 to allow tuning of
TCP Keepalive on the user ports

Change-Id: Iadfef3faad120ef40094ecd13885fd08e2f9281a

======================================================================================================================
COMMENTS
======================================================================================================================
Author: Trond Norbye
Date: 2022-11-23 16:32:33.000000000
Message: 
Uploaded patch set 3: Patch Set 2 was rebased.
----------------------------------------------------------------------------------------------------------------------
Author: Restriction Checker
Date: 2022-11-23 16:32:48.000000000
Message: 
Patch Set 3: Well-Formed+1

Permission granted to commit: 

https://server.jenkins.couchbase.com/job/restricted-branch-check/326156/artifact/restricted.html : SUCCESS
----------------------------------------------------------------------------------------------------------------------
Author: Build Bot
Date: 2022-11-23 17:18:11.000000000
Message: 
Patch Set 3: Verified-1

Build Failed 

https://cv.jenkins.couchbase.com/job/kv_engine-windows-neo/673/ : FAILURE

Timeout of a CTest test 423/424 Test #289: ep_testsuite_dcp.value_eviction.comp_passive ..................................................................................} ( https://cv.jenkins.couchbase.com/job/kv_engine-windows-neo/673/ )

https://cv.jenkins.couchbase.com/job/kv_engine-clang_tidy-neo/529/ : SUCCESS

https://cv.jenkins.couchbase.com/job/kv_engine-clang_format_9/21349/ : SUCCESS

https://cv.jenkins.couchbase.com/job/kv_engine-clang_analyzer-neo/512/ : SUCCESS

https://cv.jenkins.couchbase.com/job/kv_engine.libFuzzer/job/neo/521/ : SUCCESS

https://cv.jenkins.couchbase.com/job/kv_engine.threadsanitizer/job/neo/546/ : SUCCESS

https://cv.jenkins.couchbase.com/job/kv_engine.linux/job/neo/535/ : SUCCESS

https://cv.jenkins.couchbase.com/job/kv_engine.macos/job/neo/776/ : SUCCESS

https://cv.jenkins.couchbase.com/job/kv_engine.linux-CE/job/neo/546/ : SUCCESS

https://cv.jenkins.couchbase.com/job/kv_engine.aarch64-linux/job/neo/526/ : SUCCESS

https://cv.jenkins.couchbase.com/job/kv_engine.ASan-UBSan/job/neo/537/ : SUCCESS
----------------------------------------------------------------------------------------------------------------------
Author: Build Bot
Date: 2022-11-24 11:21:30.000000000
Message: 
Patch Set 3:

Build Failed 

https://cv.jenkins.couchbase.com/job/kv_engine-windows-neo/681/ : FAILURE

Failure of an engine_testapp test:

<pre>
Running [27/44]: set with meta xattr...(94 ms) OK


99% tests passed, 1 tests failed out of 424

Total Test time (real) = 265.18 sec

The following tests FAIL
</pre>
 ( https://cv.jenkins.couchbase.com/job/kv_engine-windows-neo/681/ )

Timeout of a CTest test 424/424 Test #308: ep_testsuite_xdcr.full_eviction.comp_active ...................................................................................} ( https://cv.jenkins.couchbase.com/job/kv_engine-windows-neo/681/ )

https://cv.jenkins.couchbase.com/job/kv_engine-clang_tidy-neo/529/ : SUCCESS

https://cv.jenkins.couchbase.com/job/kv_engine-clang_format_9/21349/ : SUCCESS

https://cv.jenkins.couchbase.com/job/kv_engine-clang_analyzer-neo/512/ : SUCCESS

https://cv.jenkins.couchbase.com/job/kv_engine.libFuzzer/job/neo/521/ : SUCCESS

https://cv.jenkins.couchbase.com/job/kv_engine.threadsanitizer/job/neo/546/ : SUCCESS

https://cv.jenkins.couchbase.com/job/kv_engine.linux/job/neo/535/ : SUCCESS

https://cv.jenkins.couchbase.com/job/kv_engine.macos/job/neo/776/ : SUCCESS

https://cv.jenkins.couchbase.com/job/kv_engine.linux-CE/job/neo/546/ : SUCCESS

https://cv.jenkins.couchbase.com/job/kv_engine.aarch64-linux/job/neo/526/ : SUCCESS

https://cv.jenkins.couchbase.com/job/kv_engine.ASan-UBSan/job/neo/537/ : SUCCESS
----------------------------------------------------------------------------------------------------------------------
Author: Build Bot
Date: 2022-11-24 12:17:29.000000000
Message: 
Patch Set 3:

Build Failed 

https://cv.jenkins.couchbase.com/job/kv_engine-windows-neo/686/ : FAILURE

Failure of an engine_testapp test:

<pre>
Running [44/160]: bg meta stats...(15 ms) SKIPPED


99% tests passed, 2 tests failed out of 424

Total Test time (real) = 1012.29 sec

The following tests FAIL
</pre>
 ( https://cv.jenkins.couchbase.com/job/kv_engine-windows-neo/686/ )

Timeout of a CTest test 234/424 Test  #77: ep-engine_ep_unit_tests.ExecutorPoolTest/class FollyExecutorPool ..............................................................} ( https://cv.jenkins.couchbase.com/job/kv_engine-windows-neo/686/ )

https://cv.jenkins.couchbase.com/job/kv_engine-clang_tidy-neo/529/ : SUCCESS

https://cv.jenkins.couchbase.com/job/kv_engine-clang_format_9/21349/ : SUCCESS

https://cv.jenkins.couchbase.com/job/kv_engine-clang_analyzer-neo/512/ : SUCCESS

https://cv.jenkins.couchbase.com/job/kv_engine.libFuzzer/job/neo/521/ : SUCCESS

https://cv.jenkins.couchbase.com/job/kv_engine.threadsanitizer/job/neo/546/ : SUCCESS

https://cv.jenkins.couchbase.com/job/kv_engine.linux/job/neo/535/ : SUCCESS

https://cv.jenkins.couchbase.com/job/kv_engine.macos/job/neo/776/ : SUCCESS

https://cv.jenkins.couchbase.com/job/kv_engine.linux-CE/job/neo/546/ : SUCCESS

https://cv.jenkins.couchbase.com/job/kv_engine.aarch64-linux/job/neo/526/ : SUCCESS

https://cv.jenkins.couchbase.com/job/kv_engine.ASan-UBSan/job/neo/537/ : SUCCESS
----------------------------------------------------------------------------------------------------------------------
Author: Trond Norbye
Date: 2022-11-24 12:17:56.000000000
Message: 
Removed Verified-1 by <GERRIT_ACCOUNT_1000011>

----------------------------------------------------------------------------------------------------------------------
Author: Trond Norbye
Date: 2022-11-24 12:18:10.000000000
Message: 
Patch Set 3: Verified+1

(1 comment)
File Comment: /PATCHSET_LEVEL -> Override failing CV - not related
----------------------------------------------------------------------------------------------------------------------
