======================================================================================================================
DESCRIPTION:

MB-54641: Backport tuning of TCP Keepalive

This is a backport of MB-53939 and MB-54477 to allow tuning of
TCP Keepalive on the user ports

Change-Id: Iadfef3faad120ef40094ecd13885fd08e2f9281a

======================================================================================================================
COMMENTS
======================================================================================================================
Author: Trond Norbye
Date: 2022-11-25 07:27:20.000000000
Message: 
Uploaded patch set 5: Patch Set 4 was rebased.
----------------------------------------------------------------------------------------------------------------------
Author: Restriction Checker
Date: 2022-11-25 07:27:34.000000000
Message: 
Patch Set 5: Well-Formed+1

Permission granted to commit: 

https://server.jenkins.couchbase.com/job/restricted-branch-check/326366/artifact/restricted.html : SUCCESS
----------------------------------------------------------------------------------------------------------------------
Author: Build Bot
Date: 2022-11-25 08:06:57.000000000
Message: 
Patch Set 5: Verified-1

Build Failed 

https://cv.jenkins.couchbase.com/job/kv_engine-windows-neo/709/ : FAILURE

Failure of an engine_testapp test:

<pre>
Running [43/160]: bg stats...(10 ms) SKIPPED


99% tests passed, 2 tests failed out of 424

Total Test time (real) = 692.16 sec

The following tests FAIL
</pre>
 ( https://cv.jenkins.couchbase.com/job/kv_engine-windows-neo/709/ )

Timeout of a CTest test 423/424 Test #277: ep_testsuite.ephemeral.comp_passive ...........................................................................................} ( https://cv.jenkins.couchbase.com/job/kv_engine-windows-neo/709/ )

https://cv.jenkins.couchbase.com/job/kv_engine.macos/job/neo/808/ : FAILURE

Failure of an engine_testapp test:

<pre>
Running [42/160]: file stats post warmup...../kv_engine/engines/ep/tests/ep_testsuite.cc:2328 Test failed: `" (Expected `287539" to be less than or equal to `278528" - Unexpected fileSize for vbucket)
[2022-11-25T07:47:04.434Z] (342 ms) FAIL
</pre>
 ( https://cv.jenkins.couchbase.com/job/kv_engine.macos/job/neo/808/ )

Failure of GoogleTest "ExecutorPoolTest/0.Wake":

<pre>
[ RUN      ] ExecutorPoolTest/0.Wake
[2022-11-25T07:42:52.122Z] [       OK ] ExecutorPoolTest/0.Wake (2 ms)
[2022-11-25T07:42:52.122Z] [ RUN      ] ExecutorPoolTest/0.WakeMultiple
[2022-11-25T07:42:52.122Z] [       OK ] ExecutorPoolTest/0.WakeMultiple (2 ms)
[2022-11-25T07:42:52.122Z] [ RUN      ] ExecutorPoolTest/0.WakeWithoutSchedule
[2022-11-25T07:42:52.122Z] [       OK ] ExecutorPoolTest/0.WakeWithoutSchedule (2 ms)
[2022-11-25T07:42:52.122Z] [ RUN      ] ExecutorPoolTest/0.WakeUpdatesWaketime
[2022-11-25T07:42:52.122Z] [       OK ] ExecutorPoolTest/0.WakeUpdatesWaketime (1 ms)
[2022-11-25T07:42:52.122Z] [ RUN      ] ExecutorPoolTest/0.Snooze
[2022-11-25T07:42:52.122Z] [       OK ] ExecutorPoolTest/0.Snooze (2 ms)
[2022-11-25T07:42:52.122Z] [ RUN      ] ExecutorPoolTest/0.SnoozeThenWake
[2022-11-25T07:42:52.122Z] [       OK ] ExecutorPoolTest/0.SnoozeThenWake (35 ms)
[2022-11-25T07:42:52.122Z] [ RUN      ] ExecutorPoolTest/0.WakeSetsTaskRunning
[2022-11-25T07:42:52.122Z] ../kv_engine/engines/ep/tests/module_tests/executorpool_test.cc:551: Failure
[2022-11-25T07:42:52.122Z] Expected equality of these values:
[2022-11-25T07:42:52.122Z]   task_state_t::TASK_RUNNING
[2022-11-25T07:42:52.122Z]     Which is: RUNNING
[2022-11-25T07:42:52.122Z]   task->getState()
[2022-11-25T07:42:52.122Z]     Which is: DEAD
[2022-11-25T07:42:52.122Z] [  FAILED  ] ExecutorPoolTest/0.WakeSetsTaskRunning, where TypeParam = TestExecutorPool (4 ms)
ExecutorPoolTest/0.Wake
</pre>
 ( https://cv.jenkins.couchbase.com/job/kv_engine.macos/job/neo/808/ )

https://cv.jenkins.couchbase.com/job/kv_engine-clang_tidy-neo/556/ : SUCCESS

https://cv.jenkins.couchbase.com/job/kv_engine-clang_format_9/21389/ : SUCCESS

https://cv.jenkins.couchbase.com/job/kv_engine-clang_analyzer-neo/536/ : SUCCESS

https://cv.jenkins.couchbase.com/job/kv_engine.ASan-UBSan/job/neo/565/ : SUCCESS

https://cv.jenkins.couchbase.com/job/kv_engine.aarch64-linux/job/neo/553/ : SUCCESS

https://cv.jenkins.couchbase.com/job/kv_engine.linux-CE/job/neo/573/ : SUCCESS

https://cv.jenkins.couchbase.com/job/kv_engine.threadsanitizer/job/neo/575/ : SUCCESS

https://cv.jenkins.couchbase.com/job/kv_engine.libFuzzer/job/neo/548/ : SUCCESS

https://cv.jenkins.couchbase.com/job/kv_engine.linux/job/neo/564/ : SUCCESS
----------------------------------------------------------------------------------------------------------------------
Author: Build Bot
Date: 2022-11-25 09:11:48.000000000
Message: 
Patch Set 5:

Build Failed 

https://cv.jenkins.couchbase.com/job/kv_engine-windows-neo/709/ : FAILURE

Failure of an engine_testapp test:

<pre>
Running [43/160]: bg stats...(10 ms) SKIPPED


99% tests passed, 2 tests failed out of 424

Total Test time (real) = 692.16 sec

The following tests FAIL
</pre>
 ( https://cv.jenkins.couchbase.com/job/kv_engine-windows-neo/709/ )

Timeout of a CTest test 423/424 Test #277: ep_testsuite.ephemeral.comp_passive ...........................................................................................} ( https://cv.jenkins.couchbase.com/job/kv_engine-windows-neo/709/ )

https://cv.jenkins.couchbase.com/job/kv_engine-clang_tidy-neo/556/ : SUCCESS

https://cv.jenkins.couchbase.com/job/kv_engine-clang_format_9/21389/ : SUCCESS

https://cv.jenkins.couchbase.com/job/kv_engine-clang_analyzer-neo/536/ : SUCCESS

https://cv.jenkins.couchbase.com/job/kv_engine.ASan-UBSan/job/neo/565/ : SUCCESS

https://cv.jenkins.couchbase.com/job/kv_engine.aarch64-linux/job/neo/553/ : SUCCESS

https://cv.jenkins.couchbase.com/job/kv_engine.linux-CE/job/neo/573/ : SUCCESS

https://cv.jenkins.couchbase.com/job/kv_engine.threadsanitizer/job/neo/575/ : SUCCESS

https://cv.jenkins.couchbase.com/job/kv_engine.libFuzzer/job/neo/548/ : SUCCESS

https://cv.jenkins.couchbase.com/job/kv_engine.linux/job/neo/564/ : SUCCESS

https://cv.jenkins.couchbase.com/job/kv_engine.macos/job/neo/815/ : SUCCESS
----------------------------------------------------------------------------------------------------------------------
Author: Build Bot
Date: 2022-11-25 10:00:05.000000000
Message: 
Patch Set 5:

Build Failed 

https://cv.jenkins.couchbase.com/job/kv_engine-windows-neo/714/ : FAILURE

Failure of an engine_testapp test:

<pre>
Running [26/93]: test producer stream request (memory only)...(179 ms) OK

423/424 Test #419: memcached_testapp.ep.TransportProtocols/AuditTest .............................................................................   Passed   13.11 sec
424/424 Test #420: memcached_testapp.ep.TransportProtocols/BucketTest ............................................................................   Passed   14.34 sec

99% tests passed, 1 tests failed out of 424

Total Test time (real) = 856.50 sec

The following tests FAIL
</pre>
 ( https://cv.jenkins.couchbase.com/job/kv_engine-windows-neo/714/ )

Timeout of a CTest test 422/424 Test #290: ep_testsuite_dcp.value_eviction.comp_active ...................................................................................} ( https://cv.jenkins.couchbase.com/job/kv_engine-windows-neo/714/ )

https://cv.jenkins.couchbase.com/job/kv_engine-clang_tidy-neo/556/ : SUCCESS

https://cv.jenkins.couchbase.com/job/kv_engine-clang_format_9/21389/ : SUCCESS

https://cv.jenkins.couchbase.com/job/kv_engine-clang_analyzer-neo/536/ : SUCCESS

https://cv.jenkins.couchbase.com/job/kv_engine.macos/job/neo/815/ : SUCCESS

https://cv.jenkins.couchbase.com/job/kv_engine.ASan-UBSan/job/neo/565/ : SUCCESS

https://cv.jenkins.couchbase.com/job/kv_engine.aarch64-linux/job/neo/553/ : SUCCESS

https://cv.jenkins.couchbase.com/job/kv_engine.linux-CE/job/neo/573/ : SUCCESS

https://cv.jenkins.couchbase.com/job/kv_engine.threadsanitizer/job/neo/575/ : SUCCESS

https://cv.jenkins.couchbase.com/job/kv_engine.libFuzzer/job/neo/548/ : SUCCESS

https://cv.jenkins.couchbase.com/job/kv_engine.linux/job/neo/564/ : SUCCESS
----------------------------------------------------------------------------------------------------------------------
Author: Build Bot
Date: 2022-11-25 10:41:48.000000000
Message: 
Patch Set 5: Verified+1

Build Successful 

https://cv.jenkins.couchbase.com/job/kv_engine-clang_tidy-neo/556/ : SUCCESS

https://cv.jenkins.couchbase.com/job/kv_engine-clang_format_9/21389/ : SUCCESS

https://cv.jenkins.couchbase.com/job/kv_engine-clang_analyzer-neo/536/ : SUCCESS

https://cv.jenkins.couchbase.com/job/kv_engine.macos/job/neo/815/ : SUCCESS

https://cv.jenkins.couchbase.com/job/kv_engine.ASan-UBSan/job/neo/565/ : SUCCESS

https://cv.jenkins.couchbase.com/job/kv_engine.aarch64-linux/job/neo/553/ : SUCCESS

https://cv.jenkins.couchbase.com/job/kv_engine.linux-CE/job/neo/573/ : SUCCESS

https://cv.jenkins.couchbase.com/job/kv_engine.threadsanitizer/job/neo/575/ : SUCCESS

https://cv.jenkins.couchbase.com/job/kv_engine.libFuzzer/job/neo/548/ : SUCCESS

https://cv.jenkins.couchbase.com/job/kv_engine.linux/job/neo/564/ : SUCCESS

https://cv.jenkins.couchbase.com/job/kv_engine-windows-neo/723/ : SUCCESS
----------------------------------------------------------------------------------------------------------------------
Author: Dave Rigby
Date: 2022-11-28 09:45:20.000000000
Message: 
Patch Set 5: Code-Review+2
----------------------------------------------------------------------------------------------------------------------
