======================================================================================================================
DESCRIPTION:

MB-45756: Expand PDM logic exception exception message

If we receive a commit out order add extra information
to the log message to tell us if there is a prepare that is being
tracked for the commits key and if so what seqno it has. Plus log
information around the current HPS, HCS and last seen snapshot end.

When creating a exception message when there are no trackedWrites use
fmt::format() over a std::stringstream as its easier to read and grep in
the code base.

Change-Id: I7f6c0642bf38e4c7ca0171d5e74c76f7be0ad778

======================================================================================================================
COMMENTS
======================================================================================================================
Author: Richard de Mellow
Date: 2021-04-30 16:06:08.000000000
Message: 
Uploaded patch set 8.
----------------------------------------------------------------------------------------------------------------------
Author: Richard de Mellow
Date: 2021-04-30 16:17:58.000000000
Message: 
Patch Set 8:

(3 comments)
----------------------------------------------------------------------------------------------------------------------
Author: Build Bot
Date: 2021-04-30 17:02:56.000000000
Message: 
Patch Set 8: Verified-1

Build Failed 

http://cv.jenkins.couchbase.com/job/kv_engine-windows-master/35455/ : FAILURE

Timeout of a CTest test 281/407 Test #264: ep_testsuite_dcp.value_eviction.comp_active ...................................................................................} ( http://cv.jenkins.couchbase.com/job/kv_engine-windows-master/35455/ )

http://cv.jenkins.couchbase.com/job/kv_engine-clang_format_9/7209/ : SUCCESS

http://cv.jenkins.couchbase.com/job/kv_engine-clang_analyzer-master/30316/ : SUCCESS

http://cv.jenkins.couchbase.com/job/kv_engine-clang_tidy/8660/ : SUCCESS

http://cv.jenkins.couchbase.com/job/kv_engine.macos/job/master/9266/ : SUCCESS

http://cv.jenkins.couchbase.com/job/kv_engine.linux-CE/job/master/10192/ : SUCCESS

http://cv.jenkins.couchbase.com/job/kv_engine.linux/job/master/10335/ : SUCCESS

http://cv.jenkins.couchbase.com/job/kv_engine.threadsanitizer/job/master/10585/ : SUCCESS

http://cv.jenkins.couchbase.com/job/kv_engine.ASan-UBSan/job/master/18138/ : SUCCESS
----------------------------------------------------------------------------------------------------------------------
Author: Build Bot
Date: 2021-04-30 19:01:48.000000000
Message: 
Patch Set 8:

Build Failed 

http://cv.jenkins.couchbase.com/job/kv_engine-windows-master/35465/ : FAILURE

Failure of an engine_testapp test:

<pre>
Running [0057/0157]: startup token stat...(92 ms) OK


99% tests passed, 6 tests failed out of 407

Total Test time (real) = 2018.52 sec

The following tests FAIL
</pre>
 ( http://cv.jenkins.couchbase.com/job/kv_engine-windows-master/35465/ )

Timeout of a CTest test 162/407 Test #153: ep-engine_ep_unit_tests.AllBucketTypes/DurabilityActiveStreamTest .............................................................} ( http://cv.jenkins.couchbase.com/job/kv_engine-windows-master/35465/ )

http://cv.jenkins.couchbase.com/job/kv_engine-clang_format_9/7209/ : SUCCESS

http://cv.jenkins.couchbase.com/job/kv_engine-clang_analyzer-master/30316/ : SUCCESS

http://cv.jenkins.couchbase.com/job/kv_engine-clang_tidy/8660/ : SUCCESS

http://cv.jenkins.couchbase.com/job/kv_engine.macos/job/master/9266/ : SUCCESS

http://cv.jenkins.couchbase.com/job/kv_engine.linux-CE/job/master/10192/ : SUCCESS

http://cv.jenkins.couchbase.com/job/kv_engine.linux/job/master/10335/ : SUCCESS

http://cv.jenkins.couchbase.com/job/kv_engine.threadsanitizer/job/master/10585/ : SUCCESS

http://cv.jenkins.couchbase.com/job/kv_engine.ASan-UBSan/job/master/18138/ : SUCCESS
----------------------------------------------------------------------------------------------------------------------
Author: Build Bot
Date: 2021-05-04 09:13:27.000000000
Message: 
Patch Set 8:

Build Failed 

http://cv.jenkins.couchbase.com/job/kv_engine-windows-master/35477/ : FAILURE

Timeout of a CTest test 407/407 Test #404: cluster_test ..................................................................................................................} ( http://cv.jenkins.couchbase.com/job/kv_engine-windows-master/35477/ )

http://cv.jenkins.couchbase.com/job/kv_engine-clang_format_9/7209/ : SUCCESS

http://cv.jenkins.couchbase.com/job/kv_engine-clang_analyzer-master/30316/ : SUCCESS

http://cv.jenkins.couchbase.com/job/kv_engine-clang_tidy/8660/ : SUCCESS

http://cv.jenkins.couchbase.com/job/kv_engine.macos/job/master/9266/ : SUCCESS

http://cv.jenkins.couchbase.com/job/kv_engine.linux-CE/job/master/10192/ : SUCCESS

http://cv.jenkins.couchbase.com/job/kv_engine.linux/job/master/10335/ : SUCCESS

http://cv.jenkins.couchbase.com/job/kv_engine.threadsanitizer/job/master/10585/ : SUCCESS

http://cv.jenkins.couchbase.com/job/kv_engine.ASan-UBSan/job/master/18138/ : SUCCESS
----------------------------------------------------------------------------------------------------------------------
Author: Build Bot
Date: 2021-05-04 09:59:06.000000000
Message: 
Patch Set 8: Verified+1

Build Successful 

http://cv.jenkins.couchbase.com/job/kv_engine-clang_format_9/7209/ : SUCCESS

http://cv.jenkins.couchbase.com/job/kv_engine-clang_analyzer-master/30316/ : SUCCESS

http://cv.jenkins.couchbase.com/job/kv_engine-clang_tidy/8660/ : SUCCESS

http://cv.jenkins.couchbase.com/job/kv_engine.macos/job/master/9266/ : SUCCESS

http://cv.jenkins.couchbase.com/job/kv_engine.linux-CE/job/master/10192/ : SUCCESS

http://cv.jenkins.couchbase.com/job/kv_engine.linux/job/master/10335/ : SUCCESS

http://cv.jenkins.couchbase.com/job/kv_engine.threadsanitizer/job/master/10585/ : SUCCESS

http://cv.jenkins.couchbase.com/job/kv_engine.ASan-UBSan/job/master/18138/ : SUCCESS

http://cv.jenkins.couchbase.com/job/kv_engine-windows-master/35482/ : SUCCESS
----------------------------------------------------------------------------------------------------------------------
Author: Dave Rigby
Date: 2021-05-05 21:01:36.000000000
Message: 
Patch Set 8: Code-Review-1

(2 comments)
Line:397, engines/ep/src/durability/passive_durability_monitor.cc -> Style: use of a std::pair doesn't really add much here, and arguably reduces readability.

One would typically use a std::pair when the language requires a single variable/object, and where the names of the aggregation don't mean much (i.e "first" / "second" is no more meaningful than a custom struct). However here  you already have the a SnapshotEndInfo struct which describes exactly the information we need, with nice named fields - which you could just use directly:

Consider what this would look like with just using that type:

 std::string lastRecvSnapEndDetails;
 if (!s->receivedSnapshotEnds.empty()) {
     auto lastSnapshot = ...;
     lastRecvSnapEndDetails = fmt::format(
         ", lastRecievedSnapEnd:[seqno:{}, type:{}]",
          lastSnapshot.seqno, lastSnapshot.type);
 }
 ...
 fmt::format("Pending resolution for ...{}",
             ...,
             lastRecvSnapEndDetails);

Line:401, engines/ep/src/durability/passive_durability_monitor.cc -> the `to_string` here shouldn't be necessary - one of the benefits of fmtlib is it handles the stringification of types automatically. If it doesn't currently work without the explicit `to_string`, check we have a correct operator<< for CheckpointType.

----------------------------------------------------------------------------------------------------------------------
Author: Richard de Mellow
Date: 2021-05-06 07:56:02.000000000
Message: 
Patch Set 8:

(1 comment)
Line:401, engines/ep/src/durability/passive_durability_monitor.cc -> we don't currently have a stream operator for SnapshotEndInfo hence the route I went down. Though might be more sensible for me to use a std::optional< SnapshotEndInfo> to store the value then call to_string_or_none() on the optional.

----------------------------------------------------------------------------------------------------------------------
Author: Dave Rigby
Date: 2021-05-06 08:17:06.000000000
Message: 
Patch Set 8:

(1 comment)
Line:401, engines/ep/src/durability/passive_durability_monitor.cc -> Note I wasn’t necessarily suggesting to print the struct directly, you’ll see my example was just printing the individual members.

----------------------------------------------------------------------------------------------------------------------
