======================================================================================================================
DESCRIPTION:

MB-55739: Add magma block sizes initialization

Add tests to verify dynamic changes to magma block sizes.

Change-Id: I31e0f64479b70d7437224561b852203144cd46b2

======================================================================================================================
COMMENTS
======================================================================================================================
Author: Scott Lashley
Date: 2023-02-28 17:57:21.000000000
Message: 
Uploaded patch set 2.
----------------------------------------------------------------------------------------------------------------------
Author: Restriction Checker
Date: 2023-02-28 17:57:33.000000000
Message: 
Patch Set 2: Well-Formed+1

Permission granted to commit: 

https://server.jenkins.couchbase.com/job/restricted-branch-check/340636/artifact/restricted.html : SUCCESS
----------------------------------------------------------------------------------------------------------------------
Author: Build Bot
Date: 2023-02-28 18:25:34.000000000
Message: 
Patch Set 2: Verified-1

Build Failed 

https://cv.jenkins.couchbase.com/job/kv_engine-windows-neo/1575/ : FAILURE

Failure of an engine_testapp test:

<pre>
Running [29/93]: test dcp consumer hotness data...(35 ms) OK


99% tests passed, 1 tests failed out of 435

Total Test time (real) = 354.80 sec

The following tests FAIL
</pre>
 ( https://cv.jenkins.couchbase.com/job/kv_engine-windows-neo/1575/ )

Timeout of a CTest test 435/435 Test #302: ep_testsuite_dcp.full_eviction.comp_passive ...................................................................................} ( https://cv.jenkins.couchbase.com/job/kv_engine-windows-neo/1575/ )

https://cv.jenkins.couchbase.com/job/kv_engine.macos/job/neo/1670/ : FAILURE

No problems were identified. If you know why this problem occurred, please add a suitable Cause for it. ( https://cv.jenkins.couchbase.com/job/kv_engine.macos/job/neo/1670/ )

https://cv.jenkins.couchbase.com/job/kv_engine-clang_tidy-neo/1294/ : SUCCESS

https://cv.jenkins.couchbase.com/job/kv_engine-clang_analyzer-neo/1248/ : SUCCESS

https://cv.jenkins.couchbase.com/job/kv_engine-clang_format_9/23017/ : SUCCESS

https://cv.jenkins.couchbase.com/job/kv_engine.aarch64-linux/job/neo/1331/ : SUCCESS

https://cv.jenkins.couchbase.com/job/kv_engine.ASan-UBSan/job/neo/1323/ : SUCCESS

https://cv.jenkins.couchbase.com/job/kv_engine.threadsanitizer/job/neo/1321/ : SUCCESS

https://cv.jenkins.couchbase.com/job/kv_engine.linux/job/neo/1318/ : SUCCESS

https://cv.jenkins.couchbase.com/job/kv_engine.linux-CE/job/neo/1326/ : SUCCESS

https://cv.jenkins.couchbase.com/job/kv_engine.libFuzzer/job/neo/1286/ : SUCCESS
----------------------------------------------------------------------------------------------------------------------
Author: Dave Rigby
Date: 2023-02-28 19:08:13.000000000
Message: 
Patch Set 2: Code-Review-1

(1 comment)
Line:489, engines/ep/tests/module_tests/magma_bucket_tests.cc -> These tests are good to cover the dynamic changing use-case, but it would also be good to add some tests which cover the bug seen here - namely that when constructing a MagmaKVStoreConfig; the relevant fields are set from the passed in Configuration object.

----------------------------------------------------------------------------------------------------------------------
Author: Build Bot
Date: 2023-02-28 19:14:38.000000000
Message: 
Patch Set 2:

Build Failed 

https://cv.jenkins.couchbase.com/job/kv_engine.macos/job/neo/1671/ : FAILURE

No problems were identified. If you know why this problem occurred, please add a suitable Cause for it. ( https://cv.jenkins.couchbase.com/job/kv_engine.macos/job/neo/1671/ )

https://cv.jenkins.couchbase.com/job/kv_engine-windows-neo/1577/ : FAILURE

Failure of an engine_testapp test:

<pre>
Running [39/93]: test failover scenario one with dcp...(128 ms) OK


99% tests passed, 1 tests failed out of 435

Total Test time (real) = 366.87 sec

The following tests FAIL
</pre>
 ( https://cv.jenkins.couchbase.com/job/kv_engine-windows-neo/1577/ )

Timeout of a CTest test 435/435 Test #306: ep_testsuite_dcp.value_eviction.magma .........................................................................................} ( https://cv.jenkins.couchbase.com/job/kv_engine-windows-neo/1577/ )

https://cv.jenkins.couchbase.com/job/kv_engine-clang_tidy-neo/1294/ : SUCCESS

https://cv.jenkins.couchbase.com/job/kv_engine-clang_analyzer-neo/1248/ : SUCCESS

https://cv.jenkins.couchbase.com/job/kv_engine-clang_format_9/23017/ : SUCCESS

https://cv.jenkins.couchbase.com/job/kv_engine.aarch64-linux/job/neo/1331/ : SUCCESS

https://cv.jenkins.couchbase.com/job/kv_engine.ASan-UBSan/job/neo/1323/ : SUCCESS

https://cv.jenkins.couchbase.com/job/kv_engine.threadsanitizer/job/neo/1321/ : SUCCESS

https://cv.jenkins.couchbase.com/job/kv_engine.linux/job/neo/1318/ : SUCCESS

https://cv.jenkins.couchbase.com/job/kv_engine.linux-CE/job/neo/1326/ : SUCCESS

https://cv.jenkins.couchbase.com/job/kv_engine.libFuzzer/job/neo/1286/ : SUCCESS
----------------------------------------------------------------------------------------------------------------------
Author: Scott Lashley
Date: 2023-02-28 19:26:20.000000000
Message: 
Patch Set 2:

(1 comment)
Line:489, engines/ep/tests/module_tests/magma_bucket_tests.cc -> Could you point to a similar test so I can copy the structure of the test?

----------------------------------------------------------------------------------------------------------------------
Author: Dave Rigby
Date: 2023-02-28 19:34:39.000000000
Message: 
Patch Set 2:

(1 comment)
Line:489, engines/ep/tests/module_tests/magma_bucket_tests.cc -> You could probably start with MagmaKVStoreTest (https://github.com/couchbase/kv_engine/blob/master/engines/ep/tests/module_tests/magma-kvstore_test.cc#L29) - but instead move the code in SetUp() into a member function which can specify the extra config string to pass to Configuration. 

You can then call that function to make the Configuration class with the param string you want, then MagmaKVStoreConfig from that, and finally Magma and check that at each level you've set the block sizes as you want them to be.

----------------------------------------------------------------------------------------------------------------------
Author: Build Bot
Date: 2023-02-28 19:48:27.000000000
Message: 
Patch Set 2:

Build Failed 

https://cv.jenkins.couchbase.com/job/kv_engine.macos/job/neo/1672/ : FAILURE

No problems were identified. If you know why this problem occurred, please add a suitable Cause for it. ( https://cv.jenkins.couchbase.com/job/kv_engine.macos/job/neo/1672/ )

https://cv.jenkins.couchbase.com/job/kv_engine-windows-neo/1578/ : FAILURE

Failure of an engine_testapp test:

<pre>
Running [122/160]: test add ret meta error...(59 ms) OK


99% tests passed, 2 tests failed out of 435

Total Test time (real) = 688.17 sec

The following tests FAIL
</pre>
 ( https://cv.jenkins.couchbase.com/job/kv_engine-windows-neo/1578/ )

Failure of GoogleTest "FullAndValueEvictionOnReplicaAndPending/RollbackDcpTest.RollbackSyncDeleteCommitOnTopOfAbortedSyncDelete/persistent_couchdb_full_eviction_replica":

<pre>
[ RUN      ] FullAndValueEvictionOnReplicaAndPending/RollbackDcpTest.RollbackSyncDeleteCommitOnTopOfAbortedSyncDelete/persistent_couchdb_full_eviction_replica
unknown file: error: C++ exception with description "KVStoreFactory ctor: Specified dbname "ep_engine_ep_unit_tests.db/test.064101" is not a directory" thrown in SetUp().
unknown file: error: SEH exception with code 0xc0000005 thrown in TearDown().
[  FAILED  ] FullAndValueEvictionOnReplicaAndPending/RollbackDcpTest.RollbackSyncDeleteCommitOnTopOfAbortedSyncDelete/persistent_couchdb_full_eviction_replica, where GetParam() = ("persistent_couchdb", "full_eviction", "replica") (2 ms)
FullAndValueEvictionOnReplicaAndPending/RollbackDcpTest.RollbackSyncDeleteCommitOnTopOfAbortedSyncDelete/persistent_couchdb_full_eviction_replica
</pre>
 ( https://cv.jenkins.couchbase.com/job/kv_engine-windows-neo/1578/ )

Timeout of a CTest test 435/435 Test #286: ep_testsuite.full_eviction.comp_passive .......................................................................................} ( https://cv.jenkins.couchbase.com/job/kv_engine-windows-neo/1578/ )

https://cv.jenkins.couchbase.com/job/kv_engine-clang_tidy-neo/1294/ : SUCCESS

https://cv.jenkins.couchbase.com/job/kv_engine-clang_analyzer-neo/1248/ : SUCCESS

https://cv.jenkins.couchbase.com/job/kv_engine-clang_format_9/23017/ : SUCCESS

https://cv.jenkins.couchbase.com/job/kv_engine.aarch64-linux/job/neo/1331/ : SUCCESS

https://cv.jenkins.couchbase.com/job/kv_engine.ASan-UBSan/job/neo/1323/ : SUCCESS

https://cv.jenkins.couchbase.com/job/kv_engine.threadsanitizer/job/neo/1321/ : SUCCESS

https://cv.jenkins.couchbase.com/job/kv_engine.linux/job/neo/1318/ : SUCCESS

https://cv.jenkins.couchbase.com/job/kv_engine.linux-CE/job/neo/1326/ : SUCCESS

https://cv.jenkins.couchbase.com/job/kv_engine.libFuzzer/job/neo/1286/ : SUCCESS
----------------------------------------------------------------------------------------------------------------------
Author: Build Bot
Date: 2023-02-28 20:30:34.000000000
Message: 
Patch Set 2: Verified+1

Build Successful 

https://cv.jenkins.couchbase.com/job/kv_engine-clang_tidy-neo/1294/ : SUCCESS

https://cv.jenkins.couchbase.com/job/kv_engine-clang_analyzer-neo/1248/ : SUCCESS

https://cv.jenkins.couchbase.com/job/kv_engine-clang_format_9/23017/ : SUCCESS

https://cv.jenkins.couchbase.com/job/kv_engine.aarch64-linux/job/neo/1331/ : SUCCESS

https://cv.jenkins.couchbase.com/job/kv_engine.ASan-UBSan/job/neo/1323/ : SUCCESS

https://cv.jenkins.couchbase.com/job/kv_engine.threadsanitizer/job/neo/1321/ : SUCCESS

https://cv.jenkins.couchbase.com/job/kv_engine.linux/job/neo/1318/ : SUCCESS

https://cv.jenkins.couchbase.com/job/kv_engine.linux-CE/job/neo/1326/ : SUCCESS

https://cv.jenkins.couchbase.com/job/kv_engine.libFuzzer/job/neo/1286/ : SUCCESS

https://cv.jenkins.couchbase.com/job/kv_engine.macos/job/neo/1673/ : SUCCESS

https://cv.jenkins.couchbase.com/job/kv_engine-windows-neo/1579/ : SUCCESS
----------------------------------------------------------------------------------------------------------------------
Author: Scott Lashley
Date: 2023-02-28 23:34:25.000000000
Message: 
Patch Set 2:

(1 comment)
Line:489, engines/ep/tests/module_tests/magma_bucket_tests.cc -> Done

----------------------------------------------------------------------------------------------------------------------
