======================================================================================================================
DESCRIPTION:

wip

Change-Id: Idcbf1737b80c3d3b92ed62adb3d4d164a2cf4266

======================================================================================================================
COMMENTS
======================================================================================================================
Author: Ben Huddleston
Date: 2022-02-08 14:31:30.000000000
Message: 
Uploaded patch set 1.
----------------------------------------------------------------------------------------------------------------------
Author: Build Bot
Date: 2022-02-08 17:35:30.000000000
Message: 
Patch Set 1: Verified-1 Code-Review-1

Build Failed 

http://cv.jenkins.couchbase.com/job/kv_engine.ASan-UBSan/job/master/25542/ : ABORTED

http://cv.jenkins.couchbase.com/job/kv_engine-clang_tidy-master/15407/ : FAILURE

clang-tidy found the following problems:

<pre>
/home/couchbase/jenkins/workspace/kv_engine-clang_tidy-master/build-kv_engine-clang-tidy/tlm/deps/folly.exploded/include/folly/Optional.h:120:31: error: no matching member function for call to "value" [clang-diagnostic-error]
      construct(std::move(src.value()));
                              ^
/home/couchbase/jenkins/workspace/kv_engine-clang_tidy-master/build-kv_engine-clang-tidy/tlm/deps/folly.exploded/include/folly/concurrency/UnboundedQueue.h:464:12: note: in instantiation of member function "folly::Optional<CustomFollyCPUExecutor::QueueElem>::Optional" requested here
    return ret;
           ^
/home/couchbase/jenkins/workspace/kv_engine-clang_tidy-master/build-kv_engine-clang-tidy/tlm/deps/folly.exploded/include/folly/concurrency/UnboundedQueue.h:436:14: note: in instantiation of function template specialization "folly::UnboundedQueue<CustomFollyCPUExecutor::QueueElem, false, false, false, 6, 7, atomic>::tryDequeueUntilSC<std::chrono::_V2::steady_clock, std::chrono::duration<long, std::ratio<1, 1000000000> > >" requested here
      return tryDequeueUntilSC(s, deadline);
             ^
/home/couchbase/jenkins/workspace/kv_engine-clang_tidy-master/build-kv_engine-clang-tidy/tlm/deps/folly.exploded/include/folly/concurrency/UnboundedQueue.h:340:12: note: in instantiation of function template specialization "folly::UnboundedQueue<CustomFollyCPUExecutor::QueueElem, false, false, false, 6, 7, atomic>::tryDequeueUntil<std::chrono::_V2::steady_clock, std::chrono::duration<long, std::ratio<1, 1000000000> > >" requested here
    return tryDequeueUntil(std::chrono::steady_clock::now() + duration);
           ^
/home/couchbase/jenkins/workspace/kv_engine-clang_tidy-master/kv_engine/executor/custom_cpu_executor.h:33:31: note: in instantiation of function template specialization "folly::UnboundedQueue<CustomFollyCPUExecutor::QueueElem, false, false, false, 6, 7, atomic>::try_dequeue_for<long, std::ratio<1, 1000> >" requested here
            auto task = tasks.try_dequeue_for(std::chrono::milliseconds(1));
                              ^
/home/couchbase/jenkins/workspace/kv_engine-clang_tidy-master/build-kv_engine-clang-tidy/tlm/deps/folly.exploded/include/folly/Optional.h:269:21: note: candidate function not viable: no known conversion from "Optional<...>" to "Optional<...>" for object argument
  constexpr Value&& value() && {
                    ^
/home/couchbase/jenkins/workspace/kv_engine-clang_tidy-master/build-kv_engine-clang-tidy/tlm/deps/folly.exploded/include/folly/Optional.h:274:27: note: candidate function not viable: no known conversion from "Optional<...>" to "const Optional<...>" for object argument
  constexpr const Value&& value() const&& {
                          ^
/home/couchbase/jenkins/workspace/kv_engine-clang_tidy-master/build-kv_engine-clang-tidy/tlm/deps/folly.exploded/include/folly/Optional.h:300:12: error: no matching member function for call to "value" [clang-diagnostic-error]
    return value();
           ^
/home/couchbase/jenkins/workspace/kv_engine-clang_tidy-master/kv_engine/executor/custom_cpu_executor.h:48:51: note: in instantiation of member function "folly::Optional<CustomFollyCPUExecutor::QueueElem>::operator*" requested here
                tasksToCancel.push_back(std::move(*elem));
                                                  ^
/home/couchbase/jenkins/workspace/kv_engine-clang_tidy-master/build-kv_engine-clang-tidy/tlm/deps/folly.exploded/include/folly/Optional.h:269:21: note: candidate function not viable: "this" argument has type "const folly::Optional<CustomFollyCPUExecutor::QueueElem>", but method is not marked const
  constexpr Value&& value() && {
                    ^
/home/couchbase/jenkins/workspace/kv_engine-clang_tidy-master/build-kv_engine-clang-tidy/tlm/deps/folly.exploded/include/folly/Optional.h:274:27: note: candidate function not viable: no known conversion from "const Optional<...>" to "const Optional<...>" for object argument
  constexpr const Value&& value() const&& {
                          ^
/home/couchbase/jenkins/workspace/kv_engine-clang_tidy-master/build-kv_engine-clang-tidy/tlm/deps/folly.exploded/include/folly/Optional.h:303:12: error: binding reference of type "CustomFollyCPUExecutor::QueueElem" to value of type "const CustomFollyCPUExecutor::QueueElem" drops "const" qualifier [clang-diagnostic-error]
    return value();
           ^
/home/couchbase/jenkins/workspace/kv_engine-clang_tidy-master/kv_engine/executor/custom_cpu_executor.h:46:53: note: in instantiation of member function "folly::Optional<CustomFollyCPUExecutor::QueueElem>::operator*" requested here
                tasksToPushBack.push_back(std::move(*elem));
                                                    ^
/home/couchbase/jenkins/workspace/kv_engine-clang_tidy-master/kv_engine/executor/custom_cpu_executor.h:13:28: warning: pass by value and use std::move [modernize-pass-by-value]
    CustomFollyCPUExecutor(std::function<void(size_t)> cancelFunc,
                           ^
/home/couchbase/jenkins/workspace/kv_engine-clang_tidy-master/kv_engine/executor/custom_cpu_executor.h:19:12: error: call to deleted constructor of "folly::Func" (aka "Function<void ()>") [clang-diagnostic-error]
    struct QueueElem {
           ^
/opt/gcc-10.2.0/lib/gcc/x86_64-pc-linux-gnu/10.2.0/../../../../include/c++/10.2.0/ext/new_allocator.h:150:23: note: in implicit copy constructor for "CustomFollyCPUExecutor::QueueElem" first required here
        { ::new((void *)__p) _Up(std::forward<_Args>(__args)...); }
                             ^
/opt/gcc-10.2.0/lib/gcc/x86_64-pc-linux-gnu/10.2.0/../../../../include/c++/10.2.0/bits/alloc_traits.h:512:8: note: in instantiation of function template specialization "__gnu_cxx::new_allocator<CustomFollyCPUExecutor::QueueElem>::construct<CustomFollyCPUExecutor::QueueElem, const CustomFollyCPUExecutor::QueueElem &>" requested here
          __a.construct(__p, std::forward<_Args>(__args)...);
              ^
/opt/gcc-10.2.0/lib/gcc/x86_64-pc-linux-gnu/10.2.0/../../../../include/c++/10.2.0/bits/stl_vector.h:1192:21: note: in instantiation of function template specialization "std::allocator_traits<std::allocator<CustomFollyCPUExecutor::QueueElem> >::construct<CustomFollyCPUExecutor::QueueElem, const CustomFollyCPUExecutor::QueueElem &>" requested here
            _Alloc_traits::construct(this->_M_impl, this->_M_impl._M_finish,
                           ^
/home/couchbase/jenkins/workspace/kv_engine-clang_tidy-master/kv_engine/executor/custom_cpu_executor.h:48:31: note: in instantiation of member function "std::vector<CustomFollyCPUExecutor::QueueElem, std::allocator<CustomFollyCPUExecutor::QueueElem> >::push_back" requested here
                tasksToCancel.push_back(std::move(*elem));
                              ^
/home/couchbase/jenkins/workspace/kv_engine-clang_tidy-master/build-kv_engine-clang-tidy/tlm/deps/folly.exploded/include/folly/Function.h:695:3: note: "Function" has been explicitly marked deleted here
  Function(const Function&) = delete;
  ^
/home/couchbase/jenkins/workspace/kv_engine-clang_tidy-master/kv_engine/executor/custom_cpu_executor.h:20:19: error: unknown type name "Taskable" [clang-diagnostic-error]
        QueueElem(Taskable& taskable, size_t taskId, folly::Func func)
                  ^
/home/couchbase/jenkins/workspace/kv_engine-clang_tidy-master/kv_engine/executor/custom_cpu_executor.h:24:9: error: unknown type name "Taskable" [clang-diagnostic-error]
        Taskable& owner;
        ^
/home/couchbase/jenkins/workspace/kv_engine-clang_tidy-master/kv_engine/executor/custom_cpu_executor.h:29:23: error: unknown type name "Taskable" [clang-diagnostic-error]
    void addWithOwner(Taskable& taskable, size_t taskId, folly::Func func) {
                      ^
/home/couchbase/jenkins/workspace/kv_engine-clang_tidy-master/kv_engine/executor/custom_cpu_executor.h:40:39: error: unknown type name "Taskable" [clang-diagnostic-error]
    void removeTasksForTaskable(const Taskable& taskable) {
                                      ^
/home/couchbase/jenkins/workspace/kv_engine-clang_tidy-master/kv_engine/executor/custom_cpu_executor.h:43:61: error: member access into incomplete type "const Taskable" [clang-diagnostic-error]
        LOG_DEBUG("Removing tasks for taskable {}", taskable.getName());
                                                            ^
/home/couchbase/jenkins/workspace/kv_engine-clang_tidy-master/kv_engine/executor/executorpool.h:23:7: note: forward declaration of "Taskable"
class Taskable;
      ^
/home/couchbase/jenkins/workspace/kv_engine-clang_tidy-master/kv_engine/executor/custom_cpu_executor.h:60:13: error: use of undeclared identifier "LOG_DEBUG" [clang-diagnostic-error]
            LOG_DEBUG("Cancelling task from runningQ with ID:{}",
            ^

</pre> ( http://cv.jenkins.couchbase.com/job/kv_engine-clang_tidy-master/15407/ )

Compile error at /home/couchbase/jenkins/workspace/kv_engine-clang_tidy-master/build-kv_engine-clang-tidy/tlm/deps/folly.exploded/include/folly/Optional.h:120:31:
error: no matching member function for call to "value" [clang-diagnostic-error]
 ( http://cv.jenkins.couchbase.com/job/kv_engine-clang_tidy-master/15407/ )

http://cv.jenkins.couchbase.com/job/kv_engine-windows-master/43669/ : FAILURE

Failure of GoogleTest "TestappTest.CollectionsSelectBucket":

<pre>
[ RUN      ] TestappTest.CollectionsSelectBucket
unknown file: error: C++ exception with description "MemcachedConnection::recvFrame(): Timed out after waiting 20000ms for a response for DELETE_BUCKET" thrown in the test body.
[  FAILED  ] TestappTest.CollectionsSelectBucket (20011 ms)
TestappTest.CollectionsSelectBucket
</pre>
 ( http://cv.jenkins.couchbase.com/job/kv_engine-windows-master/43669/ )

Failure of an engine_testapp test:

<pre>
Running [0004/0018]: Multi bucket latency...



78% tests passed, 93 tests failed out of 421

Total Test time (real) = 3204.17 sec

The following tests FAIL
</pre>
 ( http://cv.jenkins.couchbase.com/job/kv_engine-windows-master/43669/ )

Timeout of a CTest test 184/421 Test  #19: ep-engine_ep_unit_tests.BucketLoggerEngineTest ................................................................................} ( http://cv.jenkins.couchbase.com/job/kv_engine-windows-master/43669/ )

http://cv.jenkins.couchbase.com/job/kv_engine-clang_analyzer-master/36849/ : FAILURE

Compile error at /home/couchbase/jenkins/workspace/kv_engine-clang_analyzer-master/kv_engine/executor/custom_cpu_executor.h:43:61:
error: member access into incomplete type "const Taskable"
 ( http://cv.jenkins.couchbase.com/job/kv_engine-clang_analyzer-master/36849/ )

http://cv.jenkins.couchbase.com/job/kv_engine.linux/job/master/17446/ : FAILURE

Failure of GoogleTest "TransportProtocols/BucketTest.TestBucketIsolationAndMaxBuckets/McbpSsl":

<pre>
[ RUN      ] TransportProtocols/BucketTest.TestBucketIsolationAndMaxBuckets/McbpSsl
[2022-02-08T15:05:39.490Z] WARNING: Logging before InitGoogleLogging() is written to STDERR
[2022-02-08T15:05:39.490Z] W0208 15:04:54.694983 123678 HazptrDomain.h:670] Using the default inline executor for asynchronous reclamation may be susceptible to deadlock if the current thread happens to hold a resource needed by the deleter of a reclaimable object
[2022-02-08T15:05:39.490Z] unknown file: Failure
[2022-02-08T15:05:39.490Z] C++ exception with description "MemcachedConnection::recvFrame(): Timed out after waiting 20000ms for a response for DELETE_BUCKET" thrown in the test body.
[2022-02-08T15:05:39.490Z] [  FAILED  ] TransportProtocols/BucketTest.TestBucketIsolationAndMaxBuckets/McbpSsl, where GetParam() = McbpSsl (24329 ms)
TransportProtocols/BucketTest.TestBucketIsolationAndMaxBuckets/McbpSsl
</pre>
 ( http://cv.jenkins.couchbase.com/job/kv_engine.linux/job/master/17446/ )

Failure of an engine_testapp test:

<pre>
Running [0009/0018]: DCP impact on front-end latency...Latency [With background DCP] - 1000 items (�s)========================================
[2022-02-08T15:36:34.097Z] 
[2022-02-08T15:36:34.097Z]                                 Percentile           
[2022-02-08T15:36:34.097Z]                          Median     95th     99th  Std Dev  Histogram of samples
[2022-02-08T15:36:34.097Z] 
[2022-02-08T15:36:34.097Z] Add                      12.323   20.097   73.774   24.609  ????????????????????????????????
[2022-02-08T15:36:34.097Z] Get                       4.802    7.049    9.024    1.330  ????????????????????????????????
[2022-02-08T15:36:34.097Z] Replace                  10.954   14.309   42.650    7.778  ????????????????????????????????
[2022-02-08T15:36:34.097Z] Delete                    9.255   12.381   63.137    7.435  ????????????????????????????????
[2022-02-08T15:36:34.097Z]                                                             4              �s             20
[2022-02-08T15:36:34.097Z] 
[2022-02-08T15:36:34.097Z] 
[2022-02-08T15:36:34.097Z] 
[2022-02-08T15:36:34.097Z] 83% tests passed, 76 tests failed out of 441
[2022-02-08T15:36:34.097Z] 
[2022-02-08T15:36:34.097Z] Total Test time (real) = 2759.30 sec
[2022-02-08T15:36:34.097Z] 
[2022-02-08T15:36:34.097Z] The following tests FAIL
</pre>
 ( http://cv.jenkins.couchbase.com/job/kv_engine.linux/job/master/17446/ )

One of more core files found at the end of the build. Data for post-mortem saved to archived_core_dumps.tar.bz2 under "Build Artifacts". ( http://cv.jenkins.couchbase.com/job/kv_engine.linux/job/master/17446/ )

Timeout of a CTest test [2022-02-08T15:06:21.996Z]  70/441 Test #198: ep-engine_ep_unit_tests.PersistentAndEphemeral/ConnectionTest ...............................................} ( http://cv.jenkins.couchbase.com/job/kv_engine.linux/job/master/17446/ )

Test exceeded the timeout:
[2022-02-08T14:54:32.855Z] Running [0005/0093]: test dcp consumer flow control aggressive.../usr/bin/timeout: the monitored command dumped core ( http://cv.jenkins.couchbase.com/job/kv_engine.linux/job/master/17446/ )

http://cv.jenkins.couchbase.com/job/kv_engine.linux-CE/job/master/17134/ : FAILURE

Failure of GoogleTest "TransportProtocols/BucketTest.TestBucketIsolationAndMaxBuckets/McbpSsl":

<pre>
[ RUN      ] TransportProtocols/BucketTest.TestBucketIsolationAndMaxBuckets/McbpSsl
[2022-02-08T14:50:10.441Z] WARNING: Logging before InitGoogleLogging() is written to STDERR
[2022-02-08T14:50:10.441Z] W0208 14:49:27.180483 87722 HazptrDomain.h:670] Using the default inline executor for asynchronous reclamation may be susceptible to deadlock if the current thread happens to hold a resource needed by the deleter of a reclaimable object
[2022-02-08T14:50:10.441Z] unknown file: Failure
[2022-02-08T14:50:10.441Z] C++ exception with description "MemcachedConnection::recvFrame(): Timed out after waiting 20000ms for a response for DELETE_BUCKET" thrown in the test body.
[2022-02-08T14:50:10.441Z] [  FAILED  ] TransportProtocols/BucketTest.TestBucketIsolationAndMaxBuckets/McbpSsl, where GetParam() = McbpSsl (22676 ms)
TransportProtocols/BucketTest.TestBucketIsolationAndMaxBuckets/McbpSsl
</pre>
 ( http://cv.jenkins.couchbase.com/job/kv_engine.linux-CE/job/master/17134/ )

Failure of an engine_testapp test:

<pre>
Running [0003/0018]: Multi bucket latency...
[2022-02-08T15:22:21.040Z] 
[2022-02-08T15:22:21.040Z] 
[2022-02-08T15:22:21.040Z] 
[2022-02-08T15:22:21.040Z] 82% tests passed, 75 tests failed out of 422
[2022-02-08T15:22:21.040Z] 
[2022-02-08T15:22:21.040Z] Total Test time (real) = 2447.95 sec
[2022-02-08T15:22:21.040Z] 
[2022-02-08T15:22:21.040Z] The following tests FAIL
</pre>
 ( http://cv.jenkins.couchbase.com/job/kv_engine.linux-CE/job/master/17134/ )

One of more core files found at the end of the build. Data for post-mortem saved to archived_core_dumps.tar.bz2 under "Build Artifacts". ( http://cv.jenkins.couchbase.com/job/kv_engine.linux-CE/job/master/17134/ )

Timeout of a CTest test [2022-02-08T15:02:34.450Z]  89/422 Test #194: ep-engine_ep_unit_tests.PersistentAndEphemeral/ConnectionTest ...............................................} ( http://cv.jenkins.couchbase.com/job/kv_engine.linux-CE/job/master/17134/ )

Test exceeded the timeout:
[2022-02-08T14:45:31.926Z] Running [0000/0093]: test dcp vbtakeover stat no stream.../usr/bin/timeout: the monitored command dumped core ( http://cv.jenkins.couchbase.com/job/kv_engine.linux-CE/job/master/17134/ )

http://cv.jenkins.couchbase.com/job/kv_engine.threadsanitizer/job/master/18184/ : FAILURE

Failure of GoogleTest "TransportProtocols/SaslTest.TestSaslMixFrom_PLAIN/Mcbp":

<pre>
[ RUN      ] TransportProtocols/SaslTest.TestSaslMixFrom_PLAIN/Mcbp
[2022-02-08T15:52:39.464Z] [       OK ] TransportProtocols/SaslTest.TestSaslMixFrom_PLAIN/Mcbp (234 ms)
[2022-02-08T15:52:39.464Z] [ RUN      ] TransportProtocols/SaslTest.TestSaslMixFrom_PLAIN/McbpSsl
[2022-02-08T15:52:39.464Z] unknown file: Failure
[2022-02-08T15:52:39.464Z] C++ exception with description "MemcachedConnection::recvFrame(): Timed out after waiting 20000ms for a response for DELETE_BUCKET" thrown in TearDown().
[2022-02-08T15:52:39.464Z] [  FAILED  ] TransportProtocols/SaslTest.TestSaslMixFrom_PLAIN/McbpSsl, where GetParam() = McbpSsl (20123 ms)
TransportProtocols/SaslTest.TestSaslMixFrom_PLAIN/Mcbp
</pre>
 ( http://cv.jenkins.couchbase.com/job/kv_engine.threadsanitizer/job/master/18184/ )

ThreadSanitizer issue: data race (/opt/gcc-10.2.0/lib64/libtsan.so.0+0x87ab8) in operator delete(void*, unsigned long, std::align_val_t)  ( http://cv.jenkins.couchbase.com/job/kv_engine.threadsanitizer/job/master/18184/ )

Timeout of a CTest test [2022-02-08T15:10:40.688Z]   8/415 Test #300: ep_perfsuite.value_eviction .................................................................................} ( http://cv.jenkins.couchbase.com/job/kv_engine.threadsanitizer/job/master/18184/ )

http://cv.jenkins.couchbase.com/job/kv_engine.macos/job/master/16224/ : FAILURE

Failure of GoogleTest "CleanOrUnclean/PersistToTest.PersistedAfterShutdown/Unclean":

<pre>
[ RUN      ] CleanOrUnclean/PersistToTest.PersistedAfterShutdown/Unclean
[2022-02-08T15:35:42.136Z] unknown file: Failure
[2022-02-08T15:35:42.136Z] C++ exception with description "MemcachedConnection::recvFrame(): Timed out after waiting 20000ms for a response for DELETE_BUCKET" thrown in TearDown().
[2022-02-08T15:35:42.136Z] [  FAILED  ] CleanOrUnclean/PersistToTest.PersistedAfterShutdown/Unclean, where GetParam() = Unclean (20538 ms)
CleanOrUnclean/PersistToTest.PersistedAfterShutdown/Unclean
</pre>
 ( http://cv.jenkins.couchbase.com/job/kv_engine.macos/job/master/16224/ )

Timeout of a CTest test [2022-02-08T15:34:35.842Z]  63/441 Test #327: ep_perfsuite.value_eviction .................................................................................} ( http://cv.jenkins.couchbase.com/job/kv_engine.macos/job/master/16224/ )

http://cv.jenkins.couchbase.com/job/kv_engine.aarch64-linux/job/master/5115/ : FAILURE

Failure of GoogleTest "TransportProtocols/SaslTest.SinglePLAIN/Mcbp":

<pre>
[ RUN      ] TransportProtocols/SaslTest.SinglePLAIN/Mcbp
[2022-02-08T15:57:46.182Z] unknown file: Failure
[2022-02-08T15:57:46.182Z] C++ exception with description "MemcachedConnection::recvFrame(): Timed out after waiting 20000ms for a response for DELETE_BUCKET" thrown in TearDown().
[2022-02-08T15:57:46.182Z] [  FAILED  ] TransportProtocols/SaslTest.SinglePLAIN/Mcbp, where GetParam() = Mcbp (20023 ms)
TransportProtocols/SaslTest.SinglePLAIN/Mcbp
</pre>
 ( http://cv.jenkins.couchbase.com/job/kv_engine.aarch64-linux/job/master/5115/ )

Timeout of a CTest test [2022-02-08T14:50:14.806Z]  72/442 Test  #63: ep-engine_ep_unit_tests.DCPTest .............................................................................} ( http://cv.jenkins.couchbase.com/job/kv_engine.aarch64-linux/job/master/5115/ )

Test exceeded the timeout:
[2022-02-08T15:11:22.940Z] Running [0046/0159]: stats key.../usr/bin/timeout: the monitored command dumped core ( http://cv.jenkins.couchbase.com/job/kv_engine.aarch64-linux/job/master/5115/ )

http://cv.jenkins.couchbase.com/job/kv_engine-clang_format_9/14250/ : SUCCESS

http://cv.jenkins.couchbase.com/job/kv_engine.libFuzzer/job/master/5055/ : SUCCESS
----------------------------------------------------------------------------------------------------------------------
