======================================================================================================================
DESCRIPTION:

MB-49512: FollyExecutorPool cancel tasks in cpuPool queue

Add a mechanism to remove work for a given taskable from the
cpuPool queue.

This is implemented by interposing our own queue of work underneath
the queue in the cpuPool to allow us to remove tasks from the queue
when we unregister a taskable. Now, when we schedule a task we
enqueue it in a queue in a custom executor and schedule a task on the
base executor to pop a task from the queue and run it. To remove tasks
when we unregister a taskable we pop all elements of our queue and
re-push only those of the other taskables and manually cancel each
task for the taskable going away.

Change-Id: Idcbf1737b80c3d3b92ed62adb3d4d164a2cf4266

======================================================================================================================
COMMENTS
======================================================================================================================
Author: Ben Huddleston
Date: 2022-02-10 17:31:28.000000000
Message: 
Uploaded patch set 18.
----------------------------------------------------------------------------------------------------------------------
Author: Build Bot
Date: 2022-02-10 18:01:33.000000000
Message: 
Patch Set 18: Verified-1 Code-Review-1

Build Failed 

http://cv.jenkins.couchbase.com/job/kv_engine.linux-CE/job/master/17235/ : ABORTED

http://cv.jenkins.couchbase.com/job/kv_engine.threadsanitizer/job/master/18277/ : ABORTED

Build which was aborted due to a newer patch set being uploaded for the given review. ( http://cv.jenkins.couchbase.com/job/kv_engine.threadsanitizer/job/master/18277/ )

http://cv.jenkins.couchbase.com/job/kv_engine.ASan-UBSan/job/master/25642/ : ABORTED

Build which was aborted due to a newer patch set being uploaded for the given review. ( http://cv.jenkins.couchbase.com/job/kv_engine.ASan-UBSan/job/master/25642/ )

Clang linker error: linker command failed due to signal (use -v to see invocation) ( http://cv.jenkins.couchbase.com/job/kv_engine.ASan-UBSan/job/master/25642/ )

http://cv.jenkins.couchbase.com/job/kv_engine-clang_tidy-master/15501/ : FAILURE

clang-tidy found the following problems:

<pre>
/home/couchbase/jenkins/workspace/kv_engine-clang_tidy-master/build-kv_engine-clang-tidy/tlm/deps/folly.exploded/include/folly/portability/GMock.h:32:10: error: "gmock/gmock.h" file not found [clang-diagnostic-error]
#include <gmock/gmock.h>
         ^

</pre> ( http://cv.jenkins.couchbase.com/job/kv_engine-clang_tidy-master/15501/ )

Compile error at /home/couchbase/jenkins/workspace/kv_engine-clang_tidy-master/build-kv_engine-clang-tidy/tlm/deps/folly.exploded/include/folly/portability/GMock.h:32:10:
error: "gmock/gmock.h" file not found [clang-diagnostic-error]
 ( http://cv.jenkins.couchbase.com/job/kv_engine-clang_tidy-master/15501/ )

http://cv.jenkins.couchbase.com/job/kv_engine-windows-master/43805/ : FAILURE

Failure of an engine_testapp test:

<pre>
Running [0053/0159]: diskinfo stats...(212 ms) OK


99% tests passed, 1 tests failed out of 421

Total Test time (real) = 691.30 sec

The following tests FAIL
</pre>
 ( http://cv.jenkins.couchbase.com/job/kv_engine-windows-master/43805/ )

Timeout of a CTest test 421/421 Test #277: ep_testsuite.full_eviction.magma ..............................................................................................} ( http://cv.jenkins.couchbase.com/job/kv_engine-windows-master/43805/ )

http://cv.jenkins.couchbase.com/job/kv_engine.aarch64-linux/job/master/5210/ : FAILURE

Timeout of a CTest test [2022-02-10T17:50:46.063Z] 442/442 Test #210: ep-engine_ep_unit_tests.Persistent/EPEnginePersistentTest ...................................................} ( http://cv.jenkins.couchbase.com/job/kv_engine.aarch64-linux/job/master/5210/ )

Test exceeded the timeout:
[2022-02-10T17:43:48.803Z] /usr/bin/timeout: the monitored command dumped core ( http://cv.jenkins.couchbase.com/job/kv_engine.aarch64-linux/job/master/5210/ )

http://cv.jenkins.couchbase.com/job/kv_engine.linux/job/master/17543/ : FAILURE

Failure of an engine_testapp test:

<pre>
Running [0069/0093]: dcp erroneous mutations scenario.../usr/bin/timeout: the monitored command dumped core
[2022-02-10T17:55:19.728Z] 
[2022-02-10T17:55:19.728Z] 
[2022-02-10T17:55:19.728Z] 99% tests passed, 1 tests failed out of 441
[2022-02-10T17:55:19.728Z] 
[2022-02-10T17:55:19.728Z] Total Test time (real) = 281.11 sec
[2022-02-10T17:55:19.728Z] 
[2022-02-10T17:55:19.728Z] The following tests FAIL
</pre>
 ( http://cv.jenkins.couchbase.com/job/kv_engine.linux/job/master/17543/ )

One of more core files found at the end of the build. Data for post-mortem saved to archived_core_dumps.tar.bz2 under "Build Artifacts". ( http://cv.jenkins.couchbase.com/job/kv_engine.linux/job/master/17543/ )

Test exceeded the timeout:
[2022-02-10T17:55:19.728Z] Running [0069/0093]: dcp erroneous mutations scenario.../usr/bin/timeout: the monitored command dumped core ( http://cv.jenkins.couchbase.com/job/kv_engine.linux/job/master/17543/ )

http://cv.jenkins.couchbase.com/job/kv_engine-clang_format_9/14343/ : SUCCESS

http://cv.jenkins.couchbase.com/job/kv_engine-clang_analyzer-master/36937/ : SUCCESS

http://cv.jenkins.couchbase.com/job/kv_engine.macos/job/master/16318/ : SUCCESS

http://cv.jenkins.couchbase.com/job/kv_engine.libFuzzer/job/master/5149/ : SUCCESS
----------------------------------------------------------------------------------------------------------------------
Author: Build Bot
Date: 2022-02-10 18:40:40.000000000
Message: 
Patch Set 18:

Build Failed 

http://cv.jenkins.couchbase.com/job/kv_engine.linux-CE/job/master/17235/ : ABORTED

Failure of GoogleTest "TransportProtocols/XattrTest.mb25928_SystemCanExceedDocumentLimit/Mcbp_XattrYes_JsonYes_SnappyYes":

<pre>
[ RUN      ] TransportProtocols/XattrTest.mb25928_SystemCanExceedDocumentLimit/Mcbp_XattrYes_JsonYes_SnappyYes
[2022-02-10T17:57:47.751Z] /home/couchbase/jenkins/workspace/kv_engine.linux-CE_master/kv_engine/tests/testapp/testapp_xattr.cc:1916: Failure
[2022-02-10T17:57:47.751Z] Value of: resp.isSuccess()
[2022-02-10T17:57:47.751Z]   Actual: false
[2022-02-10T17:57:47.751Z] Expected: true
[2022-02-10T17:57:47.751Z] Expected to be able to store system xattrs
[2022-02-10T17:57:47.751Z] [  FAILED  ] TransportProtocols/XattrTest.mb25928_SystemCanExceedDocumentLimit/Mcbp_XattrYes_JsonYes_SnappyYes, where GetParam() = (Mcbp, XattrYes, 4-byte object <00-00 00-00>, 4-byte object <00-00 00-00>) (153 ms)
TransportProtocols/XattrTest.mb25928_SystemCanExceedDocumentLimit/Mcbp_XattrYes_JsonYes_SnappyYes
</pre>
 ( http://cv.jenkins.couchbase.com/job/kv_engine.linux-CE/job/master/17235/ )

Build which was aborted due to a newer patch set being uploaded for the given review. ( http://cv.jenkins.couchbase.com/job/kv_engine.linux-CE/job/master/17235/ )

http://cv.jenkins.couchbase.com/job/kv_engine.threadsanitizer/job/master/18277/ : ABORTED

Build which was aborted due to a newer patch set being uploaded for the given review. ( http://cv.jenkins.couchbase.com/job/kv_engine.threadsanitizer/job/master/18277/ )

http://cv.jenkins.couchbase.com/job/kv_engine-clang_tidy-master/15501/ : FAILURE

clang-tidy found the following problems:

<pre>
/home/couchbase/jenkins/workspace/kv_engine-clang_tidy-master/build-kv_engine-clang-tidy/tlm/deps/folly.exploded/include/folly/portability/GMock.h:32:10: error: "gmock/gmock.h" file not found [clang-diagnostic-error]
#include <gmock/gmock.h>
         ^

</pre> ( http://cv.jenkins.couchbase.com/job/kv_engine-clang_tidy-master/15501/ )

Compile error at /home/couchbase/jenkins/workspace/kv_engine-clang_tidy-master/build-kv_engine-clang-tidy/tlm/deps/folly.exploded/include/folly/portability/GMock.h:32:10:
error: "gmock/gmock.h" file not found [clang-diagnostic-error]
 ( http://cv.jenkins.couchbase.com/job/kv_engine-clang_tidy-master/15501/ )

http://cv.jenkins.couchbase.com/job/kv_engine-windows-master/43805/ : FAILURE

Failure of an engine_testapp test:

<pre>
Running [0053/0159]: diskinfo stats...(212 ms) OK


99% tests passed, 1 tests failed out of 421

Total Test time (real) = 691.30 sec

The following tests FAIL
</pre>
 ( http://cv.jenkins.couchbase.com/job/kv_engine-windows-master/43805/ )

Timeout of a CTest test 421/421 Test #277: ep_testsuite.full_eviction.magma ..............................................................................................} ( http://cv.jenkins.couchbase.com/job/kv_engine-windows-master/43805/ )

http://cv.jenkins.couchbase.com/job/kv_engine.aarch64-linux/job/master/5210/ : FAILURE

Timeout of a CTest test [2022-02-10T17:50:46.063Z] 442/442 Test #210: ep-engine_ep_unit_tests.Persistent/EPEnginePersistentTest ...................................................} ( http://cv.jenkins.couchbase.com/job/kv_engine.aarch64-linux/job/master/5210/ )

Test exceeded the timeout:
[2022-02-10T17:43:48.803Z] /usr/bin/timeout: the monitored command dumped core ( http://cv.jenkins.couchbase.com/job/kv_engine.aarch64-linux/job/master/5210/ )

http://cv.jenkins.couchbase.com/job/kv_engine.linux/job/master/17543/ : FAILURE

Failure of an engine_testapp test:

<pre>
Running [0069/0093]: dcp erroneous mutations scenario.../usr/bin/timeout: the monitored command dumped core
[2022-02-10T17:55:19.728Z] 
[2022-02-10T17:55:19.728Z] 
[2022-02-10T17:55:19.728Z] 99% tests passed, 1 tests failed out of 441
[2022-02-10T17:55:19.728Z] 
[2022-02-10T17:55:19.728Z] Total Test time (real) = 281.11 sec
[2022-02-10T17:55:19.728Z] 
[2022-02-10T17:55:19.728Z] The following tests FAIL
</pre>
 ( http://cv.jenkins.couchbase.com/job/kv_engine.linux/job/master/17543/ )

One of more core files found at the end of the build. Data for post-mortem saved to archived_core_dumps.tar.bz2 under "Build Artifacts". ( http://cv.jenkins.couchbase.com/job/kv_engine.linux/job/master/17543/ )

Test exceeded the timeout:
[2022-02-10T17:55:19.728Z] Running [0069/0093]: dcp erroneous mutations scenario.../usr/bin/timeout: the monitored command dumped core ( http://cv.jenkins.couchbase.com/job/kv_engine.linux/job/master/17543/ )

http://cv.jenkins.couchbase.com/job/kv_engine-clang_format_9/14343/ : SUCCESS

http://cv.jenkins.couchbase.com/job/kv_engine-clang_analyzer-master/36937/ : SUCCESS

http://cv.jenkins.couchbase.com/job/kv_engine.macos/job/master/16318/ : SUCCESS

http://cv.jenkins.couchbase.com/job/kv_engine.libFuzzer/job/master/5149/ : SUCCESS

http://cv.jenkins.couchbase.com/job/kv_engine.ASan-UBSan/job/master/25645/ : SUCCESS
----------------------------------------------------------------------------------------------------------------------
