======================================================================================================================
DESCRIPTION:

MB-47481: Disable EvictionWithoutReplicasReachesLWM test for magma

It fails intermittently.

Change-Id: Iba02c5b38832c579396eb625312e48987ee951b5

======================================================================================================================
COMMENTS
======================================================================================================================
Author: Paolo Cocchi
Date: 2021-07-20 06:09:56.000000000
Message: 
Uploaded patch set 1.
----------------------------------------------------------------------------------------------------------------------
Author: Build Bot
Date: 2021-07-20 06:36:13.000000000
Message: 
Patch Set 1: Verified-1

Build Failed 

http://cv.jenkins.couchbase.com/job/kv_engine-windows-master/37859/ : FAILURE

Failure of an engine_testapp test:

<pre>
Running [0129/0157]: test replace with eviction...W0719 23:26:44.804585 21084 HazptrDomain.h:670] Using the default inline executor for asynchronous reclamation may be susceptible to deadlock if the current thread happens to hold a resource needed by the deleter of a reclaimable object


99% tests passed, 1 tests failed out of 401

Total Test time (real) = 630.14 sec

The following tests FAIL
</pre>
 ( http://cv.jenkins.couchbase.com/job/kv_engine-windows-master/37859/ )

Timeout of a CTest test 401/401 Test #251: ep_testsuite.value_eviction.comp_passive ......................................................................................} ( http://cv.jenkins.couchbase.com/job/kv_engine-windows-master/37859/ )

http://cv.jenkins.couchbase.com/job/kv_engine-clang_format_9/9350/ : SUCCESS

http://cv.jenkins.couchbase.com/job/kv_engine-clang_tidy-master/10692/ : SUCCESS

http://cv.jenkins.couchbase.com/job/kv_engine-clang_analyzer-master/32289/ : SUCCESS

http://cv.jenkins.couchbase.com/job/kv_engine.libFuzzer/job/master/305/ : SUCCESS

http://cv.jenkins.couchbase.com/job/kv_engine.aarch64-linux/job/master/279/ : SUCCESS

http://cv.jenkins.couchbase.com/job/kv_engine.linux/job/master/12449/ : SUCCESS

http://cv.jenkins.couchbase.com/job/kv_engine.macos/job/master/11362/ : SUCCESS

http://cv.jenkins.couchbase.com/job/kv_engine.linux-CE/job/master/12276/ : SUCCESS

http://cv.jenkins.couchbase.com/job/kv_engine.threadsanitizer/job/master/12795/ : SUCCESS

http://cv.jenkins.couchbase.com/job/kv_engine.ASan-UBSan/job/master/20347/ : SUCCESS
----------------------------------------------------------------------------------------------------------------------
Author: Build Bot
Date: 2021-07-20 09:36:13.000000000
Message: 
Patch Set 1:

Build Failed 

http://cv.jenkins.couchbase.com/job/kv_engine-windows-master/37875/ : FAILURE

Failure of an engine_testapp test:

<pre>
Running [0035/0157]: test access scanner.....\kv_engine\engines\ep\tests\ep_testsuite.cc:3512 Test failed: `access log file (./ep_testsuite.full_eviction.magmaaccess.log.0) should exist (got errno:0" (cb::io::isFile(name))
(559 ms) FAIL
</pre>
 ( http://cv.jenkins.couchbase.com/job/kv_engine-windows-master/37875/ )

Timeout of a CTest test 401/401 Test #252: ep_testsuite.value_eviction.comp_active .......................................................................................} ( http://cv.jenkins.couchbase.com/job/kv_engine-windows-master/37875/ )

http://cv.jenkins.couchbase.com/job/kv_engine-clang_format_9/9350/ : SUCCESS

http://cv.jenkins.couchbase.com/job/kv_engine-clang_tidy-master/10692/ : SUCCESS

http://cv.jenkins.couchbase.com/job/kv_engine-clang_analyzer-master/32289/ : SUCCESS

http://cv.jenkins.couchbase.com/job/kv_engine.libFuzzer/job/master/305/ : SUCCESS

http://cv.jenkins.couchbase.com/job/kv_engine.aarch64-linux/job/master/279/ : SUCCESS

http://cv.jenkins.couchbase.com/job/kv_engine.linux/job/master/12449/ : SUCCESS

http://cv.jenkins.couchbase.com/job/kv_engine.macos/job/master/11362/ : SUCCESS

http://cv.jenkins.couchbase.com/job/kv_engine.linux-CE/job/master/12276/ : SUCCESS

http://cv.jenkins.couchbase.com/job/kv_engine.threadsanitizer/job/master/12795/ : SUCCESS

http://cv.jenkins.couchbase.com/job/kv_engine.ASan-UBSan/job/master/20347/ : SUCCESS
----------------------------------------------------------------------------------------------------------------------
Author: Build Bot
Date: 2021-07-20 10:06:48.000000000
Message: 
Patch Set 1:

Build Failed 

http://cv.jenkins.couchbase.com/job/kv_engine-windows-master/37884/ : FAILURE

Failure of GoogleTest "FullAndValueEvictionOnReplicaAndPending/RollbackDcpTest.RollbackCommitOnTopOfAbortedSyncWrite/couchdb_value_only_pending":

<pre>
[ RUN      ] FullAndValueEvictionOnReplicaAndPending/RollbackDcpTest.RollbackCommitOnTopOfAbortedSyncWrite/couchdb_value_only_pending
..\kv_engine\engines\ep\tests\module_tests\kv_bucket_test.cc(223): error: Value of: flush_successful
  Actual: false
Expected: true
Hit timeout (10 seconds) waiting for warmup to complete while flushing VBucket.
..\kv_engine\engines\ep\tests\module_tests\kv_bucket_test.cc(223): error: Value of: flush_successful
  Actual: false
Expected: true
Hit timeout (10 seconds) waiting for warmup to complete while flushing VBucket.
..\kv_engine\engines\ep\tests\module_tests\kv_bucket_test.cc(223): error: Value of: flush_successful
  Actual: false
Expected: true
Hit timeout (10 seconds) waiting for warmup to complete while flushing VBucket.
..\kv_engine\engines\ep\tests\module_tests\evp_store_rollback_test.cc(2044): error: Expected equality of these values:
  rollbackSeqno
    Which is: 4
  store->getVBucket(vbid)->getHighSeqno()
    Which is: 0
..\kv_engine\engines\ep\tests\module_tests\evp_store_rollback_test.cc(2048): error: Expected equality of these values:
  1
  passiveDm.getNumTracked()
    Which is: 0
..\kv_engine\engines\ep\tests\module_tests\evp_store_rollback_test.cc(2050): error: Expected equality of these values:
  highCompletedAndPreparedSeqno
    Which is: 2
  passiveDm.getHighCompletedSeqno()
    Which is: 4
..\kv_engine\engines\ep\tests\module_tests\evp_store_rollback_test.cc(2051): error: Expected equality of these values:
  htState.dump(0)
    Which is: "[\n{\n\"cas\": 999,\n\"committed\": 3,\n\"deleted\": false,\n\"flags\": 0,\n\"key\": \"cid:0x0:anykey_0_0, size:11\",\n\"l/e/d/c time\": 0,\n\"ordered\": false,\n\"resident\": true,\n\"rev\": 1,\n\"seqno\": 4\n},\n{\n\"cas\": 1626775460779851776,\n\"committed\": 0,\n\"deleted\": false,\n\"flags\": 0,\n\"key\": \"cid:0x0:anykey_0_0, size:11\",\n\"l/e/d/c time\": 0,\n\"ordered\": false,\n\"resident\": true,\n\"rev\": 1,\n\"seqno\": 1\n}\n]"
  getHtState().dump(0)
    Which is: "[]"
With diff:
@@ -1,26 +1,1 @@
-[
-{
-\"cas\": 999,
-\"committed\": 3,
-\"deleted\": false,
-\"flags\": 0,
-\"key\": \"cid:0x0:anykey_0_0, size:11\",
-\"l/e/d/c time\": 0,
-\"ordered\": false,
-\"resident\": true,
-\"rev\": 1,
-\"seqno\": 4
-},
-{
-\"cas\": 1626775460779851776,
-\"committed\": 0,
-\"deleted\": false,
-\"flags\": 0,
-\"key\": \"cid:0x0:anykey_0_0, size:11\",
-\"l/e/d/c time\": 0,
-\"ordered\": false,
-\"resident\": true,
-\"rev\": 1,
-\"seqno\": 1
-}
-]
+[]

[  FAILED  ] FullAndValueEvictionOnReplicaAndPending/RollbackDcpTest.RollbackCommitOnTopOfAbortedSyncWrite/couchdb_value_only_pending, where GetParam() = ("couchdb", "value_only", "pending") (30019 ms)
FullAndValueEvictionOnReplicaAndPending/RollbackDcpTest.RollbackCommitOnTopOfAbortedSyncWrite/couchdb_value_only_pending
</pre>
 ( http://cv.jenkins.couchbase.com/job/kv_engine-windows-master/37884/ )

http://cv.jenkins.couchbase.com/job/kv_engine-clang_format_9/9350/ : SUCCESS

http://cv.jenkins.couchbase.com/job/kv_engine-clang_tidy-master/10692/ : SUCCESS

http://cv.jenkins.couchbase.com/job/kv_engine-clang_analyzer-master/32289/ : SUCCESS

http://cv.jenkins.couchbase.com/job/kv_engine.libFuzzer/job/master/305/ : SUCCESS

http://cv.jenkins.couchbase.com/job/kv_engine.aarch64-linux/job/master/279/ : SUCCESS

http://cv.jenkins.couchbase.com/job/kv_engine.linux/job/master/12449/ : SUCCESS

http://cv.jenkins.couchbase.com/job/kv_engine.macos/job/master/11362/ : SUCCESS

http://cv.jenkins.couchbase.com/job/kv_engine.linux-CE/job/master/12276/ : SUCCESS

http://cv.jenkins.couchbase.com/job/kv_engine.threadsanitizer/job/master/12795/ : SUCCESS

http://cv.jenkins.couchbase.com/job/kv_engine.ASan-UBSan/job/master/20347/ : SUCCESS
----------------------------------------------------------------------------------------------------------------------
Author: Build Bot
Date: 2021-07-20 11:33:53.000000000
Message: 
Patch Set 1:

Build Failed 

http://cv.jenkins.couchbase.com/job/kv_engine-windows-master/37892/ : FAILURE

Failure of an engine_testapp test:

<pre>
Running [0126/0157]: test set_with_meta with item_eviction...(16 ms) SKIPPED


99% tests passed, 1 tests failed out of 401

Total Test time (real) = 935.53 sec

The following tests FAIL
</pre>
 ( http://cv.jenkins.couchbase.com/job/kv_engine-windows-master/37892/ )

Timeout of a CTest test 401/401 Test #256: ep_testsuite.ephemeral.comp_active ............................................................................................} ( http://cv.jenkins.couchbase.com/job/kv_engine-windows-master/37892/ )

http://cv.jenkins.couchbase.com/job/kv_engine-clang_format_9/9350/ : SUCCESS

http://cv.jenkins.couchbase.com/job/kv_engine-clang_tidy-master/10692/ : SUCCESS

http://cv.jenkins.couchbase.com/job/kv_engine-clang_analyzer-master/32289/ : SUCCESS

http://cv.jenkins.couchbase.com/job/kv_engine.libFuzzer/job/master/305/ : SUCCESS

http://cv.jenkins.couchbase.com/job/kv_engine.aarch64-linux/job/master/279/ : SUCCESS

http://cv.jenkins.couchbase.com/job/kv_engine.linux/job/master/12449/ : SUCCESS

http://cv.jenkins.couchbase.com/job/kv_engine.macos/job/master/11362/ : SUCCESS

http://cv.jenkins.couchbase.com/job/kv_engine.linux-CE/job/master/12276/ : SUCCESS

http://cv.jenkins.couchbase.com/job/kv_engine.threadsanitizer/job/master/12795/ : SUCCESS

http://cv.jenkins.couchbase.com/job/kv_engine.ASan-UBSan/job/master/20347/ : SUCCESS
----------------------------------------------------------------------------------------------------------------------
