======================================================================================================================
DESCRIPTION:

MB-42780: Make replica resilient to missing MARKER_FLAG_CHK

Since 6.5.0 the Active ensures that Disk snapshots are never merged into
an existing checkpoint. That is achieve by setting the MARKER_FLAG_CHK
in the SnapshotMarker sent to Replica.

That all works fine as long as Active behaves as expected.
In pre-6.5.0 we had issues where Active could miss the MARKER_FLAG_CHK
in markers. In the 6.0.1->6.6.1 upgrade scenario seen in MB-42780, one
of the effect is replica failure (with consequent rebalance/upgrade
failure).

With this patch, replica enforces the same logic that we had already
added at active in 6.5.0. That makes replica resilient to any DCP
Producer that misses to set the MARKER_FLAG_CHK properly.

Change-Id: I9b32dec1caa5b262f0cb524317624e4e955481b2

======================================================================================================================
COMMENTS
======================================================================================================================
Author: Paolo Cocchi
Date: 2020-11-19 13:16:58.000000000
Message: 
Uploaded patch set 5.
----------------------------------------------------------------------------------------------------------------------
Author: Build Bot
Date: 2020-11-19 13:17:10.000000000
Message: 
Patch Set 5: Well-Formed+1

Permission granted to commit: 

http://server.jenkins.couchbase.com/job/restricted-branch-check/210420/artifact/restricted.html : SUCCESS
----------------------------------------------------------------------------------------------------------------------
Author: Ben Huddleston
Date: 2020-11-19 13:37:04.000000000
Message: 
Patch Set 5:

(3 comments)
Line:998, engines/ep/src/dcp/passive_stream.cc -> may be worth adding the motivation (i.e. we need to create new ckpts when a 6.5+ active would on the replica if it's connected to an older active to ensure that stricter ckpt dedup checks/rules work on the replica). Current comment doesn't give much info other than go to the MB for more details.

----------------------------------------------------------------------------------------------------------------------
Author: Dave Rigby
Date: 2020-11-19 13:39:21.000000000
Message: 
Patch Set 5: Code-Review+1

(1 comment)
----------------------------------------------------------------------------------------------------------------------
Author: Build Bot
Date: 2020-11-19 13:46:11.000000000
Message: 
Patch Set 5: Verified-1

Build Failed 

http://cv.jenkins.couchbase.com/job/kv_engine-windows-madhatter/1792/ : FAILURE

Failure of an engine_testapp test:

<pre>
Running [0035/0157]: test access scanner settings (couchstore)...(135 ms) OK


99% tests passed, 1 tests failed out of 181

Total Test time (real) = 600.57 sec

The following tests FAIL
</pre>
 ( http://cv.jenkins.couchbase.com/job/kv_engine-windows-madhatter/1792/ )

Timeout of a CTest test 181/181 Test  #26: ep_testsuite.value_eviction.comp_active ......................................} ( http://cv.jenkins.couchbase.com/job/kv_engine-windows-madhatter/1792/ )

http://cv.jenkins.couchbase.com/job/kv_engine.threadsanitizer/job/mad-hatter/1513/ : FAILURE

Failure of GoogleTest "MaxConnectionTest.SystemConnection":

<pre>
[ RUN      ] MaxConnectionTest.SystemConnection
[2020-11-19T13:42:11.071Z] unknown file: Failure
[2020-11-19T13:42:11.071Z] C++ exception with description "MemcachedConnection::readPlain: failed to read data: Connection reset by peer" thrown in SetUp().
[2020-11-19T13:42:11.071Z] [  FAILED  ] MaxConnectionTest.SystemConnection (58 ms)
MaxConnectionTest.SystemConnection
</pre>
 ( http://cv.jenkins.couchbase.com/job/kv_engine.threadsanitizer/job/mad-hatter/1513/ )

Failure of an engine_testapp test:

<pre>
Running [0096/0097]: test MB-34664 (couchstore)...(293 ms) OK
[2020-11-19T13:43:08.891Z] # Passed 97 of 97 tests
[2020-11-19T13:43:08.891Z] ThreadSanitizer: reported 4 warnings
[2020-11-19T13:43:08.891Z] 
[2020-11-19T13:43:15.484Z] 179/184 Test #140: memcached_testapp.ep.TransportProtocols/BucketTest ...........................   Passed   63.80 sec
[2020-11-19T13:43:25.478Z] 180/184 Test #174: memcached_testapp.ep.TransportProtocols/WithMetaTest .........................   Passed   47.78 sec
[2020-11-19T13:43:37.691Z] 181/184 Test #150: memcached_testapp.ep.TransportProtocols/GetSetTest ...........................   Passed   78.97 sec
[2020-11-19T13:43:55.770Z] 182/184 Test #180: cluster_test .................................................................   Passed   71.72 sec
[2020-11-19T13:44:52.698Z] 183/184 Test  #23: ep-engine_ep_unit_tests ......................................................   Passed  446.67 sec
[2020-11-19T13:46:00.379Z] 184/184 Test #169: memcached_testapp.ep.Transport/McdTestappTest ................................   Passed  200.62 sec
[2020-11-19T13:46:00.379Z] 
[2020-11-19T13:46:00.379Z] 99% tests passed, 2 tests failed out of 184
[2020-11-19T13:46:00.379Z] 
[2020-11-19T13:46:00.379Z] Total Test time (real) = 514.85 sec
[2020-11-19T13:46:00.379Z] 
[2020-11-19T13:46:00.379Z] The following tests FAIL
</pre>
 ( http://cv.jenkins.couchbase.com/job/kv_engine.threadsanitizer/job/mad-hatter/1513/ )

Failure of a CTest test [2020-11-19T13:42:11.071Z] 124/184 Test #131: memcached_testapp.ep.MaxConnectionTest ....................................... ( http://cv.jenkins.couchbase.com/job/kv_engine.threadsanitizer/job/mad-hatter/1513/ )

ThreadSanitizer issue: data race ../kv_engine/engines/ep/src/dcp/passive_stream.cc:238 in PassiveStream::reconnectStream(std::shared_ptr<VBucket>&, unsigned int, unsigned long)  ( http://cv.jenkins.couchbase.com/job/kv_engine.threadsanitizer/job/mad-hatter/1513/ )

http://cv.jenkins.couchbase.com/job/kv_engine-clang_format/26215/ : SUCCESS

http://cv.jenkins.couchbase.com/job/kv_engine-clang_analyzer-mad-hatter/1604/ : SUCCESS

http://cv.jenkins.couchbase.com/job/kv_engine.linux-CE/job/mad-hatter/1733/ : SUCCESS

http://cv.jenkins.couchbase.com/job/kv_engine.macos/job/mad-hatter/1071/ : SUCCESS

http://cv.jenkins.couchbase.com/job/kv_engine.linux/job/mad-hatter/1730/ : SUCCESS

http://cv.jenkins.couchbase.com/job/kv_engine.ASan-UBSan/job/mad-hatter/1703/ : SUCCESS
----------------------------------------------------------------------------------------------------------------------
Author: Paolo Cocchi
Date: 2020-11-19 13:52:50.000000000
Message: 
Patch Set 5:

(1 comment)
----------------------------------------------------------------------------------------------------------------------
Author: Ben Huddleston
Date: 2020-11-19 14:01:43.000000000
Message: 
Patch Set 5:

(1 comment)
----------------------------------------------------------------------------------------------------------------------
Author: Paolo Cocchi
Date: 2020-11-19 14:24:41.000000000
Message: 
Patch Set 5:

(1 comment)
----------------------------------------------------------------------------------------------------------------------
Author: Paolo Cocchi
Date: 2020-11-19 15:11:29.000000000
Message: 
Patch Set 5:

(1 comment)
----------------------------------------------------------------------------------------------------------------------
Author: Paolo Cocchi
Date: 2020-11-19 15:28:42.000000000
Message: 
Patch Set 5:

ping for review
----------------------------------------------------------------------------------------------------------------------
Author: Paolo Cocchi
Date: 2020-11-19 15:34:54.000000000
Message: 
Patch Set 5:

(1 comment)
----------------------------------------------------------------------------------------------------------------------
Author: Dave Rigby
Date: 2020-11-19 15:36:29.000000000
Message: 
Patch Set 5: Code-Review+2
----------------------------------------------------------------------------------------------------------------------
Author: Build Bot
Date: 2020-11-19 15:42:25.000000000
Message: 
Patch Set 5: Verified+1

Build Successful 

http://cv.jenkins.couchbase.com/job/kv_engine-clang_format/26215/ : SUCCESS

http://cv.jenkins.couchbase.com/job/kv_engine-clang_analyzer-mad-hatter/1604/ : SUCCESS

http://cv.jenkins.couchbase.com/job/kv_engine.linux-CE/job/mad-hatter/1733/ : SUCCESS

http://cv.jenkins.couchbase.com/job/kv_engine.macos/job/mad-hatter/1071/ : SUCCESS

http://cv.jenkins.couchbase.com/job/kv_engine.threadsanitizer/job/mad-hatter/1514/ : SUCCESS

http://cv.jenkins.couchbase.com/job/kv_engine.linux/job/mad-hatter/1730/ : SUCCESS

http://cv.jenkins.couchbase.com/job/kv_engine.ASan-UBSan/job/mad-hatter/1703/ : SUCCESS

http://cv.jenkins.couchbase.com/job/kv_engine-windows-madhatter/1794/ : SUCCESS
----------------------------------------------------------------------------------------------------------------------
