======================================================================================================================
DESCRIPTION:

MB-49207: Make bgFetch take StoredValue& rather than DocKey&

In a future change we will use a "token" of the item in the
HashTable at the point of starting the BgFetch to determine if the
completion is allowed to replace the item that is there.

Change-Id: I579f83487b944c7d1352ac39245fcd4eaaf1a61c

======================================================================================================================
COMMENTS
======================================================================================================================
Author: Ben Huddleston
Date: 2021-11-15 10:39:56.000000000
Message: 
Uploaded patch set 10.
----------------------------------------------------------------------------------------------------------------------
Author: Build Bot
Date: 2021-11-15 11:14:45.000000000
Message: 
Patch Set 10: Verified-1

Build Failed 

http://cv.jenkins.couchbase.com/job/kv_engine-windows-master/41745/ : FAILURE

Timeout of a CTest test 417/417 Test #337: memcached_testapp.default.TransportProtocols/StatsTest ........................................................................} ( http://cv.jenkins.couchbase.com/job/kv_engine-windows-master/41745/ )

http://cv.jenkins.couchbase.com/job/kv_engine-clang_analyzer-master/35452/ : SUCCESS

http://cv.jenkins.couchbase.com/job/kv_engine-clang_tidy-master/13973/ : SUCCESS

http://cv.jenkins.couchbase.com/job/kv_engine-clang_format_9/12777/ : SUCCESS

http://cv.jenkins.couchbase.com/job/kv_engine.libFuzzer/job/master/3609/ : SUCCESS

http://cv.jenkins.couchbase.com/job/kv_engine.linux/job/master/15875/ : SUCCESS

http://cv.jenkins.couchbase.com/job/kv_engine.macos/job/master/14767/ : SUCCESS

http://cv.jenkins.couchbase.com/job/kv_engine.threadsanitizer/job/master/16592/ : SUCCESS

http://cv.jenkins.couchbase.com/job/kv_engine.linux-CE/job/master/15594/ : SUCCESS

http://cv.jenkins.couchbase.com/job/kv_engine.aarch64-linux/job/master/3683/ : SUCCESS

http://cv.jenkins.couchbase.com/job/kv_engine.ASan-UBSan/job/master/23954/ : SUCCESS
----------------------------------------------------------------------------------------------------------------------
Author: Build Bot
Date: 2021-11-15 13:03:48.000000000
Message: 
Patch Set 10:

Build Failed 

http://cv.jenkins.couchbase.com/job/kv_engine-windows-master/41750/ : FAILURE

Failure of an engine_testapp test:

<pre>
Running [0049/0159]: stats vkey callback tests...(9 ms) SKIPPED


99% tests passed, 1 tests failed out of 417

Total Test time (real) = 666.35 sec

The following tests FAIL
</pre>
 ( http://cv.jenkins.couchbase.com/job/kv_engine-windows-master/41750/ )

Timeout of a CTest test 417/417 Test #270: ep_testsuite.ephemeral.comp_passive ...........................................................................................} ( http://cv.jenkins.couchbase.com/job/kv_engine-windows-master/41750/ )

http://cv.jenkins.couchbase.com/job/kv_engine-clang_analyzer-master/35452/ : SUCCESS

http://cv.jenkins.couchbase.com/job/kv_engine-clang_tidy-master/13973/ : SUCCESS

http://cv.jenkins.couchbase.com/job/kv_engine-clang_format_9/12777/ : SUCCESS

http://cv.jenkins.couchbase.com/job/kv_engine.libFuzzer/job/master/3609/ : SUCCESS

http://cv.jenkins.couchbase.com/job/kv_engine.linux/job/master/15875/ : SUCCESS

http://cv.jenkins.couchbase.com/job/kv_engine.macos/job/master/14767/ : SUCCESS

http://cv.jenkins.couchbase.com/job/kv_engine.threadsanitizer/job/master/16592/ : SUCCESS

http://cv.jenkins.couchbase.com/job/kv_engine.linux-CE/job/master/15594/ : SUCCESS

http://cv.jenkins.couchbase.com/job/kv_engine.aarch64-linux/job/master/3683/ : SUCCESS

http://cv.jenkins.couchbase.com/job/kv_engine.ASan-UBSan/job/master/23954/ : SUCCESS
----------------------------------------------------------------------------------------------------------------------
Author: Build Bot
Date: 2021-11-15 15:07:36.000000000
Message: 
Patch Set 10:

Build Failed 

http://cv.jenkins.couchbase.com/job/kv_engine-windows-master/41757/ : FAILURE

Failure of an engine_testapp test:

<pre>
Running [0084/0159]: vbucket set (replica)...(42 ms) OK


99% tests passed, 1 tests failed out of 417

Total Test time (real) = 1287.22 sec

The following tests FAIL
</pre>
 ( http://cv.jenkins.couchbase.com/job/kv_engine-windows-master/41757/ )

Timeout of a CTest test 417/417 Test #271: ep_testsuite.ephemeral.comp_active ............................................................................................} ( http://cv.jenkins.couchbase.com/job/kv_engine-windows-master/41757/ )

http://cv.jenkins.couchbase.com/job/kv_engine-clang_analyzer-master/35452/ : SUCCESS

http://cv.jenkins.couchbase.com/job/kv_engine-clang_tidy-master/13973/ : SUCCESS

http://cv.jenkins.couchbase.com/job/kv_engine-clang_format_9/12777/ : SUCCESS

http://cv.jenkins.couchbase.com/job/kv_engine.libFuzzer/job/master/3609/ : SUCCESS

http://cv.jenkins.couchbase.com/job/kv_engine.linux/job/master/15875/ : SUCCESS

http://cv.jenkins.couchbase.com/job/kv_engine.macos/job/master/14767/ : SUCCESS

http://cv.jenkins.couchbase.com/job/kv_engine.threadsanitizer/job/master/16592/ : SUCCESS

http://cv.jenkins.couchbase.com/job/kv_engine.linux-CE/job/master/15594/ : SUCCESS

http://cv.jenkins.couchbase.com/job/kv_engine.aarch64-linux/job/master/3683/ : SUCCESS

http://cv.jenkins.couchbase.com/job/kv_engine.ASan-UBSan/job/master/23954/ : SUCCESS
----------------------------------------------------------------------------------------------------------------------
Author: Build Bot
Date: 2021-11-16 08:31:55.000000000
Message: 
Patch Set 10:

Build Failed 

http://cv.jenkins.couchbase.com/job/kv_engine-windows-master/41774/ : FAILURE

Failure of an engine_testapp test:

<pre>
Running [0143/0159]: multi_bucket set/get ...W1116 00:23:23.673995 110656 HazptrDomain.h:670] Using the default inline executor for asynchronous reclamation may be susceptible to deadlock if the current thread happens to hold a resource needed by the deleter of a reclaimable object


99% tests passed, 1 tests failed out of 417

Total Test time (real) = 661.15 sec

The following tests FAIL
</pre>
 ( http://cv.jenkins.couchbase.com/job/kv_engine-windows-master/41774/ )

Timeout of a CTest test 417/417 Test #267: ep_testsuite.value_eviction.comp_active .......................................................................................} ( http://cv.jenkins.couchbase.com/job/kv_engine-windows-master/41774/ )

http://cv.jenkins.couchbase.com/job/kv_engine-clang_analyzer-master/35452/ : SUCCESS

http://cv.jenkins.couchbase.com/job/kv_engine-clang_tidy-master/13973/ : SUCCESS

http://cv.jenkins.couchbase.com/job/kv_engine-clang_format_9/12777/ : SUCCESS

http://cv.jenkins.couchbase.com/job/kv_engine.libFuzzer/job/master/3609/ : SUCCESS

http://cv.jenkins.couchbase.com/job/kv_engine.linux/job/master/15875/ : SUCCESS

http://cv.jenkins.couchbase.com/job/kv_engine.macos/job/master/14767/ : SUCCESS

http://cv.jenkins.couchbase.com/job/kv_engine.threadsanitizer/job/master/16592/ : SUCCESS

http://cv.jenkins.couchbase.com/job/kv_engine.linux-CE/job/master/15594/ : SUCCESS

http://cv.jenkins.couchbase.com/job/kv_engine.aarch64-linux/job/master/3683/ : SUCCESS

http://cv.jenkins.couchbase.com/job/kv_engine.ASan-UBSan/job/master/23954/ : SUCCESS
----------------------------------------------------------------------------------------------------------------------
Author: Build Bot
Date: 2021-11-16 09:12:05.000000000
Message: 
Patch Set 10:

Build Failed 

http://cv.jenkins.couchbase.com/job/kv_engine-windows-master/41775/ : FAILURE

Failure of an engine_testapp test:

<pre>
Running [0137/0159]: test get & delete on non existent items...(6 ms) SKIPPED


99% tests passed, 1 tests failed out of 417

Total Test time (real) = 656.75 sec

The following tests FAIL
</pre>
 ( http://cv.jenkins.couchbase.com/job/kv_engine-windows-master/41775/ )

Timeout of a CTest test 417/417 Test #267: ep_testsuite.value_eviction.comp_active .......................................................................................} ( http://cv.jenkins.couchbase.com/job/kv_engine-windows-master/41775/ )

http://cv.jenkins.couchbase.com/job/kv_engine-clang_analyzer-master/35452/ : SUCCESS

http://cv.jenkins.couchbase.com/job/kv_engine-clang_tidy-master/13973/ : SUCCESS

http://cv.jenkins.couchbase.com/job/kv_engine-clang_format_9/12777/ : SUCCESS

http://cv.jenkins.couchbase.com/job/kv_engine.libFuzzer/job/master/3609/ : SUCCESS

http://cv.jenkins.couchbase.com/job/kv_engine.linux/job/master/15875/ : SUCCESS

http://cv.jenkins.couchbase.com/job/kv_engine.macos/job/master/14767/ : SUCCESS

http://cv.jenkins.couchbase.com/job/kv_engine.threadsanitizer/job/master/16592/ : SUCCESS

http://cv.jenkins.couchbase.com/job/kv_engine.linux-CE/job/master/15594/ : SUCCESS

http://cv.jenkins.couchbase.com/job/kv_engine.aarch64-linux/job/master/3683/ : SUCCESS

http://cv.jenkins.couchbase.com/job/kv_engine.ASan-UBSan/job/master/23954/ : SUCCESS
----------------------------------------------------------------------------------------------------------------------
Author: Build Bot
Date: 2021-11-16 09:48:58.000000000
Message: 
Patch Set 10: Verified+1

Build Successful 

http://cv.jenkins.couchbase.com/job/kv_engine-clang_analyzer-master/35452/ : SUCCESS

http://cv.jenkins.couchbase.com/job/kv_engine-clang_tidy-master/13973/ : SUCCESS

http://cv.jenkins.couchbase.com/job/kv_engine-clang_format_9/12777/ : SUCCESS

http://cv.jenkins.couchbase.com/job/kv_engine.libFuzzer/job/master/3609/ : SUCCESS

http://cv.jenkins.couchbase.com/job/kv_engine.linux/job/master/15875/ : SUCCESS

http://cv.jenkins.couchbase.com/job/kv_engine.macos/job/master/14767/ : SUCCESS

http://cv.jenkins.couchbase.com/job/kv_engine.threadsanitizer/job/master/16592/ : SUCCESS

http://cv.jenkins.couchbase.com/job/kv_engine.linux-CE/job/master/15594/ : SUCCESS

http://cv.jenkins.couchbase.com/job/kv_engine.aarch64-linux/job/master/3683/ : SUCCESS

http://cv.jenkins.couchbase.com/job/kv_engine.ASan-UBSan/job/master/23954/ : SUCCESS

http://cv.jenkins.couchbase.com/job/kv_engine-windows-master/41778/ : SUCCESS
----------------------------------------------------------------------------------------------------------------------
