======================================================================================================================
DESCRIPTION:

Checkpoint.cc/.h: expl. delete MemoryCounter move/copy ctor/assignment

Ensure MemoryCounters cannot be copied or moved by explicitly deleting
the two constructors and two assignment operators.

Change-Id: Ie02ca1c1598d7a21ffe50288a157a510d98b8d0e

======================================================================================================================
COMMENTS
======================================================================================================================
Author: Douglas
Date: 2022-04-25 16:46:36.000000000
Message: 
Uploaded patch set 1.
----------------------------------------------------------------------------------------------------------------------
Author: Build Bot
Date: 2022-04-25 16:48:21.000000000
Message: 
Patch Set 1: Verified+1 Code-Review+1

Build Successful 

http://cv.jenkins.couchbase.com/job/kv_engine-clang_tidy-master/16963/ : SUCCESS

http://cv.jenkins.couchbase.com/job/kv_engine-clang_format_9/15931/ : SUCCESS
----------------------------------------------------------------------------------------------------------------------
Author: Douglas
Date: 2022-04-25 16:48:33.000000000
Message: 
Set Ready For Review
----------------------------------------------------------------------------------------------------------------------
Author: Build Bot
Date: 2022-04-25 18:01:09.000000000
Message: 
Patch Set 1: Verified-1 -Code-Review

Build Failed 

http://cv.jenkins.couchbase.com/job/kv_engine-windows-master/45604/ : FAILURE

Failure of an engine_testapp test:

<pre>
Running [35/44]: test CAS regeneration lww...(105 ms) OK

        Start 424: testapp_auth_provider_test
421/427 Test #420: memcached_testapp.ep.TransportProtocols/ArithmeticTest ..................................................   Passed    3.35 sec
        Start 425: cluster_test
422/427 Test #424: testapp_auth_provider_test ..............................................................................   Passed    0.21 sec
        Start 426: memcached_unsigned_leb128_test
423/427 Test #426: memcached_unsigned_leb128_test ..........................................................................   Passed    0.12 sec
        Start 427: memcached-hostutils-test
424/427 Test #427: memcached-hostutils-test ................................................................................   Passed    0.12 sec
425/427 Test #423: memcached_testapp.ep.TransportProtocols/BucketTest ......................................................   Passed    6.73 sec
426/427 Test #425: cluster_test ............................................................................................   Passed    6.68 sec
427/427 Test #422: memcached_testapp.ep.TransportProtocols/AuditTest .......................................................   Passed   14.91 sec

99% tests passed, 1 tests failed out of 427

Total Test time (real) = 758.98 sec

The following tests FAIL
</pre>
 ( http://cv.jenkins.couchbase.com/job/kv_engine-windows-master/45604/ )

Timeout of a CTest test 420/427 Test #313: ep_testsuite_xdcr.full_eviction.magma ...................................................................} ( http://cv.jenkins.couchbase.com/job/kv_engine-windows-master/45604/ )

http://cv.jenkins.couchbase.com/job/kv_engine.macos/job/master/17869/ : FAILURE

No problems were identified. If you know why this problem occurred, please add a suitable Cause for it. ( http://cv.jenkins.couchbase.com/job/kv_engine.macos/job/master/17869/ )

http://cv.jenkins.couchbase.com/job/kv_engine.linux/job/master/19091/ : SUCCESS

http://cv.jenkins.couchbase.com/job/kv_engine.linux-CE/job/master/18747/ : SUCCESS

http://cv.jenkins.couchbase.com/job/kv_engine.libFuzzer/job/master/6622/ : SUCCESS

http://cv.jenkins.couchbase.com/job/kv_engine.ASan-UBSan/job/master/27162/ : SUCCESS

http://cv.jenkins.couchbase.com/job/kv_engine.aarch64-linux/job/master/6715/ : SUCCESS

http://cv.jenkins.couchbase.com/job/kv_engine.threadsanitizer/job/master/19789/ : SUCCESS
----------------------------------------------------------------------------------------------------------------------
Author: Build Bot
Date: 2022-04-26 08:40:29.000000000
Message: 
Patch Set 1:

Build Failed 

http://cv.jenkins.couchbase.com/job/kv_engine.macos/job/master/17895/ : FAILURE

Failure of an engine_testapp test:

<pre>
Running [42/159]: file stats post warmup...../kv_engine/engines/ep/tests/ep_testsuite.cc:2327 Test failed: `" (Expected `457114" to be less than or equal to `442368" - Unexpected fileSize for vbucket)
[2022-04-26T08:30:28.476Z] (261 ms) FAIL
</pre>
 ( http://cv.jenkins.couchbase.com/job/kv_engine.macos/job/master/17895/ )

http://cv.jenkins.couchbase.com/job/kv_engine-windows-master/45631/ : FAILURE

Failure of GoogleTest "TransportProtocols/XattrTest.mb25928_SystemCanExceedDocumentLimit/Mcbp_XattrYes_JsonNo_SnappyYes":

<pre>
[ RUN      ] TransportProtocols/XattrTest.mb25928_SystemCanExceedDocumentLimit/Mcbp_XattrYes_JsonNo_SnappyYes
unknown file: error: C++ exception with description "Failed to store TransportProtocols_XattrTest_mb25928_SystemCanExceedDocumentLimit_Mcbp_XattrYes_JsonNo_SnappyYes: Temporary failure (134)" thrown in SetUp().
[  FAILED  ] TransportProtocols/XattrTest.mb25928_SystemCanExceedDocumentLimit/Mcbp_XattrYes_JsonNo_SnappyYes, where GetParam() = (Mcbp, XattrYes, 4-byte object <01-00 00-00>, 4-byte object <00-00 00-00>) (2 ms)
TransportProtocols/XattrTest.mb25928_SystemCanExceedDocumentLimit/Mcbp_XattrYes_JsonNo_SnappyYes
</pre>
 ( http://cv.jenkins.couchbase.com/job/kv_engine-windows-master/45631/ )

http://cv.jenkins.couchbase.com/job/kv_engine.linux/job/master/19091/ : SUCCESS

http://cv.jenkins.couchbase.com/job/kv_engine.linux-CE/job/master/18747/ : SUCCESS

http://cv.jenkins.couchbase.com/job/kv_engine.libFuzzer/job/master/6622/ : SUCCESS

http://cv.jenkins.couchbase.com/job/kv_engine.ASan-UBSan/job/master/27162/ : SUCCESS

http://cv.jenkins.couchbase.com/job/kv_engine.aarch64-linux/job/master/6715/ : SUCCESS

http://cv.jenkins.couchbase.com/job/kv_engine.threadsanitizer/job/master/19789/ : SUCCESS
----------------------------------------------------------------------------------------------------------------------
Author: Build Bot
Date: 2022-04-26 09:09:45.000000000
Message: 
Patch Set 1:

Build Failed 

http://cv.jenkins.couchbase.com/job/kv_engine-windows-master/45634/ : FAILURE

Failure of an engine_testapp test:

<pre>
Running [58/159]: ep workload stats...(57 ms) OK


99% tests passed, 1 tests failed out of 427

Total Test time (real) = 700.80 sec

The following tests FAIL
</pre>
 ( http://cv.jenkins.couchbase.com/job/kv_engine-windows-master/45634/ )

Timeout of a CTest test 427/427 Test #274: ep_testsuite.value_eviction.comp_passive ................................................................} ( http://cv.jenkins.couchbase.com/job/kv_engine-windows-master/45634/ )

http://cv.jenkins.couchbase.com/job/kv_engine.linux/job/master/19091/ : SUCCESS

http://cv.jenkins.couchbase.com/job/kv_engine.linux-CE/job/master/18747/ : SUCCESS

http://cv.jenkins.couchbase.com/job/kv_engine.libFuzzer/job/master/6622/ : SUCCESS

http://cv.jenkins.couchbase.com/job/kv_engine.ASan-UBSan/job/master/27162/ : SUCCESS

http://cv.jenkins.couchbase.com/job/kv_engine.aarch64-linux/job/master/6715/ : SUCCESS

http://cv.jenkins.couchbase.com/job/kv_engine.macos/job/master/17898/ : SUCCESS

http://cv.jenkins.couchbase.com/job/kv_engine.threadsanitizer/job/master/19789/ : SUCCESS
----------------------------------------------------------------------------------------------------------------------
Author: Build Bot
Date: 2022-04-26 09:29:42.000000000
Message: 
Patch Set 1: Verified+1

Build Successful 

http://cv.jenkins.couchbase.com/job/kv_engine.linux/job/master/19091/ : SUCCESS

http://cv.jenkins.couchbase.com/job/kv_engine.linux-CE/job/master/18747/ : SUCCESS

http://cv.jenkins.couchbase.com/job/kv_engine.libFuzzer/job/master/6622/ : SUCCESS

http://cv.jenkins.couchbase.com/job/kv_engine.ASan-UBSan/job/master/27162/ : SUCCESS

http://cv.jenkins.couchbase.com/job/kv_engine.aarch64-linux/job/master/6715/ : SUCCESS

http://cv.jenkins.couchbase.com/job/kv_engine.macos/job/master/17898/ : SUCCESS

http://cv.jenkins.couchbase.com/job/kv_engine.threadsanitizer/job/master/19789/ : SUCCESS

http://cv.jenkins.couchbase.com/job/kv_engine-windows-master/45641/ : SUCCESS
----------------------------------------------------------------------------------------------------------------------
Author: Paolo Cocchi
Date: 2022-04-26 12:01:36.000000000
Message: 
Patch Set 1: Code-Review+2
----------------------------------------------------------------------------------------------------------------------
Author: Paolo Cocchi
Date: 2022-04-26 12:02:01.000000000
Message: 
Patch Set 1: -Code-Review
----------------------------------------------------------------------------------------------------------------------
Author: Paolo Cocchi
Date: 2022-04-26 12:06:06.000000000
Message: 
Patch Set 1: Code-Review+1

(1 comment)
Line:7, /COMMIT_MSG -> Same here - The MB is nice to add, and you can specify the class (Checkpoint::MemoryCounter).
I think that file names can be omitted here

----------------------------------------------------------------------------------------------------------------------
Author: Douglas
Date: 2022-04-26 13:55:12.000000000
MISMATCHED INLINE COMMENT
Line:7, /COMMIT_MSG -> Done
----------------------------------------------------------------------------------------------------------------------
