======================================================================================================================
DESCRIPTION:

MB-47604: Create secondary KVStore in NexusKVStore

Create the secondary KVstore in the NexusKVStore (defaults to a magma
instance). This highlights an issue where we run tests against magma
if it exists in the NexusKVStore but not stand-alone. Magma can't handle
being reconfigured with a different number of vBuckets (which is/was
being done in an ItemPager test) so we need to skip this test if we are
running the NexusKVStore with magma as we'd fail in the ctor. We should
also skip all of the ItemPager tests that are memory sensitive as
the presence of magma will cause them to fail.

Change-Id: Ia00ce0db9783febdbf96f8c73dcb3d84ae2df824

======================================================================================================================
COMMENTS
======================================================================================================================
Author: Ben Huddleston
Date: 2021-08-05 17:34:59.000000000
Message: 
Uploaded patch set 8: Patch Set 7 was rebased.
----------------------------------------------------------------------------------------------------------------------
Author: Build Bot
Date: 2021-08-05 18:48:36.000000000
Message: 
Patch Set 8: Verified-1

Build Failed 

http://cv.jenkins.couchbase.com/job/kv_engine-windows-master/38353/ : FAILURE

Failure of GoogleTest "CollectionsPersistent/CollectionsManifestUpdatePersistent.update_fail_persist/persistent_nexus_couchdb_magma_value_only":

<pre>
[ RUN      ] CollectionsPersistent/CollectionsManifestUpdatePersistent.update_fail_persist/persistent_nexus_couchdb_magma_value_only
unknown file: error: C++ exception with description "cb::io::rmrf: remove of file \\?\C:\Jenkins\workspace\kv_engine-windows-master\build\kv_engine\ep_engine_ep_unit_tests.db\test.867602\magma.1\wal\wal.1 under ep_engine_ep_unit_tests.db/test.867602 failed: The data is invalid." thrown in the test body.
[  FAILED  ] CollectionsPersistent/CollectionsManifestUpdatePersistent.update_fail_persist/persistent_nexus_couchdb_magma_value_only, where GetParam() = ("persistent_nexus_couchdb_magma", "value_only") (44 ms)
CollectionsPersistent/CollectionsManifestUpdatePersistent.update_fail_persist/persistent_nexus_couchdb_magma_value_only
</pre>
 ( http://cv.jenkins.couchbase.com/job/kv_engine-windows-master/38353/ )

Failure of an engine_testapp test:

<pre>
Running [0110/0157]: test sync vbucket destroy restart...E0805 10:57:32.942198 69636 NotificationQueue.h:555] [NotificationQueue] Unexpected state while draining signals: signal_=1 bytes_read=0
(265 ms) OK


99% tests passed, 2 tests failed out of 402

Total Test time (real) = 659.80 sec

The following tests FAIL
</pre>
 ( http://cv.jenkins.couchbase.com/job/kv_engine-windows-master/38353/ )

Timeout of a CTest test 402/402 Test #256: ep_testsuite.value_eviction.magma .............................................................................................} ( http://cv.jenkins.couchbase.com/job/kv_engine-windows-master/38353/ )

http://cv.jenkins.couchbase.com/job/kv_engine.threadsanitizer/job/master/13255/ : FAILURE

Timeout of a CTest test [2021-08-05T18:23:37.276Z] 252/397 Test #226: ep-engine_ep_unit_tests.KVStoreParam/KVStoreParamTest .......................................................} ( http://cv.jenkins.couchbase.com/job/kv_engine.threadsanitizer/job/master/13255/ )

http://cv.jenkins.couchbase.com/job/kv_engine-clang_format_9/9804/ : SUCCESS

http://cv.jenkins.couchbase.com/job/kv_engine-clang_tidy-master/11116/ : SUCCESS

http://cv.jenkins.couchbase.com/job/kv_engine-clang_analyzer-master/32710/ : SUCCESS

http://cv.jenkins.couchbase.com/job/kv_engine.aarch64-linux/job/master/724/ : SUCCESS

http://cv.jenkins.couchbase.com/job/kv_engine.macos/job/master/11827/ : SUCCESS

http://cv.jenkins.couchbase.com/job/kv_engine.libFuzzer/job/master/742/ : SUCCESS

http://cv.jenkins.couchbase.com/job/kv_engine.linux/job/master/12900/ : SUCCESS

http://cv.jenkins.couchbase.com/job/kv_engine.linux-CE/job/master/12712/ : SUCCESS

http://cv.jenkins.couchbase.com/job/kv_engine.ASan-UBSan/job/master/20795/ : SUCCESS
----------------------------------------------------------------------------------------------------------------------
Author: Build Bot
Date: 2021-08-05 20:19:37.000000000
Message: 
Patch Set 8:

Build Failed 

http://cv.jenkins.couchbase.com/job/kv_engine-windows-master/38353/ : FAILURE

Failure of GoogleTest "CollectionsPersistent/CollectionsManifestUpdatePersistent.update_fail_persist/persistent_nexus_couchdb_magma_value_only":

<pre>
[ RUN      ] CollectionsPersistent/CollectionsManifestUpdatePersistent.update_fail_persist/persistent_nexus_couchdb_magma_value_only
unknown file: error: C++ exception with description "cb::io::rmrf: remove of file \\?\C:\Jenkins\workspace\kv_engine-windows-master\build\kv_engine\ep_engine_ep_unit_tests.db\test.867602\magma.1\wal\wal.1 under ep_engine_ep_unit_tests.db/test.867602 failed: The data is invalid." thrown in the test body.
[  FAILED  ] CollectionsPersistent/CollectionsManifestUpdatePersistent.update_fail_persist/persistent_nexus_couchdb_magma_value_only, where GetParam() = ("persistent_nexus_couchdb_magma", "value_only") (44 ms)
CollectionsPersistent/CollectionsManifestUpdatePersistent.update_fail_persist/persistent_nexus_couchdb_magma_value_only
</pre>
 ( http://cv.jenkins.couchbase.com/job/kv_engine-windows-master/38353/ )

Failure of an engine_testapp test:

<pre>
Running [0110/0157]: test sync vbucket destroy restart...E0805 10:57:32.942198 69636 NotificationQueue.h:555] [NotificationQueue] Unexpected state while draining signals: signal_=1 bytes_read=0
(265 ms) OK


99% tests passed, 2 tests failed out of 402

Total Test time (real) = 659.80 sec

The following tests FAIL
</pre>
 ( http://cv.jenkins.couchbase.com/job/kv_engine-windows-master/38353/ )

Timeout of a CTest test 402/402 Test #256: ep_testsuite.value_eviction.magma .............................................................................................} ( http://cv.jenkins.couchbase.com/job/kv_engine-windows-master/38353/ )

http://cv.jenkins.couchbase.com/job/kv_engine-clang_format_9/9804/ : SUCCESS

http://cv.jenkins.couchbase.com/job/kv_engine-clang_tidy-master/11116/ : SUCCESS

http://cv.jenkins.couchbase.com/job/kv_engine-clang_analyzer-master/32710/ : SUCCESS

http://cv.jenkins.couchbase.com/job/kv_engine.aarch64-linux/job/master/724/ : SUCCESS

http://cv.jenkins.couchbase.com/job/kv_engine.macos/job/master/11827/ : SUCCESS

http://cv.jenkins.couchbase.com/job/kv_engine.libFuzzer/job/master/742/ : SUCCESS

http://cv.jenkins.couchbase.com/job/kv_engine.linux/job/master/12900/ : SUCCESS

http://cv.jenkins.couchbase.com/job/kv_engine.linux-CE/job/master/12712/ : SUCCESS

http://cv.jenkins.couchbase.com/job/kv_engine.ASan-UBSan/job/master/20795/ : SUCCESS

http://cv.jenkins.couchbase.com/job/kv_engine.threadsanitizer/job/master/13266/ : SUCCESS
----------------------------------------------------------------------------------------------------------------------
Author: Dave Rigby
Date: 2021-08-05 20:38:28.000000000
Message: 
Patch Set 8: Code-Review-1

(1 comment)
Line:511, engines/ep/tests/module_tests/evp_store_single_threaded_test.h -> Maybe document this method vs `isMagma` and the intent of each?

----------------------------------------------------------------------------------------------------------------------
Author: Build Bot
Date: 2021-08-05 20:53:16.000000000
Message: 
Patch Set 8:

Build Failed 

http://cv.jenkins.couchbase.com/job/kv_engine-windows-master/38363/ : FAILURE

Failure of GoogleTest "CollectionsPersistent/CollectionsManifestUpdatePersistent.update_fail_persist/persistent_nexus_couchdb_magma_value_only":

<pre>
[ RUN      ] CollectionsPersistent/CollectionsManifestUpdatePersistent.update_fail_persist/persistent_nexus_couchdb_magma_value_only
unknown file: error: C++ exception with description "cb::io::rmrf: remove of file \\?\C:\Jenkins\workspace\kv_engine-windows-master\build\kv_engine\ep_engine_ep_unit_tests.db\test.745002\magma.1\wal\wal.1 under ep_engine_ep_unit_tests.db/test.745002 failed: The data is invalid." thrown in the test body.
[  FAILED  ] CollectionsPersistent/CollectionsManifestUpdatePersistent.update_fail_persist/persistent_nexus_couchdb_magma_value_only, where GetParam() = ("persistent_nexus_couchdb_magma", "value_only") (43 ms)
CollectionsPersistent/CollectionsManifestUpdatePersistent.update_fail_persist/persistent_nexus_couchdb_magma_value_only
</pre>
 ( http://cv.jenkins.couchbase.com/job/kv_engine-windows-master/38363/ )

http://cv.jenkins.couchbase.com/job/kv_engine-clang_format_9/9804/ : SUCCESS

http://cv.jenkins.couchbase.com/job/kv_engine-clang_tidy-master/11116/ : SUCCESS

http://cv.jenkins.couchbase.com/job/kv_engine-clang_analyzer-master/32710/ : SUCCESS

http://cv.jenkins.couchbase.com/job/kv_engine.aarch64-linux/job/master/724/ : SUCCESS

http://cv.jenkins.couchbase.com/job/kv_engine.macos/job/master/11827/ : SUCCESS

http://cv.jenkins.couchbase.com/job/kv_engine.libFuzzer/job/master/742/ : SUCCESS

http://cv.jenkins.couchbase.com/job/kv_engine.linux/job/master/12900/ : SUCCESS

http://cv.jenkins.couchbase.com/job/kv_engine.linux-CE/job/master/12712/ : SUCCESS

http://cv.jenkins.couchbase.com/job/kv_engine.threadsanitizer/job/master/13266/ : SUCCESS

http://cv.jenkins.couchbase.com/job/kv_engine.ASan-UBSan/job/master/20795/ : SUCCESS
----------------------------------------------------------------------------------------------------------------------
Author: Build Bot
Date: 2021-08-09 08:26:53.000000000
Message: 
Patch Set 8:

Build Failed 

http://cv.jenkins.couchbase.com/job/kv_engine-windows-master/38374/ : FAILURE

Failure of GoogleTest "CollectionsPersistent/CollectionsManifestUpdatePersistent.update_fail_persist/persistent_nexus_couchdb_magma_value_only":

<pre>
[ RUN      ] CollectionsPersistent/CollectionsManifestUpdatePersistent.update_fail_persist/persistent_nexus_couchdb_magma_value_only
unknown file: error: C++ exception with description "cb::io::rmrf: remove of file \\?\C:\Jenkins\workspace\kv_engine-windows-master\build\kv_engine\ep_engine_ep_unit_tests.db\test.385201\magma.1\wal\wal.1 under ep_engine_ep_unit_tests.db/test.385201 failed: The data is invalid." thrown in the test body.
[  FAILED  ] CollectionsPersistent/CollectionsManifestUpdatePersistent.update_fail_persist/persistent_nexus_couchdb_magma_value_only, where GetParam() = ("persistent_nexus_couchdb_magma", "value_only") (32 ms)
CollectionsPersistent/CollectionsManifestUpdatePersistent.update_fail_persist/persistent_nexus_couchdb_magma_value_only
</pre>
 ( http://cv.jenkins.couchbase.com/job/kv_engine-windows-master/38374/ )

http://cv.jenkins.couchbase.com/job/kv_engine-clang_format_9/9804/ : SUCCESS

http://cv.jenkins.couchbase.com/job/kv_engine-clang_tidy-master/11116/ : SUCCESS

http://cv.jenkins.couchbase.com/job/kv_engine-clang_analyzer-master/32710/ : SUCCESS

http://cv.jenkins.couchbase.com/job/kv_engine.aarch64-linux/job/master/724/ : SUCCESS

http://cv.jenkins.couchbase.com/job/kv_engine.macos/job/master/11827/ : SUCCESS

http://cv.jenkins.couchbase.com/job/kv_engine.libFuzzer/job/master/742/ : SUCCESS

http://cv.jenkins.couchbase.com/job/kv_engine.linux/job/master/12900/ : SUCCESS

http://cv.jenkins.couchbase.com/job/kv_engine.linux-CE/job/master/12712/ : SUCCESS

http://cv.jenkins.couchbase.com/job/kv_engine.threadsanitizer/job/master/13266/ : SUCCESS

http://cv.jenkins.couchbase.com/job/kv_engine.ASan-UBSan/job/master/20795/ : SUCCESS
----------------------------------------------------------------------------------------------------------------------
Author: Ben Huddleston
Date: 2021-08-09 07:23:01.000000000
MISMATCHED INLINE COMMENT
Line:511, engines/ep/tests/module_tests/evp_store_single_threaded_test.h -> Done
----------------------------------------------------------------------------------------------------------------------
