======================================================================================================================
DESCRIPTION:

MB-52143: Merge branch 'cheshire-cat' into 7.1.4

Forward merge of patch backported to cheshire-cat into 7.1.4
branch. 7.0.0 is not affected by the bug, but this patch brings in the
regression test for the issue into 7.1.4.

* commit '5fb1ef2f0':
  MB-52143: Reject SaslStep if not preceded by SaslAuth

Change-Id: I8f6934afaa7aadcb3af055f0ccbd3ecba2758c3c

======================================================================================================================
COMMENTS
======================================================================================================================
Author: Dave Rigby
Date: 2023-01-30 15:11:47.000000000
Message: 
Uploaded patch set 4: New patch set was added with same tree, parents, and commit message as Patch Set 3.
----------------------------------------------------------------------------------------------------------------------
Author: Restriction Checker
Date: 2023-01-30 15:12:08.000000000
Message: 
Patch Set 4: Well-Formed-1

Branch restricted. PLEASE READ this URL: 

https://server.jenkins.couchbase.com/job/restricted-branch-check/335019/artifact/restricted.html : FAILURE
----------------------------------------------------------------------------------------------------------------------
Author: Build Bot
Date: 2023-01-30 17:13:06.000000000
Message: 
Patch Set 4: Verified-1

Build Failed 

https://cv.jenkins.couchbase.com/job/kv_engine.threadsanitizer/job/7.1.4/44/ : ABORTED

No problems were identified. If you know why this problem occurred, please add a suitable Cause for it. ( https://cv.jenkins.couchbase.com/job/kv_engine.threadsanitizer/job/7.1.4/44/ )

https://cv.jenkins.couchbase.com/job/kv_engine-windows-714/53/ : FAILURE

Failure of an engine_testapp test:

<pre>
Running [26/44]: test set meta lww conflict resolution...(50 ms) OK


99% tests passed, 1 tests failed out of 424

Total Test time (real) = 273.37 sec

The following tests FAIL
</pre>
 ( https://cv.jenkins.couchbase.com/job/kv_engine-windows-714/53/ )

Timeout of a CTest test 424/424 Test #305: ep_testsuite_xdcr.value_eviction.comp_passive .................................................................................} ( https://cv.jenkins.couchbase.com/job/kv_engine-windows-714/53/ )

https://cv.jenkins.couchbase.com/job/kv_engine.macos/job/7.1.4/66/ : FAILURE

Timeout of a CTest test [2023-01-30T16:04:13.080Z] 444/444 Test #442: cluster_test ................................................................................................} ( https://cv.jenkins.couchbase.com/job/kv_engine.macos/job/7.1.4/66/ )

https://cv.jenkins.couchbase.com/job/kv_engine-clang_analyzer-714/28/ : SUCCESS

https://cv.jenkins.couchbase.com/job/kv_engine-clang_tidy-714/28/ : SUCCESS

https://cv.jenkins.couchbase.com/job/kv_engine-clang_format_9/22440/ : SUCCESS

https://cv.jenkins.couchbase.com/job/kv_engine.linux-CE/job/7.1.4/29/ : SUCCESS

https://cv.jenkins.couchbase.com/job/kv_engine.aarch64-linux/job/7.1.4/32/ : SUCCESS

https://cv.jenkins.couchbase.com/job/kv_engine.linux/job/7.1.4/32/ : SUCCESS

https://cv.jenkins.couchbase.com/job/kv_engine.libFuzzer/job/7.1.4/29/ : SUCCESS

https://cv.jenkins.couchbase.com/job/kv_engine.ASan-UBSan/job/7.1.4/31/ : SUCCESS
----------------------------------------------------------------------------------------------------------------------
Author: Build Bot
Date: 2023-01-31 14:28:38.000000000
Message: 
Patch Set 4:

Build Failed 

https://cv.jenkins.couchbase.com/job/kv_engine.threadsanitizer/job/7.1.4/44/ : ABORTED

No problems were identified. If you know why this problem occurred, please add a suitable Cause for it. ( https://cv.jenkins.couchbase.com/job/kv_engine.threadsanitizer/job/7.1.4/44/ )

https://cv.jenkins.couchbase.com/job/kv_engine-windows-714/57/ : FAILURE

No problems were identified. If you know why this problem occurred, please add a suitable Cause for it. ( https://cv.jenkins.couchbase.com/job/kv_engine-windows-714/57/ )

https://cv.jenkins.couchbase.com/job/kv_engine-clang_analyzer-714/28/ : SUCCESS

https://cv.jenkins.couchbase.com/job/kv_engine-clang_tidy-714/28/ : SUCCESS

https://cv.jenkins.couchbase.com/job/kv_engine-clang_format_9/22440/ : SUCCESS

https://cv.jenkins.couchbase.com/job/kv_engine.linux-CE/job/7.1.4/29/ : SUCCESS

https://cv.jenkins.couchbase.com/job/kv_engine.aarch64-linux/job/7.1.4/32/ : SUCCESS

https://cv.jenkins.couchbase.com/job/kv_engine.linux/job/7.1.4/32/ : SUCCESS

https://cv.jenkins.couchbase.com/job/kv_engine.libFuzzer/job/7.1.4/29/ : SUCCESS

https://cv.jenkins.couchbase.com/job/kv_engine.ASan-UBSan/job/7.1.4/31/ : SUCCESS

https://cv.jenkins.couchbase.com/job/kv_engine.macos/job/7.1.4/71/ : SUCCESS
----------------------------------------------------------------------------------------------------------------------
Author: Build Bot
Date: 2023-01-31 16:38:34.000000000
Message: 
Patch Set 4:

Build Failed 

https://cv.jenkins.couchbase.com/job/kv_engine.threadsanitizer/job/7.1.4/44/ : ABORTED

No problems were identified. If you know why this problem occurred, please add a suitable Cause for it. ( https://cv.jenkins.couchbase.com/job/kv_engine.threadsanitizer/job/7.1.4/44/ )

https://cv.jenkins.couchbase.com/job/kv_engine-windows-714/60/ : FAILURE

Failure of an engine_testapp test:

<pre>
Running [60/160]: test ALL_KEYS api...(21 ms) OK


99% tests passed, 1 tests failed out of 424

Total Test time (real) = 697.24 sec

The following tests FAIL
</pre>
 ( https://cv.jenkins.couchbase.com/job/kv_engine-windows-714/60/ )

Timeout of a CTest test 424/424 Test #277: ep_testsuite.ephemeral.comp_passive ...........................................................................................} ( https://cv.jenkins.couchbase.com/job/kv_engine-windows-714/60/ )

https://cv.jenkins.couchbase.com/job/kv_engine-clang_analyzer-714/28/ : SUCCESS

https://cv.jenkins.couchbase.com/job/kv_engine-clang_tidy-714/28/ : SUCCESS

https://cv.jenkins.couchbase.com/job/kv_engine-clang_format_9/22440/ : SUCCESS

https://cv.jenkins.couchbase.com/job/kv_engine.linux-CE/job/7.1.4/29/ : SUCCESS

https://cv.jenkins.couchbase.com/job/kv_engine.aarch64-linux/job/7.1.4/32/ : SUCCESS

https://cv.jenkins.couchbase.com/job/kv_engine.linux/job/7.1.4/32/ : SUCCESS

https://cv.jenkins.couchbase.com/job/kv_engine.libFuzzer/job/7.1.4/29/ : SUCCESS

https://cv.jenkins.couchbase.com/job/kv_engine.ASan-UBSan/job/7.1.4/31/ : SUCCESS

https://cv.jenkins.couchbase.com/job/kv_engine.macos/job/7.1.4/71/ : SUCCESS
----------------------------------------------------------------------------------------------------------------------
Author: Build Bot
Date: 2023-01-31 19:09:21.000000000
Message: 
Patch Set 4:

Build Failed 

https://cv.jenkins.couchbase.com/job/kv_engine.threadsanitizer/job/7.1.4/44/ : ABORTED

No problems were identified. If you know why this problem occurred, please add a suitable Cause for it. ( https://cv.jenkins.couchbase.com/job/kv_engine.threadsanitizer/job/7.1.4/44/ )

https://cv.jenkins.couchbase.com/job/kv_engine-windows-714/63/ : FAILURE

Failure of GoogleTest "TransportProtocols/XattrTest.mb25928_SystemCanExceedDocumentLimit/Mcbp_XattrYes_JsonNo_SnappyYes":

<pre>
[ RUN      ] TransportProtocols/XattrTest.mb25928_SystemCanExceedDocumentLimit/Mcbp_XattrYes_JsonNo_SnappyYes
C:/Jenkins/workspace/kv_engine-windows-714/kv_engine/tests/testapp/testapp_xattr.cc(1916): error: Value of: resp.isSuccess()
  Actual: false
Expected: true
Expected to be able to store system xattrs
[  FAILED  ] TransportProtocols/XattrTest.mb25928_SystemCanExceedDocumentLimit/Mcbp_XattrYes_JsonNo_SnappyYes, where GetParam() = (Mcbp, XattrYes, 4-byte object <01-00 00-00>, 4-byte object <00-00 00-00>) (163 ms)
TransportProtocols/XattrTest.mb25928_SystemCanExceedDocumentLimit/Mcbp_XattrYes_JsonNo_SnappyYes
</pre>
 ( https://cv.jenkins.couchbase.com/job/kv_engine-windows-714/63/ )

https://cv.jenkins.couchbase.com/job/kv_engine-clang_analyzer-714/28/ : SUCCESS

https://cv.jenkins.couchbase.com/job/kv_engine-clang_tidy-714/28/ : SUCCESS

https://cv.jenkins.couchbase.com/job/kv_engine-clang_format_9/22440/ : SUCCESS

https://cv.jenkins.couchbase.com/job/kv_engine.linux-CE/job/7.1.4/29/ : SUCCESS

https://cv.jenkins.couchbase.com/job/kv_engine.aarch64-linux/job/7.1.4/32/ : SUCCESS

https://cv.jenkins.couchbase.com/job/kv_engine.linux/job/7.1.4/32/ : SUCCESS

https://cv.jenkins.couchbase.com/job/kv_engine.libFuzzer/job/7.1.4/29/ : SUCCESS

https://cv.jenkins.couchbase.com/job/kv_engine.ASan-UBSan/job/7.1.4/31/ : SUCCESS

https://cv.jenkins.couchbase.com/job/kv_engine.macos/job/7.1.4/71/ : SUCCESS
----------------------------------------------------------------------------------------------------------------------
Author: Build Bot
Date: 2023-01-31 20:44:01.000000000
Message: 
Patch Set 4:

Build Failed 

https://cv.jenkins.couchbase.com/job/kv_engine.threadsanitizer/job/7.1.4/58/ : FAILURE

Failure of GoogleTest "TransportProtocols/SaslTest.TestSaslMixFrom_SCRAM_SHA256/Mcbp":

<pre>
[ RUN      ] TransportProtocols/SaslTest.TestSaslMixFrom_SCRAM_SHA256/Mcbp
[2023-01-31T20:43:56.369Z] unknown file: Failure
[2023-01-31T20:43:56.369Z] C++ exception with description "MemcachedConnection::recvFrame(): Timed out after waiting 20000ms for a response for DELETE_BUCKET" thrown in TearDown().
[2023-01-31T20:43:56.369Z] [  FAILED  ] TransportProtocols/SaslTest.TestSaslMixFrom_SCRAM_SHA256/Mcbp, where GetParam() = Mcbp (20118 ms)
TransportProtocols/SaslTest.TestSaslMixFrom_SCRAM_SHA256/Mcbp
</pre>
 ( https://cv.jenkins.couchbase.com/job/kv_engine.threadsanitizer/job/7.1.4/58/ )

https://cv.jenkins.couchbase.com/job/kv_engine-clang_analyzer-714/28/ : SUCCESS

https://cv.jenkins.couchbase.com/job/kv_engine-clang_tidy-714/28/ : SUCCESS

https://cv.jenkins.couchbase.com/job/kv_engine-clang_format_9/22440/ : SUCCESS

https://cv.jenkins.couchbase.com/job/kv_engine.linux-CE/job/7.1.4/29/ : SUCCESS

https://cv.jenkins.couchbase.com/job/kv_engine.aarch64-linux/job/7.1.4/32/ : SUCCESS

https://cv.jenkins.couchbase.com/job/kv_engine.linux/job/7.1.4/32/ : SUCCESS

https://cv.jenkins.couchbase.com/job/kv_engine.libFuzzer/job/7.1.4/29/ : SUCCESS

https://cv.jenkins.couchbase.com/job/kv_engine.ASan-UBSan/job/7.1.4/31/ : SUCCESS

https://cv.jenkins.couchbase.com/job/kv_engine.macos/job/7.1.4/71/ : SUCCESS

https://cv.jenkins.couchbase.com/job/kv_engine-windows-714/66/ : SUCCESS
----------------------------------------------------------------------------------------------------------------------
Author: Dave Rigby
Date: 2023-02-01 08:42:34.000000000
Message: 
Patch Set 4: Verified+1

(1 comment)
File Comment: /PATCHSET_LEVEL -> Overriding Verified:-1 - only failure is TSan which is a known timeout issue.
----------------------------------------------------------------------------------------------------------------------
Author: Dave Rigby
Date: 2023-02-01 08:42:40.000000000
Message: 
Removed Verified-1 by <GERRIT_ACCOUNT_1000011>

----------------------------------------------------------------------------------------------------------------------
Author: James H
Date: 2023-02-01 10:06:37.000000000
Message: 
Patch Set 4: Code-Review+2
----------------------------------------------------------------------------------------------------------------------
Author: Dave Rigby
Date: 2023-02-01 10:10:09.000000000
Message: 
Change has been successfully merged
----------------------------------------------------------------------------------------------------------------------
