======================================================================================================================
DESCRIPTION:

MB-51681: Replace full CM scans with variables updated in-place

Instead of looping through every checkpoint owned
by the CheckpointManager and summing the individual
stats, create CM-level variables which are updated
in-place by Checkpoint MemoryCounters.

Change-Id: I369046cc1d966204e92a35c45799acd01d1d7b70

======================================================================================================================
COMMENTS
======================================================================================================================
Author: Douglas
Date: 2022-04-28 09:12:17.000000000
Message: 
Patch Set 34: Patch Set 33 was rebased
----------------------------------------------------------------------------------------------------------------------
Author: Build Bot
Date: 2022-04-28 11:18:26.000000000
Message: 
Patch Set 34: Verified-1

Build Failed 

http://cv.jenkins.couchbase.com/job/kv_engine-windows-master/45783/ : FAILURE

Failure of an engine_testapp test:

<pre>
Running [145/160]: test_MB-19687_fixed...Missing stat:  vb_0:id_1:key_index_allocator_bytes from stat group checkpoint
Missing stat:  vb_0:id_1:key_index_key_allocator_bytes from stat group checkpoint
Missing stat:  vb_0:id_1:mem_usage_key_index_overhead from stat group checkpoint
Missing stat:  vb_0:id_1:mem_usage_queue_overhead from stat group checkpoint
Missing stat:  vb_0:id_1:mem_usage_queued_items from stat group checkpoint
Missing stat:  vb_0:id_1:queue_allocator_bytes from stat group checkpoint
Missing stat:  vb_0:id_1:snap_end from stat group checkpoint
Missing stat:  vb_0:id_1:snap_start from stat group checkpoint
Missing stat:  vb_0:id_1:state from stat group checkpoint
Missing stat:  vb_0:id_1:type from stat group checkpoint
Missing stat:  vb_0:id_1:visible_snap_end from stat group checkpoint
Missing stat:  vb_0:mem_usage from stat group checkpoint
Missing stat:  vb_0:id_1:key_index_allocator_bytes from stat group checkpoint 0
Missing stat:  vb_0:id_1:key_index_key_allocator_bytes from stat group checkpoint 0
Missing stat:  vb_0:id_1:mem_usage_key_index_overhead from stat group checkpoint 0
Missing stat:  vb_0:id_1:mem_usage_queue_overhead from stat group checkpoint 0
Missing stat:  vb_0:id_1:mem_usage_queued_items from stat group checkpoint 0
Missing stat:  vb_0:id_1:queue_allocator_bytes from stat group checkpoint 0
Missing stat:  vb_0:id_1:snap_end from stat group checkpoint 0
Missing stat:  vb_0:id_1:snap_start from stat group checkpoint 0
Missing stat:  vb_0:id_1:state from stat group checkpoint 0
Missing stat:  vb_0:id_1:type from stat group checkpoint 0
Missing stat:  vb_0:id_1:visible_snap_end from stat group checkpoint 0
Missing stat:  vb_0:mem_usage from stat group checkpoint 0
..\kv_engine\engines\ep\tests\ep_testsuite.cc:7852 Test failed: `stats error" (missing stats)
(37 ms) FAIL
</pre>
 ( http://cv.jenkins.couchbase.com/job/kv_engine-windows-master/45783/ )

http://cv.jenkins.couchbase.com/job/kv_engine.threadsanitizer/job/master/19950/ : FAILURE

Failure of an engine_testapp test:

<pre>
Running [0/5]: checkpoint: create a new checkpoint...WARNING: Logging before InitGoogleLogging() is written to STDERR
[2022-04-28T10:52:16.500Z] W0428 10:42:36.059017 74796 HazptrDomain.h:670] Using the default inline executor for asynchronous reclamation may be susceptible to deadlock if the current thread happens to hold a resource needed by the deleter of a reclaimable object
[2022-04-28T10:52:16.500Z] 
[2022-04-28T10:52:16.500Z] 
[2022-04-28T10:52:16.500Z] 94% tests passed, 27 tests failed out of 421
[2022-04-28T10:52:16.500Z] 
[2022-04-28T10:52:16.500Z] Total Test time (real) = 4312.60 sec
[2022-04-28T10:52:16.500Z] 
[2022-04-28T10:52:16.500Z] The following tests FAIL
</pre>
 ( http://cv.jenkins.couchbase.com/job/kv_engine.threadsanitizer/job/master/19950/ )

Timeout of a CTest test [2022-04-28T10:05:11.299Z]  21/421 Test #304: ep_perfsuite.value_eviction .............................................................................} ( http://cv.jenkins.couchbase.com/job/kv_engine.threadsanitizer/job/master/19950/ )

ThreadSanitizer issue: data race (/opt/gcc-10.2.0/lib64/libtsan.so.0+0x87578) in operator delete(void*, unsigned long)  ( http://cv.jenkins.couchbase.com/job/kv_engine.threadsanitizer/job/master/19950/ )

http://cv.jenkins.couchbase.com/job/kv_engine.aarch64-linux/job/master/6871/ : FAILURE

Failure of an engine_testapp test:

<pre>
Running [11/18]: Baseline Stat latency...WARNING: Logging before InitGoogleLogging() is written to STDERR
[2022-04-28T10:38:11.052Z] W0428 03:15:38.897734 32684 HazptrDomain.h:670] Using the default inline executor for asynchronous reclamation may be susceptible to deadlock if the current thread happens to hold a resource needed by the deleter of a reclaimable object
[2022-04-28T10:38:11.052Z] 
[2022-04-28T10:38:11.052Z] 
[2022-04-28T10:38:11.052Z] 93% tests passed, 31 tests failed out of 448
[2022-04-28T10:38:11.052Z] 
[2022-04-28T10:38:11.052Z] Total Test time (real) = 3684.51 sec
[2022-04-28T10:38:11.052Z] 
[2022-04-28T10:38:11.052Z] The following tests FAIL
</pre>
 ( http://cv.jenkins.couchbase.com/job/kv_engine.aarch64-linux/job/master/6871/ )

Test exceeded the timeout:
[2022-04-28T09:40:42.347Z] /usr/bin/timeout: the monitored command dumped core ( http://cv.jenkins.couchbase.com/job/kv_engine.aarch64-linux/job/master/6871/ )

Timeout of a CTest test [2022-04-28T10:33:23.953Z] 447/448 Test #331: ep_perfsuite.value_eviction .............................................................................} ( http://cv.jenkins.couchbase.com/job/kv_engine.aarch64-linux/job/master/6871/ )

http://cv.jenkins.couchbase.com/job/kv_engine.ASan-UBSan/job/master/27323/ : FAILURE

Failure of an engine_testapp test:

<pre>
Running [0/5]: checkpoint: create a new checkpoint...WARNING: Logging before InitGoogleLogging() is written to STDERR
[2022-04-28T10:52:31.742Z] W0428 10:43:00.756770 118497 HazptrDomain.h:670] Using the default inline executor for asynchronous reclamation may be susceptible to deadlock if the current thread happens to hold a resource needed by the deleter of a reclaimable object
[2022-04-28T10:52:31.742Z] /usr/bin/timeout: the monitored command dumped core
[2022-04-28T10:52:31.742Z] 
[2022-04-28T10:52:31.742Z] 
[2022-04-28T10:52:31.742Z] 93% tests passed, 29 tests failed out of 429
[2022-04-28T10:52:31.742Z] 
[2022-04-28T10:52:31.742Z] Total Test time (real) = 4103.31 sec
[2022-04-28T10:52:31.742Z] 
[2022-04-28T10:52:31.742Z] The following tests FAIL
</pre>
 ( http://cv.jenkins.couchbase.com/job/kv_engine.ASan-UBSan/job/master/27323/ )

One of more core files found at the end of the build. Data for post-mortem saved to archived_core_dumps.tar.bz2 under "Build Artifacts". ( http://cv.jenkins.couchbase.com/job/kv_engine.ASan-UBSan/job/master/27323/ )

Test exceeded the timeout:
[2022-04-28T10:00:16.213Z] /usr/bin/timeout: the monitored command dumped core ( http://cv.jenkins.couchbase.com/job/kv_engine.ASan-UBSan/job/master/27323/ )

Timeout of a CTest test [2022-04-28T10:29:50.277Z]  91/429 Test #312: ep_perfsuite.value_eviction .............................................................................} ( http://cv.jenkins.couchbase.com/job/kv_engine.ASan-UBSan/job/master/27323/ )

http://cv.jenkins.couchbase.com/job/kv_engine.linux/job/master/19254/ : FAILURE

Failure of GoogleTest "EphemeralOrPersistent/STItemPagerTest.ReplicaEvictedBeforeActive/persistent_couchstore_full_eviction":

<pre>
[ RUN      ] EphemeralOrPersistent/STItemPagerTest.ReplicaEvictedBeforeActive/persistent_couchstore_full_eviction
[2022-04-28T09:36:59.431Z] ../kv_engine/engines/ep/tests/module_tests/item_pager_test.cc:1225: Failure
[2022-04-28T09:36:59.431Z] Expected equality of these values:
[2022-04-28T09:36:59.431Z]   100
[2022-04-28T09:36:59.431Z]   getRRPercent(*store->getVBucket(vbid))
[2022-04-28T09:36:59.431Z]     Which is: 94
[2022-04-28T09:36:59.431Z] vb:0 not fully resident after eviction
[2022-04-28T09:36:59.431Z] ../kv_engine/engines/ep/tests/module_tests/item_pager_test.cc:1225: Failure
[2022-04-28T09:36:59.431Z] Expected equality of these values:
[2022-04-28T09:36:59.431Z]   100
[2022-04-28T09:36:59.431Z]   getRRPercent(*store->getVBucket(vbid))
[2022-04-28T09:36:59.431Z]     Which is: 98
[2022-04-28T09:36:59.431Z] vb:1 not fully resident after eviction
[2022-04-28T09:36:59.431Z] [  FAILED  ] EphemeralOrPersistent/STItemPagerTest.ReplicaEvictedBeforeActive/persistent_couchstore_full_eviction, where GetParam() = "bucket_type=persistent:backend=couchstore:item_eviction_policy=full_eviction" (677 ms)
EphemeralOrPersistent/STItemPagerTest.ReplicaEvictedBeforeActive/persistent_couchstore_full_eviction
</pre>
 ( http://cv.jenkins.couchbase.com/job/kv_engine.linux/job/master/19254/ )

Failure of an engine_testapp test:

<pre>
Running [11/18]: Baseline Stat latency...WARNING: Logging before InitGoogleLogging() is written to STDERR
[2022-04-28T10:12:18.059Z] W0428 09:49:47.057741 95045 HazptrDomain.h:670] Using the default inline executor for asynchronous reclamation may be susceptible to deadlock if the current thread happens to hold a resource needed by the deleter of a reclaimable object
[2022-04-28T10:12:18.059Z] 
[2022-04-28T10:12:18.059Z] 
[2022-04-28T10:12:18.059Z] 93% tests passed, 32 tests failed out of 447
[2022-04-28T10:12:18.059Z] 
[2022-04-28T10:12:18.059Z] Total Test time (real) = 2149.91 sec
[2022-04-28T10:12:18.059Z] 
[2022-04-28T10:12:18.059Z] The following tests FAIL
</pre>
 ( http://cv.jenkins.couchbase.com/job/kv_engine.linux/job/master/19254/ )

One of more core files found at the end of the build. Data for post-mortem saved to archived_core_dumps.tar.bz2 under "Build Artifacts". ( http://cv.jenkins.couchbase.com/job/kv_engine.linux/job/master/19254/ )

Test exceeded the timeout:
[2022-04-28T09:40:53.797Z] /usr/bin/timeout: the monitored command dumped core ( http://cv.jenkins.couchbase.com/job/kv_engine.linux/job/master/19254/ )

Timeout of a CTest test [2022-04-28T10:11:21.771Z] 446/447 Test #331: ep_perfsuite.value_eviction .............................................................................} ( http://cv.jenkins.couchbase.com/job/kv_engine.linux/job/master/19254/ )

http://cv.jenkins.couchbase.com/job/kv_engine.linux-CE/job/master/18912/ : FAILURE

Failure of GoogleTest "EphemeralOrPersistent/STItemPagerTest.ReplicaEvictedBeforeActive/persistent_couchstore_full_eviction":

<pre>
[ RUN      ] EphemeralOrPersistent/STItemPagerTest.ReplicaEvictedBeforeActive/persistent_couchstore_full_eviction
[2022-04-28T09:40:48.745Z] ../kv_engine/engines/ep/tests/module_tests/item_pager_test.cc:1225: Failure
[2022-04-28T09:40:48.745Z] Expected equality of these values:
[2022-04-28T09:40:48.745Z]   100
[2022-04-28T09:40:48.745Z]   getRRPercent(*store->getVBucket(vbid))
[2022-04-28T09:40:48.745Z]     Which is: 94
[2022-04-28T09:40:48.745Z] vb:0 not fully resident after eviction
[2022-04-28T09:40:48.745Z] ../kv_engine/engines/ep/tests/module_tests/item_pager_test.cc:1225: Failure
[2022-04-28T09:40:48.745Z] Expected equality of these values:
[2022-04-28T09:40:48.745Z]   100
[2022-04-28T09:40:48.745Z]   getRRPercent(*store->getVBucket(vbid))
[2022-04-28T09:40:48.745Z]     Which is: 97
[2022-04-28T09:40:48.745Z] vb:1 not fully resident after eviction
[2022-04-28T09:40:48.745Z] [  FAILED  ] EphemeralOrPersistent/STItemPagerTest.ReplicaEvictedBeforeActive/persistent_couchstore_full_eviction, where GetParam() = "bucket_type=persistent:backend=couchstore:item_eviction_policy=full_eviction" (272 ms)
EphemeralOrPersistent/STItemPagerTest.ReplicaEvictedBeforeActive/persistent_couchstore_full_eviction
</pre>
 ( http://cv.jenkins.couchbase.com/job/kv_engine.linux-CE/job/master/18912/ )

Failure of an engine_testapp test:

<pre>
Running [11/18]: Baseline Stat latency...WARNING: Logging before InitGoogleLogging() is written to STDERR
[2022-04-28T10:13:55.199Z] W0428 09:51:14.108019 29447 HazptrDomain.h:670] Using the default inline executor for asynchronous reclamation may be susceptible to deadlock if the current thread happens to hold a resource needed by the deleter of a reclaimable object
[2022-04-28T10:13:55.199Z] 
[2022-04-28T10:13:55.199Z] 
[2022-04-28T10:13:55.199Z] 94% tests passed, 26 tests failed out of 427
[2022-04-28T10:13:55.199Z] 
[2022-04-28T10:13:55.199Z] Total Test time (real) = 1993.07 sec
[2022-04-28T10:13:55.199Z] 
[2022-04-28T10:13:55.199Z] The following tests FAIL
</pre>
 ( http://cv.jenkins.couchbase.com/job/kv_engine.linux-CE/job/master/18912/ )

One of more core files found at the end of the build. Data for post-mortem saved to archived_core_dumps.tar.bz2 under "Build Artifacts". ( http://cv.jenkins.couchbase.com/job/kv_engine.linux-CE/job/master/18912/ )

Test exceeded the timeout:
[2022-04-28T09:44:40.605Z] /usr/bin/timeout: the monitored command dumped core ( http://cv.jenkins.couchbase.com/job/kv_engine.linux-CE/job/master/18912/ )

Timeout of a CTest test [2022-04-28T10:11:18.764Z] 426/427 Test #311: ep_perfsuite.value_eviction .............................................................................} ( http://cv.jenkins.couchbase.com/job/kv_engine.linux-CE/job/master/18912/ )

http://cv.jenkins.couchbase.com/job/kv_engine.macos/job/master/18053/ : FAILURE

Failure of an engine_testapp test:

<pre>
Running [10/18]: DCP Consumer snapshot-end mutation latency...
[2022-04-28T10:16:52.778Z] === DCP Consumer snapshot-end mutation - 200 items === Latency (ns) ===========================================================================
[2022-04-28T10:16:52.778Z] 
[2022-04-28T10:16:52.779Z]                                 Percentile           
[2022-04-28T10:16:52.779Z]                          Median     95th     99th  Std Dev  Histogram of samples
[2022-04-28T10:16:52.779Z] 
[2022-04-28T10:16:52.779Z] Datatype::Raw            23.709   31.878   52.113    4.143  ????????????????????????????????
[2022-04-28T10:16:52.779Z]                                                             23             ns             31
[2022-04-28T10:16:52.779Z] 
[2022-04-28T10:16:52.779Z] 
[2022-04-28T10:16:52.779Z] (31 ms) OK
[2022-04-28T10:16:52.779Z] 
[2022-04-28T10:16:52.779Z] 
[2022-04-28T10:16:52.779Z] 93% tests passed, 31 tests failed out of 447
[2022-04-28T10:16:52.779Z] 
[2022-04-28T10:16:52.779Z] Total Test time (real) = 2505.97 sec
[2022-04-28T10:16:52.779Z] 
[2022-04-28T10:16:52.779Z] The following tests FAIL
</pre>
 ( http://cv.jenkins.couchbase.com/job/kv_engine.macos/job/master/18053/ )

Timeout of a CTest test [2022-04-28T09:39:28.824Z]   4/447 Test #309: ep_testsuite_dcp.value_eviction.magma ...................................................................} ( http://cv.jenkins.couchbase.com/job/kv_engine.macos/job/master/18053/ )

http://cv.jenkins.couchbase.com/job/kv_engine-clang_analyzer-master/38455/ : SUCCESS

http://cv.jenkins.couchbase.com/job/kv_engine-clang_tidy-master/17146/ : SUCCESS

http://cv.jenkins.couchbase.com/job/kv_engine-clang_format_9/16112/ : SUCCESS

http://cv.jenkins.couchbase.com/job/kv_engine.libFuzzer/job/master/6779/ : SUCCESS
----------------------------------------------------------------------------------------------------------------------
Author: Build Bot
Date: 2022-04-28 13:37:12.000000000
Message: 
Patch Set 34:

Build Failed 

http://cv.jenkins.couchbase.com/job/kv_engine.threadsanitizer/job/master/19956/ : FAILURE

Timeout of a CTest test [2022-04-28T12:18:27.374Z]  19/421 Test #304: ep_perfsuite.value_eviction .............................................................................} ( http://cv.jenkins.couchbase.com/job/kv_engine.threadsanitizer/job/master/19956/ )

ThreadSanitizer issue: data race (/opt/gcc-10.2.0/lib64/libtsan.so.0+0x87578) in operator delete(void*, unsigned long)  ( http://cv.jenkins.couchbase.com/job/kv_engine.threadsanitizer/job/master/19956/ )

http://cv.jenkins.couchbase.com/job/kv_engine.aarch64-linux/job/master/6877/ : FAILURE

Failure of an engine_testapp test:

<pre>
Running [11/18]: Baseline Stat latency...WARNING: Logging before InitGoogleLogging() is written to STDERR
[2022-04-28T12:46:24.063Z] W0428 05:23:42.110404 18193 HazptrDomain.h:670] Using the default inline executor for asynchronous reclamation may be susceptible to deadlock if the current thread happens to hold a resource needed by the deleter of a reclaimable object
[2022-04-28T12:46:24.063Z] 
[2022-04-28T12:46:24.063Z] 
[2022-04-28T12:46:24.063Z] 93% tests passed, 31 tests failed out of 448
[2022-04-28T12:46:24.063Z] 
[2022-04-28T12:46:24.063Z] Total Test time (real) = 3637.05 sec
[2022-04-28T12:46:24.063Z] 
[2022-04-28T12:46:24.063Z] The following tests FAIL
</pre>
 ( http://cv.jenkins.couchbase.com/job/kv_engine.aarch64-linux/job/master/6877/ )

Test exceeded the timeout:
[2022-04-28T11:49:34.179Z] /usr/bin/timeout: the monitored command dumped core ( http://cv.jenkins.couchbase.com/job/kv_engine.aarch64-linux/job/master/6877/ )

Timeout of a CTest test [2022-04-28T12:43:53.928Z] 447/448 Test #331: ep_perfsuite.value_eviction .............................................................................} ( http://cv.jenkins.couchbase.com/job/kv_engine.aarch64-linux/job/master/6877/ )

http://cv.jenkins.couchbase.com/job/kv_engine.ASan-UBSan/job/master/27330/ : FAILURE

Failure of an engine_testapp test:

<pre>
Running [0/5]: checkpoint: create a new checkpoint...WARNING: Logging before InitGoogleLogging() is written to STDERR
[2022-04-28T13:05:53.479Z] W0428 12:56:21.761919 115038 HazptrDomain.h:670] Using the default inline executor for asynchronous reclamation may be susceptible to deadlock if the current thread happens to hold a resource needed by the deleter of a reclaimable object
[2022-04-28T13:05:53.479Z] /usr/bin/timeout: the monitored command dumped core
[2022-04-28T13:05:53.479Z] 
[2022-04-28T13:05:53.479Z] 
[2022-04-28T13:05:53.479Z] 93% tests passed, 29 tests failed out of 429
[2022-04-28T13:05:53.479Z] 
[2022-04-28T13:05:53.479Z] Total Test time (real) = 3998.72 sec
[2022-04-28T13:05:53.479Z] 
[2022-04-28T13:05:53.479Z] The following tests FAIL
</pre>
 ( http://cv.jenkins.couchbase.com/job/kv_engine.ASan-UBSan/job/master/27330/ )

One of more core files found at the end of the build. Data for post-mortem saved to archived_core_dumps.tar.bz2 under "Build Artifacts". ( http://cv.jenkins.couchbase.com/job/kv_engine.ASan-UBSan/job/master/27330/ )

Test exceeded the timeout:
[2022-04-28T12:15:23.628Z] /usr/bin/timeout: the monitored command dumped core ( http://cv.jenkins.couchbase.com/job/kv_engine.ASan-UBSan/job/master/27330/ )

Timeout of a CTest test [2022-04-28T12:46:20.329Z] 166/429 Test #312: ep_perfsuite.value_eviction .............................................................................} ( http://cv.jenkins.couchbase.com/job/kv_engine.ASan-UBSan/job/master/27330/ )

http://cv.jenkins.couchbase.com/job/kv_engine.linux/job/master/19264/ : FAILURE

Failure of GoogleTest "EphemeralOrPersistent/STItemPagerTest.ReplicaEvictedBeforeActive/persistent_couchstore_full_eviction":

<pre>
[ RUN      ] EphemeralOrPersistent/STItemPagerTest.ReplicaEvictedBeforeActive/persistent_couchstore_full_eviction
[2022-04-28T11:53:39.143Z] ../kv_engine/engines/ep/tests/module_tests/item_pager_test.cc:1225: Failure
[2022-04-28T11:53:39.143Z] Expected equality of these values:
[2022-04-28T11:53:39.143Z]   100
[2022-04-28T11:53:39.143Z]   getRRPercent(*store->getVBucket(vbid))
[2022-04-28T11:53:39.143Z]     Which is: 95
[2022-04-28T11:53:39.143Z] vb:0 not fully resident after eviction
[2022-04-28T11:53:39.143Z] ../kv_engine/engines/ep/tests/module_tests/item_pager_test.cc:1225: Failure
[2022-04-28T11:53:39.143Z] Expected equality of these values:
[2022-04-28T11:53:39.143Z]   100
[2022-04-28T11:53:39.143Z]   getRRPercent(*store->getVBucket(vbid))
[2022-04-28T11:53:39.143Z]     Which is: 98
[2022-04-28T11:53:39.143Z] vb:1 not fully resident after eviction
[2022-04-28T11:53:39.143Z] [  FAILED  ] EphemeralOrPersistent/STItemPagerTest.ReplicaEvictedBeforeActive/persistent_couchstore_full_eviction, where GetParam() = "bucket_type=persistent:backend=couchstore:item_eviction_policy=full_eviction" (291 ms)
EphemeralOrPersistent/STItemPagerTest.ReplicaEvictedBeforeActive/persistent_couchstore_full_eviction
</pre>
 ( http://cv.jenkins.couchbase.com/job/kv_engine.linux/job/master/19264/ )

Failure of an engine_testapp test:

<pre>
Running [11/18]: Baseline Stat latency...WARNING: Logging before InitGoogleLogging() is written to STDERR
[2022-04-28T12:28:43.239Z] W0428 12:06:12.646162 87189 HazptrDomain.h:670] Using the default inline executor for asynchronous reclamation may be susceptible to deadlock if the current thread happens to hold a resource needed by the deleter of a reclaimable object
[2022-04-28T12:28:43.239Z] 
[2022-04-28T12:28:43.239Z] 
[2022-04-28T12:28:43.239Z] 93% tests passed, 32 tests failed out of 447
[2022-04-28T12:28:43.239Z] 
[2022-04-28T12:28:43.239Z] Total Test time (real) = 2120.98 sec
[2022-04-28T12:28:43.239Z] 
[2022-04-28T12:28:43.239Z] The following tests FAIL
</pre>
 ( http://cv.jenkins.couchbase.com/job/kv_engine.linux/job/master/19264/ )

One of more core files found at the end of the build. Data for post-mortem saved to archived_core_dumps.tar.bz2 under "Build Artifacts". ( http://cv.jenkins.couchbase.com/job/kv_engine.linux/job/master/19264/ )

Test exceeded the timeout:
[2022-04-28T11:57:35.878Z] /usr/bin/timeout: the monitored command dumped core ( http://cv.jenkins.couchbase.com/job/kv_engine.linux/job/master/19264/ )

Timeout of a CTest test [2022-04-28T12:28:04.555Z] 446/447 Test #331: ep_perfsuite.value_eviction .............................................................................} ( http://cv.jenkins.couchbase.com/job/kv_engine.linux/job/master/19264/ )

http://cv.jenkins.couchbase.com/job/kv_engine.linux-CE/job/master/18925/ : FAILURE

Failure of GoogleTest "TransportProtocols/XattrTest.mb25928_SystemCanExceedDocumentLimit/Mcbp_XattrYes_JsonYes_SnappyYes":

<pre>
[ RUN      ] TransportProtocols/XattrTest.mb25928_SystemCanExceedDocumentLimit/Mcbp_XattrYes_JsonYes_SnappyYes
[2022-04-28T12:01:01.951Z] /home/couchbase/jenkins/workspace/kv_engine.linux-CE_master/kv_engine/tests/testapp/testapp_xattr.cc:1916: Failure
[2022-04-28T12:01:01.951Z] Value of: resp.isSuccess()
[2022-04-28T12:01:01.951Z]   Actual: false
[2022-04-28T12:01:01.951Z] Expected: true
[2022-04-28T12:01:01.951Z] Expected to be able to store system xattrs
[2022-04-28T12:01:01.951Z] [  FAILED  ] TransportProtocols/XattrTest.mb25928_SystemCanExceedDocumentLimit/Mcbp_XattrYes_JsonYes_SnappyYes, where GetParam() = (Mcbp, XattrYes, 4-byte object <00-00 00-00>, 4-byte object <00-00 00-00>) (148 ms)
TransportProtocols/XattrTest.mb25928_SystemCanExceedDocumentLimit/Mcbp_XattrYes_JsonYes_SnappyYes
</pre>
 ( http://cv.jenkins.couchbase.com/job/kv_engine.linux-CE/job/master/18925/ )

Failure of an engine_testapp test:

<pre>
Running [11/18]: Baseline Stat latency...WARNING: Logging before InitGoogleLogging() is written to STDERR
[2022-04-28T12:35:47.466Z] W0428 12:13:13.323393 99238 HazptrDomain.h:670] Using the default inline executor for asynchronous reclamation may be susceptible to deadlock if the current thread happens to hold a resource needed by the deleter of a reclaimable object
[2022-04-28T12:35:47.466Z] 
[2022-04-28T12:35:47.466Z] 
[2022-04-28T12:35:47.466Z] 94% tests passed, 27 tests failed out of 427
[2022-04-28T12:35:47.466Z] 
[2022-04-28T12:35:47.466Z] Total Test time (real) = 2085.40 sec
[2022-04-28T12:35:47.466Z] 
[2022-04-28T12:35:47.466Z] The following tests FAIL
</pre>
 ( http://cv.jenkins.couchbase.com/job/kv_engine.linux-CE/job/master/18925/ )

One of more core files found at the end of the build. Data for post-mortem saved to archived_core_dumps.tar.bz2 under "Build Artifacts". ( http://cv.jenkins.couchbase.com/job/kv_engine.linux-CE/job/master/18925/ )

Test exceeded the timeout:
[2022-04-28T12:05:11.207Z] /usr/bin/timeout: the monitored command dumped core ( http://cv.jenkins.couchbase.com/job/kv_engine.linux-CE/job/master/18925/ )

Timeout of a CTest test [2022-04-28T12:32:40.930Z] 426/427 Test #311: ep_perfsuite.value_eviction .............................................................................} ( http://cv.jenkins.couchbase.com/job/kv_engine.linux-CE/job/master/18925/ )

http://cv.jenkins.couchbase.com/job/kv_engine.macos/job/master/18065/ : FAILURE

Failure of an engine_testapp test:

<pre>
Running [0/5]: checkpoint: create a new checkpoint...WARNING: Logging before InitGoogleLogging() is written to STDERR
[2022-04-28T12:51:04.626Z] W0428 05:50:33.263324 104648704 HazptrDomain.h:670] Using the default inline executor for asynchronous reclamation may be susceptible to deadlock if the current thread happens to hold a resource needed by the deleter of a reclaimable object
[2022-04-28T12:51:04.626Z] 
[2022-04-28T12:51:04.626Z] 
[2022-04-28T12:51:04.626Z] 93% tests passed, 33 tests failed out of 447
[2022-04-28T12:51:04.626Z] 
[2022-04-28T12:51:04.626Z] Total Test time (real) = 3737.27 sec
[2022-04-28T12:51:04.626Z] 
[2022-04-28T12:51:04.626Z] The following tests FAIL
</pre>
 ( http://cv.jenkins.couchbase.com/job/kv_engine.macos/job/master/18065/ )

Timeout of a CTest test [2022-04-28T12:37:32.302Z] 119/447 Test #331: ep_perfsuite.value_eviction .............................................................................} ( http://cv.jenkins.couchbase.com/job/kv_engine.macos/job/master/18065/ )

http://cv.jenkins.couchbase.com/job/kv_engine-windows-master/45793/ : FAILURE

Failure of an engine_testapp test:

<pre>
Running [145/160]: test_MB-19687_fixed...Missing stat:  vb_0:id_1:key_index_allocator_bytes from stat group checkpoint
Missing stat:  vb_0:id_1:key_index_key_allocator_bytes from stat group checkpoint
Missing stat:  vb_0:id_1:mem_usage_key_index_overhead from stat group checkpoint
Missing stat:  vb_0:id_1:mem_usage_queue_overhead from stat group checkpoint
Missing stat:  vb_0:id_1:mem_usage_queued_items from stat group checkpoint
Missing stat:  vb_0:id_1:queue_allocator_bytes from stat group checkpoint
Missing stat:  vb_0:id_1:snap_end from stat group checkpoint
Missing stat:  vb_0:id_1:snap_start from stat group checkpoint
Missing stat:  vb_0:id_1:state from stat group checkpoint
Missing stat:  vb_0:id_1:type from stat group checkpoint
Missing stat:  vb_0:id_1:visible_snap_end from stat group checkpoint
Missing stat:  vb_0:mem_usage from stat group checkpoint
Missing stat:  vb_0:id_1:key_index_allocator_bytes from stat group checkpoint 0
Missing stat:  vb_0:id_1:key_index_key_allocator_bytes from stat group checkpoint 0
Missing stat:  vb_0:id_1:mem_usage_key_index_overhead from stat group checkpoint 0
Missing stat:  vb_0:id_1:mem_usage_queue_overhead from stat group checkpoint 0
Missing stat:  vb_0:id_1:mem_usage_queued_items from stat group checkpoint 0
Missing stat:  vb_0:id_1:queue_allocator_bytes from stat group checkpoint 0
Missing stat:  vb_0:id_1:snap_end from stat group checkpoint 0
Missing stat:  vb_0:id_1:snap_start from stat group checkpoint 0
Missing stat:  vb_0:id_1:state from stat group checkpoint 0
Missing stat:  vb_0:id_1:type from stat group checkpoint 0
Missing stat:  vb_0:id_1:visible_snap_end from stat group checkpoint 0
Missing stat:  vb_0:mem_usage from stat group checkpoint 0
..\kv_engine\engines\ep\tests\ep_testsuite.cc:7852 Test failed: `stats error" (missing stats)
(55 ms) FAIL
</pre>
 ( http://cv.jenkins.couchbase.com/job/kv_engine-windows-master/45793/ )

http://cv.jenkins.couchbase.com/job/kv_engine-clang_analyzer-master/38455/ : SUCCESS

http://cv.jenkins.couchbase.com/job/kv_engine-clang_tidy-master/17146/ : SUCCESS

http://cv.jenkins.couchbase.com/job/kv_engine-clang_format_9/16112/ : SUCCESS

http://cv.jenkins.couchbase.com/job/kv_engine.libFuzzer/job/master/6779/ : SUCCESS
----------------------------------------------------------------------------------------------------------------------
