======================================================================================================================
DESCRIPTION:

MB-51681: Replace full CM scans with variables updated in-place

Instead of looping through every checkpoint owned
by the CheckpointManager and summing the individual
stats, create CM-level variables which are updated
in-place by Checkpoint MemoryCounters.

Change-Id: I369046cc1d966204e92a35c45799acd01d1d7b70

======================================================================================================================
COMMENTS
======================================================================================================================
Author: Douglas
Date: 2022-04-28 14:45:17.000000000
Message: 
Patch Set 35: Patch Set 34 was rebased
----------------------------------------------------------------------------------------------------------------------
Author: Paolo Cocchi
Date: 2022-04-28 15:00:15.000000000
Message: 
Patch Set 35: Code-Review+2
----------------------------------------------------------------------------------------------------------------------
Author: Build Bot
Date: 2022-04-28 16:43:17.000000000
Message: 
Patch Set 35: Verified-1

Build Failed 

http://cv.jenkins.couchbase.com/job/kv_engine-windows-master/45808/ : FAILURE

Failure of an engine_testapp test:

<pre>
Running [4/160]: expiration on compaction...Uncaught std::exception. what():Failed to find requested statname "vb_0:persistence:num_visits"
(44 ms) DIED
</pre>
 ( http://cv.jenkins.couchbase.com/job/kv_engine-windows-master/45808/ )

http://cv.jenkins.couchbase.com/job/kv_engine.macos/job/master/18084/ : FAILURE

Failure of an engine_testapp test:

<pre>
Running [0/5]: checkpoint: create a new checkpoint...WARNING: Logging before InitGoogleLogging() is written to STDERR
[2022-04-28T16:07:32.420Z] W0428 09:06:51.178994 200245248 HazptrDomain.h:670] Using the default inline executor for asynchronous reclamation may be susceptible to deadlock if the current thread happens to hold a resource needed by the deleter of a reclaimable object
[2022-04-28T16:07:32.420Z] 
[2022-04-28T16:07:32.420Z] 
[2022-04-28T16:07:32.420Z] 93% tests passed, 33 tests failed out of 447
[2022-04-28T16:07:32.420Z] 
[2022-04-28T16:07:32.420Z] Total Test time (real) = 3749.87 sec
[2022-04-28T16:07:32.420Z] 
[2022-04-28T16:07:32.420Z] The following tests FAIL
</pre>
 ( http://cv.jenkins.couchbase.com/job/kv_engine.macos/job/master/18084/ )

Timeout of a CTest test [2022-04-28T15:53:17.083Z] 119/447 Test #331: ep_perfsuite.value_eviction .............................................................................} ( http://cv.jenkins.couchbase.com/job/kv_engine.macos/job/master/18084/ )

http://cv.jenkins.couchbase.com/job/kv_engine.threadsanitizer/job/master/19971/ : FAILURE

Timeout of a CTest test [2022-04-28T15:23:57.735Z]  19/421 Test #304: ep_perfsuite.value_eviction .............................................................................} ( http://cv.jenkins.couchbase.com/job/kv_engine.threadsanitizer/job/master/19971/ )

ThreadSanitizer issue: data race (/opt/gcc-10.2.0/lib64/libtsan.so.0+0x87578) in operator delete(void*, unsigned long)  ( http://cv.jenkins.couchbase.com/job/kv_engine.threadsanitizer/job/master/19971/ )

http://cv.jenkins.couchbase.com/job/kv_engine.aarch64-linux/job/master/6892/ : FAILURE

Failure of an engine_testapp test:

<pre>
Running [11/18]: Baseline Stat latency...WARNING: Logging before InitGoogleLogging() is written to STDERR
[2022-04-28T16:03:00.119Z] W0428 08:40:31.410931 32425 HazptrDomain.h:670] Using the default inline executor for asynchronous reclamation may be susceptible to deadlock if the current thread happens to hold a resource needed by the deleter of a reclaimable object
[2022-04-28T16:03:00.119Z] 
[2022-04-28T16:03:00.119Z] 
[2022-04-28T16:03:00.119Z] 93% tests passed, 31 tests failed out of 448
[2022-04-28T16:03:00.119Z] 
[2022-04-28T16:03:00.119Z] Total Test time (real) = 3829.06 sec
[2022-04-28T16:03:00.119Z] 
[2022-04-28T16:03:00.119Z] The following tests FAIL
</pre>
 ( http://cv.jenkins.couchbase.com/job/kv_engine.aarch64-linux/job/master/6892/ )

Test exceeded the timeout:
[2022-04-28T15:03:10.983Z] /usr/bin/timeout: the monitored command dumped core ( http://cv.jenkins.couchbase.com/job/kv_engine.aarch64-linux/job/master/6892/ )

Timeout of a CTest test [2022-04-28T15:57:26.306Z] 447/448 Test #331: ep_perfsuite.value_eviction .............................................................................} ( http://cv.jenkins.couchbase.com/job/kv_engine.aarch64-linux/job/master/6892/ )

http://cv.jenkins.couchbase.com/job/kv_engine.linux/job/master/19279/ : FAILURE

Failure of GoogleTest "EphemeralOrPersistent/STItemPagerTest.ReplicaEvictedBeforeActive/persistent_couchstore_full_eviction":

<pre>
[ RUN      ] EphemeralOrPersistent/STItemPagerTest.ReplicaEvictedBeforeActive/persistent_couchstore_full_eviction
[2022-04-28T15:07:14.681Z] ../kv_engine/engines/ep/tests/module_tests/item_pager_test.cc:1225: Failure
[2022-04-28T15:07:14.681Z] Expected equality of these values:
[2022-04-28T15:07:14.681Z]   100
[2022-04-28T15:07:14.681Z]   getRRPercent(*store->getVBucket(vbid))
[2022-04-28T15:07:14.681Z]     Which is: 97
[2022-04-28T15:07:14.681Z] vb:0 not fully resident after eviction
[2022-04-28T15:07:14.681Z] ../kv_engine/engines/ep/tests/module_tests/item_pager_test.cc:1225: Failure
[2022-04-28T15:07:14.681Z] Expected equality of these values:
[2022-04-28T15:07:14.681Z]   100
[2022-04-28T15:07:14.681Z]   getRRPercent(*store->getVBucket(vbid))
[2022-04-28T15:07:14.681Z]     Which is: 97
[2022-04-28T15:07:14.681Z] vb:1 not fully resident after eviction
[2022-04-28T15:07:14.681Z] [  FAILED  ] EphemeralOrPersistent/STItemPagerTest.ReplicaEvictedBeforeActive/persistent_couchstore_full_eviction, where GetParam() = "bucket_type=persistent:backend=couchstore:item_eviction_policy=full_eviction" (549 ms)
EphemeralOrPersistent/STItemPagerTest.ReplicaEvictedBeforeActive/persistent_couchstore_full_eviction
</pre>
 ( http://cv.jenkins.couchbase.com/job/kv_engine.linux/job/master/19279/ )

Failure of an engine_testapp test:

<pre>
Running [11/18]: Baseline Stat latency...WARNING: Logging before InitGoogleLogging() is written to STDERR
[2022-04-28T15:42:30.735Z] W0428 15:20:01.494726 27883 HazptrDomain.h:670] Using the default inline executor for asynchronous reclamation may be susceptible to deadlock if the current thread happens to hold a resource needed by the deleter of a reclaimable object
[2022-04-28T15:42:30.735Z] 
[2022-04-28T15:42:30.735Z] 
[2022-04-28T15:42:30.735Z] 93% tests passed, 32 tests failed out of 447
[2022-04-28T15:42:30.735Z] 
[2022-04-28T15:42:30.735Z] Total Test time (real) = 2155.39 sec
[2022-04-28T15:42:30.735Z] 
[2022-04-28T15:42:30.735Z] The following tests FAIL
</pre>
 ( http://cv.jenkins.couchbase.com/job/kv_engine.linux/job/master/19279/ )

One of more core files found at the end of the build. Data for post-mortem saved to archived_core_dumps.tar.bz2 under "Build Artifacts". ( http://cv.jenkins.couchbase.com/job/kv_engine.linux/job/master/19279/ )

Test exceeded the timeout:
[2022-04-28T15:10:45.243Z] /usr/bin/timeout: the monitored command dumped core ( http://cv.jenkins.couchbase.com/job/kv_engine.linux/job/master/19279/ )

Timeout of a CTest test [2022-04-28T15:41:51.799Z] 446/447 Test #331: ep_perfsuite.value_eviction .............................................................................} ( http://cv.jenkins.couchbase.com/job/kv_engine.linux/job/master/19279/ )

http://cv.jenkins.couchbase.com/job/kv_engine.ASan-UBSan/job/master/27346/ : FAILURE

Failure of an engine_testapp test:

<pre>
Running [0/5]: checkpoint: create a new checkpoint...WARNING: Logging before InitGoogleLogging() is written to STDERR
[2022-04-28T16:16:02.108Z] W0428 16:06:33.413697 56400 HazptrDomain.h:670] Using the default inline executor for asynchronous reclamation may be susceptible to deadlock if the current thread happens to hold a resource needed by the deleter of a reclaimable object
[2022-04-28T16:16:02.108Z] /usr/bin/timeout: the monitored command dumped core
[2022-04-28T16:16:02.108Z] 
[2022-04-28T16:16:02.108Z] 
[2022-04-28T16:16:02.108Z] 93% tests passed, 29 tests failed out of 429
[2022-04-28T16:16:02.108Z] 
[2022-04-28T16:16:02.108Z] Total Test time (real) = 3970.32 sec
[2022-04-28T16:16:02.108Z] 
[2022-04-28T16:16:02.108Z] The following tests FAIL
</pre>
 ( http://cv.jenkins.couchbase.com/job/kv_engine.ASan-UBSan/job/master/27346/ )

One of more core files found at the end of the build. Data for post-mortem saved to archived_core_dumps.tar.bz2 under "Build Artifacts". ( http://cv.jenkins.couchbase.com/job/kv_engine.ASan-UBSan/job/master/27346/ )

Test exceeded the timeout:
[2022-04-28T15:25:58.759Z] /usr/bin/timeout: the monitored command dumped core ( http://cv.jenkins.couchbase.com/job/kv_engine.ASan-UBSan/job/master/27346/ )

Timeout of a CTest test [2022-04-28T15:54:56.731Z] 133/429 Test #312: ep_perfsuite.value_eviction .............................................................................} ( http://cv.jenkins.couchbase.com/job/kv_engine.ASan-UBSan/job/master/27346/ )

http://cv.jenkins.couchbase.com/job/kv_engine.linux-CE/job/master/18941/ : FAILURE

Failure of GoogleTest "EphemeralOrPersistent/STItemPagerTest.ReplicaEvictedBeforeActive/persistent_couchstore_full_eviction":

<pre>
[ RUN      ] EphemeralOrPersistent/STItemPagerTest.ReplicaEvictedBeforeActive/persistent_couchstore_full_eviction
[2022-04-28T15:06:06.576Z] ../kv_engine/engines/ep/tests/module_tests/item_pager_test.cc:1225: Failure
[2022-04-28T15:06:06.576Z] Expected equality of these values:
[2022-04-28T15:06:06.576Z]   100
[2022-04-28T15:06:06.576Z]   getRRPercent(*store->getVBucket(vbid))
[2022-04-28T15:06:06.576Z]     Which is: 96
[2022-04-28T15:06:06.576Z] vb:0 not fully resident after eviction
[2022-04-28T15:06:06.576Z] ../kv_engine/engines/ep/tests/module_tests/item_pager_test.cc:1225: Failure
[2022-04-28T15:06:06.576Z] Expected equality of these values:
[2022-04-28T15:06:06.576Z]   100
[2022-04-28T15:06:06.576Z]   getRRPercent(*store->getVBucket(vbid))
[2022-04-28T15:06:06.576Z]     Which is: 97
[2022-04-28T15:06:06.576Z] vb:1 not fully resident after eviction
[2022-04-28T15:06:06.576Z] [  FAILED  ] EphemeralOrPersistent/STItemPagerTest.ReplicaEvictedBeforeActive/persistent_couchstore_full_eviction, where GetParam() = "bucket_type=persistent:backend=couchstore:item_eviction_policy=full_eviction" (383 ms)
EphemeralOrPersistent/STItemPagerTest.ReplicaEvictedBeforeActive/persistent_couchstore_full_eviction
</pre>
 ( http://cv.jenkins.couchbase.com/job/kv_engine.linux-CE/job/master/18941/ )

Failure of an engine_testapp test:

<pre>
Running [11/18]: Baseline Stat latency...WARNING: Logging before InitGoogleLogging() is written to STDERR
[2022-04-28T15:38:40.551Z] W0428 15:15:57.736542 19442 HazptrDomain.h:670] Using the default inline executor for asynchronous reclamation may be susceptible to deadlock if the current thread happens to hold a resource needed by the deleter of a reclaimable object
[2022-04-28T15:38:40.551Z] 
[2022-04-28T15:38:40.551Z] 
[2022-04-28T15:38:40.551Z] 94% tests passed, 26 tests failed out of 427
[2022-04-28T15:38:40.551Z] 
[2022-04-28T15:38:40.551Z] Total Test time (real) = 1979.49 sec
[2022-04-28T15:38:40.551Z] 
[2022-04-28T15:38:40.551Z] The following tests FAIL
</pre>
 ( http://cv.jenkins.couchbase.com/job/kv_engine.linux-CE/job/master/18941/ )

One of more core files found at the end of the build. Data for post-mortem saved to archived_core_dumps.tar.bz2 under "Build Artifacts". ( http://cv.jenkins.couchbase.com/job/kv_engine.linux-CE/job/master/18941/ )

Test exceeded the timeout:
[2022-04-28T15:09:32.501Z] /usr/bin/timeout: the monitored command dumped core ( http://cv.jenkins.couchbase.com/job/kv_engine.linux-CE/job/master/18941/ )

Timeout of a CTest test [2022-04-28T15:36:18.891Z] 426/427 Test #311: ep_perfsuite.value_eviction .............................................................................} ( http://cv.jenkins.couchbase.com/job/kv_engine.linux-CE/job/master/18941/ )

http://cv.jenkins.couchbase.com/job/kv_engine-clang_analyzer-master/38474/ : SUCCESS

http://cv.jenkins.couchbase.com/job/kv_engine-clang_tidy-master/17169/ : SUCCESS

http://cv.jenkins.couchbase.com/job/kv_engine-clang_format_9/16131/ : SUCCESS

http://cv.jenkins.couchbase.com/job/kv_engine.libFuzzer/job/master/6799/ : SUCCESS
----------------------------------------------------------------------------------------------------------------------
