======================================================================================================================
DESCRIPTION:

MB-51681: Replace full CM scans with variables updated in-place

Instead of looping through every checkpoint owned
by the CheckpointManager and summing the individual
stats, create CM-level variables which are updated
in-place by Checkpoint MemoryCounters.

Change-Id: I369046cc1d966204e92a35c45799acd01d1d7b70

======================================================================================================================
COMMENTS
======================================================================================================================
Author: Douglas
Date: 2022-04-27 14:25:20.000000000
Message: 
Uploaded patch set 32.
----------------------------------------------------------------------------------------------------------------------
Author: Build Bot
Date: 2022-04-27 15:46:05.000000000
Message: 
Patch Set 32: Verified-1

Build Failed 

http://cv.jenkins.couchbase.com/job/kv_engine.linux-CE/job/master/18868/ : ABORTED

Failure of GoogleTest "EphemeralOrPersistent/STItemPagerTest.ReplicaEvictedBeforeActive/persistent_couchstore_full_eviction":

<pre>
[ RUN      ] EphemeralOrPersistent/STItemPagerTest.ReplicaEvictedBeforeActive/persistent_couchstore_full_eviction
[2022-04-27T15:21:16.671Z] ../kv_engine/engines/ep/tests/module_tests/item_pager_test.cc:1225: Failure
[2022-04-27T15:21:16.671Z] Expected equality of these values:
[2022-04-27T15:21:16.671Z]   100
[2022-04-27T15:21:16.671Z]   getRRPercent(*store->getVBucket(vbid))
[2022-04-27T15:21:16.671Z]     Which is: 95
[2022-04-27T15:21:16.671Z] vb:0 not fully resident after eviction
[2022-04-27T15:21:16.671Z] ../kv_engine/engines/ep/tests/module_tests/item_pager_test.cc:1225: Failure
[2022-04-27T15:21:16.671Z] Expected equality of these values:
[2022-04-27T15:21:16.671Z]   100
[2022-04-27T15:21:16.671Z]   getRRPercent(*store->getVBucket(vbid))
[2022-04-27T15:21:16.671Z]     Which is: 97
[2022-04-27T15:21:16.671Z] vb:1 not fully resident after eviction
[2022-04-27T15:21:16.671Z] [  FAILED  ] EphemeralOrPersistent/STItemPagerTest.ReplicaEvictedBeforeActive/persistent_couchstore_full_eviction, where GetParam() = "bucket_type=persistent:backend=couchstore:item_eviction_policy=full_eviction" (681 ms)
EphemeralOrPersistent/STItemPagerTest.ReplicaEvictedBeforeActive/persistent_couchstore_full_eviction
</pre>
 ( http://cv.jenkins.couchbase.com/job/kv_engine.linux-CE/job/master/18868/ )

Test exceeded the timeout:
[2022-04-27T15:24:47.198Z] /usr/bin/timeout: the monitored command dumped core ( http://cv.jenkins.couchbase.com/job/kv_engine.linux-CE/job/master/18868/ )

Build which was aborted due to a newer patch set being uploaded for the given review. ( http://cv.jenkins.couchbase.com/job/kv_engine.linux-CE/job/master/18868/ )

http://cv.jenkins.couchbase.com/job/kv_engine.threadsanitizer/job/master/19910/ : ABORTED

Build which was aborted due to a newer patch set being uploaded for the given review. ( http://cv.jenkins.couchbase.com/job/kv_engine.threadsanitizer/job/master/19910/ )

http://cv.jenkins.couchbase.com/job/kv_engine.linux/job/master/19212/ : ABORTED

Failure of GoogleTest "CollectionsDcpEphemeralOrPersistent/MB48010CollectionsDCPParamTest.replica_merged_snapshot_ends_on_mutation/persistent_nexus_couchstore_magma_value_only":

<pre>
[ RUN      ] CollectionsDcpEphemeralOrPersistent/MB48010CollectionsDCPParamTest.replica_merged_snapshot_ends_on_mutation/persistent_nexus_couchstore_magma_value_only
[2022-04-27T15:40:32.795Z] ../kv_engine/engines/ep/tests/module_tests/kv_bucket_test.cc:261: Failure
[2022-04-27T15:40:32.795Z] Value of: flush_successful
[2022-04-27T15:40:32.795Z]   Actual: false
[2022-04-27T15:40:32.795Z] Expected: true
[2022-04-27T15:40:32.795Z] Hit timeout (10 seconds) waiting for warmup to complete while flushing VBucket.
[2022-04-27T15:40:32.795Z] ../kv_engine/engines/ep/tests/module_tests/kv_bucket_test.cc:234: Failure
[2022-04-27T15:40:32.795Z] Expected equality of these values:
[2022-04-27T15:40:32.795Z]   expected
[2022-04-27T15:40:32.795Z]     Which is: 2
[2022-04-27T15:40:32.795Z]   actualFlushed
[2022-04-27T15:40:32.795Z]     Which is: 0
[2022-04-27T15:40:32.796Z] Unexpected items (0) in flush_vbucket_to_disk(vb:0, 2)
[2022-04-27T15:40:32.796Z] unknown file: Failure
[2022-04-27T15:40:32.796Z] C++ exception with description "Filter::Filter failed status:unknown collection: unknown collection" thrown in SetUp().
[2022-04-27T15:40:32.796Z] [  FAILED  ] CollectionsDcpEphemeralOrPersistent/MB48010CollectionsDCPParamTest.replica_merged_snapshot_ends_on_mutation/persistent_nexus_couchstore_magma_value_only, where GetParam() = "bucket_type=persistent:backend=nexus:nexus_primary_backend=couchstore:nexus_secondary_backend=magma:item_eviction_policy=value_only" (16432 ms)
CollectionsDcpEphemeralOrPersistent/MB48010CollectionsDCPParamTest.replica_merged_snapshot_ends_on_mutation/persistent_nexus_couchstore_magma_value_only
</pre>
 ( http://cv.jenkins.couchbase.com/job/kv_engine.linux/job/master/19212/ )

Build which was aborted due to a newer patch set being uploaded for the given review. ( http://cv.jenkins.couchbase.com/job/kv_engine.linux/job/master/19212/ )

http://cv.jenkins.couchbase.com/job/kv_engine.macos/job/master/18008/ : ABORTED

Timeout of a CTest test [2022-04-27T15:44:51.954Z] 113/447 Test #331: ep_perfsuite.value_eviction .............................................................................} ( http://cv.jenkins.couchbase.com/job/kv_engine.macos/job/master/18008/ )

Build which was aborted due to a newer patch set being uploaded for the given review. ( http://cv.jenkins.couchbase.com/job/kv_engine.macos/job/master/18008/ )

http://cv.jenkins.couchbase.com/job/kv_engine-windows-master/45739/ : FAILURE

Failure of an engine_testapp test:

<pre>
Running [4/160]: expiration on compaction...Uncaught std::exception. what():Failed to find requested statname "vb_0:persistence:num_visits"
(73 ms) DIED
</pre>
 ( http://cv.jenkins.couchbase.com/job/kv_engine-windows-master/45739/ )

Timeout of a CTest test 307/427 Test #306: ep_testsuite_xdcr.value_eviction.comp_passive ...........................................................} ( http://cv.jenkins.couchbase.com/job/kv_engine-windows-master/45739/ )

http://cv.jenkins.couchbase.com/job/kv_engine.aarch64-linux/job/master/6832/ : FAILURE

Failure of an engine_testapp test:

<pre>
Running [11/18]: Baseline Stat latency...WARNING: Logging before InitGoogleLogging() is written to STDERR
[2022-04-27T15:38:47.908Z] W0427 08:16:17.090456 24197 HazptrDomain.h:670] Using the default inline executor for asynchronous reclamation may be susceptible to deadlock if the current thread happens to hold a resource needed by the deleter of a reclaimable object
[2022-04-27T15:38:47.908Z] 
[2022-04-27T15:38:47.908Z] 
[2022-04-27T15:38:47.908Z] 93% tests passed, 31 tests failed out of 448
[2022-04-27T15:38:47.908Z] 
[2022-04-27T15:38:47.908Z] Total Test time (real) = 3792.71 sec
[2022-04-27T15:38:47.908Z] 
[2022-04-27T15:38:47.908Z] The following tests FAIL
</pre>
 ( http://cv.jenkins.couchbase.com/job/kv_engine.aarch64-linux/job/master/6832/ )

Test exceeded the timeout:
[2022-04-27T14:39:32.581Z] /usr/bin/timeout: the monitored command dumped core ( http://cv.jenkins.couchbase.com/job/kv_engine.aarch64-linux/job/master/6832/ )

Timeout of a CTest test [2022-04-27T15:37:55.217Z] 447/448 Test #331: ep_perfsuite.value_eviction .............................................................................} ( http://cv.jenkins.couchbase.com/job/kv_engine.aarch64-linux/job/master/6832/ )

http://cv.jenkins.couchbase.com/job/kv_engine.ASan-UBSan/job/master/27284/ : FAILURE

No problems were identified. If you know why this problem occurred, please add a suitable Cause for it. ( http://cv.jenkins.couchbase.com/job/kv_engine.ASan-UBSan/job/master/27284/ )

http://cv.jenkins.couchbase.com/job/kv_engine.libFuzzer/job/master/6739/ : FAILURE

The warnings threshold for this job was exceeded - <a href="warningsResult">6 warnings</a> found. ( http://cv.jenkins.couchbase.com/job/kv_engine.libFuzzer/job/master/6739/ )

http://cv.jenkins.couchbase.com/job/kv_engine-clang_analyzer-master/38419/ : SUCCESS

http://cv.jenkins.couchbase.com/job/kv_engine-clang_tidy-master/17083/ : SUCCESS

http://cv.jenkins.couchbase.com/job/kv_engine-clang_format_9/16051/ : SUCCESS
----------------------------------------------------------------------------------------------------------------------
