======================================================================================================================
DESCRIPTION:

MB-51681: Replace full CM scans with variables updated in-place

Instead of looping through every checkpoint owned
by the CheckpointManager and summing the individual
stats, create CM-level variables which are updated
in-place by Checkpoint MemoryCounters.

Change-Id: I369046cc1d966204e92a35c45799acd01d1d7b70

======================================================================================================================
COMMENTS
======================================================================================================================
Author: Douglas
Date: 2022-04-12 15:06:31.000000000
Message: 
Uploaded patch set 7.
----------------------------------------------------------------------------------------------------------------------
Author: Build Bot
Date: 2022-04-12 16:45:18.000000000
Message: 
Patch Set 7: Verified-1

Build Failed 

http://cv.jenkins.couchbase.com/job/kv_engine-windows-master/45257/ : FAILURE

Failure of an engine_testapp test:

<pre>
Running [145/159]: test_MB-19687_fixed...Missing stat:  vb_0:id_1:key_index_allocator_bytes from stat group checkpoint
Missing stat:  vb_0:id_1:key_index_key_allocator_bytes from stat group checkpoint
Missing stat:  vb_0:id_1:mem_usage_key_index_overhead from stat group checkpoint
Missing stat:  vb_0:id_1:mem_usage_queue_overhead from stat group checkpoint
Missing stat:  vb_0:id_1:mem_usage_queued_items from stat group checkpoint
Missing stat:  vb_0:id_1:queue_allocator_bytes from stat group checkpoint
Missing stat:  vb_0:id_1:snap_end from stat group checkpoint
Missing stat:  vb_0:id_1:snap_start from stat group checkpoint
Missing stat:  vb_0:id_1:state from stat group checkpoint
Missing stat:  vb_0:id_1:type from stat group checkpoint
Missing stat:  vb_0:id_1:visible_snap_end from stat group checkpoint
Missing stat:  vb_0:mem_usage from stat group checkpoint
Missing stat:  vb_0:id_1:key_index_allocator_bytes from stat group checkpoint 0
Missing stat:  vb_0:id_1:key_index_key_allocator_bytes from stat group checkpoint 0
Missing stat:  vb_0:id_1:mem_usage_key_index_overhead from stat group checkpoint 0
Missing stat:  vb_0:id_1:mem_usage_queue_overhead from stat group checkpoint 0
Missing stat:  vb_0:id_1:mem_usage_queued_items from stat group checkpoint 0
Missing stat:  vb_0:id_1:queue_allocator_bytes from stat group checkpoint 0
Missing stat:  vb_0:id_1:snap_end from stat group checkpoint 0
Missing stat:  vb_0:id_1:snap_start from stat group checkpoint 0
Missing stat:  vb_0:id_1:state from stat group checkpoint 0
Missing stat:  vb_0:id_1:type from stat group checkpoint 0
Missing stat:  vb_0:id_1:visible_snap_end from stat group checkpoint 0
Missing stat:  vb_0:mem_usage from stat group checkpoint 0
..\kv_engine\engines\ep\tests\ep_testsuite.cc:7852 Test failed: `stats error" (missing stats)
(30 ms) FAIL
</pre>
 ( http://cv.jenkins.couchbase.com/job/kv_engine-windows-master/45257/ )

Timeout of a CTest test 423/423 Test  #80: ep-engine_ep_unit_tests.ExecutorPoolTest/class FollyExecutorPool ........................................} ( http://cv.jenkins.couchbase.com/job/kv_engine-windows-master/45257/ )

http://cv.jenkins.couchbase.com/job/kv_engine.macos/job/master/17522/ : FAILURE

Timeout of a CTest test [2022-04-12T15:20:31.269Z]   4/443 Test #307: ep_testsuite_dcp.value_eviction.magma ...................................................................} ( http://cv.jenkins.couchbase.com/job/kv_engine.macos/job/master/17522/ )

http://cv.jenkins.couchbase.com/job/kv_engine.linux-CE/job/master/18425/ : FAILURE

Failure of an engine_testapp test:

<pre>
Running [11/18]: Baseline Stat latency...WARNING: Logging before InitGoogleLogging() is written to STDERR
[2022-04-12T15:45:38.520Z] W0412 15:22:56.209777 123335 HazptrDomain.h:670] Using the default inline executor for asynchronous reclamation may be susceptible to deadlock if the current thread happens to hold a resource needed by the deleter of a reclaimable object
[2022-04-12T15:45:38.520Z] 
[2022-04-12T15:45:38.520Z] 
[2022-04-12T15:45:38.520Z] 94% tests passed, 25 tests failed out of 423
[2022-04-12T15:45:38.520Z] 
[2022-04-12T15:45:38.520Z] Total Test time (real) = 1993.10 sec
[2022-04-12T15:45:38.520Z] 
[2022-04-12T15:45:38.520Z] The following tests FAIL
</pre>
 ( http://cv.jenkins.couchbase.com/job/kv_engine.linux-CE/job/master/18425/ )

One of more core files found at the end of the build. Data for post-mortem saved to archived_core_dumps.tar.bz2 under "Build Artifacts". ( http://cv.jenkins.couchbase.com/job/kv_engine.linux-CE/job/master/18425/ )

Timeout of a CTest test [2022-04-12T15:43:01.978Z] 422/423 Test #309: ep_perfsuite.value_eviction .............................................................................} ( http://cv.jenkins.couchbase.com/job/kv_engine.linux-CE/job/master/18425/ )

Test exceeded the timeout:
[2022-04-12T15:16:18.323Z] /usr/bin/timeout: the monitored command dumped core ( http://cv.jenkins.couchbase.com/job/kv_engine.linux-CE/job/master/18425/ )

http://cv.jenkins.couchbase.com/job/kv_engine.threadsanitizer/job/master/19460/ : FAILURE

No problems were identified. If you know why this problem occurred, please add a suitable Cause for it. ( http://cv.jenkins.couchbase.com/job/kv_engine.threadsanitizer/job/master/19460/ )

http://cv.jenkins.couchbase.com/job/kv_engine.linux/job/master/18762/ : FAILURE

Failure of an engine_testapp test:

<pre>
Running [11/18]: Baseline Stat latency...WARNING: Logging before InitGoogleLogging() is written to STDERR
[2022-04-12T15:48:16.106Z] W0412 15:25:43.675113 100720 HazptrDomain.h:670] Using the default inline executor for asynchronous reclamation may be susceptible to deadlock if the current thread happens to hold a resource needed by the deleter of a reclaimable object
[2022-04-12T15:48:16.106Z] 
[2022-04-12T15:48:16.106Z] 
[2022-04-12T15:48:16.106Z] 93% tests passed, 31 tests failed out of 443
[2022-04-12T15:48:16.106Z] 
[2022-04-12T15:48:16.106Z] Total Test time (real) = 2151.40 sec
[2022-04-12T15:48:16.106Z] 
[2022-04-12T15:48:16.106Z] The following tests FAIL
</pre>
 ( http://cv.jenkins.couchbase.com/job/kv_engine.linux/job/master/18762/ )

One of more core files found at the end of the build. Data for post-mortem saved to archived_core_dumps.tar.bz2 under "Build Artifacts". ( http://cv.jenkins.couchbase.com/job/kv_engine.linux/job/master/18762/ )

Timeout of a CTest test [2022-04-12T15:47:37.372Z] 442/443 Test #329: ep_perfsuite.value_eviction .............................................................................} ( http://cv.jenkins.couchbase.com/job/kv_engine.linux/job/master/18762/ )

Test exceeded the timeout:
[2022-04-12T15:16:29.048Z] /usr/bin/timeout: the monitored command dumped core ( http://cv.jenkins.couchbase.com/job/kv_engine.linux/job/master/18762/ )

http://cv.jenkins.couchbase.com/job/kv_engine.ASan-UBSan/job/master/26831/ : FAILURE

http://cv.jenkins.couchbase.com/job/kv_engine.aarch64-linux/job/master/6364/ : FAILURE

Failure of an engine_testapp test:

<pre>
Running [11/18]: Baseline Stat latency...WARNING: Logging before InitGoogleLogging() is written to STDERR
[2022-04-12T16:21:19.812Z] W0412 08:58:44.357246 17055 HazptrDomain.h:670] Using the default inline executor for asynchronous reclamation may be susceptible to deadlock if the current thread happens to hold a resource needed by the deleter of a reclaimable object
[2022-04-12T16:21:19.812Z] 
[2022-04-12T16:21:19.812Z] 
[2022-04-12T16:21:19.812Z] 93% tests passed, 31 tests failed out of 444
[2022-04-12T16:21:19.812Z] 
[2022-04-12T16:21:19.812Z] Total Test time (real) = 3824.61 sec
[2022-04-12T16:21:19.812Z] 
[2022-04-12T16:21:19.812Z] The following tests FAIL
</pre>
 ( http://cv.jenkins.couchbase.com/job/kv_engine.aarch64-linux/job/master/6364/ )

Timeout of a CTest test [2022-04-12T16:21:19.811Z] 443/444 Test #329: ep_perfsuite.value_eviction .............................................................................} ( http://cv.jenkins.couchbase.com/job/kv_engine.aarch64-linux/job/master/6364/ )

Test exceeded the timeout:
[2022-04-12T15:24:52.042Z] /usr/bin/timeout: the monitored command dumped core ( http://cv.jenkins.couchbase.com/job/kv_engine.aarch64-linux/job/master/6364/ )

http://cv.jenkins.couchbase.com/job/kv_engine-clang_analyzer-master/38011/ : SUCCESS

http://cv.jenkins.couchbase.com/job/kv_engine-clang_tidy-master/16651/ : SUCCESS

http://cv.jenkins.couchbase.com/job/kv_engine-clang_format_9/15579/ : SUCCESS

http://cv.jenkins.couchbase.com/job/kv_engine.libFuzzer/job/master/6302/ : SUCCESS
----------------------------------------------------------------------------------------------------------------------
Author: Build Bot
Date: 2022-04-12 19:35:30.000000000
Message: 
Patch Set 7:

Build Failed 

http://cv.jenkins.couchbase.com/job/kv_engine-windows-master/45262/ : FAILURE

Failure of an engine_testapp test:

<pre>
Running [145/159]: test_MB-19687_fixed...Missing stat:  vb_0:id_1:key_index_allocator_bytes from stat group checkpoint
Missing stat:  vb_0:id_1:key_index_key_allocator_bytes from stat group checkpoint
Missing stat:  vb_0:id_1:mem_usage_key_index_overhead from stat group checkpoint
Missing stat:  vb_0:id_1:mem_usage_queue_overhead from stat group checkpoint
Missing stat:  vb_0:id_1:mem_usage_queued_items from stat group checkpoint
Missing stat:  vb_0:id_1:queue_allocator_bytes from stat group checkpoint
Missing stat:  vb_0:id_1:snap_end from stat group checkpoint
Missing stat:  vb_0:id_1:snap_start from stat group checkpoint
Missing stat:  vb_0:id_1:state from stat group checkpoint
Missing stat:  vb_0:id_1:type from stat group checkpoint
Missing stat:  vb_0:id_1:visible_snap_end from stat group checkpoint
Missing stat:  vb_0:mem_usage from stat group checkpoint
Missing stat:  vb_0:id_1:key_index_allocator_bytes from stat group checkpoint 0
Missing stat:  vb_0:id_1:key_index_key_allocator_bytes from stat group checkpoint 0
Missing stat:  vb_0:id_1:mem_usage_key_index_overhead from stat group checkpoint 0
Missing stat:  vb_0:id_1:mem_usage_queue_overhead from stat group checkpoint 0
Missing stat:  vb_0:id_1:mem_usage_queued_items from stat group checkpoint 0
Missing stat:  vb_0:id_1:queue_allocator_bytes from stat group checkpoint 0
Missing stat:  vb_0:id_1:snap_end from stat group checkpoint 0
Missing stat:  vb_0:id_1:snap_start from stat group checkpoint 0
Missing stat:  vb_0:id_1:state from stat group checkpoint 0
Missing stat:  vb_0:id_1:type from stat group checkpoint 0
Missing stat:  vb_0:id_1:visible_snap_end from stat group checkpoint 0
Missing stat:  vb_0:mem_usage from stat group checkpoint 0
..\kv_engine\engines\ep\tests\ep_testsuite.cc:7852 Test failed: `stats error" (missing stats)
(38 ms) FAIL
</pre>
 ( http://cv.jenkins.couchbase.com/job/kv_engine-windows-master/45262/ )

http://cv.jenkins.couchbase.com/job/kv_engine.macos/job/master/17526/ : FAILURE

Failure of an engine_testapp test:

<pre>
Running [10/18]: DCP Consumer snapshot-end mutation latency...
[2022-04-12T19:07:27.153Z] === DCP Consumer snapshot-end mutation - 200 items === Latency (ns) ===========================================================================
[2022-04-12T19:07:27.153Z] 
[2022-04-12T19:07:27.153Z]                                 Percentile           
[2022-04-12T19:07:27.153Z]                          Median     95th     99th  Std Dev  Histogram of samples
[2022-04-12T19:07:27.153Z] 
[2022-04-12T19:07:27.153Z] Datatype::Raw            24.943   28.586   52.663    3.553  ????????????????????????????????
[2022-04-12T19:07:27.153Z]                                                             24             ns             28
[2022-04-12T19:07:27.153Z] 
[2022-04-12T19:07:27.153Z] 
[2022-04-12T19:07:27.153Z] (32 ms) OK
[2022-04-12T19:07:27.153Z] 
[2022-04-12T19:07:27.153Z] 
[2022-04-12T19:07:27.153Z] 93% tests passed, 31 tests failed out of 443
[2022-04-12T19:07:27.153Z] 
[2022-04-12T19:07:27.153Z] Total Test time (real) = 2492.60 sec
[2022-04-12T19:07:27.153Z] 
[2022-04-12T19:07:27.154Z] The following tests FAIL
</pre>
 ( http://cv.jenkins.couchbase.com/job/kv_engine.macos/job/master/17526/ )

Timeout of a CTest test [2022-04-12T18:29:49.662Z]   4/443 Test #307: ep_testsuite_dcp.value_eviction.magma ...................................................................} ( http://cv.jenkins.couchbase.com/job/kv_engine.macos/job/master/17526/ )

http://cv.jenkins.couchbase.com/job/kv_engine.linux-CE/job/master/18429/ : FAILURE

Failure of an engine_testapp test:

<pre>
Running [11/18]: Baseline Stat latency...WARNING: Logging before InitGoogleLogging() is written to STDERR
[2022-04-12T18:55:01.121Z] W0412 18:32:31.223222 22782 HazptrDomain.h:670] Using the default inline executor for asynchronous reclamation may be susceptible to deadlock if the current thread happens to hold a resource needed by the deleter of a reclaimable object
[2022-04-12T18:55:01.121Z] 
[2022-04-12T18:55:01.121Z] 
[2022-04-12T18:55:01.121Z] 94% tests passed, 25 tests failed out of 423
[2022-04-12T18:55:01.121Z] 
[2022-04-12T18:55:01.121Z] Total Test time (real) = 1986.48 sec
[2022-04-12T18:55:01.121Z] 
[2022-04-12T18:55:01.121Z] The following tests FAIL
</pre>
 ( http://cv.jenkins.couchbase.com/job/kv_engine.linux-CE/job/master/18429/ )

One of more core files found at the end of the build. Data for post-mortem saved to archived_core_dumps.tar.bz2 under "Build Artifacts". ( http://cv.jenkins.couchbase.com/job/kv_engine.linux-CE/job/master/18429/ )

Timeout of a CTest test [2022-04-12T18:52:39.723Z] 422/423 Test #309: ep_perfsuite.value_eviction .............................................................................} ( http://cv.jenkins.couchbase.com/job/kv_engine.linux-CE/job/master/18429/ )

Test exceeded the timeout:
[2022-04-12T18:25:56.431Z] /usr/bin/timeout: the monitored command dumped core ( http://cv.jenkins.couchbase.com/job/kv_engine.linux-CE/job/master/18429/ )

http://cv.jenkins.couchbase.com/job/kv_engine.threadsanitizer/job/master/19465/ : FAILURE

http://cv.jenkins.couchbase.com/job/kv_engine.linux/job/master/18766/ : FAILURE

Failure of an engine_testapp test:

<pre>
Running [11/18]: Baseline Stat latency...WARNING: Logging before InitGoogleLogging() is written to STDERR
[2022-04-12T18:59:22.024Z] W0412 18:36:48.836021 93536 HazptrDomain.h:670] Using the default inline executor for asynchronous reclamation may be susceptible to deadlock if the current thread happens to hold a resource needed by the deleter of a reclaimable object
[2022-04-12T18:59:22.024Z] 
[2022-04-12T18:59:22.024Z] 
[2022-04-12T18:59:22.024Z] 93% tests passed, 31 tests failed out of 443
[2022-04-12T18:59:22.024Z] 
[2022-04-12T18:59:22.024Z] Total Test time (real) = 2129.90 sec
[2022-04-12T18:59:22.024Z] 
[2022-04-12T18:59:22.024Z] The following tests FAIL
</pre>
 ( http://cv.jenkins.couchbase.com/job/kv_engine.linux/job/master/18766/ )

One of more core files found at the end of the build. Data for post-mortem saved to archived_core_dumps.tar.bz2 under "Build Artifacts". ( http://cv.jenkins.couchbase.com/job/kv_engine.linux/job/master/18766/ )

Timeout of a CTest test [2022-04-12T18:58:25.821Z] 442/443 Test #329: ep_perfsuite.value_eviction .............................................................................} ( http://cv.jenkins.couchbase.com/job/kv_engine.linux/job/master/18766/ )

Test exceeded the timeout:
[2022-04-12T18:28:00.479Z] /usr/bin/timeout: the monitored command dumped core ( http://cv.jenkins.couchbase.com/job/kv_engine.linux/job/master/18766/ )

http://cv.jenkins.couchbase.com/job/kv_engine.ASan-UBSan/job/master/26834/ : FAILURE

Failure of an engine_testapp test:

<pre>
Running [0/5]: checkpoint: create a new checkpoint...WARNING: Logging before InitGoogleLogging() is written to STDERR
[2022-04-12T18:17:01.586Z] W0412 18:07:28.641130 52433 HazptrDomain.h:670] Using the default inline executor for asynchronous reclamation may be susceptible to deadlock if the current thread happens to hold a resource needed by the deleter of a reclaimable object
[2022-04-12T18:17:01.586Z] /usr/bin/timeout: the monitored command dumped core
[2022-04-12T18:17:01.586Z] 
[2022-04-12T18:17:01.586Z] 
[2022-04-12T18:17:01.586Z] 93% tests passed, 29 tests failed out of 425
[2022-04-12T18:17:01.586Z] 
[2022-04-12T18:17:01.586Z] Total Test time (real) = 3871.06 sec
[2022-04-12T18:17:01.586Z] 
[2022-04-12T18:17:01.586Z] The following tests FAIL
</pre>
 ( http://cv.jenkins.couchbase.com/job/kv_engine.ASan-UBSan/job/master/26834/ )

One of more core files found at the end of the build. Data for post-mortem saved to archived_core_dumps.tar.bz2 under "Build Artifacts". ( http://cv.jenkins.couchbase.com/job/kv_engine.ASan-UBSan/job/master/26834/ )

Timeout of a CTest test [2022-04-12T17:59:27.326Z] 162/425 Test #310: ep_perfsuite.value_eviction .............................................................................} ( http://cv.jenkins.couchbase.com/job/kv_engine.ASan-UBSan/job/master/26834/ )

Test exceeded the timeout:
[2022-04-12T17:28:33.060Z] /usr/bin/timeout: the monitored command dumped core ( http://cv.jenkins.couchbase.com/job/kv_engine.ASan-UBSan/job/master/26834/ )

http://cv.jenkins.couchbase.com/job/kv_engine.aarch64-linux/job/master/6367/ : FAILURE

Failure of an engine_testapp test:

<pre>
Running [11/18]: Baseline Stat latency...WARNING: Logging before InitGoogleLogging() is written to STDERR
[2022-04-12T18:17:00.544Z] W0412 10:54:26.210773 17016 HazptrDomain.h:670] Using the default inline executor for asynchronous reclamation may be susceptible to deadlock if the current thread happens to hold a resource needed by the deleter of a reclaimable object
[2022-04-12T18:17:00.544Z] 
[2022-04-12T18:17:00.544Z] 
[2022-04-12T18:17:00.544Z] 93% tests passed, 31 tests failed out of 444
[2022-04-12T18:17:00.544Z] 
[2022-04-12T18:17:00.544Z] Total Test time (real) = 3831.82 sec
[2022-04-12T18:17:00.544Z] 
[2022-04-12T18:17:00.544Z] The following tests FAIL
</pre>
 ( http://cv.jenkins.couchbase.com/job/kv_engine.aarch64-linux/job/master/6367/ )

Timeout of a CTest test [2022-04-12T18:17:00.543Z] 443/444 Test #329: ep_perfsuite.value_eviction .............................................................................} ( http://cv.jenkins.couchbase.com/job/kv_engine.aarch64-linux/job/master/6367/ )

Test exceeded the timeout:
[2022-04-12T17:20:33.964Z] /usr/bin/timeout: the monitored command dumped core ( http://cv.jenkins.couchbase.com/job/kv_engine.aarch64-linux/job/master/6367/ )

http://cv.jenkins.couchbase.com/job/kv_engine-clang_analyzer-master/38014/ : SUCCESS

http://cv.jenkins.couchbase.com/job/kv_engine-clang_tidy-master/16654/ : SUCCESS

http://cv.jenkins.couchbase.com/job/kv_engine-clang_format_9/15582/ : SUCCESS

http://cv.jenkins.couchbase.com/job/kv_engine.libFuzzer/job/master/6305/ : SUCCESS
----------------------------------------------------------------------------------------------------------------------
