======================================================================================================================
DESCRIPTION:

MB-51681: Replace full CM scans with variables updated in-place

Instead of looping through every checkpoint owned
by the CheckpointManager and summing the individual
stats, create CM-level variables which are updated
in-place by Checkpoint MemoryCounters.

Change-Id: I369046cc1d966204e92a35c45799acd01d1d7b70

======================================================================================================================
COMMENTS
======================================================================================================================
Author: Douglas
Date: 2022-05-04 13:27:16.000000000
Message: 
Uploaded patch set 40.
----------------------------------------------------------------------------------------------------------------------
Author: Build Bot
Date: 2022-05-04 15:12:59.000000000
Message: 
Patch Set 40: Verified-1 Code-Review-1

Build Failed 

http://cv.jenkins.couchbase.com/job/kv_engine-clang_tidy-master/17253/ : FAILURE

clang-tidy found the following problems:

<pre>
/home/couchbase/jenkins/workspace/kv_engine-clang_tidy-master/platform/include/hdrhistogram/hdrhistogram.h:29:10: error: "hdr_histogram.h" file not found [clang-diagnostic-error]
#include <hdr_histogram.h>
         ^

</pre> ( http://cv.jenkins.couchbase.com/job/kv_engine-clang_tidy-master/17253/ )

Compile error at /home/couchbase/jenkins/workspace/kv_engine-clang_tidy-master/platform/include/hdrhistogram/hdrhistogram.h:29:10:
error: "hdr_histogram.h" file not found [clang-diagnostic-error]
 ( http://cv.jenkins.couchbase.com/job/kv_engine-clang_tidy-master/17253/ )

http://cv.jenkins.couchbase.com/job/kv_engine-windows-master/45880/ : FAILURE

Failure of an engine_testapp test:

<pre>
Running [145/160]: test_MB-19687_fixed...Missing stat:  vb_0:id_1:key_index_allocator_bytes from stat group checkpoint
Missing stat:  vb_0:id_1:key_index_key_allocator_bytes from stat group checkpoint
Missing stat:  vb_0:id_1:mem_usage_key_index_overhead from stat group checkpoint
Missing stat:  vb_0:id_1:mem_usage_queue_overhead from stat group checkpoint
Missing stat:  vb_0:id_1:mem_usage_queued_items from stat group checkpoint
Missing stat:  vb_0:id_1:queue_allocator_bytes from stat group checkpoint
Missing stat:  vb_0:id_1:snap_end from stat group checkpoint
Missing stat:  vb_0:id_1:snap_start from stat group checkpoint
Missing stat:  vb_0:id_1:state from stat group checkpoint
Missing stat:  vb_0:id_1:type from stat group checkpoint
Missing stat:  vb_0:id_1:visible_snap_end from stat group checkpoint
Missing stat:  vb_0:mem_usage from stat group checkpoint
Missing stat:  vb_0:id_1:key_index_allocator_bytes from stat group checkpoint 0
Missing stat:  vb_0:id_1:key_index_key_allocator_bytes from stat group checkpoint 0
Missing stat:  vb_0:id_1:mem_usage_key_index_overhead from stat group checkpoint 0
Missing stat:  vb_0:id_1:mem_usage_queue_overhead from stat group checkpoint 0
Missing stat:  vb_0:id_1:mem_usage_queued_items from stat group checkpoint 0
Missing stat:  vb_0:id_1:queue_allocator_bytes from stat group checkpoint 0
Missing stat:  vb_0:id_1:snap_end from stat group checkpoint 0
Missing stat:  vb_0:id_1:snap_start from stat group checkpoint 0
Missing stat:  vb_0:id_1:state from stat group checkpoint 0
Missing stat:  vb_0:id_1:type from stat group checkpoint 0
Missing stat:  vb_0:id_1:visible_snap_end from stat group checkpoint 0
Missing stat:  vb_0:mem_usage from stat group checkpoint 0
..\kv_engine\engines\ep\tests\ep_testsuite.cc:7852 Test failed: `stats error" (missing stats)
WARNING: Logging before InitGoogleLogging() is written to STDERR
E0504 06:43:12.020498 125300 NotificationQueue.h:555] [NotificationQueue] Unexpected state while draining signals: signal_=1 bytes_read=0
(172 ms) FAIL
</pre>
 ( http://cv.jenkins.couchbase.com/job/kv_engine-windows-master/45880/ )

http://cv.jenkins.couchbase.com/job/kv_engine.aarch64-linux/job/master/6957/ : FAILURE

Failure of an engine_testapp test:

<pre>
Running [10/18]: DCP Consumer snapshot-end mutation latency...
[2022-05-04T14:42:05.185Z] === DCP Consumer snapshot-end mutation - 200 items === Latency (ns) ===========================================================================
[2022-05-04T14:42:05.185Z] 
[2022-05-04T14:42:05.185Z]                                 Percentile           
[2022-05-04T14:42:05.185Z]                          Median     95th     99th  Std Dev  Histogram of samples
[2022-05-04T14:42:05.185Z] 
[2022-05-04T14:42:05.185Z] Datatype::Raw             4.102    5.325   12.480    2.203  ????????????????????????????????
[2022-05-04T14:42:05.185Z]                                                             3              ns              5
[2022-05-04T14:42:05.185Z] 
[2022-05-04T14:42:05.185Z] 
[2022-05-04T14:42:05.185Z] (7 ms) OK
[2022-05-04T14:42:05.185Z] 
[2022-05-04T14:42:05.185Z] 
[2022-05-04T14:42:05.185Z] 93% tests passed, 31 tests failed out of 448
[2022-05-04T14:42:05.185Z] 
[2022-05-04T14:42:05.185Z] Total Test time (real) = 3824.79 sec
[2022-05-04T14:42:05.185Z] 
[2022-05-04T14:42:05.185Z] The following tests FAIL
</pre>
 ( http://cv.jenkins.couchbase.com/job/kv_engine.aarch64-linux/job/master/6957/ )

Test exceeded the timeout:
[2022-05-04T13:45:36.080Z] /usr/bin/timeout: the monitored command dumped core ( http://cv.jenkins.couchbase.com/job/kv_engine.aarch64-linux/job/master/6957/ )

Timeout of a CTest test [2022-05-04T14:42:05.183Z] 447/448 Test #331: ep_perfsuite.value_eviction .............................................................................} ( http://cv.jenkins.couchbase.com/job/kv_engine.aarch64-linux/job/master/6957/ )

http://cv.jenkins.couchbase.com/job/kv_engine.threadsanitizer/job/master/20037/ : FAILURE

Failure of an engine_testapp test:

<pre>
Running [0/5]: checkpoint: create a new checkpoint...WARNING: Logging before InitGoogleLogging() is written to STDERR
[2022-05-04T14:49:21.375Z] W0504 14:39:50.695940 66427 HazptrDomain.h:670] Using the default inline executor for asynchronous reclamation may be susceptible to deadlock if the current thread happens to hold a resource needed by the deleter of a reclaimable object
[2022-05-04T14:49:21.375Z] 
[2022-05-04T14:49:21.375Z] 
[2022-05-04T14:49:21.375Z] 94% tests passed, 27 tests failed out of 421
[2022-05-04T14:49:21.375Z] 
[2022-05-04T14:49:21.375Z] Total Test time (real) = 4685.09 sec
[2022-05-04T14:49:21.375Z] 
[2022-05-04T14:49:21.375Z] The following tests FAIL
</pre>
 ( http://cv.jenkins.couchbase.com/job/kv_engine.threadsanitizer/job/master/20037/ )

Timeout of a CTest test [2022-05-04T13:56:13.343Z]  18/421 Test #304: ep_perfsuite.value_eviction .............................................................................} ( http://cv.jenkins.couchbase.com/job/kv_engine.threadsanitizer/job/master/20037/ )

ThreadSanitizer issue: data race (/opt/gcc-10.2.0/lib64/libtsan.so.0+0x87578) in operator delete(void*, unsigned long)  ( http://cv.jenkins.couchbase.com/job/kv_engine.threadsanitizer/job/master/20037/ )

http://cv.jenkins.couchbase.com/job/kv_engine.linux-CE/job/master/19011/ : FAILURE

Failure of an engine_testapp test:

<pre>
Running [11/18]: Baseline Stat latency...WARNING: Logging before InitGoogleLogging() is written to STDERR
[2022-05-04T14:07:41.218Z] W0504 13:45:05.326386 104105 HazptrDomain.h:670] Using the default inline executor for asynchronous reclamation may be susceptible to deadlock if the current thread happens to hold a resource needed by the deleter of a reclaimable object
[2022-05-04T14:07:41.218Z] 
[2022-05-04T14:07:41.218Z] 
[2022-05-04T14:07:41.218Z] 94% tests passed, 26 tests failed out of 427
[2022-05-04T14:07:41.218Z] 
[2022-05-04T14:07:41.218Z] Total Test time (real) = 2044.86 sec
[2022-05-04T14:07:41.218Z] 
[2022-05-04T14:07:41.218Z] The following tests FAIL
</pre>
 ( http://cv.jenkins.couchbase.com/job/kv_engine.linux-CE/job/master/19011/ )

One of more core files found at the end of the build. Data for post-mortem saved to archived_core_dumps.tar.bz2 under "Build Artifacts". ( http://cv.jenkins.couchbase.com/job/kv_engine.linux-CE/job/master/19011/ )

Test exceeded the timeout:
[2022-05-04T13:37:29.893Z] /usr/bin/timeout: the monitored command dumped core ( http://cv.jenkins.couchbase.com/job/kv_engine.linux-CE/job/master/19011/ )

Timeout of a CTest test [2022-05-04T14:04:49.601Z] 426/427 Test #311: ep_perfsuite.value_eviction .............................................................................} ( http://cv.jenkins.couchbase.com/job/kv_engine.linux-CE/job/master/19011/ )

http://cv.jenkins.couchbase.com/job/kv_engine.macos/job/master/18187/ : FAILURE

Failure of an engine_testapp test:

<pre>
Running [10/18]: DCP Consumer snapshot-end mutation latency...
[2022-05-04T14:23:29.651Z] === DCP Consumer snapshot-end mutation - 200 items === Latency (ns) ===========================================================================
[2022-05-04T14:23:29.651Z] 
[2022-05-04T14:23:29.651Z]                                 Percentile           
[2022-05-04T14:23:29.651Z]                          Median     95th     99th  Std Dev  Histogram of samples
[2022-05-04T14:23:29.651Z] 
[2022-05-04T14:23:29.651Z] Datatype::Raw            23.825   25.662   51.254    3.128  ????????????????????????????????
[2022-05-04T14:23:29.651Z]                                                             23             ns             25
[2022-05-04T14:23:29.651Z] 
[2022-05-04T14:23:29.651Z] 
[2022-05-04T14:23:29.651Z] (32 ms) OK
[2022-05-04T14:23:29.651Z] 
[2022-05-04T14:23:29.651Z] 
[2022-05-04T14:23:29.651Z] 93% tests passed, 32 tests failed out of 447
[2022-05-04T14:23:29.651Z] 
[2022-05-04T14:23:29.651Z] Total Test time (real) = 2634.83 sec
[2022-05-04T14:23:29.651Z] 
[2022-05-04T14:23:29.651Z] The following tests FAIL
</pre>
 ( http://cv.jenkins.couchbase.com/job/kv_engine.macos/job/master/18187/ )

Timeout of a CTest test [2022-05-04T13:43:57.933Z]   4/447 Test #309: ep_testsuite_dcp.value_eviction.magma ...................................................................} ( http://cv.jenkins.couchbase.com/job/kv_engine.macos/job/master/18187/ )

http://cv.jenkins.couchbase.com/job/kv_engine.linux/job/master/19353/ : FAILURE

Failure of GoogleTest "EphemeralOrPersistent/STItemPagerTest.ReplicaEvictedBeforeActive/persistent_couchstore_full_eviction":

<pre>
[ RUN      ] EphemeralOrPersistent/STItemPagerTest.ReplicaEvictedBeforeActive/persistent_couchstore_full_eviction
[2022-05-04T13:45:15.952Z] ../kv_engine/engines/ep/tests/module_tests/item_pager_test.cc:1225: Failure
[2022-05-04T13:45:15.952Z] Expected equality of these values:
[2022-05-04T13:45:15.952Z]   100
[2022-05-04T13:45:15.952Z]   getRRPercent(*store->getVBucket(vbid))
[2022-05-04T13:45:15.952Z]     Which is: 94
[2022-05-04T13:45:15.952Z] vb:0 not fully resident after eviction
[2022-05-04T13:45:15.952Z] ../kv_engine/engines/ep/tests/module_tests/item_pager_test.cc:1225: Failure
[2022-05-04T13:45:15.952Z] Expected equality of these values:
[2022-05-04T13:45:15.952Z]   100
[2022-05-04T13:45:15.952Z]   getRRPercent(*store->getVBucket(vbid))
[2022-05-04T13:45:15.952Z]     Which is: 97
[2022-05-04T13:45:15.952Z] vb:1 not fully resident after eviction
[2022-05-04T13:45:15.952Z] [  FAILED  ] EphemeralOrPersistent/STItemPagerTest.ReplicaEvictedBeforeActive/persistent_couchstore_full_eviction, where GetParam() = "bucket_type=persistent:backend=couchstore:item_eviction_policy=full_eviction" (425 ms)
EphemeralOrPersistent/STItemPagerTest.ReplicaEvictedBeforeActive/persistent_couchstore_full_eviction
</pre>
 ( http://cv.jenkins.couchbase.com/job/kv_engine.linux/job/master/19353/ )

One of more core files found at the end of the build. Data for post-mortem saved to archived_core_dumps.tar.bz2 under "Build Artifacts". ( http://cv.jenkins.couchbase.com/job/kv_engine.linux/job/master/19353/ )

Test exceeded the timeout:
[2022-05-04T13:49:01.388Z] /usr/bin/timeout: the monitored command dumped core ( http://cv.jenkins.couchbase.com/job/kv_engine.linux/job/master/19353/ )

Timeout of a CTest test [2022-05-04T14:19:48.721Z] 446/447 Test #331: ep_perfsuite.value_eviction .............................................................................} ( http://cv.jenkins.couchbase.com/job/kv_engine.linux/job/master/19353/ )

http://cv.jenkins.couchbase.com/job/kv_engine.ASan-UBSan/job/master/27411/ : FAILURE

Failure of an engine_testapp test:

<pre>
Running [0/5]: checkpoint: create a new checkpoint...WARNING: Logging before InitGoogleLogging() is written to STDERR
[2022-05-04T14:49:08.439Z] W0504 14:39:40.099030 32192 HazptrDomain.h:670] Using the default inline executor for asynchronous reclamation may be susceptible to deadlock if the current thread happens to hold a resource needed by the deleter of a reclaimable object
[2022-05-04T14:49:08.439Z] /usr/bin/timeout: the monitored command dumped core
[2022-05-04T14:49:08.439Z] 
[2022-05-04T14:49:08.439Z] 
[2022-05-04T14:49:08.439Z] 93% tests passed, 29 tests failed out of 429
[2022-05-04T14:49:08.439Z] 
[2022-05-04T14:49:08.439Z] Total Test time (real) = 4016.79 sec
[2022-05-04T14:49:08.439Z] 
[2022-05-04T14:49:08.439Z] The following tests FAIL
</pre>
 ( http://cv.jenkins.couchbase.com/job/kv_engine.ASan-UBSan/job/master/27411/ )

One of more core files found at the end of the build. Data for post-mortem saved to archived_core_dumps.tar.bz2 under "Build Artifacts". ( http://cv.jenkins.couchbase.com/job/kv_engine.ASan-UBSan/job/master/27411/ )

Test exceeded the timeout:
[2022-05-04T13:58:19.344Z] /usr/bin/timeout: the monitored command dumped core ( http://cv.jenkins.couchbase.com/job/kv_engine.ASan-UBSan/job/master/27411/ )

Timeout of a CTest test [2022-05-04T14:27:17.026Z]  87/429 Test #312: ep_perfsuite.value_eviction .............................................................................} ( http://cv.jenkins.couchbase.com/job/kv_engine.ASan-UBSan/job/master/27411/ )

http://cv.jenkins.couchbase.com/job/kv_engine-clang_analyzer-master/38532/ : SUCCESS

http://cv.jenkins.couchbase.com/job/kv_engine-clang_format_9/16227/ : SUCCESS

http://cv.jenkins.couchbase.com/job/kv_engine.libFuzzer/job/master/6864/ : SUCCESS
----------------------------------------------------------------------------------------------------------------------
Author: Build Bot
Date: 2022-05-04 15:29:57.000000000
Message: 
Patch Set 40: Verified-1 Code-Review-1

Build Failed 

http://cv.jenkins.couchbase.com/job/kv_engine.aarch64-linux/job/master/6957/ : FAILURE

Failure of an engine_testapp test:

<pre>
Running [10/18]: DCP Consumer snapshot-end mutation latency...
[2022-05-04T14:42:05.185Z] === DCP Consumer snapshot-end mutation - 200 items === Latency (ns) ===========================================================================
[2022-05-04T14:42:05.185Z] 
[2022-05-04T14:42:05.185Z]                                 Percentile           
[2022-05-04T14:42:05.185Z]                          Median     95th     99th  Std Dev  Histogram of samples
[2022-05-04T14:42:05.185Z] 
[2022-05-04T14:42:05.185Z] Datatype::Raw             4.102    5.325   12.480    2.203  ????????????????????????????????
[2022-05-04T14:42:05.185Z]                                                             3              ns              5
[2022-05-04T14:42:05.185Z] 
[2022-05-04T14:42:05.185Z] 
[2022-05-04T14:42:05.185Z] (7 ms) OK
[2022-05-04T14:42:05.185Z] 
[2022-05-04T14:42:05.185Z] 
[2022-05-04T14:42:05.185Z] 93% tests passed, 31 tests failed out of 448
[2022-05-04T14:42:05.185Z] 
[2022-05-04T14:42:05.185Z] Total Test time (real) = 3824.79 sec
[2022-05-04T14:42:05.185Z] 
[2022-05-04T14:42:05.185Z] The following tests FAIL
</pre>
 ( http://cv.jenkins.couchbase.com/job/kv_engine.aarch64-linux/job/master/6957/ )

Test exceeded the timeout:
[2022-05-04T13:45:36.080Z] /usr/bin/timeout: the monitored command dumped core ( http://cv.jenkins.couchbase.com/job/kv_engine.aarch64-linux/job/master/6957/ )

Timeout of a CTest test [2022-05-04T14:42:05.183Z] 447/448 Test #331: ep_perfsuite.value_eviction .............................................................................} ( http://cv.jenkins.couchbase.com/job/kv_engine.aarch64-linux/job/master/6957/ )

http://cv.jenkins.couchbase.com/job/kv_engine.threadsanitizer/job/master/20037/ : FAILURE

Failure of an engine_testapp test:

<pre>
Running [0/5]: checkpoint: create a new checkpoint...WARNING: Logging before InitGoogleLogging() is written to STDERR
[2022-05-04T14:49:21.375Z] W0504 14:39:50.695940 66427 HazptrDomain.h:670] Using the default inline executor for asynchronous reclamation may be susceptible to deadlock if the current thread happens to hold a resource needed by the deleter of a reclaimable object
[2022-05-04T14:49:21.375Z] 
[2022-05-04T14:49:21.375Z] 
[2022-05-04T14:49:21.375Z] 94% tests passed, 27 tests failed out of 421
[2022-05-04T14:49:21.375Z] 
[2022-05-04T14:49:21.375Z] Total Test time (real) = 4685.09 sec
[2022-05-04T14:49:21.375Z] 
[2022-05-04T14:49:21.375Z] The following tests FAIL
</pre>
 ( http://cv.jenkins.couchbase.com/job/kv_engine.threadsanitizer/job/master/20037/ )

Timeout of a CTest test [2022-05-04T13:56:13.343Z]  18/421 Test #304: ep_perfsuite.value_eviction .............................................................................} ( http://cv.jenkins.couchbase.com/job/kv_engine.threadsanitizer/job/master/20037/ )

ThreadSanitizer issue: data race (/opt/gcc-10.2.0/lib64/libtsan.so.0+0x87578) in operator delete(void*, unsigned long)  ( http://cv.jenkins.couchbase.com/job/kv_engine.threadsanitizer/job/master/20037/ )

http://cv.jenkins.couchbase.com/job/kv_engine.linux-CE/job/master/19011/ : FAILURE

Failure of an engine_testapp test:

<pre>
Running [11/18]: Baseline Stat latency...WARNING: Logging before InitGoogleLogging() is written to STDERR
[2022-05-04T14:07:41.218Z] W0504 13:45:05.326386 104105 HazptrDomain.h:670] Using the default inline executor for asynchronous reclamation may be susceptible to deadlock if the current thread happens to hold a resource needed by the deleter of a reclaimable object
[2022-05-04T14:07:41.218Z] 
[2022-05-04T14:07:41.218Z] 
[2022-05-04T14:07:41.218Z] 94% tests passed, 26 tests failed out of 427
[2022-05-04T14:07:41.218Z] 
[2022-05-04T14:07:41.218Z] Total Test time (real) = 2044.86 sec
[2022-05-04T14:07:41.218Z] 
[2022-05-04T14:07:41.218Z] The following tests FAIL
</pre>
 ( http://cv.jenkins.couchbase.com/job/kv_engine.linux-CE/job/master/19011/ )

One of more core files found at the end of the build. Data for post-mortem saved to archived_core_dumps.tar.bz2 under "Build Artifacts". ( http://cv.jenkins.couchbase.com/job/kv_engine.linux-CE/job/master/19011/ )

Test exceeded the timeout:
[2022-05-04T13:37:29.893Z] /usr/bin/timeout: the monitored command dumped core ( http://cv.jenkins.couchbase.com/job/kv_engine.linux-CE/job/master/19011/ )

Timeout of a CTest test [2022-05-04T14:04:49.601Z] 426/427 Test #311: ep_perfsuite.value_eviction .............................................................................} ( http://cv.jenkins.couchbase.com/job/kv_engine.linux-CE/job/master/19011/ )

http://cv.jenkins.couchbase.com/job/kv_engine.macos/job/master/18187/ : FAILURE

Failure of an engine_testapp test:

<pre>
Running [10/18]: DCP Consumer snapshot-end mutation latency...
[2022-05-04T14:23:29.651Z] === DCP Consumer snapshot-end mutation - 200 items === Latency (ns) ===========================================================================
[2022-05-04T14:23:29.651Z] 
[2022-05-04T14:23:29.651Z]                                 Percentile           
[2022-05-04T14:23:29.651Z]                          Median     95th     99th  Std Dev  Histogram of samples
[2022-05-04T14:23:29.651Z] 
[2022-05-04T14:23:29.651Z] Datatype::Raw            23.825   25.662   51.254    3.128  ????????????????????????????????
[2022-05-04T14:23:29.651Z]                                                             23             ns             25
[2022-05-04T14:23:29.651Z] 
[2022-05-04T14:23:29.651Z] 
[2022-05-04T14:23:29.651Z] (32 ms) OK
[2022-05-04T14:23:29.651Z] 
[2022-05-04T14:23:29.651Z] 
[2022-05-04T14:23:29.651Z] 93% tests passed, 32 tests failed out of 447
[2022-05-04T14:23:29.651Z] 
[2022-05-04T14:23:29.651Z] Total Test time (real) = 2634.83 sec
[2022-05-04T14:23:29.651Z] 
[2022-05-04T14:23:29.651Z] The following tests FAIL
</pre>
 ( http://cv.jenkins.couchbase.com/job/kv_engine.macos/job/master/18187/ )

Timeout of a CTest test [2022-05-04T13:43:57.933Z]   4/447 Test #309: ep_testsuite_dcp.value_eviction.magma ...................................................................} ( http://cv.jenkins.couchbase.com/job/kv_engine.macos/job/master/18187/ )

http://cv.jenkins.couchbase.com/job/kv_engine.linux/job/master/19353/ : FAILURE

Failure of GoogleTest "EphemeralOrPersistent/STItemPagerTest.ReplicaEvictedBeforeActive/persistent_couchstore_full_eviction":

<pre>
[ RUN      ] EphemeralOrPersistent/STItemPagerTest.ReplicaEvictedBeforeActive/persistent_couchstore_full_eviction
[2022-05-04T13:45:15.952Z] ../kv_engine/engines/ep/tests/module_tests/item_pager_test.cc:1225: Failure
[2022-05-04T13:45:15.952Z] Expected equality of these values:
[2022-05-04T13:45:15.952Z]   100
[2022-05-04T13:45:15.952Z]   getRRPercent(*store->getVBucket(vbid))
[2022-05-04T13:45:15.952Z]     Which is: 94
[2022-05-04T13:45:15.952Z] vb:0 not fully resident after eviction
[2022-05-04T13:45:15.952Z] ../kv_engine/engines/ep/tests/module_tests/item_pager_test.cc:1225: Failure
[2022-05-04T13:45:15.952Z] Expected equality of these values:
[2022-05-04T13:45:15.952Z]   100
[2022-05-04T13:45:15.952Z]   getRRPercent(*store->getVBucket(vbid))
[2022-05-04T13:45:15.952Z]     Which is: 97
[2022-05-04T13:45:15.952Z] vb:1 not fully resident after eviction
[2022-05-04T13:45:15.952Z] [  FAILED  ] EphemeralOrPersistent/STItemPagerTest.ReplicaEvictedBeforeActive/persistent_couchstore_full_eviction, where GetParam() = "bucket_type=persistent:backend=couchstore:item_eviction_policy=full_eviction" (425 ms)
EphemeralOrPersistent/STItemPagerTest.ReplicaEvictedBeforeActive/persistent_couchstore_full_eviction
</pre>
 ( http://cv.jenkins.couchbase.com/job/kv_engine.linux/job/master/19353/ )

One of more core files found at the end of the build. Data for post-mortem saved to archived_core_dumps.tar.bz2 under "Build Artifacts". ( http://cv.jenkins.couchbase.com/job/kv_engine.linux/job/master/19353/ )

Test exceeded the timeout:
[2022-05-04T13:49:01.388Z] /usr/bin/timeout: the monitored command dumped core ( http://cv.jenkins.couchbase.com/job/kv_engine.linux/job/master/19353/ )

Timeout of a CTest test [2022-05-04T14:19:48.721Z] 446/447 Test #331: ep_perfsuite.value_eviction .............................................................................} ( http://cv.jenkins.couchbase.com/job/kv_engine.linux/job/master/19353/ )

http://cv.jenkins.couchbase.com/job/kv_engine.ASan-UBSan/job/master/27411/ : FAILURE

Failure of an engine_testapp test:

<pre>
Running [0/5]: checkpoint: create a new checkpoint...WARNING: Logging before InitGoogleLogging() is written to STDERR
[2022-05-04T14:49:08.439Z] W0504 14:39:40.099030 32192 HazptrDomain.h:670] Using the default inline executor for asynchronous reclamation may be susceptible to deadlock if the current thread happens to hold a resource needed by the deleter of a reclaimable object
[2022-05-04T14:49:08.439Z] /usr/bin/timeout: the monitored command dumped core
[2022-05-04T14:49:08.439Z] 
[2022-05-04T14:49:08.439Z] 
[2022-05-04T14:49:08.439Z] 93% tests passed, 29 tests failed out of 429
[2022-05-04T14:49:08.439Z] 
[2022-05-04T14:49:08.439Z] Total Test time (real) = 4016.79 sec
[2022-05-04T14:49:08.439Z] 
[2022-05-04T14:49:08.439Z] The following tests FAIL
</pre>
 ( http://cv.jenkins.couchbase.com/job/kv_engine.ASan-UBSan/job/master/27411/ )

One of more core files found at the end of the build. Data for post-mortem saved to archived_core_dumps.tar.bz2 under "Build Artifacts". ( http://cv.jenkins.couchbase.com/job/kv_engine.ASan-UBSan/job/master/27411/ )

Test exceeded the timeout:
[2022-05-04T13:58:19.344Z] /usr/bin/timeout: the monitored command dumped core ( http://cv.jenkins.couchbase.com/job/kv_engine.ASan-UBSan/job/master/27411/ )

Timeout of a CTest test [2022-05-04T14:27:17.026Z]  87/429 Test #312: ep_perfsuite.value_eviction .............................................................................} ( http://cv.jenkins.couchbase.com/job/kv_engine.ASan-UBSan/job/master/27411/ )

http://cv.jenkins.couchbase.com/job/kv_engine-clang_tidy-master/17259/ : FAILURE

clang-tidy found the following problems:

<pre>
/home/couchbase/jenkins/workspace/kv_engine-clang_tidy-master/platform/include/hdrhistogram/hdrhistogram.h:29:10: error: "hdr_histogram.h" file not found [clang-diagnostic-error]
#include <hdr_histogram.h>
         ^

</pre> ( http://cv.jenkins.couchbase.com/job/kv_engine-clang_tidy-master/17259/ )

Compile error at /home/couchbase/jenkins/workspace/kv_engine-clang_tidy-master/platform/include/hdrhistogram/hdrhistogram.h:29:10:
error: "hdr_histogram.h" file not found [clang-diagnostic-error]
 ( http://cv.jenkins.couchbase.com/job/kv_engine-clang_tidy-master/17259/ )

http://cv.jenkins.couchbase.com/job/kv_engine-clang_analyzer-master/38532/ : SUCCESS

http://cv.jenkins.couchbase.com/job/kv_engine-clang_format_9/16227/ : SUCCESS

http://cv.jenkins.couchbase.com/job/kv_engine.libFuzzer/job/master/6864/ : SUCCESS
----------------------------------------------------------------------------------------------------------------------
