======================================================================================================================
DESCRIPTION:

MB-51681: Replace full CM scans with variables updated in-place

Instead of looping through every checkpoint owned
by the CheckpointManager and summing the individual
stats, create CM-level variables which are updated
in-place by Checkpoint MemoryCounters.

Change-Id: I369046cc1d966204e92a35c45799acd01d1d7b70

======================================================================================================================
COMMENTS
======================================================================================================================
Author: Douglas
Date: 2022-05-03 10:36:42.000000000
Message: 
Patch Set 39: Patch Set 38 was rebased
----------------------------------------------------------------------------------------------------------------------
Author: Build Bot
Date: 2022-05-03 12:46:15.000000000
Message: 
Patch Set 39: Verified-1

Build Failed 

http://cv.jenkins.couchbase.com/job/kv_engine-windows-master/45863/ : FAILURE

Failure of an engine_testapp test:

<pre>
Running [4/160]: expiration on compaction...Uncaught std::exception. what():Failed to find requested statname "vb_0:persistence:num_visits"
(71 ms) DIED
</pre>
 ( http://cv.jenkins.couchbase.com/job/kv_engine-windows-master/45863/ )

Timeout of a CTest test 427/427 Test #294: ep_testsuite_dcp.ephemeral.comp_passive .................................................................} ( http://cv.jenkins.couchbase.com/job/kv_engine-windows-master/45863/ )

http://cv.jenkins.couchbase.com/job/kv_engine.aarch64-linux/job/master/6944/ : FAILURE

Failure of an engine_testapp test:

<pre>
Running [11/18]: Baseline Stat latency...WARNING: Logging before InitGoogleLogging() is written to STDERR
[2022-05-03T12:01:42.229Z] W0503 04:39:05.251207 32231 HazptrDomain.h:670] Using the default inline executor for asynchronous reclamation may be susceptible to deadlock if the current thread happens to hold a resource needed by the deleter of a reclaimable object
[2022-05-03T12:01:42.229Z] 
[2022-05-03T12:01:42.229Z] 
[2022-05-03T12:01:42.229Z] 93% tests passed, 31 tests failed out of 448
[2022-05-03T12:01:42.229Z] 
[2022-05-03T12:01:42.229Z] Total Test time (real) = 3636.85 sec
[2022-05-03T12:01:42.229Z] 
[2022-05-03T12:01:42.229Z] The following tests FAIL
</pre>
 ( http://cv.jenkins.couchbase.com/job/kv_engine.aarch64-linux/job/master/6944/ )

Test exceeded the timeout:
[2022-05-03T11:04:56.018Z] /usr/bin/timeout: the monitored command dumped core ( http://cv.jenkins.couchbase.com/job/kv_engine.aarch64-linux/job/master/6944/ )

Timeout of a CTest test [2022-05-03T11:56:13.828Z] 417/448 Test #331: ep_perfsuite.value_eviction .............................................................................} ( http://cv.jenkins.couchbase.com/job/kv_engine.aarch64-linux/job/master/6944/ )

http://cv.jenkins.couchbase.com/job/kv_engine.ASan-UBSan/job/master/27399/ : FAILURE

Failure of an engine_testapp test:

<pre>
Running [0/5]: checkpoint: create a new checkpoint...WARNING: Logging before InitGoogleLogging() is written to STDERR
[2022-05-03T12:21:03.606Z] W0503 12:11:33.871534 56354 HazptrDomain.h:670] Using the default inline executor for asynchronous reclamation may be susceptible to deadlock if the current thread happens to hold a resource needed by the deleter of a reclaimable object
[2022-05-03T12:21:03.606Z] /usr/bin/timeout: the monitored command dumped core
[2022-05-03T12:21:03.606Z] 
[2022-05-03T12:21:03.606Z] 
[2022-05-03T12:21:03.606Z] 93% tests passed, 29 tests failed out of 429
[2022-05-03T12:21:03.606Z] 
[2022-05-03T12:21:03.606Z] Total Test time (real) = 4225.74 sec
[2022-05-03T12:21:03.606Z] 
[2022-05-03T12:21:03.606Z] The following tests FAIL
</pre>
 ( http://cv.jenkins.couchbase.com/job/kv_engine.ASan-UBSan/job/master/27399/ )

One of more core files found at the end of the build. Data for post-mortem saved to archived_core_dumps.tar.bz2 under "Build Artifacts". ( http://cv.jenkins.couchbase.com/job/kv_engine.ASan-UBSan/job/master/27399/ )

Test exceeded the timeout:
[2022-05-03T11:26:55.724Z] /usr/bin/timeout: the monitored command dumped core ( http://cv.jenkins.couchbase.com/job/kv_engine.ASan-UBSan/job/master/27399/ )

Timeout of a CTest test [2022-05-03T11:55:57.205Z] 109/429 Test #312: ep_perfsuite.value_eviction .............................................................................} ( http://cv.jenkins.couchbase.com/job/kv_engine.ASan-UBSan/job/master/27399/ )

http://cv.jenkins.couchbase.com/job/kv_engine.linux-CE/job/master/18994/ : FAILURE

Failure of an engine_testapp test:

<pre>
Running [11/18]: Baseline Stat latency...WARNING: Logging before InitGoogleLogging() is written to STDERR
[2022-05-03T11:44:40.396Z] W0503 11:22:07.042093 77102 HazptrDomain.h:670] Using the default inline executor for asynchronous reclamation may be susceptible to deadlock if the current thread happens to hold a resource needed by the deleter of a reclaimable object
[2022-05-03T11:44:40.396Z] 
[2022-05-03T11:44:40.396Z] 
[2022-05-03T11:44:40.396Z] 94% tests passed, 26 tests failed out of 427
[2022-05-03T11:44:40.396Z] 
[2022-05-03T11:44:40.396Z] Total Test time (real) = 2084.36 sec
[2022-05-03T11:44:40.396Z] 
[2022-05-03T11:44:40.396Z] The following tests FAIL
</pre>
 ( http://cv.jenkins.couchbase.com/job/kv_engine.linux-CE/job/master/18994/ )

One of more core files found at the end of the build. Data for post-mortem saved to archived_core_dumps.tar.bz2 under "Build Artifacts". ( http://cv.jenkins.couchbase.com/job/kv_engine.linux-CE/job/master/18994/ )

Test exceeded the timeout:
[2022-05-03T11:15:30.329Z] /usr/bin/timeout: the monitored command dumped core ( http://cv.jenkins.couchbase.com/job/kv_engine.linux-CE/job/master/18994/ )

Timeout of a CTest test [2022-05-03T11:44:40.394Z] 426/427 Test #311: ep_perfsuite.value_eviction .............................................................................} ( http://cv.jenkins.couchbase.com/job/kv_engine.linux-CE/job/master/18994/ )

http://cv.jenkins.couchbase.com/job/kv_engine.linux/job/master/19332/ : FAILURE

Failure of GoogleTest "EphemeralOrPersistent/STItemPagerTest.ReplicaEvictedBeforeActive/persistent_couchstore_full_eviction":

<pre>
[ RUN      ] EphemeralOrPersistent/STItemPagerTest.ReplicaEvictedBeforeActive/persistent_couchstore_full_eviction
[2022-05-03T11:11:07.163Z] ../kv_engine/engines/ep/tests/module_tests/item_pager_test.cc:1225: Failure
[2022-05-03T11:11:07.163Z] Expected equality of these values:
[2022-05-03T11:11:07.163Z]   100
[2022-05-03T11:11:07.163Z]   getRRPercent(*store->getVBucket(vbid))
[2022-05-03T11:11:07.163Z]     Which is: 96
[2022-05-03T11:11:07.163Z] vb:0 not fully resident after eviction
[2022-05-03T11:11:07.163Z] ../kv_engine/engines/ep/tests/module_tests/item_pager_test.cc:1225: Failure
[2022-05-03T11:11:07.163Z] Expected equality of these values:
[2022-05-03T11:11:07.163Z]   100
[2022-05-03T11:11:07.163Z]   getRRPercent(*store->getVBucket(vbid))
[2022-05-03T11:11:07.163Z]     Which is: 96
[2022-05-03T11:11:07.163Z] vb:1 not fully resident after eviction
[2022-05-03T11:11:07.163Z] [  FAILED  ] EphemeralOrPersistent/STItemPagerTest.ReplicaEvictedBeforeActive/persistent_couchstore_full_eviction, where GetParam() = "bucket_type=persistent:backend=couchstore:item_eviction_policy=full_eviction" (742 ms)
EphemeralOrPersistent/STItemPagerTest.ReplicaEvictedBeforeActive/persistent_couchstore_full_eviction
</pre>
 ( http://cv.jenkins.couchbase.com/job/kv_engine.linux/job/master/19332/ )

Failure of an engine_testapp test:

<pre>
Running [11/18]: Baseline Stat latency...WARNING: Logging before InitGoogleLogging() is written to STDERR
[2022-05-03T11:46:57.384Z] W0503 11:24:15.369241  5711 HazptrDomain.h:670] Using the default inline executor for asynchronous reclamation may be susceptible to deadlock if the current thread happens to hold a resource needed by the deleter of a reclaimable object
[2022-05-03T11:46:57.384Z] 
[2022-05-03T11:46:57.384Z] 
[2022-05-03T11:46:57.384Z] 93% tests passed, 32 tests failed out of 447
[2022-05-03T11:46:57.384Z] 
[2022-05-03T11:46:57.384Z] Total Test time (real) = 2169.17 sec
[2022-05-03T11:46:57.384Z] 
[2022-05-03T11:46:57.384Z] The following tests FAIL
</pre>
 ( http://cv.jenkins.couchbase.com/job/kv_engine.linux/job/master/19332/ )

One of more core files found at the end of the build. Data for post-mortem saved to archived_core_dumps.tar.bz2 under "Build Artifacts". ( http://cv.jenkins.couchbase.com/job/kv_engine.linux/job/master/19332/ )

Test exceeded the timeout:
[2022-05-03T11:14:58.713Z] /usr/bin/timeout: the monitored command dumped core ( http://cv.jenkins.couchbase.com/job/kv_engine.linux/job/master/19332/ )

Timeout of a CTest test [2022-05-03T11:45:35.646Z] 446/447 Test #331: ep_perfsuite.value_eviction .............................................................................} ( http://cv.jenkins.couchbase.com/job/kv_engine.linux/job/master/19332/ )

http://cv.jenkins.couchbase.com/job/kv_engine.threadsanitizer/job/master/20023/ : FAILURE

No problems were identified. If you know why this problem occurred, please add a suitable Cause for it. ( http://cv.jenkins.couchbase.com/job/kv_engine.threadsanitizer/job/master/20023/ )

http://cv.jenkins.couchbase.com/job/kv_engine.macos/job/master/18160/ : FAILURE

Failure of an engine_testapp test:

<pre>
Running [0/5]: checkpoint: create a new checkpoint...WARNING: Logging before InitGoogleLogging() is written to STDERR
[2022-05-03T12:11:22.347Z] W0503 05:10:45.837399 197427200 HazptrDomain.h:670] Using the default inline executor for asynchronous reclamation may be susceptible to deadlock if the current thread happens to hold a resource needed by the deleter of a reclaimable object
[2022-05-03T12:11:22.347Z] 
[2022-05-03T12:11:22.347Z] 
[2022-05-03T12:11:22.347Z] 93% tests passed, 33 tests failed out of 447
[2022-05-03T12:11:22.347Z] 
[2022-05-03T12:11:22.347Z] Total Test time (real) = 3786.24 sec
[2022-05-03T12:11:22.347Z] 
[2022-05-03T12:11:22.347Z] The following tests FAIL
</pre>
 ( http://cv.jenkins.couchbase.com/job/kv_engine.macos/job/master/18160/ )

Timeout of a CTest test [2022-05-03T11:56:15.050Z] 114/447 Test #331: ep_perfsuite.value_eviction .............................................................................} ( http://cv.jenkins.couchbase.com/job/kv_engine.macos/job/master/18160/ )

http://cv.jenkins.couchbase.com/job/kv_engine-clang_analyzer-master/38521/ : SUCCESS

http://cv.jenkins.couchbase.com/job/kv_engine-clang_tidy-master/17241/ : SUCCESS

http://cv.jenkins.couchbase.com/job/kv_engine-clang_format_9/16203/ : SUCCESS

http://cv.jenkins.couchbase.com/job/kv_engine.libFuzzer/job/master/6852/ : SUCCESS
----------------------------------------------------------------------------------------------------------------------
Author: Build Bot
Date: 2022-05-03 17:02:42.000000000
Message: 
Patch Set 39:

Build Failed 

http://cv.jenkins.couchbase.com/job/kv_engine.aarch64-linux/job/master/6946/ : FAILURE

Failure of an engine_testapp test:

<pre>
Running [11/18]: Baseline Stat latency...WARNING: Logging before InitGoogleLogging() is written to STDERR
[2022-05-03T16:51:45.256Z] W0503 09:29:06.929497 17353 HazptrDomain.h:670] Using the default inline executor for asynchronous reclamation may be susceptible to deadlock if the current thread happens to hold a resource needed by the deleter of a reclaimable object
[2022-05-03T16:51:45.256Z] 
[2022-05-03T16:51:45.256Z] 
[2022-05-03T16:51:45.256Z] 93% tests passed, 31 tests failed out of 448
[2022-05-03T16:51:45.256Z] 
[2022-05-03T16:51:45.256Z] Total Test time (real) = 3824.65 sec
[2022-05-03T16:51:45.256Z] 
[2022-05-03T16:51:45.256Z] The following tests FAIL
</pre>
 ( http://cv.jenkins.couchbase.com/job/kv_engine.aarch64-linux/job/master/6946/ )

Test exceeded the timeout:
[2022-05-03T15:55:15.034Z] /usr/bin/timeout: the monitored command dumped core ( http://cv.jenkins.couchbase.com/job/kv_engine.aarch64-linux/job/master/6946/ )

Timeout of a CTest test [2022-05-03T16:51:45.254Z] 447/448 Test #331: ep_perfsuite.value_eviction .............................................................................} ( http://cv.jenkins.couchbase.com/job/kv_engine.aarch64-linux/job/master/6946/ )

http://cv.jenkins.couchbase.com/job/kv_engine.ASan-UBSan/job/master/27399/ : FAILURE

Failure of an engine_testapp test:

<pre>
Running [0/5]: checkpoint: create a new checkpoint...WARNING: Logging before InitGoogleLogging() is written to STDERR
[2022-05-03T12:21:03.606Z] W0503 12:11:33.871534 56354 HazptrDomain.h:670] Using the default inline executor for asynchronous reclamation may be susceptible to deadlock if the current thread happens to hold a resource needed by the deleter of a reclaimable object
[2022-05-03T12:21:03.606Z] /usr/bin/timeout: the monitored command dumped core
[2022-05-03T12:21:03.606Z] 
[2022-05-03T12:21:03.606Z] 
[2022-05-03T12:21:03.606Z] 93% tests passed, 29 tests failed out of 429
[2022-05-03T12:21:03.606Z] 
[2022-05-03T12:21:03.606Z] Total Test time (real) = 4225.74 sec
[2022-05-03T12:21:03.606Z] 
[2022-05-03T12:21:03.606Z] The following tests FAIL
</pre>
 ( http://cv.jenkins.couchbase.com/job/kv_engine.ASan-UBSan/job/master/27399/ )

One of more core files found at the end of the build. Data for post-mortem saved to archived_core_dumps.tar.bz2 under "Build Artifacts". ( http://cv.jenkins.couchbase.com/job/kv_engine.ASan-UBSan/job/master/27399/ )

Test exceeded the timeout:
[2022-05-03T11:26:55.724Z] /usr/bin/timeout: the monitored command dumped core ( http://cv.jenkins.couchbase.com/job/kv_engine.ASan-UBSan/job/master/27399/ )

Timeout of a CTest test [2022-05-03T11:55:57.205Z] 109/429 Test #312: ep_perfsuite.value_eviction .............................................................................} ( http://cv.jenkins.couchbase.com/job/kv_engine.ASan-UBSan/job/master/27399/ )

http://cv.jenkins.couchbase.com/job/kv_engine.linux-CE/job/master/19000/ : FAILURE

Failure of GoogleTest "EphemeralOrPersistent/STItemPagerTest.ReplicaEvictedBeforeActive/persistent_couchstore_full_eviction":

<pre>
[ RUN      ] EphemeralOrPersistent/STItemPagerTest.ReplicaEvictedBeforeActive/persistent_couchstore_full_eviction
[2022-05-03T15:46:43.126Z] ../kv_engine/engines/ep/tests/module_tests/item_pager_test.cc:1225: Failure
[2022-05-03T15:46:43.126Z] Expected equality of these values:
[2022-05-03T15:46:43.126Z]   100
[2022-05-03T15:46:43.126Z]   getRRPercent(*store->getVBucket(vbid))
[2022-05-03T15:46:43.126Z]     Which is: 94
[2022-05-03T15:46:43.126Z] vb:0 not fully resident after eviction
[2022-05-03T15:46:43.126Z] ../kv_engine/engines/ep/tests/module_tests/item_pager_test.cc:1225: Failure
[2022-05-03T15:46:43.126Z] Expected equality of these values:
[2022-05-03T15:46:43.126Z]   100
[2022-05-03T15:46:43.126Z]   getRRPercent(*store->getVBucket(vbid))
[2022-05-03T15:46:43.126Z]     Which is: 97
[2022-05-03T15:46:43.126Z] vb:1 not fully resident after eviction
[2022-05-03T15:46:43.126Z] [  FAILED  ] EphemeralOrPersistent/STItemPagerTest.ReplicaEvictedBeforeActive/persistent_couchstore_full_eviction, where GetParam() = "bucket_type=persistent:backend=couchstore:item_eviction_policy=full_eviction" (272 ms)
EphemeralOrPersistent/STItemPagerTest.ReplicaEvictedBeforeActive/persistent_couchstore_full_eviction
</pre>
 ( http://cv.jenkins.couchbase.com/job/kv_engine.linux-CE/job/master/19000/ )

Failure of an engine_testapp test:

<pre>
Running [10/18]: DCP Consumer snapshot-end mutation latency...
[2022-05-03T16:15:23.860Z] === DCP Consumer snapshot-end mutation - 200 items === Latency (ns) ===========================================================================
[2022-05-03T16:15:23.860Z] 
[2022-05-03T16:15:23.860Z]                                 Percentile           
[2022-05-03T16:15:23.860Z]                          Median     95th     99th  Std Dev  Histogram of samples
[2022-05-03T16:15:23.860Z] 
[2022-05-03T16:15:23.860Z] Datatype::Raw             6.795    8.350   18.320    3.470  ????????????????????????????????
[2022-05-03T16:15:23.860Z]                                                             6              ns              8
[2022-05-03T16:15:23.860Z] 
[2022-05-03T16:15:23.860Z] 
[2022-05-03T16:15:23.861Z] (17 ms) OK
[2022-05-03T16:15:23.861Z] 
[2022-05-03T16:15:23.861Z] 
[2022-05-03T16:15:23.861Z] 94% tests passed, 26 tests failed out of 427
[2022-05-03T16:15:23.861Z] 
[2022-05-03T16:15:23.861Z] Total Test time (real) = 1967.58 sec
[2022-05-03T16:15:23.861Z] 
[2022-05-03T16:15:23.861Z] The following tests FAIL
</pre>
 ( http://cv.jenkins.couchbase.com/job/kv_engine.linux-CE/job/master/19000/ )

One of more core files found at the end of the build. Data for post-mortem saved to archived_core_dumps.tar.bz2 under "Build Artifacts". ( http://cv.jenkins.couchbase.com/job/kv_engine.linux-CE/job/master/19000/ )

Test exceeded the timeout:
[2022-05-03T15:46:35.026Z] /usr/bin/timeout: the monitored command dumped core ( http://cv.jenkins.couchbase.com/job/kv_engine.linux-CE/job/master/19000/ )

Timeout of a CTest test [2022-05-03T16:13:17.427Z] 426/427 Test #311: ep_perfsuite.value_eviction .............................................................................} ( http://cv.jenkins.couchbase.com/job/kv_engine.linux-CE/job/master/19000/ )

http://cv.jenkins.couchbase.com/job/kv_engine.linux/job/master/19339/ : FAILURE

Failure of GoogleTest "EphemeralOrPersistent/STItemPagerTest.ReplicaEvictedBeforeActive/persistent_couchstore_full_eviction":

<pre>
[ RUN      ] EphemeralOrPersistent/STItemPagerTest.ReplicaEvictedBeforeActive/persistent_couchstore_full_eviction
[2022-05-03T15:44:55.223Z] ../kv_engine/engines/ep/tests/module_tests/item_pager_test.cc:1225: Failure
[2022-05-03T15:44:55.223Z] Expected equality of these values:
[2022-05-03T15:44:55.223Z]   100
[2022-05-03T15:44:55.223Z]   getRRPercent(*store->getVBucket(vbid))
[2022-05-03T15:44:55.223Z]     Which is: 96
[2022-05-03T15:44:55.223Z] vb:0 not fully resident after eviction
[2022-05-03T15:44:55.223Z] ../kv_engine/engines/ep/tests/module_tests/item_pager_test.cc:1225: Failure
[2022-05-03T15:44:55.223Z] Expected equality of these values:
[2022-05-03T15:44:55.223Z]   100
[2022-05-03T15:44:55.223Z]   getRRPercent(*store->getVBucket(vbid))
[2022-05-03T15:44:55.223Z]     Which is: 97
[2022-05-03T15:44:55.223Z] vb:1 not fully resident after eviction
[2022-05-03T15:44:55.223Z] [  FAILED  ] EphemeralOrPersistent/STItemPagerTest.ReplicaEvictedBeforeActive/persistent_couchstore_full_eviction, where GetParam() = "bucket_type=persistent:backend=couchstore:item_eviction_policy=full_eviction" (712 ms)
EphemeralOrPersistent/STItemPagerTest.ReplicaEvictedBeforeActive/persistent_couchstore_full_eviction
</pre>
 ( http://cv.jenkins.couchbase.com/job/kv_engine.linux/job/master/19339/ )

Failure of an engine_testapp test:

<pre>
Running [11/18]: Baseline Stat latency...WARNING: Logging before InitGoogleLogging() is written to STDERR
[2022-05-03T16:20:18.174Z] W0503 15:57:38.368389 47316 HazptrDomain.h:670] Using the default inline executor for asynchronous reclamation may be susceptible to deadlock if the current thread happens to hold a resource needed by the deleter of a reclaimable object
[2022-05-03T16:20:18.174Z] 
[2022-05-03T16:20:18.174Z] 
[2022-05-03T16:20:18.174Z] 93% tests passed, 32 tests failed out of 447
[2022-05-03T16:20:18.174Z] 
[2022-05-03T16:20:18.174Z] Total Test time (real) = 2151.31 sec
[2022-05-03T16:20:18.174Z] 
[2022-05-03T16:20:18.174Z] The following tests FAIL
</pre>
 ( http://cv.jenkins.couchbase.com/job/kv_engine.linux/job/master/19339/ )

One of more core files found at the end of the build. Data for post-mortem saved to archived_core_dumps.tar.bz2 under "Build Artifacts". ( http://cv.jenkins.couchbase.com/job/kv_engine.linux/job/master/19339/ )

Test exceeded the timeout:
[2022-05-03T15:48:19.665Z] /usr/bin/timeout: the monitored command dumped core ( http://cv.jenkins.couchbase.com/job/kv_engine.linux/job/master/19339/ )

Timeout of a CTest test [2022-05-03T16:19:10.395Z] 446/447 Test #331: ep_perfsuite.value_eviction .............................................................................} ( http://cv.jenkins.couchbase.com/job/kv_engine.linux/job/master/19339/ )

http://cv.jenkins.couchbase.com/job/kv_engine.threadsanitizer/job/master/20026/ : FAILURE

Timeout of a CTest test [2022-05-03T16:08:19.187Z]  20/421 Test #304: ep_perfsuite.value_eviction .............................................................................} ( http://cv.jenkins.couchbase.com/job/kv_engine.threadsanitizer/job/master/20026/ )

ThreadSanitizer issue: data race (/opt/gcc-10.2.0/lib64/libtsan.so.0+0x87578) in operator delete(void*, unsigned long)  ( http://cv.jenkins.couchbase.com/job/kv_engine.threadsanitizer/job/master/20026/ )

http://cv.jenkins.couchbase.com/job/kv_engine.macos/job/master/18167/ : FAILURE

Failure of an engine_testapp test:

<pre>
Running [10/18]: DCP Consumer snapshot-end mutation latency...
[2022-05-03T16:32:22.584Z] === DCP Consumer snapshot-end mutation - 200 items === Latency (ns) ===========================================================================
[2022-05-03T16:32:22.584Z] 
[2022-05-03T16:32:22.584Z]                                 Percentile           
[2022-05-03T16:32:22.584Z]                          Median     95th     99th  Std Dev  Histogram of samples
[2022-05-03T16:32:22.584Z] 
[2022-05-03T16:32:22.584Z] Datatype::Raw            24.109   35.124   51.711    4.286  ????????????????????????????????
[2022-05-03T16:32:22.584Z]                                                             23             ns             35
[2022-05-03T16:32:22.584Z] 
[2022-05-03T16:32:22.584Z] 
[2022-05-03T16:32:22.584Z] (32 ms) OK
[2022-05-03T16:32:22.584Z] 
[2022-05-03T16:32:22.584Z] 
[2022-05-03T16:32:22.584Z] 93% tests passed, 31 tests failed out of 447
[2022-05-03T16:32:22.584Z] 
[2022-05-03T16:32:22.584Z] Total Test time (real) = 2724.17 sec
[2022-05-03T16:32:22.584Z] 
[2022-05-03T16:32:22.584Z] The following tests FAIL
</pre>
 ( http://cv.jenkins.couchbase.com/job/kv_engine.macos/job/master/18167/ )

Timeout of a CTest test [2022-05-03T15:51:26.088Z]   4/447 Test #309: ep_testsuite_dcp.value_eviction.magma ...................................................................} ( http://cv.jenkins.couchbase.com/job/kv_engine.macos/job/master/18167/ )

http://cv.jenkins.couchbase.com/job/kv_engine-windows-master/45868/ : FAILURE

Failure of an engine_testapp test:

<pre>
Running [145/160]: test_MB-19687_fixed...Missing stat:  vb_0:id_1:key_index_allocator_bytes from stat group checkpoint
Missing stat:  vb_0:id_1:key_index_key_allocator_bytes from stat group checkpoint
Missing stat:  vb_0:id_1:mem_usage_key_index_overhead from stat group checkpoint
Missing stat:  vb_0:id_1:mem_usage_queue_overhead from stat group checkpoint
Missing stat:  vb_0:id_1:mem_usage_queued_items from stat group checkpoint
Missing stat:  vb_0:id_1:queue_allocator_bytes from stat group checkpoint
Missing stat:  vb_0:id_1:snap_end from stat group checkpoint
Missing stat:  vb_0:id_1:snap_start from stat group checkpoint
Missing stat:  vb_0:id_1:state from stat group checkpoint
Missing stat:  vb_0:id_1:type from stat group checkpoint
Missing stat:  vb_0:id_1:visible_snap_end from stat group checkpoint
Missing stat:  vb_0:mem_usage from stat group checkpoint
Missing stat:  vb_0:id_1:key_index_allocator_bytes from stat group checkpoint 0
Missing stat:  vb_0:id_1:key_index_key_allocator_bytes from stat group checkpoint 0
Missing stat:  vb_0:id_1:mem_usage_key_index_overhead from stat group checkpoint 0
Missing stat:  vb_0:id_1:mem_usage_queue_overhead from stat group checkpoint 0
Missing stat:  vb_0:id_1:mem_usage_queued_items from stat group checkpoint 0
Missing stat:  vb_0:id_1:queue_allocator_bytes from stat group checkpoint 0
Missing stat:  vb_0:id_1:snap_end from stat group checkpoint 0
Missing stat:  vb_0:id_1:snap_start from stat group checkpoint 0
Missing stat:  vb_0:id_1:state from stat group checkpoint 0
Missing stat:  vb_0:id_1:type from stat group checkpoint 0
Missing stat:  vb_0:id_1:visible_snap_end from stat group checkpoint 0
Missing stat:  vb_0:mem_usage from stat group checkpoint 0
..\kv_engine\engines\ep\tests\ep_testsuite.cc:7852 Test failed: `stats error" (missing stats)
(31 ms) FAIL
</pre>
 ( http://cv.jenkins.couchbase.com/job/kv_engine-windows-master/45868/ )

Failure of GoogleTest "CollectionsEraserTests/CollectionsEraserTest.PrepareCountCorrectAfterErase/persistent_nexus_couchstore_magma_value_only":

<pre>
[ RUN      ] CollectionsEraserTests/CollectionsEraserTest.PrepareCountCorrectAfterErase/persistent_nexus_couchstore_magma_value_only
unknown file: error: C++ exception with description "KVStoreFactory ctor: Specified dbname "ep_engine_ep_unit_tests.db/test.420401" is not a directory" thrown in SetUp().
unknown file: error: SEH exception with code 0xc0000005 thrown in TearDown().
[  FAILED  ] CollectionsEraserTests/CollectionsEraserTest.PrepareCountCorrectAfterErase/persistent_nexus_couchstore_magma_value_only, where GetParam() = "bucket_type=persistent:backend=nexus:nexus_primary_backend=couchstore:nexus_secondary_backend=magma:item_eviction_policy=value_only" (4 ms)
CollectionsEraserTests/CollectionsEraserTest.PrepareCountCorrectAfterErase/persistent_nexus_couchstore_magma_value_only
</pre>
 ( http://cv.jenkins.couchbase.com/job/kv_engine-windows-master/45868/ )

Timeout of a CTest test 427/427 Test #295: ep_testsuite_dcp.ephemeral.comp_active ..................................................................} ( http://cv.jenkins.couchbase.com/job/kv_engine-windows-master/45868/ )

http://cv.jenkins.couchbase.com/job/kv_engine-clang_analyzer-master/38521/ : SUCCESS

http://cv.jenkins.couchbase.com/job/kv_engine-clang_tidy-master/17241/ : SUCCESS

http://cv.jenkins.couchbase.com/job/kv_engine-clang_format_9/16203/ : SUCCESS

http://cv.jenkins.couchbase.com/job/kv_engine.libFuzzer/job/master/6852/ : SUCCESS
----------------------------------------------------------------------------------------------------------------------
Author: Build Bot
Date: 2022-05-04 12:02:10.000000000
Message: 
Patch Set 39:

Build Failed 

http://cv.jenkins.couchbase.com/job/kv_engine.aarch64-linux/job/master/6946/ : FAILURE

Failure of an engine_testapp test:

<pre>
Running [11/18]: Baseline Stat latency...WARNING: Logging before InitGoogleLogging() is written to STDERR
[2022-05-03T16:51:45.256Z] W0503 09:29:06.929497 17353 HazptrDomain.h:670] Using the default inline executor for asynchronous reclamation may be susceptible to deadlock if the current thread happens to hold a resource needed by the deleter of a reclaimable object
[2022-05-03T16:51:45.256Z] 
[2022-05-03T16:51:45.256Z] 
[2022-05-03T16:51:45.256Z] 93% tests passed, 31 tests failed out of 448
[2022-05-03T16:51:45.256Z] 
[2022-05-03T16:51:45.256Z] Total Test time (real) = 3824.65 sec
[2022-05-03T16:51:45.256Z] 
[2022-05-03T16:51:45.256Z] The following tests FAIL
</pre>
 ( http://cv.jenkins.couchbase.com/job/kv_engine.aarch64-linux/job/master/6946/ )

Test exceeded the timeout:
[2022-05-03T15:55:15.034Z] /usr/bin/timeout: the monitored command dumped core ( http://cv.jenkins.couchbase.com/job/kv_engine.aarch64-linux/job/master/6946/ )

Timeout of a CTest test [2022-05-03T16:51:45.254Z] 447/448 Test #331: ep_perfsuite.value_eviction .............................................................................} ( http://cv.jenkins.couchbase.com/job/kv_engine.aarch64-linux/job/master/6946/ )

http://cv.jenkins.couchbase.com/job/kv_engine.ASan-UBSan/job/master/27399/ : FAILURE

Failure of an engine_testapp test:

<pre>
Running [0/5]: checkpoint: create a new checkpoint...WARNING: Logging before InitGoogleLogging() is written to STDERR
[2022-05-03T12:21:03.606Z] W0503 12:11:33.871534 56354 HazptrDomain.h:670] Using the default inline executor for asynchronous reclamation may be susceptible to deadlock if the current thread happens to hold a resource needed by the deleter of a reclaimable object
[2022-05-03T12:21:03.606Z] /usr/bin/timeout: the monitored command dumped core
[2022-05-03T12:21:03.606Z] 
[2022-05-03T12:21:03.606Z] 
[2022-05-03T12:21:03.606Z] 93% tests passed, 29 tests failed out of 429
[2022-05-03T12:21:03.606Z] 
[2022-05-03T12:21:03.606Z] Total Test time (real) = 4225.74 sec
[2022-05-03T12:21:03.606Z] 
[2022-05-03T12:21:03.606Z] The following tests FAIL
</pre>
 ( http://cv.jenkins.couchbase.com/job/kv_engine.ASan-UBSan/job/master/27399/ )

One of more core files found at the end of the build. Data for post-mortem saved to archived_core_dumps.tar.bz2 under "Build Artifacts". ( http://cv.jenkins.couchbase.com/job/kv_engine.ASan-UBSan/job/master/27399/ )

Test exceeded the timeout:
[2022-05-03T11:26:55.724Z] /usr/bin/timeout: the monitored command dumped core ( http://cv.jenkins.couchbase.com/job/kv_engine.ASan-UBSan/job/master/27399/ )

Timeout of a CTest test [2022-05-03T11:55:57.205Z] 109/429 Test #312: ep_perfsuite.value_eviction .............................................................................} ( http://cv.jenkins.couchbase.com/job/kv_engine.ASan-UBSan/job/master/27399/ )

http://cv.jenkins.couchbase.com/job/kv_engine.linux-CE/job/master/19000/ : FAILURE

Failure of GoogleTest "EphemeralOrPersistent/STItemPagerTest.ReplicaEvictedBeforeActive/persistent_couchstore_full_eviction":

<pre>
[ RUN      ] EphemeralOrPersistent/STItemPagerTest.ReplicaEvictedBeforeActive/persistent_couchstore_full_eviction
[2022-05-03T15:46:43.126Z] ../kv_engine/engines/ep/tests/module_tests/item_pager_test.cc:1225: Failure
[2022-05-03T15:46:43.126Z] Expected equality of these values:
[2022-05-03T15:46:43.126Z]   100
[2022-05-03T15:46:43.126Z]   getRRPercent(*store->getVBucket(vbid))
[2022-05-03T15:46:43.126Z]     Which is: 94
[2022-05-03T15:46:43.126Z] vb:0 not fully resident after eviction
[2022-05-03T15:46:43.126Z] ../kv_engine/engines/ep/tests/module_tests/item_pager_test.cc:1225: Failure
[2022-05-03T15:46:43.126Z] Expected equality of these values:
[2022-05-03T15:46:43.126Z]   100
[2022-05-03T15:46:43.126Z]   getRRPercent(*store->getVBucket(vbid))
[2022-05-03T15:46:43.126Z]     Which is: 97
[2022-05-03T15:46:43.126Z] vb:1 not fully resident after eviction
[2022-05-03T15:46:43.126Z] [  FAILED  ] EphemeralOrPersistent/STItemPagerTest.ReplicaEvictedBeforeActive/persistent_couchstore_full_eviction, where GetParam() = "bucket_type=persistent:backend=couchstore:item_eviction_policy=full_eviction" (272 ms)
EphemeralOrPersistent/STItemPagerTest.ReplicaEvictedBeforeActive/persistent_couchstore_full_eviction
</pre>
 ( http://cv.jenkins.couchbase.com/job/kv_engine.linux-CE/job/master/19000/ )

Failure of an engine_testapp test:

<pre>
Running [10/18]: DCP Consumer snapshot-end mutation latency...
[2022-05-03T16:15:23.860Z] === DCP Consumer snapshot-end mutation - 200 items === Latency (ns) ===========================================================================
[2022-05-03T16:15:23.860Z] 
[2022-05-03T16:15:23.860Z]                                 Percentile           
[2022-05-03T16:15:23.860Z]                          Median     95th     99th  Std Dev  Histogram of samples
[2022-05-03T16:15:23.860Z] 
[2022-05-03T16:15:23.860Z] Datatype::Raw             6.795    8.350   18.320    3.470  ????????????????????????????????
[2022-05-03T16:15:23.860Z]                                                             6              ns              8
[2022-05-03T16:15:23.860Z] 
[2022-05-03T16:15:23.860Z] 
[2022-05-03T16:15:23.861Z] (17 ms) OK
[2022-05-03T16:15:23.861Z] 
[2022-05-03T16:15:23.861Z] 
[2022-05-03T16:15:23.861Z] 94% tests passed, 26 tests failed out of 427
[2022-05-03T16:15:23.861Z] 
[2022-05-03T16:15:23.861Z] Total Test time (real) = 1967.58 sec
[2022-05-03T16:15:23.861Z] 
[2022-05-03T16:15:23.861Z] The following tests FAIL
</pre>
 ( http://cv.jenkins.couchbase.com/job/kv_engine.linux-CE/job/master/19000/ )

One of more core files found at the end of the build. Data for post-mortem saved to archived_core_dumps.tar.bz2 under "Build Artifacts". ( http://cv.jenkins.couchbase.com/job/kv_engine.linux-CE/job/master/19000/ )

Test exceeded the timeout:
[2022-05-03T15:46:35.026Z] /usr/bin/timeout: the monitored command dumped core ( http://cv.jenkins.couchbase.com/job/kv_engine.linux-CE/job/master/19000/ )

Timeout of a CTest test [2022-05-03T16:13:17.427Z] 426/427 Test #311: ep_perfsuite.value_eviction .............................................................................} ( http://cv.jenkins.couchbase.com/job/kv_engine.linux-CE/job/master/19000/ )

http://cv.jenkins.couchbase.com/job/kv_engine.linux/job/master/19339/ : FAILURE

Failure of GoogleTest "EphemeralOrPersistent/STItemPagerTest.ReplicaEvictedBeforeActive/persistent_couchstore_full_eviction":

<pre>
[ RUN      ] EphemeralOrPersistent/STItemPagerTest.ReplicaEvictedBeforeActive/persistent_couchstore_full_eviction
[2022-05-03T15:44:55.223Z] ../kv_engine/engines/ep/tests/module_tests/item_pager_test.cc:1225: Failure
[2022-05-03T15:44:55.223Z] Expected equality of these values:
[2022-05-03T15:44:55.223Z]   100
[2022-05-03T15:44:55.223Z]   getRRPercent(*store->getVBucket(vbid))
[2022-05-03T15:44:55.223Z]     Which is: 96
[2022-05-03T15:44:55.223Z] vb:0 not fully resident after eviction
[2022-05-03T15:44:55.223Z] ../kv_engine/engines/ep/tests/module_tests/item_pager_test.cc:1225: Failure
[2022-05-03T15:44:55.223Z] Expected equality of these values:
[2022-05-03T15:44:55.223Z]   100
[2022-05-03T15:44:55.223Z]   getRRPercent(*store->getVBucket(vbid))
[2022-05-03T15:44:55.223Z]     Which is: 97
[2022-05-03T15:44:55.223Z] vb:1 not fully resident after eviction
[2022-05-03T15:44:55.223Z] [  FAILED  ] EphemeralOrPersistent/STItemPagerTest.ReplicaEvictedBeforeActive/persistent_couchstore_full_eviction, where GetParam() = "bucket_type=persistent:backend=couchstore:item_eviction_policy=full_eviction" (712 ms)
EphemeralOrPersistent/STItemPagerTest.ReplicaEvictedBeforeActive/persistent_couchstore_full_eviction
</pre>
 ( http://cv.jenkins.couchbase.com/job/kv_engine.linux/job/master/19339/ )

Failure of an engine_testapp test:

<pre>
Running [11/18]: Baseline Stat latency...WARNING: Logging before InitGoogleLogging() is written to STDERR
[2022-05-03T16:20:18.174Z] W0503 15:57:38.368389 47316 HazptrDomain.h:670] Using the default inline executor for asynchronous reclamation may be susceptible to deadlock if the current thread happens to hold a resource needed by the deleter of a reclaimable object
[2022-05-03T16:20:18.174Z] 
[2022-05-03T16:20:18.174Z] 
[2022-05-03T16:20:18.174Z] 93% tests passed, 32 tests failed out of 447
[2022-05-03T16:20:18.174Z] 
[2022-05-03T16:20:18.174Z] Total Test time (real) = 2151.31 sec
[2022-05-03T16:20:18.174Z] 
[2022-05-03T16:20:18.174Z] The following tests FAIL
</pre>
 ( http://cv.jenkins.couchbase.com/job/kv_engine.linux/job/master/19339/ )

One of more core files found at the end of the build. Data for post-mortem saved to archived_core_dumps.tar.bz2 under "Build Artifacts". ( http://cv.jenkins.couchbase.com/job/kv_engine.linux/job/master/19339/ )

Test exceeded the timeout:
[2022-05-03T15:48:19.665Z] /usr/bin/timeout: the monitored command dumped core ( http://cv.jenkins.couchbase.com/job/kv_engine.linux/job/master/19339/ )

Timeout of a CTest test [2022-05-03T16:19:10.395Z] 446/447 Test #331: ep_perfsuite.value_eviction .............................................................................} ( http://cv.jenkins.couchbase.com/job/kv_engine.linux/job/master/19339/ )

http://cv.jenkins.couchbase.com/job/kv_engine.threadsanitizer/job/master/20026/ : FAILURE

Timeout of a CTest test [2022-05-03T16:08:19.187Z]  20/421 Test #304: ep_perfsuite.value_eviction .............................................................................} ( http://cv.jenkins.couchbase.com/job/kv_engine.threadsanitizer/job/master/20026/ )

ThreadSanitizer issue: data race (/opt/gcc-10.2.0/lib64/libtsan.so.0+0x87578) in operator delete(void*, unsigned long)  ( http://cv.jenkins.couchbase.com/job/kv_engine.threadsanitizer/job/master/20026/ )

http://cv.jenkins.couchbase.com/job/kv_engine-windows-master/45868/ : FAILURE

Failure of an engine_testapp test:

<pre>
Running [145/160]: test_MB-19687_fixed...Missing stat:  vb_0:id_1:key_index_allocator_bytes from stat group checkpoint
Missing stat:  vb_0:id_1:key_index_key_allocator_bytes from stat group checkpoint
Missing stat:  vb_0:id_1:mem_usage_key_index_overhead from stat group checkpoint
Missing stat:  vb_0:id_1:mem_usage_queue_overhead from stat group checkpoint
Missing stat:  vb_0:id_1:mem_usage_queued_items from stat group checkpoint
Missing stat:  vb_0:id_1:queue_allocator_bytes from stat group checkpoint
Missing stat:  vb_0:id_1:snap_end from stat group checkpoint
Missing stat:  vb_0:id_1:snap_start from stat group checkpoint
Missing stat:  vb_0:id_1:state from stat group checkpoint
Missing stat:  vb_0:id_1:type from stat group checkpoint
Missing stat:  vb_0:id_1:visible_snap_end from stat group checkpoint
Missing stat:  vb_0:mem_usage from stat group checkpoint
Missing stat:  vb_0:id_1:key_index_allocator_bytes from stat group checkpoint 0
Missing stat:  vb_0:id_1:key_index_key_allocator_bytes from stat group checkpoint 0
Missing stat:  vb_0:id_1:mem_usage_key_index_overhead from stat group checkpoint 0
Missing stat:  vb_0:id_1:mem_usage_queue_overhead from stat group checkpoint 0
Missing stat:  vb_0:id_1:mem_usage_queued_items from stat group checkpoint 0
Missing stat:  vb_0:id_1:queue_allocator_bytes from stat group checkpoint 0
Missing stat:  vb_0:id_1:snap_end from stat group checkpoint 0
Missing stat:  vb_0:id_1:snap_start from stat group checkpoint 0
Missing stat:  vb_0:id_1:state from stat group checkpoint 0
Missing stat:  vb_0:id_1:type from stat group checkpoint 0
Missing stat:  vb_0:id_1:visible_snap_end from stat group checkpoint 0
Missing stat:  vb_0:mem_usage from stat group checkpoint 0
..\kv_engine\engines\ep\tests\ep_testsuite.cc:7852 Test failed: `stats error" (missing stats)
(31 ms) FAIL
</pre>
 ( http://cv.jenkins.couchbase.com/job/kv_engine-windows-master/45868/ )

Failure of GoogleTest "CollectionsEraserTests/CollectionsEraserTest.PrepareCountCorrectAfterErase/persistent_nexus_couchstore_magma_value_only":

<pre>
[ RUN      ] CollectionsEraserTests/CollectionsEraserTest.PrepareCountCorrectAfterErase/persistent_nexus_couchstore_magma_value_only
unknown file: error: C++ exception with description "KVStoreFactory ctor: Specified dbname "ep_engine_ep_unit_tests.db/test.420401" is not a directory" thrown in SetUp().
unknown file: error: SEH exception with code 0xc0000005 thrown in TearDown().
[  FAILED  ] CollectionsEraserTests/CollectionsEraserTest.PrepareCountCorrectAfterErase/persistent_nexus_couchstore_magma_value_only, where GetParam() = "bucket_type=persistent:backend=nexus:nexus_primary_backend=couchstore:nexus_secondary_backend=magma:item_eviction_policy=value_only" (4 ms)
CollectionsEraserTests/CollectionsEraserTest.PrepareCountCorrectAfterErase/persistent_nexus_couchstore_magma_value_only
</pre>
 ( http://cv.jenkins.couchbase.com/job/kv_engine-windows-master/45868/ )

Timeout of a CTest test 427/427 Test #295: ep_testsuite_dcp.ephemeral.comp_active ..................................................................} ( http://cv.jenkins.couchbase.com/job/kv_engine-windows-master/45868/ )

http://cv.jenkins.couchbase.com/job/kv_engine.macos/job/master/18183/ : FAILURE

Failure of an engine_testapp test:

<pre>
Running [0/5]: checkpoint: create a new checkpoint...WARNING: Logging before InitGoogleLogging() is written to STDERR
[2022-05-04T12:01:59.167Z] W0504 05:01:29.286365 174747648 HazptrDomain.h:670] Using the default inline executor for asynchronous reclamation may be susceptible to deadlock if the current thread happens to hold a resource needed by the deleter of a reclaimable object
[2022-05-04T12:01:59.167Z] 
[2022-05-04T12:01:59.167Z] 
[2022-05-04T12:01:59.167Z] 93% tests passed, 33 tests failed out of 447
[2022-05-04T12:01:59.167Z] 
[2022-05-04T12:01:59.167Z] Total Test time (real) = 3751.54 sec
[2022-05-04T12:01:59.167Z] 
[2022-05-04T12:01:59.167Z] The following tests FAIL
</pre>
 ( http://cv.jenkins.couchbase.com/job/kv_engine.macos/job/master/18183/ )

Timeout of a CTest test [2022-05-04T11:47:54.831Z] 121/447 Test #331: ep_perfsuite.value_eviction .............................................................................} ( http://cv.jenkins.couchbase.com/job/kv_engine.macos/job/master/18183/ )

http://cv.jenkins.couchbase.com/job/kv_engine-clang_analyzer-master/38521/ : SUCCESS

http://cv.jenkins.couchbase.com/job/kv_engine-clang_tidy-master/17241/ : SUCCESS

http://cv.jenkins.couchbase.com/job/kv_engine-clang_format_9/16203/ : SUCCESS

http://cv.jenkins.couchbase.com/job/kv_engine.libFuzzer/job/master/6852/ : SUCCESS
----------------------------------------------------------------------------------------------------------------------
