======================================================================================================================
DESCRIPTION:

MB-51681: Replace full CM scans with variables updated in-place

Instead of looping through every checkpoint owned
by the CheckpointManager and summing the individual
stats, create CM-level variables which are updated
in-place by Checkpoint MemoryCounters.

Change-Id: I369046cc1d966204e92a35c45799acd01d1d7b70

======================================================================================================================
COMMENTS
======================================================================================================================
Author: Douglas
Date: 2022-04-29 10:23:16.000000000
Message: 
Patch Set 37: Patch Set 36 was rebased
----------------------------------------------------------------------------------------------------------------------
Author: Build Bot
Date: 2022-04-29 12:49:30.000000000
Message: 
Patch Set 37: Verified-1

Build Failed 

http://cv.jenkins.couchbase.com/job/kv_engine-windows-master/45826/ : FAILURE

Failure of an engine_testapp test:

<pre>
Running [145/160]: test_MB-19687_fixed...Missing stat:  vb_0:id_1:key_index_allocator_bytes from stat group checkpoint
Missing stat:  vb_0:id_1:key_index_key_allocator_bytes from stat group checkpoint
Missing stat:  vb_0:id_1:mem_usage_key_index_overhead from stat group checkpoint
Missing stat:  vb_0:id_1:mem_usage_queue_overhead from stat group checkpoint
Missing stat:  vb_0:id_1:mem_usage_queued_items from stat group checkpoint
Missing stat:  vb_0:id_1:queue_allocator_bytes from stat group checkpoint
Missing stat:  vb_0:id_1:snap_end from stat group checkpoint
Missing stat:  vb_0:id_1:snap_start from stat group checkpoint
Missing stat:  vb_0:id_1:state from stat group checkpoint
Missing stat:  vb_0:id_1:type from stat group checkpoint
Missing stat:  vb_0:id_1:visible_snap_end from stat group checkpoint
Missing stat:  vb_0:mem_usage from stat group checkpoint
Missing stat:  vb_0:id_1:key_index_allocator_bytes from stat group checkpoint 0
Missing stat:  vb_0:id_1:key_index_key_allocator_bytes from stat group checkpoint 0
Missing stat:  vb_0:id_1:mem_usage_key_index_overhead from stat group checkpoint 0
Missing stat:  vb_0:id_1:mem_usage_queue_overhead from stat group checkpoint 0
Missing stat:  vb_0:id_1:mem_usage_queued_items from stat group checkpoint 0
Missing stat:  vb_0:id_1:queue_allocator_bytes from stat group checkpoint 0
Missing stat:  vb_0:id_1:snap_end from stat group checkpoint 0
Missing stat:  vb_0:id_1:snap_start from stat group checkpoint 0
Missing stat:  vb_0:id_1:state from stat group checkpoint 0
Missing stat:  vb_0:id_1:type from stat group checkpoint 0
Missing stat:  vb_0:id_1:visible_snap_end from stat group checkpoint 0
Missing stat:  vb_0:mem_usage from stat group checkpoint 0
..\kv_engine\engines\ep\tests\ep_testsuite.cc:7852 Test failed: `stats error" (missing stats)
(41 ms) FAIL
</pre>
 ( http://cv.jenkins.couchbase.com/job/kv_engine-windows-master/45826/ )

http://cv.jenkins.couchbase.com/job/kv_engine.linux/job/master/19298/ : FAILURE

Failure of an engine_testapp test:

<pre>
Running [11/18]: Baseline Stat latency...WARNING: Logging before InitGoogleLogging() is written to STDERR
[2022-04-29T11:40:35.327Z] W0429 11:18:01.518476 114394 HazptrDomain.h:670] Using the default inline executor for asynchronous reclamation may be susceptible to deadlock if the current thread happens to hold a resource needed by the deleter of a reclaimable object
[2022-04-29T11:40:35.327Z] 
[2022-04-29T11:40:35.327Z] 
[2022-04-29T11:40:35.327Z] 93% tests passed, 32 tests failed out of 447
[2022-04-29T11:40:35.327Z] 
[2022-04-29T11:40:35.327Z] Total Test time (real) = 2154.69 sec
[2022-04-29T11:40:35.327Z] 
[2022-04-29T11:40:35.327Z] The following tests FAIL
</pre>
 ( http://cv.jenkins.couchbase.com/job/kv_engine.linux/job/master/19298/ )

Failure of GoogleTest "EphemeralOrPersistent/STItemPagerTest.ReplicaEvictedBeforeActive/persistent_couchstore_full_eviction":

<pre>
[ RUN      ] EphemeralOrPersistent/STItemPagerTest.ReplicaEvictedBeforeActive/persistent_couchstore_full_eviction
[2022-04-29T11:05:08.219Z] ../kv_engine/engines/ep/tests/module_tests/item_pager_test.cc:1225: Failure
[2022-04-29T11:05:08.219Z] Expected equality of these values:
[2022-04-29T11:05:08.219Z]   100
[2022-04-29T11:05:08.219Z]   getRRPercent(*store->getVBucket(vbid))
[2022-04-29T11:05:08.219Z]     Which is: 95
[2022-04-29T11:05:08.219Z] vb:0 not fully resident after eviction
[2022-04-29T11:05:08.219Z] ../kv_engine/engines/ep/tests/module_tests/item_pager_test.cc:1225: Failure
[2022-04-29T11:05:08.219Z] Expected equality of these values:
[2022-04-29T11:05:08.219Z]   100
[2022-04-29T11:05:08.219Z]   getRRPercent(*store->getVBucket(vbid))
[2022-04-29T11:05:08.219Z]     Which is: 97
[2022-04-29T11:05:08.219Z] vb:1 not fully resident after eviction
[2022-04-29T11:05:08.219Z] [  FAILED  ] EphemeralOrPersistent/STItemPagerTest.ReplicaEvictedBeforeActive/persistent_couchstore_full_eviction, where GetParam() = "bucket_type=persistent:backend=couchstore:item_eviction_policy=full_eviction" (718 ms)
EphemeralOrPersistent/STItemPagerTest.ReplicaEvictedBeforeActive/persistent_couchstore_full_eviction
</pre>
 ( http://cv.jenkins.couchbase.com/job/kv_engine.linux/job/master/19298/ )

One of more core files found at the end of the build. Data for post-mortem saved to archived_core_dumps.tar.bz2 under "Build Artifacts". ( http://cv.jenkins.couchbase.com/job/kv_engine.linux/job/master/19298/ )

Test exceeded the timeout:
[2022-04-29T11:08:48.329Z] /usr/bin/timeout: the monitored command dumped core ( http://cv.jenkins.couchbase.com/job/kv_engine.linux/job/master/19298/ )

Timeout of a CTest test [2022-04-29T11:39:48.406Z] 446/447 Test #331: ep_perfsuite.value_eviction .............................................................................} ( http://cv.jenkins.couchbase.com/job/kv_engine.linux/job/master/19298/ )

http://cv.jenkins.couchbase.com/job/kv_engine.threadsanitizer/job/master/19989/ : FAILURE

Failure of an engine_testapp test:

<pre>
Running [0/5]: checkpoint: create a new checkpoint...WARNING: Logging before InitGoogleLogging() is written to STDERR
[2022-04-29T12:19:44.602Z] W0429 12:10:09.499107 41382 HazptrDomain.h:670] Using the default inline executor for asynchronous reclamation may be susceptible to deadlock if the current thread happens to hold a resource needed by the deleter of a reclaimable object
[2022-04-29T12:19:44.602Z] 
[2022-04-29T12:19:44.602Z] 
[2022-04-29T12:19:44.602Z] 94% tests passed, 27 tests failed out of 421
[2022-04-29T12:19:44.602Z] 
[2022-04-29T12:19:44.602Z] Total Test time (real) = 4682.91 sec
[2022-04-29T12:19:44.602Z] 
[2022-04-29T12:19:44.602Z] The following tests FAIL
</pre>
 ( http://cv.jenkins.couchbase.com/job/kv_engine.threadsanitizer/job/master/19989/ )

Timeout of a CTest test [2022-04-29T11:26:40.045Z]  18/421 Test #304: ep_perfsuite.value_eviction .............................................................................} ( http://cv.jenkins.couchbase.com/job/kv_engine.threadsanitizer/job/master/19989/ )

ThreadSanitizer issue: data race (/opt/gcc-10.2.0/lib64/libtsan.so.0+0x87578) in operator delete(void*, unsigned long)  ( http://cv.jenkins.couchbase.com/job/kv_engine.threadsanitizer/job/master/19989/ )

http://cv.jenkins.couchbase.com/job/kv_engine.linux-CE/job/master/18960/ : FAILURE

Failure of GoogleTest "EphemeralOrPersistent/STItemPagerTest.ReplicaEvictedBeforeActive/persistent_couchstore_full_eviction":

<pre>
[ RUN      ] EphemeralOrPersistent/STItemPagerTest.ReplicaEvictedBeforeActive/persistent_couchstore_full_eviction
[2022-04-29T11:07:11.738Z] ../kv_engine/engines/ep/tests/module_tests/item_pager_test.cc:1225: Failure
[2022-04-29T11:07:11.738Z] Expected equality of these values:
[2022-04-29T11:07:11.738Z]   100
[2022-04-29T11:07:11.738Z]   getRRPercent(*store->getVBucket(vbid))
[2022-04-29T11:07:11.738Z]     Which is: 95
[2022-04-29T11:07:11.738Z] vb:0 not fully resident after eviction
[2022-04-29T11:07:11.738Z] ../kv_engine/engines/ep/tests/module_tests/item_pager_test.cc:1225: Failure
[2022-04-29T11:07:11.738Z] Expected equality of these values:
[2022-04-29T11:07:11.738Z]   100
[2022-04-29T11:07:11.738Z]   getRRPercent(*store->getVBucket(vbid))
[2022-04-29T11:07:11.738Z]     Which is: 98
[2022-04-29T11:07:11.738Z] vb:1 not fully resident after eviction
[2022-04-29T11:07:11.738Z] [  FAILED  ] EphemeralOrPersistent/STItemPagerTest.ReplicaEvictedBeforeActive/persistent_couchstore_full_eviction, where GetParam() = "bucket_type=persistent:backend=couchstore:item_eviction_policy=full_eviction" (762 ms)
EphemeralOrPersistent/STItemPagerTest.ReplicaEvictedBeforeActive/persistent_couchstore_full_eviction
</pre>
 ( http://cv.jenkins.couchbase.com/job/kv_engine.linux-CE/job/master/18960/ )

Failure of an engine_testapp test:

<pre>
Running [11/18]: Baseline Stat latency...WARNING: Logging before InitGoogleLogging() is written to STDERR
[2022-04-29T11:40:05.427Z] W0429 11:17:29.254134 81375 HazptrDomain.h:670] Using the default inline executor for asynchronous reclamation may be susceptible to deadlock if the current thread happens to hold a resource needed by the deleter of a reclaimable object
[2022-04-29T11:40:05.427Z] 
[2022-04-29T11:40:05.427Z] 
[2022-04-29T11:40:05.427Z] 94% tests passed, 26 tests failed out of 427
[2022-04-29T11:40:05.427Z] 
[2022-04-29T11:40:05.427Z] Total Test time (real) = 1999.45 sec
[2022-04-29T11:40:05.427Z] 
[2022-04-29T11:40:05.427Z] The following tests FAIL
</pre>
 ( http://cv.jenkins.couchbase.com/job/kv_engine.linux-CE/job/master/18960/ )

One of more core files found at the end of the build. Data for post-mortem saved to archived_core_dumps.tar.bz2 under "Build Artifacts". ( http://cv.jenkins.couchbase.com/job/kv_engine.linux-CE/job/master/18960/ )

Test exceeded the timeout:
[2022-04-29T11:10:52.212Z] /usr/bin/timeout: the monitored command dumped core ( http://cv.jenkins.couchbase.com/job/kv_engine.linux-CE/job/master/18960/ )

Timeout of a CTest test [2022-04-29T11:37:43.809Z] 426/427 Test #311: ep_perfsuite.value_eviction .............................................................................} ( http://cv.jenkins.couchbase.com/job/kv_engine.linux-CE/job/master/18960/ )

http://cv.jenkins.couchbase.com/job/kv_engine.ASan-UBSan/job/master/27364/ : FAILURE

Failure of an engine_testapp test:

<pre>
Running [0/5]: checkpoint: create a new checkpoint...WARNING: Logging before InitGoogleLogging() is written to STDERR
[2022-04-29T12:22:30.102Z] W0429 12:12:46.955121 116563 HazptrDomain.h:670] Using the default inline executor for asynchronous reclamation may be susceptible to deadlock if the current thread happens to hold a resource needed by the deleter of a reclaimable object
[2022-04-29T12:22:30.102Z] /usr/bin/timeout: the monitored command dumped core
[2022-04-29T12:22:30.102Z] 
[2022-04-29T12:22:30.102Z] 
[2022-04-29T12:22:30.102Z] 93% tests passed, 29 tests failed out of 429
[2022-04-29T12:22:30.102Z] 
[2022-04-29T12:22:30.102Z] Total Test time (real) = 4214.58 sec
[2022-04-29T12:22:30.102Z] 
[2022-04-29T12:22:30.102Z] The following tests FAIL
</pre>
 ( http://cv.jenkins.couchbase.com/job/kv_engine.ASan-UBSan/job/master/27364/ )

One of more core files found at the end of the build. Data for post-mortem saved to archived_core_dumps.tar.bz2 under "Build Artifacts". ( http://cv.jenkins.couchbase.com/job/kv_engine.ASan-UBSan/job/master/27364/ )

Test exceeded the timeout:
[2022-04-29T11:28:08.890Z] /usr/bin/timeout: the monitored command dumped core ( http://cv.jenkins.couchbase.com/job/kv_engine.ASan-UBSan/job/master/27364/ )

Timeout of a CTest test [2022-04-29T11:57:11.757Z]  96/429 Test #312: ep_perfsuite.value_eviction .............................................................................} ( http://cv.jenkins.couchbase.com/job/kv_engine.ASan-UBSan/job/master/27364/ )

http://cv.jenkins.couchbase.com/job/kv_engine.aarch64-linux/job/master/6910/ : FAILURE

Failure of an engine_testapp test:

<pre>
Running [11/18]: Baseline Stat latency...WARNING: Logging before InitGoogleLogging() is written to STDERR
[2022-04-29T11:41:33.982Z] W0429 04:18:59.433320 31281 HazptrDomain.h:670] Using the default inline executor for asynchronous reclamation may be susceptible to deadlock if the current thread happens to hold a resource needed by the deleter of a reclaimable object
[2022-04-29T11:41:33.982Z] 
[2022-04-29T11:41:33.982Z] 
[2022-04-29T11:41:33.982Z] 93% tests passed, 31 tests failed out of 448
[2022-04-29T11:41:33.982Z] 
[2022-04-29T11:41:33.982Z] Total Test time (real) = 3567.68 sec
[2022-04-29T11:41:33.982Z] 
[2022-04-29T11:41:33.982Z] The following tests FAIL
</pre>
 ( http://cv.jenkins.couchbase.com/job/kv_engine.aarch64-linux/job/master/6910/ )

Test exceeded the timeout:
[2022-04-29T10:46:00.270Z] /usr/bin/timeout: the monitored command dumped core ( http://cv.jenkins.couchbase.com/job/kv_engine.aarch64-linux/job/master/6910/ )

Timeout of a CTest test [2022-04-29T11:36:34.549Z] 416/448 Test #331: ep_perfsuite.value_eviction .............................................................................} ( http://cv.jenkins.couchbase.com/job/kv_engine.aarch64-linux/job/master/6910/ )

http://cv.jenkins.couchbase.com/job/kv_engine.macos/job/master/18116/ : FAILURE

Timeout of a CTest test [2022-04-29T11:54:27.217Z] 274/447 Test #331: ep_perfsuite.value_eviction .............................................................................} ( http://cv.jenkins.couchbase.com/job/kv_engine.macos/job/master/18116/ )

http://cv.jenkins.couchbase.com/job/kv_engine-clang_analyzer-master/38491/ : SUCCESS

http://cv.jenkins.couchbase.com/job/kv_engine-clang_tidy-master/17191/ : SUCCESS

http://cv.jenkins.couchbase.com/job/kv_engine-clang_format_9/16153/ : SUCCESS

http://cv.jenkins.couchbase.com/job/kv_engine.libFuzzer/job/master/6818/ : SUCCESS
----------------------------------------------------------------------------------------------------------------------
