======================================================================================================================
DESCRIPTION:

MB-51681: Replace full CM scans with variables updated in-place

Instead of looping through every checkpoint owned
by the CheckpointManager and summing the individual
stats, create CM-level variables which are updated
in-place by Checkpoint MemoryCounters.

Change-Id: I369046cc1d966204e92a35c45799acd01d1d7b70

======================================================================================================================
COMMENTS
======================================================================================================================
Author: Douglas
Date: 2022-05-03 08:42:27.000000000
Message: 
Patch Set 38: Patch Set 37 was rebased
----------------------------------------------------------------------------------------------------------------------
Author: Build Bot
Date: 2022-05-03 10:36:50.000000000
Message: 
Patch Set 38: Verified-1

Build Failed 

http://cv.jenkins.couchbase.com/job/kv_engine.ASan-UBSan/job/master/27392/ : ABORTED

Failure of an engine_testapp test:

<pre>
Running [11/18]: Baseline Stat latency...
[2022-05-03T10:36:48.615Z] 
[2022-05-03T10:36:48.615Z] 
[2022-05-03T10:36:48.615Z] 93% tests passed, 29 tests failed out of 429
[2022-05-03T10:36:48.615Z] 
[2022-05-03T10:36:48.615Z] Total Test time (real) = 4542.45 sec
[2022-05-03T10:36:48.615Z] 
[2022-05-03T10:36:48.615Z] The following tests FAIL
</pre>
 ( http://cv.jenkins.couchbase.com/job/kv_engine.ASan-UBSan/job/master/27392/ )

Test exceeded the timeout:
[2022-05-03T09:44:17.551Z] /usr/bin/timeout: the monitored command dumped core ( http://cv.jenkins.couchbase.com/job/kv_engine.ASan-UBSan/job/master/27392/ )

Build which was aborted due to a newer patch set being uploaded for the given review. ( http://cv.jenkins.couchbase.com/job/kv_engine.ASan-UBSan/job/master/27392/ )

http://cv.jenkins.couchbase.com/job/kv_engine-windows-master/45856/ : FAILURE

Failure of an engine_testapp test:

<pre>
Running [145/160]: test_MB-19687_fixed...Missing stat:  vb_0:id_1:key_index_allocator_bytes from stat group checkpoint
Missing stat:  vb_0:id_1:key_index_key_allocator_bytes from stat group checkpoint
Missing stat:  vb_0:id_1:mem_usage_key_index_overhead from stat group checkpoint
Missing stat:  vb_0:id_1:mem_usage_queue_overhead from stat group checkpoint
Missing stat:  vb_0:id_1:mem_usage_queued_items from stat group checkpoint
Missing stat:  vb_0:id_1:queue_allocator_bytes from stat group checkpoint
Missing stat:  vb_0:id_1:snap_end from stat group checkpoint
Missing stat:  vb_0:id_1:snap_start from stat group checkpoint
Missing stat:  vb_0:id_1:state from stat group checkpoint
Missing stat:  vb_0:id_1:type from stat group checkpoint
Missing stat:  vb_0:id_1:visible_snap_end from stat group checkpoint
Missing stat:  vb_0:mem_usage from stat group checkpoint
Missing stat:  vb_0:id_1:key_index_allocator_bytes from stat group checkpoint 0
Missing stat:  vb_0:id_1:key_index_key_allocator_bytes from stat group checkpoint 0
Missing stat:  vb_0:id_1:mem_usage_key_index_overhead from stat group checkpoint 0
Missing stat:  vb_0:id_1:mem_usage_queue_overhead from stat group checkpoint 0
Missing stat:  vb_0:id_1:mem_usage_queued_items from stat group checkpoint 0
Missing stat:  vb_0:id_1:queue_allocator_bytes from stat group checkpoint 0
Missing stat:  vb_0:id_1:snap_end from stat group checkpoint 0
Missing stat:  vb_0:id_1:snap_start from stat group checkpoint 0
Missing stat:  vb_0:id_1:state from stat group checkpoint 0
Missing stat:  vb_0:id_1:type from stat group checkpoint 0
Missing stat:  vb_0:id_1:visible_snap_end from stat group checkpoint 0
Missing stat:  vb_0:mem_usage from stat group checkpoint 0
..\kv_engine\engines\ep\tests\ep_testsuite.cc:7852 Test failed: `stats error" (missing stats)
(29 ms) FAIL
</pre>
 ( http://cv.jenkins.couchbase.com/job/kv_engine-windows-master/45856/ )

http://cv.jenkins.couchbase.com/job/kv_engine.threadsanitizer/job/master/20016/ : FAILURE

Failure of an engine_testapp test:

<pre>
Running [0/5]: checkpoint: create a new checkpoint...WARNING: Logging before InitGoogleLogging() is written to STDERR
[2022-05-03T10:25:57.866Z] W0503 10:16:29.629046 77707 HazptrDomain.h:670] Using the default inline executor for asynchronous reclamation may be susceptible to deadlock if the current thread happens to hold a resource needed by the deleter of a reclaimable object
[2022-05-03T10:25:57.866Z] 
[2022-05-03T10:25:57.866Z] 
[2022-05-03T10:25:57.866Z] 94% tests passed, 27 tests failed out of 421
[2022-05-03T10:25:57.866Z] 
[2022-05-03T10:25:57.866Z] Total Test time (real) = 4601.93 sec
[2022-05-03T10:25:57.866Z] 
[2022-05-03T10:25:57.866Z] The following tests FAIL
</pre>
 ( http://cv.jenkins.couchbase.com/job/kv_engine.threadsanitizer/job/master/20016/ )

Timeout of a CTest test [2022-05-03T09:34:15.829Z]  19/421 Test #304: ep_perfsuite.value_eviction .............................................................................} ( http://cv.jenkins.couchbase.com/job/kv_engine.threadsanitizer/job/master/20016/ )

ThreadSanitizer issue: data race (/opt/gcc-10.2.0/lib64/libtsan.so.0+0x87578) in operator delete(void*, unsigned long)  ( http://cv.jenkins.couchbase.com/job/kv_engine.threadsanitizer/job/master/20016/ )

http://cv.jenkins.couchbase.com/job/kv_engine.aarch64-linux/job/master/6937/ : FAILURE

Failure of an engine_testapp test:

<pre>
Running [11/18]: Baseline Stat latency...WARNING: Logging before InitGoogleLogging() is written to STDERR
[2022-05-03T10:10:09.226Z] W0503 02:47:42.131173 31435 HazptrDomain.h:670] Using the default inline executor for asynchronous reclamation may be susceptible to deadlock if the current thread happens to hold a resource needed by the deleter of a reclaimable object
[2022-05-03T10:10:09.226Z] 
[2022-05-03T10:10:09.226Z] 
[2022-05-03T10:10:09.226Z] 93% tests passed, 31 tests failed out of 448
[2022-05-03T10:10:09.226Z] 
[2022-05-03T10:10:09.226Z] Total Test time (real) = 3758.69 sec
[2022-05-03T10:10:09.226Z] 
[2022-05-03T10:10:09.226Z] The following tests FAIL
</pre>
 ( http://cv.jenkins.couchbase.com/job/kv_engine.aarch64-linux/job/master/6937/ )

Test exceeded the timeout:
[2022-05-03T09:11:31.251Z] /usr/bin/timeout: the monitored command dumped core ( http://cv.jenkins.couchbase.com/job/kv_engine.aarch64-linux/job/master/6937/ )

Timeout of a CTest test [2022-05-03T10:04:36.342Z] 447/448 Test #331: ep_perfsuite.value_eviction .............................................................................} ( http://cv.jenkins.couchbase.com/job/kv_engine.aarch64-linux/job/master/6937/ )

http://cv.jenkins.couchbase.com/job/kv_engine.macos/job/master/18153/ : FAILURE

No problems were identified. If you know why this problem occurred, please add a suitable Cause for it. ( http://cv.jenkins.couchbase.com/job/kv_engine.macos/job/master/18153/ )

http://cv.jenkins.couchbase.com/job/kv_engine.linux/job/master/19325/ : FAILURE

Failure of GoogleTest "EphemeralOrPersistent/STItemPagerTest.ReplicaEvictedBeforeActive/persistent_couchstore_full_eviction":

<pre>
[ RUN      ] EphemeralOrPersistent/STItemPagerTest.ReplicaEvictedBeforeActive/persistent_couchstore_full_eviction
[2022-05-03T09:08:04.410Z] ../kv_engine/engines/ep/tests/module_tests/item_pager_test.cc:1225: Failure
[2022-05-03T09:08:04.410Z] Expected equality of these values:
[2022-05-03T09:08:04.410Z]   100
[2022-05-03T09:08:04.410Z]   getRRPercent(*store->getVBucket(vbid))
[2022-05-03T09:08:04.410Z]     Which is: 95
[2022-05-03T09:08:04.410Z] vb:0 not fully resident after eviction
[2022-05-03T09:08:04.410Z] ../kv_engine/engines/ep/tests/module_tests/item_pager_test.cc:1225: Failure
[2022-05-03T09:08:04.410Z] Expected equality of these values:
[2022-05-03T09:08:04.410Z]   100
[2022-05-03T09:08:04.410Z]   getRRPercent(*store->getVBucket(vbid))
[2022-05-03T09:08:04.410Z]     Which is: 97
[2022-05-03T09:08:04.410Z] vb:1 not fully resident after eviction
[2022-05-03T09:08:04.410Z] [  FAILED  ] EphemeralOrPersistent/STItemPagerTest.ReplicaEvictedBeforeActive/persistent_couchstore_full_eviction, where GetParam() = "bucket_type=persistent:backend=couchstore:item_eviction_policy=full_eviction" (729 ms)
EphemeralOrPersistent/STItemPagerTest.ReplicaEvictedBeforeActive/persistent_couchstore_full_eviction
</pre>
 ( http://cv.jenkins.couchbase.com/job/kv_engine.linux/job/master/19325/ )

Failure of an engine_testapp test:

<pre>
Running [11/18]: Baseline Stat latency...WARNING: Logging before InitGoogleLogging() is written to STDERR
[2022-05-03T09:44:01.504Z] W0503 09:21:21.178532 79681 HazptrDomain.h:670] Using the default inline executor for asynchronous reclamation may be susceptible to deadlock if the current thread happens to hold a resource needed by the deleter of a reclaimable object
[2022-05-03T09:44:01.504Z] 
[2022-05-03T09:44:01.504Z] 
[2022-05-03T09:44:01.504Z] 93% tests passed, 32 tests failed out of 447
[2022-05-03T09:44:01.504Z] 
[2022-05-03T09:44:01.504Z] Total Test time (real) = 2178.15 sec
[2022-05-03T09:44:01.504Z] 
[2022-05-03T09:44:01.504Z] The following tests FAIL
</pre>
 ( http://cv.jenkins.couchbase.com/job/kv_engine.linux/job/master/19325/ )

One of more core files found at the end of the build. Data for post-mortem saved to archived_core_dumps.tar.bz2 under "Build Artifacts". ( http://cv.jenkins.couchbase.com/job/kv_engine.linux/job/master/19325/ )

Test exceeded the timeout:
[2022-05-03T09:12:10.811Z] /usr/bin/timeout: the monitored command dumped core ( http://cv.jenkins.couchbase.com/job/kv_engine.linux/job/master/19325/ )

Timeout of a CTest test [2022-05-03T09:42:39.980Z] 446/447 Test #331: ep_perfsuite.value_eviction .............................................................................} ( http://cv.jenkins.couchbase.com/job/kv_engine.linux/job/master/19325/ )

http://cv.jenkins.couchbase.com/job/kv_engine.linux-CE/job/master/18987/ : FAILURE

Failure of GoogleTest "EphemeralOrPersistent/STItemPagerTest.ReplicaEvictedBeforeActive/persistent_couchstore_full_eviction":

<pre>
[ RUN      ] EphemeralOrPersistent/STItemPagerTest.ReplicaEvictedBeforeActive/persistent_couchstore_full_eviction
[2022-05-03T09:12:27.560Z] ../kv_engine/engines/ep/tests/module_tests/item_pager_test.cc:1225: Failure
[2022-05-03T09:12:27.560Z] Expected equality of these values:
[2022-05-03T09:12:27.560Z]   100
[2022-05-03T09:12:27.560Z]   getRRPercent(*store->getVBucket(vbid))
[2022-05-03T09:12:27.560Z]     Which is: 94
[2022-05-03T09:12:27.560Z] vb:0 not fully resident after eviction
[2022-05-03T09:12:27.560Z] ../kv_engine/engines/ep/tests/module_tests/item_pager_test.cc:1225: Failure
[2022-05-03T09:12:27.560Z] Expected equality of these values:
[2022-05-03T09:12:27.560Z]   100
[2022-05-03T09:12:27.560Z]   getRRPercent(*store->getVBucket(vbid))
[2022-05-03T09:12:27.560Z]     Which is: 97
[2022-05-03T09:12:27.560Z] vb:1 not fully resident after eviction
[2022-05-03T09:12:27.560Z] [  FAILED  ] EphemeralOrPersistent/STItemPagerTest.ReplicaEvictedBeforeActive/persistent_couchstore_full_eviction, where GetParam() = "bucket_type=persistent:backend=couchstore:item_eviction_policy=full_eviction" (622 ms)
EphemeralOrPersistent/STItemPagerTest.ReplicaEvictedBeforeActive/persistent_couchstore_full_eviction
</pre>
 ( http://cv.jenkins.couchbase.com/job/kv_engine.linux-CE/job/master/18987/ )

Failure of an engine_testapp test:

<pre>
Running [11/18]: Baseline Stat latency...WARNING: Logging before InitGoogleLogging() is written to STDERR
[2022-05-03T09:45:06.499Z] W0503 09:22:35.328518 10842 HazptrDomain.h:670] Using the default inline executor for asynchronous reclamation may be susceptible to deadlock if the current thread happens to hold a resource needed by the deleter of a reclaimable object
[2022-05-03T09:45:06.499Z] 
[2022-05-03T09:45:06.499Z] 
[2022-05-03T09:45:06.499Z] 94% tests passed, 26 tests failed out of 427
[2022-05-03T09:45:06.499Z] 
[2022-05-03T09:45:06.499Z] Total Test time (real) = 1981.97 sec
[2022-05-03T09:45:06.499Z] 
[2022-05-03T09:45:06.499Z] The following tests FAIL
</pre>
 ( http://cv.jenkins.couchbase.com/job/kv_engine.linux-CE/job/master/18987/ )

One of more core files found at the end of the build. Data for post-mortem saved to archived_core_dumps.tar.bz2 under "Build Artifacts". ( http://cv.jenkins.couchbase.com/job/kv_engine.linux-CE/job/master/18987/ )

Test exceeded the timeout:
[2022-05-03T09:16:16.231Z] /usr/bin/timeout: the monitored command dumped core ( http://cv.jenkins.couchbase.com/job/kv_engine.linux-CE/job/master/18987/ )

Timeout of a CTest test [2022-05-03T09:42:59.921Z] 426/427 Test #311: ep_perfsuite.value_eviction .............................................................................} ( http://cv.jenkins.couchbase.com/job/kv_engine.linux-CE/job/master/18987/ )

http://cv.jenkins.couchbase.com/job/kv_engine-clang_analyzer-master/38514/ : SUCCESS

http://cv.jenkins.couchbase.com/job/kv_engine-clang_tidy-master/17234/ : SUCCESS

http://cv.jenkins.couchbase.com/job/kv_engine-clang_format_9/16196/ : SUCCESS

http://cv.jenkins.couchbase.com/job/kv_engine.libFuzzer/job/master/6845/ : SUCCESS
----------------------------------------------------------------------------------------------------------------------
