======================================================================================================================
DESCRIPTION:

MB-51681: Replace full CM scans with variables updated in-place

Instead of looping through every checkpoint owned
by the CheckpointManager and summing the individual
stats, create CM-level variables which are updated
in-place by Checkpoint MemoryCounters.

Change-Id: I369046cc1d966204e92a35c45799acd01d1d7b70

======================================================================================================================
COMMENTS
======================================================================================================================
Author: Douglas
Date: 2022-04-27 15:46:00.000000000
Message: 
Uploaded patch set 33.
----------------------------------------------------------------------------------------------------------------------
Author: Build Bot
Date: 2022-04-27 18:43:51.000000000
Message: 
Patch Set 33: Verified-1

Build Failed 

http://cv.jenkins.couchbase.com/job/kv_engine-windows-master/45750/ : FAILURE

Failure of an engine_testapp test:

<pre>
Running [145/160]: test_MB-19687_fixed...Missing stat:  vb_0:id_1:key_index_allocator_bytes from stat group checkpoint
Missing stat:  vb_0:id_1:key_index_key_allocator_bytes from stat group checkpoint
Missing stat:  vb_0:id_1:mem_usage_key_index_overhead from stat group checkpoint
Missing stat:  vb_0:id_1:mem_usage_queue_overhead from stat group checkpoint
Missing stat:  vb_0:id_1:mem_usage_queued_items from stat group checkpoint
Missing stat:  vb_0:id_1:queue_allocator_bytes from stat group checkpoint
Missing stat:  vb_0:id_1:snap_end from stat group checkpoint
Missing stat:  vb_0:id_1:snap_start from stat group checkpoint
Missing stat:  vb_0:id_1:state from stat group checkpoint
Missing stat:  vb_0:id_1:type from stat group checkpoint
Missing stat:  vb_0:id_1:visible_snap_end from stat group checkpoint
Missing stat:  vb_0:mem_usage from stat group checkpoint
Missing stat:  vb_0:id_1:key_index_allocator_bytes from stat group checkpoint 0
Missing stat:  vb_0:id_1:key_index_key_allocator_bytes from stat group checkpoint 0
Missing stat:  vb_0:id_1:mem_usage_key_index_overhead from stat group checkpoint 0
Missing stat:  vb_0:id_1:mem_usage_queue_overhead from stat group checkpoint 0
Missing stat:  vb_0:id_1:mem_usage_queued_items from stat group checkpoint 0
Missing stat:  vb_0:id_1:queue_allocator_bytes from stat group checkpoint 0
Missing stat:  vb_0:id_1:snap_end from stat group checkpoint 0
Missing stat:  vb_0:id_1:snap_start from stat group checkpoint 0
Missing stat:  vb_0:id_1:state from stat group checkpoint 0
Missing stat:  vb_0:id_1:type from stat group checkpoint 0
Missing stat:  vb_0:id_1:visible_snap_end from stat group checkpoint 0
Missing stat:  vb_0:mem_usage from stat group checkpoint 0
..\kv_engine\engines\ep\tests\ep_testsuite.cc:7852 Test failed: `stats error" (missing stats)
(385 ms) FAIL
</pre>
 ( http://cv.jenkins.couchbase.com/job/kv_engine-windows-master/45750/ )

http://cv.jenkins.couchbase.com/job/kv_engine.ASan-UBSan/job/master/27296/ : FAILURE

Failure of an engine_testapp test:

<pre>
Running [0/5]: checkpoint: create a new checkpoint...WARNING: Logging before InitGoogleLogging() is written to STDERR
[2022-04-27T18:07:56.242Z] W0427 17:58:15.220244 104360 HazptrDomain.h:670] Using the default inline executor for asynchronous reclamation may be susceptible to deadlock if the current thread happens to hold a resource needed by the deleter of a reclaimable object
[2022-04-27T18:07:56.242Z] /usr/bin/timeout: the monitored command dumped core
[2022-04-27T18:07:56.242Z] 
[2022-04-27T18:07:56.242Z] 
[2022-04-27T18:07:56.242Z] 93% tests passed, 29 tests failed out of 429
[2022-04-27T18:07:56.242Z] 
[2022-04-27T18:07:56.242Z] Total Test time (real) = 4446.99 sec
[2022-04-27T18:07:56.242Z] 
[2022-04-27T18:07:56.242Z] The following tests FAIL
</pre>
 ( http://cv.jenkins.couchbase.com/job/kv_engine.ASan-UBSan/job/master/27296/ )

One of more core files found at the end of the build. Data for post-mortem saved to archived_core_dumps.tar.bz2 under "Build Artifacts". ( http://cv.jenkins.couchbase.com/job/kv_engine.ASan-UBSan/job/master/27296/ )

Test exceeded the timeout:
[2022-04-27T17:14:18.316Z] /usr/bin/timeout: the monitored command dumped core ( http://cv.jenkins.couchbase.com/job/kv_engine.ASan-UBSan/job/master/27296/ )

Timeout of a CTest test [2022-04-27T17:43:19.237Z] 110/429 Test #312: ep_perfsuite.value_eviction .............................................................................} ( http://cv.jenkins.couchbase.com/job/kv_engine.ASan-UBSan/job/master/27296/ )

http://cv.jenkins.couchbase.com/job/kv_engine.macos/job/master/18020/ : FAILURE

Failure of an engine_testapp test:

<pre>
Running [0/5]: checkpoint: create a new checkpoint...WARNING: Logging before InitGoogleLogging() is written to STDERR
[2022-04-27T17:02:58.969Z] W0427 10:02:28.236272 180903936 HazptrDomain.h:670] Using the default inline executor for asynchronous reclamation may be susceptible to deadlock if the current thread happens to hold a resource needed by the deleter of a reclaimable object
[2022-04-27T17:02:58.969Z] 
[2022-04-27T17:02:58.969Z] 
[2022-04-27T17:02:58.969Z] 93% tests passed, 33 tests failed out of 447
[2022-04-27T17:02:58.969Z] 
[2022-04-27T17:02:58.969Z] Total Test time (real) = 3717.85 sec
[2022-04-27T17:02:58.969Z] 
[2022-04-27T17:02:58.969Z] The following tests FAIL
</pre>
 ( http://cv.jenkins.couchbase.com/job/kv_engine.macos/job/master/18020/ )

Timeout of a CTest test [2022-04-27T16:48:58.911Z] 119/447 Test #331: ep_perfsuite.value_eviction .............................................................................} ( http://cv.jenkins.couchbase.com/job/kv_engine.macos/job/master/18020/ )

http://cv.jenkins.couchbase.com/job/kv_engine.aarch64-linux/job/master/6844/ : FAILURE

Failure of an engine_testapp test:

<pre>
Running [11/18]: Baseline Stat latency...WARNING: Logging before InitGoogleLogging() is written to STDERR
[2022-04-27T17:04:33.254Z] W0427 09:41:51.183537 17316 HazptrDomain.h:670] Using the default inline executor for asynchronous reclamation may be susceptible to deadlock if the current thread happens to hold a resource needed by the deleter of a reclaimable object
[2022-04-27T17:04:33.254Z] 
[2022-04-27T17:04:33.254Z] 
[2022-04-27T17:04:33.254Z] 93% tests passed, 31 tests failed out of 448
[2022-04-27T17:04:33.254Z] 
[2022-04-27T17:04:33.254Z] Total Test time (real) = 3825.04 sec
[2022-04-27T17:04:33.254Z] 
[2022-04-27T17:04:33.254Z] The following tests FAIL
</pre>
 ( http://cv.jenkins.couchbase.com/job/kv_engine.aarch64-linux/job/master/6844/ )

Test exceeded the timeout:
[2022-04-27T16:07:59.841Z] /usr/bin/timeout: the monitored command dumped core ( http://cv.jenkins.couchbase.com/job/kv_engine.aarch64-linux/job/master/6844/ )

Timeout of a CTest test [2022-04-27T17:04:33.252Z] 447/448 Test #331: ep_perfsuite.value_eviction .............................................................................} ( http://cv.jenkins.couchbase.com/job/kv_engine.aarch64-linux/job/master/6844/ )

http://cv.jenkins.couchbase.com/job/kv_engine.libFuzzer/job/master/6751/ : FAILURE

The warnings threshold for this job was exceeded - <a href="warningsResult">6 warnings</a> found. ( http://cv.jenkins.couchbase.com/job/kv_engine.libFuzzer/job/master/6751/ )

http://cv.jenkins.couchbase.com/job/kv_engine.linux-CE/job/master/18880/ : FAILURE

Failure of GoogleTest "EphemeralOrPersistent/STItemPagerTest.ReplicaEvictedBeforeActive/persistent_couchstore_full_eviction":

<pre>
[ RUN      ] EphemeralOrPersistent/STItemPagerTest.ReplicaEvictedBeforeActive/persistent_couchstore_full_eviction
[2022-04-27T16:36:33.740Z] ../kv_engine/engines/ep/tests/module_tests/item_pager_test.cc:1225: Failure
[2022-04-27T16:36:33.740Z] Expected equality of these values:
[2022-04-27T16:36:33.740Z]   100
[2022-04-27T16:36:33.740Z]   getRRPercent(*store->getVBucket(vbid))
[2022-04-27T16:36:33.740Z]     Which is: 95
[2022-04-27T16:36:33.740Z] vb:0 not fully resident after eviction
[2022-04-27T16:36:33.740Z] ../kv_engine/engines/ep/tests/module_tests/item_pager_test.cc:1225: Failure
[2022-04-27T16:36:33.740Z] Expected equality of these values:
[2022-04-27T16:36:33.740Z]   100
[2022-04-27T16:36:33.740Z]   getRRPercent(*store->getVBucket(vbid))
[2022-04-27T16:36:33.740Z]     Which is: 97
[2022-04-27T16:36:33.740Z] vb:1 not fully resident after eviction
[2022-04-27T16:36:33.740Z] [  FAILED  ] EphemeralOrPersistent/STItemPagerTest.ReplicaEvictedBeforeActive/persistent_couchstore_full_eviction, where GetParam() = "bucket_type=persistent:backend=couchstore:item_eviction_policy=full_eviction" (471 ms)
EphemeralOrPersistent/STItemPagerTest.ReplicaEvictedBeforeActive/persistent_couchstore_full_eviction
</pre>
 ( http://cv.jenkins.couchbase.com/job/kv_engine.linux-CE/job/master/18880/ )

Failure of an engine_testapp test:

<pre>
Running [11/18]: Baseline Stat latency...WARNING: Logging before InitGoogleLogging() is written to STDERR
[2022-04-27T17:09:21.849Z] W0427 16:46:44.358032 10243 HazptrDomain.h:670] Using the default inline executor for asynchronous reclamation may be susceptible to deadlock if the current thread happens to hold a resource needed by the deleter of a reclaimable object
[2022-04-27T17:09:21.849Z] 
[2022-04-27T17:09:21.849Z] 
[2022-04-27T17:09:21.849Z] 94% tests passed, 26 tests failed out of 427
[2022-04-27T17:09:21.849Z] 
[2022-04-27T17:09:21.849Z] Total Test time (real) = 1982.10 sec
[2022-04-27T17:09:21.849Z] 
[2022-04-27T17:09:21.849Z] The following tests FAIL
</pre>
 ( http://cv.jenkins.couchbase.com/job/kv_engine.linux-CE/job/master/18880/ )

One of more core files found at the end of the build. Data for post-mortem saved to archived_core_dumps.tar.bz2 under "Build Artifacts". ( http://cv.jenkins.couchbase.com/job/kv_engine.linux-CE/job/master/18880/ )

Test exceeded the timeout:
[2022-04-27T16:40:17.522Z] /usr/bin/timeout: the monitored command dumped core ( http://cv.jenkins.couchbase.com/job/kv_engine.linux-CE/job/master/18880/ )

Timeout of a CTest test [2022-04-27T17:06:58.727Z] 426/427 Test #311: ep_perfsuite.value_eviction .............................................................................} ( http://cv.jenkins.couchbase.com/job/kv_engine.linux-CE/job/master/18880/ )

http://cv.jenkins.couchbase.com/job/kv_engine.linux/job/master/19224/ : FAILURE

Failure of an engine_testapp test:

<pre>
Running [11/18]: Baseline Stat latency...WARNING: Logging before InitGoogleLogging() is written to STDERR
[2022-04-27T17:16:41.461Z] W0427 16:54:11.491760 82556 HazptrDomain.h:670] Using the default inline executor for asynchronous reclamation may be susceptible to deadlock if the current thread happens to hold a resource needed by the deleter of a reclaimable object
[2022-04-27T17:16:41.461Z] 
[2022-04-27T17:16:41.461Z] 
[2022-04-27T17:16:41.461Z] 93% tests passed, 32 tests failed out of 447
[2022-04-27T17:16:41.461Z] 
[2022-04-27T17:16:41.461Z] Total Test time (real) = 2114.92 sec
[2022-04-27T17:16:41.461Z] 
[2022-04-27T17:16:41.461Z] The following tests FAIL
</pre>
 ( http://cv.jenkins.couchbase.com/job/kv_engine.linux/job/master/19224/ )

One of more core files found at the end of the build. Data for post-mortem saved to archived_core_dumps.tar.bz2 under "Build Artifacts". ( http://cv.jenkins.couchbase.com/job/kv_engine.linux/job/master/19224/ )

Test exceeded the timeout:
[2022-04-27T16:45:31.408Z] /usr/bin/timeout: the monitored command dumped core ( http://cv.jenkins.couchbase.com/job/kv_engine.linux/job/master/19224/ )

Timeout of a CTest test [2022-04-27T17:16:14.910Z] 446/447 Test #331: ep_perfsuite.value_eviction .............................................................................} ( http://cv.jenkins.couchbase.com/job/kv_engine.linux/job/master/19224/ )

http://cv.jenkins.couchbase.com/job/kv_engine.threadsanitizer/job/master/19922/ : FAILURE

Failure of an engine_testapp test:

<pre>
Running [0/5]: checkpoint: create a new checkpoint...WARNING: Logging before InitGoogleLogging() is written to STDERR
[2022-04-27T17:52:59.567Z] W0427 17:43:31.995730 96078 HazptrDomain.h:670] Using the default inline executor for asynchronous reclamation may be susceptible to deadlock if the current thread happens to hold a resource needed by the deleter of a reclaimable object
[2022-04-27T17:52:59.567Z] 
[2022-04-27T17:52:59.567Z] 
[2022-04-27T17:52:59.567Z] 94% tests passed, 27 tests failed out of 421
[2022-04-27T17:52:59.567Z] 
[2022-04-27T17:52:59.567Z] Total Test time (real) = 4630.92 sec
[2022-04-27T17:52:59.567Z] 
[2022-04-27T17:52:59.567Z] The following tests FAIL
</pre>
 ( http://cv.jenkins.couchbase.com/job/kv_engine.threadsanitizer/job/master/19922/ )

Timeout of a CTest test [2022-04-27T17:00:54.907Z]  15/421 Test #304: ep_perfsuite.value_eviction .............................................................................} ( http://cv.jenkins.couchbase.com/job/kv_engine.threadsanitizer/job/master/19922/ )

ThreadSanitizer issue: data race (/opt/gcc-10.2.0/lib64/libtsan.so.0+0x87578) in operator delete(void*, unsigned long)  ( http://cv.jenkins.couchbase.com/job/kv_engine.threadsanitizer/job/master/19922/ )

http://cv.jenkins.couchbase.com/job/kv_engine-clang_analyzer-master/38428/ : SUCCESS

http://cv.jenkins.couchbase.com/job/kv_engine-clang_tidy-master/17108/ : SUCCESS

http://cv.jenkins.couchbase.com/job/kv_engine-clang_format_9/16076/ : SUCCESS
----------------------------------------------------------------------------------------------------------------------
