======================================================================================================================
DESCRIPTION:

MB-48096: Optimise markLegacyDiskSnapshot() to reduce scanning time

Make to optimizations to
DCPBackfillBySeqnoDisk::markLegacyDiskSnapshot(), to reduce the amount
of time to spend scanning the data store to find the max visible seqno
of the default collection. The first being to not backfill if there are
no visible items in the default collection. The secondly we'll perform
the scan from the persistedCompletedSeqno as we have to complete
sync-writes in order so all prepares will have been completed before
this value. Also we know at this point of the method that the high seqno
of the collection is a prepare. Also cap the lower of the
maxVisibleSeqno or the high seqno of the collection.

Change-Id: Ica85820d4716fb94eee43217c0e620d383cc33fa

======================================================================================================================
COMMENTS
======================================================================================================================
Author: Richard de Mellow
Date: 2021-09-24 13:59:52.000000000
Message: 
Uploaded patch set 1.
----------------------------------------------------------------------------------------------------------------------
Author: Build Bot
Date: 2021-09-24 14:40:55.000000000
Message: 
Patch Set 1: Verified-1

Build Failed 

http://cv.jenkins.couchbase.com/job/kv_engine-windows-master/40395/ : FAILURE

Failure of an engine_testapp test:

<pre>
Running [0026/0044]: test set meta lww conflict resolution...(23 ms) OK

        Start 407: testapp_auth_provider_test
404/410 Test #407: testapp_auth_provider_test ....................................................................................................   Passed    0.08 sec
        Start 408: cluster_test
405/410 Test #403: memcached_testapp.ep.TransportProtocols/ArithmeticTest ........................................................................   Passed    3.56 sec
        Start 409: memcached_unsigned_leb128_test
406/410 Test #409: memcached_unsigned_leb128_test ................................................................................................   Passed    0.05 sec
        Start 410: memcached-hostutils-test
407/410 Test #410: memcached-hostutils-test ......................................................................................................   Passed    0.07 sec
408/410 Test #406: memcached_testapp.ep.TransportProtocols/BucketTest ............................................................................   Passed    5.39 sec
409/410 Test #408: cluster_test ..................................................................................................................   Passed   11.74 sec
410/410 Test #405: memcached_testapp.ep.TransportProtocols/AuditTest .............................................................................   Passed   13.94 sec

99% tests passed, 1 tests failed out of 410

Total Test time (real) = 1000.55 sec

The following tests FAIL
</pre>
 ( http://cv.jenkins.couchbase.com/job/kv_engine-windows-master/40395/ )

Timeout of a CTest test 403/410 Test #295: ep_testsuite_xdcr.ephemeral.comp_passive ......................................................................................} ( http://cv.jenkins.couchbase.com/job/kv_engine-windows-master/40395/ )

http://cv.jenkins.couchbase.com/job/kv_engine-clang_analyzer-master/34381/ : SUCCESS

http://cv.jenkins.couchbase.com/job/kv_engine-clang_tidy-master/12830/ : SUCCESS

http://cv.jenkins.couchbase.com/job/kv_engine-clang_format_9/11620/ : SUCCESS

http://cv.jenkins.couchbase.com/job/kv_engine.macos/job/master/13586/ : SUCCESS

http://cv.jenkins.couchbase.com/job/kv_engine.linux/job/master/14701/ : SUCCESS

http://cv.jenkins.couchbase.com/job/kv_engine.ASan-UBSan/job/master/22712/ : SUCCESS

http://cv.jenkins.couchbase.com/job/kv_engine.aarch64-linux/job/master/2498/ : SUCCESS

http://cv.jenkins.couchbase.com/job/kv_engine.libFuzzer/job/master/2464/ : SUCCESS

http://cv.jenkins.couchbase.com/job/kv_engine.linux-CE/job/master/14440/ : SUCCESS

http://cv.jenkins.couchbase.com/job/kv_engine.threadsanitizer/job/master/15228/ : SUCCESS
----------------------------------------------------------------------------------------------------------------------
Author: Build Bot
Date: 2021-09-24 15:39:19.000000000
Message: 
Patch Set 1: Verified+1

Build Successful 

http://cv.jenkins.couchbase.com/job/kv_engine-clang_analyzer-master/34381/ : SUCCESS

http://cv.jenkins.couchbase.com/job/kv_engine-clang_tidy-master/12830/ : SUCCESS

http://cv.jenkins.couchbase.com/job/kv_engine-clang_format_9/11620/ : SUCCESS

http://cv.jenkins.couchbase.com/job/kv_engine.macos/job/master/13586/ : SUCCESS

http://cv.jenkins.couchbase.com/job/kv_engine.linux/job/master/14701/ : SUCCESS

http://cv.jenkins.couchbase.com/job/kv_engine.ASan-UBSan/job/master/22712/ : SUCCESS

http://cv.jenkins.couchbase.com/job/kv_engine.aarch64-linux/job/master/2498/ : SUCCESS

http://cv.jenkins.couchbase.com/job/kv_engine.libFuzzer/job/master/2464/ : SUCCESS

http://cv.jenkins.couchbase.com/job/kv_engine.linux-CE/job/master/14440/ : SUCCESS

http://cv.jenkins.couchbase.com/job/kv_engine.threadsanitizer/job/master/15228/ : SUCCESS

http://cv.jenkins.couchbase.com/job/kv_engine-windows-master/40402/ : SUCCESS
----------------------------------------------------------------------------------------------------------------------
Author: Paolo Cocchi
Date: 2021-09-27 06:56:32.000000000
Message: 
Patch Set 1:

(1 comment)
Line:18, /COMMIT_MSG -> While the change size is small, it feels like we are making multiple logical changes in this patch, so you might consider to split in multiple patches and restrict the scope of each.

----------------------------------------------------------------------------------------------------------------------
Author: Richard de Mellow
Date: 2021-09-27 14:54:00.000000000
MISMATCHED INLINE COMMENT
Line:18, /COMMIT_MSG -> Done
----------------------------------------------------------------------------------------------------------------------
