======================================================================================================================
DESCRIPTION:

Pass shardId around in replaceRWKVStoreWithMock correctly

Currently we just modify shard 0 rather than the specified shardId

Change-Id: If40ff649526e72f04d388ae6bead7cfc94562a77

======================================================================================================================
COMMENTS
======================================================================================================================
Author: Ben Huddleston
Date: 2022-01-21 08:19:00.000000000
Message: 
Uploaded patch set 2: Patch Set 1 was rebased.
----------------------------------------------------------------------------------------------------------------------
Author: Build Bot
Date: 2022-01-21 08:53:05.000000000
Message: 
Patch Set 2: Verified-1

Build Failed 

http://cv.jenkins.couchbase.com/job/kv_engine-windows-master/43055/ : FAILURE

Failure of GoogleTest "EphemeralOrPersistent/STItemPagerTest.MB43055_MemUsedDropDoesNotBreakEviction/persistent_magma_full_eviction":

<pre>
[ RUN      ] EphemeralOrPersistent/STItemPagerTest.MB43055_MemUsedDropDoesNotBreakEviction/persistent_magma_full_eviction
..\kv_engine\engines\ep\tests\module_tests\item_pager_test.cc(1943): error: Expected: (stats.getEstimatedTotalMemoryUsed()) < (stats.mem_low_wat.load()), actual: 2126416 vs 1670648
[  FAILED  ] EphemeralOrPersistent/STItemPagerTest.MB43055_MemUsedDropDoesNotBreakEviction/persistent_magma_full_eviction, where GetParam() = ("persistent_magma", "full_eviction") (16961 ms)
EphemeralOrPersistent/STItemPagerTest.MB43055_MemUsedDropDoesNotBreakEviction/persistent_magma_full_eviction
</pre>
 ( http://cv.jenkins.couchbase.com/job/kv_engine-windows-master/43055/ )

http://cv.jenkins.couchbase.com/job/kv_engine-clang_format_9/13833/ : SUCCESS

http://cv.jenkins.couchbase.com/job/kv_engine-clang_tidy-master/14988/ : SUCCESS

http://cv.jenkins.couchbase.com/job/kv_engine-clang_analyzer-master/36444/ : SUCCESS

http://cv.jenkins.couchbase.com/job/kv_engine.aarch64-linux/job/master/4691/ : SUCCESS

http://cv.jenkins.couchbase.com/job/kv_engine.macos/job/master/15799/ : SUCCESS

http://cv.jenkins.couchbase.com/job/kv_engine.linux-CE/job/master/16663/ : SUCCESS

http://cv.jenkins.couchbase.com/job/kv_engine.libFuzzer/job/master/4633/ : SUCCESS

http://cv.jenkins.couchbase.com/job/kv_engine.linux/job/master/16971/ : SUCCESS

http://cv.jenkins.couchbase.com/job/kv_engine.threadsanitizer/job/master/17745/ : SUCCESS

http://cv.jenkins.couchbase.com/job/kv_engine.ASan-UBSan/job/master/25079/ : SUCCESS
----------------------------------------------------------------------------------------------------------------------
Author: Build Bot
Date: 2022-01-21 10:44:11.000000000
Message: 
Patch Set 2:

Build Failed 

http://cv.jenkins.couchbase.com/job/kv_engine-windows-master/43067/ : FAILURE

Failure of an engine_testapp test:

<pre>
Running [0027/0047]: test locked touch...(222 ms) OK

        Start 394: memcached_testapp.ep.TransportProtocols/RbacTest
391/419 Test #387: memcached_testapp.ep.TransportProtocols/SaslTest ..............................................................................   Passed   11.07 sec
        Start 395: memcached_testapp.ep.TransportProtocols/RbacRoleTest
392/419 Test #394: memcached_testapp.ep.TransportProtocols/RbacTest ..............................................................................   Passed    1.23 sec
        Start 396: memcached_testapp.ep.TransportProtocols/RegressionTest
393/419 Test #395: memcached_testapp.ep.TransportProtocols/RbacRoleTest ..........................................................................   Passed    1.09 sec
        Start 397: memcached_testapp.ep.TransportProtocols/ErrmapTest
394/419 Test #396: memcached_testapp.ep.TransportProtocols/RegressionTest ........................................................................   Passed    1.48 sec
        Start 398: memcached_testapp.ep.TransportProtocols/ExternalAuthTest
395/419 Test #397: memcached_testapp.ep.TransportProtocols/ErrmapTest ............................................................................   Passed    0.90 sec
        Start 399: memcached_testapp.ep.TransportProtocols/FlushTest
396/419 Test #393: memcached_testapp.ep.CleanOrUnclean/PersistToTest .............................................................................   Passed    7.99 sec
        Start 400: memcached_testapp.ep.TransportProtocols/GetSetTest
397/419 Test #399: memcached_testapp.ep.TransportProtocols/FlushTest .............................................................................   Passed    0.79 sec
        Start 401: memcached_testapp.ep.TransportProtocols/InterfacesTest
398/419 Test #379: memcached_testapp.ep.SDPerf/SubdocPerfTest ....................................................................................   Passed   21.87 sec
        Start 402: memcached_testapp.ep.TransportProtocols/IoctlTest
399/419 Test #402: memcached_testapp.ep.TransportProtocols/IoctlTest .............................................................................   Passed    0.73 sec
        Start 403: memcached_testapp.ep.TransportProtocols/IPv6Test
400/419 Test #400: memcached_testapp.ep.TransportProtocols/GetSetTest ............................................................................   Passed    3.27 sec
        Start 404: memcached_testapp.ep.TransportProtocols/ClusterConfigTest
401/419 Test #403: memcached_testapp.ep.TransportProtocols/IPv6Test ..............................................................................   Passed    0.77 sec
        Start 405: memcached_testapp.ep.TransportProtocols/CmdTimerTest
402/419 Test #405: memcached_testapp.ep.TransportProtocols/CmdTimerTest ..........................................................................   Passed    0.88 sec
        Start 406: memcached_testapp.ep.TransportProtocols/CollectionsTest
403/419 Test #401: memcached_testapp.ep.TransportProtocols/InterfacesTest ........................................................................   Passed    4.75 sec
        Start 407: memcached_testapp.ep.TransportProtocols/DcpTest
404/419 Test #406: memcached_testapp.ep.TransportProtocols/CollectionsTest .......................................................................   Passed    0.85 sec
        Start 408: memcached_testapp.ep.TransportProtocols/DcpConsumerBufferAckTest
405/419 Test #407: memcached_testapp.ep.TransportProtocols/DcpTest ...............................................................................   Passed    0.83 sec
        Start 409: memcached_testapp.ep.Transport/DeprecatedCommandsTests
406/419 Test #398: memcached_testapp.ep.TransportProtocols/ExternalAuthTest ......................................................................   Passed    6.84 sec
        Start 410: memcached_testapp.ep.TransportProtocols/DurabilityTest
407/419 Test #410: memcached_testapp.ep.TransportProtocols/DurabilityTest ........................................................................   Passed    0.80 sec
        Start 411: memcached_testapp.ep.TransportProtocols/SubdocDurabilityTest
408/419 Test #408: memcached_testapp.ep.TransportProtocols/DcpConsumerBufferAckTest ..............................................................   Passed    1.86 sec
        Start 412: memcached_testapp.ep.TransportProtocols/ArithmeticTest
409/419 Test #404: memcached_testapp.ep.TransportProtocols/ClusterConfigTest .....................................................................   Passed    4.18 sec
        Start 413: memcached_testapp.ep.TransportProtocols/ArithmeticXattrOnTest
410/419 Test #409: memcached_testapp.ep.Transport/DeprecatedCommandsTests ........................................................................   Passed    1.61 sec
        Start 414: memcached_testapp.ep.TransportProtocols/AuditTest
411/419 Test #411: memcached_testapp.ep.TransportProtocols/SubdocDurabilityTest ..................................................................   Passed    0.85 sec
        Start 415: memcached_testapp.ep.TransportProtocols/BucketTest
412/419 Test #413: memcached_testapp.ep.TransportProtocols/ArithmeticXattrOnTest .................................................................   Passed    1.01 sec
        Start 416: testapp_auth_provider_test
413/419 Test #416: testapp_auth_provider_test ....................................................................................................   Passed    0.09 sec
        Start 417: cluster_test
414/419 Test #412: memcached_testapp.ep.TransportProtocols/ArithmeticTest ........................................................................   Passed    2.94 sec
        Start 418: memcached_unsigned_leb128_test
415/419 Test #418: memcached_unsigned_leb128_test ................................................................................................   Passed    0.12 sec
        Start 419: memcached-hostutils-test
416/419 Test #419: memcached-hostutils-test ......................................................................................................   Passed    0.19 sec
417/419 Test #415: memcached_testapp.ep.TransportProtocols/BucketTest ............................................................................   Passed    6.94 sec
418/419 Test #417: cluster_test ..................................................................................................................   Passed    6.83 sec
419/419 Test #414: memcached_testapp.ep.TransportProtocols/AuditTest .............................................................................   Passed   13.67 sec

99% tests passed, 1 tests failed out of 419

Total Test time (real) = 857.00 sec

The following tests FAIL
</pre>
 ( http://cv.jenkins.couchbase.com/job/kv_engine-windows-master/43067/ )

Timeout of a CTest test 390/419 Test #283: ep_testsuite_basic.full_eviction.magma ........................................................................................} ( http://cv.jenkins.couchbase.com/job/kv_engine-windows-master/43067/ )

http://cv.jenkins.couchbase.com/job/kv_engine-clang_format_9/13833/ : SUCCESS

http://cv.jenkins.couchbase.com/job/kv_engine-clang_tidy-master/14988/ : SUCCESS

http://cv.jenkins.couchbase.com/job/kv_engine-clang_analyzer-master/36444/ : SUCCESS

http://cv.jenkins.couchbase.com/job/kv_engine.aarch64-linux/job/master/4691/ : SUCCESS

http://cv.jenkins.couchbase.com/job/kv_engine.macos/job/master/15799/ : SUCCESS

http://cv.jenkins.couchbase.com/job/kv_engine.linux-CE/job/master/16663/ : SUCCESS

http://cv.jenkins.couchbase.com/job/kv_engine.libFuzzer/job/master/4633/ : SUCCESS

http://cv.jenkins.couchbase.com/job/kv_engine.linux/job/master/16971/ : SUCCESS

http://cv.jenkins.couchbase.com/job/kv_engine.threadsanitizer/job/master/17745/ : SUCCESS

http://cv.jenkins.couchbase.com/job/kv_engine.ASan-UBSan/job/master/25079/ : SUCCESS
----------------------------------------------------------------------------------------------------------------------
Author: Build Bot
Date: 2022-01-21 11:09:18.000000000
Message: 
Patch Set 2:

Build Failed 

http://cv.jenkins.couchbase.com/job/kv_engine-windows-master/43072/ : FAILURE

Failure of GoogleTest "EphemeralOrPersistent/STItemPagerTest.MB43055_MemUsedDropDoesNotBreakEviction/persistent_magma_value_only":

<pre>
[ RUN      ] EphemeralOrPersistent/STItemPagerTest.MB43055_MemUsedDropDoesNotBreakEviction/persistent_magma_value_only
..\kv_engine\engines\ep\tests\module_tests\item_pager_test.cc(1943): error: Expected: (stats.getEstimatedTotalMemoryUsed()) < (stats.mem_low_wat.load()), actual: 2106120 vs 1670648
[  FAILED  ] EphemeralOrPersistent/STItemPagerTest.MB43055_MemUsedDropDoesNotBreakEviction/persistent_magma_value_only, where GetParam() = ("persistent_magma", "value_only") (18252 ms)
EphemeralOrPersistent/STItemPagerTest.MB43055_MemUsedDropDoesNotBreakEviction/persistent_magma_value_only
</pre>
 ( http://cv.jenkins.couchbase.com/job/kv_engine-windows-master/43072/ )

http://cv.jenkins.couchbase.com/job/kv_engine-clang_format_9/13833/ : SUCCESS

http://cv.jenkins.couchbase.com/job/kv_engine-clang_tidy-master/14988/ : SUCCESS

http://cv.jenkins.couchbase.com/job/kv_engine-clang_analyzer-master/36444/ : SUCCESS

http://cv.jenkins.couchbase.com/job/kv_engine.aarch64-linux/job/master/4691/ : SUCCESS

http://cv.jenkins.couchbase.com/job/kv_engine.macos/job/master/15799/ : SUCCESS

http://cv.jenkins.couchbase.com/job/kv_engine.linux-CE/job/master/16663/ : SUCCESS

http://cv.jenkins.couchbase.com/job/kv_engine.libFuzzer/job/master/4633/ : SUCCESS

http://cv.jenkins.couchbase.com/job/kv_engine.linux/job/master/16971/ : SUCCESS

http://cv.jenkins.couchbase.com/job/kv_engine.threadsanitizer/job/master/17745/ : SUCCESS

http://cv.jenkins.couchbase.com/job/kv_engine.ASan-UBSan/job/master/25079/ : SUCCESS
----------------------------------------------------------------------------------------------------------------------
Author: Build Bot
Date: 2022-01-21 11:42:10.000000000
Message: 
Patch Set 2:

Build Failed 

http://cv.jenkins.couchbase.com/job/kv_engine-windows-master/43081/ : FAILURE

Failure of an engine_testapp test:

<pre>
Running [0021/0093]: test producer stream request (full merged snapshots)...(176 ms) OK


99% tests passed, 2 tests failed out of 419

Total Test time (real) = 341.93 sec

The following tests FAIL
</pre>
 ( http://cv.jenkins.couchbase.com/job/kv_engine-windows-master/43081/ )

Failure of GoogleTest "EphemeralOrPersistent/STItemPagerTest.MB43055_MemUsedDropDoesNotBreakEviction/persistent_magma_value_only":

<pre>
[ RUN      ] EphemeralOrPersistent/STItemPagerTest.MB43055_MemUsedDropDoesNotBreakEviction/persistent_magma_value_only
..\kv_engine\engines\ep\tests\module_tests\item_pager_test.cc(1943): error: Expected: (stats.getEstimatedTotalMemoryUsed()) < (stats.mem_low_wat.load()), actual: 2130600 vs 1670648
[  FAILED  ] EphemeralOrPersistent/STItemPagerTest.MB43055_MemUsedDropDoesNotBreakEviction/persistent_magma_value_only, where GetParam() = ("persistent_magma", "value_only") (14421 ms)
EphemeralOrPersistent/STItemPagerTest.MB43055_MemUsedDropDoesNotBreakEviction/persistent_magma_value_only
</pre>
 ( http://cv.jenkins.couchbase.com/job/kv_engine-windows-master/43081/ )

Timeout of a CTest test 419/419 Test #284: ep_testsuite_dcp.value_eviction.comp_passive ..................................................................................} ( http://cv.jenkins.couchbase.com/job/kv_engine-windows-master/43081/ )

http://cv.jenkins.couchbase.com/job/kv_engine-clang_format_9/13833/ : SUCCESS

http://cv.jenkins.couchbase.com/job/kv_engine-clang_tidy-master/14988/ : SUCCESS

http://cv.jenkins.couchbase.com/job/kv_engine-clang_analyzer-master/36444/ : SUCCESS

http://cv.jenkins.couchbase.com/job/kv_engine.aarch64-linux/job/master/4691/ : SUCCESS

http://cv.jenkins.couchbase.com/job/kv_engine.macos/job/master/15799/ : SUCCESS

http://cv.jenkins.couchbase.com/job/kv_engine.linux-CE/job/master/16663/ : SUCCESS

http://cv.jenkins.couchbase.com/job/kv_engine.libFuzzer/job/master/4633/ : SUCCESS

http://cv.jenkins.couchbase.com/job/kv_engine.linux/job/master/16971/ : SUCCESS

http://cv.jenkins.couchbase.com/job/kv_engine.threadsanitizer/job/master/17745/ : SUCCESS

http://cv.jenkins.couchbase.com/job/kv_engine.ASan-UBSan/job/master/25079/ : SUCCESS
----------------------------------------------------------------------------------------------------------------------
Author: Build Bot
Date: 2022-01-21 13:06:10.000000000
Message: 
Patch Set 2:

Build Failed 

http://cv.jenkins.couchbase.com/job/kv_engine-windows-master/43090/ : FAILURE

Failure of an engine_testapp test:

<pre>
Running [0000/0159]: expiry pager settings.....\kv_engine\engines\ep\tests\ep_testsuite.cc:689 Test failed: `" (Expected `0", got `-1" - Updated time incorrect, expect: 03:00, actual: 02:59)
(7388 ms) FAIL
</pre>
 ( http://cv.jenkins.couchbase.com/job/kv_engine-windows-master/43090/ )

Timeout of a CTest test 325/419 Test #284: ep_testsuite_dcp.value_eviction.comp_passive ..................................................................................} ( http://cv.jenkins.couchbase.com/job/kv_engine-windows-master/43090/ )

http://cv.jenkins.couchbase.com/job/kv_engine-clang_format_9/13833/ : SUCCESS

http://cv.jenkins.couchbase.com/job/kv_engine-clang_tidy-master/14988/ : SUCCESS

http://cv.jenkins.couchbase.com/job/kv_engine-clang_analyzer-master/36444/ : SUCCESS

http://cv.jenkins.couchbase.com/job/kv_engine.aarch64-linux/job/master/4691/ : SUCCESS

http://cv.jenkins.couchbase.com/job/kv_engine.macos/job/master/15799/ : SUCCESS

http://cv.jenkins.couchbase.com/job/kv_engine.linux-CE/job/master/16663/ : SUCCESS

http://cv.jenkins.couchbase.com/job/kv_engine.libFuzzer/job/master/4633/ : SUCCESS

http://cv.jenkins.couchbase.com/job/kv_engine.linux/job/master/16971/ : SUCCESS

http://cv.jenkins.couchbase.com/job/kv_engine.threadsanitizer/job/master/17745/ : SUCCESS

http://cv.jenkins.couchbase.com/job/kv_engine.ASan-UBSan/job/master/25079/ : SUCCESS
----------------------------------------------------------------------------------------------------------------------
Author: Build Bot
Date: 2022-01-21 13:59:16.000000000
Message: 
Patch Set 2:

Build Failed 

http://cv.jenkins.couchbase.com/job/kv_engine-windows-master/43102/ : FAILURE

Failure of GoogleTest "EphemeralOrPersistent/STItemPagerTest.MB43055_MemUsedDropDoesNotBreakEviction/persistent_magma_full_eviction":

<pre>
[ RUN      ] EphemeralOrPersistent/STItemPagerTest.MB43055_MemUsedDropDoesNotBreakEviction/persistent_magma_full_eviction
..\kv_engine\engines\ep\tests\module_tests\item_pager_test.cc(1943): error: Expected: (stats.getEstimatedTotalMemoryUsed()) < (stats.mem_low_wat.load()), actual: 2129824 vs 1670636
[  FAILED  ] EphemeralOrPersistent/STItemPagerTest.MB43055_MemUsedDropDoesNotBreakEviction/persistent_magma_full_eviction, where GetParam() = ("persistent_magma", "full_eviction") (15391 ms)
EphemeralOrPersistent/STItemPagerTest.MB43055_MemUsedDropDoesNotBreakEviction/persistent_magma_full_eviction
</pre>
 ( http://cv.jenkins.couchbase.com/job/kv_engine-windows-master/43102/ )

http://cv.jenkins.couchbase.com/job/kv_engine-clang_format_9/13833/ : SUCCESS

http://cv.jenkins.couchbase.com/job/kv_engine-clang_tidy-master/14988/ : SUCCESS

http://cv.jenkins.couchbase.com/job/kv_engine-clang_analyzer-master/36444/ : SUCCESS

http://cv.jenkins.couchbase.com/job/kv_engine.aarch64-linux/job/master/4691/ : SUCCESS

http://cv.jenkins.couchbase.com/job/kv_engine.macos/job/master/15799/ : SUCCESS

http://cv.jenkins.couchbase.com/job/kv_engine.linux-CE/job/master/16663/ : SUCCESS

http://cv.jenkins.couchbase.com/job/kv_engine.libFuzzer/job/master/4633/ : SUCCESS

http://cv.jenkins.couchbase.com/job/kv_engine.linux/job/master/16971/ : SUCCESS

http://cv.jenkins.couchbase.com/job/kv_engine.threadsanitizer/job/master/17745/ : SUCCESS

http://cv.jenkins.couchbase.com/job/kv_engine.ASan-UBSan/job/master/25079/ : SUCCESS
----------------------------------------------------------------------------------------------------------------------
Author: Build Bot
Date: 2022-01-21 14:38:57.000000000
Message: 
Patch Set 2:

Build Failed 

http://cv.jenkins.couchbase.com/job/kv_engine-windows-master/43107/ : FAILURE

Failure of GoogleTest "CollectionsEphemeralOrPersistent/CollectionsParameterizedTest.manifest_uid_equal_with_differences/persistent_couchstore_full_eviction":

<pre>
[ RUN      ] CollectionsEphemeralOrPersistent/CollectionsParameterizedTest.manifest_uid_equal_with_differences/persistent_couchstore_full_eviction
unknown file: error: C++ exception with description "KVStoreFactory ctor: Specified dbname "ep_engine_ep_unit_tests.db/test.272204" is not a directory" thrown in SetUp().
unknown file: error: SEH exception with code 0xc0000005 thrown in TearDown().
[  FAILED  ] CollectionsEphemeralOrPersistent/CollectionsParameterizedTest.manifest_uid_equal_with_differences/persistent_couchstore_full_eviction, where GetParam() = ("persistent_couchstore", "full_eviction") (16 ms)
CollectionsEphemeralOrPersistent/CollectionsParameterizedTest.manifest_uid_equal_with_differences/persistent_couchstore_full_eviction
</pre>
 ( http://cv.jenkins.couchbase.com/job/kv_engine-windows-master/43107/ )

http://cv.jenkins.couchbase.com/job/kv_engine-clang_format_9/13833/ : SUCCESS

http://cv.jenkins.couchbase.com/job/kv_engine-clang_tidy-master/14988/ : SUCCESS

http://cv.jenkins.couchbase.com/job/kv_engine-clang_analyzer-master/36444/ : SUCCESS

http://cv.jenkins.couchbase.com/job/kv_engine.aarch64-linux/job/master/4691/ : SUCCESS

http://cv.jenkins.couchbase.com/job/kv_engine.macos/job/master/15799/ : SUCCESS

http://cv.jenkins.couchbase.com/job/kv_engine.linux-CE/job/master/16663/ : SUCCESS

http://cv.jenkins.couchbase.com/job/kv_engine.libFuzzer/job/master/4633/ : SUCCESS

http://cv.jenkins.couchbase.com/job/kv_engine.linux/job/master/16971/ : SUCCESS

http://cv.jenkins.couchbase.com/job/kv_engine.threadsanitizer/job/master/17745/ : SUCCESS

http://cv.jenkins.couchbase.com/job/kv_engine.ASan-UBSan/job/master/25079/ : SUCCESS
----------------------------------------------------------------------------------------------------------------------
Author: Build Bot
Date: 2022-01-21 15:29:36.000000000
Message: 
Patch Set 2:

Build Failed 

http://cv.jenkins.couchbase.com/job/kv_engine-windows-master/43115/ : FAILURE

Failure of GoogleTest "StatTest.WarmupStats":

<pre>
[ RUN      ] StatTest.WarmupStats
..\kv_engine\engines\ep\tests\module_tests\stats_test.cc(694): error: Actual function call count doesn"t match EXPECT_CALL(cb, Call("ep_warmup_estimate_time"sv, _, _))...
         Expected: to be called once
           Actual: never called - unsatisfied and active
[  FAILED  ] StatTest.WarmupStats (14 ms)
StatTest.WarmupStats
</pre>
 ( http://cv.jenkins.couchbase.com/job/kv_engine-windows-master/43115/ )

http://cv.jenkins.couchbase.com/job/kv_engine-clang_format_9/13833/ : SUCCESS

http://cv.jenkins.couchbase.com/job/kv_engine-clang_tidy-master/14988/ : SUCCESS

http://cv.jenkins.couchbase.com/job/kv_engine-clang_analyzer-master/36444/ : SUCCESS

http://cv.jenkins.couchbase.com/job/kv_engine.aarch64-linux/job/master/4691/ : SUCCESS

http://cv.jenkins.couchbase.com/job/kv_engine.macos/job/master/15799/ : SUCCESS

http://cv.jenkins.couchbase.com/job/kv_engine.linux-CE/job/master/16663/ : SUCCESS

http://cv.jenkins.couchbase.com/job/kv_engine.libFuzzer/job/master/4633/ : SUCCESS

http://cv.jenkins.couchbase.com/job/kv_engine.linux/job/master/16971/ : SUCCESS

http://cv.jenkins.couchbase.com/job/kv_engine.threadsanitizer/job/master/17745/ : SUCCESS

http://cv.jenkins.couchbase.com/job/kv_engine.ASan-UBSan/job/master/25079/ : SUCCESS
----------------------------------------------------------------------------------------------------------------------
Author: Build Bot
Date: 2022-01-21 15:49:16.000000000
Message: 
Patch Set 2:

Build Failed 

http://cv.jenkins.couchbase.com/job/kv_engine-windows-master/43120/ : FAILURE

Failure of an engine_testapp test:

<pre>
Running [0088/0093]: test MB-32443 delete with meta with expiration stream - ExpiryOutput Enabled...(143 ms) OK


99% tests passed, 2 tests failed out of 419

Total Test time (real) = 345.78 sec

The following tests FAIL
</pre>
 ( http://cv.jenkins.couchbase.com/job/kv_engine-windows-master/43120/ )

Failure of GoogleTest "EphemeralOrPersistent/STItemPagerTest.MB43055_MemUsedDropDoesNotBreakEviction/persistent_magma_full_eviction":

<pre>
[ RUN      ] EphemeralOrPersistent/STItemPagerTest.MB43055_MemUsedDropDoesNotBreakEviction/persistent_magma_full_eviction
..\kv_engine\engines\ep\tests\module_tests\item_pager_test.cc(1943): error: Expected: (stats.getEstimatedTotalMemoryUsed()) < (stats.mem_low_wat.load()), actual: 2128632 vs 1670648
[  FAILED  ] EphemeralOrPersistent/STItemPagerTest.MB43055_MemUsedDropDoesNotBreakEviction/persistent_magma_full_eviction, where GetParam() = ("persistent_magma", "full_eviction") (13559 ms)
EphemeralOrPersistent/STItemPagerTest.MB43055_MemUsedDropDoesNotBreakEviction/persistent_magma_full_eviction
</pre>
 ( http://cv.jenkins.couchbase.com/job/kv_engine-windows-master/43120/ )

Timeout of a CTest test 419/419 Test #288: ep_testsuite_dcp.ephemeral.comp_passive .......................................................................................} ( http://cv.jenkins.couchbase.com/job/kv_engine-windows-master/43120/ )

http://cv.jenkins.couchbase.com/job/kv_engine-clang_format_9/13833/ : SUCCESS

http://cv.jenkins.couchbase.com/job/kv_engine-clang_tidy-master/14988/ : SUCCESS

http://cv.jenkins.couchbase.com/job/kv_engine-clang_analyzer-master/36444/ : SUCCESS

http://cv.jenkins.couchbase.com/job/kv_engine.aarch64-linux/job/master/4691/ : SUCCESS

http://cv.jenkins.couchbase.com/job/kv_engine.macos/job/master/15799/ : SUCCESS

http://cv.jenkins.couchbase.com/job/kv_engine.linux-CE/job/master/16663/ : SUCCESS

http://cv.jenkins.couchbase.com/job/kv_engine.libFuzzer/job/master/4633/ : SUCCESS

http://cv.jenkins.couchbase.com/job/kv_engine.linux/job/master/16971/ : SUCCESS

http://cv.jenkins.couchbase.com/job/kv_engine.threadsanitizer/job/master/17745/ : SUCCESS

http://cv.jenkins.couchbase.com/job/kv_engine.ASan-UBSan/job/master/25079/ : SUCCESS
----------------------------------------------------------------------------------------------------------------------
Author: Build Bot
Date: 2022-01-21 16:14:58.000000000
Message: 
Patch Set 2:

Build Failed 

http://cv.jenkins.couchbase.com/job/kv_engine-windows-master/43124/ : ABORTED

Build which was aborted due to a newer patch set being uploaded for the given review. ( http://cv.jenkins.couchbase.com/job/kv_engine-windows-master/43124/ )

http://cv.jenkins.couchbase.com/job/kv_engine-clang_format_9/13833/ : SUCCESS

http://cv.jenkins.couchbase.com/job/kv_engine-clang_tidy-master/14988/ : SUCCESS

http://cv.jenkins.couchbase.com/job/kv_engine-clang_analyzer-master/36444/ : SUCCESS

http://cv.jenkins.couchbase.com/job/kv_engine.aarch64-linux/job/master/4691/ : SUCCESS

http://cv.jenkins.couchbase.com/job/kv_engine.macos/job/master/15799/ : SUCCESS

http://cv.jenkins.couchbase.com/job/kv_engine.linux-CE/job/master/16663/ : SUCCESS

http://cv.jenkins.couchbase.com/job/kv_engine.libFuzzer/job/master/4633/ : SUCCESS

http://cv.jenkins.couchbase.com/job/kv_engine.linux/job/master/16971/ : SUCCESS

http://cv.jenkins.couchbase.com/job/kv_engine.threadsanitizer/job/master/17745/ : SUCCESS

http://cv.jenkins.couchbase.com/job/kv_engine.ASan-UBSan/job/master/25079/ : SUCCESS
----------------------------------------------------------------------------------------------------------------------
