======================================================================================================================
DESCRIPTION:

Add template function to get command specific payload

Add a template function to avoid having to fetch the extras
and do reinterpret_cast all over the code (and keep it in a
single place).

The method should not be called before the validator ensured
that the header is correct.

Change-Id: I756f33e64e68597a8651340250549a48a7991967

======================================================================================================================
COMMENTS
======================================================================================================================
Author: Trond Norbye
Date: 2021-10-01 10:50:42.000000000
Message: 
Uploaded patch set 5: Patch Set 4 was rebased.
----------------------------------------------------------------------------------------------------------------------
Author: Build Bot
Date: 2021-10-01 11:58:22.000000000
Message: 
Patch Set 5: Verified-1

Build Failed 

http://cv.jenkins.couchbase.com/job/kv_engine-windows-master/40611/ : FAILURE

Failure of an engine_testapp test:

<pre>
Running [0021/0044]: test set_with_meta exp persisted...(32 ms) SKIPPED

410/411 Test #409: cluster_test ..................................................................................................................   Passed   11.63 sec
411/411 Test #406: memcached_testapp.ep.TransportProtocols/AuditTest .............................................................................   Passed   14.75 sec

99% tests passed, 1 tests failed out of 411

Total Test time (real) = 882.62 sec

The following tests FAIL
</pre>
 ( http://cv.jenkins.couchbase.com/job/kv_engine-windows-master/40611/ )

Timeout of a CTest test 409/411 Test #297: ep_testsuite_xdcr.ephemeral.comp_active .......................................................................................} ( http://cv.jenkins.couchbase.com/job/kv_engine-windows-master/40611/ )

http://cv.jenkins.couchbase.com/job/kv_engine-clang_analyzer-master/34551/ : SUCCESS

http://cv.jenkins.couchbase.com/job/kv_engine-clang_tidy-master/13020/ : SUCCESS

http://cv.jenkins.couchbase.com/job/kv_engine-clang_format_9/11807/ : SUCCESS

http://cv.jenkins.couchbase.com/job/kv_engine.macos/job/master/13764/ : SUCCESS

http://cv.jenkins.couchbase.com/job/kv_engine.libFuzzer/job/master/2637/ : SUCCESS

http://cv.jenkins.couchbase.com/job/kv_engine.linux-CE/job/master/14616/ : SUCCESS

http://cv.jenkins.couchbase.com/job/kv_engine.linux/job/master/14883/ : SUCCESS

http://cv.jenkins.couchbase.com/job/kv_engine.threadsanitizer/job/master/15455/ : SUCCESS

http://cv.jenkins.couchbase.com/job/kv_engine.ASan-UBSan/job/master/22900/ : SUCCESS

http://cv.jenkins.couchbase.com/job/kv_engine.aarch64-linux/job/master/2673/ : SUCCESS
----------------------------------------------------------------------------------------------------------------------
Author: Build Bot
Date: 2021-10-01 12:23:51.000000000
Message: 
Patch Set 5:

Build Failed 

http://cv.jenkins.couchbase.com/job/kv_engine-windows-master/40619/ : FAILURE

Failure of GoogleTest "CompressionStreamTest/CompressionStreamTest.CompressionEnabled_NoValue/persistent_magma":

<pre>
[ RUN      ] CompressionStreamTest/CompressionStreamTest.CompressionEnabled_NoValue/persistent_magma
[       OK ] CompressionStreamTest/CompressionStreamTest.CompressionEnabled_NoValue/persistent_magma (126 ms)
[ RUN      ] CompressionStreamTest/CompressionStreamTest.CompressionEnabled_NoValue/persistent_magma_xattr
2021-10-01T05:21:19.093413-07:00 CRITICAL (default) MagmaKVStore Magma open failed. Status:IOError: Unable to open file ep_engine_ep_unit_tests.db/test.887401/magma.0/config.json.tmp: The process cannot access the file because it is being used by another process.
unknown file: error: C++ exception with description "MagmaKVStore Magma open failed. Status:IOError: Unable to open file ep_engine_ep_unit_tests.db/test.887401/magma.0/config.json.tmp: The process cannot access the file because it is being used by another process." thrown in SetUp().
unknown file: error: C++ exception with description "cb::io::rmrf: stat of file/directory \\?\C:\Jenkins\workspace\kv_engine-windows-master\build\kv_engine\ep_engine_ep_unit_tests.db\test.887401\magma.1\config.json.tmp under ep_engine_ep_unit_tests.db/test.887401 failed: The system cannot find the file specified." thrown in TearDown().
[  FAILED  ] CompressionStreamTest/CompressionStreamTest.CompressionEnabled_NoValue/persistent_magma_xattr, where GetParam() = ("persistent_magma", true) (19 ms)
CompressionStreamTest/CompressionStreamTest.CompressionEnabled_NoValue/persistent_magma
</pre>
 ( http://cv.jenkins.couchbase.com/job/kv_engine-windows-master/40619/ )

http://cv.jenkins.couchbase.com/job/kv_engine-clang_analyzer-master/34551/ : SUCCESS

http://cv.jenkins.couchbase.com/job/kv_engine-clang_tidy-master/13020/ : SUCCESS

http://cv.jenkins.couchbase.com/job/kv_engine-clang_format_9/11807/ : SUCCESS

http://cv.jenkins.couchbase.com/job/kv_engine.macos/job/master/13764/ : SUCCESS

http://cv.jenkins.couchbase.com/job/kv_engine.libFuzzer/job/master/2637/ : SUCCESS

http://cv.jenkins.couchbase.com/job/kv_engine.linux-CE/job/master/14616/ : SUCCESS

http://cv.jenkins.couchbase.com/job/kv_engine.linux/job/master/14883/ : SUCCESS

http://cv.jenkins.couchbase.com/job/kv_engine.threadsanitizer/job/master/15455/ : SUCCESS

http://cv.jenkins.couchbase.com/job/kv_engine.ASan-UBSan/job/master/22900/ : SUCCESS

http://cv.jenkins.couchbase.com/job/kv_engine.aarch64-linux/job/master/2673/ : SUCCESS
----------------------------------------------------------------------------------------------------------------------
Author: Build Bot
Date: 2021-10-01 12:46:21.000000000
Message: 
Patch Set 5: Verified+1

Build Successful 

http://cv.jenkins.couchbase.com/job/kv_engine-clang_analyzer-master/34551/ : SUCCESS

http://cv.jenkins.couchbase.com/job/kv_engine-clang_tidy-master/13020/ : SUCCESS

http://cv.jenkins.couchbase.com/job/kv_engine-clang_format_9/11807/ : SUCCESS

http://cv.jenkins.couchbase.com/job/kv_engine.macos/job/master/13764/ : SUCCESS

http://cv.jenkins.couchbase.com/job/kv_engine.libFuzzer/job/master/2637/ : SUCCESS

http://cv.jenkins.couchbase.com/job/kv_engine.linux-CE/job/master/14616/ : SUCCESS

http://cv.jenkins.couchbase.com/job/kv_engine.linux/job/master/14883/ : SUCCESS

http://cv.jenkins.couchbase.com/job/kv_engine.threadsanitizer/job/master/15455/ : SUCCESS

http://cv.jenkins.couchbase.com/job/kv_engine.ASan-UBSan/job/master/22900/ : SUCCESS

http://cv.jenkins.couchbase.com/job/kv_engine.aarch64-linux/job/master/2673/ : SUCCESS

http://cv.jenkins.couchbase.com/job/kv_engine-windows-master/40621/ : SUCCESS
----------------------------------------------------------------------------------------------------------------------
