======================================================================================================================
DESCRIPTION:

Add template function to get command specific payload

Add a template function to avoid having to fetch the extras
and do reinterpret_cast all over the code (and keep it in a
single place).

The method should not be called before the validator ensured
that the header is correct.

Change-Id: I756f33e64e68597a8651340250549a48a7991967

======================================================================================================================
COMMENTS
======================================================================================================================
Author: Trond Norbye
Date: 2021-10-13 06:53:51.000000000
Message: 
Uploaded patch set 14: Patch Set 13 was rebased.
----------------------------------------------------------------------------------------------------------------------
Author: Build Bot
Date: 2021-10-13 07:31:01.000000000
Message: 
Patch Set 14: Verified-1

Build Failed 

http://cv.jenkins.couchbase.com/job/kv_engine-windows-master/41095/ : FAILURE

Failure of an engine_testapp test:

<pre>
Running [0143/0159]: multi_bucket set/get ...W1013 00:15:58.011377 61580 HazptrDomain.h:670] Using the default inline executor for asynchronous reclamation may be susceptible to deadlock if the current thread happens to hold a resource needed by the deleter of a reclaimable object


99% tests passed, 1 tests failed out of 412

Total Test time (real) = 701.95 sec

The following tests FAIL
</pre>
 ( http://cv.jenkins.couchbase.com/job/kv_engine-windows-master/41095/ )

Timeout of a CTest test 412/412 Test #263: ep_testsuite.value_eviction.comp_passive ......................................................................................} ( http://cv.jenkins.couchbase.com/job/kv_engine-windows-master/41095/ )

http://cv.jenkins.couchbase.com/job/kv_engine.threadsanitizer/job/master/15955/ : FAILURE

ThreadSanitizer issue: data race on vptr (ctor/dtor vs virtual call) /home/couchbase/jenkins/workspace/kv_engine.threadsanitizer_master/platform/src/process_monitor.cc:93 in ProcessMonitorImpl::~ProcessMonitorImpl()  ( http://cv.jenkins.couchbase.com/job/kv_engine.threadsanitizer/job/master/15955/ )

http://cv.jenkins.couchbase.com/job/kv_engine-clang_analyzer-master/34939/ : SUCCESS

http://cv.jenkins.couchbase.com/job/kv_engine-clang_tidy-master/13444/ : SUCCESS

http://cv.jenkins.couchbase.com/job/kv_engine-clang_format_9/12232/ : SUCCESS

http://cv.jenkins.couchbase.com/job/kv_engine.macos/job/master/14208/ : SUCCESS

http://cv.jenkins.couchbase.com/job/kv_engine.aarch64-linux/job/master/3139/ : SUCCESS

http://cv.jenkins.couchbase.com/job/kv_engine.libFuzzer/job/master/3078/ : SUCCESS

http://cv.jenkins.couchbase.com/job/kv_engine.linux-CE/job/master/15055/ : SUCCESS

http://cv.jenkins.couchbase.com/job/kv_engine.linux/job/master/15328/ : SUCCESS

http://cv.jenkins.couchbase.com/job/kv_engine.ASan-UBSan/job/master/23361/ : SUCCESS
----------------------------------------------------------------------------------------------------------------------
Author: Build Bot
Date: 2021-10-13 09:45:22.000000000
Message: 
Patch Set 14:

Build Failed 

http://cv.jenkins.couchbase.com/job/kv_engine-windows-master/41095/ : FAILURE

Failure of an engine_testapp test:

<pre>
Running [0143/0159]: multi_bucket set/get ...W1013 00:15:58.011377 61580 HazptrDomain.h:670] Using the default inline executor for asynchronous reclamation may be susceptible to deadlock if the current thread happens to hold a resource needed by the deleter of a reclaimable object


99% tests passed, 1 tests failed out of 412

Total Test time (real) = 701.95 sec

The following tests FAIL
</pre>
 ( http://cv.jenkins.couchbase.com/job/kv_engine-windows-master/41095/ )

Timeout of a CTest test 412/412 Test #263: ep_testsuite.value_eviction.comp_passive ......................................................................................} ( http://cv.jenkins.couchbase.com/job/kv_engine-windows-master/41095/ )

http://cv.jenkins.couchbase.com/job/kv_engine-clang_analyzer-master/34939/ : SUCCESS

http://cv.jenkins.couchbase.com/job/kv_engine-clang_tidy-master/13444/ : SUCCESS

http://cv.jenkins.couchbase.com/job/kv_engine-clang_format_9/12232/ : SUCCESS

http://cv.jenkins.couchbase.com/job/kv_engine.macos/job/master/14208/ : SUCCESS

http://cv.jenkins.couchbase.com/job/kv_engine.aarch64-linux/job/master/3139/ : SUCCESS

http://cv.jenkins.couchbase.com/job/kv_engine.libFuzzer/job/master/3078/ : SUCCESS

http://cv.jenkins.couchbase.com/job/kv_engine.linux-CE/job/master/15055/ : SUCCESS

http://cv.jenkins.couchbase.com/job/kv_engine.linux/job/master/15328/ : SUCCESS

http://cv.jenkins.couchbase.com/job/kv_engine.ASan-UBSan/job/master/23361/ : SUCCESS

http://cv.jenkins.couchbase.com/job/kv_engine.threadsanitizer/job/master/15965/ : SUCCESS
----------------------------------------------------------------------------------------------------------------------
Author: Build Bot
Date: 2021-10-13 10:18:02.000000000
Message: 
Patch Set 14:

Build Failed 

http://cv.jenkins.couchbase.com/job/kv_engine-windows-master/41113/ : FAILURE

Failure of an engine_testapp test:

<pre>
Running [0016/0159]: test observe on temp item...(162 ms) OK


99% tests passed, 3 tests failed out of 412

Total Test time (real) = 688.82 sec

The following tests FAIL
</pre>
 ( http://cv.jenkins.couchbase.com/job/kv_engine-windows-master/41113/ )

Failure of GoogleTest "TransportProtocols/InterfacesTest.Mcbp/Mcbp":

<pre>
[ RUN      ] TransportProtocols/InterfacesTest.Mcbp/Mcbp
unknown file: error: C++ exception with description "MemcachedConnection::recvFrame(): Timed out after waiting 0ms for a response for IFCONFIG" thrown in the test body.
[  FAILED  ] TransportProtocols/InterfacesTest.Mcbp/Mcbp, where GetParam() = Mcbp (2010 ms)
TransportProtocols/InterfacesTest.Mcbp/Mcbp
</pre>
 ( http://cv.jenkins.couchbase.com/job/kv_engine-windows-master/41113/ )

Timeout of a CTest test 412/412 Test #266: ep_testsuite.full_eviction.comp_active ........................................................................................} ( http://cv.jenkins.couchbase.com/job/kv_engine-windows-master/41113/ )

http://cv.jenkins.couchbase.com/job/kv_engine-clang_analyzer-master/34939/ : SUCCESS

http://cv.jenkins.couchbase.com/job/kv_engine-clang_tidy-master/13444/ : SUCCESS

http://cv.jenkins.couchbase.com/job/kv_engine-clang_format_9/12232/ : SUCCESS

http://cv.jenkins.couchbase.com/job/kv_engine.macos/job/master/14208/ : SUCCESS

http://cv.jenkins.couchbase.com/job/kv_engine.aarch64-linux/job/master/3139/ : SUCCESS

http://cv.jenkins.couchbase.com/job/kv_engine.threadsanitizer/job/master/15965/ : SUCCESS

http://cv.jenkins.couchbase.com/job/kv_engine.libFuzzer/job/master/3078/ : SUCCESS

http://cv.jenkins.couchbase.com/job/kv_engine.linux-CE/job/master/15055/ : SUCCESS

http://cv.jenkins.couchbase.com/job/kv_engine.linux/job/master/15328/ : SUCCESS

http://cv.jenkins.couchbase.com/job/kv_engine.ASan-UBSan/job/master/23361/ : SUCCESS
----------------------------------------------------------------------------------------------------------------------
Author: Build Bot
Date: 2021-10-13 11:06:55.000000000
Message: 
Patch Set 14: Verified+1

Build Successful 

http://cv.jenkins.couchbase.com/job/kv_engine-clang_analyzer-master/34939/ : SUCCESS

http://cv.jenkins.couchbase.com/job/kv_engine-clang_tidy-master/13444/ : SUCCESS

http://cv.jenkins.couchbase.com/job/kv_engine-clang_format_9/12232/ : SUCCESS

http://cv.jenkins.couchbase.com/job/kv_engine.macos/job/master/14208/ : SUCCESS

http://cv.jenkins.couchbase.com/job/kv_engine.aarch64-linux/job/master/3139/ : SUCCESS

http://cv.jenkins.couchbase.com/job/kv_engine.threadsanitizer/job/master/15965/ : SUCCESS

http://cv.jenkins.couchbase.com/job/kv_engine.libFuzzer/job/master/3078/ : SUCCESS

http://cv.jenkins.couchbase.com/job/kv_engine.linux-CE/job/master/15055/ : SUCCESS

http://cv.jenkins.couchbase.com/job/kv_engine.linux/job/master/15328/ : SUCCESS

http://cv.jenkins.couchbase.com/job/kv_engine.ASan-UBSan/job/master/23361/ : SUCCESS

http://cv.jenkins.couchbase.com/job/kv_engine-windows-master/41119/ : SUCCESS
----------------------------------------------------------------------------------------------------------------------
