======================================================================================================================
DESCRIPTION:

MB-42272: Add update path variant of resurrection stats test

Change-Id: I2223f78c743d8c936ee21b142ac51d5d0c10c147

======================================================================================================================
COMMENTS
======================================================================================================================
Author: Ben Huddleston
Date: 2021-04-27 15:59:20.000000000
Message: 
Uploaded patch set 9.
----------------------------------------------------------------------------------------------------------------------
Author: James H
Date: 2021-04-27 16:24:50.000000000
Message: 
Patch Set 9: Code-Review+1
----------------------------------------------------------------------------------------------------------------------
Author: Build Bot
Date: 2021-04-27 16:47:45.000000000
Message: 
Patch Set 9: Verified-1

Build Failed 

http://cv.jenkins.couchbase.com/job/kv_engine-windows-master/35319/ : FAILURE

Failure of an engine_testapp test:

<pre>
Running [0082/0096]: test get all vb seqnos...(99 ms) OK


99% tests passed, 1 tests failed out of 409

Total Test time (real) = 572.55 sec

The following tests FAIL
</pre>
 ( http://cv.jenkins.couchbase.com/job/kv_engine-windows-master/35319/ )

Timeout of a CTest test 409/409 Test #270: ep_testsuite_dcp.ephemeral.comp_active ........................................................................................} ( http://cv.jenkins.couchbase.com/job/kv_engine-windows-master/35319/ )

http://cv.jenkins.couchbase.com/job/kv_engine-clang_analyzer-master/30219/ : FAILURE

No problems were identified. If you know why this problem occurred, please add a suitable Cause for it. ( http://cv.jenkins.couchbase.com/job/kv_engine-clang_analyzer-master/30219/ )

http://cv.jenkins.couchbase.com/job/kv_engine-clang_format_9/7111/ : SUCCESS

http://cv.jenkins.couchbase.com/job/kv_engine-clang_tidy/8562/ : SUCCESS

http://cv.jenkins.couchbase.com/job/kv_engine.macos/job/master/9160/ : SUCCESS

http://cv.jenkins.couchbase.com/job/kv_engine.linux-CE/job/master/10090/ : SUCCESS

http://cv.jenkins.couchbase.com/job/kv_engine.linux/job/master/10233/ : SUCCESS

http://cv.jenkins.couchbase.com/job/kv_engine.threadsanitizer/job/master/10482/ : SUCCESS

http://cv.jenkins.couchbase.com/job/kv_engine.ASan-UBSan/job/master/18033/ : SUCCESS
----------------------------------------------------------------------------------------------------------------------
Author: Build Bot
Date: 2021-04-28 10:14:31.000000000
Message: 
Patch Set 9:

Build Failed 

http://cv.jenkins.couchbase.com/job/kv_engine-windows-master/35319/ : FAILURE

Failure of an engine_testapp test:

<pre>
Running [0082/0096]: test get all vb seqnos...(99 ms) OK


99% tests passed, 1 tests failed out of 409

Total Test time (real) = 572.55 sec

The following tests FAIL
</pre>
 ( http://cv.jenkins.couchbase.com/job/kv_engine-windows-master/35319/ )

Timeout of a CTest test 409/409 Test #270: ep_testsuite_dcp.ephemeral.comp_active ........................................................................................} ( http://cv.jenkins.couchbase.com/job/kv_engine-windows-master/35319/ )

http://cv.jenkins.couchbase.com/job/kv_engine-clang_format_9/7111/ : SUCCESS

http://cv.jenkins.couchbase.com/job/kv_engine-clang_tidy/8562/ : SUCCESS

http://cv.jenkins.couchbase.com/job/kv_engine.macos/job/master/9160/ : SUCCESS

http://cv.jenkins.couchbase.com/job/kv_engine.linux-CE/job/master/10090/ : SUCCESS

http://cv.jenkins.couchbase.com/job/kv_engine.linux/job/master/10233/ : SUCCESS

http://cv.jenkins.couchbase.com/job/kv_engine.threadsanitizer/job/master/10482/ : SUCCESS

http://cv.jenkins.couchbase.com/job/kv_engine.ASan-UBSan/job/master/18033/ : SUCCESS

http://cv.jenkins.couchbase.com/job/kv_engine-clang_analyzer-master/30226/ : SUCCESS
----------------------------------------------------------------------------------------------------------------------
Author: Build Bot
Date: 2021-04-28 17:13:00.000000000
Message: 
Patch Set 9:

Build Failed 

http://cv.jenkins.couchbase.com/job/kv_engine-windows-master/35383/ : FAILURE

Timeout of a CTest test 409/409 Test  #79: ep-engine_ep_unit_tests.ExecutorPoolTest/class FollyExecutorPool ..............................................................} ( http://cv.jenkins.couchbase.com/job/kv_engine-windows-master/35383/ )

http://cv.jenkins.couchbase.com/job/kv_engine-clang_format_9/7111/ : SUCCESS

http://cv.jenkins.couchbase.com/job/kv_engine-clang_tidy/8562/ : SUCCESS

http://cv.jenkins.couchbase.com/job/kv_engine-clang_analyzer-master/30226/ : SUCCESS

http://cv.jenkins.couchbase.com/job/kv_engine.macos/job/master/9160/ : SUCCESS

http://cv.jenkins.couchbase.com/job/kv_engine.linux-CE/job/master/10090/ : SUCCESS

http://cv.jenkins.couchbase.com/job/kv_engine.linux/job/master/10233/ : SUCCESS

http://cv.jenkins.couchbase.com/job/kv_engine.threadsanitizer/job/master/10482/ : SUCCESS

http://cv.jenkins.couchbase.com/job/kv_engine.ASan-UBSan/job/master/18033/ : SUCCESS
----------------------------------------------------------------------------------------------------------------------
