======================================================================================================================
DESCRIPTION:

Let TestBucketIsolationBuckets test ep buckets

Change-Id: I364de75f24a2b9a1e88c3a4a14dce71185278443

======================================================================================================================
COMMENTS
======================================================================================================================
Author: Trond Norbye
Date: 2021-04-21 08:58:21.000000000
Message: 
Uploaded patch set 4: Patch Set 3 was rebased.
----------------------------------------------------------------------------------------------------------------------
Author: Build Bot
Date: 2021-04-21 10:11:44.000000000
Message: 
Patch Set 4: Verified-1

Build Failed 

http://cv.jenkins.couchbase.com/job/kv_engine-windows-master/35112/ : FAILURE

Timeout of a CTest test 164/409 Test #155: ep-engine_ep_unit_tests.AllBucketTypes/DurabilityActiveStreamTest .............................................................} ( http://cv.jenkins.couchbase.com/job/kv_engine-windows-master/35112/ )

http://cv.jenkins.couchbase.com/job/kv_engine-clang_analyzer-master/30091/ : SUCCESS

http://cv.jenkins.couchbase.com/job/kv_engine-clang_tidy/8437/ : SUCCESS

http://cv.jenkins.couchbase.com/job/kv_engine-clang_format_9/6987/ : SUCCESS

http://cv.jenkins.couchbase.com/job/kv_engine.linux/job/master/10106/ : SUCCESS

http://cv.jenkins.couchbase.com/job/kv_engine.macos/job/master/9035/ : SUCCESS

http://cv.jenkins.couchbase.com/job/kv_engine.linux-CE/job/master/9965/ : SUCCESS

http://cv.jenkins.couchbase.com/job/kv_engine.threadsanitizer/job/master/10348/ : SUCCESS

http://cv.jenkins.couchbase.com/job/kv_engine.ASan-UBSan/job/master/17903/ : SUCCESS
----------------------------------------------------------------------------------------------------------------------
Author: Build Bot
Date: 2021-04-21 11:24:10.000000000
Message: 
Patch Set 4:

Build Failed 

http://cv.jenkins.couchbase.com/job/kv_engine-windows-master/35120/ : FAILURE

Timeout of a CTest test 409/409 Test #375: memcached_testapp.ep.TransportProtocols/FlushTest .............................................................................} ( http://cv.jenkins.couchbase.com/job/kv_engine-windows-master/35120/ )

http://cv.jenkins.couchbase.com/job/kv_engine-clang_analyzer-master/30091/ : SUCCESS

http://cv.jenkins.couchbase.com/job/kv_engine-clang_tidy/8437/ : SUCCESS

http://cv.jenkins.couchbase.com/job/kv_engine-clang_format_9/6987/ : SUCCESS

http://cv.jenkins.couchbase.com/job/kv_engine.linux/job/master/10106/ : SUCCESS

http://cv.jenkins.couchbase.com/job/kv_engine.macos/job/master/9035/ : SUCCESS

http://cv.jenkins.couchbase.com/job/kv_engine.linux-CE/job/master/9965/ : SUCCESS

http://cv.jenkins.couchbase.com/job/kv_engine.threadsanitizer/job/master/10348/ : SUCCESS

http://cv.jenkins.couchbase.com/job/kv_engine.ASan-UBSan/job/master/17903/ : SUCCESS
----------------------------------------------------------------------------------------------------------------------
Author: Build Bot
Date: 2021-04-21 15:04:21.000000000
Message: 
Patch Set 4:

Build Failed 

http://cv.jenkins.couchbase.com/job/kv_engine-windows-master/35124/ : FAILURE

Failure of an engine_testapp test:

<pre>
Running [0015/0095]: test dcp replica stream one collection with mutations just from disk...(207 ms) OK


99% tests passed, 1 tests failed out of 409

Total Test time (real) = 378.92 sec

The following tests FAIL
</pre>
 ( http://cv.jenkins.couchbase.com/job/kv_engine-windows-master/35124/ )

Timeout of a CTest test 409/409 Test #268: ep_testsuite_dcp.full_eviction.comp_active ....................................................................................} ( http://cv.jenkins.couchbase.com/job/kv_engine-windows-master/35124/ )

http://cv.jenkins.couchbase.com/job/kv_engine-clang_analyzer-master/30091/ : SUCCESS

http://cv.jenkins.couchbase.com/job/kv_engine-clang_tidy/8437/ : SUCCESS

http://cv.jenkins.couchbase.com/job/kv_engine-clang_format_9/6987/ : SUCCESS

http://cv.jenkins.couchbase.com/job/kv_engine.linux/job/master/10106/ : SUCCESS

http://cv.jenkins.couchbase.com/job/kv_engine.macos/job/master/9035/ : SUCCESS

http://cv.jenkins.couchbase.com/job/kv_engine.linux-CE/job/master/9965/ : SUCCESS

http://cv.jenkins.couchbase.com/job/kv_engine.threadsanitizer/job/master/10348/ : SUCCESS

http://cv.jenkins.couchbase.com/job/kv_engine.ASan-UBSan/job/master/17903/ : SUCCESS
----------------------------------------------------------------------------------------------------------------------
Author: Build Bot
Date: 2021-04-21 19:12:12.000000000
Message: 
Patch Set 4: Verified+1

Build Successful 

http://cv.jenkins.couchbase.com/job/kv_engine-clang_analyzer-master/30091/ : SUCCESS

http://cv.jenkins.couchbase.com/job/kv_engine-clang_tidy/8437/ : SUCCESS

http://cv.jenkins.couchbase.com/job/kv_engine-clang_format_9/6987/ : SUCCESS

http://cv.jenkins.couchbase.com/job/kv_engine.linux/job/master/10106/ : SUCCESS

http://cv.jenkins.couchbase.com/job/kv_engine.macos/job/master/9035/ : SUCCESS

http://cv.jenkins.couchbase.com/job/kv_engine.linux-CE/job/master/9965/ : SUCCESS

http://cv.jenkins.couchbase.com/job/kv_engine.threadsanitizer/job/master/10348/ : SUCCESS

http://cv.jenkins.couchbase.com/job/kv_engine.ASan-UBSan/job/master/17903/ : SUCCESS

http://cv.jenkins.couchbase.com/job/kv_engine-windows-master/35135/ : SUCCESS
----------------------------------------------------------------------------------------------------------------------
Author: Dave Rigby
Date: 2021-04-21 19:49:14.000000000
Message: 
Patch Set 4: Code-Review+2
----------------------------------------------------------------------------------------------------------------------
