======================================================================================================================
DESCRIPTION:

Merge branch 'mad-hatter'

* mad-hatter:
  MB-39993: [Ephemeral] Handle delete_time < server startup time

Change-Id: I05f51b4c871428b507d5b73de285ebadb5e5b35d

======================================================================================================================
COMMENTS
======================================================================================================================
Author: Dave Rigby
Date: 2020-06-18 08:47:19.000000000
Message: 
Uploaded patch set 2.
----------------------------------------------------------------------------------------------------------------------
Author: Build Bot
Date: 2020-06-18 09:18:48.000000000
Message: 
Patch Set 2: Verified-1

Build Failed 

http://cv.jenkins.couchbase.com/job/kv_engine-windows-master/28630/ : FAILURE

Failure of GoogleTest "MagmaKVStoreTest.setMaxDataSize":

<pre>
[ RUN      ] MagmaKVStoreTest.setMaxDataSize
..\kv_engine\engines\ep\tests\module_tests\kvstore_test.cc(2781): error: Expected: (writeCacheQuotaAfter) < (writeCacheQuota), actual: 0 vs 0
[  FAILED  ] MagmaKVStoreTest.setMaxDataSize (10052 ms)
MagmaKVStoreTest.setMaxDataSize
</pre>
 ( http://cv.jenkins.couchbase.com/job/kv_engine-windows-master/28630/ )

Failure of an engine_testapp test:

<pre>
Running [0081/0099]: test dcp early termination...Exceeded maximum wait time of 60000000us waiting for stat "ep_dcp_num_running_backfills(dcp)" to be 0 (last value:1) - aborting.
</pre>
 ( http://cv.jenkins.couchbase.com/job/kv_engine-windows-master/28630/ )

Failure of a CTest test 137/393 Test  #90: ep-engine_ep_unit_tests.MagmaKVStoreTest ...................................................................................... ( http://cv.jenkins.couchbase.com/job/kv_engine-windows-master/28630/ )

Timeout of a CTest test 172/393 Test #141: ep-engine_ep_unit_tests.AllBucketTypes/DurabilityActiveStreamTest .............................................................} ( http://cv.jenkins.couchbase.com/job/kv_engine-windows-master/28630/ )

http://cv.jenkins.couchbase.com/job/kv_engine.linux/job/master/4248/ : FAILURE

Failure of GoogleTest "MagmaKVStoreTest.setMaxDataSize":

<pre>
[ RUN      ] MagmaKVStoreTest.setMaxDataSize
[2020-06-18T08:56:26.338Z] ../kv_engine/engines/ep/tests/module_tests/kvstore_test.cc:2781: Failure
[2020-06-18T08:56:26.338Z] Expected: (writeCacheQuotaAfter) < (writeCacheQuota), actual: 0 vs 0
[2020-06-18T08:56:26.338Z] [  FAILED  ] MagmaKVStoreTest.setMaxDataSize (221 ms)
MagmaKVStoreTest.setMaxDataSize
</pre>
 ( http://cv.jenkins.couchbase.com/job/kv_engine.linux/job/master/4248/ )

Failure of an engine_testapp test:

<pre>
Running [0081/0099]: test dcp early termination...Exceeded maximum wait time of 60000000us waiting for stat "ep_dcp_num_running_backfills(dcp)" to be 0 (last value:1) - aborting.
[2020-06-18T08:59:18.073Z] /usr/bin/timeout: the monitored command dumped core
[2020-06-18T08:59:18.073Z] 
[2020-06-18T08:59:39.995Z] 409/410 Test #342: memcached_testapp.default.SDPerf/SubdocPerfTest ...................................................................   Passed   57.70 sec
[2020-06-18T08:59:46.564Z] 410/410 Test #394: memcached_testapp.ep.SDPerf/SubdocPerfTest ........................................................................   Passed   58.06 sec
[2020-06-18T08:59:46.564Z] 
[2020-06-18T08:59:46.564Z] 99% tests passed, 2 tests failed out of 410
[2020-06-18T08:59:46.564Z] 
[2020-06-18T08:59:46.564Z] Total Test time (real) = 202.22 sec
[2020-06-18T08:59:46.564Z] 
[2020-06-18T08:59:46.564Z] The following tests FAIL
</pre>
 ( http://cv.jenkins.couchbase.com/job/kv_engine.linux/job/master/4248/ )

Failure of a CTest test [2020-06-18T08:56:26.338Z] 134/410 Test  #94: ep-engine_ep_unit_tests.MagmaKVStoreTest .......................................................................... ( http://cv.jenkins.couchbase.com/job/kv_engine.linux/job/master/4248/ )

http://cv.jenkins.couchbase.com/job/kv_engine.threadsanitizer/job/master/4331/ : FAILURE

Failure of GoogleTest "MagmaKVStoreTest.setMaxDataSize":

<pre>
[ RUN      ] MagmaKVStoreTest.setMaxDataSize
[2020-06-18T08:53:25.451Z] ../kv_engine/engines/ep/tests/module_tests/kvstore_test.cc:2781: Failure
[2020-06-18T08:53:25.451Z] Expected: (writeCacheQuotaAfter) < (writeCacheQuota), actual: 0 vs 0
[2020-06-18T08:53:25.451Z] [  FAILED  ] MagmaKVStoreTest.setMaxDataSize (89 ms)
MagmaKVStoreTest.setMaxDataSize
</pre>
 ( http://cv.jenkins.couchbase.com/job/kv_engine.threadsanitizer/job/master/4331/ )

Failure of a CTest test [2020-06-18T08:53:25.451Z]   1/388 Test  #90: ep-engine_ep_unit_tests.MagmaKVStoreTest .......................................................................... ( http://cv.jenkins.couchbase.com/job/kv_engine.threadsanitizer/job/master/4331/ )

http://cv.jenkins.couchbase.com/job/kv_engine.ASan-UBSan/job/master/12074/ : FAILURE

Failure of GoogleTest "MagmaKVStoreTest.setMaxDataSize":

<pre>
[ RUN      ] MagmaKVStoreTest.setMaxDataSize
[2020-06-18T09:03:42.215Z] ../kv_engine/engines/ep/tests/module_tests/kvstore_test.cc:2781: Failure
[2020-06-18T09:03:42.215Z] Expected: (writeCacheQuotaAfter) < (writeCacheQuota), actual: 0 vs 0
[2020-06-18T09:03:42.215Z] [  FAILED  ] MagmaKVStoreTest.setMaxDataSize (65 ms)
MagmaKVStoreTest.setMaxDataSize
</pre>
 ( http://cv.jenkins.couchbase.com/job/kv_engine.ASan-UBSan/job/master/12074/ )

Failure of a CTest test [2020-06-18T09:03:42.215Z]   1/393 Test  #93: ep-engine_ep_unit_tests.MagmaKVStoreTest .......................................................................... ( http://cv.jenkins.couchbase.com/job/kv_engine.ASan-UBSan/job/master/12074/ )

http://cv.jenkins.couchbase.com/job/kv_engine.macos/job/master/3306/ : FAILURE

Failure of GoogleTest "MagmaKVStoreTest.setMaxDataSize":

<pre>
[ RUN      ] MagmaKVStoreTest.setMaxDataSize
[2020-06-18T09:07:25.874Z] ../kv_engine/engines/ep/tests/module_tests/kvstore_test.cc:2781: Failure
[2020-06-18T09:07:25.874Z] Expected: (writeCacheQuotaAfter) < (writeCacheQuota), actual: 0 vs 0
[2020-06-18T09:07:25.874Z] [  FAILED  ] MagmaKVStoreTest.setMaxDataSize (40 ms)
MagmaKVStoreTest.setMaxDataSize
</pre>
 ( http://cv.jenkins.couchbase.com/job/kv_engine.macos/job/master/3306/ )

Failure of a CTest test [2020-06-18T09:07:25.874Z]   2/407 Test  #91: ep-engine_ep_unit_tests.MagmaKVStoreTest .......................................................................... ( http://cv.jenkins.couchbase.com/job/kv_engine.macos/job/master/3306/ )

http://cv.jenkins.couchbase.com/job/kv_engine-clang_format_9/1338/ : SUCCESS

http://cv.jenkins.couchbase.com/job/kv_engine-clang_analyzer-master/24658/ : SUCCESS

http://cv.jenkins.couchbase.com/job/kv_engine-clang_tidy/2834/ : SUCCESS

http://cv.jenkins.couchbase.com/job/kv_engine.linux-CE/job/master/4193/ : SUCCESS
----------------------------------------------------------------------------------------------------------------------
