======================================================================================================================
DESCRIPTION:

Test commit for Windows CE

Change-Id: I98d03219dd0dd93eb2022ed4ea3366768a465341

======================================================================================================================
COMMENTS
======================================================================================================================
Author: Dave Rigby
Date: 2020-06-15 09:12:28.000000000
Message: 
Uploaded patch set 1.
----------------------------------------------------------------------------------------------------------------------
Author: Build Bot
Date: 2020-06-15 10:22:54.000000000
Message: 
Patch Set 1: Verified-1

Build Failed 

http://cv.jenkins.couchbase.com/job/kv_engine-windows-master/28541/ : FAILURE

Failure of an engine_testapp test:

<pre>
Running [0081/0099]: test dcp early termination...Exceeded maximum wait time of 60000000us waiting for stat "ep_dcp_num_running_backfills(dcp)" to be 0 (last value:1) - aborting.

        Start 376: memcached_testapp.ep.Subdoc/SubdocTestappTest
369/393 Test #374: memcached_testapp.ep.TransportProtocols/StatsTest .............................................................................   Passed    1.77 sec
        Start 377: memcached_testapp.ep.SDPerf/SubdocPerfTest
370/393 Test #368: memcached_testapp.ep.CleanOrUnclean/PersistToTest .............................................................................   Passed    3.28 sec
        Start 378: memcached_testapp.ep.Transport/McdTestappTest
371/393 Test #375: memcached_testapp.ep.TransportProtocols/NoBucketStatsTest .....................................................................   Passed    1.07 sec
        Start 379: memcached_testapp.ep.TransportProtocols/TlsTests
372/393 Test #379: memcached_testapp.ep.TransportProtocols/TlsTests ..............................................................................   Passed    1.31 sec
        Start 380: memcached_testapp.ep.Transport/McdTopkeysTest
373/393 Test #267: ep_perfsuite.value_eviction ...................................................................................................   Passed   33.42 sec
        Start 381: memcached_testapp.ep.TransportProtocols/TouchTest
374/393 Test #380: memcached_testapp.ep.Transport/McdTopkeysTest .................................................................................   Passed    0.79 sec
        Start 382: memcached_testapp.ep.TransportProtocols/TtlTest
375/393 Test #381: memcached_testapp.ep.TransportProtocols/TouchTest .............................................................................   Passed    0.75 sec
        Start 383: memcached_testapp.ep.TransportProtocols/TuneMcbpSla
376/393 Test #382: memcached_testapp.ep.TransportProtocols/TtlTest ...............................................................................   Passed    0.61 sec
        Start 384: memcached_testapp.ep.TransportProtocols/WithMetaTest
377/393 Test #360: memcached_testapp.ep.TransportProtocols/GetSetTest ............................................................................   Passed    9.37 sec
        Start 385: memcached_testapp.ep.TransportProtocols/XattrTest
378/393 Test #383: memcached_testapp.ep.TransportProtocols/TuneMcbpSla ...........................................................................   Passed    0.85 sec
        Start 386: memcached_testapp.ep.TransportProtocols/XattrNoDocTest
379/393 Test #386: memcached_testapp.ep.TransportProtocols/XattrNoDocTest ........................................................................   Passed    1.23 sec
        Start 387: memcached_testapp.ep.TransportProtocols/XattrNoDocDurabilityTest
380/393 Test #376: memcached_testapp.ep.Subdoc/SubdocTestappTest .................................................................................   Passed    5.87 sec
        Start 388: memcached_testapp.ep.TransportProtocols/XattrDisabledTest
381/393 Test #373: memcached_testapp.ep.TransportProtocols/SaslTest ..............................................................................   Passed    7.60 sec
        Start 389: testapp_auth_provider_test
382/393 Test #389: testapp_auth_provider_test ....................................................................................................   Passed    0.08 sec
        Start 390: cluster_test
383/393 Test #388: memcached_testapp.ep.TransportProtocols/XattrDisabledTest .....................................................................   Passed    0.63 sec
        Start 391: memcached_topkeys_test
384/393 Test #387: memcached_testapp.ep.TransportProtocols/XattrNoDocDurabilityTest ..............................................................   Passed    1.53 sec
        Start 392: memcached_unsigned_leb128_test
385/393 Test #391: memcached_topkeys_test ........................................................................................................   Passed    0.40 sec
        Start 393: memcached-hostutils-test
386/393 Test #392: memcached_unsigned_leb128_test ................................................................................................   Passed    0.17 sec
387/393 Test #393: memcached-hostutils-test ......................................................................................................   Passed    0.13 sec
388/393 Test #385: memcached_testapp.ep.TransportProtocols/XattrTest .............................................................................   Passed    6.24 sec
389/393 Test #384: memcached_testapp.ep.TransportProtocols/WithMetaTest ..........................................................................   Passed    7.32 sec
390/393 Test #378: memcached_testapp.ep.Transport/McdTestappTest .................................................................................   Passed   13.63 sec
391/393 Test #390: cluster_test ..................................................................................................................   Passed    8.83 sec
392/393 Test #326: memcached_testapp.default.SDPerf/SubdocPerfTest ...............................................................................   Passed   33.30 sec
393/393 Test #377: memcached_testapp.ep.SDPerf/SubdocPerfTest ....................................................................................   Passed   31.76 sec

99% tests passed, 1 tests failed out of 393

Total Test time (real) = 242.30 sec

The following tests FAILED:
	246 - ep_testsuite_dcp.full_eviction.comp_active (Exit code 0xc0000409
)
Errors while running CTest
Previous command failed with error #8.



administrator@WIN-L2JG94BL7VQ C:\Jenkins\workspace\kv_engine-windows-master\build\kv_engine>exit /b 8 

Build step "Execute Windows batch command" marked build as failure
[MSBuild] Skipping execution of recorder since overall result is "FAILURE"
INFO: Starting to record.
INFO: Processing CTest-Version 3.x (default)
INFO: [CTest-Version 3.x (default)] - 1 test report file(s) were found with the pattern "build/kv_engine/Testing/**/Test.xml" relative to "C:\Jenkins\workspace\kv_engine-windows-master" for the testing framework "CTest-Version 3.x (default)".

INFO: Check "Failed Tests" threshold.
INFO: The total number of tests for the threshold "Failed Tests" exceeds the specified "failure threshold" value.
INFO: Setting the build status to FAIL
</pre>
 ( http://cv.jenkins.couchbase.com/job/kv_engine-windows-master/28541/ )

Failure of a CTest test  ( http://cv.jenkins.couchbase.com/job/kv_engine-windows-master/28541/ )

http://cv.jenkins.couchbase.com/job/kv_engine.macos/job/master/3212/ : FAILURE

Failure of GoogleTest "TransportProtocols/SaslTest.SinglePLAIN/McbpSsl":

<pre>
[ RUN      ] TransportProtocols/SaslTest.SinglePLAIN/McbpSsl
[2020-06-15T09:16:43.639Z] Failed building socket: connect() failed (127.0.0.1 58868): Connection refused
[2020-06-15T09:16:43.639Z] unknown file: Failure
[2020-06-15T09:16:43.639Z] C++ exception with description "Failed to connect to: localhost:58868: Connection refused" thrown in SetUp().
[2020-06-15T09:16:43.639Z] Failed building socket: connect() failed (127.0.0.1 58868): Connection refused
[2020-06-15T09:16:43.639Z] unknown file: Failure
[2020-06-15T09:16:43.639Z] C++ exception with description "Failed to connect to: localhost:58868: Connection refused" thrown in TearDown().
[2020-06-15T09:16:43.639Z] [  FAILED  ] TransportProtocols/SaslTest.SinglePLAIN/McbpSsl, where GetParam() = McbpSsl (0 ms)
TransportProtocols/SaslTest.SinglePLAIN/McbpSsl
</pre>
 ( http://cv.jenkins.couchbase.com/job/kv_engine.macos/job/master/3212/ )

Failure of a CTest test [2020-06-15T09:16:43.639Z]  17/407 Test #335: memcached_testapp.default.TransportProtocols/SaslTest ............................................................. ( http://cv.jenkins.couchbase.com/job/kv_engine.macos/job/master/3212/ )

http://cv.jenkins.couchbase.com/job/kv_engine.linux/job/master/4154/ : FAILURE

Failure of an engine_testapp test:

<pre>
Running [0081/0099]: test dcp early termination...Exceeded maximum wait time of 60000000us waiting for stat "ep_dcp_num_running_backfills(dcp)" to be 0 (last value:1) - aborting.
</pre>
 ( http://cv.jenkins.couchbase.com/job/kv_engine.linux/job/master/4154/ )

Failure of a CTest test [2020-06-15T09:21:29.558Z]   5/410 Test #251: ep_testsuite_dcp.value_eviction.comp_passive ......................................................................Child aborted ( http://cv.jenkins.couchbase.com/job/kv_engine.linux/job/master/4154/ )

http://cv.jenkins.couchbase.com/job/kv_engine.threadsanitizer/job/master/4239/ : FAILURE

Failure of an engine_testapp test:

<pre>
Running [0007/0047]: multi set...Exceeded maximum wait time of 60000000us waiting for stat "ep_queue_size" to be 0 (last value:58420) - aborting.
</pre>
 ( http://cv.jenkins.couchbase.com/job/kv_engine.threadsanitizer/job/master/4239/ )

Failure of a CTest test [2020-06-15T09:22:31.635Z]   1/388 Test #233: ep_testsuite_basic.value_eviction.magma ...........................................................................Child aborted ( http://cv.jenkins.couchbase.com/job/kv_engine.threadsanitizer/job/master/4239/ )

http://cv.jenkins.couchbase.com/job/kv_engine-clang_format_9/1239/ : SUCCESS

http://cv.jenkins.couchbase.com/job/kv_engine-clang_analyzer-master/24559/ : SUCCESS

http://cv.jenkins.couchbase.com/job/kv_engine-clang_tidy/2735/ : SUCCESS

http://cv.jenkins.couchbase.com/job/kv_engine.linux-CE/job/master/4105/ : SUCCESS

http://cv.jenkins.couchbase.com/job/kv_engine.ASan-UBSan/job/master/11985/ : SUCCESS
----------------------------------------------------------------------------------------------------------------------
Author: Dave Rigby
Date: 2020-06-15 13:36:15.000000000
Message: 
Abandoned
----------------------------------------------------------------------------------------------------------------------
