======================================================================================================================
DESCRIPTION:

[testapp] Enable breakpad for memcached_testapp

And leave the test directory behind if we get a minidump. We need
minidumps enabled in order to get stack traces if memcached crash
on windows.

Change-Id: I5f1d2737b2284e4448492d113485837c3834d4c4

======================================================================================================================
COMMENTS
======================================================================================================================
Author: Trond Norbye
Date: 2021-05-07 07:35:21.000000000
Message: 
Uploaded patch set 7.
----------------------------------------------------------------------------------------------------------------------
Author: Build Bot
Date: 2021-05-07 09:06:14.000000000
Message: 
Patch Set 7: Verified-1

Build Failed 

http://cv.jenkins.couchbase.com/job/kv_engine-windows-master/35651/ : FAILURE

Failure of an engine_testapp test:

<pre>
Running [0033/0045]: test set_with_meta and drift stats...W0507 01:31:08.261777 68704 HazptrDomain.h:671] Using the default inline executor for asynchronous reclamation may be susceptible to deadlock if the current thread happens to hold a resource needed by the deleter of a reclaimable object
(28030 ms) OK

        Start 402: memcached_testapp.ep.TransportProtocols/XattrDisabledTest
395/407 Test #401: memcached_testapp.ep.TransportProtocols/XattrNoDocDurabilityTest ..............................................................   Passed    3.82 sec
        Start 403: testapp_auth_provider_test
396/407 Test #400: memcached_testapp.ep.TransportProtocols/XattrNoDocTest ........................................................................   Passed    5.18 sec
        Start 404: cluster_test
397/407 Test #402: memcached_testapp.ep.TransportProtocols/XattrDisabledTest .....................................................................   Passed    5.22 sec
        Start 405: memcached_topkeys_test
398/407 Test #399: memcached_testapp.ep.TransportProtocols/XattrTest .............................................................................   Passed    8.21 sec
        Start 406: memcached_unsigned_leb128_test
399/407 Test #403: testapp_auth_provider_test ....................................................................................................   Passed    4.68 sec
        Start 407: memcached-hostutils-test
400/407 Test #398: memcached_testapp.ep.TransportProtocols/WithMetaTest ..........................................................................   Passed   10.86 sec
401/407 Test #405: memcached_topkeys_test ........................................................................................................   Passed    4.55 sec
402/407 Test #406: memcached_unsigned_leb128_test ................................................................................................   Passed    4.35 sec
403/407 Test #407: memcached-hostutils-test ......................................................................................................   Passed    3.82 sec
404/407 Test #363: memcached_testapp.ep.TransportProtocols/BucketTest ............................................................................   Passed   70.82 sec
405/407 Test #392: memcached_testapp.ep.SDPerf/SubdocPerfTest ....................................................................................   Passed   36.40 sec
406/407 Test #287: ep_perfsuite.value_eviction ...................................................................................................   Passed  187.87 sec
407/407 Test #404: cluster_test ..................................................................................................................   Passed   64.51 sec

99% tests passed, 2 tests failed out of 407

Total Test time (real) = 478.74 sec

The following tests FAIL
</pre>
 ( http://cv.jenkins.couchbase.com/job/kv_engine-windows-master/35651/ )

Timeout of a CTest test 391/407 Test #285: ep_testsuite_xdcr.value_eviction.magma ........................................................................................} ( http://cv.jenkins.couchbase.com/job/kv_engine-windows-master/35651/ )

http://cv.jenkins.couchbase.com/job/kv_engine-clang_tidy/8828/ : SUCCESS

http://cv.jenkins.couchbase.com/job/kv_engine-clang_format_9/7380/ : SUCCESS

http://cv.jenkins.couchbase.com/job/kv_engine-clang_analyzer-master/30488/ : SUCCESS

http://cv.jenkins.couchbase.com/job/kv_engine.macos/job/master/9444/ : SUCCESS

http://cv.jenkins.couchbase.com/job/kv_engine.linux-CE/job/master/10373/ : SUCCESS

http://cv.jenkins.couchbase.com/job/kv_engine.linux/job/master/10514/ : SUCCESS

http://cv.jenkins.couchbase.com/job/kv_engine.threadsanitizer/job/master/10764/ : SUCCESS

http://cv.jenkins.couchbase.com/job/kv_engine.ASan-UBSan/job/master/18321/ : SUCCESS
----------------------------------------------------------------------------------------------------------------------
Author: Build Bot
Date: 2021-05-07 09:50:05.000000000
Message: 
Patch Set 7: Verified+1

Build Successful 

http://cv.jenkins.couchbase.com/job/kv_engine-clang_tidy/8828/ : SUCCESS

http://cv.jenkins.couchbase.com/job/kv_engine-clang_format_9/7380/ : SUCCESS

http://cv.jenkins.couchbase.com/job/kv_engine-clang_analyzer-master/30488/ : SUCCESS

http://cv.jenkins.couchbase.com/job/kv_engine.macos/job/master/9444/ : SUCCESS

http://cv.jenkins.couchbase.com/job/kv_engine.linux-CE/job/master/10373/ : SUCCESS

http://cv.jenkins.couchbase.com/job/kv_engine.linux/job/master/10514/ : SUCCESS

http://cv.jenkins.couchbase.com/job/kv_engine.threadsanitizer/job/master/10764/ : SUCCESS

http://cv.jenkins.couchbase.com/job/kv_engine.ASan-UBSan/job/master/18321/ : SUCCESS

http://cv.jenkins.couchbase.com/job/kv_engine-windows-master/35668/ : SUCCESS
----------------------------------------------------------------------------------------------------------------------
Author: Dave Rigby
Date: 2021-05-07 13:41:42.000000000
Message: 
Patch Set 7: Code-Review+2
----------------------------------------------------------------------------------------------------------------------
