======================================================================================================================
DESCRIPTION:

MB-45185: [Magma] Decrement collection size by full value at deletion

Currently we decrement collection sizes when deleting items in them
by the difference in the number of bytes that are/will be stored on
disk. An issue exists when purging tombstones though; it's not possible
to assert if we are looking at the most recent version of an item
when iterating items in the compaction callback, as such, we cannot
decrement the item count by the remaining bytes (of the tombstone)
as stale versions may exist.

Fix this issue by not tracking tombstones in the collection disk size
for magma.

Change-Id: Ibff066623a6920bc09d78e1481001237d4d3d3b6

======================================================================================================================
COMMENTS
======================================================================================================================
Author: Ben Huddleston
Date: 2021-11-25 07:52:26.000000000
Message: 
Uploaded patch set 5.
----------------------------------------------------------------------------------------------------------------------
Author: Build Bot
Date: 2021-11-25 08:29:08.000000000
Message: 
Patch Set 5: Verified-1

Build Failed 

http://cv.jenkins.couchbase.com/job/kv_engine-windows-master/42010/ : FAILURE

Failure of an engine_testapp test:

<pre>
Running [0038/0044]: test CAS regeneration seqno del_with_meta seqno...(12 ms) OK

        Start 418: memcached_unsigned_leb128_test
415/419 Test #418: memcached_unsigned_leb128_test ................................................................................................   Passed    0.05 sec
        Start 419: memcached-hostutils-test
416/419 Test #419: memcached-hostutils-test ......................................................................................................   Passed    0.15 sec
417/419 Test #415: memcached_testapp.ep.TransportProtocols/BucketTest ............................................................................   Passed    6.41 sec
418/419 Test #417: cluster_test ..................................................................................................................   Passed    6.00 sec
419/419 Test #414: memcached_testapp.ep.TransportProtocols/AuditTest .............................................................................   Passed   13.64 sec

99% tests passed, 1 tests failed out of 419

Total Test time (real) = 913.57 sec

The following tests FAIL
</pre>
 ( http://cv.jenkins.couchbase.com/job/kv_engine-windows-master/42010/ )

Timeout of a CTest test 414/419 Test #305: ep_testsuite_xdcr.ephemeral.comp_active .......................................................................................} ( http://cv.jenkins.couchbase.com/job/kv_engine-windows-master/42010/ )

http://cv.jenkins.couchbase.com/job/kv_engine-clang_analyzer-master/35654/ : SUCCESS

http://cv.jenkins.couchbase.com/job/kv_engine-clang_tidy-master/14188/ : SUCCESS

http://cv.jenkins.couchbase.com/job/kv_engine-clang_format_9/12993/ : SUCCESS

http://cv.jenkins.couchbase.com/job/kv_engine.ASan-UBSan/job/master/24189/ : SUCCESS

http://cv.jenkins.couchbase.com/job/kv_engine.threadsanitizer/job/master/16833/ : SUCCESS

http://cv.jenkins.couchbase.com/job/kv_engine.libFuzzer/job/master/3820/ : SUCCESS

http://cv.jenkins.couchbase.com/job/kv_engine.macos/job/master/14982/ : SUCCESS

http://cv.jenkins.couchbase.com/job/kv_engine.linux-CE/job/master/15811/ : SUCCESS

http://cv.jenkins.couchbase.com/job/kv_engine.linux/job/master/16097/ : SUCCESS

http://cv.jenkins.couchbase.com/job/kv_engine.aarch64-linux/job/master/3896/ : SUCCESS
----------------------------------------------------------------------------------------------------------------------
Author: Build Bot
Date: 2021-11-25 12:38:18.000000000
Message: 
Patch Set 5:

Build Failed 

http://cv.jenkins.couchbase.com/job/kv_engine-windows-master/42024/ : FAILURE

Timeout of a CTest test 419/419 Test #176: ep-engine_ep_unit_tests.PersistentAndEphemeral/StreamTest .....................................................................} ( http://cv.jenkins.couchbase.com/job/kv_engine-windows-master/42024/ )

http://cv.jenkins.couchbase.com/job/kv_engine-clang_analyzer-master/35654/ : SUCCESS

http://cv.jenkins.couchbase.com/job/kv_engine-clang_tidy-master/14188/ : SUCCESS

http://cv.jenkins.couchbase.com/job/kv_engine-clang_format_9/12993/ : SUCCESS

http://cv.jenkins.couchbase.com/job/kv_engine.ASan-UBSan/job/master/24189/ : SUCCESS

http://cv.jenkins.couchbase.com/job/kv_engine.threadsanitizer/job/master/16833/ : SUCCESS

http://cv.jenkins.couchbase.com/job/kv_engine.libFuzzer/job/master/3820/ : SUCCESS

http://cv.jenkins.couchbase.com/job/kv_engine.macos/job/master/14982/ : SUCCESS

http://cv.jenkins.couchbase.com/job/kv_engine.linux-CE/job/master/15811/ : SUCCESS

http://cv.jenkins.couchbase.com/job/kv_engine.linux/job/master/16097/ : SUCCESS

http://cv.jenkins.couchbase.com/job/kv_engine.aarch64-linux/job/master/3896/ : SUCCESS
----------------------------------------------------------------------------------------------------------------------
Author: Build Bot
Date: 2021-11-25 13:42:34.000000000
Message: 
Patch Set 5: Verified+1

Build Successful 

http://cv.jenkins.couchbase.com/job/kv_engine-clang_analyzer-master/35654/ : SUCCESS

http://cv.jenkins.couchbase.com/job/kv_engine-clang_tidy-master/14188/ : SUCCESS

http://cv.jenkins.couchbase.com/job/kv_engine-clang_format_9/12993/ : SUCCESS

http://cv.jenkins.couchbase.com/job/kv_engine.ASan-UBSan/job/master/24189/ : SUCCESS

http://cv.jenkins.couchbase.com/job/kv_engine.threadsanitizer/job/master/16833/ : SUCCESS

http://cv.jenkins.couchbase.com/job/kv_engine.libFuzzer/job/master/3820/ : SUCCESS

http://cv.jenkins.couchbase.com/job/kv_engine.macos/job/master/14982/ : SUCCESS

http://cv.jenkins.couchbase.com/job/kv_engine.linux-CE/job/master/15811/ : SUCCESS

http://cv.jenkins.couchbase.com/job/kv_engine.linux/job/master/16097/ : SUCCESS

http://cv.jenkins.couchbase.com/job/kv_engine.aarch64-linux/job/master/3896/ : SUCCESS

http://cv.jenkins.couchbase.com/job/kv_engine-windows-master/42028/ : SUCCESS
----------------------------------------------------------------------------------------------------------------------
