======================================================================================================================
DESCRIPTION:

MB-49626: Move dropped collection stats to MagmaDbStats

So that we can update them atomically in a CompactKVStore
call and avoid them getting otu of sync in the event of a
failure/crash.

Change-Id: I4fb6f242b0b2aeba5b305bc2893a6808d4323c2e

======================================================================================================================
COMMENTS
======================================================================================================================
Author: Ben Huddleston
Date: 2021-11-29 15:53:16.000000000
Message: 
Uploaded patch set 4.
----------------------------------------------------------------------------------------------------------------------
Author: Build Bot
Date: 2021-11-29 16:19:01.000000000
Message: 
Patch Set 4: Verified-1

Build Failed 

http://cv.jenkins.couchbase.com/job/kv_engine-windows-master/42091/ : FAILURE

Failure of an engine_testapp test:

<pre>
Running [0022/0159]: test observe seqno failover...(70 ms) OK


99% tests passed, 2 tests failed out of 419

Total Test time (real) = 660.98 sec

The following tests FAIL
</pre>
 ( http://cv.jenkins.couchbase.com/job/kv_engine-windows-master/42091/ )

Failure of GoogleTest "AllBucketTypes/ActiveDurabilityMonitorTest.DurabilityImpossible_2Replicas/ephemeral_fail_new_data":

<pre>
[ RUN      ] AllBucketTypes/ActiveDurabilityMonitorTest.DurabilityImpossible_2Replicas/ephemeral_fail_new_data
unknown file: error: C++ exception with description "KVStoreFactory ctor: Specified dbname "ep_engine_ep_unit_tests.db/test.737903" is not a directory" thrown in SetUp().
unknown file: error: SEH exception with code 0xc0000005 thrown in TearDown().
[  FAILED  ] AllBucketTypes/ActiveDurabilityMonitorTest.DurabilityImpossible_2Replicas/ephemeral_fail_new_data, where GetParam() = ("ephemeral", "fail_new_data") (6 ms)
AllBucketTypes/ActiveDurabilityMonitorTest.DurabilityImpossible_2Replicas/ephemeral_fail_new_data
</pre>
 ( http://cv.jenkins.couchbase.com/job/kv_engine-windows-master/42091/ )

Timeout of a CTest test 419/419 Test #270: ep_testsuite.full_eviction.comp_passive .......................................................................................} ( http://cv.jenkins.couchbase.com/job/kv_engine-windows-master/42091/ )

http://cv.jenkins.couchbase.com/job/kv_engine.threadsanitizer/job/master/16927/ : FAILURE

Failure of an engine_testapp test:

<pre>
Running [0016/0093]: test dcp replica stream one collection...../kv_engine/engines/ep/tests/ep_testsuite_dcp.cc:715 Test failed: `" (Expected `118", got `94" - Buffer Size did not get set correctly)
[2021-11-29T16:09:58.425Z] (30659 ms) FAIL
</pre>
 ( http://cv.jenkins.couchbase.com/job/kv_engine.threadsanitizer/job/master/16927/ )

Timeout of a CTest test [2021-11-29T16:04:14.899Z]   4/413 Test #224: ep-engine_ep_unit_tests.NexusFullOrValue/DurabilityWarmupTest ...............................................} ( http://cv.jenkins.couchbase.com/job/kv_engine.threadsanitizer/job/master/16927/ )

http://cv.jenkins.couchbase.com/job/kv_engine-clang_analyzer-master/35712/ : SUCCESS

http://cv.jenkins.couchbase.com/job/kv_engine-clang_tidy-master/14247/ : SUCCESS

http://cv.jenkins.couchbase.com/job/kv_engine-clang_format_9/13053/ : SUCCESS

http://cv.jenkins.couchbase.com/job/kv_engine.libFuzzer/job/master/3879/ : SUCCESS

http://cv.jenkins.couchbase.com/job/kv_engine.macos/job/master/15044/ : SUCCESS

http://cv.jenkins.couchbase.com/job/kv_engine.linux-CE/job/master/15871/ : SUCCESS

http://cv.jenkins.couchbase.com/job/kv_engine.linux/job/master/16160/ : SUCCESS

http://cv.jenkins.couchbase.com/job/kv_engine.aarch64-linux/job/master/3954/ : SUCCESS

http://cv.jenkins.couchbase.com/job/kv_engine.ASan-UBSan/job/master/24253/ : SUCCESS
----------------------------------------------------------------------------------------------------------------------
Author: Build Bot
Date: 2021-11-29 18:20:28.000000000
Message: 
Patch Set 4:

Build Failed 

http://cv.jenkins.couchbase.com/job/kv_engine.threadsanitizer/job/master/16932/ : FAILURE

Failure of an engine_testapp test:

<pre>
Running [0015/0093]: test dcp replica stream one collection with mutations just from disk...../kv_engine/engines/ep/tests/ep_testsuite_dcp.cc:715 Test failed: `" (Expected `414", got `390" - Buffer Size did not get set correctly)
[2021-11-29T18:15:54.007Z] (35626 ms) FAIL
</pre>
 ( http://cv.jenkins.couchbase.com/job/kv_engine.threadsanitizer/job/master/16932/ )

Timeout of a CTest test [2021-11-29T18:11:20.384Z]   6/413 Test #224: ep-engine_ep_unit_tests.NexusFullOrValue/DurabilityWarmupTest ...............................................} ( http://cv.jenkins.couchbase.com/job/kv_engine.threadsanitizer/job/master/16932/ )

http://cv.jenkins.couchbase.com/job/kv_engine-clang_analyzer-master/35712/ : SUCCESS

http://cv.jenkins.couchbase.com/job/kv_engine-windows-master/42096/ : SUCCESS

http://cv.jenkins.couchbase.com/job/kv_engine-clang_tidy-master/14247/ : SUCCESS

http://cv.jenkins.couchbase.com/job/kv_engine-clang_format_9/13053/ : SUCCESS

http://cv.jenkins.couchbase.com/job/kv_engine.libFuzzer/job/master/3879/ : SUCCESS

http://cv.jenkins.couchbase.com/job/kv_engine.macos/job/master/15044/ : SUCCESS

http://cv.jenkins.couchbase.com/job/kv_engine.linux-CE/job/master/15871/ : SUCCESS

http://cv.jenkins.couchbase.com/job/kv_engine.linux/job/master/16160/ : SUCCESS

http://cv.jenkins.couchbase.com/job/kv_engine.aarch64-linux/job/master/3954/ : SUCCESS

http://cv.jenkins.couchbase.com/job/kv_engine.ASan-UBSan/job/master/24253/ : SUCCESS
----------------------------------------------------------------------------------------------------------------------
Author: Build Bot
Date: 2021-11-29 20:29:53.000000000
Message: 
Patch Set 4:

Build Failed 

http://cv.jenkins.couchbase.com/job/kv_engine.threadsanitizer/job/master/16933/ : FAILURE

http://cv.jenkins.couchbase.com/job/kv_engine-clang_analyzer-master/35712/ : SUCCESS

http://cv.jenkins.couchbase.com/job/kv_engine-windows-master/42096/ : SUCCESS

http://cv.jenkins.couchbase.com/job/kv_engine-clang_tidy-master/14247/ : SUCCESS

http://cv.jenkins.couchbase.com/job/kv_engine-clang_format_9/13053/ : SUCCESS

http://cv.jenkins.couchbase.com/job/kv_engine.libFuzzer/job/master/3879/ : SUCCESS

http://cv.jenkins.couchbase.com/job/kv_engine.macos/job/master/15044/ : SUCCESS

http://cv.jenkins.couchbase.com/job/kv_engine.linux-CE/job/master/15871/ : SUCCESS

http://cv.jenkins.couchbase.com/job/kv_engine.linux/job/master/16160/ : SUCCESS

http://cv.jenkins.couchbase.com/job/kv_engine.aarch64-linux/job/master/3954/ : SUCCESS

http://cv.jenkins.couchbase.com/job/kv_engine.ASan-UBSan/job/master/24253/ : SUCCESS
----------------------------------------------------------------------------------------------------------------------
Author: Build Bot
Date: 2021-11-30 08:35:25.000000000
Message: 
Patch Set 4:

Build Failed 

http://cv.jenkins.couchbase.com/job/kv_engine.threadsanitizer/job/master/16934/ : FAILURE

http://cv.jenkins.couchbase.com/job/kv_engine-clang_analyzer-master/35712/ : SUCCESS

http://cv.jenkins.couchbase.com/job/kv_engine-windows-master/42096/ : SUCCESS

http://cv.jenkins.couchbase.com/job/kv_engine-clang_tidy-master/14247/ : SUCCESS

http://cv.jenkins.couchbase.com/job/kv_engine-clang_format_9/13053/ : SUCCESS

http://cv.jenkins.couchbase.com/job/kv_engine.libFuzzer/job/master/3879/ : SUCCESS

http://cv.jenkins.couchbase.com/job/kv_engine.macos/job/master/15044/ : SUCCESS

http://cv.jenkins.couchbase.com/job/kv_engine.linux-CE/job/master/15871/ : SUCCESS

http://cv.jenkins.couchbase.com/job/kv_engine.linux/job/master/16160/ : SUCCESS

http://cv.jenkins.couchbase.com/job/kv_engine.aarch64-linux/job/master/3954/ : SUCCESS

http://cv.jenkins.couchbase.com/job/kv_engine.ASan-UBSan/job/master/24253/ : SUCCESS
----------------------------------------------------------------------------------------------------------------------
Author: Build Bot
Date: 2021-11-30 09:00:43.000000000
Message: 
Patch Set 4: Verified+1

Build Successful 

http://cv.jenkins.couchbase.com/job/kv_engine-clang_analyzer-master/35712/ : SUCCESS

http://cv.jenkins.couchbase.com/job/kv_engine-windows-master/42096/ : SUCCESS

http://cv.jenkins.couchbase.com/job/kv_engine-clang_tidy-master/14247/ : SUCCESS

http://cv.jenkins.couchbase.com/job/kv_engine-clang_format_9/13053/ : SUCCESS

http://cv.jenkins.couchbase.com/job/kv_engine.libFuzzer/job/master/3879/ : SUCCESS

http://cv.jenkins.couchbase.com/job/kv_engine.macos/job/master/15044/ : SUCCESS

http://cv.jenkins.couchbase.com/job/kv_engine.linux-CE/job/master/15871/ : SUCCESS

http://cv.jenkins.couchbase.com/job/kv_engine.linux/job/master/16160/ : SUCCESS

http://cv.jenkins.couchbase.com/job/kv_engine.aarch64-linux/job/master/3954/ : SUCCESS

http://cv.jenkins.couchbase.com/job/kv_engine.ASan-UBSan/job/master/24253/ : SUCCESS

http://cv.jenkins.couchbase.com/job/kv_engine.threadsanitizer/job/master/16935/ : SUCCESS
----------------------------------------------------------------------------------------------------------------------
