======================================================================================================================
DESCRIPTION:

Move rollback_seqno out param to FailoverTable::RollbackResult

Change-Id: I9f5e4ba028ec631753f43ede5185dc7cbbda5c6f

======================================================================================================================
COMMENTS
======================================================================================================================
Author: Ben Huddleston
Date: 2022-04-06 14:02:52.000000000
Message: 
Uploaded patch set 4: Patch Set 3 was rebased.
----------------------------------------------------------------------------------------------------------------------
Author: Build Bot
Date: 2022-04-06 14:38:23.000000000
Message: 
Patch Set 4: Verified-1 Code-Review-1

Build Failed 

http://cv.jenkins.couchbase.com/job/kv_engine-windows-master/45025/ : FAILURE

Failure of an engine_testapp test:

<pre>
Running [34/44]: test setting drift threshold...(22 ms) OK

        Start 422: memcached_unsigned_leb128_test
419/423 Test #422: memcached_unsigned_leb128_test ..........................................................................   Passed    0.12 sec
        Start 423: memcached-hostutils-test
420/423 Test #423: memcached-hostutils-test ................................................................................   Passed    0.07 sec
421/423 Test #419: memcached_testapp.ep.TransportProtocols/BucketTest ......................................................   Passed    6.32 sec
422/423 Test #421: cluster_test ............................................................................................   Passed    7.04 sec
423/423 Test #418: memcached_testapp.ep.TransportProtocols/AuditTest .......................................................   Passed   14.38 sec

99% tests passed, 1 tests failed out of 423

Total Test time (real) = 708.98 sec

The following tests FAIL
</pre>
 ( http://cv.jenkins.couchbase.com/job/kv_engine-windows-master/45025/ )

Timeout of a CTest test 418/423 Test #309: ep_testsuite_xdcr.ephemeral.comp_active .................................................................} ( http://cv.jenkins.couchbase.com/job/kv_engine-windows-master/45025/ )

http://cv.jenkins.couchbase.com/job/kv_engine-clang_tidy-master/16428/ : FAILURE

No problems were identified. If you know why this problem occurred, please add a suitable Cause for it. ( http://cv.jenkins.couchbase.com/job/kv_engine-clang_tidy-master/16428/ )

http://cv.jenkins.couchbase.com/job/kv_engine-clang_analyzer-master/37823/ : SUCCESS

http://cv.jenkins.couchbase.com/job/kv_engine-clang_format_9/15364/ : SUCCESS

http://cv.jenkins.couchbase.com/job/kv_engine.libFuzzer/job/master/6085/ : SUCCESS

http://cv.jenkins.couchbase.com/job/kv_engine.threadsanitizer/job/master/19234/ : SUCCESS

http://cv.jenkins.couchbase.com/job/kv_engine.linux-CE/job/master/18200/ : SUCCESS

http://cv.jenkins.couchbase.com/job/kv_engine.linux/job/master/18536/ : SUCCESS

http://cv.jenkins.couchbase.com/job/kv_engine.ASan-UBSan/job/master/26611/ : SUCCESS

http://cv.jenkins.couchbase.com/job/kv_engine.aarch64-linux/job/master/6145/ : SUCCESS

http://cv.jenkins.couchbase.com/job/kv_engine.macos/job/master/17296/ : SUCCESS
----------------------------------------------------------------------------------------------------------------------
