======================================================================================================================
DESCRIPTION:

MB-48473: Don't move purge seqno for implictly purged logical deletes

We shouldn't move the purge seqno for these items as we only need to
ensure that clients receive the collection end tombstone. Moving
the purge seqno leads to increased and potentially unnecessary rolling
back.

Change-Id: Ifaf680e302fdc37b1f927189a78efd65374ea26a

======================================================================================================================
COMMENTS
======================================================================================================================
Author: Ben Huddleston
Date: 2021-09-22 13:12:01.000000000
Message: 
Uploaded patch set 4.
----------------------------------------------------------------------------------------------------------------------
Author: Build Bot
Date: 2021-09-22 13:51:37.000000000
Message: 
Patch Set 4: Verified-1

Build Failed 

http://cv.jenkins.couchbase.com/job/kv_engine-windows-master/40246/ : FAILURE

Failure of an engine_testapp test:

<pre>
Running [0041/0158]: file stats...(8 ms) SKIPPED


99% tests passed, 1 tests failed out of 411

Total Test time (real) = 666.06 sec

The following tests FAIL
</pre>
 ( http://cv.jenkins.couchbase.com/job/kv_engine-windows-master/40246/ )

Timeout of a CTest test 411/411 Test #264: ep_testsuite.ephemeral.comp_active ............................................................................................} ( http://cv.jenkins.couchbase.com/job/kv_engine-windows-master/40246/ )

http://cv.jenkins.couchbase.com/job/kv_engine.threadsanitizer/job/master/15078/ : FAILURE

Timeout of a CTest test [2021-09-22T13:37:58.793Z] 405/405 Test #246: ep-engine_ep_unit_tests.STParamMagmaBucketTest/STParamMagmaBucketTest .......................................} ( http://cv.jenkins.couchbase.com/job/kv_engine.threadsanitizer/job/master/15078/ )

http://cv.jenkins.couchbase.com/job/kv_engine.ASan-UBSan/job/master/22583/ : FAILURE

http://cv.jenkins.couchbase.com/job/kv_engine.aarch64-linux/job/master/2372/ : FAILURE

Timeout of a CTest test [2021-09-22T13:34:00.829Z] 432/432 Test #263: ep-engine_ep_unit_tests.STParamMagmaBucketTest/STParamMagmaBucketTest .......................................} ( http://cv.jenkins.couchbase.com/job/kv_engine.aarch64-linux/job/master/2372/ )

http://cv.jenkins.couchbase.com/job/kv_engine-clang_analyzer-master/34259/ : SUCCESS

http://cv.jenkins.couchbase.com/job/kv_engine-clang_tidy-master/12700/ : SUCCESS

http://cv.jenkins.couchbase.com/job/kv_engine-clang_format_9/11491/ : SUCCESS

http://cv.jenkins.couchbase.com/job/kv_engine.libFuzzer/job/master/2340/ : SUCCESS

http://cv.jenkins.couchbase.com/job/kv_engine.linux-CE/job/master/14316/ : SUCCESS

http://cv.jenkins.couchbase.com/job/kv_engine.macos/job/master/13459/ : SUCCESS

http://cv.jenkins.couchbase.com/job/kv_engine.linux/job/master/14570/ : SUCCESS
----------------------------------------------------------------------------------------------------------------------
Author: Ben Huddleston
Date: 2021-09-22 14:16:20.000000000
Message: 
Removed reviewer Trond Norbye.
----------------------------------------------------------------------------------------------------------------------
Author: Ben Huddleston
Date: 2021-09-22 14:16:22.000000000
Message: 
Removed reviewer Build Bot with the following votes:

* Verified-1 by Build Bot <build@couchbase.com>

----------------------------------------------------------------------------------------------------------------------
Author: Ben Huddleston
Date: 2021-09-22 14:16:23.000000000
Message: 
Removed reviewer Dave Rigby.
----------------------------------------------------------------------------------------------------------------------
Author: Ben Huddleston
Date: 2021-09-22 14:16:23.000000000
Message: 
Removed reviewer Jim Walker.
----------------------------------------------------------------------------------------------------------------------
Author: Ben Huddleston
Date: 2021-09-22 14:16:24.000000000
Message: 
Removed reviewer Daniel Owen.
----------------------------------------------------------------------------------------------------------------------
Author: Ben Huddleston
Date: 2021-09-22 14:16:25.000000000
Message: 
Removed reviewer Dave Finlay.
----------------------------------------------------------------------------------------------------------------------
Author: Ben Huddleston
Date: 2021-09-22 14:16:26.000000000
Message: 
Removed reviewer James H.
----------------------------------------------------------------------------------------------------------------------
Author: Ben Huddleston
Date: 2021-09-22 14:16:27.000000000
Message: 
Removed reviewer Paolo Cocchi.
----------------------------------------------------------------------------------------------------------------------
Author: Ben Huddleston
Date: 2021-09-22 14:16:28.000000000
Message: 
Removed reviewer Richard de Mellow.
----------------------------------------------------------------------------------------------------------------------
