======================================================================================================================
DESCRIPTION:

MB-51606: Notify PDM of last consistent point on transition

To ensure that we can ack any seqno that a previous active node may
have processed but was not yet satisfied (i.e. persisted). This fixes
the following scenario:

1) vBucket was active
2) vBucket starts sync write requiring persistence (seqno 1)
3) vBucket set to dead
4) vBucket persists sync write from step 3
5) vBucket set to replica
6) vBucket connects to new active and sends no seqno ack

Change-Id: I07ab6a4df25ce4994ab93ca19135e7495354d697

======================================================================================================================
COMMENTS
======================================================================================================================
Author: Ben Huddleston
Date: 2022-06-16 11:35:32.000000000
Message: 
Uploaded patch set 13.
----------------------------------------------------------------------------------------------------------------------
Author: Restriction Checker
Date: 2022-06-16 11:35:43.000000000
Message: 
Patch Set 13: Well-Formed-1

Branch restricted. PLEASE READ this URL: 

http://server.jenkins.couchbase.com/job/restricted-branch-check/303043/artifact/restricted.html : FAILURE
----------------------------------------------------------------------------------------------------------------------
Author: Build Bot
Date: 2022-06-16 12:12:16.000000000
Message: 
Patch Set 13: Verified-1

Build Failed 

http://cv.jenkins.couchbase.com/job/kv_engine-windows-neo/375/ : FAILURE

Failure of an engine_testapp test:

<pre>
Running [50/93]: test partial rollback on consumer...(89 ms) OK


99% tests passed, 1 tests failed out of 423

Total Test time (real) = 365.61 sec

The following tests FAIL
</pre>
 ( http://cv.jenkins.couchbase.com/job/kv_engine-windows-neo/375/ )

Timeout of a CTest test 423/423 Test #290: ep_testsuite_dcp.full_eviction.comp_passive ...................................................................................} ( http://cv.jenkins.couchbase.com/job/kv_engine-windows-neo/375/ )

http://cv.jenkins.couchbase.com/job/kv_engine.macos/job/neo/395/ : FAILURE

Failure of an engine_testapp test:

<pre>
Running [42/159]: file stats post warmup...../kv_engine/engines/ep/tests/ep_testsuite.cc:2327 Test failed: `" (Expected `317030" to be less than or equal to `286720" - Unexpected fileSize for vbucket)
[2022-06-16T11:47:04.569Z] (291 ms) FAIL
</pre>
 ( http://cv.jenkins.couchbase.com/job/kv_engine.macos/job/neo/395/ )

Timeout of a CTest test [2022-06-16T12:12:07.242Z] 443/443 Test #441: cluster_test ................................................................................................} ( http://cv.jenkins.couchbase.com/job/kv_engine.macos/job/neo/395/ )

http://cv.jenkins.couchbase.com/job/kv_engine-clang_tidy-neo/276/ : SUCCESS

http://cv.jenkins.couchbase.com/job/kv_engine-clang_format_9/17253/ : SUCCESS

http://cv.jenkins.couchbase.com/job/kv_engine-clang_analyzer-neo/272/ : SUCCESS

http://cv.jenkins.couchbase.com/job/kv_engine.aarch64-linux/job/neo/273/ : SUCCESS

http://cv.jenkins.couchbase.com/job/kv_engine.libFuzzer/job/neo/277/ : SUCCESS

http://cv.jenkins.couchbase.com/job/kv_engine.ASan-UBSan/job/neo/285/ : SUCCESS

http://cv.jenkins.couchbase.com/job/kv_engine.threadsanitizer/job/neo/283/ : SUCCESS

http://cv.jenkins.couchbase.com/job/kv_engine.linux-CE/job/neo/294/ : SUCCESS

http://cv.jenkins.couchbase.com/job/kv_engine.linux/job/neo/285/ : SUCCESS
----------------------------------------------------------------------------------------------------------------------
Author: Build Bot
Date: 2022-06-16 12:49:51.000000000
Message: 
Patch Set 13:

Build Failed 

http://cv.jenkins.couchbase.com/job/kv_engine-windows-neo/376/ : FAILURE

Failure of GoogleTest "AllBackends/DurabilityBucketTest.SyncAddAfterAbortedSyncWrite/persistent_nexus_couchstore_magma_value_only":

<pre>
[ RUN      ] AllBackends/DurabilityBucketTest.SyncAddAfterAbortedSyncWrite/persistent_nexus_couchstore_magma_value_only
2022-06-16T05:26:56.170020-07:00 CRITICAL NexusKVStore::snapshotVBucket: vb:0 primaryResult:false secondaryResult:true purgeSeqno:0
unknown file: error: C++ exception with description "NexusKVStore::snapshotVBucket: vb:0 primaryResult:false secondaryResult:true purgeSeqno:0" thrown in the test body.
[  FAILED  ] AllBackends/DurabilityBucketTest.SyncAddAfterAbortedSyncWrite/persistent_nexus_couchstore_magma_value_only, where GetParam() = "bucket_type=persistent:backend=nexus:nexus_primary_backend=couchstore:nexus_secondary_backend=magma:item_eviction_policy=value_only" (76 ms)
AllBackends/DurabilityBucketTest.SyncAddAfterAbortedSyncWrite/persistent_nexus_couchstore_magma_value_only
</pre>
 ( http://cv.jenkins.couchbase.com/job/kv_engine-windows-neo/376/ )

http://cv.jenkins.couchbase.com/job/kv_engine.macos/job/neo/397/ : FAILURE

Failure of an engine_testapp test:

<pre>
Running [42/159]: file stats post warmup...../kv_engine/engines/ep/tests/ep_testsuite.cc:2327 Test failed: `" (Expected `317030" to be less than or equal to `286720" - Unexpected fileSize for vbucket)
[2022-06-16T12:24:43.961Z] (262 ms) FAIL
</pre>
 ( http://cv.jenkins.couchbase.com/job/kv_engine.macos/job/neo/397/ )

Timeout of a CTest test [2022-06-16T12:49:43.641Z] 443/443 Test #441: cluster_test ................................................................................................} ( http://cv.jenkins.couchbase.com/job/kv_engine.macos/job/neo/397/ )

http://cv.jenkins.couchbase.com/job/kv_engine-clang_tidy-neo/276/ : SUCCESS

http://cv.jenkins.couchbase.com/job/kv_engine-clang_format_9/17253/ : SUCCESS

http://cv.jenkins.couchbase.com/job/kv_engine-clang_analyzer-neo/272/ : SUCCESS

http://cv.jenkins.couchbase.com/job/kv_engine.aarch64-linux/job/neo/273/ : SUCCESS

http://cv.jenkins.couchbase.com/job/kv_engine.libFuzzer/job/neo/277/ : SUCCESS

http://cv.jenkins.couchbase.com/job/kv_engine.ASan-UBSan/job/neo/285/ : SUCCESS

http://cv.jenkins.couchbase.com/job/kv_engine.threadsanitizer/job/neo/283/ : SUCCESS

http://cv.jenkins.couchbase.com/job/kv_engine.linux-CE/job/neo/294/ : SUCCESS

http://cv.jenkins.couchbase.com/job/kv_engine.linux/job/neo/285/ : SUCCESS
----------------------------------------------------------------------------------------------------------------------
Author: Build Bot
Date: 2022-06-16 15:28:32.000000000
Message: 
Patch Set 13:

Build Failed 

http://cv.jenkins.couchbase.com/job/kv_engine.macos/job/neo/401/ : FAILURE

Failure of GoogleTest "EphemeralOrPersistent/STItemPagerTest.ReplicaEvictedBeforeActive/persistent_couchstore_value_only":

<pre>
[ RUN      ] EphemeralOrPersistent/STItemPagerTest.ReplicaEvictedBeforeActive/persistent_couchstore_value_only
[2022-06-16T15:23:48.137Z] ../kv_engine/engines/ep/tests/module_tests/item_pager_test.cc:1180: Failure
[2022-06-16T15:23:48.137Z] Expected equality of these values:
[2022-06-16T15:23:48.137Z]   100
[2022-06-16T15:23:48.137Z]   getRRPercent(*store->getVBucket(vbid))
[2022-06-16T15:23:48.137Z]     Which is: 94
[2022-06-16T15:23:48.137Z] vb:0 not fully resident after eviction
[2022-06-16T15:23:48.137Z] ../kv_engine/engines/ep/tests/module_tests/item_pager_test.cc:1180: Failure
[2022-06-16T15:23:48.137Z] Expected equality of these values:
[2022-06-16T15:23:48.137Z]   100
[2022-06-16T15:23:48.137Z]   getRRPercent(*store->getVBucket(vbid))
[2022-06-16T15:23:48.137Z]     Which is: 99
[2022-06-16T15:23:48.137Z] vb:1 not fully resident after eviction
[2022-06-16T15:23:48.137Z] [  FAILED  ] EphemeralOrPersistent/STItemPagerTest.ReplicaEvictedBeforeActive/persistent_couchstore_value_only, where GetParam() = "bucket_type=persistent:backend=couchstore:item_eviction_policy=value_only" (385 ms)
EphemeralOrPersistent/STItemPagerTest.ReplicaEvictedBeforeActive/persistent_couchstore_value_only
</pre>
 ( http://cv.jenkins.couchbase.com/job/kv_engine.macos/job/neo/401/ )

http://cv.jenkins.couchbase.com/job/kv_engine-clang_tidy-neo/276/ : SUCCESS

http://cv.jenkins.couchbase.com/job/kv_engine-clang_format_9/17253/ : SUCCESS

http://cv.jenkins.couchbase.com/job/kv_engine-clang_analyzer-neo/272/ : SUCCESS

http://cv.jenkins.couchbase.com/job/kv_engine.aarch64-linux/job/neo/273/ : SUCCESS

http://cv.jenkins.couchbase.com/job/kv_engine.libFuzzer/job/neo/277/ : SUCCESS

http://cv.jenkins.couchbase.com/job/kv_engine.ASan-UBSan/job/neo/285/ : SUCCESS

http://cv.jenkins.couchbase.com/job/kv_engine.threadsanitizer/job/neo/283/ : SUCCESS

http://cv.jenkins.couchbase.com/job/kv_engine.linux-CE/job/neo/294/ : SUCCESS

http://cv.jenkins.couchbase.com/job/kv_engine.linux/job/neo/285/ : SUCCESS

http://cv.jenkins.couchbase.com/job/kv_engine-windows-neo/381/ : SUCCESS
----------------------------------------------------------------------------------------------------------------------
Author: Build Bot
Date: 2022-06-17 08:29:40.000000000
Message: 
Patch Set 13:

Build Failed 

http://cv.jenkins.couchbase.com/job/kv_engine.macos/job/neo/402/ : FAILURE

No problems were identified. If you know why this problem occurred, please add a suitable Cause for it. ( http://cv.jenkins.couchbase.com/job/kv_engine.macos/job/neo/402/ )

http://cv.jenkins.couchbase.com/job/kv_engine-clang_tidy-neo/276/ : SUCCESS

http://cv.jenkins.couchbase.com/job/kv_engine-clang_format_9/17253/ : SUCCESS

http://cv.jenkins.couchbase.com/job/kv_engine-clang_analyzer-neo/272/ : SUCCESS

http://cv.jenkins.couchbase.com/job/kv_engine.aarch64-linux/job/neo/273/ : SUCCESS

http://cv.jenkins.couchbase.com/job/kv_engine.libFuzzer/job/neo/277/ : SUCCESS

http://cv.jenkins.couchbase.com/job/kv_engine.ASan-UBSan/job/neo/285/ : SUCCESS

http://cv.jenkins.couchbase.com/job/kv_engine.threadsanitizer/job/neo/283/ : SUCCESS

http://cv.jenkins.couchbase.com/job/kv_engine.linux-CE/job/neo/294/ : SUCCESS

http://cv.jenkins.couchbase.com/job/kv_engine.linux/job/neo/285/ : SUCCESS

http://cv.jenkins.couchbase.com/job/kv_engine-windows-neo/381/ : SUCCESS
----------------------------------------------------------------------------------------------------------------------
Author: Build Bot
Date: 2022-06-17 09:39:41.000000000
Message: 
Patch Set 13:

Build Failed 

http://cv.jenkins.couchbase.com/job/kv_engine.macos/job/neo/403/ : FAILURE

Failure of an engine_testapp test:

<pre>
Running [42/159]: file stats post warmup...../kv_engine/engines/ep/tests/ep_testsuite.cc:2327 Test failed: `" (Expected `368640" to be less than or equal to `360448" - Unexpected fileSize for vbucket)
[2022-06-17T09:10:07.856Z] (280 ms) FAIL
</pre>
 ( http://cv.jenkins.couchbase.com/job/kv_engine.macos/job/neo/403/ )

Failure of GoogleTest "ExecutorPoolTest/0.Wake":

<pre>
[ RUN      ] ExecutorPoolTest/0.Wake
[2022-06-17T09:20:57.073Z] [       OK ] ExecutorPoolTest/0.Wake (2 ms)
[2022-06-17T09:20:57.073Z] [ RUN      ] ExecutorPoolTest/0.WakeMultiple
[2022-06-17T09:20:57.073Z] [       OK ] ExecutorPoolTest/0.WakeMultiple (2 ms)
[2022-06-17T09:20:57.073Z] [ RUN      ] ExecutorPoolTest/0.WakeWithoutSchedule
[2022-06-17T09:20:57.073Z] [       OK ] ExecutorPoolTest/0.WakeWithoutSchedule (1 ms)
[2022-06-17T09:20:57.073Z] [ RUN      ] ExecutorPoolTest/0.WakeUpdatesWaketime
[2022-06-17T09:20:57.073Z] [       OK ] ExecutorPoolTest/0.WakeUpdatesWaketime (2 ms)
[2022-06-17T09:20:57.073Z] [ RUN      ] ExecutorPoolTest/0.Snooze
[2022-06-17T09:20:57.073Z] [       OK ] ExecutorPoolTest/0.Snooze (1 ms)
[2022-06-17T09:20:57.073Z] [ RUN      ] ExecutorPoolTest/0.SnoozeThenWake
[2022-06-17T09:20:57.073Z] [       OK ] ExecutorPoolTest/0.SnoozeThenWake (25 ms)
[2022-06-17T09:20:57.073Z] [ RUN      ] ExecutorPoolTest/0.WakeSetsTaskRunning
[2022-06-17T09:20:57.073Z] ../kv_engine/engines/ep/tests/module_tests/executorpool_test.cc:551: Failure
[2022-06-17T09:20:57.073Z] Expected equality of these values:
[2022-06-17T09:20:57.073Z]   task_state_t::TASK_RUNNING
[2022-06-17T09:20:57.073Z]     Which is: RUNNING
[2022-06-17T09:20:57.073Z]   task->getState()
[2022-06-17T09:20:57.073Z]     Which is: DEAD
[2022-06-17T09:20:57.073Z] [  FAILED  ] ExecutorPoolTest/0.WakeSetsTaskRunning, where TypeParam = TestExecutorPool (2 ms)
ExecutorPoolTest/0.Wake
</pre>
 ( http://cv.jenkins.couchbase.com/job/kv_engine.macos/job/neo/403/ )

Timeout of a CTest test [2022-06-17T09:39:31.662Z] 443/443 Test #441: cluster_test ................................................................................................} ( http://cv.jenkins.couchbase.com/job/kv_engine.macos/job/neo/403/ )

http://cv.jenkins.couchbase.com/job/kv_engine-clang_tidy-neo/276/ : SUCCESS

http://cv.jenkins.couchbase.com/job/kv_engine-clang_format_9/17253/ : SUCCESS

http://cv.jenkins.couchbase.com/job/kv_engine-clang_analyzer-neo/272/ : SUCCESS

http://cv.jenkins.couchbase.com/job/kv_engine.aarch64-linux/job/neo/273/ : SUCCESS

http://cv.jenkins.couchbase.com/job/kv_engine.libFuzzer/job/neo/277/ : SUCCESS

http://cv.jenkins.couchbase.com/job/kv_engine.ASan-UBSan/job/neo/285/ : SUCCESS

http://cv.jenkins.couchbase.com/job/kv_engine.threadsanitizer/job/neo/283/ : SUCCESS

http://cv.jenkins.couchbase.com/job/kv_engine.linux-CE/job/neo/294/ : SUCCESS

http://cv.jenkins.couchbase.com/job/kv_engine.linux/job/neo/285/ : SUCCESS

http://cv.jenkins.couchbase.com/job/kv_engine-windows-neo/381/ : SUCCESS
----------------------------------------------------------------------------------------------------------------------
Author: Build Bot
Date: 2022-06-17 13:18:38.000000000
Message: 
Patch Set 13:

Build Failed 

http://cv.jenkins.couchbase.com/job/kv_engine.macos/job/neo/405/ : FAILURE

Failure of GoogleTest "EphemeralOrPersistent/STItemPagerTest.ReplicaEvictedBeforeActive/persistent_couchstore_value_only":

<pre>
[ RUN      ] EphemeralOrPersistent/STItemPagerTest.ReplicaEvictedBeforeActive/persistent_couchstore_value_only
[2022-06-17T13:13:38.259Z] ../kv_engine/engines/ep/tests/module_tests/item_pager_test.cc:1180: Failure
[2022-06-17T13:13:38.259Z] Expected equality of these values:
[2022-06-17T13:13:38.259Z]   100
[2022-06-17T13:13:38.259Z]   getRRPercent(*store->getVBucket(vbid))
[2022-06-17T13:13:38.259Z]     Which is: 97
[2022-06-17T13:13:38.259Z] vb:0 not fully resident after eviction
[2022-06-17T13:13:38.259Z] ../kv_engine/engines/ep/tests/module_tests/item_pager_test.cc:1180: Failure
[2022-06-17T13:13:38.259Z] Expected equality of these values:
[2022-06-17T13:13:38.259Z]   100
[2022-06-17T13:13:38.259Z]   getRRPercent(*store->getVBucket(vbid))
[2022-06-17T13:13:38.259Z]     Which is: 98
[2022-06-17T13:13:38.259Z] vb:1 not fully resident after eviction
[2022-06-17T13:13:38.259Z] [  FAILED  ] EphemeralOrPersistent/STItemPagerTest.ReplicaEvictedBeforeActive/persistent_couchstore_value_only, where GetParam() = "bucket_type=persistent:backend=couchstore:item_eviction_policy=value_only" (353 ms)
EphemeralOrPersistent/STItemPagerTest.ReplicaEvictedBeforeActive/persistent_couchstore_value_only
</pre>
 ( http://cv.jenkins.couchbase.com/job/kv_engine.macos/job/neo/405/ )

http://cv.jenkins.couchbase.com/job/kv_engine-clang_tidy-neo/276/ : SUCCESS

http://cv.jenkins.couchbase.com/job/kv_engine-clang_format_9/17253/ : SUCCESS

http://cv.jenkins.couchbase.com/job/kv_engine-clang_analyzer-neo/272/ : SUCCESS

http://cv.jenkins.couchbase.com/job/kv_engine.aarch64-linux/job/neo/273/ : SUCCESS

http://cv.jenkins.couchbase.com/job/kv_engine.libFuzzer/job/neo/277/ : SUCCESS

http://cv.jenkins.couchbase.com/job/kv_engine.ASan-UBSan/job/neo/285/ : SUCCESS

http://cv.jenkins.couchbase.com/job/kv_engine.threadsanitizer/job/neo/283/ : SUCCESS

http://cv.jenkins.couchbase.com/job/kv_engine.linux-CE/job/neo/294/ : SUCCESS

http://cv.jenkins.couchbase.com/job/kv_engine.linux/job/neo/285/ : SUCCESS

http://cv.jenkins.couchbase.com/job/kv_engine-windows-neo/381/ : SUCCESS
----------------------------------------------------------------------------------------------------------------------
Author: Build Bot
Date: 2022-06-17 14:07:19.000000000
Message: 
Patch Set 13:

Build Failed 

http://cv.jenkins.couchbase.com/job/kv_engine.macos/job/neo/406/ : FAILURE

Failure of an engine_testapp test:

<pre>
Running [42/159]: file stats post warmup...../kv_engine/engines/ep/tests/ep_testsuite.cc:2327 Test failed: `" (Expected `191693" to be less than or equal to `188416" - Unexpected fileSize for vbucket)
[2022-06-17T13:41:55.405Z] (228 ms) FAIL
</pre>
 ( http://cv.jenkins.couchbase.com/job/kv_engine.macos/job/neo/406/ )

Timeout of a CTest test [2022-06-17T14:07:09.900Z] 443/443 Test #441: cluster_test ................................................................................................} ( http://cv.jenkins.couchbase.com/job/kv_engine.macos/job/neo/406/ )

http://cv.jenkins.couchbase.com/job/kv_engine-clang_tidy-neo/276/ : SUCCESS

http://cv.jenkins.couchbase.com/job/kv_engine-clang_format_9/17253/ : SUCCESS

http://cv.jenkins.couchbase.com/job/kv_engine-clang_analyzer-neo/272/ : SUCCESS

http://cv.jenkins.couchbase.com/job/kv_engine.aarch64-linux/job/neo/273/ : SUCCESS

http://cv.jenkins.couchbase.com/job/kv_engine.libFuzzer/job/neo/277/ : SUCCESS

http://cv.jenkins.couchbase.com/job/kv_engine.ASan-UBSan/job/neo/285/ : SUCCESS

http://cv.jenkins.couchbase.com/job/kv_engine.threadsanitizer/job/neo/283/ : SUCCESS

http://cv.jenkins.couchbase.com/job/kv_engine.linux-CE/job/neo/294/ : SUCCESS

http://cv.jenkins.couchbase.com/job/kv_engine.linux/job/neo/285/ : SUCCESS

http://cv.jenkins.couchbase.com/job/kv_engine-windows-neo/381/ : SUCCESS
----------------------------------------------------------------------------------------------------------------------
Author: Build Bot
Date: 2022-06-17 15:16:27.000000000
Message: 
Patch Set 13:

Build Failed 

http://cv.jenkins.couchbase.com/job/kv_engine.macos/job/neo/407/ : FAILURE

Timeout of a CTest test [2022-06-17T15:16:18.348Z] 443/443 Test #441: cluster_test ................................................................................................} ( http://cv.jenkins.couchbase.com/job/kv_engine.macos/job/neo/407/ )

http://cv.jenkins.couchbase.com/job/kv_engine-clang_tidy-neo/276/ : SUCCESS

http://cv.jenkins.couchbase.com/job/kv_engine-clang_format_9/17253/ : SUCCESS

http://cv.jenkins.couchbase.com/job/kv_engine-clang_analyzer-neo/272/ : SUCCESS

http://cv.jenkins.couchbase.com/job/kv_engine.aarch64-linux/job/neo/273/ : SUCCESS

http://cv.jenkins.couchbase.com/job/kv_engine.libFuzzer/job/neo/277/ : SUCCESS

http://cv.jenkins.couchbase.com/job/kv_engine.ASan-UBSan/job/neo/285/ : SUCCESS

http://cv.jenkins.couchbase.com/job/kv_engine.threadsanitizer/job/neo/283/ : SUCCESS

http://cv.jenkins.couchbase.com/job/kv_engine.linux-CE/job/neo/294/ : SUCCESS

http://cv.jenkins.couchbase.com/job/kv_engine.linux/job/neo/285/ : SUCCESS

http://cv.jenkins.couchbase.com/job/kv_engine-windows-neo/381/ : SUCCESS
----------------------------------------------------------------------------------------------------------------------
Author: Ben Huddleston
Date: 2022-06-21 07:34:07.000000000
Message: 
Patch Set 13: Verified+1

(1 comment)
File Comment: /PATCHSET_LEVEL -> failures unrelated - overriding
----------------------------------------------------------------------------------------------------------------------
Author: Ben Huddleston
Date: 2022-06-21 07:34:13.000000000
Message: 
Removed Verified-1 by <GERRIT_ACCOUNT_1000011>

----------------------------------------------------------------------------------------------------------------------
Author: Ben Huddleston
Date: 2022-06-21 07:38:31.000000000
Message: 
Patch Set 13: -Verified

(1 comment)
File Comment: /PATCHSET_LEVEL -> check approval
----------------------------------------------------------------------------------------------------------------------
Author: Restriction Checker
Date: 2022-06-21 07:38:43.000000000
Message: 
Patch Set 13: Well-Formed+1

Permission granted to commit: 

http://server.jenkins.couchbase.com/job/restricted-branch-check/303366/artifact/restricted.html : SUCCESS
----------------------------------------------------------------------------------------------------------------------
Author: Paolo Cocchi
Date: 2022-06-21 07:57:29.000000000
Message: 
Patch Set 13: Code-Review-1

(4 comments)
Line:30, engines/ep/src/durability/dead_durability_monitor.cc -> Nice details added to the comment ðŸ‘

Line:34, engines/ep/src/durability/dead_durability_monitor.cc -> Ok so here and below at line 40: DDM::lastConsistentPoint is the "in-memory" last consistent point for the vbucket. It would be nice to specify this somewhere (probably nice at member's declaration), as "consistent point" is used to refer to other things too (eg, FailoverTables refer to it as the last consistent point on disk)

Line:101, engines/ep/src/durability/dead_durability_monitor.h -> Mmm actually that can be different thing depending on where we transition from, right?

Line:103, engines/ep/src/durability/dead_durability_monitor.h -> nit: "seqno" is what describes perfectly the quantity

----------------------------------------------------------------------------------------------------------------------
Author: Ben Huddleston
Date: 2022-06-21 08:10:05.000000000
MISMATCHED INLINE COMMENT
Line:30, engines/ep/src/durability/dead_durability_monitor.cc -> Ack
----------------------------------------------------------------------------------------------------------------------
Author: Ben Huddleston
Date: 2022-06-21 08:10:05.000000000
MISMATCHED INLINE COMMENT
Line:34, engines/ep/src/durability/dead_durability_monitor.cc -> Done
----------------------------------------------------------------------------------------------------------------------
Author: Ben Huddleston
Date: 2022-06-21 08:10:05.000000000
MISMATCHED INLINE COMMENT
Line:101, engines/ep/src/durability/dead_durability_monitor.h -> Done
----------------------------------------------------------------------------------------------------------------------
Author: Ben Huddleston
Date: 2022-06-21 08:10:05.000000000
MISMATCHED INLINE COMMENT
Line:103, engines/ep/src/durability/dead_durability_monitor.h -> Done
----------------------------------------------------------------------------------------------------------------------
