======================================================================================================================
DESCRIPTION:

MB-45408: Pass single config string to STParam tests

Add support for passing a single config string to the STParam test
suites. This allows for greater flexibility in the test
parameterizations that we can create so rather than create new test
suites for certain configs (i.e. pitr compaction enabled) we can
instead create new parameterizations and run existing test suites
with those parameterizations (if appropriate).

Using a configuration.json style config string unfortunately isn't
trivially possible as GTest gets upset with ";" characters in the
test parameterizations so we have use ":" instead and replace them
before passing it into the engine set up.

While we migrate to the new parameterization type we still want to
support the old one for the sake of making this change smaller and
more incremental. As such, we pass the config string into the first
parameter of the existing STParam fixture and an empty second
parameter. When we finish moving the test parameterizations over we
can remove the second parameter and clean up the extra code.

Change-Id: I55ff23dda0b9c7d59c5e32c8e47f4b95884f8bec

======================================================================================================================
COMMENTS
======================================================================================================================
Author: Ben Huddleston
Date: 2022-02-25 15:38:58.000000000
Message: 
Uploaded patch set 2.
----------------------------------------------------------------------------------------------------------------------
Author: Build Bot
Date: 2022-02-25 15:59:21.000000000
Message: 
Patch Set 2: Verified-1

Build Failed 

http://cv.jenkins.couchbase.com/job/kv_engine-windows-master/44181/ : FAILURE

Timeout of a CTest test 421/421 Test #341: memcached_testapp.default.TransportProtocols/StatsTest ........................................................................} ( http://cv.jenkins.couchbase.com/job/kv_engine-windows-master/44181/ )

http://cv.jenkins.couchbase.com/job/kv_engine-clang_format_9/14646/ : SUCCESS

http://cv.jenkins.couchbase.com/job/kv_engine-clang_tidy-master/15798/ : SUCCESS

http://cv.jenkins.couchbase.com/job/kv_engine-clang_analyzer-master/37217/ : SUCCESS

http://cv.jenkins.couchbase.com/job/kv_engine.libFuzzer/job/master/5451/ : SUCCESS

http://cv.jenkins.couchbase.com/job/kv_engine.linux/job/master/17885/ : SUCCESS

http://cv.jenkins.couchbase.com/job/kv_engine.linux-CE/job/master/17556/ : SUCCESS

http://cv.jenkins.couchbase.com/job/kv_engine.threadsanitizer/job/master/18593/ : SUCCESS

http://cv.jenkins.couchbase.com/job/kv_engine.macos/job/master/16622/ : SUCCESS

http://cv.jenkins.couchbase.com/job/kv_engine.ASan-UBSan/job/master/25959/ : SUCCESS

http://cv.jenkins.couchbase.com/job/kv_engine.aarch64-linux/job/master/5510/ : SUCCESS
----------------------------------------------------------------------------------------------------------------------
Author: Build Bot
Date: 2022-02-25 16:57:45.000000000
Message: 
Patch Set 2:

Build Failed 

http://cv.jenkins.couchbase.com/job/kv_engine-windows-master/44185/ : FAILURE

Failure of an engine_testapp test:

<pre>
Running [140/159]: test get random key...(140 ms) OK


99% tests passed, 3 tests failed out of 421

Total Test time (real) = 674.82 sec

The following tests FAIL
</pre>
 ( http://cv.jenkins.couchbase.com/job/kv_engine-windows-master/44185/ )

Timeout of a CTest test 419/421 Test #293: ep_testsuite_dcp.full_eviction.magma ..........................................................................................} ( http://cv.jenkins.couchbase.com/job/kv_engine-windows-master/44185/ )

http://cv.jenkins.couchbase.com/job/kv_engine-clang_format_9/14646/ : SUCCESS

http://cv.jenkins.couchbase.com/job/kv_engine-clang_tidy-master/15798/ : SUCCESS

http://cv.jenkins.couchbase.com/job/kv_engine-clang_analyzer-master/37217/ : SUCCESS

http://cv.jenkins.couchbase.com/job/kv_engine.libFuzzer/job/master/5451/ : SUCCESS

http://cv.jenkins.couchbase.com/job/kv_engine.linux/job/master/17885/ : SUCCESS

http://cv.jenkins.couchbase.com/job/kv_engine.linux-CE/job/master/17556/ : SUCCESS

http://cv.jenkins.couchbase.com/job/kv_engine.threadsanitizer/job/master/18593/ : SUCCESS

http://cv.jenkins.couchbase.com/job/kv_engine.macos/job/master/16622/ : SUCCESS

http://cv.jenkins.couchbase.com/job/kv_engine.ASan-UBSan/job/master/25959/ : SUCCESS

http://cv.jenkins.couchbase.com/job/kv_engine.aarch64-linux/job/master/5510/ : SUCCESS
----------------------------------------------------------------------------------------------------------------------
Author: Build Bot
Date: 2022-02-25 17:17:54.000000000
Message: 
Patch Set 2:

Build Failed 

http://cv.jenkins.couchbase.com/job/kv_engine-windows-master/44186/ : FAILURE

Failure of an engine_testapp test:

<pre>
Running [60/93]: test dcp consumer end stream...(208 ms) OK


99% tests passed, 1 tests failed out of 421

Total Test time (real) = 357.51 sec

The following tests FAIL
</pre>
 ( http://cv.jenkins.couchbase.com/job/kv_engine-windows-master/44186/ )

Timeout of a CTest test 421/421 Test #292: ep_testsuite_dcp.value_eviction.magma .........................................................................................} ( http://cv.jenkins.couchbase.com/job/kv_engine-windows-master/44186/ )

http://cv.jenkins.couchbase.com/job/kv_engine-clang_format_9/14646/ : SUCCESS

http://cv.jenkins.couchbase.com/job/kv_engine-clang_tidy-master/15798/ : SUCCESS

http://cv.jenkins.couchbase.com/job/kv_engine-clang_analyzer-master/37217/ : SUCCESS

http://cv.jenkins.couchbase.com/job/kv_engine.libFuzzer/job/master/5451/ : SUCCESS

http://cv.jenkins.couchbase.com/job/kv_engine.linux/job/master/17885/ : SUCCESS

http://cv.jenkins.couchbase.com/job/kv_engine.linux-CE/job/master/17556/ : SUCCESS

http://cv.jenkins.couchbase.com/job/kv_engine.threadsanitizer/job/master/18593/ : SUCCESS

http://cv.jenkins.couchbase.com/job/kv_engine.macos/job/master/16622/ : SUCCESS

http://cv.jenkins.couchbase.com/job/kv_engine.ASan-UBSan/job/master/25959/ : SUCCESS

http://cv.jenkins.couchbase.com/job/kv_engine.aarch64-linux/job/master/5510/ : SUCCESS
----------------------------------------------------------------------------------------------------------------------
Author: Build Bot
Date: 2022-02-25 17:57:11.000000000
Message: 
Patch Set 2: Verified-1

Build Failed 

http://cv.jenkins.couchbase.com/job/kv_engine-windows-master/44188/ : ABORTED

Build which was aborted due to a newer patch set being uploaded for the given review. ( http://cv.jenkins.couchbase.com/job/kv_engine-windows-master/44188/ )

http://cv.jenkins.couchbase.com/job/kv_engine-clang_format_9/14646/ : SUCCESS

http://cv.jenkins.couchbase.com/job/kv_engine-clang_tidy-master/15798/ : SUCCESS

http://cv.jenkins.couchbase.com/job/kv_engine-clang_analyzer-master/37217/ : SUCCESS

http://cv.jenkins.couchbase.com/job/kv_engine.libFuzzer/job/master/5451/ : SUCCESS

http://cv.jenkins.couchbase.com/job/kv_engine.linux/job/master/17885/ : SUCCESS

http://cv.jenkins.couchbase.com/job/kv_engine.linux-CE/job/master/17556/ : SUCCESS

http://cv.jenkins.couchbase.com/job/kv_engine.threadsanitizer/job/master/18593/ : SUCCESS

http://cv.jenkins.couchbase.com/job/kv_engine.macos/job/master/16622/ : SUCCESS

http://cv.jenkins.couchbase.com/job/kv_engine.ASan-UBSan/job/master/25959/ : SUCCESS

http://cv.jenkins.couchbase.com/job/kv_engine.aarch64-linux/job/master/5510/ : SUCCESS
----------------------------------------------------------------------------------------------------------------------
