======================================================================================================================
DESCRIPTION:

MB-50444: GetAllVBSeqnos any collection aware client gets the high-seqno

Update GetAllVBSeqnos so that a 'bucket' GetAllVBSeqnos from a
collection aware client returns the high-seqno.

Change-Id: I958a78ccb5abeaa7e9d54539b37ab116a2ff62f4

======================================================================================================================
COMMENTS
======================================================================================================================
Author: Jim Walker
Date: 2022-01-20 13:31:46.000000000
Message: 
Uploaded patch set 3.
----------------------------------------------------------------------------------------------------------------------
Author: Build Bot
Date: 2022-01-20 14:37:42.000000000
Message: 
Patch Set 3: Verified-1

Build Failed 

http://cv.jenkins.couchbase.com/job/kv_engine-windows-master/43036/ : FAILURE

Failure of GoogleTest "EphemeralOrPersistent/STItemPagerTest.MB43055_MemUsedDropDoesNotBreakEviction/persistent_magma_value_only":

<pre>
[ RUN      ] EphemeralOrPersistent/STItemPagerTest.MB43055_MemUsedDropDoesNotBreakEviction/persistent_magma_value_only
..\kv_engine\engines\ep\tests\module_tests\item_pager_test.cc(1943): error: Expected: (stats.getEstimatedTotalMemoryUsed()) < (stats.mem_low_wat.load()), actual: 2157920 vs 1666067
[  FAILED  ] EphemeralOrPersistent/STItemPagerTest.MB43055_MemUsedDropDoesNotBreakEviction/persistent_magma_value_only, where GetParam() = ("persistent_magma", "value_only") (18450 ms)
EphemeralOrPersistent/STItemPagerTest.MB43055_MemUsedDropDoesNotBreakEviction/persistent_magma_value_only
</pre>
 ( http://cv.jenkins.couchbase.com/job/kv_engine-windows-master/43036/ )

http://cv.jenkins.couchbase.com/job/kv_engine.linux-CE/job/master/16652/ : FAILURE

One of more core files found at the end of the build. Data for post-mortem saved to archived_core_dumps.tar.bz2 under "Build Artifacts". ( http://cv.jenkins.couchbase.com/job/kv_engine.linux-CE/job/master/16652/ )

http://cv.jenkins.couchbase.com/job/kv_engine.threadsanitizer/job/master/17734/ : FAILURE

http://cv.jenkins.couchbase.com/job/kv_engine-clang_format_9/13821/ : SUCCESS

http://cv.jenkins.couchbase.com/job/kv_engine-clang_tidy-master/14976/ : SUCCESS

http://cv.jenkins.couchbase.com/job/kv_engine-clang_analyzer-master/36433/ : SUCCESS

http://cv.jenkins.couchbase.com/job/kv_engine.libFuzzer/job/master/4622/ : SUCCESS

http://cv.jenkins.couchbase.com/job/kv_engine.macos/job/master/15788/ : SUCCESS

http://cv.jenkins.couchbase.com/job/kv_engine.ASan-UBSan/job/master/25068/ : SUCCESS

http://cv.jenkins.couchbase.com/job/kv_engine.aarch64-linux/job/master/4680/ : SUCCESS

http://cv.jenkins.couchbase.com/job/kv_engine.linux/job/master/16956/ : SUCCESS
----------------------------------------------------------------------------------------------------------------------
Author: Build Bot
Date: 2022-01-21 16:30:45.000000000
Message: 
Patch Set 3:

Build Failed 

http://cv.jenkins.couchbase.com/job/kv_engine-windows-master/43127/ : FAILURE

Failure of an engine_testapp test:

<pre>
Running [0032/0044]: test set_with_meta and drift stats...(182 ms) OK


99% tests passed, 2 tests failed out of 419

Total Test time (real) = 262.82 sec

The following tests FAIL
</pre>
 ( http://cv.jenkins.couchbase.com/job/kv_engine-windows-master/43127/ )

Failure of GoogleTest "AllBackends/BackingStoreMaxVisibleSeqnoTest.PrepareDeleteAbort/persistent_nexus_couchstore_magma_full_eviction":

<pre>
[ RUN      ] AllBackends/BackingStoreMaxVisibleSeqnoTest.PrepareDeleteAbort/persistent_nexus_couchstore_magma_full_eviction
2022-01-21T08:27:03.500951-08:00 CRITICAL NexusKVStore::snapshotVBucket: vb:0 primaryResult:false secondaryResult:true
unknown file: error: C++ exception with description "NexusKVStore::snapshotVBucket: vb:0 primaryResult:false secondaryResult:true" thrown in SetUp().
[  FAILED  ] AllBackends/BackingStoreMaxVisibleSeqnoTest.PrepareDeleteAbort/persistent_nexus_couchstore_magma_full_eviction, where GetParam() = ("persistent_nexus_couchstore_magma", "full_eviction") (77 ms)
AllBackends/BackingStoreMaxVisibleSeqnoTest.PrepareDeleteAbort/persistent_nexus_couchstore_magma_full_eviction
</pre>
 ( http://cv.jenkins.couchbase.com/job/kv_engine-windows-master/43127/ )

Timeout of a CTest test 419/419 Test #306: ep_testsuite_xdcr.value_eviction.magma ........................................................................................} ( http://cv.jenkins.couchbase.com/job/kv_engine-windows-master/43127/ )

http://cv.jenkins.couchbase.com/job/kv_engine.threadsanitizer/job/master/17734/ : FAILURE

Timeout of a CTest test [2022-01-20T14:27:10.965Z]   4/413 Test #225: ep-engine_ep_unit_tests.NexusFullOrValue/DurabilityWarmupTest ...............................................} ( http://cv.jenkins.couchbase.com/job/kv_engine.threadsanitizer/job/master/17734/ )

http://cv.jenkins.couchbase.com/job/kv_engine-clang_format_9/13821/ : SUCCESS

http://cv.jenkins.couchbase.com/job/kv_engine-clang_tidy-master/14976/ : SUCCESS

http://cv.jenkins.couchbase.com/job/kv_engine-clang_analyzer-master/36433/ : SUCCESS

http://cv.jenkins.couchbase.com/job/kv_engine.libFuzzer/job/master/4622/ : SUCCESS

http://cv.jenkins.couchbase.com/job/kv_engine.macos/job/master/15788/ : SUCCESS

http://cv.jenkins.couchbase.com/job/kv_engine.ASan-UBSan/job/master/25068/ : SUCCESS

http://cv.jenkins.couchbase.com/job/kv_engine.aarch64-linux/job/master/4680/ : SUCCESS

http://cv.jenkins.couchbase.com/job/kv_engine.linux/job/master/16956/ : SUCCESS

http://cv.jenkins.couchbase.com/job/kv_engine.linux-CE/job/master/16710/ : SUCCESS
----------------------------------------------------------------------------------------------------------------------
Author: Build Bot
Date: 2022-01-21 20:21:48.000000000
Message: 
Patch Set 3:

Build Failed 

http://cv.jenkins.couchbase.com/job/kv_engine-windows-master/43149/ : FAILURE

Failure of GoogleTest "EphemeralOrPersistent/STItemPagerTest.MB43055_MemUsedDropDoesNotBreakEviction/persistent_magma_full_eviction":

<pre>
[ RUN      ] EphemeralOrPersistent/STItemPagerTest.MB43055_MemUsedDropDoesNotBreakEviction/persistent_magma_full_eviction
..\kv_engine\engines\ep\tests\module_tests\item_pager_test.cc(1943): error: Expected: (stats.getEstimatedTotalMemoryUsed()) < (stats.mem_low_wat.load()), actual: 2127112 vs 1666078
[  FAILED  ] EphemeralOrPersistent/STItemPagerTest.MB43055_MemUsedDropDoesNotBreakEviction/persistent_magma_full_eviction, where GetParam() = ("persistent_magma", "full_eviction") (15628 ms)
EphemeralOrPersistent/STItemPagerTest.MB43055_MemUsedDropDoesNotBreakEviction/persistent_magma_full_eviction
</pre>
 ( http://cv.jenkins.couchbase.com/job/kv_engine-windows-master/43149/ )

http://cv.jenkins.couchbase.com/job/kv_engine.threadsanitizer/job/master/17807/ : FAILURE

http://cv.jenkins.couchbase.com/job/kv_engine.linux/job/master/17035/ : FAILURE

One of more core files found at the end of the build. Data for post-mortem saved to archived_core_dumps.tar.bz2 under "Build Artifacts". ( http://cv.jenkins.couchbase.com/job/kv_engine.linux/job/master/17035/ )

http://cv.jenkins.couchbase.com/job/kv_engine-clang_format_9/13892/ : SUCCESS

http://cv.jenkins.couchbase.com/job/kv_engine-clang_tidy-master/15047/ : SUCCESS

http://cv.jenkins.couchbase.com/job/kv_engine-clang_analyzer-master/36502/ : SUCCESS

http://cv.jenkins.couchbase.com/job/kv_engine.libFuzzer/job/master/4692/ : SUCCESS

http://cv.jenkins.couchbase.com/job/kv_engine.macos/job/master/15858/ : SUCCESS

http://cv.jenkins.couchbase.com/job/kv_engine.ASan-UBSan/job/master/25141/ : SUCCESS

http://cv.jenkins.couchbase.com/job/kv_engine.aarch64-linux/job/master/4754/ : SUCCESS

http://cv.jenkins.couchbase.com/job/kv_engine.linux-CE/job/master/16731/ : SUCCESS
----------------------------------------------------------------------------------------------------------------------
Author: Ben Huddleston
Date: 2022-01-24 08:39:59.000000000
Message: 
Patch Set 3: Code-Review+2

(1 comment)
Line:10, /COMMIT_MSG -> Might be good to update this with why we are doing it

----------------------------------------------------------------------------------------------------------------------
Author: Build Bot
Date: 2022-01-25 10:33:36.000000000
Message: 
Patch Set 3:

Build Failed 

http://cv.jenkins.couchbase.com/job/kv_engine-windows-master/43247/ : FAILURE

Failure of an engine_testapp test:

<pre>
Running [0069/0159]: test kill -9 bucket...W0125 02:26:11.936872 31740 HazptrDomain.h:670] Using the default inline executor for asynchronous reclamation may be susceptible to deadlock if the current thread happens to hold a resource needed by the deleter of a reclaimable object


99% tests passed, 1 tests failed out of 419

Total Test time (real) = 701.86 sec

The following tests FAIL
</pre>
 ( http://cv.jenkins.couchbase.com/job/kv_engine-windows-master/43247/ )

Timeout of a CTest test 419/419 Test #274: ep_testsuite.value_eviction.magma .............................................................................................} ( http://cv.jenkins.couchbase.com/job/kv_engine-windows-master/43247/ )

http://cv.jenkins.couchbase.com/job/kv_engine.threadsanitizer/job/master/17867/ : FAILURE

Compile error at [2022-01-25T10:27:07.250Z] /home/couchbase/jenkins/workspace/kv_engine.threadsanitizer_master@2/kv_engine/engines/ep/src/kvstore/magma-kvstore/magma-kvstore.cc:2585:13:
error: enumeration values "Cancelled" and "RetryCompaction" not handled in switch [-Werror,-Wswitch]
 ( http://cv.jenkins.couchbase.com/job/kv_engine.threadsanitizer/job/master/17867/ )

http://cv.jenkins.couchbase.com/job/kv_engine.linux/job/master/17105/ : FAILURE

Compile error at [2022-01-25T10:24:13.184Z] /home/couchbase/jenkins/workspace/kv_engine.linux_master/kv_engine/engines/ep/src/kvstore/magma-kvstore/magma-kvstore.cc:2585:12:
error: enumeration value ?Cancelled? not handled in switch [-Werror=switch]
 ( http://cv.jenkins.couchbase.com/job/kv_engine.linux/job/master/17105/ )

http://cv.jenkins.couchbase.com/job/kv_engine-clang_format_9/13892/ : SUCCESS

http://cv.jenkins.couchbase.com/job/kv_engine-clang_tidy-master/15047/ : SUCCESS

http://cv.jenkins.couchbase.com/job/kv_engine-clang_analyzer-master/36502/ : SUCCESS

http://cv.jenkins.couchbase.com/job/kv_engine.libFuzzer/job/master/4692/ : SUCCESS

http://cv.jenkins.couchbase.com/job/kv_engine.macos/job/master/15858/ : SUCCESS

http://cv.jenkins.couchbase.com/job/kv_engine.ASan-UBSan/job/master/25141/ : SUCCESS

http://cv.jenkins.couchbase.com/job/kv_engine.aarch64-linux/job/master/4754/ : SUCCESS

http://cv.jenkins.couchbase.com/job/kv_engine.linux-CE/job/master/16731/ : SUCCESS
----------------------------------------------------------------------------------------------------------------------
