======================================================================================================================
DESCRIPTION:

MB-50609: Avoid lost wakeup of CompactTask when multiple running concurrently

While investigating MB-50389, when concurrent compaction tasks were
set to 2 in ep-engine, it was observed that 2 tasks were not always
running concurrently, even though there were sufficient outstanding
tasks.

Examining the wakeup phase at the end of Compaction (by adding some
additional trace spans), it was observed that the two Compact tasks
both finished around the same time, and attempted to wake up the same
Compact task (for vb:2). The next (single) CompactTask to run was
indeed vb:2. Instead of each finishing CompactTask waking up a new,
different task; they both wake up the same, so we end up only starting
one new task - and the concurrency drops.

The issue is in EPBucket::updateCompactionTasks() which is called at
the end of CompactTask::run(). When searching for a Compact task to
wake, it looks for a task in state TASK_SNOOZED and when found wakes
it. However, it uses the async ExecutorPool::wait() method, which does
not actually immediately wake the task, but just sends a message to
the ExecutorPool to handle at a later time. This is problematic as the
task's state is not updated from SNOOZED to RUNNING until this message
is processed - potentially after compactionTasks is unlocked. As such,
a second (or third...) CompactTask finishing could execute
updateCompactionTasks(), find the same "snoozed" task and attempt to
wake the same one.

The primary fix is to use the synchronous wakeAndWait() method which
as the name suggests blocks until the task has actually been
woken. However, that highlights a bug in
FollyExecutorPool::wakeAndWait(); which does not change a task from
SNOOZED to RUNNING, unlike CB3ExecutorPool. This _that_ bug and all
works correctly.

Change-Id: Ibd62726fe1ddfb8448f1a71f1bd41d0a98eda8a9

======================================================================================================================
COMMENTS
======================================================================================================================
Author: Dave Rigby
Date: 2022-01-27 10:25:55.000000000
Message: 
Uploaded patch set 2: Patch Set 1 was rebased.
----------------------------------------------------------------------------------------------------------------------
Author: Build Bot
Date: 2022-01-27 10:56:05.000000000
Message: 
Patch Set 2: Verified-1

Build Failed 

http://cv.jenkins.couchbase.com/job/kv_engine-windows-master/43360/ : FAILURE

Failure of an engine_testapp test:

<pre>
Running [0016/0047]: set with cas non-existent...(192 ms) OK


99% tests passed, 1 tests failed out of 418

Total Test time (real) = 337.66 sec

The following tests FAIL
</pre>
 ( http://cv.jenkins.couchbase.com/job/kv_engine-windows-master/43360/ )

Timeout of a CTest test 418/418 Test #279: ep_testsuite_basic.ephemeral.comp_passive .....................................................................................} ( http://cv.jenkins.couchbase.com/job/kv_engine-windows-master/43360/ )

http://cv.jenkins.couchbase.com/job/kv_engine-clang_format_9/14017/ : SUCCESS

http://cv.jenkins.couchbase.com/job/kv_engine-clang_tidy-master/15173/ : SUCCESS

http://cv.jenkins.couchbase.com/job/kv_engine-clang_analyzer-master/36624/ : SUCCESS

http://cv.jenkins.couchbase.com/job/kv_engine.libFuzzer/job/master/4822/ : SUCCESS

http://cv.jenkins.couchbase.com/job/kv_engine.macos/job/master/15986/ : SUCCESS

http://cv.jenkins.couchbase.com/job/kv_engine.aarch64-linux/job/master/4883/ : SUCCESS

http://cv.jenkins.couchbase.com/job/kv_engine.linux/job/master/17188/ : SUCCESS

http://cv.jenkins.couchbase.com/job/kv_engine.threadsanitizer/job/master/17946/ : SUCCESS

http://cv.jenkins.couchbase.com/job/kv_engine.ASan-UBSan/job/master/25289/ : SUCCESS

http://cv.jenkins.couchbase.com/job/kv_engine.linux-CE/job/master/16876/ : SUCCESS
----------------------------------------------------------------------------------------------------------------------
Author: Build Bot
Date: 2022-01-27 12:00:31.000000000
Message: 
Patch Set 2:

Build Failed 

http://cv.jenkins.couchbase.com/job/kv_engine-windows-master/43364/ : FAILURE

Failure of an engine_testapp test:

<pre>
Running [0107/0159]: test sync vbucket destroy (multitable)...(80 ms) OK


99% tests passed, 1 tests failed out of 418

Total Test time (real) = 1101.32 sec

The following tests FAIL
</pre>
 ( http://cv.jenkins.couchbase.com/job/kv_engine-windows-master/43364/ )

Timeout of a CTest test 418/418 Test #269: ep_testsuite.full_eviction.comp_passive .......................................................................................} ( http://cv.jenkins.couchbase.com/job/kv_engine-windows-master/43364/ )

http://cv.jenkins.couchbase.com/job/kv_engine-clang_format_9/14017/ : SUCCESS

http://cv.jenkins.couchbase.com/job/kv_engine-clang_tidy-master/15173/ : SUCCESS

http://cv.jenkins.couchbase.com/job/kv_engine-clang_analyzer-master/36624/ : SUCCESS

http://cv.jenkins.couchbase.com/job/kv_engine.libFuzzer/job/master/4822/ : SUCCESS

http://cv.jenkins.couchbase.com/job/kv_engine.macos/job/master/15986/ : SUCCESS

http://cv.jenkins.couchbase.com/job/kv_engine.aarch64-linux/job/master/4883/ : SUCCESS

http://cv.jenkins.couchbase.com/job/kv_engine.linux/job/master/17188/ : SUCCESS

http://cv.jenkins.couchbase.com/job/kv_engine.threadsanitizer/job/master/17946/ : SUCCESS

http://cv.jenkins.couchbase.com/job/kv_engine.ASan-UBSan/job/master/25289/ : SUCCESS

http://cv.jenkins.couchbase.com/job/kv_engine.linux-CE/job/master/16876/ : SUCCESS
----------------------------------------------------------------------------------------------------------------------
Author: Build Bot
Date: 2022-01-27 13:23:55.000000000
Message: 
Patch Set 2:

Build Failed 

http://cv.jenkins.couchbase.com/job/kv_engine-windows-master/43370/ : FAILURE

Failure of an engine_testapp test:

<pre>
Running [0027/0159]: PiTR conf...(169 ms) OK


99% tests passed, 1 tests failed out of 418

Total Test time (real) = 688.63 sec

The following tests FAIL
</pre>
 ( http://cv.jenkins.couchbase.com/job/kv_engine-windows-master/43370/ )

Timeout of a CTest test 418/418 Test #268: ep_testsuite.value_eviction.comp_active .......................................................................................} ( http://cv.jenkins.couchbase.com/job/kv_engine-windows-master/43370/ )

http://cv.jenkins.couchbase.com/job/kv_engine-clang_format_9/14017/ : SUCCESS

http://cv.jenkins.couchbase.com/job/kv_engine-clang_tidy-master/15173/ : SUCCESS

http://cv.jenkins.couchbase.com/job/kv_engine-clang_analyzer-master/36624/ : SUCCESS

http://cv.jenkins.couchbase.com/job/kv_engine.libFuzzer/job/master/4822/ : SUCCESS

http://cv.jenkins.couchbase.com/job/kv_engine.macos/job/master/15986/ : SUCCESS

http://cv.jenkins.couchbase.com/job/kv_engine.aarch64-linux/job/master/4883/ : SUCCESS

http://cv.jenkins.couchbase.com/job/kv_engine.linux/job/master/17188/ : SUCCESS

http://cv.jenkins.couchbase.com/job/kv_engine.threadsanitizer/job/master/17946/ : SUCCESS

http://cv.jenkins.couchbase.com/job/kv_engine.ASan-UBSan/job/master/25289/ : SUCCESS

http://cv.jenkins.couchbase.com/job/kv_engine.linux-CE/job/master/16876/ : SUCCESS
----------------------------------------------------------------------------------------------------------------------
Author: Build Bot
Date: 2022-01-27 16:57:26.000000000
Message: 
Patch Set 2:

Build Failed 

http://cv.jenkins.couchbase.com/job/kv_engine-windows-master/43382/ : FAILURE

Failure of an engine_testapp test:

<pre>
Running [0113/0159]: test stats uuid...(20 ms) OK


99% tests passed, 1 tests failed out of 418

Total Test time (real) = 713.72 sec

The following tests FAIL
</pre>
 ( http://cv.jenkins.couchbase.com/job/kv_engine-windows-master/43382/ )

Timeout of a CTest test 418/418 Test #272: ep_testsuite.ephemeral.comp_active ............................................................................................} ( http://cv.jenkins.couchbase.com/job/kv_engine-windows-master/43382/ )

http://cv.jenkins.couchbase.com/job/kv_engine-clang_format_9/14017/ : SUCCESS

http://cv.jenkins.couchbase.com/job/kv_engine-clang_tidy-master/15173/ : SUCCESS

http://cv.jenkins.couchbase.com/job/kv_engine-clang_analyzer-master/36624/ : SUCCESS

http://cv.jenkins.couchbase.com/job/kv_engine.libFuzzer/job/master/4822/ : SUCCESS

http://cv.jenkins.couchbase.com/job/kv_engine.macos/job/master/15986/ : SUCCESS

http://cv.jenkins.couchbase.com/job/kv_engine.aarch64-linux/job/master/4883/ : SUCCESS

http://cv.jenkins.couchbase.com/job/kv_engine.linux/job/master/17188/ : SUCCESS

http://cv.jenkins.couchbase.com/job/kv_engine.threadsanitizer/job/master/17946/ : SUCCESS

http://cv.jenkins.couchbase.com/job/kv_engine.ASan-UBSan/job/master/25289/ : SUCCESS

http://cv.jenkins.couchbase.com/job/kv_engine.linux-CE/job/master/16876/ : SUCCESS
----------------------------------------------------------------------------------------------------------------------
Author: Trond Norbye
Date: 2022-01-27 17:04:49.000000000
Message: 
Patch Set 2: Code-Review+2
----------------------------------------------------------------------------------------------------------------------
Author: Dave Rigby
Date: 2022-01-27 17:05:54.000000000
Message: 
Patch Set 2: Verified+1

Overriding build bot - unrelated intermittent test failure on Windows only.
----------------------------------------------------------------------------------------------------------------------
Author: Dave Rigby
Date: 2022-01-27 17:05:55.000000000
Message: 
Removed Verified-1 by Build Bot <build@couchbase.com>

----------------------------------------------------------------------------------------------------------------------
