======================================================================================================================
DESCRIPTION:

Clang-Tidy: checkpoint.(h/cc)

Change-Id: I4afec7859f998c4317dd1f231678559369280fba

======================================================================================================================
COMMENTS
======================================================================================================================
Author: Richard de Mellow
Date: 2022-02-18 17:11:28.000000000
Message: 
Uploaded patch set 2.
----------------------------------------------------------------------------------------------------------------------
Author: Paolo Cocchi
Date: 2022-02-18 17:14:53.000000000
Message: 
Patch Set 2:

(1 comment)
----------------------------------------------------------------------------------------------------------------------
Author: Richard de Mellow
Date: 2022-02-18 17:26:00.000000000
Message: 
Patch Set 2:

(1 comment)
----------------------------------------------------------------------------------------------------------------------
Author: Dave Rigby
Date: 2022-02-18 17:27:32.000000000
Message: 
Patch Set 2:

(1 comment)
----------------------------------------------------------------------------------------------------------------------
Author: Build Bot
Date: 2022-02-18 17:49:43.000000000
Message: 
Patch Set 2: Verified-1

Build Failed 

http://cv.jenkins.couchbase.com/job/kv_engine-windows-master/44055/ : FAILURE

Failure of an engine_testapp test:

<pre>
Running [139/159]: test eviction with xattr...(91 ms) OK


99% tests passed, 1 tests failed out of 422

Total Test time (real) = 1024.05 sec

The following tests FAIL
</pre>
 ( http://cv.jenkins.couchbase.com/job/kv_engine-windows-master/44055/ )

Timeout of a CTest test 422/422 Test #271: ep_testsuite.value_eviction.comp_passive ......................................................................................} ( http://cv.jenkins.couchbase.com/job/kv_engine-windows-master/44055/ )

http://cv.jenkins.couchbase.com/job/kv_engine-clang_format_9/14547/ : SUCCESS

http://cv.jenkins.couchbase.com/job/kv_engine-clang_tidy-master/15700/ : SUCCESS

http://cv.jenkins.couchbase.com/job/kv_engine-clang_analyzer-master/37127/ : SUCCESS

http://cv.jenkins.couchbase.com/job/kv_engine.ASan-UBSan/job/master/25859/ : SUCCESS

http://cv.jenkins.couchbase.com/job/kv_engine.macos/job/master/16518/ : SUCCESS

http://cv.jenkins.couchbase.com/job/kv_engine.linux-CE/job/master/17456/ : SUCCESS

http://cv.jenkins.couchbase.com/job/kv_engine.aarch64-linux/job/master/5411/ : SUCCESS

http://cv.jenkins.couchbase.com/job/kv_engine.linux/job/master/17781/ : SUCCESS

http://cv.jenkins.couchbase.com/job/kv_engine.libFuzzer/job/master/5352/ : SUCCESS

http://cv.jenkins.couchbase.com/job/kv_engine.threadsanitizer/job/master/18492/ : SUCCESS
----------------------------------------------------------------------------------------------------------------------
Author: Build Bot
Date: 2022-02-18 18:10:37.000000000
Message: 
Patch Set 2:

Build Failed 

http://cv.jenkins.couchbase.com/job/kv_engine-windows-master/44060/ : FAILURE

Failure of an engine_testapp test:

<pre>
Running [16/47]: set with cas non-existent...(109 ms) OK


99% tests passed, 1 tests failed out of 422

Total Test time (real) = 349.73 sec

The following tests FAIL
</pre>
 ( http://cv.jenkins.couchbase.com/job/kv_engine-windows-master/44060/ )

Timeout of a CTest test 422/422 Test #284: ep_testsuite_basic.ephemeral.comp_active ......................................................................................} ( http://cv.jenkins.couchbase.com/job/kv_engine-windows-master/44060/ )

http://cv.jenkins.couchbase.com/job/kv_engine-clang_format_9/14547/ : SUCCESS

http://cv.jenkins.couchbase.com/job/kv_engine-clang_tidy-master/15700/ : SUCCESS

http://cv.jenkins.couchbase.com/job/kv_engine-clang_analyzer-master/37127/ : SUCCESS

http://cv.jenkins.couchbase.com/job/kv_engine.ASan-UBSan/job/master/25859/ : SUCCESS

http://cv.jenkins.couchbase.com/job/kv_engine.macos/job/master/16518/ : SUCCESS

http://cv.jenkins.couchbase.com/job/kv_engine.linux-CE/job/master/17456/ : SUCCESS

http://cv.jenkins.couchbase.com/job/kv_engine.aarch64-linux/job/master/5411/ : SUCCESS

http://cv.jenkins.couchbase.com/job/kv_engine.linux/job/master/17781/ : SUCCESS

http://cv.jenkins.couchbase.com/job/kv_engine.libFuzzer/job/master/5352/ : SUCCESS

http://cv.jenkins.couchbase.com/job/kv_engine.threadsanitizer/job/master/18492/ : SUCCESS
----------------------------------------------------------------------------------------------------------------------
Author: Build Bot
Date: 2022-02-21 09:06:23.000000000
Message: 
Patch Set 2:

Build Failed 

http://cv.jenkins.couchbase.com/job/kv_engine-windows-master/44063/ : FAILURE

Failure of an engine_testapp test:

<pre>
Running [32/159]: test datatype...(42 ms) OK


99% tests passed, 1 tests failed out of 422

Total Test time (real) = 671.46 sec

The following tests FAIL
</pre>
 ( http://cv.jenkins.couchbase.com/job/kv_engine-windows-master/44063/ )

Timeout of a CTest test 422/422 Test #271: ep_testsuite.value_eviction.comp_passive ......................................................................................} ( http://cv.jenkins.couchbase.com/job/kv_engine-windows-master/44063/ )

http://cv.jenkins.couchbase.com/job/kv_engine-clang_format_9/14547/ : SUCCESS

http://cv.jenkins.couchbase.com/job/kv_engine-clang_tidy-master/15700/ : SUCCESS

http://cv.jenkins.couchbase.com/job/kv_engine-clang_analyzer-master/37127/ : SUCCESS

http://cv.jenkins.couchbase.com/job/kv_engine.ASan-UBSan/job/master/25859/ : SUCCESS

http://cv.jenkins.couchbase.com/job/kv_engine.macos/job/master/16518/ : SUCCESS

http://cv.jenkins.couchbase.com/job/kv_engine.linux-CE/job/master/17456/ : SUCCESS

http://cv.jenkins.couchbase.com/job/kv_engine.aarch64-linux/job/master/5411/ : SUCCESS

http://cv.jenkins.couchbase.com/job/kv_engine.linux/job/master/17781/ : SUCCESS

http://cv.jenkins.couchbase.com/job/kv_engine.libFuzzer/job/master/5352/ : SUCCESS

http://cv.jenkins.couchbase.com/job/kv_engine.threadsanitizer/job/master/18492/ : SUCCESS
----------------------------------------------------------------------------------------------------------------------
Author: Build Bot
Date: 2022-02-21 10:15:33.000000000
Message: 
Patch Set 2:

Build Failed 

http://cv.jenkins.couchbase.com/job/kv_engine-windows-master/44064/ : FAILURE

Failure of an engine_testapp test:

<pre>
Running [55/159]: stats curr_items DELETE...(1058 ms) OK


99% tests passed, 2 tests failed out of 422

Total Test time (real) = 692.57 sec

The following tests FAIL
</pre>
 ( http://cv.jenkins.couchbase.com/job/kv_engine-windows-master/44064/ )

Timeout of a CTest test 421/422 Test #289: ep_testsuite_dcp.full_eviction.comp_passive ...................................................................................} ( http://cv.jenkins.couchbase.com/job/kv_engine-windows-master/44064/ )

http://cv.jenkins.couchbase.com/job/kv_engine-clang_format_9/14547/ : SUCCESS

http://cv.jenkins.couchbase.com/job/kv_engine-clang_tidy-master/15700/ : SUCCESS

http://cv.jenkins.couchbase.com/job/kv_engine-clang_analyzer-master/37127/ : SUCCESS

http://cv.jenkins.couchbase.com/job/kv_engine.ASan-UBSan/job/master/25859/ : SUCCESS

http://cv.jenkins.couchbase.com/job/kv_engine.macos/job/master/16518/ : SUCCESS

http://cv.jenkins.couchbase.com/job/kv_engine.linux-CE/job/master/17456/ : SUCCESS

http://cv.jenkins.couchbase.com/job/kv_engine.aarch64-linux/job/master/5411/ : SUCCESS

http://cv.jenkins.couchbase.com/job/kv_engine.linux/job/master/17781/ : SUCCESS

http://cv.jenkins.couchbase.com/job/kv_engine.libFuzzer/job/master/5352/ : SUCCESS

http://cv.jenkins.couchbase.com/job/kv_engine.threadsanitizer/job/master/18492/ : SUCCESS
----------------------------------------------------------------------------------------------------------------------
Author: Richard de Mellow
Date: 2022-02-21 10:23:48.000000000
Message: 
Patch Set 2: Verified+1

Overriding -1 from build bot as failure is unrelated to this patch
----------------------------------------------------------------------------------------------------------------------
Author: Richard de Mellow
Date: 2022-02-21 10:23:50.000000000
Message: 
Removed Verified-1 by Build Bot <build@couchbase.com>

----------------------------------------------------------------------------------------------------------------------
Author: Dave Rigby
Date: 2022-02-22 14:15:27.000000000
Message: 
Patch Set 2: Code-Review+2
----------------------------------------------------------------------------------------------------------------------
