======================================================================================================================
DESCRIPTION:

MB-39745: Don't over-allocate memory for fileSize

We only need to allocate memory for the vBuckets that a shard will
deal with. Allocate num vBuckets / num shards entries in the vector
rather than num vBuckets and use the result of integer division to
access the correct element.

Change-Id: I9cfb689e87404ae8467922ff508d03324914ce80

======================================================================================================================
COMMENTS
======================================================================================================================
Author: Ben Huddleston
Date: 2021-06-23 10:39:05.000000000
Message: 
Uploaded patch set 5.
----------------------------------------------------------------------------------------------------------------------
Author: Build Bot
Date: 2021-06-23 11:17:23.000000000
Message: 
Patch Set 5: Verified-1

Build Failed 

http://cv.jenkins.couchbase.com/job/kv_engine-windows-master/37232/ : FAILURE

Failure of an engine_testapp test:

<pre>
Running [0093/0157]: vbucket cas (replica)...(16 ms) OK


99% tests passed, 1 tests failed out of 402

Total Test time (real) = 866.01 sec

The following tests FAIL
</pre>
 ( http://cv.jenkins.couchbase.com/job/kv_engine-windows-master/37232/ )

Timeout of a CTest test 402/402 Test #251: ep_testsuite.ephemeral.comp_active ............................................................................................} ( http://cv.jenkins.couchbase.com/job/kv_engine-windows-master/37232/ )

http://cv.jenkins.couchbase.com/job/kv_engine.threadsanitizer/job/master/12205/ : FAILURE

ThreadSanitizer issue: data race on vptr (ctor/dtor vs virtual call) /home/couchbase/jenkins/workspace/kv_engine.threadsanitizer_master/kv_engine/engines/ep/tests/mock/mock_ep_bucket.h:23 in MockEPBucket::~MockEPBucket()  ( http://cv.jenkins.couchbase.com/job/kv_engine.threadsanitizer/job/master/12205/ )

http://cv.jenkins.couchbase.com/job/kv_engine-clang_tidy-master/10170/ : SUCCESS

http://cv.jenkins.couchbase.com/job/kv_engine-clang_analyzer-master/31775/ : SUCCESS

http://cv.jenkins.couchbase.com/job/kv_engine-clang_format_9/8767/ : SUCCESS

http://cv.jenkins.couchbase.com/job/kv_engine.linux-CE/job/master/11741/ : SUCCESS

http://cv.jenkins.couchbase.com/job/kv_engine.linux/job/master/11891/ : SUCCESS

http://cv.jenkins.couchbase.com/job/kv_engine.ASan-UBSan/job/master/19776/ : SUCCESS

http://cv.jenkins.couchbase.com/job/kv_engine.macos/job/master/10823/ : SUCCESS
----------------------------------------------------------------------------------------------------------------------
Author: Build Bot
Date: 2021-06-23 11:53:54.000000000
Message: 
Patch Set 5:

Build Failed 

http://cv.jenkins.couchbase.com/job/kv_engine-windows-master/37238/ : FAILURE

Failure of an engine_testapp test:

<pre>
Running [0055/0096]: test dcp producer flow control...WARNING: Logging before InitGoogleLogging() is written to STDERR
W0623 04:50:22.915254 18704 HazptrDomain.h:671] Using the default inline executor for asynchronous reclamation may be susceptible to deadlock if the current thread happens to hold a resource needed by the deleter of a reclaimable object


99% tests passed, 1 tests failed out of 402

Total Test time (real) = 625.78 sec

The following tests FAIL
</pre>
 ( http://cv.jenkins.couchbase.com/job/kv_engine-windows-master/37238/ )

Timeout of a CTest test 402/402 Test #268: ep_testsuite_dcp.value_eviction.magma .........................................................................................} ( http://cv.jenkins.couchbase.com/job/kv_engine-windows-master/37238/ )

http://cv.jenkins.couchbase.com/job/kv_engine-clang_tidy-master/10170/ : SUCCESS

http://cv.jenkins.couchbase.com/job/kv_engine-clang_analyzer-master/31775/ : SUCCESS

http://cv.jenkins.couchbase.com/job/kv_engine-clang_format_9/8767/ : SUCCESS

http://cv.jenkins.couchbase.com/job/kv_engine.linux-CE/job/master/11741/ : SUCCESS

http://cv.jenkins.couchbase.com/job/kv_engine.linux/job/master/11891/ : SUCCESS

http://cv.jenkins.couchbase.com/job/kv_engine.threadsanitizer/job/master/12207/ : SUCCESS

http://cv.jenkins.couchbase.com/job/kv_engine.ASan-UBSan/job/master/19776/ : SUCCESS

http://cv.jenkins.couchbase.com/job/kv_engine.macos/job/master/10823/ : SUCCESS
----------------------------------------------------------------------------------------------------------------------
Author: Dave Rigby
Date: 2021-06-23 11:54:40.000000000
Message: 
Patch Set 5: Code-Review+2
----------------------------------------------------------------------------------------------------------------------
Author: Build Bot
Date: 2021-06-23 12:33:00.000000000
Message: 
Patch Set 5:

Build Failed 

http://cv.jenkins.couchbase.com/job/kv_engine-windows-master/37243/ : FAILURE

Failure of GoogleTest "DelWithMeta/DelWithMetaTest.setting_zero_deleteTime/DELQ_WITH_META":

<pre>
[ RUN      ] DelWithMeta/DelWithMetaTest.setting_zero_deleteTime/DELQ_WITH_META
[       OK ] DelWithMeta/DelWithMetaTest.setting_zero_deleteTime/DELQ_WITH_META (15 ms)
[ RUN      ] DelWithMeta/DelWithMetaTest.setting_zero_deleteTime/DEL_WITH_META_with_value
[       OK ] DelWithMeta/DelWithMetaTest.setting_zero_deleteTime/DEL_WITH_META_with_value (569 ms)
[ RUN      ] DelWithMeta/DelWithMetaTest.setting_zero_deleteTime/DELQ_WITH_META_with_value
..\kv_engine\engines\ep\tests\module_tests\evp_store_with_meta.cc(1480): error: Expected equality of these values:
  cb::engine_errc::success
    Which is: success
  store->getMetaData({"mykey", DocKeyEncodesCollectionId::No}, vbid, cookie, metadata, deleted, datatype)
    Which is: would block
..\kv_engine\engines\ep\tests\module_tests\evp_store_with_meta.cc(1481): error: Expected: (0) != (metadata.exptime), actual: 0 vs 0
[  FAILED  ] DelWithMeta/DelWithMetaTest.setting_zero_deleteTime/DELQ_WITH_META_with_value, where GetParam() = (true, DELQ_WITH_META) (17 ms)
DelWithMeta/DelWithMetaTest.setting_zero_deleteTime/DELQ_WITH_META
</pre>
 ( http://cv.jenkins.couchbase.com/job/kv_engine-windows-master/37243/ )

Failure of an engine_testapp test:

<pre>
Running [0039/0157]: stats...(70 ms) OK


99% tests passed, 5 tests failed out of 402

Total Test time (real) = 671.28 sec

The following tests FAIL
</pre>
 ( http://cv.jenkins.couchbase.com/job/kv_engine-windows-master/37243/ )

Timeout of a CTest test 400/402 Test  #64: ep-engine_ep_unit_tests.DurabilityRespondAmbiguousTest ........................................................................} ( http://cv.jenkins.couchbase.com/job/kv_engine-windows-master/37243/ )

http://cv.jenkins.couchbase.com/job/kv_engine-clang_tidy-master/10170/ : SUCCESS

http://cv.jenkins.couchbase.com/job/kv_engine-clang_analyzer-master/31775/ : SUCCESS

http://cv.jenkins.couchbase.com/job/kv_engine-clang_format_9/8767/ : SUCCESS

http://cv.jenkins.couchbase.com/job/kv_engine.linux-CE/job/master/11741/ : SUCCESS

http://cv.jenkins.couchbase.com/job/kv_engine.linux/job/master/11891/ : SUCCESS

http://cv.jenkins.couchbase.com/job/kv_engine.threadsanitizer/job/master/12207/ : SUCCESS

http://cv.jenkins.couchbase.com/job/kv_engine.ASan-UBSan/job/master/19776/ : SUCCESS

http://cv.jenkins.couchbase.com/job/kv_engine.macos/job/master/10823/ : SUCCESS
----------------------------------------------------------------------------------------------------------------------
Author: Build Bot
Date: 2021-06-23 13:15:29.000000000
Message: 
Patch Set 5:

Build Failed 

http://cv.jenkins.couchbase.com/job/kv_engine-windows-master/37246/ : FAILURE

No problems were identified. If you know why this problem occurred, please add a suitable Cause for it. ( http://cv.jenkins.couchbase.com/job/kv_engine-windows-master/37246/ )

http://cv.jenkins.couchbase.com/job/kv_engine-clang_tidy-master/10170/ : SUCCESS

http://cv.jenkins.couchbase.com/job/kv_engine-clang_analyzer-master/31775/ : SUCCESS

http://cv.jenkins.couchbase.com/job/kv_engine-clang_format_9/8767/ : SUCCESS

http://cv.jenkins.couchbase.com/job/kv_engine.linux-CE/job/master/11741/ : SUCCESS

http://cv.jenkins.couchbase.com/job/kv_engine.linux/job/master/11891/ : SUCCESS

http://cv.jenkins.couchbase.com/job/kv_engine.threadsanitizer/job/master/12207/ : SUCCESS

http://cv.jenkins.couchbase.com/job/kv_engine.ASan-UBSan/job/master/19776/ : SUCCESS

http://cv.jenkins.couchbase.com/job/kv_engine.macos/job/master/10823/ : SUCCESS
----------------------------------------------------------------------------------------------------------------------
Author: Build Bot
Date: 2021-06-23 13:55:40.000000000
Message: 
Patch Set 5:

Build Failed 

http://cv.jenkins.couchbase.com/job/kv_engine-windows-master/37250/ : FAILURE

Failure of an engine_testapp test:

<pre>
Running [0054/0096]: test change dcp buffer log size...W0623 06:52:08.224342 26240 HazptrDomain.h:671] Using the default inline executor for asynchronous reclamation may be susceptible to deadlock if the current thread happens to hold a resource needed by the deleter of a reclaimable object


99% tests passed, 1 tests failed out of 402

Total Test time (real) = 656.47 sec

The following tests FAIL
</pre>
 ( http://cv.jenkins.couchbase.com/job/kv_engine-windows-master/37250/ )

Timeout of a CTest test 402/402 Test #268: ep_testsuite_dcp.value_eviction.magma .........................................................................................} ( http://cv.jenkins.couchbase.com/job/kv_engine-windows-master/37250/ )

http://cv.jenkins.couchbase.com/job/kv_engine-clang_tidy-master/10170/ : SUCCESS

http://cv.jenkins.couchbase.com/job/kv_engine-clang_analyzer-master/31775/ : SUCCESS

http://cv.jenkins.couchbase.com/job/kv_engine-clang_format_9/8767/ : SUCCESS

http://cv.jenkins.couchbase.com/job/kv_engine.linux-CE/job/master/11741/ : SUCCESS

http://cv.jenkins.couchbase.com/job/kv_engine.linux/job/master/11891/ : SUCCESS

http://cv.jenkins.couchbase.com/job/kv_engine.threadsanitizer/job/master/12207/ : SUCCESS

http://cv.jenkins.couchbase.com/job/kv_engine.ASan-UBSan/job/master/19776/ : SUCCESS

http://cv.jenkins.couchbase.com/job/kv_engine.macos/job/master/10823/ : SUCCESS
----------------------------------------------------------------------------------------------------------------------
Author: Build Bot
Date: 2021-06-23 14:33:25.000000000
Message: 
Patch Set 5:

Build Failed 

http://cv.jenkins.couchbase.com/job/kv_engine-windows-master/37254/ : FAILURE

CMake error: C:/Jenkins/workspace/kv_engine-windows-master/tlm/cmake/Modules/CouchbaseGoogleTestAddTests.cmake:40 (message) ( http://cv.jenkins.couchbase.com/job/kv_engine-windows-master/37254/ )

http://cv.jenkins.couchbase.com/job/kv_engine-clang_tidy-master/10170/ : SUCCESS

http://cv.jenkins.couchbase.com/job/kv_engine-clang_analyzer-master/31775/ : SUCCESS

http://cv.jenkins.couchbase.com/job/kv_engine-clang_format_9/8767/ : SUCCESS

http://cv.jenkins.couchbase.com/job/kv_engine.linux-CE/job/master/11741/ : SUCCESS

http://cv.jenkins.couchbase.com/job/kv_engine.linux/job/master/11891/ : SUCCESS

http://cv.jenkins.couchbase.com/job/kv_engine.threadsanitizer/job/master/12207/ : SUCCESS

http://cv.jenkins.couchbase.com/job/kv_engine.ASan-UBSan/job/master/19776/ : SUCCESS

http://cv.jenkins.couchbase.com/job/kv_engine.macos/job/master/10823/ : SUCCESS
----------------------------------------------------------------------------------------------------------------------
Author: Build Bot
Date: 2021-06-23 15:29:26.000000000
Message: 
Patch Set 5:

Build Failed 

http://cv.jenkins.couchbase.com/job/kv_engine-windows-master/37260/ : FAILURE

Failure of an engine_testapp test:

<pre>
Running [0143/0157]: multi_bucket set/get ...W0623 08:20:28.771484 17728 HazptrDomain.h:671] Using the default inline executor for asynchronous reclamation may be susceptible to deadlock if the current thread happens to hold a resource needed by the deleter of a reclaimable object


99% tests passed, 1 tests failed out of 402

Total Test time (real) = 697.43 sec

The following tests FAIL
</pre>
 ( http://cv.jenkins.couchbase.com/job/kv_engine-windows-master/37260/ )

Timeout of a CTest test 402/402 Test #253: ep_testsuite.full_eviction.magma ..............................................................................................} ( http://cv.jenkins.couchbase.com/job/kv_engine-windows-master/37260/ )

http://cv.jenkins.couchbase.com/job/kv_engine-clang_tidy-master/10170/ : SUCCESS

http://cv.jenkins.couchbase.com/job/kv_engine-clang_analyzer-master/31775/ : SUCCESS

http://cv.jenkins.couchbase.com/job/kv_engine-clang_format_9/8767/ : SUCCESS

http://cv.jenkins.couchbase.com/job/kv_engine.linux-CE/job/master/11741/ : SUCCESS

http://cv.jenkins.couchbase.com/job/kv_engine.linux/job/master/11891/ : SUCCESS

http://cv.jenkins.couchbase.com/job/kv_engine.threadsanitizer/job/master/12207/ : SUCCESS

http://cv.jenkins.couchbase.com/job/kv_engine.ASan-UBSan/job/master/19776/ : SUCCESS

http://cv.jenkins.couchbase.com/job/kv_engine.macos/job/master/10823/ : SUCCESS
----------------------------------------------------------------------------------------------------------------------
Author: Build Bot
Date: 2021-06-23 16:16:40.000000000
Message: 
Patch Set 5: Verified+1

Build Successful 

http://cv.jenkins.couchbase.com/job/kv_engine-clang_tidy-master/10170/ : SUCCESS

http://cv.jenkins.couchbase.com/job/kv_engine-clang_analyzer-master/31775/ : SUCCESS

http://cv.jenkins.couchbase.com/job/kv_engine-clang_format_9/8767/ : SUCCESS

http://cv.jenkins.couchbase.com/job/kv_engine.linux-CE/job/master/11741/ : SUCCESS

http://cv.jenkins.couchbase.com/job/kv_engine.linux/job/master/11891/ : SUCCESS

http://cv.jenkins.couchbase.com/job/kv_engine.threadsanitizer/job/master/12207/ : SUCCESS

http://cv.jenkins.couchbase.com/job/kv_engine.ASan-UBSan/job/master/19776/ : SUCCESS

http://cv.jenkins.couchbase.com/job/kv_engine.macos/job/master/10823/ : SUCCESS

http://cv.jenkins.couchbase.com/job/kv_engine-windows-master/37265/ : SUCCESS
----------------------------------------------------------------------------------------------------------------------
