======================================================================================================================
DESCRIPTION:

MB-37956: gsl::narrow_cast is now marked noexcept

In gsl-lite 0.38.1 gsl::narrow_cast<> is marked noexcept. We use
narrow_cast<> to cast a ManifestUid to a ScopeID or CollectionID. But
the constructor of ScopeID and CollectionID both throw. The noexcept
cases the exception not to be properly throw casing some our negative
test cases to crash. So use gsl::narrow_cast<> to cast to ScopeIDType
and CollectionIDType first before creating a ScopeID and CollectionID
object. To avoid an exception being thrown during the cast.

Change-Id: Ie220f3d80c851d1b78d39916898f2c5e8aef7e87

======================================================================================================================
COMMENTS
======================================================================================================================
Author: Richard de Mellow
Date: 2021-06-02 11:37:11.000000000
Message: 
Uploaded patch set 4: Patch Set 3 was rebased.
----------------------------------------------------------------------------------------------------------------------
Author: Build Bot
Date: 2021-06-02 12:27:24.000000000
Message: 
Patch Set 4: Verified-1

Build Failed 

http://cv.jenkins.couchbase.com/job/kv_engine-windows-master/36318/ : FAILURE

Timeout of a CTest test 389/407 Test #265: ep_testsuite_dcp.value_eviction.comp_active ...................................................................................} ( http://cv.jenkins.couchbase.com/job/kv_engine-windows-master/36318/ )

http://cv.jenkins.couchbase.com/job/kv_engine-clang_analyzer-master/31033/ : SUCCESS

http://cv.jenkins.couchbase.com/job/kv_engine-clang_format_9/7987/ : SUCCESS

http://cv.jenkins.couchbase.com/job/kv_engine-clang_tidy-master/9394/ : SUCCESS

http://cv.jenkins.couchbase.com/job/kv_engine.threadsanitizer/job/master/11372/ : SUCCESS

http://cv.jenkins.couchbase.com/job/kv_engine.ASan-UBSan/job/master/18958/ : SUCCESS

http://cv.jenkins.couchbase.com/job/kv_engine.macos/job/master/10034/ : SUCCESS

http://cv.jenkins.couchbase.com/job/kv_engine.linux/job/master/11110/ : SUCCESS

http://cv.jenkins.couchbase.com/job/kv_engine.linux-CE/job/master/10964/ : SUCCESS
----------------------------------------------------------------------------------------------------------------------
Author: Build Bot
Date: 2021-06-02 13:14:23.000000000
Message: 
Patch Set 4:

Build Failed 

http://cv.jenkins.couchbase.com/job/kv_engine-windows-master/36326/ : ABORTED

No problems were identified. If you know why this problem occurred, please add a suitable Cause for it. ( http://cv.jenkins.couchbase.com/job/kv_engine-windows-master/36326/ )

http://cv.jenkins.couchbase.com/job/kv_engine-clang_analyzer-master/31033/ : SUCCESS

http://cv.jenkins.couchbase.com/job/kv_engine-clang_format_9/7987/ : SUCCESS

http://cv.jenkins.couchbase.com/job/kv_engine-clang_tidy-master/9394/ : SUCCESS

http://cv.jenkins.couchbase.com/job/kv_engine.threadsanitizer/job/master/11372/ : SUCCESS

http://cv.jenkins.couchbase.com/job/kv_engine.ASan-UBSan/job/master/18958/ : SUCCESS

http://cv.jenkins.couchbase.com/job/kv_engine.macos/job/master/10034/ : SUCCESS

http://cv.jenkins.couchbase.com/job/kv_engine.linux/job/master/11110/ : SUCCESS

http://cv.jenkins.couchbase.com/job/kv_engine.linux-CE/job/master/10964/ : SUCCESS
----------------------------------------------------------------------------------------------------------------------
Author: Build Bot
Date: 2021-06-02 14:08:34.000000000
Message: 
Patch Set 4:

Build Failed 

http://cv.jenkins.couchbase.com/job/kv_engine-windows-master/36329/ : FAILURE

Timeout of a CTest test 282/407 Test #264: ep_testsuite_dcp.value_eviction.comp_passive ..................................................................................} ( http://cv.jenkins.couchbase.com/job/kv_engine-windows-master/36329/ )

http://cv.jenkins.couchbase.com/job/kv_engine-clang_analyzer-master/31033/ : SUCCESS

http://cv.jenkins.couchbase.com/job/kv_engine-clang_format_9/7987/ : SUCCESS

http://cv.jenkins.couchbase.com/job/kv_engine-clang_tidy-master/9394/ : SUCCESS

http://cv.jenkins.couchbase.com/job/kv_engine.threadsanitizer/job/master/11372/ : SUCCESS

http://cv.jenkins.couchbase.com/job/kv_engine.ASan-UBSan/job/master/18958/ : SUCCESS

http://cv.jenkins.couchbase.com/job/kv_engine.macos/job/master/10034/ : SUCCESS

http://cv.jenkins.couchbase.com/job/kv_engine.linux/job/master/11110/ : SUCCESS

http://cv.jenkins.couchbase.com/job/kv_engine.linux-CE/job/master/10964/ : SUCCESS
----------------------------------------------------------------------------------------------------------------------
Author: Build Bot
Date: 2021-06-02 15:03:55.000000000
Message: 
Patch Set 4:

Build Failed 

http://cv.jenkins.couchbase.com/job/kv_engine-windows-master/36337/ : FAILURE

Failure of an engine_testapp test:

<pre>
Running [0068/0096]: dcp persistence seqno...(42 ms) OK


99% tests passed, 1 tests failed out of 407

Total Test time (real) = 666.42 sec

The following tests FAIL
</pre>
 ( http://cv.jenkins.couchbase.com/job/kv_engine-windows-master/36337/ )

Timeout of a CTest test 407/407 Test #268: ep_testsuite_dcp.ephemeral.comp_passive .......................................................................................} ( http://cv.jenkins.couchbase.com/job/kv_engine-windows-master/36337/ )

http://cv.jenkins.couchbase.com/job/kv_engine-clang_analyzer-master/31033/ : SUCCESS

http://cv.jenkins.couchbase.com/job/kv_engine-clang_format_9/7987/ : SUCCESS

http://cv.jenkins.couchbase.com/job/kv_engine-clang_tidy-master/9394/ : SUCCESS

http://cv.jenkins.couchbase.com/job/kv_engine.threadsanitizer/job/master/11372/ : SUCCESS

http://cv.jenkins.couchbase.com/job/kv_engine.ASan-UBSan/job/master/18958/ : SUCCESS

http://cv.jenkins.couchbase.com/job/kv_engine.macos/job/master/10034/ : SUCCESS

http://cv.jenkins.couchbase.com/job/kv_engine.linux/job/master/11110/ : SUCCESS

http://cv.jenkins.couchbase.com/job/kv_engine.linux-CE/job/master/10964/ : SUCCESS
----------------------------------------------------------------------------------------------------------------------
Author: Build Bot
Date: 2021-06-02 15:39:29.000000000
Message: 
Patch Set 4:

Build Failed 

http://cv.jenkins.couchbase.com/job/kv_engine-windows-master/36343/ : FAILURE

No problems were identified. If you know why this problem occurred, please add a suitable Cause for it. ( http://cv.jenkins.couchbase.com/job/kv_engine-windows-master/36343/ )

http://cv.jenkins.couchbase.com/job/kv_engine-clang_analyzer-master/31033/ : SUCCESS

http://cv.jenkins.couchbase.com/job/kv_engine-clang_format_9/7987/ : SUCCESS

http://cv.jenkins.couchbase.com/job/kv_engine-clang_tidy-master/9394/ : SUCCESS

http://cv.jenkins.couchbase.com/job/kv_engine.threadsanitizer/job/master/11372/ : SUCCESS

http://cv.jenkins.couchbase.com/job/kv_engine.ASan-UBSan/job/master/18958/ : SUCCESS

http://cv.jenkins.couchbase.com/job/kv_engine.macos/job/master/10034/ : SUCCESS

http://cv.jenkins.couchbase.com/job/kv_engine.linux/job/master/11110/ : SUCCESS

http://cv.jenkins.couchbase.com/job/kv_engine.linux-CE/job/master/10964/ : SUCCESS
----------------------------------------------------------------------------------------------------------------------
Author: Build Bot
Date: 2021-06-02 16:35:29.000000000
Message: 
Patch Set 4: Verified+1

Build Successful 

http://cv.jenkins.couchbase.com/job/kv_engine-clang_analyzer-master/31033/ : SUCCESS

http://cv.jenkins.couchbase.com/job/kv_engine-clang_format_9/7987/ : SUCCESS

http://cv.jenkins.couchbase.com/job/kv_engine-clang_tidy-master/9394/ : SUCCESS

http://cv.jenkins.couchbase.com/job/kv_engine.threadsanitizer/job/master/11372/ : SUCCESS

http://cv.jenkins.couchbase.com/job/kv_engine.ASan-UBSan/job/master/18958/ : SUCCESS

http://cv.jenkins.couchbase.com/job/kv_engine.macos/job/master/10034/ : SUCCESS

http://cv.jenkins.couchbase.com/job/kv_engine.linux/job/master/11110/ : SUCCESS

http://cv.jenkins.couchbase.com/job/kv_engine.linux-CE/job/master/10964/ : SUCCESS

http://cv.jenkins.couchbase.com/job/kv_engine-windows-master/36349/ : SUCCESS
----------------------------------------------------------------------------------------------------------------------
Author: Dave Rigby
Date: 2021-06-03 08:27:13.000000000
Message: 
Patch Set 4: Code-Review-1

(1 comment)
Line:110, engines/ep/src/collections/collections_types.h -> So I think the problem here is that narrow_cast is the wrong choice - this *is* a narrowing conversion as the input type is uint64_t (ManifestUid) but output type is uint32_t.

If the input string (uid) should only ever be representable as a uint32_t, the correct solution is something like:

* Convert to uint64_t via makeUid(), then use the checking gsl::narrow to do the conversation; catching the `narrowing_error` and re-throwing as std::invalid_argument.

----------------------------------------------------------------------------------------------------------------------
