======================================================================================================================
DESCRIPTION:

MB-50492: Nexus ensure we call handleError in rollback()

Ensure we call handleError() in NexusKVStore::rollback() if we find
more items rolled back in the secondary KVStore.

This patch also tidies up the creation of the error message.

Change-Id: I2dc64db4b793f4d5c48c0480e0495648eb1644f3

======================================================================================================================
COMMENTS
======================================================================================================================
Author: Richard de Mellow
Date: 2022-01-25 11:59:42.000000000
Message: 
Uploaded patch set 2.
----------------------------------------------------------------------------------------------------------------------
Author: Richard de Mellow
Date: 2022-01-25 12:02:59.000000000
Message: 
Patch Set 2:

(1 comment)
----------------------------------------------------------------------------------------------------------------------
Author: Ben Huddleston
Date: 2022-01-25 12:17:08.000000000
Message: 
Patch Set 2: Code-Review+2
----------------------------------------------------------------------------------------------------------------------
Author: Build Bot
Date: 2022-01-25 13:17:51.000000000
Message: 
Patch Set 2: Verified-1

Build Failed 

http://cv.jenkins.couchbase.com/job/kv_engine-windows-master/43268/ : FAILURE

Failure of an engine_testapp test:

<pre>
Running [0139/0159]: test eviction with xattr...W0125 05:10:32.433274 57780 HazptrDomain.h:670] Using the default inline executor for asynchronous reclamation may be susceptible to deadlock if the current thread happens to hold a resource needed by the deleter of a reclaimable object


99% tests passed, 1 tests failed out of 418

Total Test time (real) = 678.90 sec

The following tests FAIL
</pre>
 ( http://cv.jenkins.couchbase.com/job/kv_engine-windows-master/43268/ )

Timeout of a CTest test 418/418 Test #273: ep_testsuite.value_eviction.magma .............................................................................................} ( http://cv.jenkins.couchbase.com/job/kv_engine-windows-master/43268/ )

http://cv.jenkins.couchbase.com/job/kv_engine-clang_format_9/13958/ : SUCCESS

http://cv.jenkins.couchbase.com/job/kv_engine-clang_tidy-master/15113/ : SUCCESS

http://cv.jenkins.couchbase.com/job/kv_engine-clang_analyzer-master/36565/ : SUCCESS

http://cv.jenkins.couchbase.com/job/kv_engine.aarch64-linux/job/master/4824/ : SUCCESS

http://cv.jenkins.couchbase.com/job/kv_engine.ASan-UBSan/job/master/25225/ : SUCCESS

http://cv.jenkins.couchbase.com/job/kv_engine.threadsanitizer/job/master/17882/ : SUCCESS

http://cv.jenkins.couchbase.com/job/kv_engine.linux/job/master/17121/ : SUCCESS

http://cv.jenkins.couchbase.com/job/kv_engine.libFuzzer/job/master/4761/ : SUCCESS

http://cv.jenkins.couchbase.com/job/kv_engine.macos/job/master/15926/ : SUCCESS

http://cv.jenkins.couchbase.com/job/kv_engine.linux-CE/job/master/16811/ : SUCCESS
----------------------------------------------------------------------------------------------------------------------
Author: Build Bot
Date: 2022-01-25 14:10:47.000000000
Message: 
Patch Set 2:

Build Failed 

http://cv.jenkins.couchbase.com/job/kv_engine-windows-master/43271/ : FAILURE

Failure of an engine_testapp test:

<pre>
Running [0026/0159]: itempager conf...(123 ms) OK


99% tests passed, 1 tests failed out of 418

Total Test time (real) = 675.23 sec

The following tests FAIL
</pre>
 ( http://cv.jenkins.couchbase.com/job/kv_engine-windows-master/43271/ )

Timeout of a CTest test 418/418 Test #273: ep_testsuite.value_eviction.magma .............................................................................................} ( http://cv.jenkins.couchbase.com/job/kv_engine-windows-master/43271/ )

http://cv.jenkins.couchbase.com/job/kv_engine-clang_format_9/13958/ : SUCCESS

http://cv.jenkins.couchbase.com/job/kv_engine-clang_tidy-master/15113/ : SUCCESS

http://cv.jenkins.couchbase.com/job/kv_engine-clang_analyzer-master/36565/ : SUCCESS

http://cv.jenkins.couchbase.com/job/kv_engine.aarch64-linux/job/master/4824/ : SUCCESS

http://cv.jenkins.couchbase.com/job/kv_engine.ASan-UBSan/job/master/25225/ : SUCCESS

http://cv.jenkins.couchbase.com/job/kv_engine.threadsanitizer/job/master/17882/ : SUCCESS

http://cv.jenkins.couchbase.com/job/kv_engine.linux/job/master/17121/ : SUCCESS

http://cv.jenkins.couchbase.com/job/kv_engine.libFuzzer/job/master/4761/ : SUCCESS

http://cv.jenkins.couchbase.com/job/kv_engine.macos/job/master/15926/ : SUCCESS

http://cv.jenkins.couchbase.com/job/kv_engine.linux-CE/job/master/16811/ : SUCCESS
----------------------------------------------------------------------------------------------------------------------
Author: Build Bot
Date: 2022-01-25 15:14:13.000000000
Message: 
Patch Set 2:

Build Failed 

http://cv.jenkins.couchbase.com/job/kv_engine-windows-master/43276/ : FAILURE

Failure of GoogleTest "PersistentAndEphemeral/ConnectionTest.test_mb23637_findByNameWithDuplicateConnections/7":

<pre>
[ RUN      ] PersistentAndEphemeral/ConnectionTest.test_mb23637_findByNameWithDuplicateConnections/7
unknown file: error: C++ exception with description "(default) magma_0/kvstore-0/rev-000000001/keyIndex wal offset should be monotonic :1:4096 < 1:20480" thrown in TearDown().
[  FAILED  ] PersistentAndEphemeral/ConnectionTest.test_mb23637_findByNameWithDuplicateConnections/7, where GetParam() = ("persistent_magma", "full_eviction") (151 ms)
PersistentAndEphemeral/ConnectionTest.test_mb23637_findByNameWithDuplicateConnections/7
</pre>
 ( http://cv.jenkins.couchbase.com/job/kv_engine-windows-master/43276/ )

Timeout of a CTest test 418/418 Test #338: memcached_testapp.default.TransportProtocols/StatsTest ........................................................................} ( http://cv.jenkins.couchbase.com/job/kv_engine-windows-master/43276/ )

http://cv.jenkins.couchbase.com/job/kv_engine-clang_format_9/13958/ : SUCCESS

http://cv.jenkins.couchbase.com/job/kv_engine-clang_tidy-master/15113/ : SUCCESS

http://cv.jenkins.couchbase.com/job/kv_engine-clang_analyzer-master/36565/ : SUCCESS

http://cv.jenkins.couchbase.com/job/kv_engine.aarch64-linux/job/master/4824/ : SUCCESS

http://cv.jenkins.couchbase.com/job/kv_engine.ASan-UBSan/job/master/25225/ : SUCCESS

http://cv.jenkins.couchbase.com/job/kv_engine.threadsanitizer/job/master/17882/ : SUCCESS

http://cv.jenkins.couchbase.com/job/kv_engine.linux/job/master/17121/ : SUCCESS

http://cv.jenkins.couchbase.com/job/kv_engine.libFuzzer/job/master/4761/ : SUCCESS

http://cv.jenkins.couchbase.com/job/kv_engine.macos/job/master/15926/ : SUCCESS

http://cv.jenkins.couchbase.com/job/kv_engine.linux-CE/job/master/16811/ : SUCCESS
----------------------------------------------------------------------------------------------------------------------
Author: Build Bot
Date: 2022-01-25 15:44:02.000000000
Message: 
Patch Set 2: Verified+1

Build Successful 

http://cv.jenkins.couchbase.com/job/kv_engine-clang_format_9/13958/ : SUCCESS

http://cv.jenkins.couchbase.com/job/kv_engine-clang_tidy-master/15113/ : SUCCESS

http://cv.jenkins.couchbase.com/job/kv_engine-clang_analyzer-master/36565/ : SUCCESS

http://cv.jenkins.couchbase.com/job/kv_engine.aarch64-linux/job/master/4824/ : SUCCESS

http://cv.jenkins.couchbase.com/job/kv_engine.ASan-UBSan/job/master/25225/ : SUCCESS

http://cv.jenkins.couchbase.com/job/kv_engine.threadsanitizer/job/master/17882/ : SUCCESS

http://cv.jenkins.couchbase.com/job/kv_engine.linux/job/master/17121/ : SUCCESS

http://cv.jenkins.couchbase.com/job/kv_engine.libFuzzer/job/master/4761/ : SUCCESS

http://cv.jenkins.couchbase.com/job/kv_engine.macos/job/master/15926/ : SUCCESS

http://cv.jenkins.couchbase.com/job/kv_engine.linux-CE/job/master/16811/ : SUCCESS

http://cv.jenkins.couchbase.com/job/kv_engine-windows-master/43280/ : SUCCESS
----------------------------------------------------------------------------------------------------------------------
