======================================================================================================================
DESCRIPTION:

Bump compaction timeout in PiTR test

The test is often failing locally as it takes more than 2 seconds to
run a compaction. Adding extra logs showed that slow flushes were
the cause. Whilst the test probably shouldn't take that long to flush,
it shouldn't cause us to fail due to a compaction command taking too
long. Bump the timeout to the duration that we run the compaction
thread for, if we don't compact enough during the test then we'll
fail a check at the end on the number of compactions run instead.

Change-Id: I9274b0093448e7aaf15d347a3de38c2dfe35981c

======================================================================================================================
COMMENTS
======================================================================================================================
Author: Ben Huddleston
Date: 2022-03-09 11:30:54.000000000
Message: 
Uploaded patch set 4.
----------------------------------------------------------------------------------------------------------------------
Author: Build Bot
Date: 2022-03-09 12:24:05.000000000
Message: 
Patch Set 4: Verified-1

Build Failed 

http://cv.jenkins.couchbase.com/job/kv_engine-windows-master/44366/ : FAILURE

Failure of an engine_testapp test:

<pre>
Running [77/159]: disk>RAM set bgfetch race (skipped)...(8 ms) SKIPPED


99% tests passed, 2 tests failed out of 423

Total Test time (real) = 693.61 sec

The following tests FAIL
</pre>
 ( http://cv.jenkins.couchbase.com/job/kv_engine-windows-master/44366/ )

Timeout of a CTest test 422/423 Test  #69: ep-engine_ep_unit_tests.DurabilityRespondAmbiguousTest ........................................................................} ( http://cv.jenkins.couchbase.com/job/kv_engine-windows-master/44366/ )

http://cv.jenkins.couchbase.com/job/kv_engine.threadsanitizer/job/master/18739/ : FAILURE

No problems were identified. If you know why this problem occurred, please add a suitable Cause for it. ( http://cv.jenkins.couchbase.com/job/kv_engine.threadsanitizer/job/master/18739/ )

http://cv.jenkins.couchbase.com/job/kv_engine-clang_tidy-master/15942/ : SUCCESS

http://cv.jenkins.couchbase.com/job/kv_engine-clang_analyzer-master/37359/ : SUCCESS

http://cv.jenkins.couchbase.com/job/kv_engine-clang_format_9/14822/ : SUCCESS

http://cv.jenkins.couchbase.com/job/kv_engine.macos/job/master/16774/ : SUCCESS

http://cv.jenkins.couchbase.com/job/kv_engine.aarch64-linux/job/master/5655/ : SUCCESS

http://cv.jenkins.couchbase.com/job/kv_engine.libFuzzer/job/master/5596/ : SUCCESS

http://cv.jenkins.couchbase.com/job/kv_engine.linux-CE/job/master/17707/ : SUCCESS

http://cv.jenkins.couchbase.com/job/kv_engine.linux/job/master/18032/ : SUCCESS

http://cv.jenkins.couchbase.com/job/kv_engine.ASan-UBSan/job/master/26114/ : SUCCESS
----------------------------------------------------------------------------------------------------------------------
Author: Build Bot
Date: 2022-03-09 15:29:03.000000000
Message: 
Patch Set 4:

Build Failed 

http://cv.jenkins.couchbase.com/job/kv_engine-windows-master/44372/ : FAILURE

Failure of an engine_testapp test:

<pre>
Running [60/93]: test dcp consumer end stream...(177 ms) OK


99% tests passed, 1 tests failed out of 423

Total Test time (real) = 380.74 sec

The following tests FAIL
</pre>
 ( http://cv.jenkins.couchbase.com/job/kv_engine-windows-master/44372/ )

Timeout of a CTest test 423/423 Test #291: ep_testsuite_dcp.full_eviction.comp_active ....................................................................................} ( http://cv.jenkins.couchbase.com/job/kv_engine-windows-master/44372/ )

http://cv.jenkins.couchbase.com/job/kv_engine-clang_tidy-master/15942/ : SUCCESS

http://cv.jenkins.couchbase.com/job/kv_engine-clang_analyzer-master/37359/ : SUCCESS

http://cv.jenkins.couchbase.com/job/kv_engine-clang_format_9/14822/ : SUCCESS

http://cv.jenkins.couchbase.com/job/kv_engine.macos/job/master/16774/ : SUCCESS

http://cv.jenkins.couchbase.com/job/kv_engine.aarch64-linux/job/master/5655/ : SUCCESS

http://cv.jenkins.couchbase.com/job/kv_engine.libFuzzer/job/master/5596/ : SUCCESS

http://cv.jenkins.couchbase.com/job/kv_engine.linux-CE/job/master/17707/ : SUCCESS

http://cv.jenkins.couchbase.com/job/kv_engine.linux/job/master/18032/ : SUCCESS

http://cv.jenkins.couchbase.com/job/kv_engine.threadsanitizer/job/master/18744/ : SUCCESS

http://cv.jenkins.couchbase.com/job/kv_engine.ASan-UBSan/job/master/26114/ : SUCCESS
----------------------------------------------------------------------------------------------------------------------
Author: Build Bot
Date: 2022-03-09 16:06:39.000000000
Message: 
Patch Set 4:

Build Failed 

http://cv.jenkins.couchbase.com/job/kv_engine-windows-master/44375/ : FAILURE

Failure of an engine_testapp test:

<pre>
Running [126/159]: test set_with_meta with item_eviction...(104 ms) OK


99% tests passed, 1 tests failed out of 423

Total Test time (real) = 747.61 sec

The following tests FAIL
</pre>
 ( http://cv.jenkins.couchbase.com/job/kv_engine-windows-master/44375/ )

Timeout of a CTest test 423/423 Test #274: ep_testsuite.full_eviction.comp_passive .......................................................................................} ( http://cv.jenkins.couchbase.com/job/kv_engine-windows-master/44375/ )

http://cv.jenkins.couchbase.com/job/kv_engine-clang_tidy-master/15942/ : SUCCESS

http://cv.jenkins.couchbase.com/job/kv_engine-clang_analyzer-master/37359/ : SUCCESS

http://cv.jenkins.couchbase.com/job/kv_engine-clang_format_9/14822/ : SUCCESS

http://cv.jenkins.couchbase.com/job/kv_engine.macos/job/master/16774/ : SUCCESS

http://cv.jenkins.couchbase.com/job/kv_engine.aarch64-linux/job/master/5655/ : SUCCESS

http://cv.jenkins.couchbase.com/job/kv_engine.libFuzzer/job/master/5596/ : SUCCESS

http://cv.jenkins.couchbase.com/job/kv_engine.linux-CE/job/master/17707/ : SUCCESS

http://cv.jenkins.couchbase.com/job/kv_engine.linux/job/master/18032/ : SUCCESS

http://cv.jenkins.couchbase.com/job/kv_engine.threadsanitizer/job/master/18744/ : SUCCESS

http://cv.jenkins.couchbase.com/job/kv_engine.ASan-UBSan/job/master/26114/ : SUCCESS
----------------------------------------------------------------------------------------------------------------------
Author: Build Bot
Date: 2022-03-09 16:52:52.000000000
Message: 
Patch Set 4:

Build Failed 

http://cv.jenkins.couchbase.com/job/kv_engine-windows-master/44383/ : FAILURE

Failure of an engine_testapp test:

<pre>
Running [137/159]: test get & delete on non existent items...(9 ms) SKIPPED


99% tests passed, 1 tests failed out of 423

Total Test time (real) = 718.34 sec

The following tests FAIL
</pre>
 ( http://cv.jenkins.couchbase.com/job/kv_engine-windows-master/44383/ )

Timeout of a CTest test 423/423 Test #277: ep_testsuite.ephemeral.comp_active ............................................................................................} ( http://cv.jenkins.couchbase.com/job/kv_engine-windows-master/44383/ )

http://cv.jenkins.couchbase.com/job/kv_engine-clang_tidy-master/15942/ : SUCCESS

http://cv.jenkins.couchbase.com/job/kv_engine-clang_analyzer-master/37359/ : SUCCESS

http://cv.jenkins.couchbase.com/job/kv_engine-clang_format_9/14822/ : SUCCESS

http://cv.jenkins.couchbase.com/job/kv_engine.macos/job/master/16774/ : SUCCESS

http://cv.jenkins.couchbase.com/job/kv_engine.aarch64-linux/job/master/5655/ : SUCCESS

http://cv.jenkins.couchbase.com/job/kv_engine.libFuzzer/job/master/5596/ : SUCCESS

http://cv.jenkins.couchbase.com/job/kv_engine.linux-CE/job/master/17707/ : SUCCESS

http://cv.jenkins.couchbase.com/job/kv_engine.linux/job/master/18032/ : SUCCESS

http://cv.jenkins.couchbase.com/job/kv_engine.threadsanitizer/job/master/18744/ : SUCCESS

http://cv.jenkins.couchbase.com/job/kv_engine.ASan-UBSan/job/master/26114/ : SUCCESS
----------------------------------------------------------------------------------------------------------------------
Author: Build Bot
Date: 2022-03-09 17:47:40.000000000
Message: 
Patch Set 4: Verified+1

Build Successful 

http://cv.jenkins.couchbase.com/job/kv_engine-clang_tidy-master/15942/ : SUCCESS

http://cv.jenkins.couchbase.com/job/kv_engine-clang_analyzer-master/37359/ : SUCCESS

http://cv.jenkins.couchbase.com/job/kv_engine-clang_format_9/14822/ : SUCCESS

http://cv.jenkins.couchbase.com/job/kv_engine.macos/job/master/16774/ : SUCCESS

http://cv.jenkins.couchbase.com/job/kv_engine.aarch64-linux/job/master/5655/ : SUCCESS

http://cv.jenkins.couchbase.com/job/kv_engine.libFuzzer/job/master/5596/ : SUCCESS

http://cv.jenkins.couchbase.com/job/kv_engine.linux-CE/job/master/17707/ : SUCCESS

http://cv.jenkins.couchbase.com/job/kv_engine.linux/job/master/18032/ : SUCCESS

http://cv.jenkins.couchbase.com/job/kv_engine.threadsanitizer/job/master/18744/ : SUCCESS

http://cv.jenkins.couchbase.com/job/kv_engine.ASan-UBSan/job/master/26114/ : SUCCESS

http://cv.jenkins.couchbase.com/job/kv_engine-windows-master/44389/ : SUCCESS
----------------------------------------------------------------------------------------------------------------------
Author: Dave Rigby
Date: 2022-03-10 10:17:23.000000000
Message: 
Patch Set 4: Code-Review+2
----------------------------------------------------------------------------------------------------------------------
