======================================================================================================================
DESCRIPTION:

[Cleanup] Initialize members directly

Change-Id: I6ed079fcb8ed1134e1d562211ffa3e57b31ac3fa

======================================================================================================================
COMMENTS
======================================================================================================================
Author: Trond Norbye
Date: 2022-01-24 06:39:15.000000000
Message: 
Uploaded patch set 3: Patch Set 2 was rebased.
----------------------------------------------------------------------------------------------------------------------
Author: Build Bot
Date: 2022-01-24 07:14:48.000000000
Message: 
Patch Set 3: Verified-1

Build Failed 

http://cv.jenkins.couchbase.com/job/kv_engine-windows-master/43163/ : FAILURE

Failure of an engine_testapp test:

<pre>
Running [0140/0159]: test get random key...(80 ms) OK


99% tests passed, 1 tests failed out of 419

Total Test time (real) = 689.68 sec

The following tests FAIL
</pre>
 ( http://cv.jenkins.couchbase.com/job/kv_engine-windows-master/43163/ )

Timeout of a CTest test 419/419 Test #273: ep_testsuite.ephemeral.comp_active ............................................................................................} ( http://cv.jenkins.couchbase.com/job/kv_engine-windows-master/43163/ )

http://cv.jenkins.couchbase.com/job/kv_engine.linux/job/master/17041/ : FAILURE

Timeout of a CTest test [2022-01-24T07:08:27.777Z]   8/439 Test #231: ep-engine_ep_unit_tests.NexusFullOrValue/DurabilityWarmupTest ...............................................} ( http://cv.jenkins.couchbase.com/job/kv_engine.linux/job/master/17041/ )

http://cv.jenkins.couchbase.com/job/kv_engine-clang_format_9/13898/ : SUCCESS

http://cv.jenkins.couchbase.com/job/kv_engine-clang_tidy-master/15055/ : SUCCESS

http://cv.jenkins.couchbase.com/job/kv_engine-clang_analyzer-master/36508/ : SUCCESS

http://cv.jenkins.couchbase.com/job/kv_engine.macos/job/master/15864/ : SUCCESS

http://cv.jenkins.couchbase.com/job/kv_engine.libFuzzer/job/master/4698/ : SUCCESS

http://cv.jenkins.couchbase.com/job/kv_engine.aarch64-linux/job/master/4760/ : SUCCESS

http://cv.jenkins.couchbase.com/job/kv_engine.ASan-UBSan/job/master/25150/ : SUCCESS

http://cv.jenkins.couchbase.com/job/kv_engine.linux-CE/job/master/16739/ : SUCCESS

http://cv.jenkins.couchbase.com/job/kv_engine.threadsanitizer/job/master/17814/ : SUCCESS
----------------------------------------------------------------------------------------------------------------------
Author: Build Bot
Date: 2022-01-24 10:22:03.000000000
Message: 
Patch Set 3:

Build Failed 

http://cv.jenkins.couchbase.com/job/kv_engine.linux/job/master/17041/ : FAILURE

Timeout of a CTest test [2022-01-24T07:08:27.777Z]   8/439 Test #231: ep-engine_ep_unit_tests.NexusFullOrValue/DurabilityWarmupTest ...............................................} ( http://cv.jenkins.couchbase.com/job/kv_engine.linux/job/master/17041/ )

http://cv.jenkins.couchbase.com/job/kv_engine-windows-master/43177/ : FAILURE

Failure of an engine_testapp test:

<pre>
Running [0022/0044]: test del meta conflict resolution...(8 ms) SKIPPED


99% tests passed, 1 tests failed out of 419

Total Test time (real) = 263.55 sec

The following tests FAIL
</pre>
 ( http://cv.jenkins.couchbase.com/job/kv_engine-windows-master/43177/ )

Timeout of a CTest test 419/419 Test #305: ep_testsuite_xdcr.ephemeral.comp_active .......................................................................................} ( http://cv.jenkins.couchbase.com/job/kv_engine-windows-master/43177/ )

http://cv.jenkins.couchbase.com/job/kv_engine-clang_format_9/13898/ : SUCCESS

http://cv.jenkins.couchbase.com/job/kv_engine-clang_tidy-master/15055/ : SUCCESS

http://cv.jenkins.couchbase.com/job/kv_engine-clang_analyzer-master/36508/ : SUCCESS

http://cv.jenkins.couchbase.com/job/kv_engine.macos/job/master/15864/ : SUCCESS

http://cv.jenkins.couchbase.com/job/kv_engine.libFuzzer/job/master/4698/ : SUCCESS

http://cv.jenkins.couchbase.com/job/kv_engine.aarch64-linux/job/master/4760/ : SUCCESS

http://cv.jenkins.couchbase.com/job/kv_engine.ASan-UBSan/job/master/25150/ : SUCCESS

http://cv.jenkins.couchbase.com/job/kv_engine.linux-CE/job/master/16739/ : SUCCESS

http://cv.jenkins.couchbase.com/job/kv_engine.threadsanitizer/job/master/17814/ : SUCCESS
----------------------------------------------------------------------------------------------------------------------
