======================================================================================================================
DESCRIPTION:

Create the SASL Server context when needed

Previously we kept the SASL object around for each connection
for the duration of the connections lifetime

Change-Id: I9e7696dc629dc2ef13851cb33fd9fdd4ed6e0895

======================================================================================================================
COMMENTS
======================================================================================================================
Author: Trond Norbye
Date: 2021-03-03 14:07:21.000000000
Message: 
Uploaded patch set 1.
----------------------------------------------------------------------------------------------------------------------
Author: Build Bot
Date: 2021-03-03 15:27:43.000000000
Message: 
Patch Set 1: Verified-1

Build Failed 

http://cv.jenkins.couchbase.com/job/kv_engine-windows-master/33970/ : ABORTED

No problems were identified. If you know why this problem occurred, please add a suitable Cause for it. ( http://cv.jenkins.couchbase.com/job/kv_engine-windows-master/33970/ )

http://cv.jenkins.couchbase.com/job/kv_engine-clang_format_9/5928/ : SUCCESS

http://cv.jenkins.couchbase.com/job/kv_engine-clang_tidy/7391/ : SUCCESS

http://cv.jenkins.couchbase.com/job/kv_engine-clang_analyzer-master/29183/ : SUCCESS

http://cv.jenkins.couchbase.com/job/kv_engine.macos/job/master/8056/ : SUCCESS

http://cv.jenkins.couchbase.com/job/kv_engine.linux-CE/job/master/8999/ : SUCCESS

http://cv.jenkins.couchbase.com/job/kv_engine.linux/job/master/9140/ : SUCCESS

http://cv.jenkins.couchbase.com/job/kv_engine.threadsanitizer/job/master/9353/ : SUCCESS

http://cv.jenkins.couchbase.com/job/kv_engine.ASan-UBSan/job/master/16901/ : SUCCESS
----------------------------------------------------------------------------------------------------------------------
Author: Build Bot
Date: 2021-03-03 16:01:38.000000000
Message: 
Patch Set 1:

Build Failed 

http://cv.jenkins.couchbase.com/job/kv_engine-windows-master/33981/ : FAILURE

Timeout of a CTest test 273/403 Test  #67: ep-engine_ep_unit_tests.DurabilityRespondAmbiguousTest ........................................................................} ( http://cv.jenkins.couchbase.com/job/kv_engine-windows-master/33981/ )

http://cv.jenkins.couchbase.com/job/kv_engine-clang_format_9/5928/ : SUCCESS

http://cv.jenkins.couchbase.com/job/kv_engine-clang_tidy/7391/ : SUCCESS

http://cv.jenkins.couchbase.com/job/kv_engine-clang_analyzer-master/29183/ : SUCCESS

http://cv.jenkins.couchbase.com/job/kv_engine.macos/job/master/8056/ : SUCCESS

http://cv.jenkins.couchbase.com/job/kv_engine.linux-CE/job/master/8999/ : SUCCESS

http://cv.jenkins.couchbase.com/job/kv_engine.linux/job/master/9140/ : SUCCESS

http://cv.jenkins.couchbase.com/job/kv_engine.threadsanitizer/job/master/9353/ : SUCCESS

http://cv.jenkins.couchbase.com/job/kv_engine.ASan-UBSan/job/master/16901/ : SUCCESS
----------------------------------------------------------------------------------------------------------------------
Author: Dave Rigby
Date: 2021-03-03 16:37:07.000000000
Message: 
Patch Set 1: Code-Review+2

(1 comment)
Line:808, daemon/connection.h -> Nit: Might be better to name this "resetSaslServerContext" / "deleteSaslServerContext" or similar, given "release" in the context of a unique_ptr means detach the object from unique_ptr management (but not delete it).

----------------------------------------------------------------------------------------------------------------------
Author: Build Bot
Date: 2021-03-03 16:38:53.000000000
Message: 
Patch Set 1:

Build Failed 

http://cv.jenkins.couchbase.com/job/kv_engine-windows-master/33984/ : FAILURE

Failure of an engine_testapp test:

<pre>
Running [0029/0045]: delete with meta xattr...(4528 ms) OK

400/403 Test #387: memcached_testapp.ep.SDPerf/SubdocPerfTest ....................................................................................   Passed   31.10 sec
401/403 Test #400: cluster_test ..................................................................................................................   Passed   42.37 sec
402/403 Test #284: ep_perfsuite.value_eviction ...................................................................................................   Passed  147.17 sec
403/403 Test #290: kv-engine-check-header-define-once-guard ......................................................................................   Passed  141.88 sec

99% tests passed, 2 tests failed out of 403

Total Test time (real) = 383.50 sec

The following tests FAIL
</pre>
 ( http://cv.jenkins.couchbase.com/job/kv_engine-windows-master/33984/ )

Timeout of a CTest test 398/403 Test #282: ep_testsuite_xdcr.value_eviction.magma ........................................................................................} ( http://cv.jenkins.couchbase.com/job/kv_engine-windows-master/33984/ )

http://cv.jenkins.couchbase.com/job/kv_engine-clang_format_9/5928/ : SUCCESS

http://cv.jenkins.couchbase.com/job/kv_engine-clang_tidy/7391/ : SUCCESS

http://cv.jenkins.couchbase.com/job/kv_engine-clang_analyzer-master/29183/ : SUCCESS

http://cv.jenkins.couchbase.com/job/kv_engine.macos/job/master/8056/ : SUCCESS

http://cv.jenkins.couchbase.com/job/kv_engine.linux-CE/job/master/8999/ : SUCCESS

http://cv.jenkins.couchbase.com/job/kv_engine.linux/job/master/9140/ : SUCCESS

http://cv.jenkins.couchbase.com/job/kv_engine.threadsanitizer/job/master/9353/ : SUCCESS

http://cv.jenkins.couchbase.com/job/kv_engine.ASan-UBSan/job/master/16901/ : SUCCESS
----------------------------------------------------------------------------------------------------------------------
Author: Trond Norbye
Date: 2021-03-03 16:45:39.000000000
Message: 
Patch Set 1: Verified+1

Override failing CV on windows (magma unit tests failing and they're not using the modified code):

The following tests FAILED:
	282 - ep_testsuite_xdcr.value_eviction.magma (Timeout)
 	283 - ep_testsuite_xdcr.full_eviction.magma (Timeout)
----------------------------------------------------------------------------------------------------------------------
Author: Trond Norbye
Date: 2021-03-03 16:45:42.000000000
Message: 
Removed Verified-1 by Build Bot <build@couchbase.com>

----------------------------------------------------------------------------------------------------------------------
