======================================================================================================================
DESCRIPTION:

MB-51805: Add persistedPrepareSeqno(maxPrepareSeqno) to makeVBucket()

We'll need to pass this into the CheckpointManager to correct the
state post-warmup in a future change. It might be the case that
we shutdown mid-snapshot and fail to update the highPreparedSeqno
on disk when we complete the snapshot if the rest of the snapshot
does not contain a prepare. Should we then restart, the HPS could
go backwards which could cause the loss of durable writes.

The name maxPrepareSeqno was chosen here as persistedPrepareSeqno
does not convey that the seqno being used is the seqno of the
highest prepare stored on disk (regardless of whether or not we
have acked it).

Change-Id: I436f5b9d1b349febe62deb2569310175eb1a15b3

======================================================================================================================
COMMENTS
======================================================================================================================
Author: Ben Huddleston
Date: 2022-05-11 11:36:50.000000000
Message: 
Uploaded patch set 4: Patch Set 3 was rebased.
----------------------------------------------------------------------------------------------------------------------
Author: Restriction Checker
Date: 2022-05-11 11:37:00.000000000
Message: 
Patch Set 4: Well-Formed+1

Permission granted to commit: 

http://server.jenkins.couchbase.com/job/restricted-branch-check/298311/artifact/restricted.html : SUCCESS
----------------------------------------------------------------------------------------------------------------------
Author: Build Bot
Date: 2022-05-11 12:21:43.000000000
Message: 
Patch Set 4: Verified-1

Build Failed 

http://cv.jenkins.couchbase.com/job/kv_engine-windows-neo/234/ : FAILURE

Failure of an engine_testapp test:

<pre>
Running [16/47]: set with cas non-existent...(7277 ms) OK


99% tests passed, 2 tests failed out of 423

Total Test time (real) = 358.74 sec

The following tests FAIL
</pre>
 ( http://cv.jenkins.couchbase.com/job/kv_engine-windows-neo/234/ )

Failure of GoogleTest "TransportProtocols/XattrTest.mb25928_SystemCanExceedDocumentLimit/Mcbp_XattrYes_JsonYes_SnappyYes":

<pre>
[ RUN      ] TransportProtocols/XattrTest.mb25928_SystemCanExceedDocumentLimit/Mcbp_XattrYes_JsonYes_SnappyYes
C:/Jenkins/workspace/kv_engine-windows-neo/kv_engine/tests/testapp/testapp_xattr.cc(1916): error: Value of: resp.isSuccess()
  Actual: false
Expected: true
Expected to be able to store system xattrs
[  FAILED  ] TransportProtocols/XattrTest.mb25928_SystemCanExceedDocumentLimit/Mcbp_XattrYes_JsonYes_SnappyYes, where GetParam() = (Mcbp, XattrYes, 4-byte object <00-00 00-00>, 4-byte object <00-00 00-00>) (152 ms)
TransportProtocols/XattrTest.mb25928_SystemCanExceedDocumentLimit/Mcbp_XattrYes_JsonYes_SnappyYes
</pre>
 ( http://cv.jenkins.couchbase.com/job/kv_engine-windows-neo/234/ )

Timeout of a CTest test 423/423 Test #284: ep_testsuite_basic.ephemeral.comp_passive .....................................................................................} ( http://cv.jenkins.couchbase.com/job/kv_engine-windows-neo/234/ )

http://cv.jenkins.couchbase.com/job/kv_engine.macos/job/neo/227/ : FAILURE

Failure of an engine_testapp test:

<pre>
Running [42/159]: file stats post warmup...../kv_engine/engines/ep/tests/ep_testsuite.cc:2327 Test failed: `" (Expected `317030" to be less than or equal to `286720" - Unexpected fileSize for vbucket)
[2022-05-11T11:52:22.340Z] (222 ms) FAIL
</pre>
 ( http://cv.jenkins.couchbase.com/job/kv_engine.macos/job/neo/227/ )

Timeout of a CTest test [2022-05-11T12:21:35.464Z] 443/443 Test #441: cluster_test ................................................................................................} ( http://cv.jenkins.couchbase.com/job/kv_engine.macos/job/neo/227/ )

http://cv.jenkins.couchbase.com/job/kv_engine-clang_tidy-neo/173/ : SUCCESS

http://cv.jenkins.couchbase.com/job/kv_engine-clang_format_9/16435/ : SUCCESS

http://cv.jenkins.couchbase.com/job/kv_engine-clang_analyzer-neo/171/ : SUCCESS

http://cv.jenkins.couchbase.com/job/kv_engine.aarch64-linux/job/neo/166/ : SUCCESS

http://cv.jenkins.couchbase.com/job/kv_engine.threadsanitizer/job/neo/176/ : SUCCESS

http://cv.jenkins.couchbase.com/job/kv_engine.libFuzzer/job/neo/172/ : SUCCESS

http://cv.jenkins.couchbase.com/job/kv_engine.linux-CE/job/neo/182/ : SUCCESS

http://cv.jenkins.couchbase.com/job/kv_engine.ASan-UBSan/job/neo/177/ : SUCCESS

http://cv.jenkins.couchbase.com/job/kv_engine.linux/job/neo/180/ : SUCCESS
----------------------------------------------------------------------------------------------------------------------
Author: Build Bot
Date: 2022-05-11 13:06:11.000000000
Message: 
Patch Set 4:

Build Failed 

http://cv.jenkins.couchbase.com/job/kv_engine-windows-neo/243/ : FAILURE

Failure of an engine_testapp test:

<pre>
Running [96/159]: vbucket del (replica)...(24 ms) OK


99% tests passed, 2 tests failed out of 423

Total Test time (real) = 685.19 sec

The following tests FAIL
</pre>
 ( http://cv.jenkins.couchbase.com/job/kv_engine-windows-neo/243/ )

Timeout of a CTest test 422/423 Test #290: ep_testsuite_dcp.full_eviction.comp_passive ...................................................................................} ( http://cv.jenkins.couchbase.com/job/kv_engine-windows-neo/243/ )

http://cv.jenkins.couchbase.com/job/kv_engine.macos/job/neo/237/ : FAILURE

Failure of an engine_testapp test:

<pre>
Running [42/159]: file stats post warmup...../kv_engine/engines/ep/tests/ep_testsuite.cc:2327 Test failed: `" (Expected `317030" to be less than or equal to `286720" - Unexpected fileSize for vbucket)
[2022-05-11T12:55:50.166Z] (268 ms) FAIL
</pre>
 ( http://cv.jenkins.couchbase.com/job/kv_engine.macos/job/neo/237/ )

Failure of GoogleTest "ExecutorPoolTest/0.ScheduleCancelx2":

<pre>
[ RUN      ] ExecutorPoolTest/0.ScheduleCancelx2
[2022-05-11T13:02:50.312Z] ../kv_engine/engines/ep/tests/module_tests/executorpool_test.cc:732: Failure
[2022-05-11T13:02:50.312Z] Value of: this->pool->cancel(taskId, false)
[2022-05-11T13:02:50.312Z]   Actual: false
[2022-05-11T13:02:50.312Z] Expected: true
[2022-05-11T13:02:50.312Z] [  FAILED  ] ExecutorPoolTest/0.ScheduleCancelx2, where TypeParam = TestExecutorPool (1 ms)
ExecutorPoolTest/0.ScheduleCancelx2
</pre>
 ( http://cv.jenkins.couchbase.com/job/kv_engine.macos/job/neo/237/ )

http://cv.jenkins.couchbase.com/job/kv_engine-clang_tidy-neo/173/ : SUCCESS

http://cv.jenkins.couchbase.com/job/kv_engine-clang_format_9/16435/ : SUCCESS

http://cv.jenkins.couchbase.com/job/kv_engine-clang_analyzer-neo/171/ : SUCCESS

http://cv.jenkins.couchbase.com/job/kv_engine.aarch64-linux/job/neo/166/ : SUCCESS

http://cv.jenkins.couchbase.com/job/kv_engine.threadsanitizer/job/neo/176/ : SUCCESS

http://cv.jenkins.couchbase.com/job/kv_engine.libFuzzer/job/neo/172/ : SUCCESS

http://cv.jenkins.couchbase.com/job/kv_engine.linux-CE/job/neo/182/ : SUCCESS

http://cv.jenkins.couchbase.com/job/kv_engine.ASan-UBSan/job/neo/177/ : SUCCESS

http://cv.jenkins.couchbase.com/job/kv_engine.linux/job/neo/180/ : SUCCESS
----------------------------------------------------------------------------------------------------------------------
Author: Build Bot
Date: 2022-05-11 14:18:20.000000000
Message: 
Patch Set 4:

Build Failed 

http://cv.jenkins.couchbase.com/job/kv_engine-windows-neo/248/ : FAILURE

No problems were identified. If you know why this problem occurred, please add a suitable Cause for it. ( http://cv.jenkins.couchbase.com/job/kv_engine-windows-neo/248/ )

http://cv.jenkins.couchbase.com/job/kv_engine-clang_tidy-neo/173/ : SUCCESS

http://cv.jenkins.couchbase.com/job/kv_engine-clang_format_9/16435/ : SUCCESS

http://cv.jenkins.couchbase.com/job/kv_engine-clang_analyzer-neo/171/ : SUCCESS

http://cv.jenkins.couchbase.com/job/kv_engine.aarch64-linux/job/neo/166/ : SUCCESS

http://cv.jenkins.couchbase.com/job/kv_engine.threadsanitizer/job/neo/176/ : SUCCESS

http://cv.jenkins.couchbase.com/job/kv_engine.libFuzzer/job/neo/172/ : SUCCESS

http://cv.jenkins.couchbase.com/job/kv_engine.linux-CE/job/neo/182/ : SUCCESS

http://cv.jenkins.couchbase.com/job/kv_engine.ASan-UBSan/job/neo/177/ : SUCCESS

http://cv.jenkins.couchbase.com/job/kv_engine.linux/job/neo/180/ : SUCCESS

http://cv.jenkins.couchbase.com/job/kv_engine.macos/job/neo/240/ : SUCCESS
----------------------------------------------------------------------------------------------------------------------
Author: Build Bot
Date: 2022-05-11 16:18:51.000000000
Message: 
Patch Set 4:

Build Failed 

http://cv.jenkins.couchbase.com/job/kv_engine-windows-neo/249/ : FAILURE

Failure of an engine_testapp test:

<pre>
Running [60/93]: test dcp consumer end stream...(135 ms) OK


99% tests passed, 1 tests failed out of 423

Total Test time (real) = 357.46 sec

The following tests FAIL
</pre>
 ( http://cv.jenkins.couchbase.com/job/kv_engine-windows-neo/249/ )

Timeout of a CTest test 423/423 Test #295: ep_testsuite_dcp.full_eviction.magma ..........................................................................................} ( http://cv.jenkins.couchbase.com/job/kv_engine-windows-neo/249/ )

http://cv.jenkins.couchbase.com/job/kv_engine-clang_tidy-neo/173/ : SUCCESS

http://cv.jenkins.couchbase.com/job/kv_engine-clang_format_9/16435/ : SUCCESS

http://cv.jenkins.couchbase.com/job/kv_engine-clang_analyzer-neo/171/ : SUCCESS

http://cv.jenkins.couchbase.com/job/kv_engine.aarch64-linux/job/neo/166/ : SUCCESS

http://cv.jenkins.couchbase.com/job/kv_engine.threadsanitizer/job/neo/176/ : SUCCESS

http://cv.jenkins.couchbase.com/job/kv_engine.libFuzzer/job/neo/172/ : SUCCESS

http://cv.jenkins.couchbase.com/job/kv_engine.linux-CE/job/neo/182/ : SUCCESS

http://cv.jenkins.couchbase.com/job/kv_engine.ASan-UBSan/job/neo/177/ : SUCCESS

http://cv.jenkins.couchbase.com/job/kv_engine.linux/job/neo/180/ : SUCCESS

http://cv.jenkins.couchbase.com/job/kv_engine.macos/job/neo/240/ : SUCCESS
----------------------------------------------------------------------------------------------------------------------
Author: Build Bot
Date: 2022-05-11 18:04:51.000000000
Message: 
Patch Set 4: Verified+1

Build Successful 

http://cv.jenkins.couchbase.com/job/kv_engine-clang_tidy-neo/173/ : SUCCESS

http://cv.jenkins.couchbase.com/job/kv_engine-clang_format_9/16435/ : SUCCESS

http://cv.jenkins.couchbase.com/job/kv_engine-clang_analyzer-neo/171/ : SUCCESS

http://cv.jenkins.couchbase.com/job/kv_engine.aarch64-linux/job/neo/166/ : SUCCESS

http://cv.jenkins.couchbase.com/job/kv_engine.threadsanitizer/job/neo/176/ : SUCCESS

http://cv.jenkins.couchbase.com/job/kv_engine.libFuzzer/job/neo/172/ : SUCCESS

http://cv.jenkins.couchbase.com/job/kv_engine.linux-CE/job/neo/182/ : SUCCESS

http://cv.jenkins.couchbase.com/job/kv_engine.ASan-UBSan/job/neo/177/ : SUCCESS

http://cv.jenkins.couchbase.com/job/kv_engine.linux/job/neo/180/ : SUCCESS

http://cv.jenkins.couchbase.com/job/kv_engine.macos/job/neo/240/ : SUCCESS

http://cv.jenkins.couchbase.com/job/kv_engine-windows-neo/253/ : SUCCESS
----------------------------------------------------------------------------------------------------------------------
